# stats: dump at 1670023712
stats: users 5 5
stats: {load,"tsung_controller@ip-172-31-57-233"} 1 0.0 0 0.0 0.0 0 0
stats: {cpu,"tsung_controller@ip-172-31-57-233"} 1 1.8876351266509137 0 1.8876351266509137 1.8876351266509137 0 0
stats: {freemem,"tsung_controller@ip-172-31-57-233"} 1 689.7421875 0 689.7421875 689.7421875 0 0
stats: session 5 2209.6116 2102.267057953922 6383.433 895.671 0 0
stats: users_count 10 10
stats: finish_users_count 5 5
stats: request 50 72.66986000000004 124.42962868400919 506.112 0.575 0 0
stats: connect 20 1.3448 0.9527963895817406 5.458 0.928 0 0
stats: page 15 242.44766666666663 205.7643422363446 827.385 10.053 0 0
stats: 200 25 25
stats: size_rcv 61028 61028
stats: size_sent 31412 31412
stats: connected 5 5
stats: 400 15 15
stats: 201 10 10
# stats: dump at 1670023722
stats: users 5 7
stats: {load,"tsung_controller@ip-172-31-57-233"} 1 0.0 0.0 0.0 0.0 0.0 1
stats: {cpu,"tsung_controller@ip-172-31-57-233"} 1 0.4 0.0 1.8876351266509137 0.4 1.8876351266509137 1
stats: {freemem,"tsung_controller@ip-172-31-57-233"} 1 690.98828125 0.0 690.98828125 689.7421875 689.7421875 1
stats: session 12 3033.0777500000004 3172.010574350967 11380.44 447.388 2209.6116 5
stats: users_count 12 22
stats: finish_users_count 12 17
stats: request 72 58.61080555555557 111.6295148342447 506.112 0.573 72.66986000000004 50
stats: connect 24 1.0832500000000003 0.08222086616749628 5.458 0.881 1.3448 20
stats: page 24 176.01179166666668 191.3936628666118 827.385 9.096 242.44766666666663 15
stats: 200 36 61
stats: size_rcv 64853 125881
stats: size_sent 46825 78237
stats: connected 0 5
stats: 400 24 39
stats: 201 12 22
# stats: dump at 1670023732
stats: users 3 7
stats: {load,"tsung_controller@ip-172-31-57-233"} 1 0.0 0.0 0.0 0.0 0.0 2
stats: {cpu,"tsung_controller@ip-172-31-57-233"} 1 0.15030060120240482 0.0 1.8876351266509137 0.15030060120240482 1.1438175633254568 2
stats: {freemem,"tsung_controller@ip-172-31-57-233"} 1 690.03515625 0.0 690.98828125 689.7421875 690.365234375 2
stats: session 9 4604.785222222222 3451.790888950732 11380.44 447.388 2790.8818235294125 17
stats: users_count 7 29
stats: finish_users_count 9 26
stats: request 38 53.08118421052632 107.96374155117644 506.112 0.573 64.37271311475412 122
stats: connect 12 1.141 0.16000572906409738 5.458 0.881 1.2021363636363638 44
stats: page 13 155.347 159.91514511813398 827.385 8.915 201.56405128205128 39
stats: 200 19 80
stats: size_rcv 7434 133315
stats: size_sent 24965 103202
stats: connected -1 4
stats: 400 13 52
stats: 201 6 28
# stats: dump at 1670023742
stats: users 4 7
stats: {load,"tsung_controller@ip-172-31-57-233"} 1 0.0 0.0 0.0 0.0 0.0 3
stats: {cpu,"tsung_controller@ip-172-31-57-233"} 1 0.050050050050050046 0.0 1.8876351266509137 0.050050050050050046 0.8126452426177728 3
stats: {freemem,"tsung_controller@ip-172-31-57-233"} 1 690.625 0.0 690.98828125 689.7421875 690.2552083333334 3
stats: session 9 3140.7774444444444 2845.8280997565194 11380.44 447.388 3418.7714615384616 26
stats: users_count 10 39
stats: finish_users_count 9 35
stats: request 64 65.32089062499999 130.61950111597008 506.112 0.566 61.690975000000016 160
stats: connect 22 1.4220000000000002 0.8324863089237291 5.458 0.881 1.1890357142857144 56
stats: page 21 199.25214285714287 196.76452343014958 827.385 8.906 190.00978846153845 52
stats: 200 32 112
stats: size_rcv 12604 145919
stats: size_sent 41437 144639
stats: connected 1 5
stats: 400 21 73
stats: 201 11 39
# stats: dump at 1670023752
stats: users 3 7
stats: {load,"tsung_controller@ip-172-31-57-233"} 1 0.0 0.0 0.0 0.0 0.0 4
stats: {cpu,"tsung_controller@ip-172-31-57-233"} 1 0.6 0.0 1.8876351266509137 0.050050050050050046 0.6219964444758421 4
stats: {freemem,"tsung_controller@ip-172-31-57-233"} 1 690.875 0.0 690.98828125 689.7421875 690.34765625 4
stats: session 10 4034.2174999999997 2316.4653333710066 11380.44 447.388 3347.287285714286 35
stats: users_count 9 48
stats: finish_users_count 10 45
stats: request 58 84.41031034482761 167.12542712721907 534.439 0.566 62.728093750000006 224
stats: connect 18 1.0889999999999997 0.13179360969165219 5.458 0.881 1.25474358974359 78
stats: page 20 244.95765 280.5450456406734 973.927 8.906 192.6685479452055 73
stats: 200 29 141
stats: size_rcv 62386 208305
stats: size_sent 38311 182950
stats: connected -2 3
stats: 400 20 93
stats: 201 9 48
# stats: dump at 1670023762
stats: users 0 9
stats: {load,"tsung_controller@ip-172-31-57-233"} 1 0.0 0.0 0.0 0.0 0.0 5
stats: {cpu,"tsung_controller@ip-172-31-57-233"} 1 0.2001000500250125 0.0 1.8876351266509137 0.050050050050050046 0.6175971555806737 5
stats: {freemem,"tsung_controller@ip-172-31-57-233"} 1 689.81640625 0.0 690.98828125 689.7421875 690.453125 5
stats: session 15 3087.813733333334 1704.1190606887562 11380.44 447.388 3499.9384444444445 45
stats: users_count 12 60
stats: finish_users_count 15 60
stats: request 76 59.72611842105268 120.33003457814713 547.782 0.566 67.18755673758866 282
stats: connect 24 1.3445416666666665 0.9077056231311389 5.458 0.881 1.2236666666666667 96
stats: page 26 174.74800000000005 207.17695345915143 973.927 8.906 203.91351612903227 93
stats: 200 38 179
stats: size_rcv 66054 274359
stats: size_sent 49834 232784
stats: connected -2 1
stats: 400 26 119
stats: 201 12 60
# stats: dump at 1670023772
stats: users 5 12
stats: {load,"tsung_controller@ip-172-31-57-233"} 1 0.0 0.0 0.0 0.0 0.0 6
stats: {cpu,"tsung_controller@ip-172-31-57-233"} 1 0.15015015015015015 0.0 1.8876351266509137 0.050050050050050046 0.5480143046547302 6
stats: {freemem,"tsung_controller@ip-172-31-57-233"} 1 690.43359375 0.0 690.98828125 689.7421875 690.3470052083334 6
stats: session 19 2455.394368421052 1589.8251107284268 11380.44 447.388 3396.907266666667 60
stats: users_count 24 84
stats: finish_users_count 19 79
stats: request 132 102.21611363636357 206.8626205372178 1025.001 0.546 65.60356424581008 358
stats: connect 47 1.2341914893617016 0.5433160844178492 5.458 0.881 1.2478416666666667 120
stats: page 43 313.9590930232559 336.8337259992673 1355.392 8.906 197.54121848739499 119
stats: 200 66 245
stats: size_rcv 179945 454304
stats: newphase 1 1
stats: size_sent 85431 318215
stats: connected 4 5
stats: 400 43 162
stats: 201 23 83
# stats: dump at 1670023782
stats: users 12 14
stats: {load,"tsung_controller@ip-172-31-57-233"} 1 0.0 0.0 0.0 0.0 0.0 7
stats: {cpu,"tsung_controller@ip-172-31-57-233"} 1 0.20050125313283207 0.0 1.8876351266509137 0.050050050050050046 0.49117656829693307 7
stats: {freemem,"tsung_controller@ip-172-31-57-233"} 1 688.4453125 0.0 690.98828125 688.4453125 690.359375 7
stats: session 18 2332.175444444444 1939.2070137825876 11380.44 388.797 3170.4674556962027 79
stats: users_count 25 109
stats: finish_users_count 18 97
stats: request 130 61.57393076923078 113.60462710289364 1025.001 0.546 75.46653673469389 490
stats: connect 47 1.1677021276595743 0.4567043326291986 5.458 0.881 1.244 167
stats: page 41 195.42456097560975 182.79609370326577 1355.392 8.906 228.44225925925932 162
stats: 200 65 310
stats: size_rcv 79203 533507
stats: newphase 0 1
stats: size_sent 82740 400955
stats: connected 6 11
stats: 400 41 203
stats: 201 24 107
# stats: dump at 1670023792
stats: users 6 14
stats: {load,"tsung_controller@ip-172-31-57-233"} 1 0.0 0.0 0.0 0.0 0.0 8
stats: {cpu,"tsung_controller@ip-172-31-57-233"} 1 0.35035035035035034 0.0 1.8876351266509137 0.050050050050050046 0.45484215390142047 8
stats: {freemem,"tsung_controller@ip-172-31-57-233"} 1 690.63671875 0.0 690.98828125 688.4453125 690.1201171875 8
stats: session 24 4695.923625 3527.673040794937 13990.231 387.86 3014.9081134020616 97
stats: users_count 18 127
stats: finish_users_count 24 121
stats: request 126 72.01030158730157 144.96809109277683 1025.001 0.546 72.55357096774195 620
stats: connect 39 1.0897435897435899 0.08989530033884514 5.458 0.881 1.2272429906542055 214
stats: page 44 206.38363636363636 275.8650617271629 1355.392 8.6 221.7736600985222 203
stats: 200 63 373
stats: size_rcv 228664 762171
stats: newphase 0 1
stats: size_sent 83589 484544
stats: connected -5 6
stats: 400 44 247
stats: 201 19 126
# stats: dump at 1670023802
stats: users 15 15
stats: {load,"tsung_controller@ip-172-31-57-233"} 1 0.0 0.0 0.0 0.0 0.0 9
stats: {cpu,"tsung_controller@ip-172-31-57-233"} 1 0.30045067601402103 0.0 1.8876351266509137 0.050050050050050046 0.4432319535068571 9
stats: {freemem,"tsung_controller@ip-172-31-57-233"} 1 689.01953125 0.0 690.98828125 688.4453125 690.1775173611111 9
stats: session 20 3125.6067500000004 2628.0245881498877 13990.231 387.86 3348.3326776859503 121
stats: users_count 29 156
stats: finish_users_count 20 141
stats: request 134 84.88524626865673 161.7587239058479 1025.001 0.546 72.46181233243968 746
stats: connect 50 1.2485800000000002 0.5595429595661087 5.458 0.881 1.2060474308300395 253
stats: page 43 264.7140697674419 259.2263765480877 1355.392 8.6 219.0321174089069 247
stats: 200 67 440
stats: size_rcv 130918 893089
stats: newphase 0 1
stats: size_sent 86694 571238
stats: connected 7 13
stats: 400 43 290
stats: 201 24 150
# stats: dump at 1670023812
stats: users 7 20
stats: {load,"tsung_controller@ip-172-31-57-233"} 1 0.0 0.0 0.0 0.0 0.0 10
stats: {cpu,"tsung_controller@ip-172-31-57-233"} 1 0.35035035035035034 0.0 1.8876351266509137 0.050050050050050046 0.4289538257575735 10
stats: {freemem,"tsung_controller@ip-172-31-57-233"} 1 690.16796875 0.0 690.98828125 688.4453125 690.06171875 10
stats: session 32 4245.221187500001 3455.4372121649135 19884.529 387.86 3316.7403475177307 141
stats: users_count 24 180
stats: finish_users_count 32 173
stats: request 186 309.1514677419354 693.9142061212416 2931.539 0.546 74.3535625 880
stats: connect 57 2.1961403508771937 4.351538221431857 33.671 0.881 1.2130660066006602 303
stats: page 63 912.9223333333332 1301.0926606376804 4670.972 8.6 225.8056482758621 290
stats: 200 93 533
stats: size_rcv 192945 1086034
stats: newphase 0 1
stats: size_sent 120787 692025
stats: connected -6 7
stats: 400 63 353
stats: 201 30 180
# stats: dump at 1670023822
stats: users 0 20
stats: {load,"tsung_controller@ip-172-31-57-233"} 1 0.0 0.0 0.0 0.0 0.0 11
stats: {cpu,"tsung_controller@ip-172-31-57-233"} 1 0.45090180360721444 0.0 1.8876351266509137 0.050050050050050046 0.4218080552660078 11
stats: {freemem,"tsung_controller@ip-172-31-57-233"} 1 690.48046875 0.0 690.98828125 688.4453125 690.0713778409091 11
stats: session 7 8681.259857142857 4568.10094063832 19884.529 387.86 3488.482468208093 173
stats: users_count 0 180
stats: finish_users_count 7 180
stats: request 14 6.562214285714284 2.4716932362414292 2931.539 0.546 115.322052532833 1066
stats: connect 0 0 0 33.671 0.881 1.3687194444444446 360
stats: page 7 13.205857142857143 4.286249490391053 4670.972 8.6 348.43553824362607 353
stats: 200 7 540
stats: size_rcv 1975 1088009
stats: newphase 0 1
stats: size_sent 10771 702796
stats: connected -7 0
stats: 400 7 360
stats: 201 0 180
# stats: dump at 1670023832
stats: users 17 20
stats: {load,"tsung_controller@ip-172-31-57-233"} 1 0.0 0.0 0.0 0.0 0.0 12
stats: {cpu,"tsung_controller@ip-172-31-57-233"} 1 0.0 0.0 1.8876351266509137 0.0 0.4242325342944417 12
stats: {freemem,"tsung_controller@ip-172-31-57-233"} 1 690.95703125 0.0 690.98828125 688.4453125 690.10546875 12
stats: session 20 2299.2390000000005 1351.3627822649623 19884.529 387.86 3690.4238111111117 180
stats: users_count 37 217
stats: finish_users_count 20 200
stats: request 178 116.93874157303371 240.07025284009796 2931.539 0.546 113.91220277777775 1080
stats: connect 73 1.2012191780821928 0.7222897238031655 33.671 0.873 1.3687194444444446 360
stats: page 53 388.01909433962254 436.4429698424705 4670.972 8.6 341.91718333333336 360
stats: 200 89 629
stats: size_rcv 195172 1283181
stats: newphase 1 2
stats: size_sent 112542 815338
stats: connected 19 19
stats: 400 54 414
stats: 201 35 215
# stats: dump at 1670023842
stats: users 15 20
stats: {load,"tsung_controller@ip-172-31-57-233"} 1 0.0 0.0 0.0 0.0 0.0 13
stats: {cpu,"tsung_controller@ip-172-31-57-233"} 1 0.4008016032064128 0.0 1.8876351266509137 0.0 0.3915992624256385 13
stats: {freemem,"tsung_controller@ip-172-31-57-233"} 1 687.94140625 0.0 690.98828125 687.94140625 690.1709735576923 13
stats: session 35 4183.238857142857 2791.620584199386 19884.529 384.01 3551.3053300000006 200
stats: users_count 33 250
stats: finish_users_count 35 235
stats: request 184 58.412429347826084 113.80549883380074 2931.539 0.546 114.34044117647056 1258
stats: connect 61 1.1076229508196718 0.21804354836008466 33.671 0.873 1.3404803695150118 433
stats: page 64 167.776203125 209.40948648738876 4670.972 8.361 347.83340920096856 413
stats: 200 92 721
stats: size_rcv 243841 1527022
stats: newphase 0 2
stats: size_sent 122821 938159
stats: connected -3 16
stats: 400 64 478
stats: 201 28 243
# stats: dump at 1670023852
stats: users 13 20
stats: {load,"tsung_controller@ip-172-31-57-233"} 1 0.0 0.0 0.0 0.0 0.0 14
stats: {cpu,"tsung_controller@ip-172-31-57-233"} 1 0.5002501250625313 0.0 1.8876351266509137 0.0 0.39225657248140805 14
stats: {freemem,"tsung_controller@ip-172-31-57-233"} 1 689.71875 0.0 690.98828125 687.94140625 690.01171875 14
stats: session 35 3357.978028571429 2458.671588186683 19884.529 384.01 3645.4230893617028 235
stats: users_count 33 283
stats: finish_users_count 35 270
stats: request 218 78.87252752293575 170.5809082639867 2931.539 0.546 107.20399583911231 1442
stats: connect 69 1.0815797101449278 0.17425297334265655 33.671 0.85 1.3117267206477734 494
stats: page 72 242.90277777777771 292.08349949863185 4670.972 8.361 323.6747903563941 477
stats: 200 109 830
stats: size_rcv 203528 1730550
stats: newphase 0 2
stats: size_sent 139328 1077487
stats: connected -2 14
stats: 400 71 549
stats: 201 38 281
# stats: dump at 1670023862
stats: users 10 22
stats: {load,"tsung_controller@ip-172-31-57-233"} 1 0.0 0.0 0.0 0.0 0.0 15
stats: {cpu,"tsung_controller@ip-172-31-57-233"} 1 0.5007511266900351 0.0 1.8876351266509137 0.0 0.3994561426534829 15
stats: {freemem,"tsung_controller@ip-172-31-57-233"} 1 688.7734375 0.0 690.98828125 687.94140625 689.9921875 15
stats: session 41 3405.499146341465 2622.631189889655 19884.529 384.01 3608.161692592593 270
stats: users_count 38 321
stats: finish_users_count 41 311
stats: request 242 91.16295454545454 201.9384039913671 2931.539 0.546 103.48335722891564 1660
stats: connect 77 1.1040259740259732 0.37538707206136507 33.671 0.85 1.2835204262877444 563
stats: page 82 269.21263414634143 369.8323743755823 4670.972 8.361 313.08173952641164 549
stats: 200 121 951
stats: size_rcv 207790 1938340
stats: newphase 0 2
stats: size_sent 158373 1235860
stats: connected -5 9
stats: 400 82 631
stats: 201 39 320
# stats: dump at 1670023872
stats: users 18 22
stats: {load,"tsung_controller@ip-172-31-57-233"} 1 0.0 0.0 0.0 0.0 0.0 16
stats: {cpu,"tsung_controller@ip-172-31-57-233"} 1 0.5505505505505506 0.0 1.8876351266509137 0.0 0.4057870791557674 16
stats: {freemem,"tsung_controller@ip-172-31-57-233"} 1 689.5859375 0.0 690.98828125 687.94140625 689.916015625 16
stats: session 35 3618.061542857143 3724.589764730219 19884.529 348.932 3581.444122186496 311
stats: users_count 43 364
stats: finish_users_count 35 346
stats: request 216 89.47566203703701 177.7348576531169 2931.539 0.546 101.91577707676129 1902
stats: connect 81 1.2332469135802466 0.6113017587642389 33.671 0.85 1.2619250000000002 640
stats: 200 109 1060
stats: page 70 259.9515428571429 278.9231901223851 4670.972 8.361 307.3808415213946 631
stats: size_rcv 205853 2144193
stats: newphase 0 2
stats: size_sent 142006 1377866
stats: connected 9 18
stats: 400 72 703
stats: 201 36 356
# stats: dump at 1670023882
stats: users 16 25
stats: {load,"tsung_controller@ip-172-31-57-233"} 1 0.0 0.0 0.0 0.0 0.0 17
stats: {cpu,"tsung_controller@ip-172-31-57-233"} 1 0.3015075376884422 0.0 1.8876351266509137 0.0 0.41430257747310756 17
stats: {freemem,"tsung_controller@ip-172-31-57-233"} 1 688.4765625 0.0 690.98828125 687.94140625 689.8965992647059 17
stats: session 39 4739.548410256408 4086.385986525287 20736.922 348.932 3585.1481965317926 346
stats: users_count 37 401
stats: finish_users_count 39 385
stats: request 230 163.939804347826 348.2559862083849 2931.539 0.546 100.64709678942395 2118
stats: connect 73 1.1850000000000007 0.48168815581458363 33.671 0.85 1.2587031900138697 721
stats: page 78 498.23303846153834 701.9760603635274 4670.972 8.361 302.64467760342364 701
stats: 200 114 1174
stats: size_rcv 311221 2455414
stats: newphase 0 2
stats: size_sent 149038 1526904
stats: connected -3 15
stats: 400 76 779
stats: 201 39 395
# stats: dump at 1670023892
stats: users 61 65
stats: {load,"tsung_controller@ip-172-31-57-233"} 1 0.0 0.0 0.0 0.0 0.0 18
stats: {cpu,"tsung_controller@ip-172-31-57-233"} 1 0.30135610246107486 0.0 1.8876351266509137 0.0 0.4080361863739595 18
stats: {freemem,"tsung_controller@ip-172-31-57-233"} 1 687.5234375 0.0 690.98828125 687.5234375 689.8177083333334 18
stats: session 26 5828.599115384616 3392.398973520001 20736.922 348.932 3702.08743896104 385
stats: users_count 71 472
stats: finish_users_count 26 411
stats: request 245 951.1709714285713 1174.9292727094144 4307.639 0.541 106.84697870528106 2348
stats: connect 130 1.0810769230769233 0.23045588983526388 33.671 0.67 1.2519269521410579 794
stats: page 60 2331.3140833333327 2304.1098267191696 6423.307 8.361 322.22862130937096 779
stats: 200 128 1302
stats: size_rcv 272181 2727595
stats: newphase 1 3
stats: size_sent 174688 1701592
stats: connected 46 61
stats: 400 84 863
stats: 201 33 428
# stats: dump at 1670023902
stats: users 106 106
stats: {load,"tsung_controller@ip-172-31-57-233"} 1 0.0 0.0 0.0 0.0 0.0 19
stats: {cpu,"tsung_controller@ip-172-31-57-233"} 1 0.6021073758153538 0.0 1.8876351266509137 0.0 0.4024214451153866 19
stats: {freemem,"tsung_controller@ip-172-31-57-233"} 1 682.24609375 0.0 690.98828125 682.24609375 689.6969572368421 19
stats: session 31 10486.280032258068 2310.943870740858 20736.922 348.932 3836.611291970804 411
stats: users_count 76 548
stats: finish_users_count 31 442
stats: request 288 1967.2601874999996 1706.8668906576866 5540.979 0.541 186.62305977632084 2593
stats: connect 138 1.1198695652173918 0.49584967079775877 33.671 0.67 1.2278896103896104 924
stats: page 76 5731.366789473684 3326.643925803228 10881.738 8.361 465.9057699642431 839
stats: 200 146 1448
stats: size_rcv 289449 3017044
stats: newphase 0 3
stats: size_sent 202947 1904539
stats: connected 45 106
stats: 400 97 960
stats: 201 45 473
# stats: dump at 1670023912
stats: users 170 170
stats: {load,"tsung_controller@ip-172-31-57-233"} 1 0.0 0.0 0.0 0.0 0.0 20
stats: {cpu,"tsung_controller@ip-172-31-57-233"} 1 0.551654964894684 0.0 1.8876351266509137 0.0 0.41240574165038496 20
stats: {freemem,"tsung_controller@ip-172-31-57-233"} 1 677.66015625 0.0 690.98828125 677.66015625 689.3244140625 20
stats: session 21 17744.641047619043 3534.0872382345815 25364.866 348.932 4302.990773755657 442
stats: users_count 85 633
stats: finish_users_count 21 463
stats: request 259 3487.5150308880347 2347.3398143027207 7065.886 0.541 364.624966331135 2881
stats: connect 149 1.0869395973154363 0.305593848724678 33.671 0.67 1.2138531073446328 1062
stats: page 59 9635.337457627122 3429.6893661716094 15869.181 8.361 903.255537704918 915
stats: 200 126 1574
stats: size_rcv 277513 3294557
stats: newphase 0 3
stats: size_sent 197282 2101821
stats: connected 64 170
stats: 400 95 1055
stats: 201 38 511
# stats: dump at 1670023922
stats: users 212 219
stats: {load,"tsung_controller@ip-172-31-57-233"} 1 0.0 0.0 0.0 0.0 0.0 21
stats: {cpu,"tsung_controller@ip-172-31-57-233"} 1 0.45158053186151526 0.0 1.8876351266509137 0.0 0.41903665704297066 21
stats: {freemem,"tsung_controller@ip-172-31-57-233"} 1 670.58203125 0.0 690.98828125 670.58203125 688.7689732142857 21
stats: session 40 19857.85215000001 7890.921350491862 29225.326 25.724 4912.655257019439 463
stats: users_count 82 715
stats: finish_users_count 40 503
stats: request 365 3851.385068493145 3762.0801570408053 9806.762 0.541 622.2136691082806 3140
stats: connect 158 1.0344240506329119 0.2184783479786752 33.671 0.67 1.1982378199834847 1211
stats: page 96 9313.395375000002 7638.099650768046 20957.999 1.201 1432.2009517453798 974
stats: 200 134 1708
stats: size_rcv 469336 3763893
stats: newphase 0 3
stats: 502 97 97
stats: size_sent 205412 2307233
stats: connected 43 213
stats: 400 102 1157
stats: 201 31 542
stats: 500 1 1
# stats: dump at 1670023932
stats: users 227 227
stats: {load,"tsung_controller@ip-172-31-57-233"} 1 0.0 0.0 0.0 0.0 0.0 22
stats: {cpu,"tsung_controller@ip-172-31-57-233"} 1 1.1482775836245633 0.0 1.8876351266509137 0.0 0.4205159240801772 22
stats: {freemem,"tsung_controller@ip-172-31-57-233"} 1 661.96875 0.0 690.98828125 661.96875 687.9422940340909 22
stats: session 70 19268.373599999995 12466.625449652667 39500.48 8.244 6101.14009940358 503
stats: users_count 85 800
stats: finish_users_count 70 573
stats: request 562 3364.314024911035 4631.2514576814565 13078.791 0.541 958.4897206847357 3505
stats: page 177 9338.563463276832 9889.10627361461 25892.832 1.201 2139.2987691588787 1070
stats: 200 125 1833
stats: size_rcv 630677 4394570
stats: newphase 0 3
stats: 502 261 358
stats: size_sent 250786 2558019
stats: connected 14 227
stats: 400 134 1291
stats: 201 40 582
stats: 500 2 3
stats: connect 188 1.176723404255318 1.105031918324566 33.671 0.67 1.1793316289262237 1369
# stats: dump at 1670023942
stats: users 216 231
stats: {load,"tsung_controller@ip-172-31-57-233"} 1 0.0 0.0 0.0 0.0 0.0 23
stats: {cpu,"tsung_controller@ip-172-31-57-233"} 1 1.402805611222445 0.0 1.8876351266509137 0.0 0.45215773536471576 23
stats: {freemem,"tsung_controller@ip-172-31-57-233"} 1 658.14453125 0.0 690.98828125 658.14453125 686.8130095108696 23
stats: session 96 23317.96536458333 11440.12445047481 39651.478 8.244 7709.7026561954635 573
stats: users_count 85 885
stats: finish_users_count 96 669
stats: request 566 4022.2723568904644 3783.9860919861803 13816.627 0.536 1290.9395015982298 4067
stats: 200 191 2024
stats: connect 171 1.0928596491228066 0.33727513740761733 33.671 0.67 1.1790166987797044 1557
stats: page 196 13428.393974489789 9910.730192325394 29052.967 1.201 3161.167133921411 1247
stats: size_rcv 358427 4752997
stats: newphase 0 3
stats: 502 147 505
stats: size_sent 295371 2853390
stats: connected -11 216
stats: 400 161 1452
stats: 201 67 649
stats: 500 0 3
# stats: dump at 1670023952
stats: users 228 232
stats: {load,"tsung_controller@ip-172-31-57-233"} 1 0.0 0.0 0.0 0.0 0.0 24
stats: {cpu,"tsung_controller@ip-172-31-57-233"} 1 0.654911838790932 0.0 1.8876351266509137 0.0 0.4917680635254545 24
stats: {freemem,"tsung_controller@ip-172-31-57-233"} 1 657.0234375 0.0 690.98828125 657.0234375 685.6184895833334 24
stats: session 111 24900.129225225224 13246.368917578075 42578.721 8.244 9949.453358744395 669
stats: users_count 123 1008
stats: finish_users_count 111 780
stats: request 578 2882.3255761245673 2735.9758792162856 13816.627 0.536 1624.6184129074043 4633
stats: connect 210 1.0906857142857136 0.4656227537863 33.671 0.67 1.1704907407407406 1728
stats: page 197 9513.823360406088 7987.3776786280205 29052.967 1.199 4555.745415800415 1443
stats: 200 190 2214
stats: size_rcv 325193 5078190
stats: newphase 1 4
stats: 502 164 669
stats: size_sent 286125 3139515
stats: connected 13 229
stats: 400 169 1621
stats: 201 55 704
stats: 500 0 3
# stats: dump at 1670023962
stats: users 249 253
stats: {load,"tsung_controller@ip-172-31-57-233"} 1 0.0 0.0 0.0 0.0 0.0 25
stats: {cpu,"tsung_controller@ip-172-31-57-233"} 1 1.2518778167250877 0.0 1.8876351266509137 0.0 0.49829381453607363 25
stats: {freemem,"tsung_controller@ip-172-31-57-233"} 1 655.484375 0.0 690.98828125 655.484375 684.4746875 25
stats: session 160 14639.835387499994 14100.002089741796 50250.257 8.244 12077.049539743592 780
stats: users_count 181 1189
stats: finish_users_count 160 940
stats: request 1100 1487.8705790909103 3132.1725584874753 13816.627 0.536 1764.1222970639037 5211
stats: connect 383 1.1267702349869464 0.7169982025108995 33.671 0.658 1.1618431372549018 1938
stats: 200 140 2354
stats: page 347 3905.8801152737765 6719.6863922969915 29052.967 1.176 5151.319412804876 1640
stats: size_rcv 445220 5523410
stats: newphase 0 4
stats: 502 686 1355
stats: size_sent 381968 3521483
stats: connected 21 250
stats: 400 238 1859
stats: 201 36 740
stats: 500 0 3
# stats: dump at 1670023972
stats: users 248 254
stats: {load,"tsung_controller@ip-172-31-57-233"} 1 0.0 0.0 0.0 0.0 0.0 26
stats: {cpu,"tsung_controller@ip-172-31-57-233"} 1 1.5159171298635674 0.0 1.8876351266509137 0.0 0.5272778146202665 26
stats: {freemem,"tsung_controller@ip-172-31-57-233"} 1 654.0234375 0.0 690.98828125 654.0234375 683.3596754807693 26
stats: session 160 15081.577900000015 12719.908980902794 50250.257 8.244 12513.268407446807 940
stats: users_count 159 1348
stats: finish_users_count 160 1100
stats: request 954 2219.0028459119494 3636.3238116798316 13816.627 0.533 1715.9719421644754 6311
stats: page 324 6553.002626543206 8718.96510376775 29052.967 1.176 4933.821961248112 1987
stats: 200 168 2522
stats: connect 308 1.132775974025974 0.6962744727266718 33.671 0.658 1.1560555794915983 2321
stats: size_rcv 704248 6227658
stats: newphase 0 4
stats: 502 527 1882
stats: size_sent 341802 3863285
stats: connected -1 249
stats: 400 210 2069
stats: 201 49 789
stats: 500 0 3
# stats: dump at 1670023982
stats: users 242 254
stats: {load,"tsung_controller@ip-172-31-57-233"} 1 0.0 0.0 0.0 0.0 0.0 27
stats: {cpu,"tsung_controller@ip-172-31-57-233"} 1 1.6064257028112447 0.0 1.8876351266509137 0.0 0.5638940855552035 27
stats: {freemem,"tsung_controller@ip-172-31-57-233"} 1 655.015625 0.0 690.98828125 654.0234375 682.2731481481482 27
stats: session 181 16020.303419889511 11835.068667077185 50250.257 8.244 12886.840697272728 1100
stats: users_count 175 1523
stats: finish_users_count 181 1281
stats: connect 348 1.089959770114943 0.6098531890337702 33.671 0.658 1.1533282616964624 2629
stats: page 359 6021.294874651813 8670.17953222756 29505.944 1.15 5160.829549112937 2311
stats: request 1046 1871.5797514340325 3206.4352469134346 13816.627 0.533 1782.027204679973 7265
stats: 200 161 2683
stats: size_rcv 625296 6852954
stats: newphase 0 4
stats: 502 598 2480
stats: size_sent 384679 4247964
stats: connected -2 247
stats: 400 235 2304
stats: 201 50 839
stats: 500 2 5
# stats: dump at 1670023992
stats: users 236 254
stats: {load,"tsung_controller@ip-172-31-57-233"} 1 0.0 0.0 0.0 0.0 0.0 28
stats: {cpu,"tsung_controller@ip-172-31-57-233"} 1 2.108433734939759 0.0 2.108433734939759 0.0 0.6011273576000621 28
stats: {freemem,"tsung_controller@ip-172-31-57-233"} 1 653.7734375 0.0 690.98828125 653.7734375 681.2996651785714 28
stats: session 163 13982.296858895706 11902.977801558767 50250.257 8.244 13329.586015612806 1281
stats: users_count 157 1680
stats: finish_users_count 163 1444
stats: request 993 1972.5933987915428 3282.610476733826 13816.627 0.533 1793.2980462038265 8311
stats: 200 170 2853
stats: connect 330 1.1405484848484848 0.5718505889951219 33.671 0.658 1.1459207255626467 2977
stats: page 328 5655.845128048775 7915.277508612269 29505.944 1.15 5276.525074157303 2670
stats: size_rcv 412800 7265754
stats: newphase 0 4
stats: 502 546 3026
stats: size_sent 349149 4597113
stats: connected -8 239
stats: 400 231 2535
stats: 201 39 878
stats: 500 7 12
# stats: dump at 1670024002
stats: users 240 254
stats: {load,"tsung_controller@ip-172-31-57-233"} 1 0.0 0.0 0.0 0.0 0.0 29
stats: {cpu,"tsung_controller@ip-172-31-57-233"} 1 2.897102897102897 0.0 2.897102897102897 0.0 0.653103439577293 29
stats: {freemem,"tsung_controller@ip-172-31-57-233"} 1 649.890625 0.0 690.98828125 649.890625 680.3504849137931 29
stats: session 157 15591.499993630568 11509.696988533831 50250.257 8.244 13403.264594182829 1444
stats: users_count 161 1841
stats: finish_users_count 157 1601
stats: request 933 2056.327066452304 3164.0003312984754 13816.627 0.533 1812.4339323946695 9304
stats: connect 314 1.0525828025477717 0.3108071900483905 33.671 0.658 1.1453846386452975 3307
stats: page 309 6168.298443365695 8135.892227409504 29505.944 1.15 5318.0250667111395 2998
stats: 200 184 3037
stats: size_rcv 555006 7820760
stats: newphase 0 4
stats: 502 489 3515
stats: size_sent 354380 4951493
stats: connected 1 240
stats: 400 216 2751
stats: 201 44 922
stats: 500 0 12
# stats: dump at 1670024012
stats: users 275 299
stats: {load,"tsung_controller@ip-172-31-57-233"} 1 0.0 0.0 0.0 0.0 0.0 30
stats: {cpu,"tsung_controller@ip-172-31-57-233"} 1 1.663306451612903 0.0 2.897102897102897 0.0 0.7279034214948131 30
stats: {freemem,"tsung_controller@ip-172-31-57-233"} 1 653.0390625 0.0 690.98828125 649.890625 679.33515625 30
stats: session 238 11342.93255042016 11098.52829945988 50250.257 8.244 13617.851076202374 1601
stats: users_count 273 2114
stats: finish_users_count 238 1839
stats: request 1564 1262.6065185422015 2732.9410463405943 13816.627 0.533 1834.662348344242 10237
stats: connect 544 1.0697132352941154 0.5052630198585597 33.671 0.658 1.1373371996685995 3621
stats: page 506 3988.1758063241073 7066.037033507919 29505.944 1.15 5397.47304777744 3307
stats: 200 176 3213
stats: size_rcv 606099 8426859
stats: newphase 1 5
stats: 502 1004 4519
stats: size_sent 479576 5431069
stats: connected 37 277
stats: 400 339 3090
stats: 201 45 967
stats: 500 0 12
# stats: dump at 1670024022
stats: users 291 301
stats: {load,"tsung_controller@ip-172-31-57-233"} 1 0.0 0.0 0.0 0.0 0.0 31
stats: {cpu,"tsung_controller@ip-172-31-57-233"} 1 3.793626707132018 0.0 3.793626707132018 0.0 0.7580777127889451 31
stats: {freemem,"tsung_controller@ip-172-31-57-233"} 1 654.41796875 0.0 690.98828125 649.890625 678.4868951612904 31
stats: session 295 9617.760674576271 9605.513103081434 50250.257 8.244 13323.435301794454 1839
stats: users_count 311 2425
stats: finish_users_count 295 2134
stats: request 1828 999.413365426697 2401.313359736872 13816.627 0.532 1758.8471362596397 11801
stats: 200 165 3378
stats: connect 618 1.0542977346278317 0.4648061418933633 33.671 0.658 1.1285046818727487 4165
stats: page 605 3161.8954016528905 6458.0976245612665 29505.944 1.15 5210.4537967479655 3813
stats: size_rcv 682699 9109558
stats: newphase 0 5
stats: 502 1239 5758
stats: size_sent 540853 5971922
stats: connected 20 297
stats: 400 373 3463
stats: 201 51 1018
stats: 500 0 12
# stats: dump at 1670024032
stats: users 281 301
stats: {load,"tsung_controller@ip-172-31-57-233"} 1 0.0 0.0 0.0 0.0 0.0 32
stats: {cpu,"tsung_controller@ip-172-31-57-233"} 1 4.325955734406438 0.0 4.325955734406438 0.0 0.852938618862166 32
stats: {freemem,"tsung_controller@ip-172-31-57-233"} 1 653.71484375 0.0 690.98828125 649.890625 677.7347412109375 32
stats: session 325 8682.884476923078 8989.018520998867 50250.257 8.244 12811.170065135895 2134
stats: users_count 315 2740
stats: finish_users_count 325 2459
stats: request 1935 1060.7044527131754 2480.4690333670305 13816.627 0.532 1656.987503631962 13629
stats: connect 633 1.0822590837282786 0.5674767319004802 33.671 0.656 1.1189165795525817 4783
stats: page 651 3264.2584639016873 6216.855013906659 29505.944 1.15 4929.924636713443 4418
stats: 200 194 3572
stats: size_rcv 770301 9879859
stats: newphase 0 5
stats: 502 1305 7063
stats: size_sent 557121 6529043
stats: connected -9 288
stats: 400 386 3849
stats: 201 50 1068
stats: 500 0 12
# stats: dump at 1670024042
stats: users 279 301
stats: {load,"tsung_controller@ip-172-31-57-233"} 1 0.0 0.0 0.0 0.0 0.0 33
stats: {cpu,"tsung_controller@ip-172-31-57-233"} 1 4.524886877828054 0.0 4.524886877828054 0.0 0.9581815617574471 33
stats: {freemem,"tsung_controller@ip-172-31-57-233"} 1 653.41796875 0.0 690.98828125 649.890625 677.006865530303 33
stats: session 315 9857.59457460317 9426.347264377018 52757.94 8.244 12265.544682391217 2459
stats: users_count 313 3053
stats: finish_users_count 315 2774
stats: request 1831 928.6672539595811 2335.3396693784007 13816.627 0.525 1582.8543949498846 15564
stats: connect 621 1.0887504025764896 0.6587561625233416 33.671 0.656 1.1146322008862628 5416
stats: page 617 2880.4159756888193 5626.357946859779 29505.944 1.15 4716.00696488459 5069
stats: 200 164 3736
stats: size_rcv 726686 10606545
stats: newphase 0 5
stats: 502 1264 8327
stats: size_sent 529662 7058705
stats: connected 0 288
stats: 400 370 4219
stats: 201 33 1101
stats: 500 0 12
# stats: dump at 1670024052
stats: users 287 301
stats: {load,"tsung_controller@ip-172-31-57-233"} 1 0.0 0.0 0.0 0.0 0.0 34
stats: {cpu,"tsung_controller@ip-172-31-57-233"} 1 3.8403233956543708 0.0 4.524886877828054 0.0 1.0630846592889354 34
stats: {freemem,"tsung_controller@ip-172-31-57-233"} 1 652.23828125 0.0 690.98828125 649.890625 676.3130744485294 34
stats: session 291 8013.188841924396 9065.89003877165 57097.949 8.244 11992.11127072819 2774
stats: users_count 299 3352
stats: finish_users_count 291 3065
stats: request 1817 1059.903576224545 2896.8670247839123 13816.627 0.525 1513.9945699913765 17395
stats: connect 604 1.0696854304635763 0.45524684416860794 33.671 0.621 1.1119698525757826 6037
stats: page 591 2534.25952284264 5726.091668777347 29505.944 1.15 4516.823067534293 5686
stats: 200 149 3885
stats: size_rcv 839786 11446331
stats: newphase 0 5
stats: 502 1285 9612
stats: size_sent 501453 7560158
stats: connected -4 284
stats: 400 360 4579
stats: 201 23 1124
stats: 500 0 12
# stats: dump at 1670024062
stats: users 283 301
stats: {load,"tsung_controller@ip-172-31-57-233"} 1 0.0 0.0 0.0 0.0 0.0 35
stats: {cpu,"tsung_controller@ip-172-31-57-233"} 1 3.2160804020100504 0.0 4.524886877828054 0.0 1.142434337470805 35
stats: {freemem,"tsung_controller@ip-172-31-57-233"} 1 654.875 0.0 690.98828125 649.890625 675.6252232142857 35
stats: session 300 9929.037919999992 9542.079018121218 57097.949 8.244 11614.340821533442 3065
stats: users_count 296 3648
stats: finish_users_count 300 3365
stats: request 1788 1219.3805503355695 2837.012633737184 13816.627 0.525 1471.0483209972929 19212
stats: connect 585 1.0785179487179508 0.5330675171898691 33.671 0.621 1.1081240776991417 6641
stats: page 609 4112.198456486041 7467.762525179967 29505.944 1.15 4330.158250756729 6277
stats: 200 180 4065
stats: size_rcv 933496 12379827
stats: newphase 0 5
stats: 502 1199 10811
stats: size_sent 509116 8069274
stats: connected -2 282
stats: 400 359 4938
stats: 201 49 1173
stats: 500 1 13
# stats: dump at 1670024072
stats: users 399 404
stats: {load,"tsung_controller@ip-172-31-57-233"} 1 0.0 0.0 0.0 0.0 0.0 36
stats: {cpu,"tsung_controller@ip-172-31-57-233"} 1 3.567839195979899 0.0 4.524886877828054 0.0 1.2000356170413395 36
stats: {freemem,"tsung_controller@ip-172-31-57-233"} 1 651.56640625 0.0 690.98828125 649.890625 675.048828125 36
stats: session 495 7028.93958383838 8856.463089460789 57097.949 8.244 11464.090934323922 3365
stats: users_count 611 4259
stats: finish_users_count 495 3860
stats: request 3368 536.129692399051 1796.2127543841293 13816.627 0.523 1449.6206079523804 21000
stats: 200 175 4240
stats: connect 1204 1.0320955149501667 0.5285692796614376 33.671 0.621 1.1057272349847773 7226
stats: page 1079 1849.4995162187188 5024.115065603431 30441.412 1.15 4310.881818181816 6886
stats: size_rcv 1216972 13596799
stats: newphase 1 6
stats: 502 2471 13282
stats: size_sent 818453 8887727
stats: connected 110 392
stats: 400 677 5615
stats: 201 42 1215
stats: 500 3 16
# stats: dump at 1670024082
stats: users 391 411
stats: {load,"tsung_controller@ip-172-31-57-233"} 1 0.0 0.0 0.0 0.0 0.0 37
stats: {cpu,"tsung_controller@ip-172-31-57-233"} 1 6.755373592630501 0.0 6.755373592630501 0.0 1.2640303083640034 37
stats: {freemem,"tsung_controller@ip-172-31-57-233"} 1 644.15625 0.0 690.98828125 644.15625 674.4141680743244 37
stats: session 666 5986.757327327328 7142.4461732979935 57097.949 8.244 10895.334478756475 3860
stats: users_count 658 4917
stats: finish_users_count 666 4526
stats: request 4005 527.1697395755308 1982.3724358733268 13816.627 0.523 1323.3633277659223 24368
stats: connect 1325 0.9719139622641525 0.37461099137860165 33.671 0.621 1.0952109134045078 8430
stats: page 1336 1539.3600306886242 4318.013048180193 30441.412 1.14 3977.444090144379 7965
stats: 200 176 4416
stats: size_rcv 1538476 15135275
stats: newphase 0 6
stats: 502 3067 16349
stats: size_sent 957118 9844845
stats: connected -4 388
stats: 400 722 6337
stats: 201 40 1255
stats: 500 0 16
# stats: dump at 1670024092
stats: users 381 411
stats: {load,"tsung_controller@ip-172-31-57-233"} 1 0.0 0.0 0.0 0.0 0.0 38
stats: {cpu,"tsung_controller@ip-172-31-57-233"} 1 6.614987080103359 0.0 6.755373592630501 0.0 1.4085393421604901 38
stats: {freemem,"tsung_controller@ip-172-31-57-233"} 1 634.5859375 0.0 690.98828125 634.5859375 673.6179070723686 38
stats: session 642 6189.981679127729 6795.958925457376 57097.949 8.244 10173.038326999556 4526
stats: users_count 632 5549
stats: finish_users_count 642 5168
stats: request 3816 463.98098349056573 1771.93690110322 13816.627 0.523 1210.9763640785254 28373
stats: 200 154 4570
stats: size_rcv 1463309 16598584
stats: page 1273 1431.939080125687 4147.48414030071 30441.412 1.14 3627.2365529512936 9301
stats: newphase 0 6
stats: 502 2928 19277
stats: size_sent 913609 10758454
stats: connected -1 387
stats: 400 693 7030
stats: 201 41 1296
stats: 500 0 16
stats: connect 1275 1.029116078431375 0.5151251626473552 33.671 0.621 1.0784637621732447 9755
# stats: dump at 1670024102
stats: users 396 411
stats: {load,"tsung_controller@ip-172-31-57-233"} 1 0.0 0.0 0.0 0.0 0.0 39
stats: {cpu,"tsung_controller@ip-172-31-57-233"} 1 7.186858316221765 0.0 7.186858316221765 0.0 1.5420380021077433 39
stats: {freemem,"tsung_controller@ip-172-31-57-233"} 1 640.609375 0.0 690.98828125 634.5859375 672.6170873397436 39
stats: session 595 6419.7283008403365 6834.558673620779 57097.949 8.244 9678.239107198142 5168
stats: users_count 610 6159
stats: finish_users_count 595 5763
stats: request 3607 560.1653612420305 1941.4496657834495 13816.627 0.523 1122.4201997887476 32189
stats: connect 1212 1.0115024752475235 0.41207665644386177 33.671 0.621 1.0727594741613786 11030
stats: page 1203 1696.9266758104716 4402.262330033162 30441.412 1.14 3362.945491583127 10574
stats: 200 184 4754
stats: size_rcv 1246472 17845056
stats: newphase 0 6
stats: 502 2709 21986
stats: size_sent 883337 11641791
stats: connected 9 396
stats: 400 669 7699
stats: 201 45 1341
stats: 500 0 16
# stats: dump at 1670024112
stats: users 402 422
stats: {load,"tsung_controller@ip-172-31-57-233"} 1 0.0703125 0.0 0.0703125 0.0 0.0 40
stats: {cpu,"tsung_controller@ip-172-31-57-233"} 1 7.708014293006636 0.0 7.708014293006636 0.0 1.683158509960594 40
stats: {freemem,"tsung_controller@ip-172-31-57-233"} 1 638.16015625 0.0 690.98828125 634.5859375 671.8168945312501 40
stats: session 662 5692.297436555893 6338.626505277132 57097.949 8.244 9341.814687662676 5763
stats: users_count 668 6827
stats: finish_users_count 662 6425
stats: request 4069 441.46656721553313 1843.8810258321073 13816.627 0.523 1065.7643387249973 35796
stats: connect 1356 1.1868023598820059 1.1867222399545267 33.671 0.621 1.0666948211076626 12242
stats: page 1350 1274.651402962964 3993.249621227575 30441.412 1.14 3192.7645766324176 11777
stats: 200 148 4902
stats: size_rcv 1550431 19395487
stats: newphase 0 6
stats: 502 3158 25144
stats: size_sent 932656 12574447
stats: connected 8 404
stats: 400 736 8435
stats: 201 26 1367
stats: 500 1 17
# stats: dump at 1670024122
stats: users 376 422
stats: {load,"tsung_controller@ip-172-31-57-233"} 1 0.140625 0.0 0.140625 0.0 0.001714939024390244 41
stats: {cpu,"tsung_controller@ip-172-31-57-233"} 1 8.346055979643765 0.0 8.346055979643765 0.0 1.8301062119861071 41
stats: {freemem,"tsung_controller@ip-172-31-57-233"} 1 639.6953125 0.0 690.98828125 634.5859375 670.9959984756099 41
stats: session 693 6232.452075036072 6788.0482790922515 57097.949 8.244 8965.786606692607 6425
stats: users_count 667 7494
stats: finish_users_count 693 7118
stats: request 3986 525.139024084294 1918.2487216263385 13816.627 0.523 1002.0425870061459 39865
stats: connect 1312 1.0454984756097527 0.5916045268219406 33.671 0.614 1.078672010589793 13598
stats: page 1342 1520.4334828614003 4375.094015705888 30441.412 1.133 2995.5029948198357 13127
stats: 200 179 5081
stats: size_rcv 1478078 20873565
stats: newphase 0 6
stats: 502 3038 28182
stats: size_sent 938548 13512995
stats: connected -29 375
stats: 400 728 9163
stats: 201 41 1408
stats: 500 0 17
# stats: dump at 1670024132
stats: users 177 422
stats: {load,"tsung_controller@ip-172-31-57-233"} 1 0.109375 0.0 0.140625 0.0 0.005022321428571429 42
stats: {cpu,"tsung_controller@ip-172-31-57-233"} 1 7.936507936507936 0.0 8.346055979643765 0.0 1.9852478731208134 42
stats: {freemem,"tsung_controller@ip-172-31-57-233"} 1 640.07421875 0.0 690.98828125 634.5859375 670.2507440476193 42
stats: session 232 9915.859952586216 7163.933879027303 57097.949 8.244 8699.67241303737 7118
stats: users_count 33 7527
stats: finish_users_count 232 7350
stats: connect 144 1.127131944444444 0.6925973582437486 33.671 0.614 1.0757529175050302 14910
stats: page 329 5611.368790273553 7514.90366857339 30441.412 1.133 2858.690272098969 14469
stats: 200 193 5274
stats: request 894 2548.896163310964 3439.880687849384 13816.627 0.523 958.692661079565 43851
stats: size_rcv 617387 21490952
stats: newphase 0 6
stats: 502 458 28640
stats: size_sent 329990 13842985
stats: connected -186 189
stats: 400 195 9358
stats: 201 48 1456
stats: 500 0 17
# stats: dump at 1670024142
stats: users 8 422
stats: {load,"tsung_controller@ip-172-31-57-233"} 1 0.1015625 0.0 0.140625 0.0 0.007449127906976744 43
stats: {cpu,"tsung_controller@ip-172-31-57-233"} 1 2.5411061285500747 0.0 8.346055979643765 0.0 2.1236492699437695 43
stats: {freemem,"tsung_controller@ip-172-31-57-233"} 1 650.48046875 0.0 690.98828125 634.5859375 669.5489643895351 43
stats: session 169 17833.173059171593 6116.196915190137 57097.949 8.244 8738.060917687075 7350
stats: users_count 0 7527
stats: finish_users_count 169 7519
stats: request 401 892.776142144639 1390.8370226456475 13816.627 0.523 990.4647458040006 44745
stats: connect 0 0 0 33.671 0.614 1.0762443868739207 15054
stats: page 248 5927.16797983871 5970.891577407377 30441.412 1.133 2919.8898418029453 14798
stats: 200 207 5481
stats: size_rcv 234685 21725637
stats: newphase 0 6
stats: 502 0 28640
stats: size_sent 164425 14007410
stats: connected -181 8
stats: 400 127 9485
stats: 201 67 1523
stats: 500 0 17
# stats: dump at 1670024152
stats: users 0 422
stats: {load,"tsung_controller@ip-172-31-57-233"} 1 0.078125 0.0 0.140625 0.0 0.009588068181818182 44
stats: {cpu,"tsung_controller@ip-172-31-57-233"} 1 0.2508780732563974 0.0 8.346055979643765 0.0 2.1331369258211854 44
stats: {freemem,"tsung_controller@ip-172-31-57-233"} 1 682.7265625 0.0 690.98828125 634.5859375 669.1155894886365 44
stats: session 8 29373.23875 4010.773248921015 57097.949 8.244 8942.486233807687 7519
stats: users_count 0 7527
stats: finish_users_count 8 7527
stats: 200 8 5489
stats: request 16 6.916062500000002 3.167725474783721 13816.627 0.523 989.5970470030569 45146
stats: connect 0 0 0 33.671 0.614 1.0762443868739207 15054
stats: page 8 13.915750000000005 5.596743444852552 30441.412 1.133 2969.458164163232 15046
stats: size_rcv 2256 21727893
stats: newphase 0 6
stats: 502 0 28640
stats: size_sent 12261 14019671
stats: connected -8 0
stats: 400 8 9493
stats: 201 0 1523
stats: 500 0 17
# stats: dump at 1670024152
stats: users 0 422
stats: {load,"tsung_controller@ip-172-31-57-233"} 0 0 0 0.140625 0.0 0.011111111111111112 45
stats: {cpu,"tsung_controller@ip-172-31-57-233"} 0 0 0 8.346055979643765 0.0 2.091308951319746 45
stats: {freemem,"tsung_controller@ip-172-31-57-233"} 0 0 0 690.98828125 634.5859375 669.4180555555557 45
stats: session 0 0 0 57097.949 8.244 8964.200863823567 7527
stats: users_count 0 7527
stats: finish_users_count 0 7527
stats: request 0 0 0 13816.627 0.523 989.2489026393872 45162
stats: connect 0 0 0 33.671 0.614 1.0762443868739207 15054
stats: page 0 0 0 30441.412 1.133 2967.8875291616837 15054
stats: 200 0 5489
stats: size_rcv 0 21727893
stats: newphase 0 6
stats: 502 0 28640
stats: size_sent 0 14019671
stats: connected 0 0
stats: 400 0 9493
stats: 201 0 1523
stats: 500 0 17
EndMonitor:{1670,24152,994524}
