# stats: dump at 1669971396
stats: users 12 12
stats: {freemem,"tsung_controller@ip-172-31-54-152"} 1 669.90234375 0 669.90234375 669.90234375 0 0
stats: {load,"tsung_controller@ip-172-31-54-152"} 1 0.0 0 0.0 0.0 0 0
stats: {cpu,"tsung_controller@ip-172-31-54-152"} 1 2.1285238236518773 0 2.1285238236518773 2.1285238236518773 0 0
stats: users_count 12 12
stats: finish_users_count 0 0
stats: 200 9 9
stats: request 9 542.3551111111111 150.16243384966268 768.234 334.252 0 0
stats: size_rcv 2402 2402
stats: size_sent 9277 9277
stats: connect 12 1.6432499999999999 1.2829766901623738 5.888 1.178 0 0
stats: connected 12 12
# stats: dump at 1669971406
stats: users 29 29
stats: {freemem,"tsung_controller@ip-172-31-54-152"} 1 669.97265625 0.0 669.97265625 669.90234375 669.90234375 1
stats: {load,"tsung_controller@ip-172-31-54-152"} 1 0.0 0.0 0.0 0.0 0.0 1
stats: {cpu,"tsung_controller@ip-172-31-54-152"} 1 0.3494757863205192 0.0 2.1285238236518773 0.3494757863205192 2.1285238236518773 1
stats: users_count 17 29
stats: finish_users_count 0 0
stats: page 2 16467.185 669.8719999999998 17137.057 15797.313 0 0
stats: 200 8 17
stats: request 16 4937.270124999999 3208.373924707262 14189.648 334.252 542.3551111111111 9
stats: size_rcv 1445497 1447899
stats: size_sent 12393 21670
stats: connected 17 29
stats: connect 17 1.4717647058823526 0.605187334089669 5.888 1.178 1.6432499999999999 12
stats: 201 1 1
stats: 500 7 7
# stats: dump at 1669971416
stats: users 38 38
stats: {freemem,"tsung_controller@ip-172-31-54-152"} 1 668.24609375 0.0 669.97265625 668.24609375 669.9375 2
stats: {load,"tsung_controller@ip-172-31-54-152"} 1 0.0 0.0 0.0 0.0 0.0 2
stats: {cpu,"tsung_controller@ip-172-31-54-152"} 1 0.25 0.0 2.1285238236518773 0.25 1.2389998049861983 2
stats: session 3 22077.565 2840.626517841795 24932.988 18202.68 0 0
stats: users_count 12 41
stats: finish_users_count 3 3
stats: request 51 5167.410529411766 4704.044087240789 23851.506 7.571 3355.1007199999995 25
stats: connect 12 2.0474166666666664 1.0285289218371818 5.888 1.178 1.5427241379310341 29
stats: page 17 14174.170588235294 6079.535737297903 25316.681 1679.568 16467.185 2
stats: 200 10 27
stats: size_rcv 2173404 3621303
stats: size_sent 20643 42313
stats: connected 9 38
stats: 201 9 10
stats: 500 32 39
# stats: dump at 1669971426
stats: users 35 41
stats: {freemem,"tsung_controller@ip-172-31-54-152"} 1 665.51171875 0.0 669.97265625 665.51171875 669.3736979166666 3
stats: {load,"tsung_controller@ip-172-31-54-152"} 1 0.0 0.0 0.0 0.0 0.0 3
stats: {cpu,"tsung_controller@ip-172-31-54-152"} 1 0.3001500750375188 0.0 2.1285238236518773 0.25 0.9093332033241323 3
stats: session 15 23621.123133333334 5068.064626440826 37651.148 18202.68 22077.565 3
stats: users_count 12 53
stats: finish_users_count 15 18
stats: request 61 5205.807032786885 6015.26063638001 31385.359 4.896 4571.255986842106 76
stats: connect 12 1.33775 0.22966937286746206 5.888 1.178 1.6904390243902436 41
stats: page 22 9473.072454545452 7270.164775891357 33896.36 1679.568 14415.54052631579 19
stats: 200 25 52
stats: size_rcv 2173719 5795022
stats: size_sent 32043 74356
stats: connected -1 37
stats: 201 2 12
stats: 500 34 73
# stats: dump at 1669971436
stats: users 29 41
stats: {freemem,"tsung_controller@ip-172-31-54-152"} 1 663.19921875 0.0 669.97265625 663.19921875 668.408203125 4
stats: {load,"tsung_controller@ip-172-31-54-152"} 1 0.0 0.0 0.0 0.0 0.0 4
stats: {cpu,"tsung_controller@ip-172-31-54-152"} 1 0.4495504495504496 0.0 2.1285238236518773 0.25 0.7570374212524789 4
stats: session 13 26207.546230769232 7839.494827500137 43794.513 18202.68 23363.863444444447 18
stats: users_count 7 60
stats: finish_users_count 13 31
stats: request 71 5466.2148591549285 7114.070017824007 38898.851 4.896 4853.793313868613 137
stats: connect 7 1.483142857142857 0.44231321435362614 5.888 1.168 1.6105849056603772 53
stats: page 32 12825.719406249997 9384.108324719786 41248.246 1302.865 11763.484487804877 41
stats: 200 25 77
stats: size_rcv 2176071 7971093
stats: size_sent 22091 96447
stats: connected -8 29
stats: 201 7 19
stats: 500 39 112
# stats: dump at 1669971446
stats: users 14 41
stats: {freemem,"tsung_controller@ip-172-31-54-152"} 1 662.93359375 0.0 669.97265625 662.93359375 667.36640625 5
stats: {load,"tsung_controller@ip-172-31-54-152"} 1 0.0 0.0 0.0 0.0 0.0 5
stats: {cpu,"tsung_controller@ip-172-31-54-152"} 1 0.35000000000000003 0.0 2.1285238236518773 0.25 0.6955400269120731 5
stats: session 15 28769.375066666675 11929.460264222926 52561.859 15246.408 24556.375580645163 31
stats: users_count 0 60
stats: finish_users_count 15 46
stats: request 46 4254.324543478261 7755.74279937309 38898.851 4.896 5062.841052884615 208
stats: connect 0 0 0 5.888 1.168 1.5957166666666667 60
stats: page 24 12699.641250000002 14492.869773700992 44803.302 29.299 12229.121712328764 73
stats: 200 23 100
stats: size_rcv 1448532 9419625
stats: size_sent 24955 121402
stats: connected -15 14
stats: 201 6 25
stats: 500 17 129
# stats: dump at 1669971456
stats: users 29 41
stats: {freemem,"tsung_controller@ip-172-31-54-152"} 1 663.046875 0.0 669.97265625 662.93359375 666.6276041666666 6
stats: {load,"tsung_controller@ip-172-31-54-152"} 1 0.0 0.0 0.0 0.0 0.0 6
stats: {cpu,"tsung_controller@ip-172-31-54-152"} 1 0.3498250874562719 0.0 2.1285238236518773 0.25 0.6379500224267275 6
stats: session 5 29831.3336 12788.153561254425 52561.859 15246.408 25930.179760869567 46
stats: users_count 20 80
stats: finish_users_count 5 51
stats: request 26 5867.215807692308 10776.332036869737 38898.851 4.896 4916.4168031496065 254
stats: connect 19 1.752578947368421 1.1407471381691026 5.888 1.159 1.5957166666666667 60
stats: page 8 13783.808125 16181.76751585898 44803.302 29.299 12345.538917525771 97
stats: 200 20 120
stats: size_rcv 2169352 11588977
stats: newphase 1 1
stats: size_sent 21898 143300
stats: connected 14 28
stats: 201 3 28
stats: 500 3 132
# stats: dump at 1669971466
stats: users 49 49
stats: {freemem,"tsung_controller@ip-172-31-54-152"} 1 667.32421875 0.0 669.97265625 662.93359375 666.1160714285714 7
stats: {load,"tsung_controller@ip-172-31-54-152"} 1 0.0 0.0 0.0 0.0 0.0 7
stats: {cpu,"tsung_controller@ip-172-31-54-152"} 1 0.4497751124437781 0.0 2.1285238236518773 0.25 0.5967893174309481 7
stats: session 4 38067.02875 18698.916639553016 62398.45 15193.71 26312.645823529416 51
stats: users_count 24 104
stats: finish_users_count 4 55
stats: request 49 6254.936775510204 8010.325014164749 38898.851 4.896 5004.705282142857 280
stats: connect 25 1.2984 0.18935828474085836 5.888 1.139 1.6334430379746836 79
stats: page 10 19040.643 18635.490320805577 48124.204 29.299 12455.121333333333 105
stats: 200 16 136
stats: size_rcv 2175129 13764106
stats: newphase 0 1
stats: size_sent 29337 172637
stats: connected 21 49
stats: 201 1 29
stats: 500 32 164
# stats: dump at 1669971476
stats: users 62 63
stats: {freemem,"tsung_controller@ip-172-31-54-152"} 1 665.67578125 0.0 669.97265625 662.93359375 666.26708984375 8
stats: {load,"tsung_controller@ip-172-31-54-152"} 1 0.0 0.0 0.0 0.0 0.0 8
stats: {cpu,"tsung_controller@ip-172-31-54-152"} 1 0.29985007496251875 0.0 2.1285238236518773 0.25 0.5784125418075519 8
stats: session 8 34565.260375 17454.329033758244 62398.45 15193.71 27167.510036363637 55
stats: users_count 21 125
stats: finish_users_count 8 63
stats: 200 10 146
stats: request 73 5857.062328767122 5550.957434878905 38898.851 4.896 5190.909972644377 329
stats: size_rcv 1460522 15224628
stats: newphase 0 1
stats: connect 21 1.404095238095238 0.688843952524594 5.888 1.113 1.5529038461538462 104
stats: size_sent 29058 201695
stats: connected 13 62
stats: page 23 13560.847304347826 8323.360079581813 48124.204 29.299 13027.775391304347 115
stats: 201 0 29
stats: 500 63 227
# stats: dump at 1669971486
stats: users 65 66
stats: {freemem,"tsung_controller@ip-172-31-54-152"} 1 663.95703125 0.0 669.97265625 662.93359375 666.2013888888889 9
stats: {load,"tsung_controller@ip-172-31-54-152"} 1 0.0 0.0 0.0 0.0 0.0 9
stats: {cpu,"tsung_controller@ip-172-31-54-152"} 1 0.4495504495504496 0.0 2.1285238236518773 0.25 0.5474611566025482 9
stats: session 16 27411.715437500003 7053.8322570123355 62398.45 15193.71 28106.90690476191 63
stats: users_count 19 144
stats: finish_users_count 16 79
stats: 200 17 163
stats: request 86 5717.342709302324 3958.178148516967 38898.851 4.896 5311.877937810945 402
stats: size_rcv 740745 15965373
stats: newphase 0 1
stats: size_sent 21651 223346
stats: connect 18 1.7074444444444448 1.1153127225741677 5.888 1.113 1.527904 125
stats: connected 2 64
stats: page 35 14536.068428571425 9927.721820665438 50176.691 29.299 13116.620710144925 138
stats: 201 0 29
stats: 500 69 296
# stats: dump at 1669971496
stats: users 65 70
stats: {freemem,"tsung_controller@ip-172-31-54-152"} 1 663.26171875 0.0 669.97265625 662.93359375 665.976953125 10
stats: {load,"tsung_controller@ip-172-31-54-152"} 1 0.0 0.0 0.0 0.0 0.0 10
stats: {cpu,"tsung_controller@ip-172-31-54-152"} 1 0.3001500750375188 0.0 2.1285238236518773 0.25 0.5376700858973383 10
stats: session 21 29822.950952380957 10041.123535966864 62398.45 15193.71 27966.108632911397 79
stats: users_count 21 165
stats: finish_users_count 21 100
stats: request 114 6486.442122807019 7252.147922850606 41347.002 4.251 5383.332795081967 488
stats: connect 22 1.3571363636363638 0.3050076445322978 5.888 1.113 1.5505034965034965 143
stats: page 44 15546.823681818181 11283.066650657627 50176.691 29.299 13403.792213872832 173
stats: 200 34 197
stats: size_rcv 4406534 20371907
stats: newphase 0 1
stats: size_sent 37491 260837
stats: connected 1 65
stats: 201 4 33
stats: 500 76 372
# stats: dump at 1669971506
stats: users 54 70
stats: {freemem,"tsung_controller@ip-172-31-54-152"} 1 663.0390625 0.0 669.97265625 662.93359375 665.7301136363636 11
stats: {load,"tsung_controller@ip-172-31-54-152"} 1 0.0 0.0 0.0 0.0 0.0 11
stats: {cpu,"tsung_controller@ip-172-31-54-152"} 1 0.5494505494505495 0.0 2.1285238236518773 0.25 0.5160773576373547 11
stats: session 24 34283.389375000006 10020.708949003485 62398.45 15193.71 28356.045520000007 100
stats: users_count 13 178
stats: finish_users_count 24 124
stats: request 112 4797.419830357144 4122.042950872241 41837.829 4.251 5592.227252491694 602
stats: connect 12 1.4167500000000002 0.38943209185513544 5.888 1.113 1.5247212121212121 165
stats: page 47 13025.624234042554 8959.420439763519 50176.691 29.299 13838.323940092165 217
stats: 200 30 227
stats: size_rcv 744605 21116512
stats: newphase 0 1
stats: size_sent 37049 297886
stats: connected -11 54
stats: 201 3 36
stats: 500 79 451
# stats: dump at 1669971516
stats: users 73 75
stats: {freemem,"tsung_controller@ip-172-31-54-152"} 1 662.75 0.0 669.97265625 662.75 665.505859375 12
stats: {load,"tsung_controller@ip-172-31-54-152"} 1 0.0 0.0 0.0 0.0 0.0 12
stats: {cpu,"tsung_controller@ip-172-31-54-152"} 1 0.35052578868302453 0.0 2.1285238236518773 0.25 0.518858456955121 12
stats: session 20 25559.006849999994 7432.851823359465 62398.45 15193.71 29503.273362903234 124
stats: users_count 39 217
stats: finish_users_count 20 144
stats: request 93 4936.937322580648 5964.504595856079 42679.101 4.133 5467.551578431373 714
stats: page 39 13500.537333333334 12859.628361701363 54966.06 29.299 13693.638765151516 264
stats: 200 31 258
stats: size_rcv 1461969 22578481
stats: newphase 1 2
stats: size_sent 39239 337125
stats: connected 20 74
stats: 201 1 37
stats: 500 61 512
stats: connect 40 1.3794750000000002 0.32827770161099884 5.888 1.113 1.5174011299435026 177
# stats: dump at 1669971526
stats: users 95 95
stats: {freemem,"tsung_controller@ip-172-31-54-152"} 1 663.3671875 0.0 669.97265625 662.75 665.2938701923077 13
stats: {load,"tsung_controller@ip-172-31-54-152"} 1 0.0 0.0 0.0 0.0 0.0 13
stats: {cpu,"tsung_controller@ip-172-31-54-152"} 1 0.5988023952095809 0.0 2.1285238236518773 0.25 0.5059097901649597 13
stats: session 14 35164.07692857143 15077.647935994646 65751.123 15193.71 28955.45856944445 144
stats: users_count 36 253
stats: finish_users_count 14 158
stats: page 32 15904.640687499998 11943.592925956676 54966.06 29.299 13668.784125412541 303
stats: 200 29 287
stats: request 121 7094.799776859503 6699.352991680785 42679.101 4.133 5406.402723667907 807
stats: connect 35 1.4253428571428572 0.5746835125456765 5.888 1.113 1.4919769585253457 217
stats: size_rcv 3636380 26214861
stats: newphase 0 2
stats: size_sent 45805 382930
stats: connected 20 94
stats: 201 6 43
stats: 500 86 598
# stats: dump at 1669971536
stats: users 115 116
stats: {freemem,"tsung_controller@ip-172-31-54-152"} 1 661.828125 0.0 669.97265625 661.828125 665.15625 14
stats: {load,"tsung_controller@ip-172-31-54-152"} 1 0.0 0.0 0.0 0.0 0.0 14
stats: {cpu,"tsung_controller@ip-172-31-54-152"} 1 0.7003501750875438 0.0 2.1285238236518773 0.25 0.5125449762395755 14
stats: session 11 28513.108545454546 2441.289627205087 65751.123 15193.71 29505.589310126586 158
stats: users_count 31 284
stats: finish_users_count 11 169
stats: 200 13 300
stats: request 102 7337.173617647055 3843.8276283626556 42679.101 4.133 5626.549322198277 928
stats: size_rcv 745327 26960188
stats: newphase 0 2
stats: connect 32 1.6195937499999995 0.889585888889284 5.888 1.113 1.4827222222222223 252
stats: size_sent 38786 421716
stats: connected 22 116
stats: page 34 18703.82458823529 10025.702109364802 54966.06 29.299 13882.35848358209 335
stats: 201 2 45
stats: 500 87 685
# stats: dump at 1669971546
stats: users 135 136
stats: {freemem,"tsung_controller@ip-172-31-54-152"} 1 660.6640625 0.0 669.97265625 660.6640625 664.934375 15
stats: {load,"tsung_controller@ip-172-31-54-152"} 1 0.0 0.0 0.0 0.0 0.0 15
stats: {cpu,"tsung_controller@ip-172-31-54-152"} 1 0.5 0.0 2.1285238236518773 0.25 0.5250653228294401 15
stats: session 16 37220.03968749999 10832.141748521253 65937.006 15193.71 29440.989970414204 169
stats: users_count 36 320
stats: finish_users_count 16 185
stats: request 109 8903.12396330275 5860.244208397712 44423.362 4.133 5795.9509514563115 1030
stats: connect 36 1.3833333333333337 0.34229787223021596 5.888 0.957 1.4981443661971832 284
stats: page 43 19469.077209302326 7723.8132021716265 56925.811 29.299 14326.61281300813 369
stats: 200 22 322
stats: size_rcv 2190387 29150575
stats: newphase 0 2
stats: size_sent 39437 461153
stats: connected 19 135
stats: 201 1 46
stats: 500 86 771
# stats: dump at 1669971556
stats: users 168 168
stats: {freemem,"tsung_controller@ip-172-31-54-152"} 1 657.22265625 0.0 669.97265625 657.22265625 664.66748046875 16
stats: {load,"tsung_controller@ip-172-31-54-152"} 1 0.0 0.0 0.0 0.0 0.0 16
stats: {cpu,"tsung_controller@ip-172-31-54-152"} 1 0.30075187969924816 0.0 2.1285238236518773 0.25 0.5234987401526001 16stats: session 16 42175.186624999995 12074.774086139332 78687.52 15193.71 30113.77264864865 185
stats: users_count 49 369
stats: finish_users_count 16 201
stats: 200 28 350
stats: request 118 10672.774144067806 5119.461619385353 44423.362 4.133 6093.301134328359 1139
stats: size_rcv 2191039 31341614
stats: newphase 0 2
stats: connect 49 1.3338163265306124 0.3063700359322331 5.888 0.957 1.4852281250000001 320
stats: size_sent 45091 506244
stats: connected 33 168
stats: page 36 23993.582583333337 11545.576840668444 61086.001 29.299 14863.326330097088 412
stats: 201 1 47
stats: 500 89 860
# stats: dump at 1669971566
stats: users 196 196
stats: {freemem,"tsung_controller@ip-172-31-54-152"} 1 654.3359375 0.0 669.97265625 654.3359375 664.2295496323529 17
stats: {load,"tsung_controller@ip-172-31-54-152"} 1 0.0 0.0 0.0 0.0 0.0 17
stats: {cpu,"tsung_controller@ip-172-31-54-152"} 1 0.6006006006006006 0.0 2.1285238236518773 0.25 0.5103959836553441 17
stats: session 21 47486.75133333333 11172.511262880678 86023.833 15193.71 31073.8852039801 201
stats: users_count 49 418
stats: finish_users_count 21 222
stats: request 118 12672.198152542376 5033.9020299338545 44423.362 4.133 6523.195975338108 1257
stats: connect 48 1.6219375000000003 1.112449781755151 7.489 0.957 1.4651219512195122 369
stats: page 40 25852.54165 8148.152318901078 61086.001 29.299 15597.007636160717 448
stats: 200 40 390
stats: size_rcv 2189899 33531513
stats: newphase 0 2
stats: size_sent 46839 553083
stats: connected 27 195
stats: 201 5 52
stats: 500 73 933
# stats: dump at 1669971576
stats: users 213 219
stats: {freemem,"tsung_controller@ip-172-31-54-152"} 1 650.8125 0.0 669.97265625 650.8125 663.6799045138889 18
stats: {load,"tsung_controller@ip-172-31-54-152"} 1 0.0 0.0 0.0 0.0 0.0 18
stats: {cpu,"tsung_controller@ip-172-31-54-152"} 1 0.6009013520280421 0.0 2.1285238236518773 0.25 0.515407351263414 18
stats: session 39 32010.92433333333 22597.723205085433 86023.833 133.771 32626.453621621622 222
stats: users_count 56 474
stats: finish_users_count 39 261
stats: request 246 5744.542471544716 7618.987472328068 45235.237 0.657 7050.892162181821 1375
stats: connect 57 1.4718421052631578 0.5342501808806492 7.489 0.957 1.4831726618705035 417
stats: page 92 12819.403760869573 16404.404510929773 62231.218 1.466 16437.62517827869 488
stats: 200 20 410
stats: size_rcv 1513035 35044548
stats: newphase 1 3
stats: 502 148 148
stats: size_sent 69276 622359
stats: connected 18 213
stats: 201 1 53
stats: 500 77 1010
# stats: dump at 1669971586
stats: users 215 225
stats: {freemem,"tsung_controller@ip-172-31-54-152"} 1 649.34765625 0.0 669.97265625 649.34765625 663.0026726973684 19
stats: {load,"tsung_controller@ip-172-31-54-152"} 1 0.0 0.0 0.0 0.0 0.0 19
stats: {cpu,"tsung_controller@ip-172-31-54-152"} 1 0.7511266900350526 0.0 2.1285238236518773 0.25 0.5199070355141838 19
stats: session 66 24447.608393939387 25799.838949629193 86201.601 46.478 32534.477980842912 261
stats: users_count 68 542
stats: finish_users_count 66 327
stats: 200 12 422
stats: request 368 4362.568423913049 7600.625154321487 46001.773 0.656 6852.642918568787 1621
stats: size_rcv 829709 35874257
stats: newphase 0 3
stats: 502 273 421
stats: connect 68 1.6529264705882363 2.449739027614361 21.296 0.957 1.4818101265822783 474
stats: size_sent 94338 716697
stats: connected 2 215
stats: 201 1 54
stats: page 144 9616.47638888889 15754.590335008266 64649.603 1.446 15863.70040172414 580
stats: 500 82 1092
# stats: dump at 1669971596
stats: users 212 225
stats: {freemem,"tsung_controller@ip-172-31-54-152"} 1 649.16015625 0.0 669.97265625 649.16015625 662.319921875 20
stats: {load,"tsung_controller@ip-172-31-54-152"} 1 0.0 0.0 0.0 0.0 0.0 20
stats: {cpu,"tsung_controller@ip-172-31-54-152"} 1 0.5519317611640743 0.0 2.1285238236518773 0.25 0.5314680182402273 20
stats: session 71 23605.36183098591 23527.237353391713 86201.601 40.669 30902.2657706422 327
stats: users_count 68 610
stats: finish_users_count 71 398
stats: request 397 5124.522292191435 9216.973543417276 47335.248 0.656 6391.935319758675 1989
stats: connect 67 1.3639402985074622 0.5185921493150992 21.296 0.957 1.503278597785978 542
stats: page 155 11076.515399999997 17950.857252658312 71199.658 1.422 14621.158609116022 724
stats: 200 16 438
stats: size_rcv 3728400 39602657
stats: newphase 0 3
stats: 502 295 716
stats: size_sent 103255 819952
stats: connected -4 211
stats: 201 2 56
stats: 500 84 1176
# stats: dump at 1669971606
stats: users 214 225
stats: {freemem,"tsung_controller@ip-172-31-54-152"} 1 647.69140625 0.0 669.97265625 647.69140625 661.6932663690476 21
stats: {load,"tsung_controller@ip-172-31-54-152"} 1 0.0 0.0 0.0 0.0 0.0 21
stats: {cpu,"tsung_controller@ip-172-31-54-152"} 1 0.8504252126063032 0.0 2.1285238236518773 0.25 0.5324424821889819 21
stats: session 67 31390.274791044772 27844.351453221654 95522.884 40.669 29600.55677638191 398
stats: users_count 69 679
stats: finish_users_count 67 465
stats: request 355 5134.056250704223 8462.275626481058 50275.503 0.656 6181.05394006706 2386
stats: 200 21 459
stats: size_rcv 824395 40427052
stats: connect 69 1.7382898550724637 2.6868468999572945 23.644 0.957 1.4879490968801314 609
stats: newphase 0 3
stats: 502 255 971
stats: page 141 12576.994971631208 19322.469213717308 72162.633 1.422 13996.107758816837 879
stats: size_sent 92599 912551
stats: connected 2 213
stats: 201 4 60
stats: 500 75 1251
# stats: dump at 1669971616
stats: users 215 229
stats: {freemem,"tsung_controller@ip-172-31-54-152"} 1 646.5546875 0.0 669.97265625 646.5546875 661.0568181818181 22
stats: {load,"tsung_controller@ip-172-31-54-152"} 1 0.0 0.0 0.0 0.0 0.0 22
stats: {cpu,"tsung_controller@ip-172-31-54-152"} 1 0.998502246630055 0.0 2.1285238236518773 0.25 0.5468962426624966 22
stats: session 77 28835.00590909091 25953.763903549036 95522.884 40.669 29858.43012473118 465
stats: users_count 78 757
stats: finish_users_count 77 542
stats: connect 79 1.392253164556962 0.34158341155118704 23.644 0.957 1.5134262536873158 678
stats: 200 28 487
stats: page 164 15070.645524390246 20857.687474913124 76335.408 1.422 13799.936285294118 1020
stats: size_rcv 3001200 43428252
stats: newphase 0 3
stats: 502 270 1241
stats: size_sent 98562 1011113
stats: connected 2 215
stats: 201 1 61
stats: 500 94 1345
stats: request 393 5697.1234147582745 9193.253331637557 53326.763 0.645 6045.452269244803 2741
# stats: dump at 1669971626
stats: users 216 229
stats: {freemem,"tsung_controller@ip-172-31-54-152"} 1 645.57421875 0.0 669.97265625 645.57421875 660.4262907608695 23
stats: {load,"tsung_controller@ip-172-31-54-152"} 1 0.0 0.0 0.0 0.0 0.0 23
stats: {cpu,"tsung_controller@ip-172-31-54-152"} 1 1.0510510510510511 0.0 2.1285238236518773 0.25 0.56653128631326 23
stats: session 75 29250.672799999993 24924.06236253548 95522.884 15.369 29713.035909594095 542
stats: users_count 76 833
stats: finish_users_count 75 617
stats: request 401 4648.590618453868 8378.965584365678 57236.023 0.645 6001.772231014679 3134
stats: connect 76 1.422605263157894 0.44638852203420076 23.644 0.957 1.5007807133421402 757
stats: page 165 13753.861757575758 20103.80695341641 78437.636 1.422 13975.946686655405 1184
stats: 200 27 514
stats: size_rcv 2282707 45710959
stats: newphase 0 3
stats: 502 292 1533
stats: size_sent 106511 1117624
stats: connected 1 216
stats: 201 3 64
stats: 500 79 1424
# stats: dump at 1669971636
stats: users 236 238
stats: {freemem,"tsung_controller@ip-172-31-54-152"} 1 648.50390625 0.0 669.97265625 645.57421875 659.8074544270833 24
stats: {load,"tsung_controller@ip-172-31-54-152"} 1 0.0 0.0 0.0 0.0 0.0 24
stats: {cpu,"tsung_controller@ip-172-31-54-152"} 1 1.3979031452820767 0.0 2.1285238236518773 0.25 0.5867196098440013 24
stats: session 121 24131.01002479339 28442.67006022271 100190.291 15.369 29656.83293841167 617
stats: users_count 141 974
stats: finish_users_count 121 738
stats: request 603 3151.956661691542 6845.301470506027 57248.973 0.64 5848.271289957569 3535
stats: connect 133 1.604992481203009 1.2037127995094454 23.644 0.957 1.4936482593037215 833
stats: page 240 8429.8753375 15573.484122311946 81806.173 1.409 13948.78285174203 1349
stats: 200 52 566
stats: size_rcv 1671174 47382133
stats: newphase 1 4
stats: 502 484 2017
stats: size_sent 164687 1282311
stats: connected 17 233
stats: 201 6 70
stats: 500 61 1485
# stats: dump at 1669971646
stats: users 244 248
stats: {freemem,"tsung_controller@ip-172-31-54-152"} 1 647.80859375 0.0 669.97265625 645.57421875 659.3553125 25
stats: {load,"tsung_controller@ip-172-31-54-152"} 1 0.0 0.0 0.0 0.0 0.0 25
stats: {cpu,"tsung_controller@ip-172-31-54-152"} 1 1.95 0.0 2.1285238236518773 0.25 0.6191669512615243 25
stats: session 179 19835.483346368714 24668.000271651996 100190.291 15.369 28750.837582655826 738
stats: users_count 187 1161
stats: finish_users_count 179 917
stats: request 856 2366.577357476637 5889.2885992642005 57248.973 0.621 5455.357389318512 4138
stats: connect 183 1.3718961748633882 0.49855947147495894 23.644 0.957 1.5089782608695654 966
stats: page 348 6738.510270114937 13505.783248074102 84379.322 1.403 13115.215952171176 1589
stats: 200 55 621
stats: size_rcv 1748596 49130729
stats: newphase 0 4
stats: 502 723 2740
stats: size_sent 224933 1507244
stats: connected 6 239
stats: 201 8 78
stats: 500 70 1555
# stats: dump at 1669971656
stats: users 245 258
stats: {freemem,"tsung_controller@ip-172-31-54-152"} 1 647.078125 0.0 669.97265625 645.57421875 658.9112079326923 26
stats: {load,"tsung_controller@ip-172-31-54-152"} 1 0.0 0.0 0.0 0.0 0.0 26
stats: {cpu,"tsung_controller@ip-172-31-54-152"} 1 2.1901443504230964 0.0 2.1901443504230964 0.25 0.6703528377514657 26
stats: session 162 16112.342320987653 21418.844589062996 100190.291 15.369 27010.54488004362 917
stats: users_count 163 1324
stats: finish_users_count 162 1079
stats: 200 38 659
stats: size_rcv 1698887 50829616
stats: request 847 2356.9637296339997 5922.87379218928 58923.698 0.621 4925.922926511816 4994
stats: newphase 0 4
stats: 502 715 3455
stats: size_sent 212606 1719850
stats: connected 5 244
stats: connect 166 1.41006626506024 0.6428307702835947 23.644 0.957 1.4871453437771978 1149
stats: 201 1 79
stats: 500 93 1648
stats: page 327 5055.309125382254 12363.879529861844 87108.368 1.403 11969.581684047494 1937
# stats: dump at 1669971666
stats: users 241 258
stats: {freemem,"tsung_controller@ip-172-31-54-152"} 1 648.48828125 0.0 669.97265625 645.57421875 658.4729456018518 27
stats: {load,"tsung_controller@ip-172-31-54-152"} 1 0.0 0.0 0.0 0.0 0.0 27
stats: {cpu,"tsung_controller@ip-172-31-54-152"} 1 1.899050474762619 0.0 2.1901443504230964 0.25 0.7266414122948595 27
stats: session 156 13624.490378205133 17682.649781589666 106859.679 15.261 25374.29945412419 1079
stats: users_count 152 1476
stats: finish_users_count 156 1235
stats: request 766 2433.149945169712 5976.5437663161565 58923.698 0.621 4553.399653141586 5841
stats: connect 156 1.3318333333333336 0.38874191942023684 23.644 0.957 1.4774152091254753 1315
stats: 200 39 698
stats: size_rcv 1673218 52502834
stats: newphase 0 4
stats: 502 643 4098
stats: size_sent 191920 1911770
stats: connected 0 244
stats: 201 4 83
stats: 500 80 1728
stats: page 308 6123.11752922078 14186.805118077693 92833.241 1.363 10970.921292402825 2264
# stats: dump at 1669971676
stats: users 248 258
stats: {freemem,"tsung_controller@ip-172-31-54-152"} 1 648.09765625 0.0 669.97265625 645.57421875 658.1163504464286 28
stats: {load,"tsung_controller@ip-172-31-54-152"} 1 0.0 0.0 0.0 0.0 0.0 28
stats: {cpu,"tsung_controller@ip-172-31-54-152"} 1 1.3513513513513513 0.0 2.1901443504230964 0.25 0.7685131645258508 28
stats: session 146 14300.767890410956 18401.69959685204 106859.679 15.261 23890.113044534417 1235
stats: users_count 153 1629
stats: finish_users_count 146 1381
stats: request 768 1963.5132200520866 5391.5097149086405 58923.698 0.621 4307.58290177085 6607
stats: connect 150 1.4010200000000015 0.6082724441125593 23.644 0.957 1.4619762066621347 1471
stats: page 308 4980.027295454543 11051.572088839277 92833.241 1.363 10390.391137247278 2572
stats: 200 14 712
stats: size_rcv 955295 53458129
stats: newphase 0 4
stats: 502 673 4771
stats: size_sent 177055 2088825
stats: connected 0 244
stats: 201 0 83
stats: 500 81 1809
# stats: dump at 1669971686
stats: users 238 258
stats: {freemem,"tsung_controller@ip-172-31-54-152"} 1 648.59765625 0.0 669.97265625 645.57421875 657.7708782327586 29
stats: {load,"tsung_controller@ip-172-31-54-152"} 1 0.0 0.0 0.0 0.0 0.0 29
stats: {cpu,"tsung_controller@ip-172-31-54-152"} 1 1.5968063872255487 0.0 2.1901443504230964 0.25 0.7886110330370749 29
stats: session 170 14694.580094117646 19401.505037130744 109923.199 15.261 22876.322753077482 1381
stats: users_count 160 1789
stats: finish_users_count 170 1551
stats: request 832 2131.0837932692284 6610.22393979318 60007.972 0.621 4063.4818149152557 7375
stats: connect 163 1.4421226993865035 0.7492596736542626 23.644 0.957 1.4563355953115362 1621
stats: page 336 5631.73780654762 14023.930045520723 92833.241 1.363 9811.782781944443 2880
stats: 504 1 1
stats: 200 17 729
stats: size_rcv 2420827 55878956
stats: newphase 0 4
stats: 502 742 5513
stats: size_sent 196506 2285331
stats: connected -3 241
stats: 201 2 85
stats: 500 70 1879
# stats: dump at 1669971696
stats: users 289 293
stats: {freemem,"tsung_controller@ip-172-31-54-152"} 1 650.71875 0.0 669.97265625 645.57421875 657.4651041666667 30
stats: {load,"tsung_controller@ip-172-31-54-152"} 1 0.0 0.0 0.0 0.0 0.0 30
stats: {cpu,"tsung_controller@ip-172-31-54-152"} 1 1.3527054108216432 0.0 2.1901443504230964 0.25 0.8155508781766907 30
stats: session 232 11693.800418103452 17225.306403740276 109923.199 15.261 21979.548896196004 1551
stats: users_count 283 2072
stats: finish_users_count 232 1783
stats: connect 273 1.4667362637362642 0.7666077673130646 23.644 0.787 1.4550369955156954 1784
stats: page 505 4492.12989108911 12038.060467373247 92833.241 1.363 9375.06166511194 3216
stats: request 1294 1811.1794312210222 5809.716538710321 60007.972 0.621 3867.581345314976 8207
stats: 504 0 1
stats: 200 45 774
stats: size_rcv 2559765 58438721
stats: newphase 1 5
stats: 502 1167 6680
stats: size_sent 309112 2594443
stats: connected 41 282
stats: 201 2 87
stats: 500 80 1959
# stats: dump at 1669971706
stats: users 286 301
stats: {freemem,"tsung_controller@ip-172-31-54-152"} 1 648.3984375 0.0 669.97265625 645.57421875 657.2474798387096 31
stats: {load,"tsung_controller@ip-172-31-54-152"} 1 0.0 0.0 0.0 0.0 0.0 31
stats: {cpu,"tsung_controller@ip-172-31-54-152"} 1 2.6013006503251628 0.0 2.6013006503251628 0.25 0.8328784437458827 31
stats: session 305 9494.961577049171 14895.279636953106 109923.199 12.477 20641.190148625912 1783
stats: users_count 302 2374
stats: finish_users_count 305 2088
stats: connect 306 1.421764705882354 0.6495186378977492 23.644 0.787 1.4565896937287315 2057
stats: page 604 2824.8667682119194 9016.381438337698 92833.241 1.363 8712.368693899489 3721
stats: 504 0 1
stats: request 1503 1105.1479999999985 4416.895801856047 60007.972 0.621 3587.5072397642366 9501
stats: 200 37 811
stats: size_rcv 1905020 60343741
stats: newphase 0 5
stats: 502 1403 8083
stats: size_sent 345566 2940009
stats: connected 3 285
stats: 201 1 88
stats: 500 62 2021
# stats: dump at 1669971716
stats: users 278 301
stats: {freemem,"tsung_controller@ip-172-31-54-152"} 1 645.421875 0.0 669.97265625 645.421875 656.970947265625 32
stats: {load,"tsung_controller@ip-172-31-54-152"} 1 0.0 0.0 0.0 0.0 0.0 32
stats: {cpu,"tsung_controller@ip-172-31-54-152"} 1 3.2402791625124627 0.0 3.2402791625124627 0.25 0.8881416377014852 32
stats: session 308 8824.942974025977 15238.023168814443 118614.465 8.438 19013.029365900384 2088
stats: users_count 300 2674
stats: finish_users_count 308 2396
stats: 504 0 1
stats: 200 23 834
stats: request 1524 1051.7760124671963 4420.297942584201 60007.972 0.621 3248.4499935478016 11004
stats: size_rcv 1243139 61586880
stats: newphase 0 5
stats: connect 303 1.4638019801980204 0.8231068690539931 23.644 0.787 1.452079983072366 2363
stats: 502 1437 9520
stats: size_sent 348630 3288639
stats: page 618 2972.1144223300953 10358.861524784292 92833.241 1.358 7890.160332485548 4325
stats: connected -4 281
stats: 201 1 89
stats: 500 64 2085
# stats: dump at 1669971726
stats: users 297 311
stats: {freemem,"tsung_controller@ip-172-31-54-152"} 1 643.921875 0.0 669.97265625 643.921875 656.6209753787879 33
stats: {load,"tsung_controller@ip-172-31-54-152"} 1 0.0 0.0 0.0 0.0 0.0 33
stats: {cpu,"tsung_controller@ip-172-31-54-152"} 1 2.897102897102897 0.0 3.2402791625124627 0.25 0.9594185323927269 33
stats: session 331 9683.04355287009 15960.853103227684 118614.465 8.438 17703.375522537564 2396
stats: users_count 350 3024
stats: finish_users_count 331 2727
stats: request 1734 1465.9870265282575 5665.209670110253 60007.972 0.614 2981.23007439336 12528
stats: 504 1 2
stats: connect 352 1.4424090909090899 0.8388128534417996 23.644 0.787 1.4534122280570148 2666
stats: 200 48 882
stats: size_rcv 3419399 65006279
stats: newphase 0 5
stats: 502 1612 11132
stats: size_sent 405666 3694305
stats: connected 23 304
stats: 201 8 97
stats: 500 64 2149
stats: page 681 3402.9690763583008 11709.907181240209 93356.634 1.333 7275.2802247622885 4943
# stats: dump at 1669971736
stats: users 284 311
stats: {freemem,"tsung_controller@ip-172-31-54-152"} 1 642.18359375 0.0 669.97265625 642.18359375 656.2474724264706 34
stats: {load,"tsung_controller@ip-172-31-54-152"} 1 0.0 0.0 0.0 0.0 0.0 34
stats: {cpu,"tsung_controller@ip-172-31-54-152"} 1 3.794308537194209 0.0 3.794308537194209 0.25 1.0164092490018495 34
stats: session 327 9777.289229357806 14594.106098793873 118614.465 8.438 16729.87721598827 2727
stats: users_count 314 3338
stats: finish_users_count 327 3054
stats: request 1562 1299.8439769526271 4597.13691899384 60007.972 0.614 2797.0040580563746 14262
stats: page 625 3386.5329408000016 10419.197482910826 93356.634 1.333 6806.389063300141 5624
stats: 504 1 3
stats: 200 29 911
stats: size_rcv 477194 65483473
stats: newphase 0 5
stats: 502 1436 12568
stats: size_sent 349893 4044198
stats: connected -15 289
stats: 201 1 98
stats: 500 96 2245
stats: connect 307 1.3608045602605856 0.645753546320163 23.644 0.787 1.4521288933068262 3018
# stats: dump at 1669971746
stats: users 281 321
stats: {freemem,"tsung_controller@ip-172-31-54-152"} 1 641.86328125 0.0 669.97265625 641.86328125 655.8456473214286 35
stats: {load,"tsung_controller@ip-172-31-54-152"} 1 0.0 0.0 0.0 0.0 0.0 35
stats: {cpu,"tsung_controller@ip-172-31-54-152"} 1 3.106212424849699 0.0 3.794308537194209 0.25 1.0957778000930598 35
stats: session 321 8727.060735202485 13109.015127442948 118614.465 8.438 15985.444907007206 3054
stats: users_count 318 3656
stats: finish_users_count 321 3375
stats: connect 321 1.5026074766355133 1.0304103174218489 23.644 0.787 1.4436968421052636 3325
stats: request 1636 1059.5201063569648 4222.894757496299 60007.972 0.614 2649.218160262893 15824
stats: page 657 2603.3510624048677 8555.110253761748 93356.634 1.333 6464.348724595934 6249
stats: 504 0 3
stats: 200 25 936
stats: size_rcv 2665785 68149258
stats: newphase 0 5
stats: 502 1526 14094
stats: size_sent 367587 4411785
stats: connected -13 276
stats: 201 0 98
stats: 500 84 2329
# stats: dump at 1669971756
stats: users 405 408
stats: {freemem,"tsung_controller@ip-172-31-54-152"} 1 641.75390625 0.0 669.97265625 641.75390625 655.4572482638889 36
stats: {load,"tsung_controller@ip-172-31-54-152"} 1 0.0 0.0 0.0 0.0 0.0 36
stats: {cpu,"tsung_controller@ip-172-31-54-152"} 1 3.3600802407221666 0.0 3.794308537194209 0.25 1.1516232063362999 36
stats: session 478 7563.852541841008 13623.341073387075 118614.465 8.438 15295.091923555558 3375
stats: users_count 602 4258
stats: finish_users_count 478 3853
stats: request 2674 806.5107935676921 3800.396044633225 60007.972 0.614 2500.2636347079047 17460
stats: connect 595 1.32768067226891 0.5631308389062697 23.644 0.787 1.4488834339001648 3646
stats: page 1049 2327.481286939941 8691.614195913506 93356.634 1.333 6097.034003475237 6906
stats: 504 0 3
stats: 200 46 982
stats: size_rcv 3706527 71855785
stats: newphase 1 6
stats: 502 2538 16632
stats: size_sent 602203 5013988
stats: connected 128 404
stats: 201 3 101
stats: 500 87 2416
# stats: dump at 1669971766
stats: users 397 414
stats: {freemem,"tsung_controller@ip-172-31-54-152"} 1 638.23828125 0.0 669.97265625 638.23828125 655.086887668919 37
stats: {load,"tsung_controller@ip-172-31-54-152"} 1 0.0 0.0 0.0 0.0 0.0 37
stats: {cpu,"tsung_controller@ip-172-31-54-152"} 1 6.112224448897796 0.0 6.112224448897796 0.25 1.2113112342926748 37
stats: session 626 6450.78325239617 10170.557952474968 118614.465 8.438 14335.960746690893 3853
stats: users_count 618 4876
stats: finish_users_count 626 4479
stats: request 3122 626.0410829596383 3224.8930966368707 60007.972 0.614 2275.3160288069944 20134
stats: connect 626 1.3036485623003196 0.5211171838493192 23.644 0.787 1.431879037962745 4241
stats: page 1251 1658.5124788169467 6802.050460074658 93356.634 1.333 5599.955336015083 7955
stats: 504 0 3
stats: 200 29 1011
stats: size_rcv 2408315 74264100
stats: newphase 0 6
stats: 502 2992 19624
stats: size_sent 683945 5697933
stats: connected -3 401
stats: 201 0 101
stats: 500 101 2517
# stats: dump at 1669971776
stats: users 380 414
stats: {freemem,"tsung_controller@ip-172-31-54-152"} 1 635.74609375 0.0 669.97265625 635.74609375 654.6435032894736 38
stats: {load,"tsung_controller@ip-172-31-54-152"} 1 0.078125 0.0 0.078125 0.0 0.0 38
stats: {cpu,"tsung_controller@ip-172-31-54-152"} 1 7.04647676161919 0.0 7.04647676161919 0.25 1.3402826346770202 38
stats: session 636 6010.143147798742 10442.425433385137 118614.465 7.293 13233.902003348963 4479
stats: users_count 619 5495
stats: finish_users_count 636 5115
stats: request 3150 535.4717222222218 3009.4127810987275 60007.972 0.614 2053.909235681115 23256
stats: connect 612 1.3792973856209154 0.6597139604411961 23.644 0.787 1.4153858639819195 4867
stats: page 1261 1380.1864361617759 6488.8627854830975 93356.634 1.333 5064.354096132955 9206
stats: 504 0 3
stats: 200 22 1033
stats: size_rcv 2420177 76684277
stats: newphase 0 6
stats: 502 3042 22666
stats: size_sent 694075 6392008
stats: connected -29 372
stats: 201 1 102
stats: 500 85 2602
# stats: dump at 1669971786
stats: users 395 414
stats: {freemem,"tsung_controller@ip-172-31-54-152"} 1 636.4296875 0.0 669.97265625 635.74609375 654.1589543269231 39
stats: {load,"tsung_controller@ip-172-31-54-152"} 1 0.23046875 0.0 0.23046875 0.0 0.002003205128205128 39
stats: {cpu,"tsung_controller@ip-172-31-54-152"} 1 6.582914572864322 0.0 7.04647676161919 0.25 1.4865953045986144 39
stats: session 636 5363.641391509432 9001.539084717835 118614.465 7.293 12335.698556207235 5115
stats: users_count 651 6146
stats: finish_users_count 636 5751
stats: request 3263 516.6303487588118 3177.643091382271 60007.972 0.614 1872.773199651595 26406
stats: connect 655 1.3942305343511467 0.7465097721957051 23.644 0.787 1.4113548092717654 5479
stats: page 1298 1167.0961510015402 5723.911186760166 93356.634 1.333 4620.5081594535195 10467
stats: 504 0 3
stats: 200 24 1057
stats: size_rcv 3176123 79860400
stats: newphase 0 6
stats: 502 3167 25833
stats: size_sent 718910 7110918
stats: connected 21 393
stats: 201 3 105
stats: 500 69 2671
# stats: dump at 1669971796
stats: users 384 414
stats: {freemem,"tsung_controller@ip-172-31-54-152"} 1 633.78125 0.0 669.97265625 633.78125 653.71572265625 40
stats: {load,"tsung_controller@ip-172-31-54-152"} 1 0.3515625 0.0 0.3515625 0.0 0.00771484375 40
stats: {cpu,"tsung_controller@ip-172-31-54-152"} 1 7.021063189568706 0.0 7.04647676161919 0.25 1.6140032863052571 40
stats: session 625 6358.1866160000045 10325.252331596394 118614.465 7.293 11564.662500434708 5751
stats: users_count 614 6760
stats: finish_users_count 625 6376
stats: connect 619 1.4070064620355407 1.1272322803449244 23.644 0.787 1.4095262471470498 6134
stats: page 1240 1747.8012741935488 7350.74017240581 93356.634 1.333 4239.502737696556 11765
stats: 504 0 3
stats: 200 31 1088
stats: size_rcv 3120666 82981066
stats: request 3097 719.1939870842747 3691.180593936332 60007.972 0.612 1723.6244544136982 29669
stats: newphase 0 6
stats: 502 2971 28804
stats: size_sent 683431 7794349
stats: connected -3 390
stats: 201 0 105
stats: 500 95 2766
# stats: dump at 1669971806
stats: users 375 414
stats: {freemem,"tsung_controller@ip-172-31-54-152"} 1 634.265625 0.0 669.97265625 633.78125 653.2295160060976 41
stats: {load,"tsung_controller@ip-172-31-54-152"} 1 0.30078125 0.0 0.3515625 0.0 0.016101371951219513 41
stats: {cpu,"tsung_controller@ip-172-31-54-152"} 1 6.1368209255533195 0.0 7.04647676161919 0.25 1.745882796140951 41
stats: session 616 6812.113178571428 10579.813482733472 118614.465 7.293 11054.303744510667 6376
stats: users_count 607 7367
stats: finish_users_count 616 6992
stats: request 3005 643.6311094841915 3184.3729614440076 60007.972 0.612 1628.6869839467745 32766
stats: 504 0 3
stats: connect 604 1.476897350993377 0.8676460291197597 23.644 0.787 1.4092952761735529 6753
stats: 200 31 1119
stats: size_rcv 1650666 84631732
stats: page 1214 1733.4759324546947 7079.09597695396 93356.634 1.333 4001.9241283352544 13005
stats: newphase 0 6
stats: 502 2879 31683
stats: size_sent 660302 8454651
stats: connected -17 373
stats: 201 2 107
stats: 500 93 2859
# stats: dump at 1669971816
stats: users 208 414
stats: {freemem,"tsung_controller@ip-172-31-54-152"} 1 633.8984375 0.0 669.97265625 633.78125 652.7779947916666 42
stats: {load,"tsung_controller@ip-172-31-54-152"} 1 0.25 0.0 0.3515625 0.0 0.022879464285714284 42
stats: {cpu,"tsung_controller@ip-172-31-54-152"} 1 6.385118149824032 0.0 7.04647676161919 0.25 1.850428942079341 42
stats: session 266 9967.047729323309 12760.89910789433 118614.465 7.293 10680.563843392449 6992
stats: users_count 99 7466
stats: finish_users_count 266 7258
stats: request 967 1794.2249389865567 5711.645632312145 60007.972 0.612 1545.9357915629982 35771
stats: page 411 3593.102094890512 9857.190641925357 93356.634 1.333 3808.2469281243393 14219
stats: connect 109 1.257743119266056 0.39926998530850255 23.644 0.787 1.4148453173848041 7357
stats: 504 0 3
stats: 200 22 1141
stats: size_rcv 2454127 87085859
stats: newphase 0 6
stats: 502 867 32550
stats: size_sent 224431 8679082
stats: connected -164 209
stats: 201 1 108
stats: 500 78 2937
# stats: dump at 1669971826
stats: users 183 414
stats: {freemem,"tsung_controller@ip-172-31-54-152"} 1 639.6640625 0.0 669.97265625 633.78125 652.3389353197674 43
stats: {load,"tsung_controller@ip-172-31-54-152"} 1 0.2109375 0.0 0.3515625 0.0 0.028161337209302327 43
stats: {cpu,"tsung_controller@ip-172-31-54-152"} 1 1.1066398390342052 0.0 7.04647676161919 0.25 1.9558868306315431 43
stats: session 25 27740.538240000005 8344.66134734201 118614.465 7.293 10654.414038164783 7258
stats: users_count 0 7466
stats: finish_users_count 25 7283
stats: connect 0 0 0 23.644 0.787 1.4125517010447368 7466
stats: page 38 27279.86134210527 15652.832059540959 93356.634 1.333 3802.2028730006823 14630
stats: 504 0 3
stats: request 128 16915.826757812498 8296.050490322816 60007.972 0.612 1552.4711393107957 36738
stats: 200 43 1184
stats: size_rcv 2906443 89992302
stats: newphase 0 6
stats: 502 8 32558
stats: size_sent 34942 8714024
stats: connected -26 183
stats: 201 1 109
stats: 500 75 3012
# stats: dump at 1669971836
stats: users 116 414
stats: {freemem,"tsung_controller@ip-172-31-54-152"} 1 642.3671875 0.0 669.97265625 633.78125 652.0508700284091 44
stats: {load,"tsung_controller@ip-172-31-54-152"} 1 0.1796875 0.0 0.3515625 0.0 0.03231534090909091 44
stats: {cpu,"tsung_controller@ip-172-31-54-152"} 1 0.40040040040040037 0.0 7.04647676161919 0.25 1.9365857626406944 44
stats: session 67 32251.175134328354 10280.199283649446 118614.465 7.293 10713.064745983798 7283
stats: users_count 0 7466
stats: finish_users_count 67 7350
stats: request 160 13022.664781249998 5276.8606006076 60007.972 0.612 1605.813230103619 36866
stats: connect 0 0 0 23.644 0.787 1.4125517010447368 7466
stats: 504 0 3
stats: page 82 30096.046853658543 13025.681428489555 93356.634 1.333 3863.0258224025074 14668
stats: 200 69 1253
stats: size_rcv 745983 90738285
stats: newphase 0 6
stats: 502 0 32558
stats: size_sent 26986 8741010
stats: connected -67 116
stats: 201 0 109
stats: 500 91 3103
# stats: dump at 1669971846
stats: users 69 414
stats: {freemem,"tsung_controller@ip-172-31-54-152"} 1 645.578125 0.0 669.97265625 633.78125 651.8356770833333 45
stats: {load,"tsung_controller@ip-172-31-54-152"} 1 0.1484375 0.0 0.3515625 0.0 0.035590277777777776 45
stats: {cpu,"tsung_controller@ip-172-31-54-152"} 1 0.65 0.0 7.04647676161919 0.25 1.9024483101464658 45
stats: session 47 52300.31882978724 19949.915916899652 118614.465 7.293 10909.398541360544 7350
stats: users_count 0 7466
stats: finish_users_count 47 7397
stats: request 139 10566.929460431662 7853.475512412259 60007.972 0.612 1655.148730783774 37026
stats: connect 0 0 0 23.644 0.787 1.4125517010447368 7466
stats: page 94 32810.91510638297 17367.471434802694 93356.634 1.333 4008.863634237287 14750
stats: 504 0 3
stats: 200 56 1309
stats: size_rcv 2182965 92921250
stats: newphase 0 6
stats: 502 0 32558
stats: size_sent 33047 8774057
stats: connected -47 69
stats: 201 5 114
stats: 500 78 3181
# stats: dump at 1669971856
stats: users 10 414
stats: {freemem,"tsung_controller@ip-172-31-54-152"} 1 655.65625 0.0 669.97265625 633.78125 651.6996433423913 46
stats: {load,"tsung_controller@ip-172-31-54-152"} 1 0.12890625 0.0 0.3515625 0.0 0.03804347826086957 46
stats: {cpu,"tsung_controller@ip-172-31-54-152"} 1 0.5007511266900351 0.0 7.04647676161919 0.25 1.8752211729693686 46
stats: session 59 54361.43825423727 11080.130134775958 118614.465 7.293 11172.39343842098 7397
stats: users_count 0 7466
stats: finish_users_count 59 7456
stats: request 137 3623.970729927006 8407.842074756878 60007.972 0.612 1688.4794861025164 37165
stats: connect 0 0 0 23.644 0.787 1.4125517010447368 7466
stats: page 74 13087.821527027025 19336.899109910002 93356.634 1.333 4191.253343101588 14844
stats: 504 0 3
stats: 200 117 1426
stats: size_rcv 2891617 95812867
stats: newphase 0 6
stats: 502 0 32558
stats: size_sent 54961 8829018
stats: connected -59 10
stats: 201 11 125
stats: 500 9 3190
# stats: dump at 1669971866
stats: users 3 414
stats: {freemem,"tsung_controller@ip-172-31-54-152"} 1 660.76171875 0.0 669.97265625 633.78125 651.7838264627659 47
stats: {load,"tsung_controller@ip-172-31-54-152"} 1 0.109375 0.0 0.3515625 0.0 0.039976728723404256 47
stats: {cpu,"tsung_controller@ip-172-31-54-152"} 1 0.5994005994005994 0.0 7.04647676161919 0.25 1.8459771294315106 47
stats: session 7 68226.51528571431 7793.785030829809 118614.465 7.293 11514.15224262339 7456
stats: users_count 0 7466
stats: finish_users_count 7 7463
stats: connect 0 0 0 23.644 0.787 1.4125517010447368 7466
stats: 504 0 3
stats: request 20 7625.19335 17559.65121608988 60007.972 0.612 1695.5880138062307 37302
stats: 200 17 1443
stats: size_rcv 2158452 97971319
stats: page 10 20192.966 29930.230596164252 93356.634 1.333 4235.3843288644575 14918
stats: newphase 0 6
stats: 502 0 32558
stats: size_sent 11896 8840914
stats: connected -7 3
stats: 201 3 128
stats: 500 0 3190
# stats: dump at 1669971873
stats: users 0 414
stats: {freemem,"tsung_controller@ip-172-31-54-152"} 1 663.6484375 0.0 669.97265625 633.78125 651.9708658854166 48
stats: {load,"tsung_controller@ip-172-31-54-152"} 1 0.08984375 0.0 0.3515625 0.0 0.041422526041666664 48
stats: {cpu,"tsung_controller@ip-172-31-54-152"} 1 0.25012506253126565 0.0 7.04647676161919 0.25 1.8200067850558665 48
stats: session 3 65047.27766666666 4287.068645575619 118614.465 7.293 11567.346205011387 7463
stats: users_count 0 7466
stats: finish_users_count 3 7466
stats: request 8 5100.089875000001 13462.152990615648 60007.972 0.612 1698.7655527034997 37322
stats: page 4 14655.7835 25344.93007997284 93356.634 1.333 4246.074027197212 14928
stats: connect 0 0 0 23.644 0.787 1.4125517010447368 7466
stats: 504 0 3
stats: 200 7 1450
stats: size_rcv 719345 98690664
stats: newphase 0 6
stats: 502 0 32558
stats: size_sent 4840 8845754
stats: connected -3 0
stats: 201 1 129
stats: 500 0 3190
EndMonitor:{1669,971873,399893}