# stats: dump at 1669962576
stats: users 6 7
stats: {load,"tsung_controller@ip-172-31-51-36"} 1 0.16015625 0 0.16015625 0.16015625 0 0
stats: {freemem,"tsung_controller@ip-172-31-51-36"} 1 672.56640625 0 672.56640625 672.56640625 0 0
stats: {cpu,"tsung_controller@ip-172-31-51-36"} 1 0.3332801324231264 0 0.3332801324231264 0.3332801324231264 0 0
stats: session 1 8405.658 0 8405.658 8405.658 0 0
stats: users_count 7 7
stats: finish_users_count 1 1
stats: request 8 1598.0551249999999 2135.423524209333 6959.635 300.179 0 0
stats: connect 7 2.491428571428571 2.0086517764868237 7.159 1.153 0 0
stats: page 1 7330.078 0.0 7330.078 7330.078 0 0
stats: 200 8 8
stats: size_rcv 712337 712337
stats: size_sent 6492 6492
stats: connected 7 7
# stats: dump at 1669962586
stats: users 15 16
stats: {load,"tsung_controller@ip-172-31-51-36"} 1 0.12890625 0.0 0.16015625 0.12890625 0.16015625 1
stats: {freemem,"tsung_controller@ip-172-31-51-36"} 1 673.19921875 0.0 673.19921875 672.56640625 672.56640625 1
stats: {cpu,"tsung_controller@ip-172-31-51-36"} 1 0.34930139720558884 0.0 0.34930139720558884 0.3332801324231264 0.3332801324231264 1
stats: session 2 9494.354 1883.0879999999997 11377.442 7611.266 8405.658 1
stats: users_count 11 18
stats: finish_users_count 2 3
stats: request 12 2904.7194166666673 3065.41315127397 9870.195 21.51 1598.0551249999999 8
stats: connect 9 1.1982222222222223 0.06246381668663649 7.159 1.095 2.491428571428571 7
stats: page 5 4528.8584 3958.0759538226453 10192.964 21.51 7330.078 1
stats: 200 8 16
stats: size_rcv 712984 1425321
stats: size_sent 7402 13894
stats: connected 7 14
stats: 500 4 4
# stats: dump at 1669962596
stats: users 16 18
stats: {load,"tsung_controller@ip-172-31-51-36"} 1 0.109375 0.0 0.16015625 0.109375 0.14453125 2
stats: {freemem,"tsung_controller@ip-172-31-51-36"} 1 671.234375 0.0 673.19921875 671.234375 672.8828125 2
stats: {cpu,"tsung_controller@ip-172-31-51-36"} 1 0.15 0.0 0.34930139720558884 0.15 0.3412907648143576 2
stats: session 4 14139.661500000002 4944.0099087073295 21082.702 7611.266 9131.455333333333 3
stats: users_count 5 23
stats: finish_users_count 4 7
stats: request 15 6027.300200000001 6396.936368493584 19382.352 21.51 2382.0537000000004 20
stats: connect 7 1.5687142857142855 0.45496238911607184 7.159 1.095 1.7639999999999998 16
stats: page 9 8115.7555555555555 8456.650327087054 21793.273 21.51 4995.7283333333335 6
stats: 200 9 25
stats: size_rcv 2134014 3559335
stats: size_sent 6606 20500
stats: connected 3 17
stats: 500 6 10
# stats: dump at 1669962606
stats: users 18 20
stats: {load,"tsung_controller@ip-172-31-51-36"} 1 0.1015625 0.0 0.16015625 0.1015625 0.1328125 3
stats: {freemem,"tsung_controller@ip-172-31-51-36"} 1 670.7265625 0.0 673.19921875 670.7265625 672.3333333333334 3
stats: {cpu,"tsung_controller@ip-172-31-51-36"} 1 0.25 0.0 0.34930139720558884 0.15 0.2775271765429051 3
stats: session 8 17229.719374999997 6778.905630652873 28392.639 7611.266 11993.287428571432 7
stats: users_count 10 33
stats: finish_users_count 8 15
stats: connect 10 3.6037 5.448954469437234 19.433 1.095 1.7045652173913042 23
stats: 200 16 41
stats: request 27 4585.475888888889 5944.664978225586 24025.615 21.51 3944.3022000000005 35
stats: size_rcv 1425542 4984877
stats: size_sent 12030 32530
stats: page 17 6267.084176470588 7991.811398448658 24979.688 21.51 6867.744666666667 15
stats: connected 1 18
stats: 500 11 21
# stats: dump at 1669962616
stats: users 17 20
stats: {load,"tsung_controller@ip-172-31-51-36"} 1 0.078125 0.0 0.16015625 0.078125 0.125 4
stats: {freemem,"tsung_controller@ip-172-31-51-36"} 1 669.68359375 0.0 673.19921875 669.68359375 671.931640625 4
stats: {cpu,"tsung_controller@ip-172-31-51-36"} 1 0.39980009995002497 0.0 0.39980009995002497 0.15 0.27064538240717884 4
stats: session 8 16940.745375 10578.821414466562 35626.302 7146.525 14786.051133333332 15
stats: users_count 7 40
stats: finish_users_count 8 23
stats: request 19 7292.435421052631 10482.83642544217 33025.854 21.51 4223.523 62
stats: connect 7 1.2224285714285714 0.03618151518132324 19.433 1.095 2.280060606060606 33
stats: page 15 9686.094066666667 13049.331496499604 35145.631 21.51 6548.643781250001 32
stats: 200 12 53
stats: size_rcv 2134319 7119196
stats: size_sent 6997 39527
stats: connected -1 17
stats: 500 7 28
# stats: dump at 1669962626
stats: users 28 30
stats: {load,"tsung_controller@ip-172-31-51-36"} 1 0.0703125 0.0 0.16015625 0.0703125 0.115625 5
stats: {freemem,"tsung_controller@ip-172-31-51-36"} 1 668.18359375 0.0 673.19921875 668.18359375 671.48203125 5
stats: {cpu,"tsung_controller@ip-172-31-51-36"} 1 0.44932601098352476 0.0 0.44932601098352476 0.15 0.2964763259157481 5
stats: session 6 26186.197666666663 13961.824209931172 42913.724 7146.525 15535.509999999998 23
stats: users_count 17 57
stats: finish_users_count 6 29
stats: request 24 7252.8072083333345 9389.609396742222 38204.703 21.51 4943.391345679012 81
stats: connect 16 1.2449374999999998 0.12459156710528208 19.433 1.095 2.094975 40
stats: page 11 11843.17627272727 13384.299405027397 38826.618 21.51 7549.957702127659 47
stats: 200 10 63
stats: size_rcv 1426090 8545286
stats: size_sent 10910 50437
stats: connected 12 29
stats: 500 14 42
# stats: dump at 1669962636
stats: users 38 40
stats: {load,"tsung_controller@ip-172-31-51-36"} 1 0.05859375 0.0 0.16015625 0.05859375 0.10807291666666667 6
stats: {freemem,"tsung_controller@ip-172-31-51-36"} 1 666.8125 0.0 673.19921875 666.8125 670.9322916666666 6
stats: {cpu,"tsung_controller@ip-172-31-51-36"} 1 0.39920159680638717 0.0 0.44932601098352476 0.15 0.3219512734270442 6
stats: session 13 15670.18561538462 8905.9482449496 45997.519 7146.525 17739.100551724136 29
stats: users_count 23 80
stats: finish_users_count 13 42
stats: connect 24 1.2622083333333334 0.3150691695441213 19.433 1.033 1.8521071428571427 56
stats: request 51 4524.686156862745 5390.897784798948 39099.331 6.958 5471.257828571429 105
stats: page 29 6575.092068965517 8787.354185137961 44282.175 6.958 8364.188810344827 58
stats: 200 17 80
stats: size_rcv 720312 9265598
stats: newphase 1 1
stats: size_sent 13927 64364
stats: connected 9 38
stats: 500 34 76
# stats: dump at 1669962646
stats: users 35 40
stats: {load,"tsung_controller@ip-172-31-51-36"} 1 0.05078125 0.0 0.16015625 0.05078125 0.10100446428571429 7
stats: {freemem,"tsung_controller@ip-172-31-51-36"} 1 665.91015625 0.0 673.19921875 665.91015625 670.34375 7
stats: {cpu,"tsung_controller@ip-172-31-51-36"} 1 0.4992511233150275 0.0 0.4992511233150275 0.15 0.3329870339098075 7
stats: session 17 22655.556588235297 13791.147582770493 52442.873 7146.525 17098.722119047616 42
stats: users_count 14 94
stats: finish_users_count 17 59
stats: request 60 7204.3334 10287.042759759534 45348.99 5.017 5161.801705128205 156
stats: connect 14 1.6995714285714283 0.9510128971850197 19.433 1.033 1.6751375 80
stats: page 42 11138.262119047617 13796.93819533677 50605.698 5.017 7767.823229885058 87
stats: 200 27 107
stats: size_rcv 4274709 13540307
stats: newphase 0 1
stats: size_sent 14112 78476
stats: connected -3 35
stats: 500 33 109
# stats: dump at 1669962656
stats: users 42 42
stats: {load,"tsung_controller@ip-172-31-51-36"} 1 0.0390625 0.0 0.16015625 0.0390625 0.0947265625 8
stats: {freemem,"tsung_controller@ip-172-31-51-36"} 1 667.76171875 0.0 673.19921875 665.91015625 669.78955078125 8
stats: {cpu,"tsung_controller@ip-172-31-51-36"} 1 0.5497251374312844 0.0 0.5497251374312844 0.15 0.35377004508546 8
stats: session 19 17834.334157894744 10263.462320732666 52442.873 7146.525 18699.843915254238 59
stats: users_count 26 120
stats: finish_users_count 19 78
stats: request 55 5203.828109090909 8268.22639470831 45348.99 4.71 5729.171620370371 216
stats: connect 26 1.3080384615384615 0.369527502959911 19.433 1.033 1.678776595744681 94
stats: page 34 7612.08705882353 12202.50619179284 50605.698 4.71 8865.175426356589 129
stats: 200 26 133
stats: size_rcv 2141333 15681640
stats: newphase 0 1
stats: size_sent 18518 96994
stats: connected 7 42
stats: 500 29 138
# stats: dump at 1669962666
stats: users 36 44
stats: {load,"tsung_controller@ip-172-31-51-36"} 1 0.03125 0.0 0.16015625 0.03125 0.08854166666666667 9
stats: {freemem,"tsung_controller@ip-172-31-51-36"} 1 667.6484375 0.0 673.19921875 665.91015625 669.5642361111111 9
stats: {cpu,"tsung_controller@ip-172-31-51-36"} 1 0.6975585450921774 0.0 0.6975585450921774 0.15 0.3755428331238849 9
stats: session 24 16302.084708333328 9130.848553741569 52442.873 7146.525 18489.014615384618 78
stats: users_count 18 138
stats: finish_users_count 24 102
stats: request 69 4117.520014492753 5021.171249717613 45348.99 4.71 5622.552088560886 271
stats: connect 18 1.1895 0.05992240352693172 19.433 1.033 1.5984500000000001 120
stats: page 47 6093.9675744680835 7742.60361403742 50605.698 4.71 8603.795030674846 163
stats: 200 26 159
stats: size_rcv 722541 16404181
stats: newphase 0 1
stats: size_sent 14134 111128
stats: connected -6 36
stats: 500 43 181
# stats: dump at 1669962676
stats: users 39 44
stats: {load,"tsung_controller@ip-172-31-51-36"} 1 0.03125 0.0 0.16015625 0.03125 0.0828125 10
stats: {freemem,"tsung_controller@ip-172-31-51-36"} 1 667.75390625 0.0 673.19921875 665.91015625 669.37265625 10
stats: {cpu,"tsung_controller@ip-172-31-51-36"} 1 0.4497751124437781 0.0 0.6975585450921774 0.15 0.4077444043207142 10
stats: session 18 20238.225444444444 12510.941988022128 52930.702 7146.525 17974.442872549018 102
stats: users_count 21 159
stats: finish_users_count 18 120
stats: request 54 5802.4909259259275 8185.145418378745 45348.99 4.71 5317.119108823529 340
stats: connect 21 1.5849523809523807 1.1955221404092091 19.433 1.033 1.545108695652174 138
stats: page 35 8504.249085714286 11791.470629546988 50605.698 4.71 8042.0717428571415 210
stats: 200 25 184
stats: size_rcv 2140864 18545045
stats: newphase 0 1
stats: size_sent 15115 126243
stats: connected 3 39
stats: 500 29 210
# stats: dump at 1669962686
stats: users 36 44
stats: {load,"tsung_controller@ip-172-31-51-36"} 1 0.01953125 0.0 0.16015625 0.01953125 0.078125 11
stats: {freemem,"tsung_controller@ip-172-31-51-36"} 1 667.14453125 0.0 673.19921875 665.91015625 669.2254971590909 11
stats: {cpu,"tsung_controller@ip-172-31-51-36"} 1 0.4488778054862843 0.0 0.6975585450921774 0.15 0.4115653777864473 11
stats: session 23 20537.088521739133 12161.769588848398 52930.702 7146.525 18314.010258333332 120
stats: users_count 20 179
stats: finish_users_count 23 143
stats: request 66 5844.3505151515155 8977.745509060085 45348.99 4.71 5383.642149746193 394
stats: connect 20 1.3995 0.7829285727318934 19.433 1.004 1.55037106918239 159
stats: page 46 8930.423021739134 12432.734344474817 50605.698 4.71 8108.097077551019 245
stats: 200 29 213
stats: size_rcv 2853975 21399020
stats: newphase 0 1
stats: size_sent 18399 144642
stats: connected -2 37
stats: 500 37 247
# stats: dump at 1669962696
stats: users 47 48
stats: {load,"tsung_controller@ip-172-31-51-36"} 1 0.01953125 0.0 0.16015625 0.01953125 0.0732421875 12
stats: {freemem,"tsung_controller@ip-172-31-51-36"} 1 667.40625 0.0 673.19921875 665.91015625 669.0520833333334 12
stats: {cpu,"tsung_controller@ip-172-31-51-36"} 1 0.49975012493753124 0.0 0.6975585450921774 0.15 0.41467474676143373 12
stats: session 20 16933.428200000002 10831.540635297375 52930.702 7146.525 18671.568300699302 143
stats: users_count 31 210
stats: finish_users_count 20 163
stats: request 59 4701.439406779662 7209.710526081489 45348.99 4.71 5449.7437847826095 460
stats: connect 29 1.466551724137931 0.6869727488550338 19.433 1.004 1.5335139664804471 179
stats: page 40 6975.463149999999 10243.80145771543 50605.698 4.71 8238.086745704466 291
stats: 200 23 236
stats: size_rcv 1431078 22830098
stats: newphase 1 2
stats: size_sent 16173 160815
stats: connected 9 46
stats: 500 36 283
# stats: dump at 1669962706
stats: users 55 58
stats: {load,"tsung_controller@ip-172-31-51-36"} 1 0.01953125 0.0 0.16015625 0.01953125 0.06911057692307693 13
stats: {freemem,"tsung_controller@ip-172-31-51-36"} 1 667.9609375 0.0 673.19921875 665.91015625 668.9254807692307 13
stats: {cpu,"tsung_controller@ip-172-31-51-36"} 1 0.7956240676280457 0.0 0.7956240676280457 0.15 0.42121900662113354 13
stats: session 25 16946.04708 10917.78760762389 52930.702 7146.525 18458.299576687117 163
stats: users_count 33 243
stats: finish_users_count 25 188
stats: request 86 4607.851244186047 5424.505803841613 45348.99 4.71 5364.676427745666 519
stats: connect 35 1.2519714285714287 0.1707580553572445 19.433 1.004 1.5241778846153846 208
stats: page 53 6783.197 8633.84227724158 50605.698 4.71 8085.503833836858 331
stats: 200 33 269
stats: size_rcv 1436686 24266784
stats: newphase 0 2
stats: size_sent 22663 183478
stats: connected 9 55
stats: 500 53 336
# stats: dump at 1669962716
stats: users 78 82
stats: {load,"tsung_controller@ip-172-31-51-36"} 1 0.01171875 0.0 0.16015625 0.01171875 0.06556919642857142 14
stats: {freemem,"tsung_controller@ip-172-31-51-36"} 1 666.515625 0.0 673.19921875 665.91015625 668.8565848214286 14
stats: {cpu,"tsung_controller@ip-172-31-51-36"} 1 0.7473841554559043 0.0 0.7956240676280457 0.15 0.44796222526448437 14
stats: session 32 16194.37471874999 9040.052282824177 52930.702 7146.525 18257.202170212768 188
stats: users_count 55 298
stats: finish_users_count 32 220
stats: request 111 4781.829666666665 5307.408003824563 45348.99 4.71 5257.094666115703 605
stats: connect 54 1.3640925925925926 0.46957901825952025 19.433 0.991 1.484971193415638 243
stats: page 67 7419.603134328357 8839.37265841991 50605.698 4.71 7905.758359375 384
stats: 200 41 310
stats: size_rcv 2153011 26419795
stats: newphase 0 2
stats: size_sent 32698 216176
stats: connected 23 78
stats: 500 70 406
# stats: dump at 1669962726
stats: users 64 82
stats: {load,"tsung_controller@ip-172-31-51-36"} 1 0.01171875 0.0 0.16015625 0.01171875 0.06197916666666667 15
stats: {freemem,"tsung_controller@ip-172-31-51-36"} 1 662.87890625 0.0 673.19921875 662.87890625 668.7005208333334 15
stats: {cpu,"tsung_controller@ip-172-31-51-36"} 1 1.093983092988563 0.0 1.093983092988563 0.15 0.4679236872772457 15
stats: session 46 15644.825434782608 7319.4206298088475 52930.702 7146.525 17957.15454090909 220
stats: users_count 32 330
stats: finish_users_count 46 266
stats: request 142 4969.316985915494 6209.481798239557 45348.99 4.71 5183.415315642459 716
stats: connect 32 1.6450312500000002 0.8822525320300519 19.433 0.991 1.462993265993266 297
stats: page 95 7563.184000000005 9402.950036859434 50605.698 4.71 7833.5357427937915 451
stats: 200 50 360
stats: size_rcv 2867688 29287483
stats: newphase 0 2
stats: size_sent 25365 241541
stats: connected -13 65
stats: 500 92 498
# stats: dump at 1669962736
stats: users 58 82
stats: {load,"tsung_controller@ip-172-31-51-36"} 1 0.01171875 0.0 0.16015625 0.01171875 0.058837890625 16
stats: {freemem,"tsung_controller@ip-172-31-51-36"} 1 665.640625 0.0 673.19921875 662.87890625 668.336669921875 16
stats: {cpu,"tsung_controller@ip-172-31-51-36"} 1 1.0972568578553616 0.0 1.0972568578553616 0.15 0.507052400134203 16
stats: session 46 16942.51539130436 9410.116828556444 52930.702 7146.525 17557.278078947365 266
stats: users_count 40 370
stats: finish_users_count 46 312
stats: request 114 3687.977184210526 5248.251310804561 45348.99 4.43 5147.981792540794 858
stats: connect 40 1.2502499999999999 0.30367085388624315 19.433 0.991 1.4806990881458968 329
stats: page 81 5321.412975308638 7909.197493753844 50605.698 4.43 7786.496520146521 546
stats: 200 49 409
stats: size_rcv 1439542 30727025
stats: newphase 0 2
stats: size_sent 25225 266766
stats: connected -7 58
stats: 500 65 563
# stats: dump at 1669962746
stats: users 57 82
stats: {load,"tsung_controller@ip-172-31-51-36"} 1 0.01171875 0.0 0.16015625 0.01171875 0.05606617647058824 17
stats: {freemem,"tsung_controller@ip-172-31-51-36"} 1 665.6875 0.0 673.19921875 662.87890625 668.1780790441177 17
stats: {cpu,"tsung_controller@ip-172-31-51-36"} 1 0.9443339960238568 0.0 1.0972568578553616 0.15 0.5417703094119183 17
stats: session 31 15676.55425806451 8179.885771663058 52930.702 7146.525 17466.639990384614 312
stats: users_count 30 400
stats: finish_users_count 31 343
stats: request 110 4755.935981818181 6071.112278898518 45348.99 4.43 4976.74668415638 972
stats: connect 31 1.3319999999999999 0.3911296295306381 19.433 0.991 1.455718157181572 369
stats: page 70 7286.311285714281 9219.510282093404 50605.698 4.43 7468.040751196172 627
stats: 200 37 446
stats: size_rcv 2151833 32878858
stats: newphase 0 2
stats: size_sent 21290 288056
stats: connected -1 57
stats: 500 73 636
# stats: dump at 1669962756
stats: users 108 108
stats: {load,"tsung_controller@ip-172-31-51-36"} 1 0.0 0.0 0.16015625 0.0 0.05360243055555555 18
stats: {freemem,"tsung_controller@ip-172-31-51-36"} 1 665.78125 0.0 673.19921875 662.87890625 668.0397135416666 18
stats: {cpu,"tsung_controller@ip-172-31-51-36"} 1 0.8946322067594433 0.0 1.0972568578553616 0.15 0.5641349586681371 18
stats: session 31 17493.490838709677 9143.74031798354 53541.774 7146.525 17304.85381632653 343
stats: users_count 82 482
stats: finish_users_count 31 374
stats: 200 36 482
stats: request 104 4915.189423076919 6411.231186018231 45348.99 4.43 4954.298276340112 1082
stats: size_rcv 2150926 35029784
stats: newphase 1 3
stats: size_sent 34387 322443
stats: connect 82 1.3805609756097559 0.6802184745442036 19.433 0.968 1.4461300000000004 400
stats: connected 51 108
stats: 500 68 704
stats: page 65 7487.192307692306 9860.206407458783 50662.095 4.43 7449.789585365854 697
# stats: dump at 1669962766
stats: users 180 180
stats: {load,"tsung_controller@ip-172-31-51-36"} 1 0.0 0.0 0.16015625 0.0 0.05078125 19
stats: {freemem,"tsung_controller@ip-172-31-51-36"} 1 663.54296875 0.0 673.19921875 662.87890625 667.9208470394736 19
stats: {cpu,"tsung_controller@ip-172-31-51-36"} 1 1.1448481831757094 0.0 1.1448481831757094 0.15 0.5815295506729427 19
stats: session 16 23783.6203125 14280.975828608749 53839.886 7146.525 17320.489505347592 374
stats: users_count 88 570
stats: finish_users_count 16 390
stats: request 123 7080.793951219512 5441.748524472606 45348.99 4.43 4950.868832209107 1186
stats: connect 88 1.3675909090909089 0.5946405070667723 19.433 0.968 1.43497510373444 482
stats: page 56 11644.13683928571 9070.99130365945 50662.095 4.43 7452.980106299213 762
stats: 200 25 507
stats: size_rcv 2158558 37188342
stats: newphase 0 3
stats: size_sent 42095 364538
stats: connected 72 180
stats: 500 98 802
# stats: dump at 1669962776
stats: users 209 213
stats: {load,"tsung_controller@ip-172-31-51-36"} 1 0.0 0.0 0.16015625 0.0 0.0482421875 20
stats: {freemem,"tsung_controller@ip-172-31-51-36"} 1 660.75390625 0.0 673.19921875 660.75390625 667.701953125 20
stats: {cpu,"tsung_controller@ip-172-31-51-36"} 1 1.5857284440039643 0.0 1.5857284440039643 0.15 0.609695482298081 20
stats: session 43 23025.911069767448 9642.531897998691 57536.477 237.788 17585.643589743588 390
stats: users_count 72 642
stats: finish_users_count 43 433
stats: connect 71 1.3685633802816897 0.8443466135002962 19.433 0.968 1.4245719298245616 570
stats: request 189 8141.120455026456 6238.64119154003 45348.99 0.678 5151.00694499618 1309
stats: page 110 11034.418736363634 8980.412260518473 50662.095 0.7 7739.905261613691 818
stats: 200 38 545
stats: size_rcv 2174999 39363341
stats: newphase 0 3
stats: 502 48 48
stats: size_sent 43642 408180
stats: connected 28 208
stats: 500 103 905
# stats: dump at 1669962786
stats: users 207 215
stats: {load,"tsung_controller@ip-172-31-51-36"} 1 0.0 0.0 0.16015625 0.0 0.04594494047619048 21
stats: {freemem,"tsung_controller@ip-172-31-51-36"} 1 655.48828125 0.0 673.19921875 655.48828125 667.37109375 21
stats: {cpu,"tsung_controller@ip-172-31-51-36"} 1 1.488095238095238 0.0 1.5857284440039643 0.15 0.6561732423793135 21
stats: session 69 21381.62594202899 11449.61356499249 61594.08 6.622 18125.901099307157 433
stats: users_count 67 709
stats: finish_users_count 69 502
stats: 200 54 599
stats: request 202 8555.112638613844 7133.687492518655 45348.99 0.662 5528.264257009346 1498
stats: size_rcv 2176454 41539795
stats: newphase 0 3
stats: 502 68 116
stats: connect 68 1.2723529411764714 0.17664843489307516 19.433 0.968 1.4183681747269892 641
stats: size_sent 42301 450481
stats: connected -1 207
stats: page 134 11228.827947761189 10248.839106228306 50662.095 0.696 8130.418712284482 928
stats: 500 80 985
# stats: dump at 1669962796
stats: users 215 232
stats: {load,"tsung_controller@ip-172-31-51-36"} 1 0.0 0.0 0.16015625 0.0 0.043856534090909095 22
stats: {freemem,"tsung_controller@ip-172-31-51-36"} 1 651.33203125 0.0 673.19921875 651.33203125 666.8309659090909 22
stats: {cpu,"tsung_controller@ip-172-31-51-36"} 1 1.3426156141223273 0.0 1.5857284440039643 0.15 0.6939878785482191 22
stats: session 72 26776.881805555557 12767.641313604885 63739.166 6.622 18573.40112749004 502
stats: users_count 80 789
stats: finish_users_count 72 574
stats: request 244 7533.967307377045 6796.722625278268 45348.99 0.657 5887.92506470588 1700
stats: connect 80 1.50295 1.6012537423843851 19.433 0.968 1.4043638928067703 709
stats: page 162 11767.574530864198 11682.32235378224 50662.095 0.696 8521.366770244818 1062
stats: 200 47 646
stats: size_rcv 1478394 43018189
stats: newphase 0 3
stats: 502 95 211
stats: size_sent 46197 496678
stats: connected 9 216
stats: 500 102 1087
# stats: dump at 1669962806
stats: users 208 232
stats: {load,"tsung_controller@ip-172-31-51-36"} 1 0.16015625 0.0 0.16015625 0.0 0.04194972826086957 23
stats: {freemem,"tsung_controller@ip-172-31-51-36"} 1 653.33984375 0.0 673.19921875 651.33203125 666.1570991847826 23
stats: {cpu,"tsung_controller@ip-172-31-51-36"} 1 1.6865079365079365 0.0 1.6865079365079365 0.15 0.7221890844427455 23
stats: session 81 26380.445444444435 14853.763900636268 63739.166 6.622 19602.409156794427 574
stats: users_count 74 863
stats: finish_users_count 81 655
stats: request 222 7618.849414414412 7307.750347961167 45348.99 0.646 6094.5270745884745 1944
stats: connect 74 1.2129999999999996 0.2382361989423238 19.433 0.968 1.4143599493029155 789
stats: page 147 10738.983115646259 11690.383540856763 50662.095 0.696 8951.01191503268 1224
stats: 200 60 706
stats: size_rcv 2180532 45198721
stats: newphase 0 3
stats: 502 85 296
stats: size_sent 44283 540961
stats: connected -8 208
stats: 500 77 1164
# stats: dump at 1669962816
stats: users 227 240
stats: {load,"tsung_controller@ip-172-31-51-36"} 1 0.140625 0.0 0.16015625 0.0 0.046875 24
stats: {freemem,"tsung_controller@ip-172-31-51-36"} 1 652.14453125 0.0 673.19921875 651.33203125 665.623046875 24
stats: {cpu,"tsung_controller@ip-172-31-51-36"} 1 1.6848364717542121 0.0 1.6865079365079365 0.15 0.7623690366121285 24
stats: session 103 19813.751233009705 17553.848416783534 63739.166 6.622 20440.609064122134 655
stats: users_count 122 985
stats: finish_users_count 103 758
stats: 200 48 754
stats: request 317 5861.279974763407 8319.943443673083 47601.379 0.646 6250.759558171742 2166
stats: size_rcv 2923954 48122675
stats: newphase 1 4
stats: connect 117 1.572897435897436 1.101007661109806 19.433 0.968 1.3970938586326769 863
stats: 502 192 488
stats: size_sent 61646 602607
stats: page 215 9475.387725581393 12679.144003902025 56435.734 0.696 9142.719986870896 1371
stats: connected 24 232
stats: 500 77 1241
# stats: dump at 1669962826
stats: users 248 251
stats: {load,"tsung_controller@ip-172-31-51-36"} 1 0.109375 0.0 0.16015625 0.0 0.050625 25
stats: {freemem,"tsung_controller@ip-172-31-51-36"} 1 650.859375 0.0 673.19921875 650.859375 665.08390625 25
stats: {cpu,"tsung_controller@ip-172-31-51-36"} 1 2.803738317757009 0.0 2.803738317757009 0.15 0.7992677340178119 25
stats: session 147 19517.16823129252 16639.251346343237 63808.39 6.622 20355.42917414248 758
stats: users_count 168 1153
stats: finish_users_count 147 905
stats: connect 164 1.3054817073170732 0.5682717324137282 19.433 0.94 1.4180826530612247 980
stats: request 472 4763.551173728809 7056.878587180435 49942.907 0.646 6201.035422875551 2483
stats: page 303 6781.958498349837 11016.78659485238 61236.671 0.68 9187.816811475408 1586
stats: 200 67 821
stats: size_rcv 1544509 49667184
stats: newphase 0 4
stats: 502 301 789
stats: size_sent 88296 690903
stats: connected 18 250
stats: 500 104 1345
# stats: dump at 1669962836
stats: users 235 255
stats: {load,"tsung_controller@ip-172-31-51-36"} 1 0.1015625 0.0 0.16015625 0.0 0.052884615384615384 26
stats: {freemem,"tsung_controller@ip-172-31-51-36"} 1 650.6640625 0.0 673.19921875 650.6640625 664.5368088942307 26
stats: {cpu,"tsung_controller@ip-172-31-51-36"} 1 2.942618930848455 0.0 2.942618930848455 0.15 0.8763627564693195 26
stats: session 175 14779.054239999998 15168.464124370163 66147.174 6.622 20219.269661878454 905
stats: users_count 162 1315
stats: finish_users_count 175 1080
stats: connect 165 1.2731333333333335 0.5813279837118325 19.433 0.896 1.4019405594405596 1144
stats: page 360 5285.056722222223 10404.119581525345 63237.417 0.673 8801.911534145049 1889
stats: 200 56 877
stats: request 536 3407.8777873134336 6358.410728460295 49942.907 0.642 5971.427109644668 2955
stats: size_rcv 2279558 51946742
stats: newphase 0 4
stats: 502 392 1181
stats: size_sent 99916 790819
stats: connected -19 231
stats: 500 88 1433
# stats: dump at 1669962846
stats: users 241 255
stats: {load,"tsung_controller@ip-172-31-51-36"} 1 0.078125 0.0 0.16015625 0.0 0.0546875 27
stats: {freemem,"tsung_controller@ip-172-31-51-36"} 1 650.08203125 0.0 673.19921875 650.08203125 664.0230034722222 27
stats: {cpu,"tsung_controller@ip-172-31-51-36"} 1 3.4718826405867973 0.0 3.4718826405867973 0.15 0.952890762927806 27
stats: session 150 13296.437559999988 14077.977316014902 68431.832 6.622 19337.75327407407 1080
stats: users_count 156 1471
stats: finish_users_count 150 1230
stats: request 435 3165.9214942528747 6416.468530474655 52036.661 0.642 5577.825724147807 3491
stats: connect 153 1.3489869281045757 0.6275983373398469 19.433 0.896 1.3857043544690604 1309
stats: page 295 5153.302725423732 10123.149868709317 66595.515 0.673 8238.964565584703 2249
stats: 200 44 921
stats: size_rcv 1543471 53490213
stats: newphase 0 4
stats: 502 335 1516
stats: size_sent 87265 878084
stats: connected 10 241
stats: 500 56 1489
# stats: dump at 1669962856
stats: users 235 255
stats: {load,"tsung_controller@ip-172-31-51-36"} 1 0.0703125 0.0 0.16015625 0.0 0.05552455357142857 28
stats: {freemem,"tsung_controller@ip-172-31-51-36"} 1 650.125 0.0 673.19921875 650.08203125 663.5251116071429 28
stats: {cpu,"tsung_controller@ip-172-31-51-36"} 1 3.140333660451423 0.0 3.4718826405867973 0.15 1.0428547585584842 28
stats: session 161 16486.545521739128 14929.810624748457 72284.441 6.622 18601.00745528455 1230
stats: users_count 155 1626
stats: finish_users_count 161 1391
stats: 200 74 995
stats: request 468 5194.94932051282 7698.898161363135 52036.661 0.638 5310.587226948546 3926
stats: size_rcv 2253102 55743315
stats: newphase 0 4
stats: 502 296 1812
stats: connect 154 1.2505649350649353 0.5025331665131914 19.433 0.896 1.3818618331053352 1462
stats: size_sent 90803 968887
stats: connected -9 232
stats: 500 98 1587
stats: page 313 7275.145364217247 11245.064763275443 66595.515 0.673 7881.153935534591 2544
# stats: dump at 1669962866
stats: users 230 255
stats: {load,"tsung_controller@ip-172-31-51-36"} 1 0.05859375 0.0 0.16015625 0.0 0.05603448275862069 29
stats: {freemem,"tsung_controller@ip-172-31-51-36"} 1 648.77734375 0.0 673.19921875 648.77734375 663.0630387931035 29
stats: {cpu,"tsung_controller@ip-172-31-51-36"} 1 3.0436917034855178 0.0 3.4718826405867973 0.15 1.1151816172444478 29
stats: session 166 14651.35734939759 15174.09523029903 74289.985 6.622 18356.271027318475 1391
stats: users_count 161 1787
stats: finish_users_count 166 1557
stats: request 492 3846.0585325203238 6605.8082576609895 52036.661 0.638 5298.270763541191 4394
stats: connect 166 1.4064457831325297 0.6733377078014258 19.433 0.896 1.3693496287128715 1616
stats: page 332 6065.9470421686765 10757.88955452723 67513.765 0.673 7814.762376968848 2857
stats: 200 62 1057
stats: size_rcv 2264574 58007889
stats: newphase 0 4
stats: 502 339 2151
stats: size_sent 93962 1062849
stats: connected 0 232
stats: 500 91 1678
# stats: dump at 1669962876
stats: users 265 274
stats: {load,"tsung_controller@ip-172-31-51-36"} 1 0.05078125 0.0 0.16015625 0.0 0.05611979166666667 30
stats: {freemem,"tsung_controller@ip-172-31-51-36"} 1 651.015625 0.0 673.19921875 648.77734375 662.5868489583333 30
stats: {cpu,"tsung_controller@ip-172-31-51-36"} 1 3.7745098039215685 0.0 3.7745098039215685 0.15 1.1794652867858166 30
stats: session 221 10635.30979185521 13530.328060346763 74289.985 6.622 17961.270596660244 1557
stats: users_count 256 2043
stats: finish_users_count 221 1778
stats: request 717 2306.139150627614 5470.144915014636 52036.661 0.628 5152.038995702004 4886
stats: connect 244 1.3919139344262308 0.8353554293906215 19.433 0.888 1.3728052749719417 1782
stats: page 458 3475.3070371179056 8515.525882633032 67513.765 0.668 7632.696936030104 3189
stats: 200 47 1104
stats: size_rcv 1630143 59638032
stats: newphase 1 5
stats: 502 595 2746
stats: size_sent 136010 1198859
stats: connected 37 269
stats: 500 75 1753
# stats: dump at 1669962886
stats: users 301 306
stats: {load,"tsung_controller@ip-172-31-51-36"} 1 0.0390625 0.0 0.16015625 0.0 0.05594758064516129 31
stats: {freemem,"tsung_controller@ip-172-31-51-36"} 1 647.796875 0.0 673.19921875 647.796875 662.2135836693549 31
stats: {cpu,"tsung_controller@ip-172-31-51-36"} 1 5.5876685934489405 0.0 5.5876685934489405 0.15 1.2631764002418087 31
stats: session 298 9492.008258389258 13192.718528894447 80930.326 6.622 17050.675918447698 1778
stats: users_count 334 2377
stats: finish_users_count 298 2076
stats: request 991 2239.555107971748 5741.716120713759 52914.566 0.628 4787.857273603425 5603
stats: connect 341 1.2589530791788874 0.5684345206354461 19.433 0.745 1.3751066140177692 2026
stats: page 652 3316.1577024539856 8560.547609563124 68077.703 0.651 7110.60080943241 3647
stats: 200 79 1183
stats: size_rcv 3128828 62766860
stats: newphase 0 5
stats: 502 831 3577
stats: size_sent 190312 1389171
stats: connected 28 297
stats: 500 81 1834
# stats: dump at 1669962896
stats: users 297 307
stats: {load,"tsung_controller@ip-172-31-51-36"} 1 0.109375 0.0 0.16015625 0.0 0.055419921875 32
stats: {freemem,"tsung_controller@ip-172-31-51-36"} 1 644.73046875 0.0 673.19921875 644.73046875 661.7630615234375 32
stats: {cpu,"tsung_controller@ip-172-31-51-36"} 1 5.831325301204819 0.0 5.831325301204819 0.15 1.3983167812795314 32
stats: session 354 8875.434259887003 10970.104208601299 80930.326 6.622 15965.664857418114 2076
stats: users_count 350 2727
stats: finish_users_count 354 2430
stats: request 1048 1852.0356812977095 4703.776798366581 52914.566 0.628 4404.877679102213 6594
stats: 200 72 1255
stats: connect 354 1.3025903954802251 0.5232486192383803 19.433 0.745 1.3583730460498527 2367
stats: size_rcv 1724664 64491524
stats: newphase 0 5
stats: page 702 2980.413293447293 7867.380023696812 68077.703 0.651 6535.123511049081 4299
stats: 502 880 4457
stats: size_sent 194937 1584108
stats: connected 4 301
stats: 500 96 1930
# stats: dump at 1669962906
stats: users 303 307
stats: {load,"tsung_controller@ip-172-31-51-36"} 1 0.1015625 0.0 0.16015625 0.0 0.05705492424242424 33
stats: {freemem,"tsung_controller@ip-172-31-51-36"} 1 647.7265625 0.0 673.19921875 644.73046875 661.2469223484849 33
stats: {cpu,"tsung_controller@ip-172-31-51-36"} 1 7.259615384615385 0.0 7.259615384615385 0.15 1.532650372792419 33
stats: session 357 8041.968106442579 10736.626598954623 80930.326 6.622 14932.767066666667 2430
stats: users_count 363 3090
stats: finish_users_count 357 2787
stats: connect 354 1.6008841807909606 1.064990501869283 19.433 0.745 1.3511157662624038 2721
stats: page 715 2695.858068531473 7510.78735209246 68077.703 0.651 6036.141992801439 5001
stats: request 1058 1592.8642448015137 4603.849715465763 52914.566 0.627 4054.7889047369786 7642
stats: 200 52 1307
stats: size_rcv 1735268 66226792
stats: newphase 0 5
stats: 502 928 5385
stats: size_sent 201158 1785266
stats: connected -3 298
stats: 500 78 2008
# stats: dump at 1669962916
stats: users 290 307
stats: {load,"tsung_controller@ip-172-31-51-36"} 1 0.078125 0.0 0.16015625 0.0 0.058363970588235295 34
stats: {freemem,"tsung_controller@ip-172-31-51-36"} 1 645.359375 0.0 673.19921875 644.73046875 660.8492647058823 34
stats: {cpu,"tsung_controller@ip-172-31-51-36"} 1 8.213944603629416 0.0 8.213944603629416 0.15 1.7010905201989768 34
stats: session 353 8435.51610481587 12018.222900660265 80930.326 6.622 14050.092065303195 2787
stats: users_count 340 3430
stats: finish_users_count 353 3140
stats: request 1051 1849.5462721217898 5404.9410862439645 52914.566 0.627 3755.3962277011487 8700
stats: connect 346 1.2750780346820803 0.47041596674843006 19.433 0.745 1.3798695934959353 3075
stats: page 696 2506.5791278735687 7457.85861986697 68077.703 0.641 5618.314315080476 5716
stats: 200 68 1375
stats: size_rcv 3151979 69378771
stats: newphase 0 5
stats: 502 915 6300
stats: size_sent 200503 1985769
stats: connected -8 290
stats: 500 68 2076
# stats: dump at 1669962926
stats: users 290 307
stats: {load,"tsung_controller@ip-172-31-51-36"} 1 0.0703125 0.0 0.16015625 0.0 0.05892857142857143 35
stats: {freemem,"tsung_controller@ip-172-31-51-36"} 1 643.203125 0.0 673.19921875 643.203125 660.4066964285714 35
stats: {cpu,"tsung_controller@ip-172-31-51-36"} 1 6.538461538461539 0.0 8.213944603629416 0.15 1.8871720654398465 35
stats: session 305 9153.921554098366 11456.036060567836 80930.326 6.622 13418.89929012739 3140
stats: users_count 305 3735
stats: finish_users_count 305 3445
stats: request 931 2311.554161117078 5774.521102079885 52914.566 0.627 3549.9764447748944 9751
stats: connect 314 1.2500095541401277 0.42208967174229794 19.433 0.745 1.369270973399591 3421
stats: page 618 3368.014208737863 8445.788278531465 68077.703 0.641 5280.546428259514 6412
stats: 200 69 1444
stats: size_rcv 2401944 71780715
stats: newphase 0 5
stats: 502 778 7078
stats: size_sent 181232 2167001
stats: connected 8 298
stats: 500 84 2160
# stats: dump at 1669962936
stats: users 355 377
stats: {load,"tsung_controller@ip-172-31-51-36"} 1 0.05859375 0.0 0.16015625 0.0 0.059244791666666664 36
stats: {freemem,"tsung_controller@ip-172-31-51-36"} 1 642.80859375 0.0 673.19921875 642.80859375 659.9288194444445 36
stats: {cpu,"tsung_controller@ip-172-31-51-36"} 1 6.111645813282002 0.0 8.213944603629416 0.15 2.01637455080156 36
stats: session 430 7294.7423046511685 10227.79570309827 80930.326 6.622 13041.303293178522 3445
stats: users_count 495 4230
stats: finish_users_count 430 3875
stats: request 1395 1163.6802365591418 3903.954538146106 52914.566 0.626 3442.0405576671033 10682
stats: connect 476 1.218796218487396 0.5457150024832373 19.433 0.745 1.3592447121820617 3735
stats: page 913 1997.4338269441434 6441.552870471696 68077.703 0.637 5112.4177068278805 7030
stats: 200 46 1490
stats: size_rcv 1131417 72912132
stats: newphase 1 6
stats: 502 1270 8348
stats: size_sent 257605 2424606
stats: connected 53 351
stats: 500 79 2239
# stats: dump at 1669962946
stats: users 380 393
stats: {load,"tsung_controller@ip-172-31-51-36"} 1 0.12890625 0.0 0.16015625 0.0 0.05922719594594594 37
stats: {freemem,"tsung_controller@ip-172-31-51-36"} 1 644.39453125 0.0 673.19921875 642.80859375 659.4661106418919 37
stats: {cpu,"tsung_controller@ip-172-31-51-36"} 1 9.812206572769954 0.0 9.812206572769954 0.15 2.1270575578956255 37
stats: session 609 6381.440579638756 9455.874578129919 80930.326 6.622 12403.620396387098 3875
stats: users_count 634 4864
stats: finish_users_count 609 4484
stats: connect 635 1.1939039370078761 0.5223051286985562 19.433 0.745 1.3433687960104492 4211
stats: page 1234 1577.2907196110216 5737.77055265619 71039.356 0.637 4754.369075034623 7943
stats: request 1868 1060.4609052462538 3956.904036101719 54750.426 0.621 3178.8698490519164 12077
stats: 200 78 1568
stats: size_rcv 2693801 75605933
stats: newphase 0 6
stats: 502 1716 10064
stats: size_sent 349339 2773945
stats: connected 30 381
stats: 500 74 2313
# stats: dump at 1669962956
stats: users 381 396
stats: {load,"tsung_controller@ip-172-31-51-36"} 1 0.109375 0.0 0.16015625 0.0 0.061060855263157895 38
stats: {freemem,"tsung_controller@ip-172-31-51-36"} 1 639.75 0.0 673.19921875 639.75 659.069490131579 38
stats: {cpu,"tsung_controller@ip-172-31-51-36"} 1 10.543580131208998 0.0 10.543580131208998 0.15 2.32929832144495 38
stats: session 631 5891.4372044374 8448.833745564982 80930.326 6.622 11585.710604148084 4484
stats: users_count 632 5496
stats: finish_users_count 631 5115
stats: request 1922 1081.8375494276745 4098.816209632465 54750.426 0.612 2895.0987549659376 13945
stats: connect 640 1.2527656250000019 0.70394230592312 19.433 0.745 1.323783532810566 4846
stats: page 1281 1586.99699765808 5912.964897695886 71039.356 0.637 4327.158146562058 9177
stats: 200 76 1644
stats: size_rcv 3421189 79027122
stats: newphase 0 6
stats: 502 1767 11831
stats: size_sent 357222 3131167
stats: connected -5 376
stats: 500 79 2392
# stats: dump at 1669962966
stats: users 378 407
stats: {load,"tsung_controller@ip-172-31-51-36"} 1 0.08984375 0.0 0.16015625 0.0 0.06229967948717949 39
stats: {freemem,"tsung_controller@ip-172-31-51-36"} 1 640.25390625 0.0 673.19921875 639.75 658.5741185897435 39
stats: {cpu,"tsung_controller@ip-172-31-51-36"} 1 9.789227166276348 0.0 10.543580131208998 0.15 2.53992093195172 39
stats: session 625 6412.238006399998 8375.23191035658 80930.326 6.622 10883.249897360705 5115
stats: users_count 622 6118
stats: finish_users_count 625 5740
stats: request 1855 1066.461864690026 3730.887674632799 54750.426 0.612 2675.4549636352167 15867
stats: connect 620 1.3716677419354828 0.9519533767680332 19.433 0.745 1.3154985417426184 5486
stats: page 1236 1632.901487055015 5583.7943290938765 71039.356 0.637 3991.5159174794426 10458
stats: 200 74 1718
stats: size_rcv 1978399 81005521
stats: newphase 0 6
stats: 502 1688 13519
stats: size_sent 347180 3478347
stats: connected 4 380
stats: 500 93 2485
# stats: dump at 1669962976
stats: users 382 413
stats: {load,"tsung_controller@ip-172-31-51-36"} 1 0.078125 0.0 0.16015625 0.0 0.06298828125 40
stats: {freemem,"tsung_controller@ip-172-31-51-36"} 1 639.12890625 0.0 673.19921875 639.12890625 658.1161132812499 40
stats: {cpu,"tsung_controller@ip-172-31-51-36"} 1 9.50374531835206 0.0 10.543580131208998 0.15 2.721153587809836 40
stats: session 646 5784.252431888538 7666.453376659855 80930.326 6.622 10396.423689721256 5740
stats: users_count 650 6768
stats: finish_users_count 646 6386
stats: request 1957 979.5547138477261 3708.2228679181717 54750.426 0.608 2507.0381823157645 17722
stats: connect 652 1.2683374233128812 0.7182333042939748 19.433 0.745 1.3212019325253854 6106
stats: 200 77 1795
stats: page 1305 1527.8139471264376 5598.636730648991 71039.356 0.637 3742.221626731658 11694
stats: size_rcv 2721584 83727105
stats: newphase 0 6
stats: 502 1803 15322
stats: size_sent 363353 3841700
stats: connected 3 383
stats: 500 77 2562
# stats: dump at 1669962986
stats: users 380 413
stats: {load,"tsung_controller@ip-172-31-51-36"} 1 0.140625 0.0 0.16015625 0.0 0.06335746951219512 41
stats: {freemem,"tsung_controller@ip-172-31-51-36"} 1 630.96875 0.0 673.19921875 630.96875 657.6530106707316 41
stats: {cpu,"tsung_controller@ip-172-31-51-36"} 1 10.541176470588235 0.0 10.543580131208998 0.15 2.8865826544084268 41
stats: session 654 6336.290068807341 8364.253179028501 80930.326 6.622 9929.862049796431 6386
stats: users_count 652 7420
stats: finish_users_count 654 7040
stats: request 1954 1006.0731560900703 3632.3664772850357 54750.426 0.608 2355.1358931856284 19679
stats: connect 655 1.310271755725192 0.8197326315436811 19.433 0.745 1.316101657295058 6758
stats: page 1309 1569.9878647822773 5443.168624230897 71039.356 0.63 3519.91206277406 12999
stats: 200 76 1871
stats: size_rcv 2009085 85736190
stats: newphase 0 6
stats: 502 1787 17109
stats: size_sent 365038 4206738
stats: connected -3 380
stats: 500 91 2653
# stats: dump at 1669962996
stats: users 220 413
stats: {load,"tsung_controller@ip-172-31-51-36"} 1 0.19921875 0.0 0.19921875 0.0 0.06519717261904762 42
stats: {freemem,"tsung_controller@ip-172-31-51-36"} 1 631.04296875 0.0 673.19921875 630.96875 657.0176711309523 42
stats: {cpu,"tsung_controller@ip-172-31-51-36"} 1 11.079943899018232 0.0 11.079943899018232 0.15 3.0688348881269936 42
stats: session 280 8055.417224999997 8913.6464699283 80930.326 6.622 9596.027379971592 7040
stats: users_count 120 7540
stats: finish_users_count 280 7320
stats: connect 127 1.1761811023622042 0.3431625362085034 19.433 0.745 1.3155865371644413 7413
stats: 200 71 1942
stats: request 623 2789.422807383629 5996.239205681737 54750.426 0.608 2233.2818466694393 21633
stats: page 445 3124.653979775283 8225.006533616383 71039.356 0.63 3341.5188019988823 14308
stats: size_rcv 2305074 88041264
stats: newphase 0 6
stats: 502 481 17590
stats: size_sent 119781 4326519
stats: connected -159 221
stats: 500 71 2724
# stats: dump at 1669963006
stats: users 114 413
stats: {load,"tsung_controller@ip-172-31-51-36"} 1 0.171875 0.0 0.19921875 0.0 0.06831395348837209 43
stats: {freemem,"tsung_controller@ip-172-31-51-36"} 1 643.78125 0.0 673.19921875 630.96875 656.4136082848836 43
stats: {cpu,"tsung_controller@ip-172-31-51-36"} 1 2.422145328719723 0.0 11.079943899018232 0.15 3.255139748845394 43
stats: session 106 21104.299669811327 13117.467083838394 83574.775 6.622 9537.096936885247 7320
stats: users_count 0 7540
stats: finish_users_count 106 7426
stats: connect 0 0 0 19.433 0.745 1.313238461538462 7540
stats: 200 103 2045
stats: request 171 11788.993514619873 5321.672833447557 54750.426 0.608 2248.8495955248013 22256
stats: size_rcv 1443145 89484409
stats: newphase 0 6
stats: 502 4 17594
stats: page 134 13300.587611940304 9126.316967786795 71039.356 0.63 3334.977431030977 14753
stats: size_sent 14980 4341499
stats: connected -105 116
stats: 500 64 2788
# stats: dump at 1669963016
stats: users 26 413
stats: {load,"tsung_controller@ip-172-31-51-36"} 1 0.140625 0.0 0.19921875 0.0 0.07066761363636363 44
stats: {freemem,"tsung_controller@ip-172-31-51-36"} 1 654.5546875 0.0 673.19921875 630.96875 656.1265092329544 44
stats: {cpu,"tsung_controller@ip-172-31-51-36"} 1 0.7976071784646062 0.0 11.079943899018232 0.15 3.2362080574789016 44
stats: session 88 33253.05510227272 8984.031114169451 83574.775 6.622 9702.209176272558 7426
stats: users_count 0 7540
stats: finish_users_count 88 7514
stats: request 157 8363.740248407641 9280.982515100284 55076.939 0.608 2321.590693761982 22427
stats: connect 0 0 0 19.433 0.745 1.313238461538462 7540
stats: page 157 14570.180242038208 15163.796028799725 71039.356 0.63 3424.679302747364 14887
stats: 200 93 2138
stats: size_rcv 2862009 92346418
stats: newphase 0 6
stats: 502 0 17594
stats: size_sent 14750 4356249
stats: connected -89 27
stats: 500 64 2852
# stats: dump at 1669963026
stats: users 7 413
stats: {load,"tsung_controller@ip-172-31-51-36"} 1 0.12109375 0.0 0.19921875 0.0 0.07222222222222222 45
stats: {freemem,"tsung_controller@ip-172-31-51-36"} 1 663.07421875 0.0 673.19921875 630.96875 656.091579861111 45
stats: {cpu,"tsung_controller@ip-172-31-51-36"} 1 0.798801797304044 0.0 11.079943899018232 0.15 3.182016926834139 45
stats: session 19 39013.11931578948 8979.944857764744 83574.775 6.622 9978.02424700559 7514
stats: users_count 0 7540
stats: finish_users_count 19 7533
stats: connect 0 0 0 19.433 0.745 1.313238461538462 7540
stats: page 23 7233.805043478261 18636.75065757716 71039.356 0.63 3540.9943550917314 15044
stats: 200 23 2161
stats: size_rcv 2132487 94478905
stats: newphase 0 6
stats: 502 0 17594
stats: size_sent 5698 4361947
stats: connected -20 7
stats: 500 0 2852
stats: request 23 5990.9747391304345 15361.540092365942 55076.939 0.608 2363.594655862556 22584
# stats: dump at 1669963036
stats: users 5 413
stats: {load,"tsung_controller@ip-172-31-51-36"} 1 0.1015625 0.0 0.19921875 0.0 0.07328464673913042 46
stats: {freemem,"tsung_controller@ip-172-31-51-36"} 1 664.3515625 0.0 673.19921875 630.96875 656.2433763586955 46
stats: {cpu,"tsung_controller@ip-172-31-51-36"} 1 0.25012506253126565 0.0 11.079943899018232 0.15 3.130207902279137 46
stats: session 2 63281.4185 1028.6405000000013 83574.775 6.622 10051.257594451083 7533
stats: users_count 0 7540
stats: finish_users_count 2 7535
stats: 200 3 2164
stats: request 3 16652.512333333336 22893.51539665231 55076.939 0.608 2367.2850943070716 22607
stats: size_rcv 710920 95189825
stats: newphase 0 6
stats: connect 0 0 0 19.433 0.745 1.313238461538462 7540
stats: 502 0 17594
stats: page 3 20756.462 28697.10148358761 71039.356 0.63 3546.6314856308495 15067
stats: size_sent 1394 4363341
stats: connected -2 5
stats: 500 0 2852
# stats: dump at 1669963046
stats: users 0 413
stats: {load,"tsung_controller@ip-172-31-51-36"} 1 0.08984375 0.0 0.19921875 0.0 0.07388630319148934 47
stats: {freemem,"tsung_controller@ip-172-31-51-36"} 1 664.38671875 0.0 673.19921875 630.96875 656.4158909574467 47
stats: {cpu,"tsung_controller@ip-172-31-51-36"} 1 0.1998001998001998 0.0 11.079943899018232 0.15 3.068929543986629 47
stats: session 5 61324.276399999995 4020.1161480681963 83574.775 6.622 10065.386369741209 7535
stats: users_count 0 7540
stats: finish_users_count 5 7540
stats: connect 0 0 0 19.433 0.745 1.313238461538462 7540
stats: page 10 28938.984800000006 28982.423586819725 71039.356 0.63 3550.0574638354356 15070
stats: 200 10 2174
stats: request 10 22116.160599999996 22231.990101003736 55076.939 0.608 2369.180524723572 22610
stats: size_rcv 3552901 98742726
stats: newphase 0 6
stats: 502 0 17594
stats: size_sent 3546 4366887
stats: connected -5 0
stats: 500 0 2852
# stats: dump at 1669963049
stats: users 0 413
stats: {load,"tsung_controller@ip-172-31-51-36"} 1 0.0703125 0.0 0.19921875 0.0 0.07421874999999999 48
stats: {freemem,"tsung_controller@ip-172-31-51-36"} 1 665.76171875 0.0 673.19921875 630.96875 656.5819498697915 48
stats: {cpu,"tsung_controller@ip-172-31-51-36"} 1 0.15015015015015015 0.0 11.079943899018232 0.15 3.009156015982745 48
stats: session 0 0 0 83574.775 6.622 10099.377676127322 7540
stats: users_count 0 7540
stats: finish_users_count 0 7540
stats: request 0 0 0 55076.939 0.608 2377.9104009725893 22620
stats: connect 0 0 0 19.433 0.745 1.313238461538462 7540
stats: page 0 0 0 71039.356 0.63 3566.89362254642 15080
stats: 200 0 2174
stats: size_rcv 0 98742726
stats: newphase 0 6
stats: 502 0 17594
stats: size_sent 0 4366887
stats: connected 0 0
stats: 500 0 2852
EndMonitor:{1669,963049,74186}