# stats: dump at 1670020486
stats: users 3 5
stats: {load,"tsung_controller@ip-172-31-57-233"} 1 0.01171875 0 0.01171875 0.01171875 0 0
stats: {cpu,"tsung_controller@ip-172-31-57-233"} 1 5.865519599726432 0 5.865519599726432 5.865519599726432 0 0
stats: {freemem,"tsung_controller@ip-172-31-57-233"} 1 691.69921875 0 691.69921875 691.69921875 0 0
stats: session 5 1377.7568 437.16067045350735 1878.497 568.051 0 0
stats: users_count 8 8
stats: finish_users_count 5 5
stats: request 18 115.62366666666665 141.82561865152886 307.081 0.574 0 0
stats: connect 11 2.252181818181819 2.579976808147413 9.987 1.073 0 0
stats: page 11 189.24372727272723 138.6677388089247 307.798 5.448 0 0
stats: 200 11 11
stats: size_rcv 4189 4189
stats: size_sent 9453 9453
stats: connected 0 0
stats: 400 7 7
# stats: dump at 1670020496
stats: users 2 7
stats: {load,"tsung_controller@ip-172-31-57-233"} 1 0.0 0.0 0.01171875 0.0 0.01171875 1
stats: {cpu,"tsung_controller@ip-172-31-57-233"} 1 0.1500750375187594 0.0 5.865519599726432 0.1500750375187594 5.865519599726432 1
stats: {freemem,"tsung_controller@ip-172-31-57-233"} 1 692.6875 0.0 692.6875 691.69921875 691.69921875 1
stats: session 15 2999.0246666666662 2463.210122765295 8324.792 315.3 1377.7568 5
stats: users_count 14 22
stats: finish_users_count 15 20
stats: 200 31 42
stats: request 46 99.86991304347829 140.73425346326317 439.469 0.559 115.62366666666665 18
stats: size_rcv 9260 13449
stats: size_sent 25694 35147
stats: connected 0 0
stats: connect 31 1.2126451612903228 0.15986921033166696 9.987 0.975 2.252181818181819 11
stats: 400 15 22
stats: page 31 148.22170967741937 149.7557062151973 440.669 5.039 189.24372727272723 11
# stats: dump at 1670020506
stats: users 6 7
stats: {load,"tsung_controller@ip-172-31-57-233"} 1 0.0 0.0 0.01171875 0.0 0.005859375 2
stats: {cpu,"tsung_controller@ip-172-31-57-233"} 1 0.4495504495504496 0.0 5.865519599726432 0.1500750375187594 3.007797318622596 2
stats: {freemem,"tsung_controller@ip-172-31-57-233"} 1 693.60546875 0.0 693.60546875 691.69921875 692.193359375 2
stats: session 8 1688.15725 785.8353159148153 8324.792 315.3 2593.7077 20
stats: users_count 12 34
stats: finish_users_count 8 28
stats: 200 18 60
stats: request 28 154.6018214285714 228.14069187346615 858.696 0.559 104.30065625000002 64
stats: size_rcv 6060 19509
stats: size_sent 15684 50831
stats: connect 20 1.2725500000000003 0.35412278590906865 9.987 0.975 1.4849047619047622 42
stats: connected 2 2
stats: 400 10 32
stats: page 18 240.52461111111108 246.59040389257714 861.423 4.945 158.96557142857142 42
# stats: dump at 1670020516
stats: users 2 7
stats: {load,"tsung_controller@ip-172-31-57-233"} 1 0.0 0.0 0.01171875 0.0 0.00390625 3
stats: {cpu,"tsung_controller@ip-172-31-57-233"} 1 0.1500750375187594 0.0 5.865519599726432 0.1500750375187594 2.1550483622652137 3
stats: {freemem,"tsung_controller@ip-172-31-57-233"} 1 693.12890625 0.0 693.60546875 691.69921875 692.6640625 3
stats: session 12 3361.194 2962.112771164472 9388.428 315.3 2334.979 28
stats: users_count 8 42
stats: finish_users_count 12 40
stats: request 32 108.55028124999995 162.90091131847498 858.696 0.559 119.60970652173914 92
stats: connect 20 1.2218000000000002 0.08759657527552091 9.987 0.975 1.416403225806452 62
stats: page 22 157.9172727272727 176.52462200759874 861.423 4.945 183.43328333333332 60
stats: 200 22 82
stats: size_rcv 6223 25732
stats: size_sent 17569 68400
stats: connected -2 0
stats: 400 10 42
# stats: dump at 1670020526
stats: users 6 7
stats: {load,"tsung_controller@ip-172-31-57-233"} 1 0.0 0.0 0.01171875 0.0 0.0029296875 4
stats: {cpu,"tsung_controller@ip-172-31-57-233"} 1 0.35000000000000003 0.0 5.865519599726432 0.1500750375187594 1.6538050310785999 4
stats: {freemem,"tsung_controller@ip-172-31-57-233"} 1 693.671875 0.0 693.671875 691.69921875 692.7802734375 4
stats: session 10 2410.1558 1900.407890608898 9388.428 315.3 2642.8435 40
stats: users_count 14 56
stats: finish_users_count 10 50
stats: 200 21 103
stats: request 33 110.48224242424244 152.16398390293926 858.696 0.559 116.75566129032258 124
stats: size_rcv 7257 32989
stats: connect 22 1.4260454545454548 0.8118426558969934 9.987 0.975 1.3689390243902442 82
stats: size_sent 18014 86414
stats: connected 1 1
stats: 400 12 54
stats: page 21 173.6514285714286 160.1223306527652 861.423 4.945 176.58752439024389 82
# stats: dump at 1670020536
stats: users 1 7
stats: {load,"tsung_controller@ip-172-31-57-233"} 1 0.0 0.0 0.01171875 0.0 0.00234375 5
stats: {cpu,"tsung_controller@ip-172-31-57-233"} 1 0.3996003996003996 0.0 5.865519599726432 0.1500750375187594 1.39304402486288 5
stats: {freemem,"tsung_controller@ip-172-31-57-233"} 1 693.625 0.0 693.671875 691.69921875 692.95859375 5
stats: session 9 3239.439777777778 2130.204946533798 9388.428 315.3 2596.3059599999997 50
stats: users_count 4 60
stats: finish_users_count 9 59
stats: request 22 76.46718181818184 119.17571805899067 858.696 0.559 115.43704458598727 157
stats: connect 15 1.2566 0.1031282696451366 9.987 0.975 1.381019230769231 104
stats: page 16 105.17012500000001 129.0161333234506 861.423 4.945 175.9889029126213 103
stats: 200 16 119
stats: size_rcv 3842 36831
stats: size_sent 12695 99109
stats: connected -1 0
stats: 400 6 60
# stats: dump at 1670020546
stats: users 4 7
stats: {load,"tsung_controller@ip-172-31-57-233"} 1 0.0 0.0 0.01171875 0.0 0.001953125 6
stats: {cpu,"tsung_controller@ip-172-31-57-233"} 1 0.49975012493753124 0.0 5.865519599726432 0.1500750375187594 1.227470087319133 6
stats: {freemem,"tsung_controller@ip-172-31-57-233"} 1 693.47265625 0.0 693.671875 691.69921875 693.0696614583334 6
stats: session 9 3120.1192222222217 4473.345637188861 15115.792 315.3 2694.4111186440678 59
stats: users_count 12 72
stats: finish_users_count 9 68
stats: request 25 139.73999999999995 188.86963237175001 858.696 0.559 110.6474525139665 179
stats: connect 18 1.2779444444444448 0.3505131907839993 9.987 0.975 1.3653361344537818 119
stats: page 16 218.3884375 197.34471383310748 861.423 4.923 166.46705042016805 119
stats: 200 16 135
stats: size_rcv 5454 42285
stats: newphase 1 1
stats: size_sent 14071 113180
stats: connected 2 2
stats: 400 9 69
# stats: dump at 1670020556
stats: users 11 12
stats: {load,"tsung_controller@ip-172-31-57-233"} 1 0.0 0.0 0.01171875 0.0 0.0016741071428571428 7
stats: {cpu,"tsung_controller@ip-172-31-57-233"} 1 0.24975024975024976 0.0 5.865519599726432 0.1500750375187594 1.12351009269319 7
stats: {freemem,"tsung_controller@ip-172-31-57-233"} 1 692.12109375 0.0 693.671875 691.69921875 693.1272321428571 7
stats: session 12 2631.177333333333 2649.3036841131902 15115.792 315.3 2750.7548382352943 68
stats: users_count 19 91
stats: finish_users_count 12 80
stats: request 48 107.23679166666672 132.41567420846218 858.696 0.559 114.21271568627454 204
stats: connect 30 1.2548333333333335 0.3843876587798082 9.987 0.975 1.3538540145985405 137
stats: page 30 171.61333333333332 131.22707776353002 861.423 4.923 172.62069629629627 135
stats: 200 30 165
stats: size_rcv 10836 53121
stats: newphase 0 1
stats: size_sent 25566 138746
stats: connected 0 2
stats: 400 18 87
# stats: dump at 1670020566
stats: users 8 12
stats: {load,"tsung_controller@ip-172-31-57-233"} 1 0.0 0.0 0.01171875 0.0 0.00146484375 8
stats: {cpu,"tsung_controller@ip-172-31-57-233"} 1 0.34965034965034963 0.0 5.865519599726432 0.1500750375187594 1.0142901123253225 8
stats: {freemem,"tsung_controller@ip-172-31-57-233"} 1 691.2890625 0.0 693.671875 691.2890625 693.00146484375 8
stats: session 20 3447.87735 2527.252886206192 15115.792 315.3 2732.8182125000003 80
stats: users_count 17 108
stats: finish_users_count 20 100
stats: request 57 111.19387719298247 169.9009777581058 858.696 0.559 112.88396825396828 252
stats: connect 38 1.356342105263158 0.845390980126816 9.987 0.948 1.3360658682634734 167
stats: page 39 162.54079487179482 184.68214766085157 861.423 4.923 172.43753939393937 165
stats: 200 39 204
stats: size_rcv 11185 64306
stats: newphase 0 1
stats: size_sent 31946 170692
stats: connected -1 1
stats: 400 18 105
# stats: dump at 1670020576
stats: users 4 12
stats: {load,"tsung_controller@ip-172-31-57-233"} 1 0.0 0.0 0.01171875 0.0 0.0013020833333333333 9
stats: {cpu,"tsung_controller@ip-172-31-57-233"} 1 0.3498250874562719 0.0 5.865519599726432 0.1500750375187594 0.9404412498058812 9
stats: {freemem,"tsung_controller@ip-172-31-57-233"} 1 692.40234375 0.0 693.671875 691.2890625 692.8111979166666 9
stats: session 16 5021.8640000000005 3886.9339472753136 15115.792 315.3 2875.8300400000003 100
stats: users_count 12 120
stats: finish_users_count 16 116
stats: request 47 103.32723404255317 155.90686730636867 858.696 0.559 112.57220388349518 309
stats: connect 31 1.4733225806451609 0.9680185077908366 9.987 0.948 1.3398243902439027 205
stats: page 32 151.78778125 169.24821031932925 861.423 4.818 170.54551470588234 204
stats: 200 32 236
stats: size_rcv 9302 73608
stats: newphase 0 1
stats: size_sent 26226 196918
stats: connected -1 0
stats: 400 15 120
# stats: dump at 1670020586
stats: users 7 12
stats: {load,"tsung_controller@ip-172-31-57-233"} 1 0.0 0.0 0.01171875 0.0 0.001171875 10
stats: {cpu,"tsung_controller@ip-172-31-57-233"} 1 0.34965034965034963 0.0 5.865519599726432 0.1500750375187594 0.8813796335709203 10
stats: {freemem,"tsung_controller@ip-172-31-57-233"} 1 692.00390625 0.0 693.671875 691.2890625 692.7703125 10
stats: session 21 3379.3577619047614 3086.0214780712 15115.792 281.051 3171.8347241379315 116
stats: users_count 24 144
stats: finish_users_count 21 137
stats: request 65 111.46327692307689 150.68568912801527 858.696 0.553 111.35166011235957 356
stats: connect 44 1.1802272727272738 0.365160168073008 9.987 0.917 1.3573601694915256 236
stats: page 42 164.12083333333325 157.23838383500274 861.423 4.721 168.002093220339 236
stats: 200 43 279
stats: size_rcv 13719 87327
stats: newphase 0 1
stats: size_sent 36400 233318
stats: connected 2 2
stats: 400 22 142
# stats: dump at 1670020596
stats: users 1 12
stats: {load,"tsung_controller@ip-172-31-57-233"} 1 0.0 0.0 0.01171875 0.0 0.001065340909090909 11
stats: {cpu,"tsung_controller@ip-172-31-57-233"} 1 0.3498250874562719 0.0 5.865519599726432 0.1500750375187594 0.8330406077599594 11
stats: {freemem,"tsung_controller@ip-172-31-57-233"} 1 691.9921875 0.0 693.671875 691.2890625 692.7006392045455 11
stats: session 15 3050.641533333334 1637.514411160397 15115.792 281.051 3203.6448248175184 137
stats: users_count 9 153
stats: finish_users_count 15 152
stats: request 37 80.51016216216217 129.82076861550178 858.696 0.553 111.36889311163897 421
stats: connect 25 1.1659600000000003 0.0715795948577526 9.987 0.917 1.3295250000000003 280
stats: page 27 123.4372592592592 146.69816558665053 861.423 4.721 167.41571582733812 278
stats: 200 26 305
stats: size_rcv 6689 94016
stats: newphase 0 1
stats: size_sent 20797 254115
stats: connected -2 0
stats: 400 11 153
# stats: dump at 1670020606
stats: users 10 12
stats: {load,"tsung_controller@ip-172-31-57-233"} 1 0.0 0.0 0.01171875 0.0 9.765625e-4 12
stats: {cpu,"tsung_controller@ip-172-31-57-233"} 1 0.1500750375187594 0.0 5.865519599726432 0.1500750375187594 0.7927726477346521 12
stats: {freemem,"tsung_controller@ip-172-31-57-233"} 1 692.65625 0.0 693.671875 691.2890625 692.6416015625 12
stats: session 19 1717.5903157894738 1321.8544125937563 15115.792 281.051 3188.545815789474 152
stats: users_count 28 181
stats: finish_users_count 19 171
stats: request 68 121.57729411764706 162.86843277763467 858.696 0.553 108.87593886462884 458
stats: connect 45 1.3194666666666666 0.9618833285683753 9.987 0.917 1.3161180327868853 305
stats: page 43 192.29611627906982 169.2470405447981 861.423 4.721 163.52254098360655 305
stats: 200 43 348
stats: size_rcv 15075 109091
stats: newphase 1 2
stats: size_sent 37197 291312
stats: connected 2 2
stats: 400 25 178
# stats: dump at 1670020616
stats: users 21 22
stats: {load,"tsung_controller@ip-172-31-57-233"} 1 0.0 0.0 0.01171875 0.0 9.014423076923077e-4 13
stats: {cpu,"tsung_controller@ip-172-31-57-233"} 1 0.4995004995004995 0.0 5.865519599726432 0.1500750375187594 0.7433343700257372 13
stats: {freemem,"tsung_controller@ip-172-31-57-233"} 1 691.84765625 0.0 693.671875 691.2890625 692.6427283653846 13
stats: session 37 2947.1686486486487 2263.086900982256 15115.792 276.815 3025.106315789474 171
stats: users_count 48 229
stats: finish_users_count 37 208
stats: request 131 155.11479389312987 231.10710582027033 858.696 0.547 110.51793916349811 526
stats: connect 86 1.2882674418604645 0.8383500188204484 9.987 0.901 1.3165485714285714 350
stats: page 84 241.93832142857158 250.25321088426574 861.423 4.592 167.07789655172414 348
stats: 200 84 432
stats: size_rcv 28480 137571
stats: newphase 0 2
stats: size_sent 71439 362751
stats: connected 2 4
stats: 400 47 225
# stats: dump at 1670020626
stats: users 13 22
stats: {load,"tsung_controller@ip-172-31-57-233"} 1 0.0 0.0 0.01171875 0.0 8.370535714285714e-4 14
stats: {cpu,"tsung_controller@ip-172-31-57-233"} 1 0.798004987531172 0.0 5.865519599726432 0.1500750375187594 0.7259176649882202 14
stats: {freemem,"tsung_controller@ip-172-31-57-233"} 1 690.62890625 0.0 693.671875 690.62890625 692.5859375 14
stats: session 48 3420.190479166667 2653.121715420244 15115.792 276.815 3011.242403846154 208
stats: users_count 40 269
stats: finish_users_count 48 256
stats: request 135 140.41765925925935 241.45461861341684 1121.506 0.547 119.4101582952816 657
stats: page 92 206.07440217391306 269.00224946190787 1122.139 4.592 181.6340902777778 432
stats: connect 88 1.5960340909090904 1.7019110611901687 13.219 0.901 1.3109701834862382 436
stats: 200 92 524
stats: size_rcv 26656 164227
stats: newphase 0 2
stats: size_sent 75132 437883
stats: connected -4 0
stats: 400 43 268
# stats: dump at 1670020636
stats: users 15 22
stats: {load,"tsung_controller@ip-172-31-57-233"} 1 0.0 0.0 0.01171875 0.0 7.8125e-4 15
stats: {cpu,"tsung_controller@ip-172-31-57-233"} 1 1.1946241911398707 0.0 5.865519599726432 0.1500750375187594 0.7307234864910837 15
stats: {freemem,"tsung_controller@ip-172-31-57-233"} 1 690.11328125 0.0 693.671875 690.11328125 692.45546875 15
stats: session 38 3296.0529999999994 2683.433465463652 15115.792 276.815 3087.9201679687503 256
stats: users_count 40 309
stats: finish_users_count 38 294
stats: request 112 117.20216964285707 168.11287020634637 1121.506 0.547 122.99098232323237 792
stats: connect 78 1.3034487179487182 0.7349535245630074 13.219 0.901 1.3588435114503814 524
stats: page 74 177.4203513513513 179.7719224950861 1122.139 4.592 185.92513740458017 524
stats: 200 74 598
stats: size_rcv 23270 187497
stats: newphase 0 2
stats: size_sent 63424 501307
stats: connected 4 4
stats: 400 38 306
# stats: dump at 1670020646
stats: users 15 23
stats: {load,"tsung_controller@ip-172-31-57-233"} 1 0.0 0.0 0.01171875 0.0 7.32421875e-4 16
stats: {cpu,"tsung_controller@ip-172-31-57-233"} 1 1.1448481831757094 0.0 5.865519599726432 0.1500750375187594 0.7597172805316329 16
stats: {freemem,"tsung_controller@ip-172-31-57-233"} 1 690.83203125 0.0 693.671875 690.11328125 692.30908203125 16
stats: session 45 4208.7640222222235 3971.536652117148 20730.951 276.815 3114.8216904761907 294
stats: users_count 45 354
stats: finish_users_count 45 339
stats: request 139 146.1680431654675 231.52485643354512 1121.506 0.547 122.27378429203543 904
stats: connect 90 1.2922444444444443 0.6733307972082785 13.219 0.89 1.3516661129568104 602
stats: page 93 218.49640860215058 254.19446976477343 1122.139 4.592 184.87270568561874 598
stats: 200 93 691
stats: size_rcv 28304 215801
stats: newphase 0 2
stats: size_sent 75923 577230
stats: connected -3 1
stats: 400 46 352
# stats: dump at 1670020656
stats: users 10 23
stats: {load,"tsung_controller@ip-172-31-57-233"} 1 0.0 0.0 0.01171875 0.0 6.893382352941177e-4 17
stats: {cpu,"tsung_controller@ip-172-31-57-233"} 1 0.997506234413965 0.0 5.865519599726432 0.1500750375187594 0.7823720395106962 17
stats: {freemem,"tsung_controller@ip-172-31-57-233"} 1 689.828125 0.0 693.671875 689.828125 692.2221966911765 17
stats: session 44 3679.2946363636365 3070.08319718957 20730.951 276.815 3260.0352743362837 339
stats: users_count 39 393
stats: finish_users_count 44 383
stats: request 122 114.9863278688524 175.1070927248004 1121.506 0.547 125.4581581975072 1043
stats: connect 84 1.256785714285714 0.39762883720483705 13.219 0.847 1.3439378612716761 692
stats: page 83 169.04583132530126 190.12474382291904 1122.139 4.592 189.3980376266281 691
stats: 200 83 774
stats: size_rcv 24171 239972
stats: newphase 0 2
stats: size_sent 68848 646078
stats: connected 1 2
stats: 400 39 391
# stats: dump at 1670020666
stats: users 40 43
stats: {load,"tsung_controller@ip-172-31-57-233"} 1 0.0 0.0 0.01171875 0.0 6.510416666666666e-4 18
stats: {cpu,"tsung_controller@ip-172-31-57-233"} 1 0.798801797304044 0.0 5.865519599726432 0.1500750375187594 0.7943239392275445 18
stats: {freemem,"tsung_controller@ip-172-31-57-233"} 1 691.05859375 0.0 693.671875 689.828125 692.0891927083334 18
stats: session 42 2612.1151190476194 1635.3387543725378 20730.951 276.815 3308.2008407310705 383
stats: users_count 72 465
stats: finish_users_count 42 425
stats: request 155 422.5163870967742 688.8553721170605 2454.46 0.547 124.36153733905579 1165
stats: connect 113 1.2039734513274343 0.5287461618961852 13.219 0.789 1.3345038659793813 776
stats: page 98 668.3002448979587 766.2805811371838 2455.247 4.592 187.2155658914729 774
stats: 200 98 872
stats: size_rcv 34421 274393
stats: newphase 1 3
stats: size_sent 87210 733288
stats: connected 15 17
stats: 400 57 448
# stats: dump at 1670020676
stats: users 59 61
stats: {load,"tsung_controller@ip-172-31-57-233"} 1 0.0 0.0 0.01171875 0.0 6.167763157894736e-4 19
stats: {cpu,"tsung_controller@ip-172-31-57-233"} 1 0.6506506506506506 0.0 5.865519599726432 0.1500750375187594 0.7945596159684128 19
stats: {freemem,"tsung_controller@ip-172-31-57-233"} 1 688.66015625 0.0 693.671875 688.66015625 692.0349506578947 19
stats: session 71 4933.55314084507 1961.9538975309201 20730.951 276.815 3239.4111929411765 425
stats: users_count 90 555
stats: finish_users_count 71 496
stats: request 224 1032.8080624999996 1675.1846143927064 5918.226 0.547 159.37214469696968 1320
stats: connect 162 1.189135802469137 0.5389666668518959 13.219 0.789 1.3179122609673788 889
stats: page 148 1563.1997364864862 1849.4831452535645 5919.023 4.592 241.28242201834863 872
stats: 200 146 1018
stats: size_rcv 46532 320925
stats: newphase 0 3
stats: size_sent 125721 859009
stats: connected 14 31
stats: 400 76 524
stats: 500 2 2
# stats: dump at 1670020686
stats: users 48 61
stats: {load,"tsung_controller@ip-172-31-57-233"} 1 0.0 0.0 0.01171875 0.0 5.859375e-4 20
stats: {cpu,"tsung_controller@ip-172-31-57-233"} 1 0.5508262393590386 0.0 5.865519599726432 0.1500750375187594 0.7873641677025247 20
stats: {freemem,"tsung_controller@ip-172-31-57-233"} 1 687.7265625 0.0 693.671875 687.7265625 691.8662109374999 20
stats: session 83 6730.456542168677 3391.580887632084 20730.951 276.815 3481.9194153225803 496
stats: users_count 72 627
stats: finish_users_count 83 579
stats: request 233 1224.2028412017182 1995.4235459967945 5918.226 0.547 286.08823639896366 1544
stats: connect 154 1.224532467532468 0.699703881419227 13.219 0.789 1.2980627973358705 1051
stats: page 158 1805.3390126582287 2196.639893977438 5919.023 4.592 433.09003235294114 1020
stats: 200 156 1174
stats: size_rcv 46357 367282
stats: newphase 0 3
stats: size_sent 127776 986785
stats: connected -4 27
stats: 400 75 599
stats: 500 2 4
# stats: dump at 1670020696
stats: users 45 61
stats: {load,"tsung_controller@ip-172-31-57-233"} 1 0.0 0.0 0.01171875 0.0 5.580357142857143e-4 21
stats: {cpu,"tsung_controller@ip-172-31-57-233"} 1 0.75 0.0 5.865519599726432 0.1500750375187594 0.7761004568290255 21
stats: {freemem,"tsung_controller@ip-172-31-57-233"} 1 687.62109375 0.0 693.671875 687.62109375 691.6690848214284 21
stats: session 71 6619.877098591548 4129.486367120417 23406.091 276.815 3947.599176165803 579
stats: users_count 68 695
stats: finish_users_count 71 650
stats: request 221 1056.5516153846158 1631.8479261651034 5918.226 0.547 409.0936966797976 1777
stats: connect 140 1.159685714285714 0.5652185934373948 13.219 0.789 1.288665560165975 1205
stats: page 146 1599.3337945205478 1779.0794272787368 5919.023 4.592 617.143800509338 1178
stats: 200 147 1321
stats: size_rcv 45943 413225
stats: newphase 0 3
stats: size_sent 119865 1106650
stats: connected -6 21
stats: 400 75 674
stats: 500 0 4
# stats: dump at 1670020706
stats: users 33 61
stats: {load,"tsung_controller@ip-172-31-57-233"} 1 0.0 0.0 0.01171875 0.0 5.326704545454545e-4 22
stats: {cpu,"tsung_controller@ip-172-31-57-233"} 1 0.6015037593984963 0.0 5.865519599726432 0.1500750375187594 0.7749140724277062 22
stats: {freemem,"tsung_controller@ip-172-31-57-233"} 1 687.171875 0.0 693.671875 687.171875 691.4850852272725 22
stats: session 80 6076.1739750000015 3694.031328364007 23406.091 276.815 4239.494149230769 650
stats: users_count 68 763
stats: finish_users_count 80 730
stats: request 235 789.9399957446809 1243.233363732525 5918.226 0.547 480.70941241241263 1998
stats: connect 147 1.143272108843538 0.30301755764722865 13.219 0.789 1.275240148698885 1345
stats: page 157 1182.4258980891711 1360.5928356880768 5919.023 4.592 725.4517605740183 1324
stats: 200 156 1477
stats: size_rcv 47976 461201
stats: newphase 0 3
stats: size_sent 128237 1234887
stats: connected -10 11
stats: 400 78 752
stats: 500 0 4
# stats: dump at 1670020716
stats: users 40 61
stats: {load,"tsung_controller@ip-172-31-57-233"} 1 0.0 0.0 0.01171875 0.0 5.095108695652174e-4 23
stats: {cpu,"tsung_controller@ip-172-31-57-233"} 1 0.6009013520280421 0.0 5.865519599726432 0.1500750375187594 0.7673744936003493 23
stats: {freemem,"tsung_controller@ip-172-31-57-233"} 1 687.27734375 0.0 693.671875 687.171875 691.2975543478259 23
stats: session 71 5120.850718309858 3889.2493563377616 23406.091 276.815 4440.774130136986 730
stats: users_count 78 841
stats: finish_users_count 71 801
stats: request 219 479.5697123287672 702.9760545263723 5918.226 0.547 513.2527115987463 2233
stats: connect 149 1.1709463087248333 0.5522610240891395 13.219 0.789 1.2622379356568367 1492
stats: page 145 724.3467310344829 755.0859262103404 5919.023 4.592 773.895338960162 1481
stats: 200 145 1622
stats: size_rcv 45395 506596
stats: newphase 0 3
stats: size_sent 122324 1357211
stats: connected 4 15
stats: 400 74 826
stats: 500 0 4
# stats: dump at 1670020726
stats: users 127 127
stats: {load,"tsung_controller@ip-172-31-57-233"} 1 0.0 0.0 0.01171875 0.0 4.8828125e-4 24
stats: {cpu,"tsung_controller@ip-172-31-57-233"} 1 0.7496251874062968 0.0 5.865519599726432 0.1500750375187594 0.7604381127015031 24
stats: {freemem,"tsung_controller@ip-172-31-57-233"} 1 687.12109375 0.0 693.671875 687.12109375 691.1300455729165 24
stats: session 66 5057.514560606061 2659.076181997254 23406.091 276.815 4501.055575530587 801
stats: users_count 153 994
stats: finish_users_count 66 867
stats: request 209 1007.3687368421052 1513.0971581000294 5918.226 0.547 510.24431973898874 2452
stats: connect 209 1.1182679425837319 0.42203866687869135 13.219 0.789 1.2539488117001831 1641
stats: page 137 1536.8227956204382 1637.540426653732 5919.023 4.592 769.4767976629767 1626
stats: 200 136 1758
stats: size_rcv 43980 550576
stats: newphase 1 4
stats: size_sent 134834 1492045
stats: connected 72 87
stats: 400 72 898
stats: 500 1 5
# stats: dump at 1670020736
stats: users 234 234
stats: {load,"tsung_controller@ip-172-31-57-233"} 1 0.0 0.0 0.01171875 0.0 4.6875e-4 25
stats: {cpu,"tsung_controller@ip-172-31-57-233"} 1 0.8525576730190572 0.0 5.865519599726432 0.1500750375187594 0.760005595689695 25
stats: {freemem,"tsung_controller@ip-172-31-57-233"} 1 683.7734375 0.0 693.671875 683.7734375 690.9696874999998 25
stats: session 64 10802.738953125001 2187.149142049163 23406.091 276.815 4543.415775086505 867
stats: users_count 171 1165
stats: finish_users_count 64 931
stats: request 282 3198.5639219858153 2997.660399690723 8874.372 0.547 549.2894167606164 2661
stats: connect 276 1.1237608695652177 0.5660638061841682 13.219 0.784 1.2386205405405406 1850
stats: page 170 5305.893482352938 1932.101425075643 8875.064 2.406 829.106066931367 1763
stats: 200 132 1890
stats: size_rcv 66309 616885
stats: newphase 0 4
stats: 502 1 1
stats: size_sent 157664 1649709
stats: connected 106 193
stats: 400 112 1010
stats: 500 37 42
# stats: dump at 1670020746
stats: users 244 259
stats: {load,"tsung_controller@ip-172-31-57-233"} 1 0.0 0.0 0.01171875 0.0 4.5072115384615387e-4 26
stats: {cpu,"tsung_controller@ip-172-31-57-233"} 1 1.2 0.0 5.865519599726432 0.1500750375187594 0.7635652909715934 26
stats: {freemem,"tsung_controller@ip-172-31-57-233"} 1 678.7109375 0.0 693.671875 678.7109375 690.692908653846 26
stats: session 163 11996.466582822084 5882.952347265207 23406.091 30.58 4973.702223415681 931
stats: users_count 173 1338
stats: finish_users_count 163 1094
stats: request 534 2950.5133370786557 4232.319920232347 11747.546 0.535 803.1444661909617 2943
stats: connect 347 1.1826138328530245 0.6235174052272578 13.219 0.733 1.2237093132643464 2126
stats: page 347 4540.586971181556 4511.433365031912 11748.165 1.462 1222.822497672012 1933
stats: 200 143 2033
stats: size_rcv 140971 757856
stats: newphase 0 4
stats: 502 161 162
stats: size_sent 180012 1829721
stats: connected 0 193
stats: 400 187 1197
stats: 500 43 85
# stats: dump at 1670020756
stats: users 221 259
stats: {load,"tsung_controller@ip-172-31-57-233"} 1 0.0 0.0 0.01171875 0.0 4.3402777777777775e-4 27
stats: {cpu,"tsung_controller@ip-172-31-57-233"} 1 1.402805611222445 0.0 5.865519599726432 0.1500750375187594 0.779729539454127 27
stats: {freemem,"tsung_controller@ip-172-31-57-233"} 1 674.66015625 0.0 693.671875 674.66015625 690.2491319444443 27
stats: session 172 13772.371918604658 6511.340222731176 27637.936 30.58 6020.055596892138 1094
stats: users_count 149 1487
stats: finish_users_count 172 1266
stats: request 517 4230.7808239845235 5036.548904377712 13774.6 0.535 1132.9388225481744 3477
stats: connect 334 1.1010808383233515 0.4722323365597811 13.219 0.733 1.2179429842296805 2473
stats: page 348 6285.409399425288 4977.816086031922 13775.255 1.462 1727.7629679824556 2280
stats: 200 200 2233
stats: size_rcv 120614 878470
stats: newphase 0 4
stats: 502 107 269
stats: size_sent 171094 2000815
stats: connected -14 179
stats: 400 169 1366
stats: 500 41 126
# stats: dump at 1670020766
stats: users 240 259
stats: {load,"tsung_controller@ip-172-31-57-233"} 1 0.0 0.0 0.01171875 0.0 4.185267857142857e-4 28
stats: {cpu,"tsung_controller@ip-172-31-57-233"} 1 1.4977533699450822 0.0 5.865519599726432 0.1500750375187594 0.8019822563029955 28
stats: {freemem,"tsung_controller@ip-172-31-57-233"} 1 673.14453125 0.0 693.671875 673.14453125 689.6923828124999 28
stats: session 139 16575.24595683454 5616.348318321891 30292.954 30.58 7073.292885466034 1266
stats: users_count 158 1645
stats: finish_users_count 139 1405
stats: request 411 4359.85366909975 4568.7535836106445 13774.6 0.535 1533.936397596395 3994
stats: connect 287 1.114689895470382 0.3898660781440796 13.219 0.733 1.2040377627360168 2807
stats: page 273 6563.76311355311 4119.1276308381985 13775.255 1.462 2331.2869246575337 2628
stats: 200 186 2419
stats: size_rcv 91729 970199
stats: newphase 0 4
stats: 502 49 318
stats: size_sent 161567 2162382
stats: connected 14 193
stats: 400 138 1504
stats: 500 38 164
# stats: dump at 1670020776
stats: users 235 259
stats: {load,"tsung_controller@ip-172-31-57-233"} 1 0.0 0.0 0.01171875 0.0 4.040948275862069e-4 29
stats: {cpu,"tsung_controller@ip-172-31-57-233"} 1 1.3486513486513485 0.0 5.865519599726432 0.1500750375187594 0.825974363669964 29
stats: {freemem,"tsung_controller@ip-172-31-57-233"} 1 673.0078125 0.0 693.671875 673.0078125 689.1217672413792 29
stats: session 173 14396.350271676296 7039.605711997253 40614.822 30.58 8013.343758718862 1405
stats: users_count 168 1813
stats: finish_users_count 173 1578
stats: request 510 3680.7177235294093 4692.039518397706 13774.6 0.535 1797.6031396140745 4405
stats: connect 341 1.110134897360703 0.3746439239854846 13.219 0.698 1.1957498383968967 3094
stats: page 342 5488.816421052633 4786.733547544777 13775.255 1.459 2729.586131678731 2901
stats: 200 173 2592
stats: size_rcv 125728 1095927
stats: newphase 0 4
stats: 502 130 448
stats: size_sent 176323 2338705
stats: connected -1 192
stats: 400 168 1672
stats: 500 39 203
# stats: dump at 1670020786
stats: users 280 292
stats: {load,"tsung_controller@ip-172-31-57-233"} 1 0.0 0.0 0.01171875 0.0 3.90625e-4 30
stats: {cpu,"tsung_controller@ip-172-31-57-233"} 1 1.4992503748125936 0.0 5.865519599726432 0.1500750375187594 0.8433969298360101 30
stats: {freemem,"tsung_controller@ip-172-31-57-233"} 1 672.8125 0.0 693.671875 672.8125 688.5846354166665 30
stats: session 218 12521.19511926605 7788.123261242819 40614.822 12.425 8713.128376425855 1578
stats: users_count 263 2076
stats: finish_users_count 218 1796
stats: request 719 2687.763218358831 4343.6828363701325 13774.6 0.532 1993.0026183112914 4915
stats: connect 466 1.1009935622317608 0.5284903858552087 13.219 0.698 1.1872506550218336 3435
stats: page 465 4155.943148387099 4803.81960491285 13775.255 1.381 3020.5687893925374 3243
stats: 200 184 2776
stats: size_rcv 188663 1284590
stats: newphase 1 5
stats: 502 243 691
stats: size_sent 213963 2552668
stats: connected 1 193
stats: 400 254 1926
stats: 500 38 241
# stats: dump at 1670020796
stats: users 278 309
stats: {load,"tsung_controller@ip-172-31-57-233"} 1 0.0 0.0 0.01171875 0.0 3.780241935483871e-4 31
stats: {cpu,"tsung_controller@ip-172-31-57-233"} 1 2.587064676616915 0.0 5.865519599726432 0.1500750375187594 0.8645534925771903 31
stats: {freemem,"tsung_controller@ip-172-31-57-233"} 1 672.67578125 0.0 693.671875 672.67578125 688.0758568548385 31
stats: session 327 8470.061379204897 6725.388999953974 40614.822 12.425 9175.35474053452 1796
stats: users_count 325 2401
stats: finish_users_count 327 2123
stats: request 991 1899.7189707366285 3949.5691732224773 13774.6 0.531 2081.666599751508 5634
stats: connect 659 1.0803171471927155 0.6001638884874405 13.219 0.698 1.1769466803383744 3901
stats: page 660 2852.4796151515166 4550.648839199197 13775.255 1.373 3162.949878101402 3708
stats: 200 165 2941
stats: size_rcv 278517 1563107
stats: newphase 0 5
stats: 502 458 1149
stats: size_sent 260181 2812849
stats: connected -1 192
stats: 400 331 2257
stats: 500 37 278
# stats: dump at 1670020806
stats: users 292 314
stats: {load,"tsung_controller@ip-172-31-57-233"} 1 0.16015625 0.0 0.16015625 0.0 3.662109375e-4 32
stats: {cpu,"tsung_controller@ip-172-31-57-233"} 1 2.54618072890664 0.0 5.865519599726432 0.1500750375187594 0.9183819670784317 32
stats: {freemem,"tsung_controller@ip-172-31-57-233"} 1 671.94921875 0.0 693.671875 671.94921875 687.5946044921874 32
stats: session 326 8765.968297546007 7314.806253529216 40614.822 12.425 9066.720294394723 2123
stats: users_count 340 2741
stats: finish_users_count 326 2449
stats: request 1006 1903.9438469184904 3981.1729584460713 13774.6 0.53 2054.449980830188 6625
stats: connect 663 1.8337345399698346 3.2416577158958653 32.858 0.698 1.1629820175438592 4560
stats: page 662 2893.3430211480404 4607.380442306571 13775.255 1.373 3116.038162545788 4368
stats: 200 163 3104
stats: size_rcv 281686 1844793
stats: newphase 0 5
stats: 502 455 1604
stats: size_sent 257444 3070293
stats: connected 1 193
stats: 400 344 2601
stats: 500 44 322
# stats: dump at 1670020816
stats: users 291 314
stats: {load,"tsung_controller@ip-172-31-57-233"} 1 0.12890625 0.0 0.16015625 0.0 0.005208333333333333 33
stats: {cpu,"tsung_controller@ip-172-31-57-233"} 1 2.930948832588177 0.0 5.865519599726432 0.1500750375187594 0.9677092022853471 33
stats: {freemem,"tsung_controller@ip-172-31-57-233"} 1 671.7421875 0.0 693.671875 671.7421875 687.1205018939393 33
stats: session 298 9497.242312080534 6819.878271010552 40614.822 12.425 9026.68552470396 2449
stats: users_count 297 3038
stats: finish_users_count 298 2747
stats: request 897 2109.6093433667747 4037.528604005816 13774.6 0.527 2034.6086532564536 7631
stats: connect 603 1.0777396351575468 0.421281123022136 32.858 0.698 1.2481263641585292 5223
stats: page 603 3138.1972106135986 4585.436308669373 13775.255 1.373 3086.729179721671 5030
stats: 200 178 3282
stats: size_rcv 246124 2090917
stats: newphase 0 5
stats: 502 389 1993
stats: size_sent 247635 3317928
stats: connected 0 193
stats: 400 294 2895
stats: 500 36 358
# stats: dump at 1670020826
stats: users 299 314
stats: {load,"tsung_controller@ip-172-31-57-233"} 1 0.109375 0.0 0.16015625 0.0 0.008846507352941176 34
stats: {cpu,"tsung_controller@ip-172-31-57-233"} 1 2.3046092184368736 0.0 5.865519599726432 0.1500750375187594 1.0254515443530774 34
stats: {freemem,"tsung_controller@ip-172-31-57-233"} 1 671.19140625 0.0 693.671875 671.19140625 686.6681985294117 34
stats: session 328 9209.879753048766 7215.521808318129 40614.822 12.425 9077.73245686203 2747
stats: users_count 336 3374
stats: finish_users_count 328 3075
stats: request 997 1972.2269137412195 3946.6120906379215 13774.6 0.527 2042.497445356472 8528
stats: connect 662 1.0877175226586089 0.5157334526910957 32.858 0.67 1.2304910744936488 5826
stats: page 662 2970.2799848942527 4527.391162294229 13775.255 1.371 3092.238716847152 5633
stats: 200 181 3463
stats: size_rcv 275689 2366606
stats: newphase 0 5
stats: 502 443 2436
stats: size_sent 259493 3577421
stats: connected 0 193
stats: 400 335 3230
stats: 500 38 396
# stats: dump at 1670020836
stats: users 304 314
stats: {load,"tsung_controller@ip-172-31-57-233"} 1 0.1015625 0.0 0.16015625 0.0 0.01171875 35
stats: {cpu,"tsung_controller@ip-172-31-57-233"} 1 2.65 0.0 5.865519599726432 0.1500750375187594 1.0619989064697573 35
stats: {freemem,"tsung_controller@ip-172-31-57-233"} 1 671.03125 0.0 693.671875 671.03125 686.2260044642857 35
stats: session 330 8561.949993939392 6757.072217558155 40614.822 12.425 9091.828168455282 3075
stats: users_count 335 3709
stats: finish_users_count 330 3405
stats: request 1018 1853.2768172888016 3881.738981402379 13774.6 0.526 2035.1420941732272 9525
stats: connect 672 1.144181547619048 0.7092510510037935 32.858 0.67 1.215923242909987 6488
stats: page 673 2803.3468751857304 4486.990485235426 13775.255 1.371 3079.4131917394757 6295
stats: 200 162 3625
stats: size_rcv 287346 2653952
stats: newphase 0 5
stats: 502 468 2904
stats: size_sent 266061 3843482
stats: connected -1 192
stats: 400 345 3575
stats: 500 43 439
# stats: dump at 1670020846
stats: users 373 376
stats: {load,"tsung_controller@ip-172-31-57-233"} 1 0.078125 0.0 0.16015625 0.0 0.014214409722222222 36
stats: {cpu,"tsung_controller@ip-172-31-57-233"} 1 3.188839063278525 0.0 5.865519599726432 0.1500750375187594 1.1061100479567085 36
stats: {freemem,"tsung_controller@ip-172-31-57-233"} 1 670.734375 0.0 693.671875 670.734375 685.8039279513889 36
stats: session 430 8067.530886046505 7104.24778630316 40614.822 12.425 9040.474336563875 3405
stats: users_count 499 4208
stats: finish_users_count 430 3835
stats: request 1392 1485.3198692528738 3483.607623185206 13774.6 0.526 2017.5817364127847 10543
stats: connect 911 1.033028540065865 0.38977417996819275 32.858 0.67 1.2091899441340777 7160
stats: page 911 2269.5795521405075 4094.6178054176444 13775.255 1.371 3052.749496125143 6968
stats: 200 204 3829
stats: size_rcv 392823 3046775
stats: newphase 1 6
stats: 502 664 3568
stats: size_sent 340069 4183551
stats: connected 0 192
stats: 400 481 4056
stats: 500 43 482
# stats: dump at 1670020856
stats: users 392 401
stats: {load,"tsung_controller@ip-172-31-57-233"} 1 0.0703125 0.0 0.16015625 0.0 0.01594172297297297 37
stats: {cpu,"tsung_controller@ip-172-31-57-233"} 1 4.927824788451966 0.0 5.865519599726432 0.1500750375187594 1.1624000213437846 37
stats: {freemem,"tsung_controller@ip-172-31-57-233"} 1 669.0625 0.0 693.671875 669.0625 685.3966427364865 37
stats: session 624 5741.112794871795 5787.552125162348 40614.822 8.604 8931.382893611471 3835
stats: users_count 643 4851
stats: finish_users_count 624 4459
stats: request 1920 945.3303645833323 2873.4545208827267 13774.6 0.526 1955.503100544616 11935
stats: connect 1273 1.073663786331498 0.5400650568158609 32.858 0.639 1.1893060339487052 8071
stats: page 1272 1426.9361918238988 3431.8728926999866 13775.255 1.366 2962.1964032237593 7879
stats: 200 160 3989
stats: size_rcv 569814 3616589
stats: newphase 0 6
stats: 502 1072 4640
stats: size_sent 429430 4612981
stats: connected 1 193
stats: 400 648 4704
stats: 500 40 522
# stats: dump at 1670020866
stats: users 357 405
stats: {load,"tsung_controller@ip-172-31-57-233"} 1 0.05859375 0.0 0.16015625 0.0 0.017372532894736843 38
stats: {cpu,"tsung_controller@ip-172-31-57-233"} 1 6.91358024691358 0.0 6.91358024691358 0.1500750375187594 1.261490146794 38
stats: {freemem,"tsung_controller@ip-172-31-57-233"} 1 667.58203125 0.0 693.671875 667.58203125 684.966796875 38
stats: session 672 6112.182433035716 5755.585910959242 40614.822 8.531 8484.931101368018 4459
stats: users_count 637 5488
stats: finish_users_count 672 5131
stats: request 1977 1050.8768275164382 3067.334888973087 13774.6 0.526 1815.5152511728609 13855
stats: connect 1323 1.1161095993953152 0.7011175557566938 32.858 0.639 1.1735512628424654 9344
stats: page 1324 1569.193789274924 3638.3718346681267 13775.255 1.366 2748.793388372855 9151
stats: 200 188 4177
stats: size_rcv 578831 4195420
stats: newphase 0 6
stats: 502 1092 5732
stats: size_sent 439378 5052359
stats: connected -1 192
stats: 400 653 5357
stats: 500 44 566
# stats: dump at 1670020876
stats: users 369 405
stats: {load,"tsung_controller@ip-172-31-57-233"} 1 0.05078125 0.0 0.16015625 0.0 0.01842948717948718 39
stats: {cpu,"tsung_controller@ip-172-31-57-233"} 1 7.3982125124131075 0.0 7.3982125124131075 0.1500750375187594 1.4064155339765536 39
stats: {freemem,"tsung_controller@ip-172-31-57-233"} 1 667.1796875 0.0 693.671875 667.1796875 684.5210336538462 39
stats: session 617 5786.056931928685 5574.382156180483 40614.822 8.531 8174.175477684661 5131
stats: users_count 629 6117
stats: finish_users_count 617 5748
stats: request 1877 998.5201209376633 2875.1601523525233 13774.6 0.526 1720.0320422561892 15832
stats: connect 1250 1.021511999999998 0.42561797924429856 32.858 0.61 1.1664269241586198 10667
stats: page 1249 1492.3094515612502 3407.3914843105813 13775.255 1.351 2599.6965034844866 10475
stats: 200 192 4369
stats: size_rcv 547217 4742637
stats: newphase 0 6
stats: 502 1019 6751
stats: size_sent 421632 5473991
stats: connected 1 193
stats: 400 627 5984
stats: 500 39 605
# stats: dump at 1670020886
stats: users 363 405
stats: {load,"tsung_controller@ip-172-31-57-233"} 1 0.0390625 0.0 0.16015625 0.0 0.01923828125 40
stats: {cpu,"tsung_controller@ip-172-31-57-233"} 1 7.783251231527094 0.0 7.783251231527094 0.1500750375187594 1.5562104584374674 40
stats: {freemem,"tsung_controller@ip-172-31-57-233"} 1 667.3359375 0.0 693.671875 667.1796875 684.0875 40
stats: session 609 6119.734755336616 5702.223754057275 40614.822 8.531 7917.83081123869 5748
stats: users_count 603 6720
stats: finish_users_count 609 6357
stats: connect 1216 1.0255534539473694 0.5378404342079453 32.858 0.61 1.1512264831752954 11917
stats: 200 186 4555
stats: size_rcv 532532 5275169
stats: page 1217 1569.484373870171 3500.8935518291387 13775.255 1.351 2481.7225672978507 11724
stats: newphase 0 6
stats: 502 993 7744
stats: size_sent 413345 5887336
stats: connected -1 192
stats: 400 606 6590
stats: 500 37 642
stats: request 1822 1042.6328523600414 2946.9301953153636 13774.6 0.526 1643.5580529674166 17709
# stats: dump at 1670020896
stats: users 384 405
stats: {load,"tsung_controller@ip-172-31-57-233"} 1 0.03125 0.0 0.16015625 0.0 0.019721798780487805 41
stats: {cpu,"tsung_controller@ip-172-31-57-233"} 1 6.027667984189724 0.0 7.783251231527094 0.1500750375187594 1.708089501683556 41
stats: {freemem,"tsung_controller@ip-172-31-57-233"} 1 668.328125 0.0 693.671875 667.1796875 683.678925304878 41
stats: session 625 5653.785196799999 5649.999740851002 40614.822 8.531 7745.573378795028 6357
stats: users_count 646 7366
stats: finish_users_count 625 6982
stats: connect 1277 1.0905567736883317 0.5748019652397396 32.858 0.61 1.1395902687885477 13133
stats: page 1276 1439.4297531347993 3464.2159875837406 13775.255 1.351 2395.933688432115 12941
stats: request 1925 954.1217672727265 2901.147511218683 13774.6 0.526 1587.4991867799895 19531
stats: 200 175 4730
stats: size_rcv 567934 5843103
stats: newphase 0 6
stats: 502 1068 8812
stats: size_sent 430651 6317987
stats: connected 1 193
stats: 400 649 7239
stats: 500 33 675
# stats: dump at 1670020906
stats: users 88 405
stats: {load,"tsung_controller@ip-172-31-57-233"} 1 0.03125 0.0 0.16015625 0.0 0.01999627976190476 42
stats: {cpu,"tsung_controller@ip-172-31-57-233"} 1 7.0827142149579 0.0 7.783251231527094 0.1500750375187594 1.8109366084098932 42
stats: {freemem,"tsung_controller@ip-172-31-57-233"} 1 664.19921875 0.0 693.671875 664.19921875 683.3134300595239 42
stats: session 474 8655.206451476806 5866.66378077168 40614.822 8.531 7558.325081208821 6982
stats: users_count 178 7544
stats: finish_users_count 474 7456
stats: page 739 3124.7192922868735 4137.650635190958 13775.255 1.345 2310.085828726173 14217
stats: 200 330 5060
stats: request 1001 2306.847799200802 3810.9183588929454 13774.6 0.525 1530.6735187826237 21456
stats: connect 589 1.0269371816638375 0.39311404592013377 32.858 0.61 1.1352449687716861 14410
stats: size_rcv 235875 6078978
stats: newphase 0 6
stats: 502 367 9179
stats: size_sent 227268 6545255
stats: connected -150 43
stats: 400 262 7501
stats: 500 42 717
# stats: dump at 1670020916
stats: users 2 405
stats: {load,"tsung_controller@ip-172-31-57-233"} 1 0.01953125 0.0 0.16015625 0.0 0.02025799418604651 43
stats: {cpu,"tsung_controller@ip-172-31-57-233"} 1 4.820462370880472 0.0 7.783251231527094 0.1500750375187594 1.9335360876319398 43
stats: {freemem,"tsung_controller@ip-172-31-57-233"} 1 678.7578125 0.0 693.671875 664.19921875 682.8689135174419 43
stats: session 86 15171.995965116279 3603.3316562577443 40614.822 8.531 7628.057078192059 7456
stats: users_count 0 7544
stats: finish_users_count 86 7542
stats: request 173 2701.693734104047 4695.027308364412 13774.6 0.525 1565.2707692924243 22457
stats: connect 87 1.346655172413793 0.9546781948942688 32.858 0.61 1.1309917994532968 14999
stats: page 130 3595.3539461538476 5111.43103810259 13775.255 1.345 2350.3381775875905 14956
stats: 200 117 5177
stats: size_rcv 27976 6106954
stats: newphase 0 6
stats: 502 0 9179
stats: size_sent 66792 6612047
stats: connected -43 0
stats: 400 43 7544
stats: 500 13 730
# stats: dump at 1670020923
stats: users 0 405
stats: {load,"tsung_controller@ip-172-31-57-233"} 1 0.01953125 0.0 0.16015625 0.0 0.02024147727272727 44
stats: {cpu,"tsung_controller@ip-172-31-57-233"} 1 1.0468594217347957 0.0 7.783251231527094 0.1500750375187594 1.9991480486148612 44
stats: {freemem,"tsung_controller@ip-172-31-57-233"} 1 683.94921875 0.0 693.671875 664.19921875 682.7754794034091 44
stats: session 2 23620.207499999997 417.750500000001 40614.822 8.531 7714.079186953061 7542
stats: users_count 0 7544
stats: finish_users_count 2 7544
stats: request 2 7.103 1.6929999999999996 13774.6 0.525 1573.9584039770205 22630
stats: page 2 7.103 1.6929999999999996 13775.255 1.345 2361.0668034601617 15086
stats: 200 2 5179
stats: connect 2 1.221 0.006999999999999951 32.858 0.61 1.132235516372796 15086
stats: size_rcv 78 6107032
stats: newphase 0 6
stats: 502 0 9179
stats: size_sent 1468 6613515
stats: connected 0 0
stats: 400 0 7544
stats: 500 0 730
EndMonitor:{1670,20923,988891}
