# stats: dump at 1669970373
stats: users 6 6
stats: {freemem,"tsung_controller@ip-172-31-54-152"} 1 669.640625 0 669.640625 669.640625 0 0
stats: {load,"tsung_controller@ip-172-31-54-152"} 1 0.0 0 0.0 0.0 0 0
stats: {cpu,"tsung_controller@ip-172-31-54-152"} 1 2.2352514506769823 0 2.2352514506769823 2.2352514506769823 0 0
stats: users_count 6 6
stats: finish_users_count 0 0
stats: connect 6 4.144333333333333 6.461963856977914 18.593 1.19 0 0
stats: request 5 326.6554 52.250739518594386 391.571 261.891 0 0
stats: 200 5 5
stats: size_rcv 1334 1334
stats: size_sent 5000 5000
stats: connected 6 6
# stats: dump at 1669970383
stats: users 14 14
stats: {freemem,"tsung_controller@ip-172-31-54-152"} 1 670.828125 0.0 670.828125 669.640625 669.640625 1
stats: {load,"tsung_controller@ip-172-31-54-152"} 1 0.0 0.0 0.0 0.0 0.0 1
stats: {cpu,"tsung_controller@ip-172-31-54-152"} 1 0.25 0.0 2.2352514506769823 0.25 2.2352514506769823 1
stats: session 1 10971.557 0 10971.557 10971.557 0 0
stats: users_count 9 15
stats: finish_users_count 1 1
stats: request 15 1935.201933333333 2950.039831250339 9468.604 15.798 326.6554 5
stats: connect 9 1.2515555555555555 0.03933082226761747 18.593 1.19 4.144333333333333 6
stats: page 3 7244.568333333333 4450.838219897187 10857.104 974.319 0 0
stats: 200 12 17
stats: size_rcv 1423934 1425268
stats: size_sent 11625 16625
stats: connected 8 14
stats: 201 2 2
stats: 400 1 1
# stats: dump at 1669970393
stats: users 20 20
stats: {freemem,"tsung_controller@ip-172-31-54-152"} 1 668.43359375 0.0 670.828125 668.43359375 670.234375 2
stats: {load,"tsung_controller@ip-172-31-54-152"} 1 0.0 0.0 0.0 0.0 0.0 2
stats: {cpu,"tsung_controller@ip-172-31-54-152"} 1 0.399002493765586 0.0 2.2352514506769823 0.25 1.2426257253384911 2
stats: session 3 18325.169666666665 5123.211433186047 22321.886 10971.557 10971.557 1
stats: users_count 9 24
stats: finish_users_count 3 4
stats: request 26 4440.6705769230775 5699.091923555023 22817.033 5.474 1533.0652999999998 20
stats: connect 9 1.8838888888888892 1.8801474200146262 18.593 1.134 2.4086666666666665 15
stats: page 6 9142.799 6297.968313718586 19034.192 974.319 7244.568333333333 3
stats: 200 12 29
stats: size_rcv 2136116 3561384
stats: size_sent 15762 32387
stats: connected 6 20
stats: 201 3 5
stats: 400 1 2
stats: 500 10 10
# stats: dump at 1669970403
stats: users 28 28
stats: {freemem,"tsung_controller@ip-172-31-54-152"} 1 669.390625 0.0 670.828125 668.43359375 669.6341145833334 3
stats: {load,"tsung_controller@ip-172-31-54-152"} 1 0.0 0.0 0.0 0.0 0.0 3
stats: {cpu,"tsung_controller@ip-172-31-54-152"} 1 0.39980009995002497 0.0 2.2352514506769823 0.25 0.9614179814808561 3
stats: session 1 24536.863 0.0 24536.863 10971.557 16486.766499999998 4
stats: users_count 9 33
stats: finish_users_count 1 5
stats: 200 10 39
stats: request 26 6903.1779230769225 6292.958615369672 24604.764 5.474 3176.4943695652178 46
stats: size_rcv 2136807 5698191
stats: size_sent 13598 45985
stats: connect 8 1.4507500000000002 0.39624700314324146 18.593 1.134 2.2118749999999996 24
stats: connected 7 27
stats: page 3 13120.057666666666 6244.021595915052 20397.228 974.319 8510.055444444446 9
stats: 201 1 6
stats: 400 0 2
stats: 500 15 25
# stats: dump at 1669970413
stats: users 38 38
stats: {freemem,"tsung_controller@ip-172-31-54-152"} 1 667.63671875 0.0 670.828125 667.63671875 669.5732421875 4
stats: {load,"tsung_controller@ip-172-31-54-152"} 1 0.0 0.0 0.0 0.0 0.0 4
stats: {cpu,"tsung_controller@ip-172-31-54-152"} 1 0.39920159680638717 0.0 2.2352514506769823 0.25 0.8210135110981484 4
stats: session 3 34526.867 5103.584688045517 39428.064 10971.557 18096.785799999998 5
stats: users_count 13 46
stats: finish_users_count 3 8
stats: request 40 5706.248275000002 5643.766958584307 29888.9 5.474 4522.241208333333 72
stats: connect 14 1.6377857142857142 0.8040326200357997 18.593 1.134 2.02159375 32
stats: page 12 21157.2585 11356.305030223302 36093.175 974.319 9662.556 12
stats: 200 13 52
stats: size_rcv 1480849 7179040
stats: size_sent 22505 68490
stats: connected 11 38
stats: 201 1 7
stats: 400 2 4
stats: 500 24 49
# stats: dump at 1669970423
stats: users 37 40
stats: {freemem,"tsung_controller@ip-172-31-54-152"} 1 664.9453125 0.0 670.828125 664.9453125 669.1859375 5
stats: {load,"tsung_controller@ip-172-31-54-152"} 1 0.0 0.0 0.0 0.0 0.0 5
stats: {cpu,"tsung_controller@ip-172-31-54-152"} 1 0.7466401194624191 0.0 2.2352514506769823 0.25 0.7366511282397961 5
stats: session 13 31241.275 8596.232961264182 44990.351 10971.557 24258.066249999996 8
stats: users_count 12 58
stats: finish_users_count 13 21
stats: request 68 5030.259676470588 6588.28916121387 35198.459 5.089 4945.100875000001 112
stats: connect 12 1.4129999999999996 0.32086627536509144 18.593 1.134 1.9047826086956523 46
stats: page 20 11153.7163 11219.524416480153 40862.615 410.448 15409.907250000002 24
stats: 200 22 74
stats: size_rcv 2145538 9324578
stats: size_sent 33121 101611
stats: connected -1 37
stats: 201 3 10
stats: 400 4 8
stats: 500 39 88
# stats: dump at 1669970433
stats: users 44 44
stats: {freemem,"tsung_controller@ip-172-31-54-152"} 1 662.3515625 0.0 670.828125 662.3515625 668.4791666666666 6
stats: {load,"tsung_controller@ip-172-31-54-152"} 1 0.0 0.0 0.0 0.0 0.0 6
stats: {cpu,"tsung_controller@ip-172-31-54-152"} 1 0.5497251374312844 0.0 2.2352514506769823 0.25 0.7383159601102331 6
stats: session 3 29321.751666666667 2778.292788644415 44990.351 10971.557 28581.004999999997 21
stats: users_count 10 68
stats: finish_users_count 3 24
stats: request 53 6638.402037735852 7393.770196851005 40035.084 5.089 4977.2719777777775 180
stats: connect 10 1.7005 0.6911843820573493 18.593 1.126 1.8030344827586207 58
stats: page 15 22927.949666666667 13866.421260361607 49964.509 410.448 13475.275000000001 44
stats: 200 13 87
stats: size_rcv 2145223 11469801
stats: newphase 1 1
stats: size_sent 23245 124856
stats: connected 7 44
stats: 201 3 13
stats: 400 2 10
stats: 500 35 123
# stats: dump at 1669970443
stats: users 46 49
stats: {freemem,"tsung_controller@ip-172-31-54-152"} 1 661.3125 0.0 670.828125 661.3125 667.6037946428571 7
stats: {load,"tsung_controller@ip-172-31-54-152"} 1 0.0 0.0 0.0 0.0 0.0 7
stats: {cpu,"tsung_controller@ip-172-31-54-152"} 1 0.4987531172069825 0.0 2.2352514506769823 0.25 0.7113744140132405 7
stats: session 16 35160.56331250001 12793.594662919535 62044.553 10971.557 28673.59833333333 24
stats: users_count 18 86
stats: finish_users_count 16 40
stats: request 78 5383.814192307694 6593.39212520402 40035.084 5.089 5355.125596566523 233
stats: connect 16 1.3616249999999999 0.27193976240152895 18.593 1.126 1.7879558823529411 68
stats: page 28 14770.271142857144 13923.50771097155 53109.473 410.448 15878.497372881357 59
stats: 200 28 115
stats: size_rcv 2148756 13618557
stats: newphase 0 1
stats: size_sent 38955 163811
stats: connected 0 44
stats: 201 3 16
stats: 400 3 13
stats: 500 44 167
# stats: dump at 1669970453
stats: users 58 59
stats: {freemem,"tsung_controller@ip-172-31-54-152"} 1 663.51953125 0.0 670.828125 661.3125 666.8173828125 8
stats: {load,"tsung_controller@ip-172-31-54-152"} 1 0.0 0.0 0.0 0.0 0.0 8
stats: {cpu,"tsung_controller@ip-172-31-54-152"} 1 0.697211155378486 0.0 2.2352514506769823 0.25 0.6847967519124583 8
stats: session 9 39033.0031111111 13743.704537234515 62044.553 10971.557 31268.384325000003 40
stats: users_count 21 107
stats: finish_users_count 9 49
stats: request 73 5934.244630136987 5978.070894599323 40264.643 5.089 5362.320807073956 311
stats: connect 22 1.2925454545454549 0.20505270437194414 18.593 1.126 1.70675 84
stats: page 17 20292.720647058828 16322.731704504487 53793.038 410.448 15521.826862068967 87
stats: 200 10 125
stats: size_rcv 1439729 15058286
stats: newphase 0 1
stats: size_sent 36563 200374
stats: connected 15 59
stats: 201 1 17
stats: 400 0 13
stats: 500 62 229
# stats: dump at 1669970463
stats: users 66 66
stats: {freemem,"tsung_controller@ip-172-31-54-152"} 1 662.51171875 0.0 670.828125 661.3125 666.4509548611111 9
stats: {load,"tsung_controller@ip-172-31-54-152"} 1 0.0 0.0 0.0 0.0 0.0 9
stats: {cpu,"tsung_controller@ip-172-31-54-152"} 1 0.7470119521912351 0.0 2.2352514506769823 0.25 0.6861761300753503 9
stats: session 9 35744.760111111114 13688.064307879908 62044.553 10971.557 32694.538795918368 49
stats: users_count 17 124
stats: finish_users_count 9 58
stats: request 94 5726.538085106381 5864.582788574064 40264.643 5.089 5471.0459088541675 384
stats: connect 18 1.330833333333333 0.18662149751122814 18.593 1.126 1.6207830188679244 106
stats: page 26 17274.493192307695 13267.223058032312 55298.634 410.448 16301.684500000001 104
stats: 200 20 145
stats: size_rcv 2155389 17213675
stats: newphase 0 1
stats: size_sent 34205 234579
stats: connected 7 66
stats: 201 3 20
stats: 400 1 14
stats: 500 70 299
# stats: dump at 1669970473
stats: users 77 77
stats: {freemem,"tsung_controller@ip-172-31-54-152"} 1 661.734375 0.0 670.828125 661.3125 666.05703125 10
stats: {load,"tsung_controller@ip-172-31-54-152"} 1 0.0 0.0 0.0 0.0 0.0 10
stats: {cpu,"tsung_controller@ip-172-31-54-152"} 1 0.6487025948103792 0.0 2.2352514506769823 0.25 0.6922597122869387 10
stats: session 18 32335.52327777778 9453.963051146562 62044.553 10971.557 33167.849 58
stats: users_count 29 153
stats: finish_users_count 18 76
stats: request 125 5585.480896 6102.634431405859 40861.121 5.089 5521.289140167363 478
stats: connect 28 1.6810357142857146 0.8733703388165239 18.593 1.126 1.5786935483870965 124
stats: 200 33 178
stats: page 39 16427.359205128207 12921.053426901948 55298.634 410.448 16496.24623846154 130
stats: size_rcv 2924492 20138167
stats: newphase 0 1
stats: size_sent 52067 286646
stats: connected 10 76
stats: 201 3 23
stats: 400 2 16
stats: 500 87 386
# stats: dump at 1669970483
stats: users 80 82
stats: {freemem,"tsung_controller@ip-172-31-54-152"} 1 661.52734375 0.0 670.828125 661.3125 665.6640625 11
stats: {load,"tsung_controller@ip-172-31-54-152"} 1 0.0 0.0 0.0 0.0 0.0 11
stats: {cpu,"tsung_controller@ip-172-31-54-152"} 1 1.0934393638170974 0.0 2.2352514506769823 0.25 0.6882999743345242 11
stats: session 21 34635.36233333334 12866.914147627307 73163.869 10971.557 32970.71922368422 76
stats: users_count 24 177
stats: finish_users_count 21 97
stats: request 123 5530.802308943092 4466.3844418755025 41148.552 5.089 5534.595888888888 603
stats: connect 25 1.4006800000000001 0.47585281085646647 18.593 1.126 1.597546052631579 152
stats: page 39 17623.94748717949 14312.127448917296 56945.796 410.448 16480.349230769232 169
stats: 200 30 208
stats: size_rcv 1450270 21588437
stats: newphase 0 1
stats: size_sent 45668 332314
stats: connected 6 82
stats: 201 5 28
stats: 400 3 19
stats: 500 85 471
# stats: dump at 1669970493
stats: users 94 94
stats: {freemem,"tsung_controller@ip-172-31-54-152"} 1 660.5703125 0.0 670.828125 660.5703125 665.3193359375 12
stats: {load,"tsung_controller@ip-172-31-54-152"} 1 0.0 0.0 0.0 0.0 0.0 12
stats: {cpu,"tsung_controller@ip-172-31-54-152"} 1 0.9452736318407959 0.0 2.2352514506769823 0.25 0.7220615901247386 12
stats: session 15 41116.49973333334 13915.817424409486 73163.869 10971.557 33331.10587628867 97
stats: users_count 29 206
stats: finish_users_count 15 112
stats: request 122 6409.260819672129 5435.157955144142 41148.552 5.089 5533.953174931129 726
stats: connect 27 1.5961481481481485 0.6457542649063333 18.593 1.126 1.5697401129943502 177
stats: page 36 17857.6013888889 11835.283645741825 59374.557 410.448 16694.773903846155 208
stats: 200 27 235
stats: size_rcv 2163377 23751814
stats: newphase 1 2
stats: size_sent 47049 379363
stats: connected 10 92
stats: 201 4 32
stats: 400 3 22
stats: 500 88 559
# stats: dump at 1669970503
stats: users 130 130
stats: {freemem,"tsung_controller@ip-172-31-54-152"} 1 660.21875 0.0 670.828125 660.21875 664.9540264423077 13
stats: {load,"tsung_controller@ip-172-31-54-152"} 1 0.0 0.0 0.0 0.0 0.0 13
stats: {cpu,"tsung_controller@ip-172-31-54-152"} 1 0.8955223880597015 0.0 2.2352514506769823 0.25 0.73923174717982 13
stats: session 8 34906.037124999995 3116.7689235985818 73163.869 10971.557 34373.79255357144 112
stats: users_count 44 250
stats: finish_users_count 8 120
stats: 200 11 246
stats: connect 46 1.5184782608695655 0.8185582431039939 18.593 1.126 1.573235294117647 204
stats: page 26 22881.330538461545 12159.087466861709 59374.557 410.448 16866.3386147541 244
stats: request 103 7439.774271844659 4797.860385374759 42558.019 5.089 5659.881869103772 848
stats: size_rcv 1448883 25200697
stats: newphase 0 2
stats: size_sent 45373 424736
stats: connected 38 130
stats: 201 2 34
stats: 400 1 23
stats: 500 89 648
# stats: dump at 1669970513
stats: users 154 154
stats: {freemem,"tsung_controller@ip-172-31-54-152"} 1 659.09375 0.0 670.828125 659.09375 664.6157924107143 14
stats: {load,"tsung_controller@ip-172-31-54-152"} 1 0.0 0.0 0.0 0.0 0.0 14
stats: {cpu,"tsung_controller@ip-172-31-54-152"} 1 0.7976071784646062 0.0 2.2352514506769823 0.25 0.7503953643855258 14
stats: session 13 45543.11476923078 11658.600525212014 79098.361 10971.557 34409.27552500001 120
stats: users_count 37 287
stats: finish_users_count 13 133
stats: request 101 9722.732425742577 4493.742873603467 42558.019 5.089 5852.656756046266 951
stats: connect 36 1.4720555555555557 1.0282323003972627 18.593 1.077 1.56316 250
stats: page 25 22824.418680000002 11103.314275093193 62958.45 410.448 17445.56005925926 270
stats: 200 25 271
stats: size_rcv 1497843 26698540
stats: newphase 0 2
stats: size_sent 39785 464521
stats: connected 23 153
stats: 201 4 38
stats: 400 0 23
stats: 500 72 720
# stats: dump at 1669970523
stats: users 181 181
stats: {freemem,"tsung_controller@ip-172-31-54-152"} 1 655.1640625 0.0 670.828125 655.1640625 664.24765625 15
stats: {load,"tsung_controller@ip-172-31-54-152"} 1 0.0 0.0 0.0 0.0 0.0 15
stats: {cpu,"tsung_controller@ip-172-31-54-152"} 1 0.6986027944111777 0.0 2.2352514506769823 0.25 0.7535428186574645 15
stats: session 13 47043.97792307692 1488.2419254715614 79098.361 10971.557 35497.5455263158 133
stats: users_count 40 327
stats: finish_users_count 13 146
stats: 200 24 295
stats: request 105 14198.196219047622 6329.352874331287 44993.091 5.089 6224.213450570342 1052
stats: size_rcv 3588530 30287070
stats: newphase 0 2
stats: size_sent 41125 505646
stats: connect 40 1.33585 0.3416354453214713 18.593 0.971 1.551692307692308 286
stats: connected 27 180
stats: 201 1 39
stats: page 21 27047.886333333336 11487.285434907219 65093.131 410.448 17901.39553559322 295
stats: 400 1 24
stats: 500 79 799
# stats: dump at 1669970533
stats: users 206 207
stats: {freemem,"tsung_controller@ip-172-31-54-152"} 1 650.90234375 0.0 670.828125 650.90234375 663.679931640625 16
stats: {load,"tsung_controller@ip-172-31-54-152"} 1 0.0 0.0 0.0 0.0 0.0 16
stats: {cpu,"tsung_controller@ip-172-31-54-152"} 1 0.9960159362549801 0.0 2.2352514506769823 0.25 0.7501090671420716 16
stats: session 24 32269.516374999996 26535.55272609228 85095.481 57.68 36525.652520547956 146
stats: users_count 49 376
stats: finish_users_count 24 170
stats: 200 13 308
stats: request 249 6288.481072289156 7694.889609394836 44993.091 0.663 6947.867893690579 1157
stats: size_rcv 1547753 31834823
stats: newphase 0 2
stats: 502 142 142
stats: connect 48 1.4408749999999995 0.40569737412879564 18.593 0.971 1.5252085889570555 326
stats: size_sent 64911 570557
stats: connected 24 204
stats: 201 2 41
stats: page 70 15824.956542857144 19500.62412669267 73285.804 1.48 18509.231949367088 316
stats: 400 1 25
stats: 500 91 890
# stats: dump at 1669970543
stats: users 199 212
stats: {freemem,"tsung_controller@ip-172-31-54-152"} 1 649.57421875 0.0 670.828125 649.57421875 662.9283088235294 17
stats: {load,"tsung_controller@ip-172-31-54-152"} 1 0.0 0.0 0.0 0.0 0.0 17
stats: {cpu,"tsung_controller@ip-172-31-54-152"} 1 1.4377788795240456 0.0 2.2352514506769823 0.25 0.7645741770898898 17
stats: session 42 40383.716785714285 23143.77706035132 89548.758 57.68 35924.78624117648 170
stats: users_count 35 411
stats: finish_users_count 42 212
stats: request 263 6495.29141444867 8266.292348403033 44993.091 0.66 6831.091706970127 1406
stats: connect 37 1.4491621621621622 0.40715874542210606 18.593 0.971 1.5143850267379682 374
stats: page 87 18326.353942528738 19787.1112109468 76089.006 1.48 18022.446253886013 386
stats: 200 17 325
stats: size_rcv 1551382 33386205
stats: newphase 0 2
stats: 502 158 300
stats: size_sent 74708 645265
stats: connected -4 200
stats: 201 2 43
stats: 400 1 26
stats: 500 85 975
# stats: dump at 1669970553
stats: users 207 212
stats: {freemem,"tsung_controller@ip-172-31-54-152"} 1 649.13671875 0.0 670.828125 649.13671875 662.1864149305555 18
stats: {load,"tsung_controller@ip-172-31-54-152"} 1 0.0 0.0 0.0 0.0 0.0 18
stats: {cpu,"tsung_controller@ip-172-31-54-152"} 1 1.3412816691505216 0.0 2.2352514506769823 0.25 0.8019744383362318 18
stats: session 28 34552.98828571428 27710.309292861966 91583.533 57.68 36808.15927358491 212
stats: users_count 36 447
stats: finish_users_count 28 240
stats: request 236 7154.750995762713 9933.738804872839 49885.683 0.644 6778.176502097064 1669
stats: connect 36 1.3392222222222223 0.3621760706794965 18.593 0.971 1.5085133819951342 411
stats: page 70 16942.730057142857 21371.063655121812 78412.633 1.48 18078.344708245248 473
stats: 200 17 342
stats: size_rcv 2973383 36359588
stats: newphase 1 3
stats: 502 148 448
stats: size_sent 62069 707334
stats: connected 9 209
stats: 201 3 46
stats: 400 3 29
stats: 500 65 1040
# stats: dump at 1669970563
stats: users 212 221
stats: {freemem,"tsung_controller@ip-172-31-54-152"} 1 647.79296875 0.0 670.828125 647.79296875 661.4995888157895 19
stats: {load,"tsung_controller@ip-172-31-54-152"} 1 0.0 0.0 0.0 0.0 0.0 19
stats: {cpu,"tsung_controller@ip-172-31-54-152"} 1 1.5399900645802287 0.0 2.2352514506769823 0.25 0.8303590294317208 19
stats: session 65 28705.15609230769 24837.101201420723 91583.533 57.68 36545.05599166667 240
stats: users_count 70 517
stats: finish_users_count 65 305
stats: 200 16 358
stats: request 446 4797.1892802690545 8248.444226502897 50117.397 0.644 6824.828250393701 1905
stats: size_rcv 1558320 37917908
stats: newphase 0 3
stats: 502 327 775
stats: connect 70 1.4287714285714286 0.9479019565248684 18.593 0.971 1.4948791946308728 447
stats: size_sent 104550 811884
stats: connected 6 215
stats: 201 2 48
stats: page 147 14655.617020408157 21844.07431409954 78412.633 1.425 17931.948712707188 543
stats: 400 2 31
stats: 500 99 1139
# stats: dump at 1669970573
stats: users 216 221
stats: {freemem,"tsung_controller@ip-172-31-54-152"} 1 647.25 0.0 670.828125 647.25 660.8142578125 20
stats: {load,"tsung_controller@ip-172-31-54-152"} 1 0.0 0.0 0.0 0.0 0.0 20
stats: {cpu,"tsung_controller@ip-172-31-54-152"} 1 1.687344913151365 0.0 2.2352514506769823 0.25 0.8658405811891463 20
stats: session 73 33360.23978082192 31137.524537769605 108376.703 14.391 34874.25765245902 305
stats: users_count 77 594
stats: finish_users_count 73 378
stats: request 457 4210.369549234138 8015.62803815079 50513.282 0.644 6440.171942152275 2351
stats: connect 77 1.4278571428571427 0.7386677673358487 18.593 0.971 1.4859284332688592 517
stats: page 159 14624.58365408806 22651.59660094874 81246.142 1.425 17233.94761304348 690
stats: 200 24 382
stats: size_rcv 2274664 40192572
stats: newphase 0 3
stats: 502 347 1122
stats: size_sent 110505 922389
stats: connected 3 218
stats: 201 1 49
stats: 400 2 33
stats: 500 83 1222
# stats: dump at 1669970583
stats: users 213 225
stats: {freemem,"tsung_controller@ip-172-31-54-152"} 1 647.31640625 0.0 670.828125 647.25 660.1683407738095 21
stats: {load,"tsung_controller@ip-172-31-54-152"} 1 0.0 0.0 0.0 0.0 0.0 21
stats: {cpu,"tsung_controller@ip-172-31-54-152"} 1 1.9801980198019802 0.0 2.2352514506769823 0.25 0.904959835092109 21
stats: session 72 32274.77806944444 31036.389097247677 112516.243 14.391 34581.86795767196 378
stats: users_count 69 663
stats: finish_users_count 72 450
stats: request 465 3850.327238709676 7628.774518310648 50513.282 0.644 6077.27319088319 2808
stats: connect 67 1.5375373134328356 1.597690061366658 18.593 0.971 1.4784006734006736 594
stats: page 160 14336.888393749998 22896.208603980867 82194.754 1.388 16745.26814369847 849
stats: 200 16 398
stats: size_rcv 1565760 41758332
stats: newphase 0 3
stats: 502 364 1486
stats: size_sent 107817 1030206
stats: connected -7 211
stats: 201 3 52
stats: 400 4 37
stats: 500 78 1300
# stats: dump at 1669970593
stats: users 209 226
stats: {freemem,"tsung_controller@ip-172-31-54-152"} 1 647.88671875 0.0 670.828125 647.25 659.5841619318181 22
stats: {load,"tsung_controller@ip-172-31-54-152"} 1 0.0 0.0 0.0 0.0 0.0 22
stats: {cpu,"tsung_controller@ip-172-31-54-152"} 1 1.7352503718393655 0.0 2.2352514506769823 0.25 0.9538342980334669 22
stats: session 84 30649.76436904763 30845.19582456164 112516.243 14.391 34212.733575555554 450
stats: users_count 80 743
stats: finish_users_count 84 534
stats: connect 82 1.3563658536585366 0.5819058576150529 18.593 0.971 1.4843948562783662 661
stats: page 158 12686.313879746838 20508.701219316066 89627.783 1.388 16363.364516352827 1009
stats: 200 30 428
stats: request 461 4409.367169197396 8261.677024404633 56279.032 0.644 5760.887652306752 3273
stats: size_rcv 2275483 44033815
stats: newphase 0 3
stats: 502 346 1832
stats: size_sent 103078 1133284
stats: connected -2 209
stats: 201 2 54
stats: 400 3 40
stats: 500 80 1380
# stats: dump at 1669970603
stats: users 215 226
stats: {freemem,"tsung_controller@ip-172-31-54-152"} 1 648.2109375 0.0 670.828125 647.25 659.0755774456521 23
stats: {load,"tsung_controller@ip-172-31-54-152"} 1 0.0 0.0 0.0 0.0 0.0 23
stats: {cpu,"tsung_controller@ip-172-31-54-152"} 1 2.274975272007913 0.0 2.274975272007913 0.25 0.9878089099380712 23
stats: session 66 34287.8200151515 32642.028668141607 112516.243 14.391 33652.2665093633 534
stats: users_count 72 815
stats: finish_users_count 66 600
stats: request 445 4587.355485393261 8099.095133398292 56279.032 0.644 5594.028803160149 3734
stats: connect 72 1.5408333333333344 0.8652550362625909 18.593 0.971 1.4702651413189773 743
stats: page 138 11751.629760869571 19438.773126729335 90844.28 1.388 15865.529040274208 1167
stats: 200 23 451
stats: size_rcv 2272626 46306441
stats: newphase 0 3
stats: 502 322 2154
stats: size_sent 97863 1231147
stats: connected 6 215
stats: 201 0 54
stats: 400 1 41
stats: 500 99 1479
# stats: dump at 1669970613
stats: users 233 234
stats: {freemem,"tsung_controller@ip-172-31-54-152"} 1 648.13671875 0.0 670.828125 647.25 658.6228841145833 24
stats: {load,"tsung_controller@ip-172-31-54-152"} 1 0.0 0.0 0.0 0.0 0.0 24
stats: {cpu,"tsung_controller@ip-172-31-54-152"} 1 1.7830609212481425 0.0 2.274975272007913 0.25 1.0414408416909813 24
stats: session 105 24575.307695238094 28698.861663167714 112516.243 14.391 33722.177395 600
stats: users_count 123 938
stats: finish_users_count 105 705
stats: request 621 3287.6573864734296 6917.799536598219 56279.032 0.644 5486.833391241924 4179
stats: connect 116 1.4296293103448274 0.7170028438621572 18.593 0.971 1.4764993865030678 815
stats: 200 41 492
stats: page 203 9643.29072906404 17742.572030341045 97426.175 1.386 15430.496013026821 1305
stats: size_rcv 2325575 48632016
stats: newphase 1 4
stats: 502 490 2644
stats: size_sent 135117 1366264
stats: connected 18 233
stats: 201 0 54
stats: 400 2 43
stats: 500 88 1567
# stats: dump at 1669970623
stats: users 232 245
stats: {freemem,"tsung_controller@ip-172-31-54-152"} 1 646.90625 0.0 670.828125 646.90625 658.2034375 25
stats: {load,"tsung_controller@ip-172-31-54-152"} 1 0.0 0.0 0.0 0.0 0.0 25
stats: {cpu,"tsung_controller@ip-172-31-54-152"} 1 2.7640671273445214 0.0 2.7640671273445214 0.25 1.0711056448732676 25
stats: session 161 18131.238416149055 27139.9641681498 119612.833 14.391 32359.877652482264 705
stats: users_count 160 1098
stats: finish_users_count 161 866
stats: request 944 1616.4550730932194 5075.228978742252 56279.032 0.633 5202.314995625 4800
stats: connect 164 1.3936829268292683 0.674099243219058 18.593 0.971 1.4706595059076264 931
stats: page 322 6409.39724534162 16315.6394394877 104240.138 1.372 14651.449147877986 1508
stats: 200 26 518
stats: size_rcv 1716096 50348112
stats: newphase 0 4
stats: 502 845 3489
stats: size_sent 199217 1565481
stats: connected 3 236
stats: 201 0 54
stats: 400 5 48
stats: 500 68 1635
# stats: dump at 1669970633
stats: users 250 252
stats: {freemem,"tsung_controller@ip-172-31-54-152"} 1 650.13671875 0.0 670.828125 646.90625 657.7689302884615 26
stats: {load,"tsung_controller@ip-172-31-54-152"} 1 0.0 0.0 0.0 0.0 0.0 26
stats: {cpu,"tsung_controller@ip-172-31-54-152"} 1 3.2859244727807746 0.0 3.2859244727807746 0.25 1.136219548045239 26
stats: session 141 16646.476517730483 22817.601635814324 119612.833 10.34 29714.59945727482 866
stats: users_count 159 1257
stats: finish_users_count 141 1007
stats: connect 155 1.4015548387096781 0.6518930957473306 18.593 0.955 1.4591305936073062 1095
stats: page 298 6671.478473154363 15732.304461648739 104240.138 1.323 13201.208321311478 1830
stats: 200 28 546
stats: request 930 2241.8664526881635 6247.321329465969 56371.428 0.624 4612.9953983286905 5744
stats: size_rcv 3140897 53489009
stats: newphase 0 4
stats: 502 806 4295
stats: size_sent 201839 1767320
stats: connected 15 251
stats: 201 0 54
stats: 400 3 51
stats: 500 93 1728
# stats: dump at 1669970643
stats: users 242 254
stats: {freemem,"tsung_controller@ip-172-31-54-152"} 1 648.02734375 0.0 670.828125 646.90625 657.4862557870371 27
stats: {load,"tsung_controller@ip-172-31-54-152"} 1 0.0 0.0 0.0 0.0 0.0 27
stats: {cpu,"tsung_controller@ip-172-31-54-152"} 1 3.915810083210964 0.0 3.915810083210964 0.25 1.2158382489613702 27
stats: session 167 16061.870706586815 21033.24589434224 119612.833 10.34 27884.8027000993 1007
stats: users_count 159 1416
stats: finish_users_count 167 1174
stats: request 968 2002.9105092975192 5519.609265046543 56371.428 0.624 4282.58636035361 6674
stats: 200 28 574
stats: connect 161 1.3373416149068325 0.6837106295167292 18.593 0.955 1.4519912000000004 1250
stats: page 327 6494.162819571866 15496.229723559725 104240.138 1.323 12286.800664003762 2128
stats: size_rcv 1721458 55210467
stats: newphase 0 4
stats: 502 845 5140
stats: size_sent 207772 1975092
stats: connected -6 245
stats: 201 1 55
stats: 400 3 54
stats: 500 91 1819
# stats: dump at 1669970653
stats: users 243 254
stats: {freemem,"tsung_controller@ip-172-31-54-152"} 1 646.45703125 0.0 670.828125 646.45703125 657.1484375 28
stats: {load,"tsung_controller@ip-172-31-54-152"} 1 0.0 0.0 0.0 0.0 0.0 28
stats: {cpu,"tsung_controller@ip-172-31-54-152"} 1 3.1894013738959766 0.0 3.915810083210964 0.25 1.3122658144702843 28
stats: session 164 14422.685524390241 22368.854044764594 119612.833 10.34 26203.005729982957 1174
stats: users_count 165 1581
stats: finish_users_count 164 1338
stats: connect 165 1.4079030303030302 0.6902633772632139 18.593 0.955 1.4389092841956062 1411
stats: page 325 5711.378864615378 15244.864026135265 104240.138 1.323 11515.235460285134 2455
stats: 200 28 602
stats: request 977 1814.295788126921 5483.435438927135 56371.428 0.624 3993.823441769169 7642
stats: size_rcv 2492306 57702773
stats: newphase 0 4
stats: 502 866 6006
stats: size_sent 215292 2190384
stats: connected -1 244
stats: 201 2 57
stats: 400 3 57
stats: 500 78 1897
# stats: dump at 1669970663
stats: users 236 254
stats: {freemem,"tsung_controller@ip-172-31-54-152"} 1 646.03125 0.0 670.828125 646.03125 656.7797683189655 29
stats: {load,"tsung_controller@ip-172-31-54-152"} 1 0.0 0.0 0.0 0.0 0.0 29
stats: {cpu,"tsung_controller@ip-172-31-54-152"} 1 4.203323558162268 0.0 4.203323558162268 0.25 1.3769946268642737 29
stats: session 150 15826.249120000008 21427.744220068187 120988.056 10.34 24759.080084454403 1338
stats: users_count 143 1724
stats: finish_users_count 150 1488
stats: request 863 2478.3500950173757 6413.4188689684515 56371.428 0.624 3746.7647902308845 8619
stats: connect 145 1.3014827586206892 0.3977245642565715 18.593 0.939 1.4356630710659901 1576
stats: page 296 7411.941331081081 16877.34062823287 105842.966 1.323 10836.727045323742 2780
stats: 200 30 632
stats: size_rcv 2404818 60107591
stats: newphase 0 4
stats: 502 738 6744
stats: size_sent 189883 2380267
stats: connected -5 239
stats: 201 3 60
stats: 400 5 62
stats: 500 87 1984
# stats: dump at 1669970673
stats: users 275 276
stats: {freemem,"tsung_controller@ip-172-31-54-152"} 1 646.14453125 0.0 670.828125 646.03125 656.421484375 30
stats: {load,"tsung_controller@ip-172-31-54-152"} 1 0.078125 0.0 0.078125 0.0 0.0 30
stats: {cpu,"tsung_controller@ip-172-31-54-152"} 1 3.1480570585341856 0.0 4.203323558162268 0.25 1.4712055912408735 30
stats: session 211 13850.209308056877 20875.661519825375 123036.368 10.34 23858.593092069885 1488
stats: users_count 250 1974
stats: finish_users_count 211 1699
stats: connect 242 1.3792809917355375 0.6983735144403346 18.593 0.939 1.4243579314352124 1721
stats: page 460 4770.267382608703 12180.573279354423 105842.966 1.323 10507.16379063719 3076
stats: request 1429 1454.3525675297408 4847.354300155151 56371.428 0.616 3631.3205925964976 9482
stats: 200 28 660
stats: size_rcv 1866485 61974076
stats: newphase 1 5
stats: 502 1300 8044
stats: size_sent 289875 2670142
stats: connected 30 269
stats: 201 0 60
stats: 400 1 63
stats: 500 100 2084
# stats: dump at 1669970683
stats: users 278 306
stats: {freemem,"tsung_controller@ip-172-31-54-152"} 1 643.375 0.0 670.828125 643.375 656.0899697580645 31
stats: {load,"tsung_controller@ip-172-31-54-152"} 1 0.0703125 0.0 0.078125 0.0 0.0025201612903225806 31
stats: {cpu,"tsung_controller@ip-172-31-54-152"} 1 5.245264691597863 0.0 5.245264691597863 0.25 1.5252975740567867 31
stats: session 307 9160.354801302952 15702.193397024252 123036.368 10.34 22615.64489994114 1699
stats: users_count 310 2284
stats: finish_users_count 307 2006
stats: request 1866 975.8325246516615 4123.536401500241 56371.428 0.613 3346.205817798551 10911
stats: 200 24 684
stats: size_rcv 2722566 64696642
stats: page 618 3252.6913818770213 11514.54012421859 105842.966 1.323 9760.848081447966 3536
stats: newphase 0 5
stats: 502 1755 9799
stats: size_sent 392011 3062153
stats: connected 11 280
stats: 201 3 63
stats: 400 8 71
stats: 500 76 2160
stats: connect 311 1.4244983922829584 0.6430794526909558 18.593 0.939 1.418800815078961 1963
# stats: dump at 1669970693
stats: users 271 306
stats: {freemem,"tsung_controller@ip-172-31-54-152"} 1 641.0625 0.0 670.828125 641.0625 655.692626953125 32
stats: {load,"tsung_controller@ip-172-31-54-152"} 1 0.05859375 0.0 0.078125 0.0 0.004638671875 32
stats: {cpu,"tsung_controller@ip-172-31-54-152"} 1 7.64423076923077 0.0 7.64423076923077 0.25 1.6415465464799452 32
stats: session 310 9689.982270967741 17004.40828641141 123036.368 10.34 20556.43549800598 2006
stats: users_count 303 2587
stats: finish_users_count 310 2316
stats: request 1809 911.4206915422897 3909.2362256976817 56371.428 0.613 3000.027797526805 12777
stats: 200 26 710
stats: size_rcv 1988875 66685517
stats: newphase 0 5
stats: 502 1708 11507
stats: connect 301 1.3506478405315612 0.6508574275015034 18.593 0.939 1.4195800351802994 2274
stats: size_sent 371863 3434016
stats: connected -6 274
stats: 201 0 63
stats: page 609 2811.8150706075544 9579.400761085679 105842.966 1.323 8792.61485074627 4154
stats: 400 2 73
stats: 500 73 2233
# stats: dump at 1669970703
stats: users 290 306
stats: {freemem,"tsung_controller@ip-172-31-54-152"} 1 638.18359375 0.0 670.828125 638.18359375 655.2492897727273 33
stats: {load,"tsung_controller@ip-172-31-54-152"} 1 0.12109375 0.0 0.12109375 0.0 0.006273674242424242 33
stats: {cpu,"tsung_controller@ip-172-31-54-152"} 1 6.579583938074504 0.0 7.64423076923077 0.25 1.8234460683814855 33
stats: session 303 9079.813514851488 15762.328927651115 123036.368 8.993 19101.94478108808 2316
stats: users_count 322 2909
stats: finish_users_count 303 2619
stats: request 1916 1114.649299582462 4489.554682179759 56371.428 0.613 2740.9924036747557 14586
stats: page 626 3135.347789137376 10773.512288743837 105842.966 1.323 8027.906249842536 4763
stats: 200 29 739
stats: size_rcv 2737576 69423093
stats: newphase 0 5
stats: 502 1791 13298
stats: size_sent 392055 3826071
stats: connected 22 296
stats: 201 1 64
stats: 400 7 80
stats: 500 88 2321
stats: connect 325 1.5413846153846145 1.2126402687119437 18.593 0.913 1.4115223300970878 2575
# stats: dump at 1669970713
stats: users 286 306
stats: {freemem,"tsung_controller@ip-172-31-54-152"} 1 637.421875 0.0 670.828125 637.421875 654.7473575367648 34
stats: {load,"tsung_controller@ip-172-31-54-152"} 1 0.1015625 0.0 0.12109375 0.0 0.009650735294117647 34
stats: {cpu,"tsung_controller@ip-172-31-54-152"} 1 7.5426944971536996 0.0 7.64423076923077 0.25 1.9633324763136333 34
stats: session 310 9252.919845161305 14012.306504773906 123036.368 8.993 17942.45422222222 2619
stats: users_count 306 3215
stats: finish_users_count 310 2929
stats: request 1829 1041.3230420995071 4202.476348827405 56371.428 0.613 2552.162359592776 16502
stats: page 613 2969.337482871129 9557.713925680137 105842.966 1.323 7459.57416663574 5389
stats: 200 30 769
stats: size_rcv 2709318 72132411
stats: newphase 0 5
stats: 502 1709 15007
stats: size_sent 367906 4193977
stats: connected -2 294
stats: 201 1 65
stats: 400 5 85
stats: 500 85 2406
stats: connect 307 1.418097719869706 0.6275287944349356 18.593 0.913 1.4260758620689657 2900
# stats: dump at 1669970723
stats: users 276 306
stats: {freemem,"tsung_controller@ip-172-31-54-152"} 1 641.26171875 0.0 670.828125 637.421875 654.25234375 35
stats: {load,"tsung_controller@ip-172-31-54-152"} 1 0.08984375 0.0 0.12109375 0.0 0.012276785714285714 35
stats: {cpu,"tsung_controller@ip-172-31-54-152"} 1 7.366393837265287 0.0 7.64423076923077 0.25 2.1227428197662066 35
stats: session 310 9581.250370967751 15528.28733476112 123036.368 8.993 17022.769805394328 2929
stats: users_count 300 3515
stats: finish_users_count 310 3239
stats: request 1838 1061.685628400435 4271.597589434153 56371.428 0.613 2401.4163494626578 18331
stats: connect 304 1.4254013157894732 0.6633495274171712 18.593 0.913 1.4253121297162459 3207
stats: page 620 3489.3693725806475 11094.35120044703 105842.966 1.323 7000.974518660447 6002
stats: 200 37 806
stats: size_rcv 2712919 74845330
stats: newphase 0 5
stats: 502 1717 16724
stats: size_sent 394466 4588443
stats: connected -14 280
stats: 201 3 68
stats: 400 5 90
stats: 500 75 2481
# stats: dump at 1669970733
stats: users 383 399
stats: {freemem,"tsung_controller@ip-172-31-54-152"} 1 641.484375 0.0 670.828125 637.421875 653.8914930555555 36
stats: {load,"tsung_controller@ip-172-31-54-152"} 1 0.0703125 0.0 0.12109375 0.0 0.014431423611111112 36
stats: {cpu,"tsung_controller@ip-172-31-54-152"} 1 7.552581261950286 0.0 7.64423076923077 0.25 2.2683997924745145 36
stats: session 413 7857.967784503638 13644.91271682081 123036.368 8.993 16310.552755480081 3239
stats: users_count 520 4035
stats: finish_users_count 413 3652
stats: request 2846 663.352157765282 3326.0697854460673 56371.428 0.611 2279.3267532847426 20169
stats: 200 26 832
stats: connect 511 1.4410489236790598 0.97109137644351 18.593 0.913 1.4253198518940475 3511
stats: page 912 2390.33301315789 9037.11166292974 105842.966 1.301 6672.192399879191 6622
stats: size_rcv 2365131 77210461
stats: newphase 1 6
stats: 502 2727 19451
stats: size_sent 569653 5158096
stats: connected 109 389
stats: 201 0 68
stats: 400 5 95
stats: 500 88 2569
# stats: dump at 1669970743
stats: users 362 399
stats: {freemem,"tsung_controller@ip-172-31-54-152"} 1 634.4765625 0.0 670.828125 634.4765625 653.5561655405405 37
stats: {load,"tsung_controller@ip-172-31-54-152"} 1 0.05859375 0.0 0.12109375 0.0 0.01594172297297297 37
stats: {cpu,"tsung_controller@ip-172-31-54-152"} 1 10.70918610185626 0.0 10.70918610185626 0.25 2.4112155078657516 37
stats: session 657 5694.435709284633 10988.238907101837 123036.368 8.993 15354.660753012044 3652
stats: users_count 636 4671
stats: finish_users_count 657 4309
stats: request 3866 517.4177190894995 3054.543652217994 56371.428 0.611 2079.497785270474 23015
stats: connect 632 1.4024841772151901 0.9135793666908805 18.593 0.852 1.4273182496270511 4022
stats: page 1286 1484.2794805598753 7239.46142461577 105842.966 1.301 6153.8680355720735 7534
stats: 200 29 861
stats: size_rcv 3351404 80561865
stats: newphase 0 6
stats: 502 3743 23194
stats: size_sent 781909 5940005
stats: connected -28 361
stats: 201 3 71
stats: 400 4 99
stats: 500 87 2656
# stats: dump at 1669970753
stats: users 394 399
stats: {freemem,"tsung_controller@ip-172-31-54-152"} 1 629.73828125 0.0 670.828125 629.73828125 653.0540707236842 38
stats: {load,"tsung_controller@ip-172-31-54-152"} 1 0.12109375 0.0 0.12109375 0.0 0.017064144736842105 38
stats: {cpu,"tsung_controller@ip-172-31-54-152"} 1 12.275731822474032 0.0 12.275731822474032 0.25 2.6295831550760282 38
stats: session 577 6466.276462738307 10816.491885924548 123036.368 8.993 13881.751063123693 4309
stats: users_count 609 5280
stats: finish_users_count 577 4886
stats: request 3570 534.1292652661089 3121.527679780597 56371.428 0.611 1854.8409073323153 26881
stats: 200 24 885
stats: connect 611 1.3687970540098189 0.7866924470694379 18.593 0.852 1.4239458530296518 4654
stats: page 1194 1908.467438023454 7684.281556497157 105842.966 1.301 5473.018729251701 8820
stats: size_rcv 3258230 83820095
stats: newphase 0 6
stats: 502 3456 26650
stats: size_sent 713771 6653776
stats: connected 32 393
stats: 201 0 71
stats: 400 1 100
stats: 500 89 2745
# stats: dump at 1669970763
stats: users 377 412
stats: {freemem,"tsung_controller@ip-172-31-54-152"} 1 635.05078125 0.0 670.828125 629.73828125 652.4562299679487 39
stats: {load,"tsung_controller@ip-172-31-54-152"} 1 0.109375 0.0 0.12109375 0.0 0.019731570512820512 39
stats: {cpu,"tsung_controller@ip-172-31-54-152"} 1 11.221590909090908 0.0 12.275731822474032 0.25 2.876920300393926 39
stats: session 633 5898.430508688785 10055.815518764592 123036.368 8.993 13006.039060581252 4886
stats: users_count 616 5896
stats: finish_users_count 633 5519
stats: connect 622 1.4488488745980723 1.1335718182776362 18.593 0.852 1.4175458689458686 5265
stats: page 1271 1445.6309874114866 6760.344522755156 105842.966 1.299 5048.006322448573 10014
stats: request 3813 511.71369944925254 3073.2046803530725 56371.428 0.611 1700.0039377031944 30451
stats: 200 20 905
stats: size_rcv 3337090 87157185
stats: newphase 0 6
stats: 502 3698 30348
stats: size_sent 754743 7408519
stats: connected -15 378
stats: 201 0 71
stats: 400 5 105
stats: 500 90 2835
# stats: dump at 1669970773
stats: users 389 412
stats: {freemem,"tsung_controller@ip-172-31-54-152"} 1 633.7421875 0.0 670.828125 629.73828125 652.02109375 40
stats: {load,"tsung_controller@ip-172-31-54-152"} 1 0.16015625 0.0 0.16015625 0.0 0.02197265625 40
stats: {cpu,"tsung_controller@ip-172-31-54-152"} 1 12.821712681328965 0.0 12.821712681328965 0.25 3.0855370656113505 40
stats: session 650 6179.286709230762 10934.994361417059 123036.368 8.993 12190.834093495196 5519
stats: users_count 662 6558
stats: finish_users_count 650 6169
stats: connect 658 1.3520015197568407 0.6746788034610512 18.593 0.852 1.4208532359436044 5887
stats: page 1307 1528.8580803366497 7168.458457545232 105842.966 1.299 4642.2802213557825 11285
stats: 200 29 934
stats: size_rcv 2654584 89811769
stats: newphase 0 6
stats: 502 3805 34153
stats: size_sent 771152 8179671
stats: connected 11 389
stats: 201 0 71
stats: 400 3 108
stats: request 3930 498.62317175572394 2891.2205799830213 56371.428 0.611 1567.767459812047 34264
stats: 500 93 2928
# stats: dump at 1669970783
stats: users 370 412
stats: {freemem,"tsung_controller@ip-172-31-54-152"} 1 630.55859375 0.0 670.828125 629.73828125 651.5752667682926 41
stats: {load,"tsung_controller@ip-172-31-54-152"} 1 0.140625 0.0 0.16015625 0.0 0.02534298780487805 41
stats: {cpu,"tsung_controller@ip-172-31-54-152"} 1 13.239436619718308 0.0 13.239436619718308 0.25 3.3230047635556828 41
stats: session 607 6196.683408566723 10687.447844673887 123036.368 8.993 11557.42417296158 6169
stats: users_count 588 7146
stats: finish_users_count 607 6776
stats: request 3585 465.0594078103201 2859.399679219432 56371.428 0.611 1457.7570641462003 38194
stats: 200 25 959
stats: size_rcv 2548590 92360359
stats: connect 593 1.336917369308601 0.7719071790076408 18.593 0.852 1.413931245225363 6545
stats: newphase 0 6
stats: 502 3482 37635
stats: page 1203 1332.6833948462197 6643.236721216523 105842.966 1.299 4319.1192669155025 12592
stats: size_sent 709489 8889160
stats: connected -21 368
stats: 201 2 73
stats: 400 4 112
stats: 500 73 3001
# stats: dump at 1669970793
stats: users 235 412
stats: {freemem,"tsung_controller@ip-172-31-54-152"} 1 631.3671875 0.0 670.828125 629.73828125 651.0748697916666 42
stats: {load,"tsung_controller@ip-172-31-54-152"} 1 0.12109375 0.0 0.16015625 0.0 0.02808779761904762 42
stats: {cpu,"tsung_controller@ip-172-31-54-152"} 1 12.305516265912306 0.0 13.239436619718308 0.25 3.559110283940507 42
stats: session 404 7260.288962871289 10871.264781958376 123036.368 8.993 11077.204331759149 6776
stats: users_count 269 7415
stats: finish_users_count 404 7180
stats: request 2008 1115.279872011952 4468.545842469816 56371.428 0.611 1372.5750086167686 41779
stats: connect 277 1.307180505415162 0.6937234932646621 18.593 0.852 1.4075332025777532 7138
stats: page 705 2650.587829787233 8240.49484449178 105842.966 1.299 4058.6856058716935 13795
stats: 200 32 991
stats: size_rcv 3484135 95844494
stats: newphase 0 6
stats: 502 1873 39508
stats: size_sent 410977 9300137
stats: connected -132 236
stats: 201 0 73
stats: 400 8 120
stats: 500 94 3095
# stats: dump at 1669970803
stats: users 189 412
stats: {freemem,"tsung_controller@ip-172-31-54-152"} 1 639.1640625 0.0 670.828125 629.73828125 650.6165515988372 43
stats: {load,"tsung_controller@ip-172-31-54-152"} 1 0.1015625 0.0 0.16015625 0.0 0.030250726744186048 43
stats: {cpu,"tsung_controller@ip-172-31-54-152"} 1 5.598831548198637 0.0 13.239436619718308 0.25 3.762515074218921 43
stats: session 46 23114.3202826087 17942.98312712091 123036.368 8.993 10862.436391782727 7180
stats: users_count 0 7415
stats: finish_users_count 46 7226
stats: 200 24 1015
stats: size_rcv 1480796 97325290
stats: request 189 10417.50433862434 8349.482456288673 56371.428 0.611 1360.7758756708606 43787
stats: newphase 0 6
stats: 502 61 39569
stats: size_sent 42475 9342612
stats: connect 0 0 0 18.593 0.852 1.4037843560350642 7415
stats: connected -47 189
stats: 201 1 74
stats: 400 5 125
stats: page 64 18328.491765625004 17918.308037796516 105842.966 1.299 3990.2229208965528 14500
stats: 500 98 3193
# stats: dump at 1669970813
stats: users 154 412
stats: {freemem,"tsung_controller@ip-172-31-54-152"} 1 641.16015625 0.0 670.828125 629.73828125 650.3562677556819 44
stats: {load,"tsung_controller@ip-172-31-54-152"} 1 0.078125 0.0 0.16015625 0.0 0.03187144886363636 44
stats: {cpu,"tsung_controller@ip-172-31-54-152"} 1 0.6982543640897756 0.0 13.239436619718308 0.25 3.8042495395366416 44
stats: session 35 29631.343314285714 4410.613254349938 123036.368 8.993 10940.43067063382 7226
stats: users_count 0 7415
stats: finish_users_count 35 7261
stats: request 112 14608.0160625 5512.605115187106 56371.428 0.611 1399.6998723849367 43976
stats: page 43 30162.007813953485 11775.746960298053 105842.966 1.299 4053.230968552596 14564
stats: connect 0 0 0 18.593 0.852 1.4037843560350642 7415
stats: 200 38 1053
stats: size_rcv 1454148 98779438
stats: newphase 0 6
stats: 502 0 39569
stats: size_sent 25327 9367939
stats: connected -35 154
stats: 201 1 75
stats: 400 5 130
stats: 500 68 3261
# stats: dump at 1669970823
stats: users 71 412
stats: {freemem,"tsung_controller@ip-172-31-54-152"} 1 645.0859375 0.0 670.828125 629.73828125 650.1519097222223 45
stats: {load,"tsung_controller@ip-172-31-54-152"} 1 0.0703125 0.0 0.16015625 0.0 0.03289930555555555 45
stats: {cpu,"tsung_controller@ip-172-31-54-152"} 1 4.131408661025385 0.0 13.239436619718308 0.25 3.7352274245267107 45
stats: session 83 46273.55442168673 16702.711146062058 123036.368 8.993 11030.525966395811 7261
stats: users_count 0 7415
stats: finish_users_count 83 7344
stats: request 182 12744.142851648367 8680.086616215658 56371.428 0.611 1433.2539327481397 44088
stats: page 103 29726.55689320388 15143.612906233364 105842.966 1.299 4130.089831039913 14607
stats: connect 0 0 0 18.593 0.852 1.4037843560350642 7415
stats: 200 104 1157
stats: size_rcv 3662660 102442098
stats: newphase 0 6
stats: 502 0 39569
stats: size_sent 35413 9403352
stats: connected -83 71
stats: 201 10 85
stats: 400 13 143
stats: 500 55 3316
# stats: dump at 1669970833
stats: users 17 412
stats: {freemem,"tsung_controller@ip-172-31-54-152"} 1 651.7734375 0.0 670.828125 629.73828125 650.0417798913044 46
stats: {load,"tsung_controller@ip-172-31-54-152"} 1 0.05859375 0.0 0.16015625 0.0 0.03371263586956521 46
stats: {cpu,"tsung_controller@ip-172-31-54-152"} 1 1.0972568578553616 0.0 13.239436619718308 0.25 3.743840060102769 46
stats: session 54 59068.22433333332 15481.954519512637 123036.368 8.993 11428.833613698254 7344
stats: users_count 0 7415
stats: finish_users_count 54 7398
stats: request 165 2776.6651878787893 5130.918470423165 56371.428 0.611 1479.7545377456515 44270
stats: page 96 25673.206677083337 28384.441662346853 105842.966 1.299 4309.317302651259 14710
stats: 200 65 1222
stats: size_rcv 794233 103236331
stats: newphase 0 6
stats: 502 0 39569
stats: size_sent 72484 9475836
stats: connected -54 17
stats: 201 24 109
stats: 400 49 192
stats: 500 27 3343
stats: connect 0 0 0 18.593 0.852 1.4037843560350642 7415
# stats: dump at 1669970843
stats: users 6 412
stats: {freemem,"tsung_controller@ip-172-31-54-152"} 1 659.83203125 0.0 670.828125 629.73828125 650.0786236702128 47
stats: {load,"tsung_controller@ip-172-31-54-152"} 1 0.05078125 0.0 0.16015625 0.0 0.03424202127659574 47
stats: {cpu,"tsung_controller@ip-172-31-54-152"} 1 0.7485029940119761 0.0 13.239436619718308 0.25 3.687529779203888 47
stats: session 11 66542.04681818181 17654.02137003473 123036.368 8.993 11776.566392673692 7398
stats: users_count 0 7415
stats: finish_users_count 11 7409
stats: 200 18 1240
stats: request 31 6631.311387096774 16585.650454915954 56371.428 0.611 1484.5703418926519 44435
stats: size_rcv 2875718 106112049
stats: newphase 0 6
stats: connect 0 0 0 18.593 0.852 1.4037843560350642 7415
stats: 502 0 39569
stats: size_sent 17982 9493818
stats: page 13 10720.258538461536 23766.706978962266 105842.966 1.299 4447.837725449143 14806
stats: connected -11 6
stats: 201 2 111
stats: 400 11 203
stats: 500 0 3343
# stats: dump at 1669970853
stats: users 2 412
stats: {freemem,"tsung_controller@ip-172-31-54-152"} 1 663.8515625 0.0 670.828125 629.73828125 650.2818196614584 48
stats: {load,"tsung_controller@ip-172-31-54-152"} 1 0.0390625 0.0 0.16015625 0.0 0.03458658854166666 48
stats: {cpu,"tsung_controller@ip-172-31-54-152"} 1 0.4987531172069825 0.0 13.239436619718308 0.25 3.62630005451239 48
stats: session 4 71111.22475 8034.004381470191 123036.368 8.993 11857.87564961533 7409
stats: users_count 0 7415
stats: finish_users_count 4 7413
stats: request 20 7069.11775 16197.703569262587 56371.428 0.611 1488.158453537534 44466
stats: connect 0 0 0 18.593 0.852 1.4037843560350642 7415
stats: 200 11 1251
stats: page 9 35784.36933333333 32111.729937208962 105842.966 1.299 4453.340220257778 14819
stats: size_rcv 2159024 108271073
stats: newphase 0 6
stats: 502 0 39569
stats: size_sent 10847 9504665
stats: connected -4 2
stats: 201 5 116
stats: 400 4 207
stats: 500 0 3343
# stats: dump at 1669970858
stats: users 0 412
stats: {freemem,"tsung_controller@ip-172-31-54-152"} 1 663.8515625 0.0 670.828125 629.73828125 650.5587531887755 49
stats: {load,"tsung_controller@ip-172-31-54-152"} 1 0.03125 0.0 0.16015625 0.0 0.03467793367346938 49
stats: {cpu,"tsung_controller@ip-172-31-54-152"} 1 0.399400898652022 0.0 13.239436619718308 0.25 3.562472565995953 49
stats: session 2 71325.9885 4457.3555000000015 123036.368 8.993 11889.84831876433 7413
stats: users_count 0 7415
stats: finish_users_count 2 7415
stats: request 4 6.436749999999999 1.4585611702976327 56371.428 0.611 1490.6675392258232 44486
stats: connect 0 0 0 18.593 0.852 1.4037843560350642 7415
stats: page 2 12.965499999999999 0.5995000000000004 105842.966 1.299 4472.356895602915 14828
stats: 200 2 1253
stats: size_rcv 564 108271637
stats: newphase 0 6
stats: 502 0 39569
stats: size_sent 2974 9507639
stats: connected -2 0
stats: 201 0 116
stats: 400 2 209
stats: 500 0 3343
EndMonitor:{1669,970858,52831}