# stats: dump at 1669962481
stats: users 4 7
stats: {load,"tsung_controller@ip-172-31-58-34"} 1 0.0 0 0.0 0.0 0 0
stats: {freemem,"tsung_controller@ip-172-31-58-34"} 1 673.1796875 0 673.1796875 673.1796875 0 0
stats: {cpu,"tsung_controller@ip-172-31-58-34"} 1 0.3787246759391849 0 0.3787246759391849 0.3787246759391849 0 0
stats: session 7 2677.6618571428576 1077.174168301146 3952.341 1259.348 0 0  
stats: users_count 11 11
stats: finish_users_count 7 7
stats: connect 11 1.8410909090909093 1.7987990162401264 7.523 1.184 0 0      
stats: page 18 23.743111111111105 23.841327850065756 97.505 5.181 0 0        
stats: 200 29 29
stats: size_rcv 1079 1079
stats: size_sent 14826 14826
stats: connected 4 4
stats: request 29 14.706965517241374 16.275155804080242 89.151 5.181 0 0     
# stats: dump at 1669962491
stats: users 6 7
stats: {load,"tsung_controller@ip-172-31-58-34"} 1 0.0 0.0 0.0 0.0 0.0 1     
stats: {freemem,"tsung_controller@ip-172-31-58-34"} 1 672.54296875 0.0 673.1796875 672.54296875 673.1796875 1
stats: {cpu,"tsung_controller@ip-172-31-58-34"} 1 0.05012531328320802 0.0 0.3787246759391849 0.05012531328320802 0.3787246759391849 1
stats: session 12 3530.508166666667 3361.50484510536 11740.934 870.397 2677.6618571428576 7
stats: users_count 14 25
stats: finish_users_count 12 19
stats: 200 40 69
stats: request 40 8.739250000000002 3.4308128683301864 89.151 4.521 14.706965517241374 29
stats: size_rcv 1495 2574
stats: size_sent 21082 35908
stats: connected 2 6
stats: connect 14 1.6642142857142856 1.0669605815835284 7.523 1.184 1.8410909090909093 11
stats: page 26 13.483346153846155 8.051097531212784 97.505 4.521 23.743111111111105 18
# stats: dump at 1669962501
stats: users 8 9
stats: {load,"tsung_controller@ip-172-31-58-34"} 1 0.0 0.0 0.0 0.0 0.0 2     
stats: {freemem,"tsung_controller@ip-172-31-58-34"} 1 673.19921875 0.0 673.19921875 672.54296875 672.861328125 2
stats: {cpu,"tsung_controller@ip-172-31-58-34"} 1 0.1002004008016032 0.0 0.3787246759391849 0.05012531328320802 0.21442499461119646 2
stats: session 11 3132.5948181818185 2115.6186617649146 11740.934 43.582 3216.3016315789478 19
stats: users_count 13 38
stats: finish_users_count 11 30
stats: request 36 12.987000000000002 15.919146004104618 89.151 4.521 11.247420289855071 69
stats: connect 13 1.2886923076923078 0.06156095742668347 7.523 1.181 1.74204 
25
stats: page 23 20.375043478260867 28.423144354524002 133.426 4.521 17.680522727272724 44
stats: 200 36 105
stats: size_rcv 1343 3917
stats: size_sent 18726 54634
stats: connected 3 9
# stats: dump at 1669962511
stats: users 2 9
stats: {load,"tsung_controller@ip-172-31-58-34"} 1 0.0 0.0 0.0 0.0 0.0 3     
stats: {freemem,"tsung_controller@ip-172-31-58-34"} 1 672.34765625 0.0 673.19921875 672.34765625 672.9739583333334 3
stats: {cpu,"tsung_controller@ip-172-31-58-34"} 1 0.15022533800701052 0.0 0.3787246759391849 0.05012531328320802 0.1763501300079987 3
stats: session 14 4365.913500000001 4092.964332152915 14549.782 43.582 3185.6091333333334 30
stats: users_count 8 46
stats: finish_users_count 14 44
stats: request 30 16.321366666666655 20.47967105283242 89.151 4.521 11.843847619047617 105
stats: connect 8 1.281375 0.09234573284673202 7.523 1.152 1.5869473684210527 
38
stats: page 22 22.280545454545457 32.06563737331639 135.165 4.521 18.605507462686564 67
stats: 200 30 135
stats: size_rcv 1133 5050
stats: size_sent 17029 71663
stats: connected -6 3
# stats: dump at 1669962521
stats: users 6 9
stats: {load,"tsung_controller@ip-172-31-58-34"} 1 0.0 0.0 0.0 0.0 0.0 4     
stats: {freemem,"tsung_controller@ip-172-31-58-34"} 1 673.5 0.0 673.5 672.34765625 672.8173828125 4
stats: {cpu,"tsung_controller@ip-172-31-58-34"} 1 0.1 0.0 0.3787246759391849 
0.05012531328320802 0.16981893200775167 4
stats: session 9 4834.905000000001 5558.34331096032 16135.724 43.582 3561.1605227272735 44
stats: users_count 13 59
stats: finish_users_count 9 53
stats: request 35 8.873514285714284 2.7356143981764323 89.151 4.521 12.838851851851848 135
stats: connect 13 1.4924615384615383 0.8665299156258579 7.523 1.152 1.5338043478260872 46
stats: page 22 14.155318181818183 6.854620428363787 135.165 4.521 19.513943820224718 89
stats: 200 35 170
stats: size_rcv 1303 6353
stats: size_sent 18020 89683
stats: connected 4 7
# stats: dump at 1669962531
stats: users 0 9
stats: {load,"tsung_controller@ip-172-31-58-34"} 1 0.0 0.0 0.0 0.0 0.0 5     
stats: {freemem,"tsung_controller@ip-172-31-58-34"} 1 672.4765625 0.0 673.5 672.34765625 672.95390625 5
stats: {cpu,"tsung_controller@ip-172-31-58-34"} 1 0.050075112669003496 0.0 0.3787246759391849 0.050075112669003496 0.15585514560620134 5
stats: session 7 5394.649142857142 3787.7051773889402 16135.724 43.582 3777.456754716982 53
stats: users_count 1 60
stats: finish_users_count 7 60
stats: request 10 6.5864 1.7097371844818727 89.151 4.366 12.022458823529409 170
stats: connect 1 1.341 0.0 7.523 1.152 1.5246949152542375 59
stats: page 9 7.324888888888887 4.2976266174727025 135.165 4.366 18.451873873873872 111
stats: 200 10 180
stats: size_rcv 387 6740
stats: size_sent 6552 96235
stats: connected -7 0
# stats: dump at 1669962541
stats: users 9 14
stats: {load,"tsung_controller@ip-172-31-58-34"} 1 0.0 0.0 0.0 0.0 0.0 6     
stats: {freemem,"tsung_controller@ip-172-31-58-34"} 1 673.83984375 0.0 673.83984375 672.34765625 672.8743489583334 6
stats: {cpu,"tsung_controller@ip-172-31-58-34"} 1 0.05002501250625312 0.0 0.3787246759391849 0.05002501250625312 0.1382251401166684 6
stats: session 13 2231.0882307692304 1656.1820501154573 16135.724 43.582 3966.1292000000008 60
stats: users_count 22 82
stats: finish_users_count 13 73
stats: request 55 8.729636363636368 2.685086843786937 89.151 4.283 11.720455555555551 180
stats: connect 21 1.4715238095238097 0.6238851099244856 7.523 1.137 1.5216333333333334 60
stats: page 34 14.161558823529408 6.934405111221854 135.165 4.283 17.61735 120
stats: 200 55 235
stats: size_rcv 2047 8787
stats: newphase 1 1
stats: size_sent 28031 124266
stats: connected 8 8
# stats: dump at 1669962551
stats: users 4 14
stats: {load,"tsung_controller@ip-172-31-58-34"} 1 0.0 0.0 0.0 0.0 0.0 7     
stats: {freemem,"tsung_controller@ip-172-31-58-34"} 1 670.91796875 0.0 673.83984375 670.91796875 673.0122767857143 7
stats: {cpu,"tsung_controller@ip-172-31-58-34"} 1 0.400200100050025 0.0 0.400200100050025 0.05002501250625312 0.12562512188660907 7
stats: session 25 3838.32252 3449.1604362031885 16135.724 43.582 3657.1493013698637 73
stats: users_count 20 102
stats: finish_users_count 25 98
stats: request 66 7.617469696969694 2.677910058120838 89.151 4.283 11.020476595744679 235
stats: connect 21 1.3756190476190477 0.20499627782694615 7.523 1.137 1.508641975308642 81
stats: page 45 11.2032 6.596857701798469 135.165 4.283 16.854383116883117 154stats: 200 66 301
stats: size_rcv 2476 11263
stats: newphase 0 1
stats: size_sent 35763 160029
stats: connected -3 5
# stats: dump at 1669962561
stats: users 7 14
stats: {load,"tsung_controller@ip-172-31-58-34"} 1 0.0 0.0 0.0 0.0 0.0 8     
stats: {freemem,"tsung_controller@ip-172-31-58-34"} 1 671.07421875 0.0 673.83984375 670.91796875 672.75048828125 8
stats: {cpu,"tsung_controller@ip-172-31-58-34"} 1 0.3 0.0 0.400200100050025 0.05002501250625312 0.15994699415703606 8
stats: session 19 2625.3749473684206 2250.452161248267 16135.724 43.582 3703.366959183674 98
stats: users_count 22 124
stats: finish_users_count 19 117
stats: request 63 8.863222222222225 3.0735028950458756 89.151 4.283 10.274302325581392 301
stats: connect 22 1.4053636363636366 0.6168206270468046 7.523 1.137 1.4812549019607844 102
stats: page 41 13.357658536585365 7.493116713259222 135.165 4.283 15.576477386934673 199
stats: 200 63 364
stats: size_rcv 2385 13648
stats: newphase 0 1
stats: size_sent 33816 193845
stats: connected 2 7
# stats: dump at 1669962571
stats: users 6 14
stats: {load,"tsung_controller@ip-172-31-58-34"} 1 0.0 0.0 0.0 0.0 0.0 9     
stats: {freemem,"tsung_controller@ip-172-31-58-34"} 1 670.70703125 0.0 673.83984375 670.70703125 672.5642361111111 9
stats: {cpu,"tsung_controller@ip-172-31-58-34"} 1 0.20030045067601399 0.0 0.400200100050025 0.05002501250625312 0.17550843925069873 9
stats: session 16 3440.7770624999994 2494.743484304736 16135.724 43.582 3528.308427350428 117
stats: users_count 15 139
stats: finish_users_count 16 133
stats: request 47 8.88772340425532 3.974792855312555 89.151 3.803 10.030076923076921 364
stats: connect 15 1.2498 0.12613865386946224 7.523 1.137 1.4677903225806452 124
stats: page 32 13.463062500000001 8.864964350384819 135.165 3.803 15.197429166666666 240
stats: 200 47 411
stats: size_rcv 1732 15380
stats: newphase 0 1
stats: size_sent 24816 218661
stats: connected -1 6
# stats: dump at 1669962581
stats: users 6 14
stats: {load,"tsung_controller@ip-172-31-58-34"} 1 0.0 0.0 0.0 0.0 0.0 10    
stats: {freemem,"tsung_controller@ip-172-31-58-34"} 1 671.62109375 0.0 673.83984375 670.70703125 672.378515625 10
stats: {cpu,"tsung_controller@ip-172-31-58-34"} 1 0.10010010010010009 0.0 0.400200100050025 0.05002501250625312 0.17798764039323026 10
stats: session 14 2261.6400714285714 1893.3624067195701 16135.724 43.582 3517.7783383458654 133
stats: users_count 14 153
stats: finish_users_count 14 147
stats: request 42 9.44654761904762 3.773034008418796 89.151 3.803 9.899442822384426 411
stats: connect 14 1.554642857142857 1.0751600284305094 7.523 1.137 1.4442661870503597 139
stats: page 28 14.205535714285718 9.110869828640883 135.165 3.803 14.993386029411765 272
stats: 200 42 453
stats: size_rcv 1573 16953
stats: newphase 0 1
stats: size_sent 22475 241136
stats: connected 0 6
# stats: dump at 1669962591
stats: users 5 14
stats: {load,"tsung_controller@ip-172-31-58-34"} 1 0.0 0.0 0.0 0.0 0.0 11    
stats: {freemem,"tsung_controller@ip-172-31-58-34"} 1 672.125 0.0 673.83984375 670.70703125 672.3096590909091 11
stats: {cpu,"tsung_controller@ip-172-31-58-34"} 1 0.050050050050050046 0.0 0.400200100050025 0.05002501250625312 0.17090695491203658 11
stats: session 19 3333.988368421053 3210.2195268740084 16135.724 43.582 3398.1461224489803 147
stats: users_count 18 171
stats: finish_users_count 19 166
stats: request 52 7.262923076923074 1.6411892129015404 89.151 3.803 9.857452538631344 453
stats: connect 17 1.3526470588235295 0.24429561195560034 7.523 1.137 1.4543660130718952 153
stats: page 35 10.82231428571428 5.417159792318315 135.165 3.803 14.919853333333334 300
stats: 200 52 505
stats: size_rcv 1950 18903
stats: newphase 0 1
stats: size_sent 27963 269099
stats: connected -1 5
# stats: dump at 1669962601
stats: users 14 14
stats: {load,"tsung_controller@ip-172-31-58-34"} 1 0.0 0.0 0.0 0.0 0.0 12    
stats: {freemem,"tsung_controller@ip-172-31-58-34"} 1 672.35546875 0.0 673.83984375 670.70703125 672.2942708333334 12
stats: {cpu,"tsung_controller@ip-172-31-58-34"} 1 0.15022533800701052 0.0 0.400200100050025 0.05002501250625312 0.1608355461735377 12
stats: session 25 1994.79768 3198.9650091382587 16135.724 43.582 3390.8027650602417 166
stats: users_count 34 205
stats: finish_users_count 25 191
stats: request 88 14.030011363636357 30.734281689069178 254.713 3.803 9.590293069306927 505
stats: connect 32 1.4535624999999996 0.7249707725789709 7.523 1.041 1.4441941176470587 170
stats: page 56 21.340607142857145 50.25498631574446 343.905 3.803 14.49175223880597 335
stats: 200 88 593
stats: size_rcv 3346 22249
stats: newphase 1 2
stats: size_sent 47076 316175
stats: connected 6 11
# stats: dump at 1669962611
stats: users 11 14
stats: {load,"tsung_controller@ip-172-31-58-34"} 1 0.0 0.0 0.0 0.0 0.0 13    
stats: {freemem,"tsung_controller@ip-172-31-58-34"} 1 670.49609375 0.0 673.83984375 670.49609375 672.2989783653846 13
stats: {cpu,"tsung_controller@ip-172-31-58-34"} 1 0.400200100050025 0.0 0.400200100050025 0.05002501250625312 0.1600193763145741 13
stats: session 37 2673.4501621621616 2575.793787474041 16135.724 43.582 3208.079586387435 191
stats: users_count 34 239
stats: finish_users_count 37 228
stats: request 113 14.004814159292037 18.552416259658955 254.713 3.803 10.249138279932543 593
stats: connect 37 1.315945945945946 0.3053704835331902 7.523 1.021 1.4456782178217822 202
stats: page 76 21.404131578947375 27.45965223470807 343.905 3.803 15.472662404092071 391
stats: 200 113 706
stats: size_rcv 4177 26426
stats: newphase 0 2
stats: size_sent 59332 375507
stats: connected 0 11
# stats: dump at 1669962621
stats: users 10 17
stats: {load,"tsung_controller@ip-172-31-58-34"} 1 0.0 0.0 0.0 0.0 0.0 14    
stats: {freemem,"tsung_controller@ip-172-31-58-34"} 1 670.40625 0.0 673.83984375 670.40625 672.1702008928571 14
stats: {cpu,"tsung_controller@ip-172-31-58-34"} 1 0.3501750875437719 0.0 0.400200100050025 0.05002501250625312 0.17717514229567774 14
stats: session 48 2605.171229166666 3280.741696441746 19963.601 35.032 3121.3195482456144 228
stats: users_count 47 286
stats: finish_users_count 48 276
stats: request 142 7.680908450704225 2.6319429788145876 254.713 3.803 10.850259206798864 706
stats: connect 47 1.2547021276595751 0.23262159162272542 7.523 1.021 1.425594142259414 239
stats: page 95 11.51291578947368 6.4827931450363 343.905 3.803 16.437955032119913 467
stats: 200 142 848
stats: size_rcv 5317 31743
stats: newphase 0 2
stats: size_sent 76058 451565
stats: connected -1 10
# stats: dump at 1669962631
stats: users 11 17
stats: {load,"tsung_controller@ip-172-31-58-34"} 1 0.0 0.0 0.0 0.0 0.0 15    
stats: {freemem,"tsung_controller@ip-172-31-58-34"} 1 669.1328125 0.0 673.83984375 669.1328125 672.0526041666667 15
stats: {cpu,"tsung_controller@ip-172-31-58-34"} 1 0.25075225677031093 0.0 0.400200100050025 0.05002501250625312 0.18870847197888402 15
stats: session 30 3557.814033333333 4029.0318711948607 19963.601 35.032 3031.554623188406 276
stats: users_count 31 317
stats: finish_users_count 30 306
stats: request 90 7.409755555555556 2.291261832417098 254.713 3.803 10.319542452830186 848
stats: connect 31 1.2476774193548388 0.09402209318156825 7.523 1.021 1.3975104895104895 286
stats: page 59 11.335915254237289 6.161127164892046 343.905 3.803 15.605430604982203 562
stats: 200 90 938
stats: size_rcv 3365 35108
stats: newphase 0 2
stats: size_sent 47549 499114
stats: connected 3 13
# stats: dump at 1669962641
stats: users 14 24
stats: {load,"tsung_controller@ip-172-31-58-34"} 1 0.0 0.0 0.0 0.0 0.0 16    
stats: {freemem,"tsung_controller@ip-172-31-58-34"} 1 670.94921875 0.0 673.83984375 669.1328125 671.8701171875 16
stats: {cpu,"tsung_controller@ip-172-31-58-34"} 1 0.35000000000000003 0.0 0.400200100050025 0.05002501250625312 0.1925862085283482 16
stats: session 43 3463.0494418604662 3460.815115614181 19963.601 35.032 3083.148683006536 306
stats: users_count 46 363
stats: finish_users_count 43 349
stats: request 136 8.578147058823525 3.8329990092412345 254.713 3.803 10.040351812366737 938
stats: connect 46 1.4448478260869562 0.6866615825987451 7.523 0.998 1.382858044164038 317
stats: page 90 12.99461111111111 8.599767710938405 343.905 3.803 15.199792270531399 621
stats: 200 136 1074
stats: size_rcv 5088 40196
stats: newphase 0 2
stats: size_sent 72364 571478
stats: connected 2 15
# stats: dump at 1669962651
stats: users 7 24
stats: {load,"tsung_controller@ip-172-31-58-34"} 1 0.0 0.0 0.0 0.0 0.0 17    
stats: {freemem,"tsung_controller@ip-172-31-58-34"} 1 667.33203125 0.0 673.83984375 667.33203125 671.8159466911765 17
stats: {cpu,"tsung_controller@ip-172-31-58-34"} 1 0.35052578868302453 0.0 0.400200100050025 0.05002501250625312 0.20184584332079833 17
stats: session 38 3526.043342105263 2801.2281966459327 19963.601 35.032 3129.955939828081 349
stats: users_count 31 394
stats: finish_users_count 38 387
stats: request 99 7.353505050505047 2.2015952910860044 254.713 3.803 9.855193668528862 1074
stats: connect 30 1.3231 0.38530873768101 7.523 0.998 1.3907134986225895 363 
stats: page 69 10.578507246376807 6.090051535021921 343.905 3.803 14.920655414908577 711
stats: 200 99 1173
stats: size_rcv 3717 43913
stats: newphase 0 2
stats: size_sent 54500 625978
stats: connected -9 6
# stats: dump at 1669962661
stats: users 24 25
stats: {load,"tsung_controller@ip-172-31-58-34"} 1 0.0 0.0 0.0 0.0 0.0 18    
stats: {freemem,"tsung_controller@ip-172-31-58-34"} 1 667.97265625 0.0 673.83984375 667.33203125 671.5668402777778 18
stats: {cpu,"tsung_controller@ip-172-31-58-34"} 1 0.25037556334501754 0.0 0.400200100050025 0.05002501250625312 0.21010584028536644 18
stats: session 52 1981.9805769230768 2107.121202225876 19963.601 35.032 3168.848242894057 387
stats: users_count 69 463
stats: finish_users_count 52 439
stats: request 190 9.974642105263158 6.47883249784012 254.713 3.803 9.644053708439895 1173
stats: connect 69 1.3780434782608693 0.4520984705737767 7.523 0.998 1.3855521628498728 393
stats: page 121 15.705033057851239 12.896277038488769 343.905 3.803 14.536542307692304 780
stats: 200 190 1363
stats: size_rcv 7084 50997
stats: newphase 1 3
stats: size_sent 98662 724640
stats: connected 17 23
# stats: dump at 1669962671
stats: users 19 29
stats: {load,"tsung_controller@ip-172-31-58-34"} 1 0.0 0.0 0.0 0.0 0.0 19    
stats: {freemem,"tsung_controller@ip-172-31-58-34"} 1 666.171875 0.0 673.83984375 666.171875 671.3776726973684 19
stats: {cpu,"tsung_controller@ip-172-31-58-34"} 1 0.2508780732563974 0.0 0.400200100050025 0.05002501250625312 0.2122252993937691 19
stats: session 76 3120.402881578948 2616.7470905784157 19963.601 35.032 3028.2625512528475 439
stats: users_count 71 534
stats: finish_users_count 76 515
stats: request 217 9.583423963133656 4.659811191066039 254.713 3.803 9.690137197358766 1363
stats: connect 71 1.6021126760563378 1.2410405056241642 8.901 0.996 1.384430735930736 462
stats: page 146 14.276308219178087 9.57102774971543 343.905 3.803 14.693465038845723 901
stats: 200 217 1580
stats: size_rcv 8132 59129
stats: newphase 0 3
stats: size_sent 116615 841255
stats: connected -4 19
# stats: dump at 1669962681
stats: users 22 34
stats: {load,"tsung_controller@ip-172-31-58-34"} 1 0.0 0.0 0.0 0.0 0.0 20    
stats: {freemem,"tsung_controller@ip-172-31-58-34"} 1 662.55078125 0.0 673.83984375 662.55078125 671.1173828125 20
stats: {cpu,"tsung_controller@ip-172-31-58-34"} 1 0.5513784461152882 0.0 0.5513784461152882 0.05002501250625312 0.21415793808690053 20
stats: session 78 3092.7169743589734 2969.04741980882 19963.601 35.032 3041.859959223301 515
stats: users_count 81 615
stats: finish_users_count 78 593
stats: request 243 7.896510288065838 2.6465472115377553 254.713 3.803 9.675481012658228 1580
stats: connect 82 1.385682926829268 0.6117636216161412 8.901 0.996 1.4134277673545965 533
stats: page 161 11.950509316770184 6.684467549762378 343.905 3.803 14.635294173829987 1047
stats: 200 243 1823
stats: size_rcv 9089 68218
stats: newphase 0 3
stats: size_sent 129242 970497
stats: connected 3 22
# stats: dump at 1669962691
stats: users 23 34
stats: {load,"tsung_controller@ip-172-31-58-34"} 1 0.0 0.0 0.0 0.0 0.0 21    
stats: {freemem,"tsung_controller@ip-172-31-58-34"} 1 660.5703125 0.0 673.83984375 660.5703125 670.7094494047619 21
stats: {cpu,"tsung_controller@ip-172-31-58-34"} 1 0.3510531594784353 0.0 0.5513784461152882 0.05002501250625312 0.23021605751682378 21
stats: session 81 2948.703308641974 2679.553283493736 19963.601 29.886 3048.5494148397975 593
stats: users_count 82 697
stats: finish_users_count 81 674
stats: request 245 7.964257142857144 2.897143622710521 254.713 3.803 9.43834997257268 1823
stats: connect 82 1.41109756097561 0.8171098026007559 8.901 0.981 1.4097284552845528 615
stats: page 163 12.0029754601227 6.846249544201825 343.905 3.803 14.277471026490064 1208
stats: 200 245 2068
stats: size_rcv 9169 77387
stats: newphase 0 3
stats: size_sent 130747 1101244
stats: connected 1 23
# stats: dump at 1669962701
stats: users 36 37
stats: {load,"tsung_controller@ip-172-31-58-34"} 1 0.0 0.0 0.0 0.0 0.0 22    
stats: {freemem,"tsung_controller@ip-172-31-58-34"} 1 662.61328125 0.0 673.83984375 660.5703125 670.2485795454545 22
stats: {cpu,"tsung_controller@ip-172-31-58-34"} 1 0.65 0.0 0.65 0.05002501250625312 0.23570865306053337 22
stats: session 65 3028.2296307692304 2633.3503006891874 19963.601 29.886 3036.550105341246 674
stats: users_count 78 775
stats: finish_users_count 65 739
stats: request 221 9.445619909502268 5.6253085216838095 254.713 3.803 9.263711315280462 2068
stats: connect 78 1.4841282051282048 0.9288174223582724 8.901 0.981 1.4098895265423241 697
stats: page 143 14.635160839160845 10.475833177573065 343.905 3.803 14.007053245805979 1371
stats: 200 221 2289
stats: size_rcv 8258 85645
stats: newphase 0 3
stats: size_sent 115993 1217237
stats: connected 13 36
# stats: dump at 1669962711
stats: users 29 41
stats: {load,"tsung_controller@ip-172-31-58-34"} 1 0.0 0.0 0.0 0.0 0.0 23    
stats: {freemem,"tsung_controller@ip-172-31-58-34"} 1 660.609375 0.0 673.83984375 660.5703125 669.9166100543479 23
stats: {cpu,"tsung_controller@ip-172-31-58-34"} 1 0.501002004008016 0.0 0.65 
0.05002501250625312 0.2537213203187711 23
stats: session 97 3325.9757835051573 3022.816150953857 19963.601 29.886 3035.818263870094 739
stats: users_count 90 865
stats: finish_users_count 97 836
stats: request 277 8.735574007220213 3.897097696223333 254.713 3.803 9.281274355613803 2289
stats: connect 90 1.4736333333333338 0.7712515867082546 8.901 0.981 1.4173612903225805 775
stats: page 187 12.969695187165774 8.08847301864816 343.905 3.803 14.066379128137385 1514
stats: 200 277 2566
stats: size_rcv 10382 96027
stats: newphase 0 3
stats: size_sent 149253 1366490
stats: connected -7 29
# stats: dump at 1669962721
stats: users 32 42
stats: {load,"tsung_controller@ip-172-31-58-34"} 1 0.0 0.0 0.0 0.0 0.0 24    
stats: {freemem,"tsung_controller@ip-172-31-58-34"} 1 659.25390625 0.0 673.83984375 659.25390625 669.5288085937501 24
stats: {cpu,"tsung_controller@ip-172-31-58-34"} 1 0.45158053186151526 0.0 0.65 0.05002501250625312 0.2640246821391563 24
stats: session 132 2628.4026590909093 2817.3191780691673 19963.601 29.886 3069.484866028708 836
stats: users_count 135 1000
stats: finish_users_count 132 968
stats: request 383 9.997415143603144 5.792582677502113 254.713 3.803 9.222365939204986 2566
stats: connect 131 1.4890381679389322 1.0636340945517058 10.867 0.981 1.423216184971098 865
stats: page 253 15.168415019762843 10.927224052781904 343.905 3.803 13.945814814814813 1701
stats: 200 383 2949
stats: size_rcv 14327 110354
stats: newphase 1 4
stats: size_sent 203848 1570338
stats: connected 8 37
# stats: dump at 1669962731
stats: users 49 49
stats: {load,"tsung_controller@ip-172-31-58-34"} 1 0.0 0.0 0.0 0.0 0.0 25    
stats: {freemem,"tsung_controller@ip-172-31-58-34"} 1 658.93359375 0.0 673.83984375 658.93359375 669.1178125000001 25
stats: {cpu,"tsung_controller@ip-172-31-58-34"} 1 0.8512769153730596 0.0 0.8512769153730596 0.05002501250625312 0.2715269161280507 25
stats: session 137 2790.7642189781013 2951.99850897619 19963.601 28.842 3009.3372923553716 968
stats: users_count 154 1154
stats: finish_users_count 137 1105
stats: request 429 12.337909090909102 9.641246872792536 254.713 3.803 9.323025093251948 2949
stats: connect 142 1.7505704225352108 1.4773622211105204 13.402 0.944 1.4318734939759035 996
stats: page 286 18.547762237762242 16.74972443629211 343.905 3.803 14.104114636642784 1954
stats: 200 429 3378
stats: size_rcv 16062 126416
stats: newphase 0 4
stats: size_sent 229070 1799408
stats: connected -1 36
# stats: dump at 1669962741
stats: users 56 64
stats: {load,"tsung_controller@ip-172-31-58-34"} 1 0.0 0.0 0.0 0.0 0.0 26    
stats: {freemem,"tsung_controller@ip-172-31-58-34"} 1 655.15625 0.0 673.83984375 655.15625 668.7261117788463 26
stats: {cpu,"tsung_controller@ip-172-31-58-34"} 1 0.9514271407110666 0.0 0.9514271407110666 0.05002501250625312 0.2938249930220895 26
stats: session 157 2796.873044585987 2382.849864097205 19963.601 28.842 2982.2381873303166 1105
stats: users_count 164 1318
stats: finish_users_count 157 1262
stats: request 502 9.071316733067745 3.4240031197158065 254.713 3.803 9.705910005920662 3378
stats: 200 502 3880
stats: size_rcv 18758 145174
stats: connect 173 1.4143526011560683 0.779940569439362 13.402 0.944 1.471640597539543 1138
stats: newphase 0 4
stats: size_sent 266225 2065633
stats: page 330 13.83607575757576 8.01668142122489 343.905 3.803 14.671473214285713 2240
stats: connected 15 51
# stats: dump at 1669962751
stats: users 52 64
stats: {load,"tsung_controller@ip-172-31-58-34"} 1 0.0 0.0 0.0 0.0 0.0 27    
stats: {freemem,"tsung_controller@ip-172-31-58-34"} 1 655.3515625 0.0 673.83984375 655.15625 668.2235243055557 27
stats: {cpu,"tsung_controller@ip-172-31-58-34"} 1 1.3013013013013013 0.0 1.3013013013013013 0.05002501250625312 0.3181806281216812 27
stats: session 169 3090.407278106509 2699.6348309737605 19963.601 28.842 2959.1777060221866 1262
stats: users_count 165 1483
stats: finish_users_count 169 1431
stats: connect 165 1.4912242424242423 0.8142519925005356 13.402 0.943 1.464080854309687 1311
stats: page 326 16.654509202453983 14.753319277293777 343.905 3.803 14.564204280155641 2570
stats: 200 492 4372
stats: request 492 11.005810975609764 8.184514473660267 254.713 3.803 9.623805412371135 3880
stats: size_rcv 18404 163578
stats: newphase 0 4
stats: size_sent 261613 2327246
stats: connected 5 56
# stats: dump at 1669962761
stats: users 41 68
stats: {load,"tsung_controller@ip-172-31-58-34"} 1 0.0 0.0 0.0 0.0 0.0 28    
stats: {freemem,"tsung_controller@ip-172-31-58-34"} 1 650.84375 0.0 673.83984375 650.84375 667.7638113839287 28
stats: {cpu,"tsung_controller@ip-172-31-58-34"} 1 1.2054244098442994 0.0 1.3013013013013013 0.05002501250625312 0.35329208073523904 28
stats: session 173 2933.0598901734106 2610.0770838446424 19963.601 28.842 2974.6758176100625 1431
stats: users_count 162 1645
stats: finish_users_count 173 1604
stats: request 502 8.988416334661359 4.171212350633305 254.713 3.478 9.779328453796891 4372
stats: 200 502 4874
stats: connect 161 1.480819875776398 0.9756516973982107 13.402 0.943 1.4671151761517611 1476
stats: page 341 13.279143695014662 8.59159219229513 343.905 3.478 14.799507941988951 2896
stats: size_rcv 18820 182398
stats: newphase 0 4
stats: size_sent 271415 2598661
stats: connected -19 37
# stats: dump at 1669962771
stats: users 47 68
stats: {load,"tsung_controller@ip-172-31-58-34"} 1 0.0 0.0 0.0 0.0 0.0 29    
stats: {freemem,"tsung_controller@ip-172-31-58-34"} 1 654.70703125 0.0 673.83984375 650.84375 667.1803609913794 29
stats: {cpu,"tsung_controller@ip-172-31-58-34"} 1 1.3032581453634084 0.0 1.3032581453634084 0.05002501250625312 0.3826759541527929 29
stats: session 134 3479.639164179105 3816.0404543428185 29987.656 28.842 2970.1873167082294 1604
stats: users_count 140 1785
stats: finish_users_count 134 1738
stats: request 417 9.398414868105496 5.427437571973409 254.713 3.457 9.69786807550267 4874
stats: connect 143 1.3990139860139854 0.5881890541660519 13.402 0.943 1.4684630421502747 1637
stats: page 274 14.33967518248176 9.791627617229606 343.905 3.457 14.639345999382144 3237
stats: 200 417 5291
stats: size_rcv 15599 197997
stats: newphase 0 4
stats: size_sent 221572 2820233
stats: connected 12 49
# stats: dump at 1669962781
stats: users 84 95
stats: {load,"tsung_controller@ip-172-31-58-34"} 1 0.0 0.0 0.0 0.0 0.0 30    
stats: {freemem,"tsung_controller@ip-172-31-58-34"} 1 652.890625 0.0 673.83984375 650.84375 666.7645833333335 30
stats: {cpu,"tsung_controller@ip-172-31-58-34"} 1 0.9045226130653266 0.0 1.3032581453634084 0.05002501250625312 0.4133620271931467 30
stats: session 252 2435.9544206349224 2221.5669210682713 29987.656 26.423 3009.466112773303 1738
stats: users_count 289 2074
stats: finish_users_count 252 1990
stats: request 813 10.17977367773679 7.969720417186165 254.713 3.457 9.674267246267249 5291
stats: connect 283 1.3786996466431092 0.7085192179652037 13.402 0.943 1.4628837078651682 1780
stats: page 530 15.659549056603769 13.35461878062775 343.905 3.457 14.615959555682144 3511
stats: 200 813 6104
stats: size_rcv 30351 228348
stats: newphase 1 5
stats: size_sent 427531 3247764
stats: connected 36 85
# stats: dump at 1669962791
stats: users 94 102
stats: {load,"tsung_controller@ip-172-31-58-34"} 1 0.0 0.0 0.0 0.0 0.0 31    
stats: {freemem,"tsung_controller@ip-172-31-58-34"} 1 635.84375 0.0 673.83984375 635.84375 666.3170362903227 31
stats: {cpu,"tsung_controller@ip-172-31-58-34"} 1 2.4463305042436345 0.0 2.4463305042436345 0.05002501250625312 0.4292059170599912 31
stats: session 310 2811.720687096774 2645.1362848913477 29987.656 26.423 2936.8405115577893 1990
stats: users_count 320 2394
stats: finish_users_count 310 2300
stats: request 943 10.814635206786857 7.979830501453726 254.713 3.457 9.741596330275232 6104
stats: connect 317 1.4515867507886442 0.8439013070115949 13.402 0.931 1.4513354338342217 2063
stats: page 626 16.330765175718856 13.846976893885891 343.905 3.457 14.752832219747589 4041
stats: 200 943 7047
stats: size_rcv 35268 263616
stats: newphase 0 5
stats: size_sent 502738 3750502
stats: connected 8 93
# stats: dump at 1669962801
stats: users 90 110
stats: {load,"tsung_controller@ip-172-31-58-34"} 1 0.0 0.0 0.0 0.0 0.0 32    
stats: {freemem,"tsung_controller@ip-172-31-58-34"} 1 636.31640625 0.0 673.83984375 635.84375 665.3647460937501 32
stats: {cpu,"tsung_controller@ip-172-31-58-34"} 1 2.209944751381215 0.0 2.4463305042436345 0.05002501250625312 0.49224106040948007 32
stats: session 313 2904.1591693290734 2890.789839864731 29987.656 26.423 2919.9765352173913 2300
stats: users_count 309 2703
stats: finish_users_count 313 2613
stats: connect 316 1.5199620253164539 0.9409275613845701 13.402 0.931 1.4513689075630252 2380
stats: page 625 22.143750399999984 29.97159010788885 343.905 3.407 14.964485536747379 4667
stats: 200 938 7985
stats: request 938 14.73254797441366 18.787194557333965 254.713 3.407 9.885185894706972 7047
stats: size_rcv 35088 298704
stats: newphase 0 5
stats: size_sent 501938 4252440
stats: connected 4 97
# stats: dump at 1669962811
stats: users 79 110
stats: {load,"tsung_controller@ip-172-31-58-34"} 1 0.0 0.0 0.0 0.0 0.0 33    
stats: {freemem,"tsung_controller@ip-172-31-58-34"} 1 646.578125 0.0 673.83984375 635.84375 664.4844933712122 33
stats: {cpu,"tsung_controller@ip-172-31-58-34"} 1 2.4217961654894045 0.0 2.4463305042436345 0.05002501250625312 0.5442926874086235 33
stats: session 304 3341.3846710526295 3240.2621769488123 29987.656 26.423 2918.0818411787222 2613
stats: users_count 293 2996
stats: finish_users_count 304 2917
stats: request 896 10.09644866071427 10.813611443889487 254.713 3.407 10.45460676268003 7985
stats: connect 290 1.324624137931035 0.5600455278015026 13.402 0.927 1.4594087537091986 2696
stats: page 603 15.04191210613599 16.731984070909128 343.905 3.407 15.812376795162509 5292
stats: 200 896 8881
stats: size_rcv 33559 332263
stats: newphase 0 5
stats: size_sent 481087 4733527
stats: connected -20 77
# stats: dump at 1669962821
stats: users 93 110
stats: {load,"tsung_controller@ip-172-31-58-34"} 1 0.0 0.0 0.0 0.0 0.0 34    
stats: {freemem,"tsung_controller@ip-172-31-58-34"} 1 643.62890625 0.0 673.83984375 635.84375 663.9578354779413 34
stats: {cpu,"tsung_controller@ip-172-31-58-34"} 1 2.751375687843922 0.0 2.751375687843922 0.05002501250625312 0.5995133779404112 34
stats: session 299 2644.6573043478234 2533.488621320046 29987.656 26.423 2962.197048680151 2917
stats: users_count 313 3309
stats: finish_users_count 299 3216
stats: request 914 11.278611597374192 9.858952047225586 254.713 3.407 10.418472356716588 8881
stats: connect 309 1.4739449838187713 0.8778495939479494 13.402 0.927 1.4463184862692564 2986
stats: page 605 17.07403801652894 16.637943574362755 343.905 3.407 15.733565903307888 5895
stats: 200 914 9795
stats: size_rcv 34176 366439
stats: newphase 0 5
stats: size_sent 486084 5219611
stats: connected 14 91
# stats: dump at 1669962831
stats: users 98 110
stats: {load,"tsung_controller@ip-172-31-58-34"} 1 0.0 0.0 0.0 0.0 0.0 35    
stats: {freemem,"tsung_controller@ip-172-31-58-34"} 1 639.9609375 0.0 673.83984375 635.84375 663.3770089285715 35
stats: {cpu,"tsung_controller@ip-172-31-58-34"} 1 2.1728145528044465 0.0 2.751375687843922 0.05002501250625312 0.6609951582233686 35
stats: session 312 2804.932288461533 2802.713943067225 29987.656 26.423 2932.674541355722 3216
stats: users_count 317 3626
stats: finish_users_count 312 3528
stats: request 962 11.337487525987529 11.5897267526007 254.713 3.407 10.498734456355287 9795
stats: connect 324 1.423540123456788 0.7425662303221174 13.402 0.851 1.4489092564491655 3295
stats: page 638 17.134620689655186 18.79737191446204 343.905 3.407 15.858332923076924 6500
stats: 200 962 10757
stats: size_rcv 35989 402428
stats: newphase 0 5
stats: size_sent 512640 5732251
stats: connected 9 100
# stats: dump at 1669962841
stats: users 205 207
stats: {load,"tsung_controller@ip-172-31-58-34"} 1 0.0 0.0 0.0 0.0 0.0 36    
stats: {freemem,"tsung_controller@ip-172-31-58-34"} 1 644.34375 0.0 673.83984375 635.84375 662.7265625000001 36
stats: {cpu,"tsung_controller@ip-172-31-58-34"} 1 2.0780537252914346 0.0 2.751375687843922 0.05002501250625312 0.7029901414061763 36
stats: session 461 2530.9338091106288 2383.9394404233335 29987.656 24.604 2921.3776074263037 3528
stats: users_count 568 4194
stats: finish_users_count 461 3989
stats: request 1576 11.468666878172593 12.637787459415499 254.713 3.407 10.573744259551923 10757
stats: connect 561 1.4576702317290557 1.1427079355689478 13.402 0.851 1.4466380215529149 3619
stats: page 1015 17.83482857142857 20.83237706114938 343.905 3.407 15.9724085177921 7138
stats: 200 1576 12333
stats: size_rcv 58820 461248
stats: newphase 1 6
stats: size_sent 825593 6557844
stats: connected 106 206
# stats: dump at 1669962851
stats: users 186 221
stats: {load,"tsung_controller@ip-172-31-58-34"} 1 0.0 0.0 0.0 0.0 0.0 37    
stats: {freemem,"tsung_controller@ip-172-31-58-34"} 1 608.66796875 0.0 673.83984375 608.66796875 662.2297297297298 37
stats: {cpu,"tsung_controller@ip-172-31-58-34"} 1 4.807692307692308 0.0 4.807692307692308 0.05002501250625312 0.7401540220517239 37
stats: session 668 3041.1813383233507 2740.9279540989614 29987.656 24.604 2876.2548721484077 3989
stats: users_count 649 4843
stats: finish_users_count 668 4657
stats: request 1978 16.52915824064715 15.236956884424504 254.713 3.407 10.688103948755376 12333
stats: page 1326 24.703287330316734 25.039433403806395 343.905 3.407 16.204268735434812 8153
stats: 200 1978 14311
stats: size_rcv 74017 535265
stats: connect 653 1.3733108728943355 0.7652673054824912 13.402 0.851 1.4481186602870812 4180
stats: newphase 0 6
stats: size_sent 1061654 7619498
stats: connected -21 185
# stats: dump at 1669962861
stats: users 176 221
stats: {load,"tsung_controller@ip-172-31-58-34"} 1 0.0703125 0.0 0.0703125 0.0 0.0 38
stats: {freemem,"tsung_controller@ip-172-31-58-34"} 1 603.9375 0.0 673.83984375 603.9375 660.8202097039475 38
stats: {cpu,"tsung_controller@ip-172-31-58-34"} 1 5.377980720446473 0.0 5.377980720446473 0.05002501250625312 0.8471945032527919 38
stats: session 609 3160.127292282432 2951.6211699843757 29987.656 24.604 2899.911921623362 4657
stats: users_count 599 5442
stats: finish_users_count 609 5266
stats: connect 597 1.5288894472361807 1.1761324538150948 13.402 0.851 1.4380111731843577 4833
stats: page 1200 19.005431666666684 13.476436800900453 343.905 3.407 17.393180926258044 9479
stats: 200 1797 16108
stats: request 1797 12.676531441291033 7.135938075923388 254.713 3.407 11.495427363566495 14311
stats: size_rcv 67266 602531
stats: newphase 0 6
stats: size_sent 961945 8581443
stats: connected -7 178
# stats: dump at 1669962871
stats: users 206 221
stats: {load,"tsung_controller@ip-172-31-58-34"} 1 0.05859375 0.0 0.0703125 0.0 0.0018028846153846155 39
stats: {freemem,"tsung_controller@ip-172-31-58-34"} 1 612.76953125 0.0 673.83984375 603.9375 659.3616786858976 39
stats: {cpu,"tsung_controller@ip-172-31-58-34"} 1 5.056179775280898 0.0 5.377980720446473 0.05002501250625312 0.9633685088218606 39
stats: session 618 3030.475797734633 2826.8587679043567 29987.656 24.604 2930.0051917964297 5266
stats: users_count 648 6090
stats: finish_users_count 618 5884
stats: request 1912 13.266777196652725 7.706123515255062 254.713 3.407 11.627190712689352 16108
stats: connect 644 1.3696987577639752 0.8625041538823421 13.402 0.851 1.4480027624309393 5430
stats: page 1268 20.06555835962142 14.133137512097894 343.905 3.407 17.574349658207698 10679
stats: 200 1912 18020
stats: size_rcv 71423 673954
stats: newphase 0 6
stats: size_sent 1016856 9598299
stats: connected 22 200
# stats: dump at 1669962881
stats: users 200 226
stats: {load,"tsung_controller@ip-172-31-58-34"} 1 0.05078125 0.0 0.0703125 0.0 0.00322265625 40
stats: {freemem,"tsung_controller@ip-172-31-58-34"} 1 602.84765625 0.0 673.83984375 602.84765625 658.1968750000001 40
stats: {cpu,"tsung_controller@ip-172-31-58-34"} 1 5.236400610066091 0.0 5.377980720446473 0.05002501250625312 1.0656887904833365 40
stats: session 654 3041.6102996941863 2957.0586253090596 29987.656 24.604 2940.5576789598913 5884
stats: users_count 648 6738
stats: finish_users_count 654 6538
stats: connect 654 1.5499954128440372 1.3854336457691185 20.528 0.851 1.439700526835693 6074
stats: page 1303 22.61177590176509 18.718596431141112 343.905 3.407 17.83875516866159 11947
stats: 200 1957 19977
stats: request 1957 15.072309146653042 10.454637122506648 254.713 3.407 11.801157935627087 18020
stats: size_rcv 73263 747217
stats: newphase 0 6
stats: size_sent 1046376 10644675
stats: connected 3 203
# stats: dump at 1669962891
stats: users 182 226
stats: {load,"tsung_controller@ip-172-31-58-34"} 1 0.0390625 0.0 0.0703125 0.0 0.004382621951219513 41
stats: {freemem,"tsung_controller@ip-172-31-58-34"} 1 588.5390625 0.0 673.83984375 588.5390625 656.8468940548781 41
stats: {cpu,"tsung_controller@ip-172-31-58-34"} 1 5.012787723785166 0.0 5.377980720446473 0.05002501250625312 1.167413469009745 41
stats: session 645 3174.57016899225 3078.850672929345 29987.656 24.604 2950.666032272866 6538
stats: users_count 627 7365
stats: finish_users_count 645 7183
stats: request 1911 12.388585034013609 11.8073664401588 254.713 3.314 12.121608599889878 19977
stats: connect 630 1.3822031746031742 1.2247501669395655 20.528 0.851 1.4504218192627825 6728
stats: page 1280 18.59129687499994 19.16904002913104 343.905 3.314 18.30813222641509 13250
stats: 200 1911 21888
stats: size_rcv 71501 818718
stats: newphase 0 6
stats: size_sent 1022588 11667263
stats: connected -18 185
# stats: dump at 1669962901
stats: users 12 226
stats: {load,"tsung_controller@ip-172-31-58-34"} 1 0.0390625 0.0 0.0703125 0.0 0.005208333333333334 42
stats: {freemem,"tsung_controller@ip-172-31-58-34"} 1 608.921875 0.0 673.83984375 588.5390625 655.2205171130953 42
stats: {cpu,"tsung_controller@ip-172-31-58-34"} 1 4.859335038363171 0.0 5.377980720446473 0.05002501250625312 1.2589699988853504 42
stats: session 287 4095.596390243899 3179.5073412968786 29987.656 24.604 2970.7715826256435 7183
stats: users_count 117 7482
stats: finish_users_count 287 7470
stats: request 546 8.259573260073259 3.7221539939291954 254.713 3.314 12.144917808845033 21888
stats: connect 124 1.243717741935485 0.6727742942291614 20.528 0.851 1.4445808643653166 7358
stats: page 422 10.727746445497635 7.199149546578676 343.905 3.314 18.333077219545757 14530
stats: 200 546 22434
stats: size_rcv 20687 839405
stats: newphase 0 6
stats: size_sent 321202 11988465
stats: connected -173 12
# stats: dump at 1669962911
stats: users 0 226
stats: {load,"tsung_controller@ip-172-31-58-34"} 1 0.03125 0.0 0.0703125 0.0 
0.005995639534883721 43
stats: {freemem,"tsung_controller@ip-172-31-58-34"} 1 664.578125 0.0 673.83984375 588.5390625 654.143804505814 43
stats: {cpu,"tsung_controller@ip-172-31-58-34"} 1 0.7045797684952189 0.0 5.377980720446473 0.05002501250625312 1.3426994184080905 43
stats: session 12 14195.491833333333 3973.264966894456 29987.656 24.604 3013.9877432396243 7470
stats: users_count 0 7482
stats: finish_users_count 12 7482
stats: connect 0 0 0 20.528 0.851 1.4412519379844961 7482
stats: 200 12 22446
stats: request 12 7.042416666666668 1.5327703382184246 254.713 3.314 12.0503560666845 22434
stats: size_rcv 470 839875
stats: newphase 0 6
stats: page 12 7.042416666666668 1.5327703382184246 343.905 3.314 18.11842703317281 14952
stats: size_sent 8486 11996951
stats: connected -12 0
# stats: dump at 1669962913
stats: users 0 226
stats: {load,"tsung_controller@ip-172-31-58-34"} 1 0.01953125 0.0 0.0703125 0.0 0.006569602272727273 44
stats: {freemem,"tsung_controller@ip-172-31-58-34"} 1 666.05859375 0.0 673.83984375 588.5390625 654.3809481534091 44
stats: {cpu,"tsung_controller@ip-172-31-58-34"} 1 0.09995002498750624 0.0 5.377980720446473 0.05002501250625312 1.3281966990918888 44
stats: session 0 0 0 29987.656 24.604 3031.9211900561336 7482
stats: users_count 0 7482
stats: finish_users_count 0 7482
stats: request 0 0 0 254.713 3.314 12.047678740087326 22446
stats: connect 0 0 0 20.528 0.851 1.4412519379844961 7482
stats: page 0 0 0 343.905 3.314 18.10954490777866 14964
stats: 200 0 22446
stats: size_rcv 0 839875
stats: newphase 0 6
stats: size_sent 0 11996951
stats: connected 0 0
EndMonitor:{1669,962913,962961}