# stats: dump at 1669969049
stats: users 9 9
stats: {freemem,"tsung_controller@ip-172-31-54-152"} 1 688.4765625 0 688.4765625 688.4765625 0 0
stats: {load,"tsung_controller@ip-172-31-54-152"} 1 0.0 0 0.0 0.0 0 0
stats: {cpu,"tsung_controller@ip-172-31-54-152"} 1 1.6234473043923676 0 1.6234473043923676 1.6234473043923676 0 0
stats: users_count 9 9
stats: finish_users_count 0 0
stats: size_sent 1035 1035
stats: connect 9 1.8490000000000006 1.4820976875886271 6.025 1.198 0 0
stats: connected 9 9
# stats: dump at 1669969059
stats: users 15 15
stats: {freemem,"tsung_controller@ip-172-31-54-152"} 1 689.3984375 0.0 689.3984375 688.4765625 688.4765625 1
stats: {load,"tsung_controller@ip-172-31-54-152"} 1 0.0 0.0 0.0 0.0 0.0 1
stats: {cpu,"tsung_controller@ip-172-31-54-152"} 1 0.24987506246876562 0.0 1.6234473043923676 0.24987506246876562 1.6234473043923676 1
stats: users_count 6 15
stats: finish_users_count 0 0
stats: request 4 5871.84775 3763.078840517653 10341.419 186.729 0 0
stats: connect 6 1.2971666666666668 0.10240510512447884 6.025 1.159 1.8490000000000006 9
stats: page 4 5871.84775 3763.078840517653 10341.419 186.729 0 0
stats: 200 3 3
stats: size_rcv 1421384 1421384
stats: size_sent 2734 3769
stats: connected 6 15
stats: 500 1 1
# stats: dump at 1669969069
stats: users 24 24
stats: {freemem,"tsung_controller@ip-172-31-54-152"} 1 688.57421875 0.0 689.3984375 688.4765625 688.9375 2
stats: {load,"tsung_controller@ip-172-31-54-152"} 1 0.0 0.0 0.0 0.0 0.0 2
stats: {cpu,"tsung_controller@ip-172-31-54-152"} 1 0.399002493765586 0.0 1.6234473043923676 0.24987506246876562 0.9366611834305666 2
stats: users_count 9 24
stats: finish_users_count 0 0
stats: 200 3 6
stats: request 10 9350.3174 5960.580591319393 19352.577 186.729 5871.84775 4
stats: size_rcv 2133785 3555169
stats: size_sent 3947 7716
stats: connect 9 1.8699999999999999 1.7148906022769432 6.717 1.159 1.6282666666666672 15
stats: connected 9 24
stats: 500 7 8
stats: page 10 9350.3174 5960.580591319393 19352.577 186.729 5871.84775 4
# stats: dump at 1669969079
stats: users 33 33
stats: {freemem,"tsung_controller@ip-172-31-54-152"} 1 687.4296875 0.0 689.3984375 687.4296875 688.81640625 3
stats: {load,"tsung_controller@ip-172-31-54-152"} 1 0.0 0.0 0.0 0.0 0.0 3
stats: {cpu,"tsung_controller@ip-172-31-54-152"} 1 0.35000000000000003 0.0 1.6234473043923676 0.24987506246876562 0.7574416202089064 3
stats: users_count 9 33
stats: finish_users_count 0 0
stats: request 23 7550.321913043477 6662.495625772131 29206.786 186.729 8356.468928571428 14
stats: connect 9 1.4602222222222223 0.20566681673564366 6.717 1.159 1.7189166666666669 24
stats: page 23 7550.321913043477 6662.495625772131 29206.786 186.729 8356.468928571428 14
stats: 200 2 8
stats: size_rcv 1426534 4981703
stats: size_sent 6677 14393
stats: connected 9 33
stats: 500 21 29
# stats: dump at 1669969089
stats: users 37 37
stats: {freemem,"tsung_controller@ip-172-31-54-152"} 1 685.828125 0.0 689.3984375 685.828125 688.4697265625 4
stats: {load,"tsung_controller@ip-172-31-54-152"} 1 0.0 0.0 0.0 0.0 0.0 4
stats: {cpu,"tsung_controller@ip-172-31-54-152"} 1 0.399002493765586 0.0 1.6234473043923676 0.24987506246876562 0.6555812151566798 4
stats: session 6 37319.73183333333 8181.753513145054 46582.46 23265.858 0 0
stats: users_count 10 43
stats: finish_users_count 6 6
stats: request 30 8780.358366666665 9128.012261165342 34810.292 186.729 7855.350513513513 37
stats: connect 8 1.27925 0.11005992685805306 6.717 1.159 1.6483636363636367 33
stats: page 30 8780.358366666665 9128.012261165342 34810.292 186.729 7855.350513513513 37
stats: 200 7 15
stats: size_rcv 2848456 7830159
stats: size_sent 9688 24081
stats: connected 2 35
stats: 500 23 52
# stats: dump at 1669969099
stats: users 44 44
stats: {freemem,"tsung_controller@ip-172-31-54-152"} 1 684.2421875 0.0 689.3984375 684.2421875 687.94140625 5
stats: {load,"tsung_controller@ip-172-31-54-152"} 1 0.0 0.0 0.0 0.0 0.0 5
stats: {cpu,"tsung_controller@ip-172-31-54-152"} 1 0.2001000500250125 0.0 1.6234473043923676 0.2001000500250125 0.604265470878461 5
stats: session 4 30362.034499999998 3184.0746804481905 46582.46 23265.858 37319.73183333333 6
stats: users_count 11 54
stats: finish_users_count 4 10
stats: request 44 7444.7712272727285 8943.945384892155 38932.602 186.729 8269.533134328358 67
stats: connect 13 1.541 0.4553911252133455 6.717 1.155 1.5763414634146344 41
stats: page 44 7444.7712272727285 8943.945384892155 38932.602 186.729 8269.533134328358 67
stats: 200 11 26
stats: size_rcv 2852411 10682570
stats: size_sent 11315 35396
stats: connected 9 44
stats: 500 33 85
# stats: dump at 1669969109
stats: users 52 52
stats: {freemem,"tsung_controller@ip-172-31-54-152"} 1 681.3203125 0.0 689.3984375 681.3203125 687.3248697916666 6
stats: {load,"tsung_controller@ip-172-31-54-152"} 1 0.0 0.0 0.0 0.0 0.0 6
stats: {cpu,"tsung_controller@ip-172-31-54-152"} 1 0.2997002997002997 0.0 1.6234473043923676 0.2001000500250125 0.5369045674028863 6
stats: session 12 37918.277583333336 12702.583241375285 61775.117 21541.797 34536.6529 10
stats: users_count 20 74
stats: finish_users_count 12 22
stats: request 49 6541.519122448978 5942.854559376831 38932.602 186.729 7942.600486486487 111
stats: connect 20 1.4874500000000004 0.5458689838230415 6.717 1.14 1.5678333333333336 54
stats: page 49 6541.519122448978 5942.854559376831 38932.602 186.729 7942.600486486487 111
stats: 200 4 30
stats: size_rcv 1483978 12166548
stats: newphase 1 1
stats: size_sent 14545 49941
stats: connected 8 52
stats: 500 45 130
# stats: dump at 1669969119
stats: users 56 57
stats: {freemem,"tsung_controller@ip-172-31-54-152"} 1 681.3125 0.0 689.3984375 681.3125 686.4670758928571 7
stats: {load,"tsung_controller@ip-172-31-54-152"} 1 0.0 0.0 0.0 0.0 0.0 7
stats: {cpu,"tsung_controller@ip-172-31-54-152"} 1 0.4987531172069825 0.0 1.6234473043923676 0.2001000500250125 0.5030182434453739 7
stats: session 11 36570.84163636364 15545.465796241999 61889.76 20738.12 36381.17545454545 22
stats: users_count 15 89
stats: finish_users_count 11 33
stats: request 53 7171.694018867922 7280.238772898256 39120.393 186.729 7513.51931875 160
stats: connect 15 1.7204666666666668 1.3007759154528586 6.717 1.14 1.5461081081081083 74
stats: page 53 7171.694018867922 7280.238772898256 39120.393 186.729 7513.51931875 160
stats: 200 9 39
stats: size_rcv 2144259 14310807
stats: newphase 0 1
stats: size_sent 14358 64299
stats: connected 4 56
stats: 500 44 174
# stats: dump at 1669969129
stats: users 63 64
stats: {freemem,"tsung_controller@ip-172-31-54-152"} 1 680.66015625 0.0 689.3984375 680.66015625 685.82275390625 8
stats: {load,"tsung_controller@ip-172-31-54-152"} 1 0.0 0.0 0.0 0.0 0.0 8
stats: {cpu,"tsung_controller@ip-172-31-54-152"} 1 0.499001996007984 0.0 1.6234473043923676 0.2001000500250125 0.502485102665575 8
stats: session 15 42009.347799999996 18173.41883893569 82574.675 20738.12 36444.39751515152 33
stats: users_count 22 111
stats: finish_users_count 15 48
stats: request 70 6876.4192142857155 6588.311034547667 41042.518 186.729 7428.464197183098 213
stats: connect 21 1.2649047619047618 0.10128456130268149 6.717 1.14 1.5754943820224718 89
stats: page 70 6876.4192142857155 6588.311034547667 41042.518 186.729 7428.464197183098 213
stats: 200 4 43
stats: size_rcv 2148627 16459434
stats: newphase 0 1
stats: size_sent 11087 75386
stats: connected 6 62
stats: 500 66 240
# stats: dump at 1669969139
stats: users 65 68
stats: {freemem,"tsung_controller@ip-172-31-54-152"} 1 682.3125 0.0 689.3984375 680.66015625 685.2491319444445 9
stats: {load,"tsung_controller@ip-172-31-54-152"} 1 0.0 0.0 0.0 0.0 0.0 9
stats: {cpu,"tsung_controller@ip-172-31-54-152"} 1 0.5489021956087825 0.0 1.6234473043923676 0.2001000500250125 0.5020980908147316 9
stats: session 16 36388.0870625 19451.47891145878 93424.77 20148.554 38183.44447916667 48
stats: users_count 18 129
stats: finish_users_count 16 64
stats: request 64 6311.186375000001 5677.283531136732 41042.518 186.729 7291.91596819788 283
stats: connect 18 1.459833333333333 0.5608153043164529 6.717 1.14 1.5161999999999998 110
stats: page 64 6311.186375000001 5677.283531136732 41042.518 186.729 7291.91596819788 283
stats: 200 7 50
stats: size_rcv 1436494 17895928
stats: newphase 0 1
stats: size_sent 12188 87574
stats: connected 2 64
stats: 500 57 297
# stats: dump at 1669969149
stats: users 73 76
stats: {freemem,"tsung_controller@ip-172-31-54-152"} 1 682.19140625 0.0 689.3984375 680.66015625 684.95546875 10
stats: {load,"tsung_controller@ip-172-31-54-152"} 1 0.0 0.0 0.0 0.0 0.0 10
stats: {cpu,"tsung_controller@ip-172-31-54-152"} 1 0.3498250874562719 0.0 1.6234473043923676 0.2001000500250125 0.5067785012941367 10
stats: session 14 39709.059571428574 16516.66345667472 93424.77 20148.554 37734.605125 64
stats: users_count 22 151
stats: finish_users_count 14 78
stats: request 80 7462.512162499998 7476.815402618943 41042.518 186.729 7111.032123919308 347
stats: connect 23 1.3886086956521735 0.2998966110440229 6.717 1.129 1.5082734374999998 128
stats: page 80 7462.512162499998 7476.815402618943 41042.518 186.729 7111.032123919308 347
stats: 200 10 60
stats: size_rcv 3571620 21467548
stats: newphase 0 1
stats: size_sent 14925 102499
stats: connected 9 73
stats: 500 70 367
# stats: dump at 1669969159
stats: users 76 78
stats: {freemem,"tsung_controller@ip-172-31-54-152"} 1 681.72265625 0.0 689.3984375 680.66015625 684.7041903409091 11
stats: {load,"tsung_controller@ip-172-31-54-152"} 1 0.0 0.0 0.0 0.0 0.0 11
stats: {cpu,"tsung_controller@ip-172-31-54-152"} 1 0.5489021956087825 0.0 1.6234473043923676 0.2001000500250125 0.49251000912705806 11
stats: session 20 30645.966000000008 6127.8032698770785 93424.77 20148.554 38088.994384615384 78
stats: users_count 23 174
stats: finish_users_count 20 98
stats: request 78 6387.531525641028 5164.339196638817 41042.518 186.729 7176.8831850117085 427
stats: connect 22 1.2445000000000004 0.06688779614195159 6.717 1.129 1.4900463576158938 151
stats: page 78 6387.531525641028 5164.339196638817 41042.518 186.729 7176.8831850117085 427
stats: 200 7 67
stats: size_rcv 1440101 22907649
stats: newphase 0 1
stats: size_sent 14219 116718
stats: connected 2 75
stats: 500 71 438
# stats: dump at 1669969169
stats: users 94 95
stats: {freemem,"tsung_controller@ip-172-31-54-152"} 1 680.921875 0.0 689.3984375 680.66015625 684.4557291666666 12
stats: {load,"tsung_controller@ip-172-31-54-152"} 1 0.0 0.0 0.0 0.0 0.0 12
stats: {cpu,"tsung_controller@ip-172-31-54-152"} 1 0.647410358565737 0.0 1.6234473043923676 0.2001000500250125 0.49720935800053506 12
stats: session 17 30350.470235294113 6005.202529679005 93424.77 20148.554 36570.009000000005 98
stats: users_count 35 209
stats: finish_users_count 17 115
stats: request 77 6288.158714285718 5082.280854071181 41042.518 186.729 7054.963522772277 505
stats: connect 36 1.297638888888889 0.23874709454634419 6.717 1.116 1.4588208092485548 173
stats: page 77 6288.158714285718 5082.280854071181 41042.518 186.729 7054.963522772277 505
stats: 200 4 71
stats: size_rcv 1490758 24398407
stats: newphase 1 2
stats: size_sent 16935 133653
stats: connected 20 95
stats: 500 73 511
# stats: dump at 1669969179
stats: users 119 119
stats: {freemem,"tsung_controller@ip-172-31-54-152"} 1 680.1640625 0.0 689.3984375 680.1640625 684.1838942307693 13
stats: {load,"tsung_controller@ip-172-31-54-152"} 1 0.0 0.0 0.0 0.0 0.0 13
stats: {cpu,"tsung_controller@ip-172-31-54-152"} 1 0.6483790523690772 0.0 1.6234473043923676 0.2001000500250125 0.5087632811209353 13
stats: session 20 35858.86525 12054.940241425791 93424.77 20148.554 35650.59892173913 115
stats: users_count 45 254
stats: finish_users_count 20 135
stats: request 100 7693.3645400000005 5526.605494552721 41042.518 186.729 6953.513402061856 582
stats: connect 45 1.3633555555555557 0.6616118753319404 6.717 1.111 1.4310574162679426 209
stats: page 100 7693.3645400000005 5526.605494552721 41042.518 186.729 6953.513402061856 582
stats: 200 5 76
stats: size_rcv 2206806 26605213
stats: newphase 0 2
stats: size_sent 18320 151973
stats: connected 24 119
stats: 500 95 606
# stats: dump at 1669969189
stats: users 148 148
stats: {freemem,"tsung_controller@ip-172-31-54-152"} 1 678.17578125 0.0 689.3984375 678.17578125 683.8967633928571 14
stats: {load,"tsung_controller@ip-172-31-54-152"} 1 0.0 0.0 0.0 0.0 0.0 14
stats: {cpu,"tsung_controller@ip-172-31-54-152"} 1 0.9945300845350571 0.0 1.6234473043923676 0.2001000500250125 0.5187358362100883 14
stats: session 16 45007.57581249999 15850.760719928454 93424.77 20148.554 35681.45319259259 135
stats: users_count 45 299
stats: finish_users_count 16 151
stats: request 100 9430.00978000001 5874.024714998361 41042.518 186.729 7061.995973607039 682
stats: connect 45 1.4306444444444446 0.8062786713056902 6.717 1.041 1.4190629921259843 254
stats: page 100 9430.00978000001 5874.024714998361 41042.518 186.729 7061.995973607039 682
stats: 200 9 85
stats: size_rcv 2917373 29522586
stats: newphase 0 2
stats: size_sent 19169 171142
stats: connected 29 148
stats: 500 91 697
# stats: dump at 1669969199
stats: users 173 173
stats: {freemem,"tsung_controller@ip-172-31-54-152"} 1 675.57421875 0.0 689.3984375 675.57421875 683.5153645833333 15
stats: {load,"tsung_controller@ip-172-31-54-152"} 1 0.0 0.0 0.0 0.0 0.0 15
stats: {cpu,"tsung_controller@ip-172-31-54-152"} 1 0.9950248756218906 0.0 1.6234473043923676 0.2001000500250125 0.5504554527650863 15
stats: session 13 51609.219461538465 19870.401476625128 93914.891 20148.554 36669.651615894036 151
stats: users_count 38 337
stats: finish_users_count 13 164
stats: request 102 10636.407941176472 4218.6260792035 41165.623 186.729 7364.811038363174 782
stats: connect 37 1.3176216216216219 0.25768631164301525 6.717 0.994 1.4208060200668897 299
stats: page 102 10636.407941176472 4218.6260792035 41165.623 186.729 7364.811038363174 782
stats: 200 3 88
stats: size_rcv 1446981 30969567
stats: newphase 0 2
stats: size_sent 16448 187590
stats: connected 24 172
stats: 500 99 796
# stats: dump at 1669969209
stats: users 202 202
stats: {freemem,"tsung_controller@ip-172-31-54-152"} 1 674.3828125 0.0 689.3984375 674.3828125 683.01904296875 16
stats: {load,"tsung_controller@ip-172-31-54-152"} 1 0.0 0.0 0.0 0.0 0.0 16
stats: {cpu,"tsung_controller@ip-172-31-54-152"} 1 0.8461921353907417 0.0 1.6234473043923676 0.2001000500250125 0.5782410416936365 16
stats: session 14 41602.32678571429 3850.5208675822414 93914.891 20148.554 37853.88565243902 164
stats: users_count 43 380
stats: finish_users_count 14 178
stats: 200 9 97
stats: request 101 12668.338613861388 4530.452654330619 41165.623 186.729 7742.302988687785 884
stats: size_rcv 2206837 33176404
stats: newphase 0 2
stats: connect 44 1.8169772727272728 2.1887429091171815 14.494 0.994 1.4094434523809525 336
stats: size_sent 22728 210318
stats: connected 30 202
stats: page 101 12668.338613861388 4530.452654330619 41165.623 186.729 7742.302988687785 884
stats: 500 92 888
# stats: dump at 1669969219
stats: users 217 217
stats: {freemem,"tsung_controller@ip-172-31-54-152"} 1 673.67578125 0.0 689.3984375 673.67578125 682.5110294117648 17
stats: {load,"tsung_controller@ip-172-31-54-152"} 1 0.0 0.0 0.0 0.0 0.0 17
stats: {cpu,"tsung_controller@ip-172-31-54-152"} 1 1.188118811881188 0.0 1.6234473043923676 0.2001000500250125 0.5940028707346428 17
stats: session 19 51734.82563157896 13027.236746707658 99616.765 20148.554 38148.70686516854 178
stats: users_count 34 414
stats: finish_users_count 19 197
stats: request 111 12576.082324324323 7086.516125357303 41215.255 0.778 8247.409179695434 985
stats: connect 34 1.3014705882352942 0.23205364938688558 14.494 0.994 1.4566315789473683 380
stats: page 111 12576.082324324323 7086.516125357303 41215.255 0.778 8247.409179695434 985
stats: 200 3 100
stats: size_rcv 2160282 35336686
stats: newphase 0 2
stats: 502 18 18
stats: size_sent 17949 228267
stats: connected 15 217
stats: 500 90 978
# stats: dump at 1669969229
stats: users 251 252
stats: {freemem,"tsung_controller@ip-172-31-54-152"} 1 670.95703125 0.0 689.3984375 670.95703125 682.0201822916666 18
stats: {load,"tsung_controller@ip-172-31-54-152"} 1 0.0 0.0 0.0 0.0 0.0 18
stats: {cpu,"tsung_controller@ip-172-31-54-152"} 1 0.8964143426294822 0.0 1.6234473043923676 0.2001000500250125 0.6270093119094509 18
stats: session 34 48712.8946764706 12578.585387544186 99616.765 1995.718 39459.043192893405 197
stats: users_count 68 482
stats: finish_users_count 34 231
stats: request 186 9909.23016666667 9308.235107938148 43590.212 0.736 8685.805821167887 1096
stats: connect 68 1.8191911764705877 2.876636548314475 24.904 0.994 1.4438888888888888 414
stats: page 186 9909.23016666667 9308.235107938148 43590.212 0.736 8685.805821167887 1096
stats: 200 9 109
stats: size_rcv 2182516 37519202
stats: newphase 1 3
stats: 502 81 99
stats: size_sent 27861 256128
stats: connected 35 252
stats: 500 96 1074
# stats: dump at 1669969239
stats: users 255 258
stats: {freemem,"tsung_controller@ip-172-31-54-152"} 1 666.671875 0.0 689.3984375 666.671875 681.4379111842105 19
stats: {load,"tsung_controller@ip-172-31-54-152"} 1 0.0 0.0 0.0 0.0 0.0 19
stats: {cpu,"tsung_controller@ip-172-31-54-152"} 1 1.533894111825829 0.0 1.6234473043923676 0.2001000500250125 0.6411885240526104 19
stats: session 68 39729.99697058825 19974.631563592626 99616.765 1995.718 40821.081939393946 231
stats: users_count 72 554
stats: finish_users_count 68 299
stats: request 290 6266.201789655166 9200.597083814948 46491.305 0.716 8863.307325273014 1282
stats: connect 71 1.326605633802817 0.37127695440152053 24.904 0.994 1.496836099585062 482
stats: page 290 6266.201789655166 9200.597083814948 46491.305 0.716 8863.307325273014 1282
stats: 200 9 118
stats: size_rcv 2266490 39785692
stats: newphase 0 3
stats: 502 192 291
stats: size_sent 41152 297280
stats: connected 4 256
stats: 500 89 1163
# stats: dump at 1669969249
stats: users 272 275
stats: {freemem,"tsung_controller@ip-172-31-54-152"} 1 660.3671875 0.0 689.3984375 660.3671875 680.699609375 20
stats: {load,"tsung_controller@ip-172-31-54-152"} 1 0.0 0.0 0.0 0.0 0.0 20
stats: {cpu,"tsung_controller@ip-172-31-54-152"} 1 1.6848364717542121 0.0 1.6848364717542121 0.2001000500250125 0.6858238034412713 20
stats: session 70 38538.77094285715 20780.27097250977 99616.765 1995.718 40572.94221404683 299
stats: users_count 87 641
stats: finish_users_count 70 369
stats: request 334 5395.811152694608 8846.256219801864 46610.508 0.716 8384.197525445294 1572
stats: connect 88 1.4169204545454548 0.611105931554924 24.904 0.994 1.4749801084990957 553
stats: page 334 5395.811152694608 8846.256219801864 46610.508 0.716 8384.197525445294 1572
stats: 200 6 124
stats: size_rcv 2230362 42016054
stats: newphase 0 3
stats: 502 237 528
stats: size_sent 45553 342833
stats: connected 16 272
stats: 500 91 1254
# stats: dump at 1669969259
stats: users 261 284
stats: {freemem,"tsung_controller@ip-172-31-54-152"} 1 657.36328125 0.0 689.3984375 657.36328125 679.7313988095239 21
stats: {load,"tsung_controller@ip-172-31-54-152"} 1 0.0 0.0 0.0 0.0 0.0 21
stats: {cpu,"tsung_controller@ip-172-31-54-152"} 1 1.880257298367145 0.0 1.880257298367145 0.2001000500250125 0.733395835265697 21
stats: session 106 34563.636339622644 24347.720272335024 114398.621 1632.428 40187.056065040655 369
stats: users_count 95 736
stats: finish_users_count 106 475
stats: request 396 4935.658547979792 8818.576618527064 51119.457 0.7 7860.52436253935 1906
stats: connect 94 1.5265000000000009 1.2912599137639247 24.904 0.994 1.4670093603744148 641
stats: page 396 4935.658547979792 8818.576618527064 51119.457 0.7 7860.52436253935 1906
stats: 200 4 128
stats: size_rcv 2248694 44264748
stats: newphase 0 3
stats: 502 294 822
stats: size_sent 52508 395341
stats: connected -12 260
stats: 500 98 1352
# stats: dump at 1669969269
stats: users 246 284
stats: {freemem,"tsung_controller@ip-172-31-54-152"} 1 656.4609375 0.0 689.3984375 656.4609375 678.7146661931819 22
stats: {load,"tsung_controller@ip-172-31-54-152"} 1 0.0 0.0 0.0 0.0 0.0 22
stats: {cpu,"tsung_controller@ip-172-31-54-152"} 1 2.315270935960591 0.0 2.315270935960591 0.2001000500250125 0.7855259017703083 22
stats: session 70 31010.649628571435 19727.729284904213 114398.621 1632.428 38932.145557894735 475
stats: users_count 55 791
stats: finish_users_count 70 545
stats: request 272 6794.242154411762 9432.455356661676 51868.156 0.7 7357.376290182449 2302
stats: connect 54 1.3187222222222224 0.23981176388735706 24.904 0.994 1.4746176870748298 735
stats: page 272 6794.242154411762 9432.455356661676 51868.156 0.7 7357.376290182449 2302
stats: 200 1 129
stats: size_rcv 790024 45054772
stats: newphase 0 3
stats: 502 176 998
stats: size_sent 33947 429288
stats: connected -16 244
stats: 500 95 1447
# stats: dump at 1669969279
stats: users 264 284
stats: {freemem,"tsung_controller@ip-172-31-54-152"} 1 660.30078125 0.0 689.3984375 656.4609375 677.7471127717392 23
stats: {load,"tsung_controller@ip-172-31-54-152"} 1 0.0 0.0 0.0 0.0 0.0 23
stats: {cpu,"tsung_controller@ip-172-31-54-152"} 1 1.2922465208747516 0.0 2.315270935960591 0.2001000500250125 0.8520365554307554 23
stats: session 77 35589.04876623376 19548.257081554075 114398.621 1632.428 37914.70571376147 545
stats: users_count 95 886
stats: finish_users_count 77 622
stats: request 331 5995.870126888215 10284.499158005388 51868.156 0.692 7297.86872027972 2574
stats: connect 97 1.4745257731958763 0.7906320855471064 24.904 0.994 1.4639480354879593 789
stats: page 331 5995.870126888215 10284.499158005388 51868.156 0.692 7297.86872027972 2574
stats: 200 9 138
stats: size_rcv 3650052 48704824
stats: newphase 0 3
stats: 502 238 1236
stats: size_sent 44124 473412
stats: connected 20 264
stats: 500 84 1531
# stats: dump at 1669969289
stats: users 304 306
stats: {freemem,"tsung_controller@ip-172-31-54-152"} 1 660.1171875 0.0 689.3984375 656.4609375 677.0201822916667 24
stats: {load,"tsung_controller@ip-172-31-54-152"} 1 0.0 0.0 0.0 0.0 0.0 24
stats: {cpu,"tsung_controller@ip-172-31-54-152"} 1 1.9287833827893175 0.0 2.315270935960591 0.2001000500250125 0.8703786373242552 24
stats: session 100 28099.112929999996 20186.355619165006 114398.621 1632.428 37626.802844051446 622
stats: users_count 140 1026
stats: finish_users_count 100 722
stats: request 423 4659.782732860519 8810.384040259894 54675.895 0.692 7149.517073321858 2905
stats: connect 135 1.3538518518518516 0.6952696201609795 24.904 0.976 1.4651060948081263 886
stats: page 423 4659.782732860519 8810.384040259894 54675.895 0.692 7149.517073321858 2905
stats: 200 5 143
stats: size_rcv 2308375 51013199
stats: newphase 1 4
stats: 502 322 1558
stats: size_sent 52247 525659
stats: connected 42 306
stats: 500 96 1627
# stats: dump at 1669969299
stats: users 332 336
stats: {freemem,"tsung_controller@ip-172-31-54-152"} 1 660.12890625 0.0 689.3984375 656.4609375 676.3440625 25
stats: {load,"tsung_controller@ip-172-31-54-152"} 1 0.0 0.0 0.0 0.0 0.0 25
stats: {cpu,"tsung_controller@ip-172-31-54-152"} 1 2.701375245579568 0.0 2.701375245579568 0.2001000500250125 0.9127148271428577 25
stats: session 122 25713.726770491787 20931.193028251673 114398.621 1632.428 36307.17820221607 722
stats: users_count 150 1176
stats: finish_users_count 122 844
stats: request 553 3089.2280397829986 6986.523074303265 54675.895 0.675 6833.0634597355765 3328
stats: connect 149 1.3488926174496654 0.5868036857844334 24.904 0.976 1.4503956904995101 1021
stats: page 553 3089.2280397829986 6986.523074303265 54675.895 0.675 6833.0634597355765 3328
stats: 200 5 148
stats: size_rcv 928891 51942090
stats: newphase 0 4
stats: 502 459 2017
stats: size_sent 70284 595943
stats: connected 29 335
stats: 500 89 1716
# stats: dump at 1669969309
stats: users 336 342
stats: {freemem,"tsung_controller@ip-172-31-54-152"} 1 658.45703125 0.0 689.3984375 656.4609375 675.7204026442307 26
stats: {load,"tsung_controller@ip-172-31-54-152"} 1 0.0 0.0 0.0 0.0 0.0 26
stats: {cpu,"tsung_controller@ip-172-31-54-152"} 1 2.649656526005888 0.0 2.701375245579568 0.2001000500250125 0.9815094586211927 26
stats: session 155 21192.681741935485 18178.886400055184 114398.621 1392.955 34775.89730805687 844
stats: users_count 159 1335
stats: finish_users_count 155 999
stats: page 658 2998.554221884497 7703.685527192766 54675.895 0.675 6299.607910332388 3881
stats: 200 6 154
stats: size_rcv 3093101 55035191
stats: request 658 2998.554221884497 7703.685527192766 54675.895 0.675 6299.607910332388 3881
stats: newphase 0 4
stats: 502 562 2579
stats: size_sent 81768 677711
stats: connect 157 1.3164585987261144 0.41388040197554365 24.904 0.946 1.4374692307692307 1170
stats: connected -1 334
stats: 500 90 1806
# stats: dump at 1669969319
stats: users 364 378
stats: {freemem,"tsung_controller@ip-172-31-54-152"} 1 657.59375 0.0 689.3984375 656.4609375 675.0810185185185 27
stats: {load,"tsung_controller@ip-172-31-54-152"} 1 0.0 0.0 0.0 0.0 0.0 27
stats: {cpu,"tsung_controller@ip-172-31-54-152"} 1 3.522504892367906 0.0 3.522504892367906 0.2001000500250125 1.0432926833391443 27
stats: session 177 21108.219807909598 18158.424146093083 114398.621 1179.624 32668.391389389384 999
stats: users_count 205 1540
stats: finish_users_count 177 1176
stats: request 741 2533.4464385964898 7040.293984366731 55500.306 0.675 5821.067851509142 4539
stats: connect 204 1.412196078431371 1.0231892857601788 24.904 0.946 1.4231522230595328 1327
stats: page 741 2533.4464385964898 7040.293984366731 55500.306 0.675 5821.067851509142 4539
stats: 200 4 158
stats: size_rcv 2357723 57392914
stats: newphase 0 4
stats: 502 648 3227
stats: size_sent 90562 768273
stats: connected 36 370
stats: 500 89 1895
# stats: dump at 1669969329
stats: users 338 378
stats: {freemem,"tsung_controller@ip-172-31-54-152"} 1 656.9765625 0.0 689.3984375 656.4609375 674.4564732142857 28
stats: {load,"tsung_controller@ip-172-31-54-152"} 1 0.0 0.0 0.0 0.0 0.0 28
stats: {cpu,"tsung_controller@ip-172-31-54-152"} 1 3.896736483195324 0.0 3.896736483195324 0.2001000500250125 1.131835976518743 28
stats: session 177 18970.795813559318 14936.34596930019 114398.621 1179.624 30928.46760544217 1176
stats: users_count 151 1691
stats: finish_users_count 177 1353
stats: connect 153 1.3769999999999987 0.4164367051687023 24.904 0.946 1.4216923579359895 1531
stats: page 700 2798.2104828571373 6946.233414812937 55500.306 0.675 5359.680073674242 5280
stats: request 700 2798.2104828571373 6946.233414812937 55500.306 0.675 5359.680073674242 5280
stats: 200 3 161
stats: size_rcv 1634115 59027029
stats: newphase 0 4
stats: 502 596 3823
stats: size_sent 84665 852938
stats: connected -33 337
stats: 500 101 1996
# stats: dump at 1669969339
stats: users 325 378
stats: {freemem,"tsung_controller@ip-172-31-54-152"} 1 656.0078125 0.0 689.3984375 656.0078125 673.8537176724138 29
stats: {load,"tsung_controller@ip-172-31-54-152"} 1 0.0 0.0 0.0 0.0 0.0 29
stats: {cpu,"tsung_controller@ip-172-31-54-152"} 1 5.491329479768786 0.0 5.491329479768786 0.2001000500250125 1.2271773733006939 29
stats: session 157 23766.24624840764 17703.741994503293 114398.621 1179.624 29364.16020916481 1353
stats: users_count 144 1835
stats: finish_users_count 157 1510
stats: page 582 3348.434156357389 7680.98504735144 55500.306 0.675 5059.842496153845 5980
stats: 200 4 165
stats: request 582 3348.434156357389 7680.98504735144 55500.306 0.675 5059.842496153845 5980
stats: connect 143 1.5784685314685312 0.9341168732689799 24.904 0.946 1.417631828978622 1684
stats: size_rcv 2307479 61334508
stats: newphase 0 4
stats: 502 481 4304
stats: size_sent 70763 923701
stats: connected -12 325
stats: 500 97 2093
# stats: dump at 1669969349
stats: users 435 442
stats: {freemem,"tsung_controller@ip-172-31-54-152"} 1 655.15234375 0.0 689.3984375 655.15234375 673.2588541666667 30
stats: {load,"tsung_controller@ip-172-31-54-152"} 1 0.0 0.0 0.0 0.0 0.0 30
stats: {cpu,"tsung_controller@ip-172-31-54-152"} 1 4.888673765730881 0.0 5.491329479768786 0.2001000500250125 1.3693157768496305 30
stats: session 190 18537.64521052632 15183.882632240147 114398.621 656.11 28782.125446357608 1510
stats: users_count 300 2135
stats: finish_users_count 190 1700
stats: request 978 2091.231406952964 6397.34819779747 55500.306 0.669 4908.05346022554 6562
stats: connect 302 1.4564635761589417 0.7503851573924507 24.904 0.943 1.4302205801860972 1827
stats: page 978 2091.231406952964 6397.34819779747 55500.306 0.669 4908.05346022554 6562
stats: 200 9 174
stats: size_rcv 3141306 64475814
stats: newphase 1 5
stats: 502 873 5177
stats: size_sent 122787 1046488
stats: connected 113 438
stats: 500 96 2189
# stats: dump at 1669969359
stats: users 462 490
stats: {freemem,"tsung_controller@ip-172-31-54-152"} 1 654.33984375 0.0 689.3984375 654.33984375 672.6747731854839 31
stats: {load,"tsung_controller@ip-172-31-54-152"} 1 0.0 0.0 0.0 0.0 0.0 31
stats: {cpu,"tsung_controller@ip-172-31-54-152"} 1 5.703238279362011 0.0 5.703238279362011 0.2001000500250125 1.4828434539103157 31
stats: session 304 15728.505444078935 13778.435606635876 114398.621 564.667 27637.15412588235 1700
stats: users_count 331 2466
stats: finish_users_count 304 2004
stats: request 1246 1514.6254871589085 5244.895141392539 55500.306 0.653 4542.6884777188325 7540
stats: page 1246 1514.6254871589085 5244.895141392539 55500.306 0.653 4542.6884777188325 7540
stats: 200 9 183
stats: size_rcv 1856105 66331919
stats: newphase 0 5
stats: 502 1143 6320
stats: size_sent 150298 1196786
stats: connected 19 457
stats: 500 94 2283
stats: connect 325 1.3738923076923084 1.0814794528163285 24.904 0.943 1.4339431658055424 2129
# stats: dump at 1669969369
stats: users 505 507
stats: {freemem,"tsung_controller@ip-172-31-54-152"} 1 641.2734375 0.0 689.3984375 641.2734375 672.101806640625 32
stats: {load,"tsung_controller@ip-172-31-54-152"} 1 0.23046875 0.0 0.23046875 0.0 0.0 32
stats: {cpu,"tsung_controller@ip-172-31-54-152"} 1 7.670319199618866 0.0 7.670319199618866 0.2001000500250125 1.6147307922056813 32
stats: session 308 14227.966905844165 13348.454071272145 114398.621 564.667 25830.65252944111 2004
stats: users_count 351 2817
stats: finish_users_count 308 2312
stats: request 1309 1452.4861520244476 5370.891274311969 55500.306 0.653 4113.25910300478 8786
stats: connect 351 1.5296752136752125 0.9991173925167713 24.904 0.943 1.4259902200488999 2454
stats: page 1309 1452.4861520244476 5370.891274311969 55500.306 0.653 4113.25910300478 8786
stats: 200 6 189
stats: size_rcv 2535591 68867510
stats: newphase 0 5
stats: 502 1212 7532
stats: size_sent 157103 1353889
stats: connected 46 503
stats: 500 91 2374
# stats: dump at 1669969379
stats: users 484 532
stats: {freemem,"tsung_controller@ip-172-31-54-152"} 1 641.4375 0.0 689.3984375 641.2734375 671.1676136363636 33
stats: {load,"tsung_controller@ip-172-31-54-152"} 1 0.19140625 0.0 0.23046875 0.0 0.006983901515151515 33
stats: {cpu,"tsung_controller@ip-172-31-54-152"} 1 7.6923076923076925 0.0 7.6923076923076925 0.2001000500250125 1.798233471218202 33
stats: session 341 14540.282956011744 11875.595833773883 114398.621 564.667 24284.966036332175 2312
stats: users_count 320 3137
stats: finish_users_count 341 2653
stats: request 1349 1418.178226093406 5454.821164941622 57572.03 0.653 3768.241590094106 10095
stats: connect 327 1.4579235474006111 0.6848253758282049 24.904 0.943 1.438964705882353 2805
stats: page 1349 1418.178226093406 5454.821164941622 57572.03 0.653 3768.241590094106 10095
stats: 200 5 194
stats: size_rcv 2548813 71416323
stats: newphase 0 5
stats: 502 1256 8788
stats: size_sent 161176 1515065
stats: connected -12 491
stats: 500 88 2462
# stats: dump at 1669969389
stats: users 464 532
stats: {freemem,"tsung_controller@ip-172-31-54-152"} 1 638.7421875 0.0 689.3984375 638.7421875 670.2931985294117 34
stats: {load,"tsung_controller@ip-172-31-54-152"} 1 0.16015625 0.0 0.23046875 0.0 0.012408088235294117 34
stats: {cpu,"tsung_controller@ip-172-31-54-152"} 1 8.015267175572518 0.0 8.015267175572518 0.2001000500250125 1.9715885953678927 34
stats: session 313 15897.6870830671 11553.850787772568 114398.621 564.667 23032.445519788915 2653
stats: users_count 293 3430
stats: finish_users_count 313 2966
stats: request 1233 1574.7533860502838 5432.555731302982 57572.03 0.653 3491.219964959804 11444
stats: connect 287 1.3643728222996507 0.646834530451197 24.904 0.943 1.4409441251596422 3132
stats: page 1233 1574.7533860502838 5432.555731302982 57572.03 0.653 3491.219964959804 11444
stats: 200 5 199
stats: size_rcv 1801485 73217808
stats: newphase 0 5
stats: 502 1131 9919
stats: size_sent 147417 1662482
stats: connected -31 460
stats: 500 97 2559
# stats: dump at 1669969399
stats: users 470 532
stats: {freemem,"tsung_controller@ip-172-31-54-152"} 1 640.08203125 0.0 689.3984375 638.7421875 669.3917410714286 35
stats: {load,"tsung_controller@ip-172-31-54-152"} 1 0.140625 0.0 0.23046875 0.0 0.016629464285714286 35
stats: {cpu,"tsung_controller@ip-172-31-54-152"} 1 6.256015399422522 0.0 8.015267175572518 0.2001000500250125 2.144265126230882 35
stats: session 310 15025.48046451612 12497.126160462602 114398.621 564.667 22279.519224881995 2966
stats: users_count 316 3746
stats: finish_users_count 310 3276
stats: connect 319 1.370526645768024 0.5095272180827233 24.904 0.943 1.4345165252997951 3419
stats: page 1215 1605.6007563786018 5659.210805457647 57572.03 0.653 3304.8191373353316 12677
stats: request 1215 1605.6007563786018 5659.210805457647 57572.03 0.653 3304.8191373353316 12677
stats: 200 3 202
stats: size_rcv 2506711 75724519
stats: newphase 0 5
stats: 502 1116 11035
stats: size_sent 147286 1809768
stats: connected 15 475
stats: 500 96 2655
# stats: dump at 1669969409
stats: users 706 707
stats: {freemem,"tsung_controller@ip-172-31-54-152"} 1 639.4453125 0.0 689.3984375 638.7421875 668.5775824652778 36
stats: {load,"tsung_controller@ip-172-31-54-152"} 1 0.19140625 0.0 0.23046875 0.0 0.020073784722222224 36
stats: {cpu,"tsung_controller@ip-172-31-54-152"} 1 9.082308420056764 0.0 9.082308420056764 0.2001000500250125 2.2584804115973167 36
stats: session 369 14089.396485094856 11739.993868658888 114398.621 564.667 21593.086985653234 3276
stats: users_count 605 4351
stats: finish_users_count 369 3645
stats: request 1851 1099.6193430578064 4861.710553424002 57572.03 0.653 3156.204802980132 13892
stats: connect 600 1.3119150000000008 0.5991184449742248 24.904 0.932 1.4290556447298017 3738
stats: page 1851 1099.6193430578064 4861.710553424002 57572.03 0.653 3156.204802980132 13892
stats: 200 11 213
stats: size_rcv 3416005 79140524
stats: newphase 1 6
stats: 502 1752 12787
stats: size_sent 218997 2028765
stats: connected 228 703
stats: 500 88 2743
# stats: dump at 1669969419
stats: users 747 773
stats: {freemem,"tsung_controller@ip-172-31-54-152"} 1 634.94921875 0.0 689.3984375 634.94921875 667.7902238175676 37
stats: {load,"tsung_controller@ip-172-31-54-152"} 1 0.16015625 0.0 0.23046875 0.0 0.024704391891891893 37
stats: {cpu,"tsung_controller@ip-172-31-54-152"} 1 11.267605633802818 0.0 11.267605633802818 0.2001000500250125 2.4429081956097343 37
stats: session 572 11890.399861888127 11592.866671882828 114398.621 345.405 20833.454120164606 3645
stats: users_count 613 4964
stats: finish_users_count 572 4217
stats: request 2444 741.0493326513928 3848.2140160376152 57572.03 0.643 2914.399576129073 15743
stats: connect 620 1.3285612903225816 0.7702167862727998 24.904 0.883 1.412853619179345 4338
stats: page 2444 741.0493326513928 3848.2140160376152 57572.03 0.643 2914.399576129073 15743
stats: 200 3 216
stats: size_rcv 2182348 81322872
stats: newphase 0 6
stats: 502 2350 15137
stats: size_sent 290915 2319680
stats: connected 53 756
stats: 500 91 2834
# stats: dump at 1669969429
stats: users 759 773
stats: {freemem,"tsung_controller@ip-172-31-54-152"} 1 621.48046875 0.0 689.3984375 621.48046875 666.9259868421053 38
stats: {load,"tsung_controller@ip-172-31-54-152"} 1 0.12890625 0.0 0.23046875 0.0 0.02826891447368421 38
stats: {cpu,"tsung_controller@ip-172-31-54-152"} 1 14.64088397790055 0.0 14.64088397790055 0.2001000500250125 2.675137075562184 38
stats: session 612 11745.693715686282 8702.069070123975 114398.621 345.405 19620.405261797485 4217
stats: users_count 624 5588
stats: finish_users_count 612 4829
stats: request 2475 595.072934141413 3410.2179777519805 57572.03 0.64 2622.341073074174 18187
stats: connect 616 1.346355519480518 0.6875679365975901 24.904 0.817 1.402312827753126 4958
stats: page 2475 595.072934141413 3410.2179777519805 57572.03 0.64 2622.341073074174 18187
stats: 200 2 218
stats: size_rcv 1482894 82805766
stats: newphase 0 6
stats: 502 2398 17535
stats: size_sent 291275 2610955
stats: connected 3 759
stats: 500 75 2909
# stats: dump at 1669969439
stats: users 780 799
stats: {freemem,"tsung_controller@ip-172-31-54-152"} 1 621.58984375 0.0 689.3984375 621.48046875 665.760717147436 39
stats: {load,"tsung_controller@ip-172-31-54-152"} 1 0.109375 0.0 0.23046875 0.0 0.030849358974358976 39
stats: {cpu,"tsung_controller@ip-172-31-54-152"} 1 13.818516812528788 0.0 14.64088397790055 0.2001000500250125 2.9819510986990654 39
stats: session 638 12215.913115987456 11322.894597348351 114398.621 345.405 18622.409099813627 4829
stats: users_count 659 6247
stats: finish_users_count 638 5467
stats: connect 679 1.339334315169366 0.6250623546043461 24.904 0.817 1.3961288123430207 5574
stats: 200 7 225
stats: request 2662 835.052823816681 4494.412575063397 59272.723 0.64 2379.504530442358 20662
stats: size_rcv 4381837 87187603
stats: newphase 0 6
stats: 502 2564 20099
stats: size_sent 316436 2927391
stats: connected 3 762
stats: 500 91 3000
stats: page 2662 835.052823816681 4494.412575063397 59272.723 0.64 2379.504530442358 20662
# stats: dump at 1669969449
stats: users 764 799
stats: {freemem,"tsung_controller@ip-172-31-54-152"} 1 616.6484375 0.0 689.3984375 616.6484375 664.6564453125001 40
stats: {load,"tsung_controller@ip-172-31-54-152"} 1 0.1015625 0.0 0.23046875 0.0 0.0328125 40
stats: {cpu,"tsung_controller@ip-172-31-54-152"} 1 15.835240274599544 0.0 15.835240274599544 0.2001000500250125 3.2528652415448085 40
stats: session 629 12081.21931637519 9559.363758665748 114398.621 345.405 17874.76972946772 5467
stats: users_count 613 6860
stats: finish_users_count 629 6096
stats: request 2461 882.3303372612747 4233.38628506423 59272.723 0.627 2203.234146158464 23324
stats: connect 626 1.4384265175718833 0.9347272595319737 24.904 0.817 1.3899616184231562 6253
stats: page 2461 882.3303372612747 4233.38628506423 59272.723 0.627 2203.234146158464 23324
stats: 200 13 238
stats: size_rcv 2287972 89475575
stats: newphase 0 6
stats: 502 2353 22452
stats: size_sent 293772 3221163
stats: connected -1 761
stats: 500 95 3095
# stats: dump at 1669969459
stats: users 774 799
stats: {freemem,"tsung_controller@ip-172-31-54-152"} 1 614.203125 0.0 689.3984375 614.203125 663.485518292683 41
stats: {load,"tsung_controller@ip-172-31-54-152"} 1 0.1484375 0.0 0.23046875 0.0 0.034489329268292686 41
stats: {cpu,"tsung_controller@ip-172-31-54-152"} 1 15.18061271147691 0.0 15.835240274599544 0.2001000500250125 3.559752437472973 41
stats: session 619 12391.322946688182 9294.393498470783 114398.621 167.781 17276.977208169294 6096
stats: users_count 629 7489
stats: finish_users_count 619 6715
stats: request 2519 692.1034513695911 3696.613158455822 59272.723 0.627 2077.163008919915 25785
stats: connect 632 1.2897848101265814 0.5474579903167667 24.904 0.817 1.3943720017444388 6879
stats: page 2519 692.1034513695911 3696.613158455822 59272.723 0.627 2077.163008919915 25785
stats: 200 4 242
stats: size_rcv 2206020 91681595
stats: newphase 0 6
stats: 502 2427 24879
stats: size_sent 301180 3522343
stats: connected 14 775
stats: 500 88 3183
# stats: dump at 1669969469
stats: users 361 799
stats: {freemem,"tsung_controller@ip-172-31-54-152"} 1 619.65234375 0.0 689.3984375 614.203125 662.3121279761905 42
stats: {load,"tsung_controller@ip-172-31-54-152"} 1 0.12890625 0.0 0.23046875 0.0 0.03720238095238096 42
stats: {cpu,"tsung_controller@ip-172-31-54-152"} 1 14.279155188246099 0.0 15.835240274599544 0.2001000500250125 3.836439586854019 42
stats: session 496 13567.091909274188 10220.349290525759 114398.621 167.781 16826.60937676843 6715
stats: users_count 83 7572
stats: finish_users_count 496 7211
stats: request 1335 1588.4139258426953 5739.725249266081 59272.723 0.627 1953.8954486644998 28304
stats: connect 93 1.3141182795698925 0.3364760084902239 24.904 0.817 1.3855716948475563 7511
stats: page 1335 1588.4139258426953 5739.725249266081 59272.723 0.627 1953.8954486644998 28304
stats: 200 5 247
stats: size_rcv 3254317 94935912
stats: newphase 0 6
stats: 502 1231 26110
stats: size_sent 159419 3681762
stats: connected -412 363
stats: 500 99 3282
# stats: dump at 1669969479
stats: users 227 799
stats: {freemem,"tsung_controller@ip-172-31-54-152"} 1 643.5625 0.0 689.3984375 614.203125 661.3200399709302 43
stats: {load,"tsung_controller@ip-172-31-54-152"} 1 0.109375 0.0 0.23046875 0.0 0.03933502906976745 43
stats: {cpu,"tsung_controller@ip-172-31-54-152"} 1 7.289185326345879 0.0 15.835240274599544 0.2001000500250125 4.079293438049183 43
stats: session 134 20783.109291044773 9341.925262367478 114398.621 167.781 16602.40737096103 7211
stats: users_count 0 7572
stats: finish_users_count 134 7345
stats: request 272 7315.282113970591 10145.993071502418 59272.723 0.627 1937.4334279159216 29639
stats: connect 0 0 0 24.904 0.817 1.3846977906365063 7604
stats: page 272 7315.282113970591 10145.993071502418 59272.723 0.627 1937.4334279159216 29639
stats: 200 11 258
stats: size_rcv 2260249 97196161
stats: newphase 0 6
stats: 502 170 26280
stats: size_sent 35792 3717554
stats: connected -136 227
stats: 500 91 3373
# stats: dump at 1669969489
stats: users 186 799
stats: {freemem,"tsung_controller@ip-172-31-54-152"} 1 653.09375 0.0 689.3984375 614.203125 660.9164595170455 44
stats: {load,"tsung_controller@ip-172-31-54-152"} 1 0.08984375 0.0 0.23046875 0.0 0.040926846590909095 44
stats: {cpu,"tsung_controller@ip-172-31-54-152"} 1 1.929737753587333 0.0 15.835240274599544 0.2001000500250125 4.152245526419563 44
stats: session 41 33351.26026829269 8592.993982073584 114398.621 167.781 16678.678855956434 7345
stats: users_count 0 7572
stats: finish_users_count 41 7386
stats: request 90 17495.97978888889 6101.433419016845 59272.723 0.627 1986.3376719267158 29911
stats: connect 0 0 0 24.904 0.817 1.3846977906365063 7604
stats: page 90 17495.97978888889 6101.433419016845 59272.723 0.627 1986.3376719267158 29911
stats: 200 2 260
stats: size_rcv 733532 97929693
stats: newphase 0 6
stats: 502 6 26286
stats: size_sent 9388 3726942
stats: connected -41 186
stats: 500 82 3455
# stats: dump at 1669969499
stats: users 128 799
stats: {freemem,"tsung_controller@ip-172-31-54-152"} 1 656.1328125 0.0 689.3984375 614.203125 660.7426215277778 45
stats: {load,"tsung_controller@ip-172-31-54-152"} 1 0.078125 0.0 0.23046875 0.0 0.04201388888888889 45
stats: {cpu,"tsung_controller@ip-172-31-54-152"} 1 0.7473841554559043 0.0 15.835240274599544 0.2001000500250125 4.102856464801069 45
stats: session 58 44270.06172413795 10385.950232240028 114398.621 167.781 16771.22906417547 7386
stats: users_count 0 7572
stats: finish_users_count 58 7444
stats: request 102 21132.594519607846 7389.942228755572 59272.723 0.627 2032.8650473650878 30001
stats: connect 0 0 0 24.904 0.817 1.3846977906365063 7604
stats: page 102 21132.594519607846 7389.942228755572 59272.723 0.627 2032.8650473650878 30001
stats: 200 23 283
stats: size_rcv 3576885 101506578
stats: newphase 0 6
stats: 502 0 26286
stats: size_sent 9332 3736274
stats: connected -58 128
stats: 500 79 3534
# stats: dump at 1669969509
stats: users 61 799
stats: {freemem,"tsung_controller@ip-172-31-54-152"} 1 660.00390625 0.0 689.3984375 614.203125 660.6424082880436 46
stats: {load,"tsung_controller@ip-172-31-54-152"} 1 0.0703125 0.0 0.23046875 0.0 0.042798913043478264 46
stats: {cpu,"tsung_controller@ip-172-31-54-152"} 1 0.6487025948103792 0.0 15.835240274599544 0.2001000500250125 4.029911414597914 46
stats: session 67 53657.37446268655 10632.243373165538 114398.621 167.781 16985.486492208493 7444
stats: users_count 0 7572
stats: finish_users_count 67 7511
stats: request 93 18306.948032258064 5381.18109337832 59272.723 0.627 2097.5819329302726 30103
stats: connect 0 0 0 24.904 0.817 1.3846977906365063 7604
stats: page 93 18306.948032258064 5381.18109337832 59272.723 0.627 2097.5819329302726 30103
stats: 200 8 291
stats: size_rcv 1443852 102950430
stats: newphase 0 6
stats: 502 0 26286
stats: size_sent 8520 3744794
stats: connected -67 61
stats: 500 85 3619
# stats: dump at 1669969519
stats: users 25 799
stats: {freemem,"tsung_controller@ip-172-31-54-152"} 1 671.6484375 0.0 689.3984375 614.203125 660.628823138298 47
stats: {load,"tsung_controller@ip-172-31-54-152"} 1 0.05859375 0.0 0.23046875 0.0 0.0433843085106383 47
stats: {cpu,"tsung_controller@ip-172-31-54-152"} 1 0.5486284289276808 0.0 15.835240274599544 0.2001000500250125 3.9579708014109443 47
stats: session 36 61935.48641666667 9973.80130074929 114398.621 167.781 17312.608911862604 7511
stats: users_count 0 7572
stats: finish_users_count 36 7547
stats: request 54 11042.946814814812 10604.81246501957 59272.723 0.627 2147.5048050735195 30196
stats: connect 0 0 0 24.904 0.817 1.3846977906365063 7604
stats: page 54 11042.946814814812 10604.81246501957 59272.723 0.627 2147.5048050735195 30196
stats: 200 4 295
stats: size_rcv 2144673 105095103
stats: newphase 0 6
stats: 502 0 26286
stats: size_sent 6245 3751039
stats: connected -36 25
stats: 500 50 3669
# stats: dump at 1669969529
stats: users 9 799
stats: {freemem,"tsung_controller@ip-172-31-54-152"} 1 676.60546875 0.0 689.3984375 614.203125 660.8583984375001 48
stats: {load,"tsung_controller@ip-172-31-54-152"} 1 0.05078125 0.0 0.23046875 0.0 0.043701171875 48
stats: {cpu,"tsung_controller@ip-172-31-54-152"} 1 0.399400898652022 0.0 15.835240274599544 0.2001000500250125 3.886942835317543 48
stats: session 16 70744.1815 6222.140607977019 114398.621 167.781 17525.464826818603 7547
stats: users_count 0 7572
stats: finish_users_count 16 7563
stats: request 23 12439.490739130435 16434.387032087427 59272.723 0.627 2163.3842718016526 30250
stats: connect 0 0 0 24.904 0.817 1.3846977906365063 7604
stats: page 23 12439.490739130435 16434.387032087427 59272.723 0.627 2163.3842718016526 30250
stats: 200 10 305
stats: size_rcv 2897899 107993002
stats: newphase 0 6
stats: 502 0 26286
stats: size_sent 3765 3754804
stats: connected -16 9
stats: 500 13 3682
# stats: dump at 1669969539
stats: users 4 799
stats: {freemem,"tsung_controller@ip-172-31-54-152"} 1 677.671875 0.0 689.3984375 614.203125 661.1797672193879 49
stats: {load,"tsung_controller@ip-172-31-54-152"} 1 0.0390625 0.0 0.23046875 0.0 0.043845663265306124 49
stats: {cpu,"tsung_controller@ip-172-31-54-152"} 1 0.4497751124437781 0.0 15.835240274599544 0.2001000500250125 3.8157685100794714 49
stats: session 5 81225.24059999999 8519.503590582182 114398.621 167.781 17638.052353827847 7563
stats: users_count 0 7572
stats: finish_users_count 5 7568
stats: request 7 23259.126571428573 23943.79391052534 59272.723 0.627 2171.1915736464834 30273
stats: connect 0 0 0 24.904 0.817 1.3846977906365063 7604
stats: page 7 23259.126571428573 23943.79391052534 59272.723 0.627 2171.1915736464834 30273
stats: 200 7 312
stats: size_rcv 2182995 110175997
stats: newphase 0 6
stats: 502 0 26286
stats: size_sent 1937 3756741
stats: connected -4 5
stats: 500 0 3682
# stats: dump at 1669969546
stats: users 0 799
stats: {freemem,"tsung_controller@ip-172-31-54-152"} 1 678.52734375 0.0 689.3984375 614.203125 661.5096093750002 50
stats: {load,"tsung_controller@ip-172-31-54-152"} 1 0.03125 0.0 0.23046875 0.0 0.04375 50
stats: {cpu,"tsung_controller@ip-172-31-54-152"} 1 0.3491271820448878 0.0 15.835240274599544 0.2001000500250125 3.7484486421267578 50
stats: session 4 85531.891 1742.0461393342907 114398.621 167.781 17680.06291688689 7568
stats: users_count 0 7572
stats: finish_users_count 4 7572
stats: request 8 13813.421249999996 18465.697100417816 59272.723 0.627 2176.0665916446496 30280
stats: connect 0 0 0 24.904 0.817 1.3846977906365063 7604
stats: page 8 13813.421249999996 18465.697100417816 59272.723 0.627 2176.0665916446496 30280
stats: 200 8 320
stats: size_rcv 2132746 112308743
stats: newphase 0 6
stats: 502 0 26286
stats: size_sent 3199 3759940
stats: connected -5 0
stats: 500 0 3682
EndMonitor:{1669,969546,487368}