# stats: dump at 1669964558
stats: users 10 10
stats: {cpu,"tsung_controller@ip-172-31-50-29"} 1 22.60434479701058 0 22.60434479701058 22.60434479701058 0 0
stats: {load,"tsung_controller@ip-172-31-50-29"} 1 0.58984375 0 0.58984375 0.58984375 0 0
stats: {freemem,"tsung_controller@ip-172-31-50-29"} 1 691.796875 0 691.796875 691.796875 0 0
stats: users_count 10 10
stats: finish_users_count 0 0
stats: connect 10 1.9180000000000004 1.8273233430348337 7.394 1.221 0 0
stats: request 8 753.259125 338.4489554698158 1393.38 408.288 0 0
stats: 200 8 8
stats: size_rcv 2135 2135
stats: size_sent 7957 7957
stats: connected 10 10
# stats: dump at 1669964568
stats: users 22 22
stats: {cpu,"tsung_controller@ip-172-31-50-29"} 1 0.25 0.0 22.60434479701058 0.25 22.60434479701058 1
stats: {load,"tsung_controller@ip-172-31-50-29"} 1 0.5 0.0 0.58984375 0.5 0.58984375 1
stats: {freemem,"tsung_controller@ip-172-31-50-29"} 1 692.27734375 0.0 692.27734375 691.796875 691.796875 1
stats: session 1 16706.328 0 16706.328 16706.328 0 0
stats: users_count 13 23
stats: finish_users_count 1 1
stats: request 24 3769.8362916666665 2984.409328852423 11468.198 17.777 753.259125 8
stats: connect 12 1.2633333333333334 0.08494148312547616 7.394 1.121 1.9180000000000004 10
stats: page 3 9136.547333333334 2375.842793334797 11968.878 6155.016 0 0
stats: 200 11 19
stats: size_rcv 1426062 1428197
stats: size_sent 13373 21330
stats: connected 11 21
stats: 201 1 1
stats: 500 12 12
# stats: dump at 1669964578
stats: users 36 36
stats: {cpu,"tsung_controller@ip-172-31-50-29"} 1 0.14992503748125938 0.0 22.60434479701058 0.14992503748125938 11.42717239850529 2
stats: {load,"tsung_controller@ip-172-31-50-29"} 1 0.421875 0.0 0.58984375 0.421875 0.544921875 2
stats: {freemem,"tsung_controller@ip-172-31-50-29"} 1 690.92578125 0.0 692.27734375 690.92578125 692.037109375 2
stats: session 1 26101.596 0.0 26101.596 16706.328 16706.328 1
stats: users_count 15 38
stats: finish_users_count 1 2
stats: request 30 6458.935633333333 5195.59314865276 23943.991 14.125 3015.692 32
stats: connect 15 1.2242000000000002 0.06043751594277625 7.394 1.121 1.560909090909091 22
stats: page 3 14151.534666666666 7804.73816920535 20782.55 3194.487 9136.547333333334 3
stats: 200 12 31
stats: size_rcv 2138947 3567144
stats: size_sent 17790 39120
stats: connected 14 35
stats: 201 0 1
stats: 400 1 1
stats: 500 17 29
# stats: dump at 1669964588
stats: users 37 38
stats: {cpu,"tsung_controller@ip-172-31-50-29"} 1 0.1500750375187594 0.0 22.60434479701058 0.14992503748125938 7.668089944830613 3
stats: {load,"tsung_controller@ip-172-31-50-29"} 1 0.359375 0.0 0.58984375 0.359375 0.50390625 3
stats: {freemem,"tsung_controller@ip-172-31-50-29"} 1 689.50390625 0.0 692.27734375 689.50390625 691.6666666666666 3
stats: session 3 28222.104000000003 1080.3686533700752 28986.107 16706.328 21403.962 2
stats: users_count 4 42
stats: finish_users_count 3 5
stats: request 42 7199.096309523809 6800.235908692918 34185.429 14.125 4681.777629032258 62
stats: connect 5 1.5008000000000004 0.42078849794166195 7.394 1.121 1.4244054054054054 37
stats: page 11 21509.472000000005 9501.114857188142 35929.883 3194.487 11644.041 6
stats: 200 12 43
stats: size_rcv 2141523 5708667
stats: size_sent 20402 59522
stats: connected 3 38
stats: 201 1 2
stats: 400 1 2
stats: 500 29 58
# stats: dump at 1669964598
stats: users 41 41
stats: {cpu,"tsung_controller@ip-172-31-50-29"} 1 0.2001000500250125 0.0 22.60434479701058 0.14992503748125938 5.78858621800265 4
stats: {load,"tsung_controller@ip-172-31-50-29"} 1 0.30078125 0.0 0.58984375 0.30078125 0.4677734375 4
stats: {freemem,"tsung_controller@ip-172-31-50-29"} 1 686.62890625 0.0 692.27734375 686.62890625 691.1259765625 4
stats: session 7 34642.62614285714 7030.451177921241 45667.812 16706.328 25494.8472 5
stats: users_count 11 53
stats: finish_users_count 7 12
stats: request 54 6742.9594074074075 7979.968704091103 36237.703 4.757 5698.387096153845 104
stats: connect 11 1.3604545454545454 0.2774934441932781 7.394 1.12 1.4335000000000002 42
stats: page 20 16928.69805 10790.75600560947 43865.915 3194.487 18027.555176470592 17
stats: 200 12 55
stats: size_rcv 2853602 8562269
stats: size_sent 26831 86353
stats: connected 3 41
stats: 201 1 3
stats: 400 0 2
stats: 500 40 98
# stats: dump at 1669964608
stats: users 34 41
stats: {cpu,"tsung_controller@ip-172-31-50-29"} 1 0.25 0.0 22.60434479701058 0.14992503748125938 4.670888984407123 5
stats: {load,"tsung_controller@ip-172-31-50-29"} 1 0.25 0.0 0.58984375 0.25 0.434375 5
stats: {freemem,"tsung_controller@ip-172-31-50-29"} 1 685.61328125 0.0 692.27734375 685.61328125 690.2265625 5
stats: session 14 35815.0205 10093.309226241621 54516.104 16706.328 30831.05158333333 12
stats: users_count 7 60
stats: finish_users_count 14 26
stats: request 61 4634.665786885247 4083.204808755881 36237.703 4.757 6055.392822784809 158
stats: connect 7 1.235285714285714 0.04453157558957238 7.394 1.12 1.4183396226415097 53
stats: page 20 14306.309499999998 14646.58420816579 52251.268 3194.487 17433.578351351352 37
stats: 200 16 71
stats: size_rcv 723224 9285493
stats: size_sent 22945 109298
stats: connected -7 34
stats: 201 0 3
stats: 400 1 3
stats: 500 44 142
# stats: dump at 1669964618
stats: users 40 41
stats: {cpu,"tsung_controller@ip-172-31-50-29"} 1 0.24987506246876562 0.0 22.60434479701058 0.14992503748125938 3.934074153672602 6
stats: {load,"tsung_controller@ip-172-31-50-29"} 1 0.2109375 0.0 0.58984375 0.2109375 0.4036458333333333 6
stats: {freemem,"tsung_controller@ip-172-31-50-29"} 1 688.3984375 0.0 692.27734375 685.61328125 689.4576822916666 6
stats: session 5 42436.2762 11148.265846158396 57072.969 16706.328 33514.72715384615 26
stats: users_count 11 71
stats: finish_users_count 5 31
stats: request 42 7524.590166666666 8742.76112171147 45773.161 4.757 5659.665200913242 219
stats: connect 10 1.8042000000000002 1.604296157197916 7.394 1.12 1.3969833333333337 60
stats: page 14 20356.148571428577 13804.907064783494 52251.268 3194.487 16336.29103508772 57
stats: 200 11 82
stats: size_rcv 2141674 11427167
stats: newphase 1 1
stats: size_sent 17576 126874
stats: connected 5 39
stats: 201 1 4
stats: 400 0 3
stats: 500 30 172
# stats: dump at 1669964628
stats: users 46 48
stats: {cpu,"tsung_controller@ip-172-31-50-29"} 1 0.25 0.0 22.60434479701058 0.14992503748125938 3.4077599977863398 7
stats: {load,"tsung_controller@ip-172-31-50-29"} 1 0.1796875 0.0 0.58984375 0.1796875 0.37611607142857145 7
stats: {freemem,"tsung_controller@ip-172-31-50-29"} 1 686.953125 0.0 692.27734375 685.61328125 689.3063616071429 7
stats: session 15 33451.603933333325 11582.865050959643 67344.888 16706.328 34953.686677419355 31
stats: users_count 21 92
stats: finish_users_count 15 46
stats: request 83 6009.75974698795 7931.371519077634 45773.161 4.757 5959.768068965517 261
stats: connect 22 1.5791818181818185 0.9753822391230498 7.394 1.105 1.455157142857143 70
stats: page 28 17807.634500000004 17810.11427644259 65172.646 3194.487 17128.939000000002 71
stats: 200 42 124
stats: size_rcv 2909418 14336585
stats: newphase 0 1
stats: size_sent 44615 171489
stats: connected 7 46
stats: 201 11 15
stats: 400 9 12
stats: 500 21 193
# stats: dump at 1669964638
stats: users 55 55
stats: {cpu,"tsung_controller@ip-172-31-50-29"} 1 0.5 0.0 22.60434479701058 0.14992503748125938 3.0130399980630473 8
stats: {load,"tsung_controller@ip-172-31-50-29"} 1 0.1484375 0.0 0.58984375 0.1484375 0.3515625 8
stats: {freemem,"tsung_controller@ip-172-31-50-29"} 1 686.3046875 0.0 692.27734375 685.61328125 689.01220703125 8
stats: session 6 52916.755833333336 18579.093374222102 73786.464 16706.328 34463.87708695652 46
stats: users_count 15 107
stats: finish_users_count 6 52
stats: request 71 5198.27571830986 4110.370925600176 45773.161 4.757 5971.830014534883 344
stats: connect 12 1.5620833333333335 0.46667984356396713 7.394 1.105 1.4848152173913045 92
stats: page 13 23877.916923076926 21602.420597194377 65172.646 3194.487 17320.893282828285 99
stats: 200 17 141
stats: size_rcv 777972 15114557
stats: newphase 0 1
stats: size_sent 39621 211110
stats: connected 6 52
stats: 201 1 16
stats: 400 3 15
stats: 500 50 243
# stats: dump at 1669964648
stats: users 67 67
stats: {cpu,"tsung_controller@ip-172-31-50-29"} 1 0.24987506246876562 0.0 22.60434479701058 0.14992503748125938 2.733813331611598 9
stats: {load,"tsung_controller@ip-172-31-50-29"} 1 0.12890625 0.0 0.58984375 0.12890625 0.3289930555555556 9
stats: {freemem,"tsung_controller@ip-172-31-50-29"} 1 684.875 0.0 692.27734375 684.875 688.7113715277778 9
stats: session 6 44047.07733333334 17330.56197153989 73786.464 16706.328 36593.055403846156 52
stats: users_count 18 125
stats: finish_users_count 6 58
stats: request 61 7845.95218032787 6546.702480024105 45773.161 4.757 5839.486990361445 415
stats: connect 20 1.2753 0.10641151253506356 7.394 1.102 1.4937307692307693 104
stats: page 21 19692.15790476191 10909.719581085345 65172.646 3194.487 18081.976383928577 112
stats: 200 12 153
stats: size_rcv 2147590 17262147
stats: newphase 0 1
stats: size_sent 31877 242987
stats: connected 14 66
stats: 201 0 16
stats: 400 3 18
stats: 500 46 289
# stats: dump at 1669964658
stats: users 81 81
stats: {cpu,"tsung_controller@ip-172-31-50-29"} 1 0.35000000000000003 0.0 22.60434479701058 0.14992503748125938 2.4854195046973144 10
stats: {load,"tsung_controller@ip-172-31-50-29"} 1 0.109375 0.0 0.58984375 0.109375 0.308984375 10
stats: {freemem,"tsung_controller@ip-172-31-50-29"} 1 683.90625 0.0 692.27734375 683.90625 688.327734375 10
stats: session 13 40614.7683076923 12551.935810676678 74226.861 16706.328 37364.161120689656 58
stats: users_count 27 152
stats: finish_users_count 13 71
stats: request 91 6857.975681318679 5824.449185448041 45773.161 4.757 6096.618033613445 476
stats: connect 28 1.358 0.2436352660374579 7.394 1.102 1.4585000000000001 124
stats: page 24 17230.903333333332 12348.270103431201 65172.646 3194.487 18336.21557142858 133
stats: 200 17 170
stats: size_rcv 2155112 19417259
stats: newphase 0 1
stats: size_sent 41081 284068
stats: connected 15 81
stats: 201 2 18
stats: 400 3 21
stats: 500 69 358
# stats: dump at 1669964668
stats: users 85 86
stats: {cpu,"tsung_controller@ip-172-31-50-29"} 1 0.5497251374312844 0.0 22.60434479701058 0.14992503748125938 2.2912904588157406 11
stats: {load,"tsung_controller@ip-172-31-50-29"} 1 0.08984375 0.0 0.58984375 0.08984375 0.2908380681818182 11
stats: {freemem,"tsung_controller@ip-172-31-50-29"} 1 682.93359375 0.0 692.27734375 682.93359375 687.92578125 11
stats: session 14 38671.55528571428 9729.592703684399 74226.861 16706.328 37959.34271830986 71
stats: users_count 18 170
stats: finish_users_count 14 85
stats: request 106 7023.052084905658 5629.351309730174 45773.161 4.757 6218.8112363315695 567
stats: connect 18 1.3992777777777772 0.46923398635501373 7.394 1.102 1.4399868421052633 152
stats: page 29 22078.560655172412 15742.340229979358 65172.646 3194.487 18167.250643312105 157
stats: 200 22 192
stats: size_rcv 2158640 21575899
stats: newphase 0 1
stats: size_sent 35268 319336
stats: connected 4 85
stats: 201 1 19
stats: 400 2 23
stats: 500 81 439
# stats: dump at 1669964678
stats: users 130 130
stats: {cpu,"tsung_controller@ip-172-31-50-29"} 1 0.5499999999999999 0.0 22.60434479701058 0.14992503748125938 2.146160015367036 12
stats: {load,"tsung_controller@ip-172-31-50-29"} 1 0.078125 0.0 0.58984375 0.078125 0.2740885416666667 12
stats: {freemem,"tsung_controller@ip-172-31-50-29"} 1 682.40234375 0.0 692.27734375 682.40234375 687.509765625 12
stats: session 7 44780.79957142857 9399.774988402949 74226.861 16706.328 38076.64831764706 85
stats: users_count 52 222
stats: finish_users_count 7 92
stats: request 93 8357.513784946237 5692.863214350829 45773.161 4.757 6345.482157503714 673
stats: connect 51 1.3795882352941173 0.3995739974891194 7.394 1.089 1.4356764705882352 170
stats: page 24 26362.099958333332 13599.838863795034 65172.646 3194.487 18777.0785483871 186
stats: 200 12 204
stats: size_rcv 2158185 23734084
stats: newphase 1 2
stats: size_sent 40644 359980
stats: connected 44 129
stats: 201 0 19
stats: 400 0 23
stats: 500 81 520
# stats: dump at 1669964688
stats: users 160 160
stats: {cpu,"tsung_controller@ip-172-31-50-29"} 1 0.45045045045045046 0.0 22.60434479701058 0.14992503748125938 2.023378475723418 13
stats: {load,"tsung_controller@ip-172-31-50-29"} 1 0.05859375 0.0 0.58984375 0.05859375 0.2590144230769231 13
stats: {freemem,"tsung_controller@ip-172-31-50-29"} 1 680.72265625 0.0 692.27734375 680.72265625 687.1168870192307 13
stats: session 13 50152.38553846154 10876.679558509533 77487.273 16706.328 38586.746782608694 92
stats: users_count 43 265
stats: finish_users_count 13 105
stats: request 116 10424.853974137928 5682.702502140499 45773.161 4.757 6589.762759791121 766
stats: connect 41 1.3533170731707318 0.3069077432702514 7.394 1.089 1.422733031674208 221
stats: page 27 25411.28896296296 10132.415981930408 65172.646 3194.487 19643.93813809524 210
stats: 200 34 238
stats: size_rcv 2975015 26709099
stats: newphase 0 2
stats: size_sent 47882 407862
stats: connected 30 159
stats: 201 6 25
stats: 400 4 27
stats: 500 72 592
# stats: dump at 1669964698
stats: users 192 192
stats: {cpu,"tsung_controller@ip-172-31-50-29"} 1 0.8495752123938031 0.0 22.60434479701058 0.14992503748125938 1.9110264739182061 14
stats: {load,"tsung_controller@ip-172-31-50-29"} 1 0.05078125 0.0 0.58984375 0.05078125 0.24469866071428573 14
stats: {freemem,"tsung_controller@ip-172-31-50-29"} 1 674.6875 0.0 692.27734375 674.6875 686.66015625 14
stats: session 11 56802.495 11552.035147964683 84215.226 16706.328 40018.68300952381 105
stats: users_count 43 308
stats: finish_users_count 11 116
stats: request 120 11042.261874999998 2900.600974631699 45773.161 4.757 7094.151173469387 882
stats: connect 45 1.3388222222222228 0.2503206200845351 7.394 1.089 1.4118702290076335 262
stats: page 26 28182.741269230763 12643.700893046644 69368.575 3194.487 20300.978105485236 237
stats: 200 19 257
stats: size_rcv 789974 27499073
stats: newphase 0 2
stats: size_sent 46286 454148
stats: connected 32 191
stats: 201 1 26
stats: 400 1 28
stats: 500 99 691
# stats: dump at 1669964708
stats: users 208 211
stats: {cpu,"tsung_controller@ip-172-31-50-29"} 1 0.6 0.0 22.60434479701058 0.14992503748125938 1.8402630564832458 15
stats: {load,"tsung_controller@ip-172-31-50-29"} 1 0.05078125 0.0 0.58984375 0.05078125 0.23177083333333334 15
stats: {freemem,"tsung_controller@ip-172-31-50-29"} 1 671.39453125 0.0 692.27734375 671.39453125 685.8619791666666 15
stats: session 23 37085.78952173912 20760.34837033996 85257.863 346.805 41610.251387931035 116
stats: users_count 39 347
stats: finish_users_count 23 139
stats: request 226 5966.237924778759 7703.972460713099 45773.161 0.661 7566.978802395209 1002
stats: connect 39 1.508820512820513 0.5842624924569817 7.394 1.089 1.4011628664495113 307
stats: page 66 16027.707151515155 17779.1418966614 69368.575 1.668 21080.1638174905 263
stats: 200 12 269
stats: size_rcv 2198950 29698023
stats: newphase 0 2
stats: 502 131 131
stats: size_sent 59281 513429
stats: connected 16 207
stats: 201 1 27
stats: 400 1 29
stats: 500 81 772
# stats: dump at 1669964718
stats: users 202 211
stats: {cpu,"tsung_controller@ip-172-31-50-29"} 1 0.65 0.0 22.60434479701058 0.14992503748125938 1.7627466154530431 16
stats: {load,"tsung_controller@ip-172-31-50-29"} 1 0.0390625 0.0 0.58984375 0.0390625 0.220458984375 16
stats: {freemem,"tsung_controller@ip-172-31-50-29"} 1 668.71484375 0.0 692.27734375 668.71484375 684.957763671875 16
stats: session 38 31424.632605263156 25721.392371762715 85257.863 49.692 40861.59942446044 139
stats: users_count 32 379
stats: finish_users_count 38 177
stats: 200 19 288
stats: request 261 6603.276076628352 8858.132871725304 45773.161 0.625 7272.379911237785 1228
stats: size_rcv 2925369 32623392
stats: newphase 0 2
stats: connect 33 1.430060606060606 0.5403383305656009 7.394 1.089 1.4132976878612715 346
stats: 502 162 293
stats: size_sent 72803 586232
stats: connected -4 203
stats: page 77 13896.056844155843 18336.766209663077 73788.01 1.515 20066.60108206687 329
stats: 201 1 28
stats: 400 0 29
stats: 500 79 851
# stats: dump at 1669964728
stats: users 209 212
stats: {cpu,"tsung_controller@ip-172-31-50-29"} 1 0.6006006006006006 0.0 22.60434479701058 0.14992503748125938 1.6972909321910994 17
stats: {load,"tsung_controller@ip-172-31-50-29"} 1 0.03125 0.0 0.58984375 0.03125 0.20978860294117646 17
stats: {freemem,"tsung_controller@ip-172-31-50-29"} 1 668.1953125 0.0 692.27734375 668.1953125 684.0022977941177 17
stats: session 27 46164.12996296296 26055.50319080688 101823.413 49.692 38835.58394915254 177
stats: users_count 34 413
stats: finish_users_count 27 204
stats: request 230 9120.33969130434 9956.034002686654 45773.161 0.625 7155.095760241773 1489
stats: connect 34 1.4657941176470588 0.5887288289892426 7.394 1.089 1.4147572559366752 379
stats: page 75 24809.671626666674 23271.715115516876 80753.387 1.515 18896.325450738914 406
stats: 200 21 309
stats: size_rcv 2200955 34824347
stats: newphase 0 2
stats: 502 119 412
stats: size_sent 62893 649125
stats: connected 7 210
stats: 201 3 31
stats: 400 2 31
stats: 500 85 936
# stats: dump at 1669964738
stats: users 213 219
stats: {cpu,"tsung_controller@ip-172-31-50-29"} 1 0.5994005994005994 0.0 22.60434479701058 0.14992503748125938 1.6363636915471826 18
stats: {load,"tsung_controller@ip-172-31-50-29"} 1 0.03125 0.0 0.58984375 0.03125 0.19986979166666666 18
stats: {freemem,"tsung_controller@ip-172-31-50-29"} 1 666.97265625 0.0 692.27734375 666.97265625 683.1241319444445 18
stats: session 69 31904.70685507245 26744.857406002648 101823.413 49.692 39805.538568627446 204
stats: users_count 73 486
stats: finish_users_count 69 273
stats: request 452 4060.405318584078 7734.2718597345 47889.117 0.625 7418.042883071552 1719
stats: page 152 13528.039585526312 21255.964413894355 86066.312 1.515 19818.364875259875 481
stats: connect 73 1.4796712328767119 0.6374921767942118 7.394 1.089 1.4189588377723967 413
stats: 200 12 321
stats: size_rcv 1559109 36383456
stats: newphase 1 3
stats: 502 348 760
stats: size_sent 105817 754942
stats: connected 4 214
stats: 201 1 32
stats: 400 0 31
stats: 500 91 1027
# stats: dump at 1669964748
stats: users 213 219
stats: {cpu,"tsung_controller@ip-172-31-50-29"} 1 0.9018036072144289 0.0 22.60434479701058 0.14992503748125938 1.5817866866973624 19
stats: {load,"tsung_controller@ip-172-31-50-29"} 1 0.01953125 0.0 0.58984375 0.01953125 0.19099506578947367 19
stats: {freemem,"tsung_controller@ip-172-31-50-29"} 1 667.04296875 0.0 692.27734375 666.97265625 682.2740542763158 19
stats: session 75 36697.96522666667 29208.70947624519 105533.332 49.692 37808.62505860806 273
stats: users_count 75 561
stats: finish_users_count 75 348
stats: request 406 4595.150401477835 7738.064087176607 48073.064 0.625 6718.98614463381 2171
stats: 200 24 345
stats: connect 74 1.5204189189189194 0.7782952786206244 7.394 1.01 1.428078189300411 486
stats: size_rcv 829402 37212858
stats: newphase 0 3
stats: page 146 15366.948993150696 20839.983454867044 86066.312 1.433 18307.89181990521 633
stats: 502 295 1055
stats: size_sent 96388 851330
stats: connected -2 212
stats: 201 1 33
stats: 400 2 33
stats: 500 84 1111
# stats: dump at 1669964758
stats: users 216 221
stats: {cpu,"tsung_controller@ip-172-31-50-29"} 1 0.8008008008008007 0.0 22.60434479701058 0.14992503748125938 1.5477875327232158 20
stats: {load,"tsung_controller@ip-172-31-50-29"} 1 0.01953125 0.0 0.58984375 0.01953125 0.182421875 20
stats: {freemem,"tsung_controller@ip-172-31-50-29"} 1 666.38671875 0.0 692.27734375 666.38671875 681.5125 20
stats: session 76 33086.92523684209 30654.44467226133 110638.322 13.566 37569.258715517244 348
stats: users_count 79 640
stats: finish_users_count 76 424
stats: connect 79 1.4905443037974682 0.750228670582347 7.394 1.01 1.440280357142857 560
stats: 200 39 384
stats: request 479 4418.0302630480055 8414.072157034896 52586.219 0.625 6384.381056655026 2577
stats: page 162 14436.632222222215 22328.418020509405 86066.312 1.403 17756.700994865212 779
stats: size_rcv 3755139 40967997
stats: newphase 0 3
stats: 502 358 1413
stats: size_sent 129385 980715
stats: connected 4 216
stats: 201 2 35
stats: 400 9 42
stats: 500 71 1182
# stats: dump at 1669964768
stats: users 218 228
stats: {cpu,"tsung_controller@ip-172-31-50-29"} 1 1.053687907676869 0.0 22.60434479701058 0.14992503748125938 1.5122167359650056 21
stats: {load,"tsung_controller@ip-172-31-50-29"} 1 0.01953125 0.0 0.58984375 0.01953125 0.17466517857142858 21
stats: {freemem,"tsung_controller@ip-172-31-50-29"} 1 665.69140625 0.0 692.27734375 665.69140625 680.792224702381 21
stats: session 81 27326.64619753086 27668.038716338695 110638.322 13.566 36765.82158254717 424
stats: users_count 83 723
stats: finish_users_count 81 505
stats: request 516 3728.9057713178295 7198.379713668974 53593.669 0.625 6076.173586060209 3056
stats: connect 84 1.394119047619047 0.5487905838070507 7.394 1.01 1.4464945226917056 639
stats: page 167 11299.119508982034 19867.96285220126 89578.866 1.399 17185.12698724761 941
stats: 200 25 409
stats: size_rcv 1577215 42545212
stats: newphase 0 3
stats: 502 395 1808
stats: size_sent 114030 1094745
stats: connected 2 218
stats: 201 0 35
stats: 400 1 43
stats: 500 95 1277
# stats: dump at 1669964778
stats: users 219 228
stats: {cpu,"tsung_controller@ip-172-31-50-29"} 1 1.2468827930174564 0.0 22.60434479701058 0.14992503748125938 1.4913745164973629 22
stats: {load,"tsung_controller@ip-172-31-50-29"} 1 0.01171875 0.0 0.58984375 0.01171875 0.16761363636363635 22
stats: {freemem,"tsung_controller@ip-172-31-50-29"} 1 665.4921875 0.0 692.27734375 665.4921875 680.1058238636364 22
stats: session 79 32156.959392405068 31042.010466648735 110638.322 10.406 35251.815233663365 505
stats: users_count 80 803
stats: finish_users_count 79 584
stats: request 470 3756.5308276595792 7506.187988125955 53593.669 0.621 5737.094584826427 3572
stats: connect 79 1.4632025316455695 0.5478435834180456 7.394 1.01 1.4404094052558782 723
stats: page 163 12654.474797546005 20288.365583459497 91359.413 1.399 16297.97604061372 1108
stats: 200 25 434
stats: size_rcv 2276905 44822117
stats: newphase 0 3
stats: 502 365 2173
stats: size_sent 111977 1206722
stats: connected 0 218
stats: 201 2 37
stats: 400 7 50
stats: 500 71 1348
# stats: dump at 1669964788
stats: users 217 228
stats: {cpu,"tsung_controller@ip-172-31-50-29"} 1 1.05 0.0 22.60434479701058 0.14992503748125938 1.4807444415634539 23
stats: {load,"tsung_controller@ip-172-31-50-29"} 1 0.01171875 0.0 0.58984375 0.01171875 0.16083559782608695 23
stats: {freemem,"tsung_controller@ip-172-31-50-29"} 1 665.96484375 0.0 692.27734375 665.4921875 679.4704483695652 23
stats: session 83 26408.27010843374 27556.23756689006 111227.044 10.406 34833.16178938356 584
stats: users_count 81 884
stats: finish_users_count 83 667
stats: request 503 3528.560508946323 7370.842744274691 53593.669 0.612 5506.796473527957 4042
stats: connect 82 1.4108658536585368 0.5442708427772354 7.394 0.95 1.4426546134663343 802
stats: page 165 9599.81636969697 14302.832628415705 91359.413 1.399 15830.71348937844 1271
stats: 200 21 455
stats: size_rcv 1575231 46397348
stats: newphase 0 3
stats: 502 401 2574
stats: size_sent 116297 1323019
stats: connected -1 217
stats: 201 0 37
stats: 400 1 51
stats: 500 80 1428
# stats: dump at 1669964798
stats: users 234 240
stats: {cpu,"tsung_controller@ip-172-31-50-29"} 1 1.0005002501250626 0.0 22.60434479701058 0.14992503748125938 1.46279675649831 24
stats: {load,"tsung_controller@ip-172-31-50-29"} 1 0.01171875 0.0 0.58984375 0.01171875 0.15462239583333331 24
stats: {freemem,"tsung_controller@ip-172-31-50-29"} 1 666.375 0.0 692.27734375 665.4921875 678.90771484375 24
stats: session 133 18203.31433082706 25052.347873604307 111227.044 10.406 33784.78696251873 667
stats: users_count 150 1034
stats: finish_users_count 133 800
stats: request 814 2600.439960687958 6488.0781148171145 53593.669 0.612 5287.862988338834 4545
stats: connect 137 1.3367080291970808 0.4097127026278977 7.394 0.95 1.4397058823529412 884
stats: page 262 7558.329286259539 17575.169966529473 102117.56 1.399 15114.767789693593 1436
stats: 200 31 486
stats: size_rcv 2383413 48780761
stats: newphase 1 4
stats: 502 689 3263
stats: size_sent 171681 1494700
stats: connected 11 228
stats: 201 1 38
stats: 400 7 58
stats: 500 86 1514
# stats: dump at 1669964808
stats: users 235 242
stats: {cpu,"tsung_controller@ip-172-31-50-29"} 1 1.3527054108216432 0.0 22.60434479701058 0.14992503748125938 1.44430489624338 25
stats: {load,"tsung_controller@ip-172-31-50-29"} 1 0.01171875 0.0 0.58984375 0.01171875 0.14890625 25
stats: {freemem,"tsung_controller@ip-172-31-50-29"} 1 665.6484375 0.0 692.27734375 665.4921875 678.40640625 25
stats: session 151 18669.508509933778 24245.795515375255 111227.044 10.406 31194.367137499987 800
stats: users_count 152 1186
stats: finish_users_count 151 951
stats: connect 158 1.3276012658227851 0.35695792646223784 7.394 0.95 1.425885406464251 1021
stats: page 291 8062.799316151207 16814.202319564432 105038.835 1.399 13948.815558892815 1698
stats: request 853 2345.064627198125 6063.778800067322 53593.669 0.612 4879.659527896995 5359
stats: 200 37 523
stats: size_rcv 2395015 51175776
stats: newphase 0 4
stats: 502 727 3990
stats: size_sent 188806 1683506
stats: connected 12 240
stats: 201 1 39
stats: 400 5 63
stats: 500 83 1597
# stats: dump at 1669964818
stats: users 233 242
stats: {cpu,"tsung_controller@ip-172-31-50-29"} 1 1.6991504247876061 0.0 22.60434479701058 0.14992503748125938 1.4407818391117748 26
stats: {load,"tsung_controller@ip-172-31-50-29"} 1 0.0 0.0 0.58984375 0.0 0.14362980769230768 26
stats: {freemem,"tsung_controller@ip-172-31-50-29"} 1 666.65625 0.0 692.27734375 665.4921875 677.9157151442307 26
stats: session 142 18952.91007746478 24339.56057717058 111227.044 10.406 29205.667187171388 951
stats: users_count 140 1326
stats: finish_users_count 142 1093
stats: connect 139 1.3713237410071948 0.5375707711926692 7.394 0.95 1.4127141645462258 1179
stats: 200 25 548
stats: size_rcv 3108509 54284285
stats: page 285 7274.541221052633 16853.65766531353 106129.629 1.391 13087.6638612368 1989
stats: newphase 0 4
stats: 502 731 4721
stats: size_sent 176573 1860079
stats: connected -9 231
stats: 201 0 39
stats: 400 1 64
stats: 500 86 1683
stats: request 843 2243.4624970344034 6250.607896385694 53593.669 0.605 4531.621947359948 6212
# stats: dump at 1669964828
stats: users 252 257
stats: {cpu,"tsung_controller@ip-172-31-50-29"} 1 1.3 0.0 22.60434479701058 0.14992503748125938 1.4503510459886573 27
stats: {load,"tsung_controller@ip-172-31-50-29"} 1 0.0 0.0 0.58984375 0.0 0.13831018518518517 27
stats: {freemem,"tsung_controller@ip-172-31-50-29"} 1 666.1484375 0.0 692.27734375 665.4921875 677.4986979166666 27
stats: session 158 12681.1155 17324.106182973315 111227.044 10.406 27873.65299725525 1093
stats: users_count 177 1503
stats: finish_users_count 158 1251
stats: request 1019 1908.4093954857713 5569.09611289287 53593.669 0.605 4258.210407087172 7055
stats: connect 176 1.3732954545454552 0.5310317072174202 7.394 0.95 1.4083490136570562 1318
stats: page 330 5139.395757575756 12506.263205282787 106129.629 1.315 12359.106274406331 2274
stats: 200 27 575
stats: size_rcv 1736946 56021231
stats: newphase 0 4
stats: 502 903 5624
stats: size_sent 214880 2074959
stats: connected 20 251
stats: 201 0 39
stats: 400 5 69
stats: 500 84 1767
# stats: dump at 1669964838
stats: users 247 257
stats: {cpu,"tsung_controller@ip-172-31-50-29"} 1 1.6991504247876061 0.0 22.60434479701058 0.14992503748125938 1.4449813657747765 28
stats: {load,"tsung_controller@ip-172-31-50-29"} 1 0.0 0.0 0.58984375 0.0 0.1333705357142857 28
stats: {freemem,"tsung_controller@ip-172-31-50-29"} 1 665.92578125 0.0 692.27734375 665.4921875 677.0933314732143 28
stats: session 155 13553.475451612905 19814.97033046585 111227.044 10.406 25954.851298960824 1251
stats: users_count 150 1653
stats: finish_users_count 155 1406
stats: request 962 1757.6192671517679 5505.700769059804 54644.365 0.605 3961.647708199158 8074
stats: connect 151 1.4280463576158926 0.5643476259222538 7.394 0.95 1.4042195448460513 1494
stats: page 315 4650.910222222222 12017.119070411276 106129.629 1.315 11444.166001536096 2604
stats: 200 19 594
stats: size_rcv 2434996 58456227
stats: newphase 0 4
stats: 502 860 6484
stats: size_sent 203852 2278811
stats: connected -6 245
stats: 201 0 39
stats: 400 5 74
stats: 500 78 1845
# stats: dump at 1669964848
stats: users 252 257
stats: {cpu,"tsung_controller@ip-172-31-50-29"} 1 1.8962075848303395 0.0 22.60434479701058 0.14992503748125938 1.4537458160855636 29
stats: {load,"tsung_controller@ip-172-31-50-29"} 1 0.0 0.0 0.58984375 0.0 0.12877155172413793 29
stats: {freemem,"tsung_controller@ip-172-31-50-29"} 1 666.09765625 0.0 692.27734375 665.4921875 676.7082435344828 29
stats: session 152 18076.73342763158 23876.920721077626 121622.624 10.406 24587.701045519196 1406
stats: users_count 157 1810
stats: finish_users_count 152 1558
stats: request 969 1941.611137254906 5771.2466105454505 54644.365 0.605 3727.00014729969 9036
stats: connect 162 1.5315987654320986 1.0607312203036503 11.687 0.95 1.4064066869300913 1645
stats: page 328 7860.363689024393 17312.595335607202 106129.629 1.315 10711.08084549503 2919
stats: 200 29 623
stats: size_rcv 2485887 60942114
stats: newphase 0 4
stats: 502 859 7343
stats: size_sent 210973 2489784
stats: connected 6 251
stats: 201 0 39
stats: 400 4 78
stats: 500 77 1922
# stats: dump at 1669964858
stats: users 310 312
stats: {cpu,"tsung_controller@ip-172-31-50-29"} 1 2.1457085828343314 0.0 22.60434479701058 0.14992503748125938 1.4684945417103896 30
stats: {load,"tsung_controller@ip-172-31-50-29"} 1 0.0 0.0 0.58984375 0.0 0.12447916666666667 30
stats: {freemem,"tsung_controller@ip-172-31-50-29"} 1 665.08203125 0.0 692.27734375 665.08203125 676.3545572916667 30
stats: session 274 10874.222602189777 17505.631723300725 121622.624 10.406 23952.484692554546 1558
stats: users_count 332 2142
stats: finish_users_count 274 1832
stats: connect 323 1.615170278637771 2.1212211271049486 34.724 0.95 1.4176303265080246 1807
stats: page 577 3111.3906568457523 10714.323767347476 106129.629 1.315 10423.11188112103 3247
stats: request 1803 1228.5223172490241 4670.453337196806 54980.175 0.605 3554.082411094453 10005
stats: 200 23 646
stats: size_rcv 2696495 63638609
stats: newphase 1 5
stats: 502 1673 9016
stats: size_sent 359881 2849665
stats: connected 58 309
stats: 201 0 39
stats: 400 15 93
stats: 500 92 2014
# stats: dump at 1669964868
stats: users 275 323
stats: {cpu,"tsung_controller@ip-172-31-50-29"} 1 3.7369207772795217 0.0 22.60434479701058 0.14992503748125938 1.4903401559401943 31
stats: {load,"tsung_controller@ip-172-31-50-29"} 1 0.0 0.0 0.58984375 0.0 0.12046370967741936 31
stats: {freemem,"tsung_controller@ip-172-31-50-29"} 1 663.14453125 0.0 692.27734375 663.14453125 675.9909274193549 31
stats: session 345 9326.422243478262 15310.64735513734 121622.624 8.481 21996.456410480343 1832
stats: users_count 310 2452
stats: finish_users_count 345 2177
stats: request 1964 970.528034623218 3967.321579745756 54980.175 0.605 3198.985455707994 11808
stats: 200 34 680
stats: connect 313 1.3635335463258782 0.591694625651445 34.724 0.946 1.4475859154929578 2130
stats: page 654 2937.268735474004 10185.955536706279 106129.629 1.297 9319.85269011506 3824
stats: size_rcv 2032244 65670853
stats: newphase 0 5
stats: 502 1842 10858
stats: size_sent 401232 3250897
stats: connected -23 286
stats: 201 3 42
stats: 400 6 99
stats: 500 79 2093
# stats: dump at 1669964878
stats: users 308 323
stats: {cpu,"tsung_controller@ip-172-31-50-29"} 1 3.8922155688622757 0.0 22.60434479701058 0.14992503748125938 1.5605458003570483 32
stats: {load,"tsung_controller@ip-172-31-50-29"} 1 0.0 0.0 0.58984375 0.0 0.11669921875 32
stats: {freemem,"tsung_controller@ip-172-31-50-29"} 1 662.51953125 0.0 692.27734375 662.51953125 675.5894775390625 32
stats: session 328 9327.896277439024 17630.939246004094 139897.393 8.481 19988.57318236104 2177
stats: users_count 361 2813
stats: finish_users_count 328 2505
stats: connect 357 1.3835042016806722 0.6838112039060108 34.724 0.946 1.4368170282439625 2443
stats: request 2067 675.2813164005793 3489.2666069684014 54980.175 0.605 2881.1891752105716 13772
stats: page 691 2535.233795947901 9755.382706239052 106129.629 1.297 8387.693264850377 4478
stats: 200 18 698
stats: size_rcv 1354259 67025112
stats: newphase 0 5
stats: 502 1988 12846
stats: size_sent 400210 3651107
stats: connected 19 305
stats: 201 0 42
stats: 400 4 103
stats: 500 57 2150
# stats: dump at 1669964888
stats: users 293 323
stats: {cpu,"tsung_controller@ip-172-31-50-29"} 1 3.7792143212332174 0.0 22.60434479701058 0.14992503748125938 1.6312024600087218 33
stats: {load,"tsung_controller@ip-172-31-50-29"} 1 0.0 0.0 0.58984375 0.0 0.11316287878787878 33
stats: {freemem,"tsung_controller@ip-172-31-50-29"} 1 662.13671875 0.0 692.27734375 662.13671875 675.193418560606 33
stats: session 361 7455.871883656512 12673.904685091537 139897.393 8.481 18592.684150498997 2505
stats: users_count 346 3159
stats: finish_users_count 361 2866
stats: request 2132 1076.4600773921209 4853.6888000769595 54980.175 0.605 2593.3167372940206 15839
stats: 200 27 725
stats: connect 349 1.3374126074498571 0.604128993855129 34.724 0.903 1.430019642857143 2800
stats: page 714 3026.899194677865 10750.278416537523 106129.629 1.297 7605.327334687559 5169
stats: size_rcv 4280164 71305276
stats: newphase 0 5
stats: 502 2021 14867
stats: size_sent 426055 4077162
stats: connected -9 296
stats: 201 3 45
stats: 400 9 112
stats: 500 72 2222
# stats: dump at 1669964898
stats: users 281 323
stats: {cpu,"tsung_controller@ip-172-31-50-29"} 1 3.722084367245657 0.0 22.60434479701058 0.14992503748125938 1.6943792794565011 34
stats: {load,"tsung_controller@ip-172-31-50-29"} 1 0.078125 0.0 0.58984375 0.0 0.10983455882352941 34
stats: {freemem,"tsung_controller@ip-172-31-50-29"} 1 661.70703125 0.0 692.27734375 661.70703125 674.8093979779412 34
stats: session 342 9705.436403508758 15281.13829760399 139897.393 8.481 17189.896562107464 2866
stats: users_count 330 3489
stats: finish_users_count 342 3208
stats: request 1955 920.2889744245512 3890.7536870663394 54980.175 0.605 2413.363568360135 17971
stats: connect 328 1.2925975609756104 0.5736298279432879 34.724 0.903 1.4197561130517626 3149
stats: page 665 3234.334813533837 10926.355158130911 106129.629 1.297 7049.658850586434 5883
stats: 200 20 745
stats: size_rcv 604162 71909438
stats: newphase 0 5
stats: 502 1850 16717
stats: size_sent 390191 4467353
stats: connected -12 284
stats: 201 0 45
stats: 400 10 122
stats: 500 75 2297
# stats: dump at 1669964908
stats: users 254 323
stats: {cpu,"tsung_controller@ip-172-31-50-29"} 1 3.580308304326206 0.0 22.60434479701058 0.14992503748125938 1.7523137105361914 35
stats: {load,"tsung_controller@ip-172-31-50-29"} 1 0.0703125 0.0 0.58984375 0.0 0.10892857142857143 35
stats: {freemem,"tsung_controller@ip-172-31-50-29"} 1 660.9765625 0.0 692.27734375 660.9765625 674.4350446428572 35
stats: session 291 9632.916859106539 15880.360739406771 139897.393 8.481 16391.989649937652 3208
stats: users_count 264 3753
stats: finish_users_count 291 3499
stats: request 1765 1245.2451467422054 5012.074530029181 54980.175 0.605 2266.8735136003206 19926
stats: connect 276 1.3516485507246376 0.7089907066637622 34.724 0.825 1.4077607132585566 3477
stats: page 590 3403.612237288138 10890.056333864462 106129.629 1.297 6662.1832115149655 6548
stats: 200 33 778
stats: size_rcv 4639619 76549057
stats: newphase 0 5
stats: 502 1647 18364
stats: size_sent 369356 4836709
stats: connected -24 260
stats: 201 2 47
stats: 400 13 135
stats: 500 71 2368
# stats: dump at 1669964918
stats: users 390 393
stats: {cpu,"tsung_controller@ip-172-31-50-29"} 1 3.14214463840399 0.0 22.60434479701058 0.14992503748125938 1.8030913381414697 36
stats: {load,"tsung_controller@ip-172-31-50-29"} 1 0.05859375 0.0 0.58984375 0.0 0.10785590277777778 36
stats: {freemem,"tsung_controller@ip-172-31-50-29"} 1 661.7265625 0.0 692.27734375 660.9765625 674.0611979166666 36
stats: session 442 7550.278597285059 13665.537265464967 139897.393 8.481 15829.860418119459 3499
stats: users_count 578 4331
stats: finish_users_count 442 3941
stats: request 3051 681.2136001311043 3421.0432832948045 56435.291 0.591 2183.7434565487983 21691
stats: 200 48 826
stats: connect 554 1.3234855595667863 0.6674845451563055 34.724 0.825 1.4036341593391959 3753
stats: page 977 2291.744783009214 8985.442568396855 106129.629 1.253 6392.842097086017 7138
stats: size_rcv 1899867 78448924
stats: newphase 1 6
stats: 502 2922 21286
stats: size_sent 613525 5450234
stats: connected 118 378
stats: 201 3 50
stats: 400 14 149
stats: 500 63 2431
# stats: dump at 1669964928
stats: users 367 413
stats: {cpu,"tsung_controller@ip-172-31-50-29"} 1 6.982543640897755 0.0 22.60434479701058 0.14992503748125938 1.8392819678782948 37
stats: {load,"tsung_controller@ip-172-31-50-29"} 1 0.05078125 0.0 0.58984375 0.0 0.10652449324324324 37
stats: {freemem,"tsung_controller@ip-172-31-50-29"} 1 653.1640625 0.0 692.27734375 653.1640625 673.7278293918919 37
stats: session 668 6516.225435628747 12246.734617309248 139897.393 8.481 14901.26991702613 3941
stats: users_count 645 4976
stats: finish_users_count 668 4609
stats: connect 657 1.2986925418569262 0.5906203429342365 34.724 0.825 1.3933248200603672 4307
stats: page 1311 1742.2188436308159 7699.6903088228 106129.629 1.253 5899.093227603204 8115
stats: request 3928 444.97035183299533 2741.6822129907205 57413.414 0.591 1998.4626145824907 24742
stats: 200 20 846
stats: size_rcv 2651301 81100225
stats: newphase 0 6
stats: 502 3814 25100
stats: size_sent 764950 6215184
stats: connected -1 377
stats: 201 0 50
stats: 400 1 150
stats: 500 93 2524
# stats: dump at 1669964938
stats: users 408 414
stats: {cpu,"tsung_controller@ip-172-31-50-29"} 1 7.972097658196313 0.0 22.60434479701058 0.14992503748125938 1.9746309592735438 38
stats: {load,"tsung_controller@ip-172-31-50-29"} 1 0.0390625 0.0 0.58984375 0.0 0.10505756578947369 38
stats: {freemem,"tsung_controller@ip-172-31-50-29"} 1 652.51953125 0.0 692.27734375 652.51953125 673.186677631579 38
stats: session 610 5531.449024590167 9397.18655354285 139897.393 8.481 13685.993346495983 4609
stats: users_count 651 5627
stats: finish_users_count 610 5219
stats: connect 652 1.3231533742331287 0.79166803077734 34.724 0.825 1.3807999597099117 4964
stats: page 1286 1320.8932651632945 6064.6948780909825 106129.629 1.253 5320.941061531932 9426
stats: 200 18 864
stats: size_rcv 3358697 84458922
stats: newphase 0 6
stats: 502 3798 28898
stats: size_sent 749481 6964665
stats: connected 32 409
stats: 201 1 51
stats: 400 2 152
stats: 500 79 2603
stats: request 3898 447.7478145202653 2888.473564257284 57413.414 0.591 1785.622795674921 28670
# stats: dump at 1669964948
stats: users 391 414
stats: {cpu,"tsung_controller@ip-172-31-50-29"} 1 7.07070707070707 0.0 22.60434479701058 0.14992503748125938 2.12841215668182 39
stats: {load,"tsung_controller@ip-172-31-50-29"} 1 0.03125 0.0 0.58984375 0.0 0.10336538461538461 39
stats: {freemem,"tsung_controller@ip-172-31-50-29"} 1 654.65625 0.0 692.27734375 652.51953125 672.6567508012821 39
stats: session 647 5722.175221020088 9400.883440843802 139897.393 8.481 12732.885081241615 5219
stats: users_count 630 6257
stats: finish_users_count 647 5866
stats: request 3804 469.4942192429024 3027.444003891198 57413.414 0.591 1625.4951649778918 32568
stats: page 1282 1404.1435858034306 6937.5800569501 106129.629 1.253 4840.726212191934 10712
stats: 200 18 882
stats: size_rcv 3329845 87788767
stats: newphase 0 6
stats: 502 3705 32603
stats: size_sent 736302 7700967
stats: connected -23 386
stats: 201 1 52
stats: 400 0 152
stats: 500 80 2683
stats: connect 628 1.4050015923566859 0.8682258715393151 34.724 0.81 1.374107371794872 5616
# stats: dump at 1669964958
stats: users 382 414
stats: {cpu,"tsung_controller@ip-172-31-50-29"} 1 7.745779543197617 0.0 22.60434479701058 0.14992503748125938 2.2519695295324516 40
stats: {load,"tsung_controller@ip-172-31-50-29"} 1 0.03125 0.0 0.58984375 0.0 0.1015625 40
stats: {freemem,"tsung_controller@ip-172-31-50-29"} 1 657.5234375 0.0 692.27734375 652.51953125 672.2067382812501 40
stats: session 636 6758.459575471697 11339.890856630902 139897.393 8.481 11959.62744749403 5866
stats: users_count 627 6884
stats: finish_users_count 636 6502
stats: request 3749 644.3151933849008 3462.1603145554536 57413.414 0.591 1504.5937133784223 36372
stats: connect 631 1.3202503961965135 0.7270932886882321 34.724 0.81 1.377214606021781 6244
stats: page 1250 1733.1835616000003 6794.642717077394 106129.629 1.253 4473.400972319492 11994
stats: 200 40 922
stats: size_rcv 3307139 91095906
stats: newphase 0 6
stats: 502 3611 36214
stats: size_sent 728566 8429533
stats: connected -11 375
stats: 201 2 54
stats: 400 7 159
stats: 500 89 2772
# stats: dump at 1669964968
stats: users 383 414
stats: {cpu,"tsung_controller@ip-172-31-50-29"} 1 6.438631790744467 0.0 22.60434479701058 0.14992503748125938 2.385964895719407 41
stats: {load,"tsung_controller@ip-172-31-50-29"} 1 0.01953125 0.0 0.58984375 0.0 0.09984756097560976 41
stats: {freemem,"tsung_controller@ip-172-31-50-29"} 1 658.99609375 0.0 692.27734375 652.51953125 671.8486089939025 41
stats: session 596 6259.20136577182 10813.189810954997 139897.393 8.481 11450.869716548752 6502
stats: users_count 597 7481
stats: finish_users_count 596 7098
stats: connect 598 1.2365936454849495 0.5101220036636601 34.724 0.81 1.371986327272727 6875
stats: page 1183 1626.7683009298396 7058.36261721547 106129.629 1.253 4214.772781183931 13244
stats: 200 27 949
stats: request 3551 478.8735519571948 2756.314700765006 57413.414 0.591 1424.2072780588712 40121
stats: size_rcv 1818649 92914555
stats: newphase 0 6
stats: 502 3440 39654
stats: size_sent 683288 9112821
stats: connected 8 383
stats: 201 1 55
stats: 400 5 164
stats: 500 78 2850
# stats: dump at 1669964978
stats: users 211 414
stats: {cpu,"tsung_controller@ip-172-31-50-29"} 1 6.347607052896725 0.0 22.60434479701058 0.14992503748125938 2.482456964648575 42
stats: {load,"tsung_controller@ip-172-31-50-29"} 1 0.1015625 0.0 0.58984375 0.0 0.09793526785714286 42
stats: {freemem,"tsung_controller@ip-172-31-50-29"} 1 658.3046875 0.0 692.27734375 652.51953125 671.5425967261906 42
stats: session 261 9313.253651341 12155.640184232612 139897.393 8.481 11014.939266131303 7098
stats: users_count 89 7570
stats: finish_users_count 261 7359
stats: connect 97 1.3007938144329898 0.561758687931832 34.724 0.81 1.361152013916767 7473
stats: page 404 3408.203222772276 9017.715715797918 106129.629 1.253 4002.558925209675 14427
stats: 200 26 975
stats: size_rcv 2470798 95385353
stats: newphase 0 6
stats: 502 958 40612
stats: size_sent 233766 9346587
stats: connected -171 212
stats: 201 1 56
stats: 400 4 168
stats: 500 79 2929
stats: request 1068 1753.1667387640468 5546.369257372715 57413.414 0.591 1347.34155032973 43672
# stats: dump at 1669964988
stats: users 177 414
stats: {cpu,"tsung_controller@ip-172-31-50-29"} 1 1.2487512487512489 0.0 22.60434479701058 0.14992503748125938 2.572344176003183 43
stats: {load,"tsung_controller@ip-172-31-50-29"} 1 0.078125 0.0 0.58984375 0.0 0.09801962209302326 43
stats: {freemem,"tsung_controller@ip-172-31-50-29"} 1 661.1953125 0.0 692.27734375 652.51953125 671.2347383720931 43
stats: session 34 23849.616852941184 9035.29207700911 139897.393 8.481 10954.58596466911 7359
stats: users_count 0 7570
stats: finish_users_count 34 7393
stats: request 170 12495.0688 9802.737923710645 57413.414 0.591 1357.0291073535977 44740
stats: connect 0 0 0 34.724 0.81 1.360378599735799 7570
stats: page 52 18706.09394230769 12010.127881886407 106129.629 1.253 3986.3685332074697 14831
stats: 200 31 1006
stats: size_rcv 2902513 98287866
stats: newphase 0 6
stats: 502 50 40662
stats: size_sent 35335 9381922
stats: connected -35 177
stats: 201 1 57
stats: 400 16 184
stats: 500 72 3001
# stats: dump at 1669964998
stats: users 132 414
stats: {cpu,"tsung_controller@ip-172-31-50-29"} 1 0.45045045045045046 0.0 22.60434479701058 0.14992503748125938 2.542262518565639 44
stats: {load,"tsung_controller@ip-172-31-50-29"} 1 0.0703125 0.0 0.58984375 0.0 0.09756747159090909 44
stats: {freemem,"tsung_controller@ip-172-31-50-29"} 1 661.14453125 0.0 692.27734375 652.51953125 671.0065696022729 44
stats: session 45 33055.253288888896 8557.388624235824 139897.393 8.481 11013.88950182605 7393
stats: users_count 0 7570
stats: finish_users_count 45 7438
stats: request 128 14798.544421875002 5927.818005680063 57413.414 0.591 1399.190468915608 44910
stats: connect 0 0 0 34.724 0.81 1.360378599735799 7570
stats: page 53 31489.022188679246 14053.651687231159 106129.629 1.253 4037.798064973458 14883
stats: 200 47 1053
stats: size_rcv 1452976 99740842
stats: newphase 0 6
stats: 502 0 40662
stats: size_sent 23584 9405506
stats: connected -45 132
stats: 201 0 57
stats: 400 6 190
stats: 500 75 3076
# stats: dump at 1669965008
stats: users 49 414
stats: {cpu,"tsung_controller@ip-172-31-50-29"} 1 0.35052578868302453 0.0 22.60434479701058 0.14992503748125938 2.495777805940857 45
stats: {load,"tsung_controller@ip-172-31-50-29"} 1 0.05859375 0.0 0.58984375 0.0 0.09696180555555556 45
stats: {freemem,"tsung_controller@ip-172-31-50-29"} 1 662.91796875 0.0 692.27734375 652.51953125 670.7874131944446 45
stats: session 83 49468.64571084337 15897.540108770821 139897.393 8.481 11147.240049072328 7438
stats: users_count 0 7570
stats: finish_users_count 83 7521
stats: connect 0 0 0 34.724 0.81 1.360378599735799 7570
stats: request 247 7782.420817813763 8086.381170719918 57413.414 0.591 1437.2720290643447 45038
stats: page 133 29861.905112781966 22884.270621044223 106129.629 1.253 4135.208005958756 14936
stats: 200 108 1161
stats: size_rcv 2951289 102692131
stats: newphase 0 6
stats: 502 0 40662
stats: size_sent 73179 9478685
stats: connected -83 49
stats: 201 39 96
stats: 400 28 218
stats: 500 73 3149
# stats: dump at 1669965018
stats: users 19 414
stats: {cpu,"tsung_controller@ip-172-31-50-29"} 1 0.9970089730807578 0.0 22.60434479701058 0.14992503748125938 2.4491418925222086 46
stats: {load,"tsung_controller@ip-172-31-50-29"} 1 0.05078125 0.0 0.58984375 0.0 0.09612771739130435 46
stats: {freemem,"tsung_controller@ip-172-31-50-29"} 1 672.05859375 0.0 692.27734375 652.51953125 670.6163383152176 46
stats: session 30 61771.03243333333 17106.51847422756 139897.393 8.481 11570.146134689534 7521
stats: users_count 0 7570
stats: finish_users_count 30 7551
stats: request 83 3233.990662650602 6069.214605918471 57413.414 0.591 1471.8806577674718 45285
stats: connect 0 0 0 34.724 0.81 1.360378599735799 7570
stats: page 45 21398.30828888889 25883.8374771094 106129.629 1.253 4362.273552126881 15069
stats: 200 34 1195
stats: size_rcv 728520 103420651
stats: newphase 0 6
stats: 502 0 40662
stats: size_sent 50366 9529051
stats: connected -30 19
stats: 201 8 104
stats: 400 26 244
stats: 500 14 3163
# stats: dump at 1669965028
stats: users 2 414
stats: {cpu,"tsung_controller@ip-172-31-50-29"} 1 0.35035035035035034 0.0 22.60434479701058 0.14992503748125938 2.4182454474277093 47
stats: {load,"tsung_controller@ip-172-31-50-29"} 1 0.0390625 0.0 0.58984375 0.0 0.0951628989361702 47
stats: {freemem,"tsung_controller@ip-172-31-50-29"} 1 679.51171875 0.0 692.27734375 652.51953125 670.6470246010641 47
stats: session 17 68054.1545882353 15807.820596924641 139897.393 8.481 11769.593438220101 7551
stats: users_count 0 7570
stats: finish_users_count 17 7568
stats: request 48 6586.7574791666675 14373.180200867608 57413.414 0.591 1475.1044086580841 45368
stats: page 24 22626.680500000002 28524.160021290027 106129.629 1.253 4412.996164483259 15114
stats: connect 0 0 0 34.724 0.81 1.360378599735799 7570
stats: 200 27 1222
stats: size_rcv 3584274 107004925
stats: newphase 0 6
stats: 502 0 40662
stats: size_sent 22230 9551281
stats: connected -17 2
stats: 201 7 111
stats: 400 10 254
stats: 500 4 3167
# stats: dump at 1669965035
stats: users 0 414
stats: {cpu,"tsung_controller@ip-172-31-50-29"} 1 0.2001000500250125 0.0 22.60434479701058 0.14992503748125938 2.375164299571931 48
stats: {load,"tsung_controller@ip-172-31-50-29"} 1 0.03125 0.0 0.58984375 0.0 0.093994140625 48
stats: {freemem,"tsung_controller@ip-172-31-50-29"} 1 683.1171875 0.0 692.27734375 652.51953125 670.831705729167 48
stats: session 2 78497.1975 13391.573499999997 139897.393 8.481 11896.025459830866 7568
stats: users_count 0 7570
stats: finish_users_count 2 7570
stats: request 4 6.7517499999999995 2.306801830998926 57413.414 0.591 1480.506895609476 45416
stats: connect 0 0 0 34.724 0.81 1.360378599735799 7570
stats: page 2 13.6155 1.9375 106129.629 1.253 4441.872398071077 15138
stats: 200 2 1224
stats: size_rcv 564 107005489
stats: newphase 0 6
stats: 502 0 40662
stats: size_sent 3038 9554319
stats: connected -2 0
stats: 201 0 111
stats: 400 2 256
stats: 500 0 3167
EndMonitor:{1669,965035,26728}