# stats: dump at 1669964491
stats: users 10 10
stats: {freemem,"tsung_controller@ip-172-31-59-0"} 1 553.984375 0 553.984375 553.984375 0 0
stats: {load,"tsung_controller@ip-172-31-59-0"} 1 0.62109375 0 0.62109375 0.62109375 0 0
stats: {cpu,"tsung_controller@ip-172-31-59-0"} 1 53.61552028218695 0 53.61552028218695 53.61552028218695 0 0
stats: users_count 10 10
stats: finish_users_count 0 0
stats: request 8 576.0563749999999 172.97944390442575 861.871 275.424 0 0
stats: connect 9 2.371777777777778 2.265653537197884 8.456 1.193 0 0
stats: 200 8 8
stats: size_rcv 2130 2130
stats: size_sent 7707 7707
stats: connected 9 9
# stats: dump at 1669964501
stats: users 21 21
stats: {freemem,"tsung_controller@ip-172-31-59-0"} 1 688.7265625 0.0 688.7265625 553.984375 553.984375 1
stats: {load,"tsung_controller@ip-172-31-59-0"} 1 0.6015625 0.0 0.62109375 0.6015625 0.62109375 1
stats: {cpu,"tsung_controller@ip-172-31-59-0"} 1 15.784165405950578 0.0 53.61552028218695 15.784165405950578 53.61552028218695 1
stats: users_count 11 21
stats: finish_users_count 0 0
stats: connect 12 1.4905000000000002 0.410923451914506 8.456 1.193 2.371777777777778 9
stats: 200 7 15
stats: page 2 15324.078000000001 1825.1970000000006 17149.275 13498.881 0 0
stats: size_rcv 1423655 1425785
stats: size_sent 10183 17890
stats: connected 12 21
stats: 201 1 1
stats: 500 5 5
stats: request 13 4496.144461538463 3368.003787490918 11363.945 275.424 576.0563749999999 8
# stats: dump at 1669964511
stats: users 32 32
stats: {freemem,"tsung_controller@ip-172-31-59-0"} 1 687.96875 0.0 688.7265625 553.984375 621.35546875 2
stats: {load,"tsung_controller@ip-172-31-59-0"} 1 0.51171875 0.0 0.62109375 0.51171875 0.611328125 2
stats: {cpu,"tsung_controller@ip-172-31-59-0"} 1 0.25 0.0 53.61552028218695 0.25 34.69984284406876 2
stats: session 2 21448.0975 2087.746500000001 23535.844 19360.351 0 0
stats: users_count 13 34
stats: finish_users_count 2 2
stats: request 30 6934.317366666668 5847.199948190818 24166.608 36.907 3002.777571428572 21
stats: connect 11 1.3858181818181816 0.2622461779535398 8.456 1.139 1.8681904761904764 21
stats: page 8 14508.931874999998 6198.276263643818 23369.126 5489.346 15324.078000000001 2
stats: 200 9 24
stats: size_rcv 2848662 4274447
stats: size_sent 15686 33576
stats: connected 9 30
stats: 201 2 3
stats: 500 19 24
# stats: dump at 1669964521
stats: users 33 34
stats: {freemem,"tsung_controller@ip-172-31-59-0"} 1 685.93359375 0.0 688.7265625 553.984375 643.5598958333334 3
stats: {load,"tsung_controller@ip-172-31-59-0"} 1 0.4296875 0.0 0.62109375 0.4296875 0.578125 3
stats: {cpu,"tsung_controller@ip-172-31-59-0"} 1 0.3494757863205192 0.0 53.61552028218695 0.25 23.216561896045842 3
stats: session 6 24864.822833333335 3581.1572300426596 30641.646 19360.351 21448.0975 2
stats: users_count 7 41
stats: finish_users_count 6 8
stats: request 41 5897.188170731708 6087.012105563487 33223.176 18.338 5315.448039215687 51
stats: connect 9 1.5824444444444443 0.7717957575408306 8.456 1.139 1.7023750000000002 32
stats: page 15 13761.810666666663 8019.117768919012 30144.6 5239.628 14671.961099999997 10
stats: 200 8 32
stats: size_rcv 1429529 5703976
stats: size_sent 13466 47042
stats: connected 3 33
stats: 201 0 3
stats: 500 33 57
# stats: dump at 1669964531
stats: users 28 34
stats: {freemem,"tsung_controller@ip-172-31-59-0"} 1 684.28125 0.0 688.7265625 553.984375 654.1533203125 4
stats: {load,"tsung_controller@ip-172-31-59-0"} 1 0.359375 0.0 0.62109375 0.359375 0.541015625 4
stats: {cpu,"tsung_controller@ip-172-31-59-0"} 1 0.3498250874562719 0.0 53.61552028218695 0.25 17.499790368614512 4
stats: session 12 29093.410250000004 8884.747498931602 44390.189 19360.351 24010.6415 8
stats: users_count 7 48
stats: finish_users_count 12 20
stats: request 55 5395.476399999998 7261.482540808453 38338.481 5.11 5574.701793478262 92
stats: connect 7 1.8418571428571429 1.0974874458860797 8.456 1.139 1.676048780487805 41
stats: page 24 13924.566958333335 12249.797159459897 40803.876 2035.114 14125.870839999998 25
stats: 200 24 56
stats: size_rcv 2141217 7845193
stats: size_sent 22587 69629
stats: connected -5 28
stats: 201 2 5
stats: 500 29 86
# stats: dump at 1669964541
stats: users 28 35
stats: {freemem,"tsung_controller@ip-172-31-59-0"} 1 684.92578125 0.0 688.7265625 553.984375 660.17890625 5
stats: {load,"tsung_controller@ip-172-31-59-0"} 1 0.30859375 0.0 0.62109375 0.30859375 0.5046875 5
stats: {cpu,"tsung_controller@ip-172-31-59-0"} 1 0.44932601098352476 0.0 53.61552028218695 0.25 14.069797312382864 5
stats: session 12 31134.355916666667 9868.612909997319 49875.266 19360.351 27060.302750000003 20
stats: users_count 12 60
stats: finish_users_count 12 32
stats: request 50 5596.522680000002 8062.058697825433 40524.312 5.048 5507.644673469387 147
stats: connect 12 1.8196666666666665 0.7577183220402919 8.456 1.105 1.7002291666666667 48
stats: page 21 11489.246333333334 10824.789714743567 44478.07 1583.703 14027.273020408164 49
stats: 200 19 75
stats: size_rcv 2140383 9985576
stats: size_sent 21662 91291
stats: connected 0 28
stats: 201 5 10
stats: 500 26 112
# stats: dump at 1669964551
stats: users 36 36
stats: {freemem,"tsung_controller@ip-172-31-59-0"} 1 684.00390625 0.0 688.7265625 553.984375 664.3033854166666 6
stats: {load,"tsung_controller@ip-172-31-59-0"} 1 0.26171875 0.0 0.62109375 0.26171875 0.4720052083333333 6
stats: {cpu,"tsung_controller@ip-172-31-59-0"} 1 0.4491017964071856 0.0 53.61552028218695 0.25 11.79971876214964 6
stats: session 7 29009.112857142853 14598.12686222706 57002.409 17009.227 28588.072687500004 32
stats: users_count 15 75
stats: finish_users_count 7 39
stats: request 36 6064.410972222222 8395.430707085236 40524.312 4.524 5530.202543147208 197
stats: connect 15 1.4313333333333336 0.538738114073578 8.456 1.105 1.7241166666666667 60
stats: page 14 17445.735000000004 16747.931311434066 50871.755 1583.703 13265.865014285713 70
stats: 200 12 87
stats: size_rcv 1428977 11414553
stats: newphase 1 1
stats: size_sent 18327 109618
stats: connected 8 36
stats: 201 0 10
stats: 500 24 136
# stats: dump at 1669964561
stats: users 46 47
stats: {freemem,"tsung_controller@ip-172-31-59-0"} 1 683.85546875 0.0 688.7265625 553.984375 667.1177455357143 7
stats: {load,"tsung_controller@ip-172-31-59-0"} 1 0.21875 0.0 0.62109375 0.21875 0.4419642857142857 7
stats: {cpu,"tsung_controller@ip-172-31-59-0"} 1 0.2001000500250125 0.0 53.61552028218695 0.2001000500250125 10.178202052757863 7
stats: session 7 27636.018000000004 10195.230415217698 57002.409 17009.227 28663.644000000004 39
stats: users_count 17 92
stats: finish_users_count 7 46
stats: request 56 7126.963053571427 8707.068945207315 41572.825 4.524 5612.741184549356 233
stats: connect 17 1.3985882352941177 0.3590233580511129 8.456 1.105 1.66556 75
stats: page 13 15518.760923076927 15299.820354980957 50871.755 1583.703 13962.510011904762 84
stats: 200 14 101
stats: size_rcv 2854200 14268753
stats: newphase 0 1
stats: size_sent 23628 133246
stats: connected 10 46
stats: 201 2 12
stats: 500 40 176
# stats: dump at 1669964571
stats: users 50 53
stats: {freemem,"tsung_controller@ip-172-31-59-0"} 1 681.40234375 0.0 688.7265625 553.984375 669.2099609375 8
stats: {load,"tsung_controller@ip-172-31-59-0"} 1 0.1796875 0.0 0.62109375 0.1796875 0.4140625 8
stats: {cpu,"tsung_controller@ip-172-31-59-0"} 1 0.3498250874562719 0.0 53.61552028218695 0.2001000500250125 8.930939302416256 8
stats: session 16 30731.995750000002 15680.71885115871 61428.343 17009.227 28507.266130434786 46
stats: users_count 20 112
stats: finish_users_count 16 62
stats: request 93 4905.1656989247285 5389.250462610394 41572.825 4.524 5906.154418685121 289
stats: connect 20 1.28325 0.08977297756006537 8.456 1.105 1.6162282608695653 92
stats: page 38 14727.16497368421 12313.765185327662 52186.629 1583.703 14171.079721649485 97
stats: 200 33 134
stats: size_rcv 1438966 15707719
stats: newphase 0 1
stats: size_sent 40086 173332
stats: connected 5 51
stats: 201 8 20
stats: 500 52 228
# stats: dump at 1669964581
stats: users 57 60
stats: {freemem,"tsung_controller@ip-172-31-59-0"} 1 682.60546875 0.0 688.7265625 553.984375 670.5646701388889 9
stats: {load,"tsung_controller@ip-172-31-59-0"} 1 0.16015625 0.0 0.62109375 0.16015625 0.3880208333333333 9
stats: {cpu,"tsung_controller@ip-172-31-59-0"} 1 0.3501750875437719 0.0 53.61552028218695 0.2001000500250125 7.9774821674207015 9
stats: session 12 29473.221083333337 12694.765942363972 61428.343 17009.227 29081.38990322581 62
stats: users_count 19 131
stats: finish_users_count 12 74
stats: request 69 5897.949318840581 7142.978016914444 41572.825 4.524 5662.458212041884 382
stats: page 26 12951.661076923074 9219.69493030207 52186.629 1583.703 14327.607422222221 135
stats: connect 18 1.319722222222222 0.14180573783860304 8.456 1.063 1.5567678571428571 112
stats: 200 18 152
stats: size_rcv 2146134 17853853
stats: newphase 0 1
stats: size_sent 30566 203898
stats: connected 8 59
stats: 201 2 22
stats: 500 49 277
# stats: dump at 1669964591
stats: users 54 60
stats: {freemem,"tsung_controller@ip-172-31-59-0"} 1 681.0859375 0.0 688.7265625 553.984375 671.76875 10
stats: {load,"tsung_controller@ip-172-31-59-0"} 1 0.12890625 0.0 0.62109375 0.12890625 0.365234375 10
stats: {cpu,"tsung_controller@ip-172-31-59-0"} 1 0.5 0.0 53.61552028218695 0.2001000500250125 7.214751459433009 10
stats: session 20 30560.249250000004 14253.372214388643 63905.265 17009.227 29144.930094594594 74
stats: users_count 17 148
stats: finish_users_count 20 94
stats: 200 27 179
stats: request 104 4918.478519230769 5313.372291501416 41572.825 4.524 5698.486784922394 451
stats: size_rcv 1442315 19296168
stats: newphase 0 1
stats: size_sent 33351 237249
stats: connect 18 1.722 1.03799486190122 8.456 1.063 1.5239461538461538 130
stats: connected -5 54
stats: 201 0 22
stats: page 41 13410.733048780488 12756.142620593406 52186.629 1583.703 14105.404906832298 161
stats: 500 77 354
# stats: dump at 1669964601
stats: users 69 72
stats: {freemem,"tsung_controller@ip-172-31-59-0"} 1 681.21484375 0.0 688.7265625 553.984375 672.6157670454545 11
stats: {load,"tsung_controller@ip-172-31-59-0"} 1 0.109375 0.0 0.62109375 0.109375 0.34375 11
stats: {cpu,"tsung_controller@ip-172-31-59-0"} 1 0.3501750875437719 0.0 53.61552028218695 0.2001000500250125 6.604319508575463 11
stats: session 15 30408.632466666677 11639.827352762795 63905.265 17009.227 29446.06182978723 94
stats: users_count 30 178
stats: finish_users_count 15 109
stats: request 84 5414.495821428569 5384.9529434491915 41572.825 4.524 5552.323073873873 555
stats: connect 30 1.5885999999999996 0.5916060400863623 8.456 1.063 1.5480337837837839 148
stats: page 30 15153.55243333333 12088.328845476712 52186.629 1583.703 13964.407153465347 202
stats: 200 17 196
stats: size_rcv 1439090 20735258
stats: newphase 0 1
stats: size_sent 30647 267896
stats: connected 18 72
stats: 201 4 26
stats: 500 64 418
# stats: dump at 1669964611
stats: users 109 111
stats: {freemem,"tsung_controller@ip-172-31-59-0"} 1 680.96875 0.0 688.7265625 553.984375 673.3323567708334 12
stats: {load,"tsung_controller@ip-172-31-59-0"} 1 0.08984375 0.0 0.62109375 0.08984375 0.32421875 12
stats: {cpu,"tsung_controller@ip-172-31-59-0"} 1 0.5491762356465303 0.0 53.61552028218695 0.2001000500250125 6.083140806822822 12
stats: session 16 35174.15625 12570.468074685548 63905.265 17009.227 29578.525678899085 109
stats: users_count 56 234
stats: finish_users_count 16 125
stats: request 116 6525.429224137932 6158.149294787652 41572.825 4.524 5534.20493740219 639
stats: connect 56 1.4072857142857143 0.38720448244369515 8.456 1.063 1.5548707865168538 178
stats: page 39 14304.188846153844 9193.130203689334 52186.629 1583.703 14118.175939655172 232
stats: 200 27 223
stats: size_rcv 2868583 23603841
stats: newphase 1 2
stats: size_sent 43929 311825
stats: connected 37 109
stats: 201 6 32
stats: 500 82 500
# stats: dump at 1669964621
stats: users 148 148
stats: {freemem,"tsung_controller@ip-172-31-59-0"} 1 680.4921875 0.0 688.7265625 553.984375 673.9197716346154 13
stats: {load,"tsung_controller@ip-172-31-59-0"} 1 0.078125 0.0 0.62109375 0.078125 0.30618990384615385 13
stats: {cpu,"tsung_controller@ip-172-31-59-0"} 1 0.45045045045045046 0.0 53.61552028218695 0.2001000500250125 5.657451224424646 13
stats: session 2 32406.041999999998 2360.5329999999994 63905.265 17009.227 30294.766392 125
stats: users_count 41 275
stats: finish_users_count 2 127
stats: request 96 9519.218916666667 5529.461613255861 41572.825 4.524 5686.498999999999 755
stats: connect 40 1.3529250000000008 0.2159590687491497 8.456 1.063 1.519551282051282 234
stats: page 19 22798.149105263165 9725.964645611559 52275.463 1583.703 14144.945324723247 271
stats: 200 16 239
stats: size_rcv 2156348 25760189
stats: newphase 0 2
stats: size_sent 41828 353653
stats: connected 38 147
stats: 201 0 32
stats: 500 80 580
# stats: dump at 1669964631
stats: users 161 162
stats: {freemem,"tsung_controller@ip-172-31-59-0"} 1 674.92578125 0.0 688.7265625 553.984375 674.3892299107143 14
stats: {load,"tsung_controller@ip-172-31-59-0"} 1 0.0703125 0.0 0.62109375 0.0703125 0.28989955357142855 14
stats: {cpu,"tsung_controller@ip-172-31-59-0"} 1 0.6496751624187905 0.0 53.61552028218695 0.2001000500250125 5.285522597712203 14
stats: session 18 39879.37877777777 9315.531619565927 68348.694 17009.227 30328.014826771654 127
stats: users_count 31 306
stats: finish_users_count 18 145
stats: request 112 11346.016651785712 4958.768152933844 41572.825 4.524 6118.862233842537 851
stats: connect 32 1.3983124999999994 0.3326074485692557 8.456 1.063 1.4952262773722629 274
stats: page 30 22828.836699999993 11892.429721896844 56522.098 1583.703 14711.879365517241 290
stats: 200 29 268
stats: size_rcv 2157075 27917264
stats: newphase 0 2
stats: size_sent 36696 390349
stats: connected 14 161
stats: 201 2 34
stats: 500 81 661
# stats: dump at 1669964641
stats: users 198 199
stats: {freemem,"tsung_controller@ip-172-31-59-0"} 1 671.62890625 0.0 688.7265625 553.984375 674.425 15
stats: {load,"tsung_controller@ip-172-31-59-0"} 1 0.05859375 0.0 0.62109375 0.05859375 0.2752604166666667 15
stats: {cpu,"tsung_controller@ip-172-31-59-0"} 1 0.5 0.0 53.61552028218695 0.2001000500250125 4.9764661020259755 15
stats: session 15 45324.10866666667 9603.328326445348 70555.304 17009.227 31513.701386206892 145
stats: users_count 52 358
stats: finish_users_count 15 160
stats: request 113 12485.41373451327 4685.311645058264 41572.825 0.728 6726.797119418482 963
stats: connect 52 1.6363846153846167 1.8333270948432503 14.042 1.063 1.485091503267974 306
stats: page 48 28402.895374999996 7734.464484411364 58691.784 1583.703 15472.844115625 320
stats: 200 19 287
stats: size_rcv 2159550 30076814
stats: newphase 0 2
stats: 502 1 1
stats: size_sent 42287 432636
stats: connected 38 199
stats: 201 0 34
stats: 500 93 754
# stats: dump at 1669964651
stats: users 208 208
stats: {freemem,"tsung_controller@ip-172-31-59-0"} 1 669.3671875 0.0 688.7265625 553.984375 674.250244140625 16
stats: {load,"tsung_controller@ip-172-31-59-0"} 1 0.05078125 0.0 0.62109375 0.05078125 0.26171875 16
stats: {cpu,"tsung_controller@ip-172-31-59-0"} 1 0.5 0.0 53.61552028218695 0.2001000500250125 4.696686970649352 16
stats: session 28 31822.119071428573 17387.968026891376 70555.304 439.732 32808.427068749996 160
stats: users_count 38 396
stats: finish_users_count 28 188
stats: request 219 7055.994607305938 7511.493372241461 42382.234 0.679 7331.5589014869865 1076
stats: connect 36 1.3465277777777773 0.28620228725220753 14.042 1.063 1.5070670391061456 358
stats: 200 7 294
stats: page 81 16254.147456790128 16000.868374766858 58691.784 1.499 17159.37254076087 368
stats: size_rcv 1483158 31559972
stats: newphase 0 2
stats: 502 109 110
stats: size_sent 68386 501022
stats: connected 7 206
stats: 201 9 43
stats: 500 94 848
# stats: dump at 1669964661
stats: users 195 217
stats: {freemem,"tsung_controller@ip-172-31-59-0"} 1 667.9375 0.0 688.7265625 553.984375 673.9630055147059 17
stats: {load,"tsung_controller@ip-172-31-59-0"} 1 0.0390625 0.0 0.62109375 0.0390625 0.24931066176470587 17
stats: {cpu,"tsung_controller@ip-172-31-59-0"} 1 0.40060090135202797 0.0 53.61552028218695 0.2001000500250125 4.44982303119939 17
stats: session 37 44238.0498108108 21161.664871016255 85435.271 73.765 32661.530132978718 188
stats: users_count 24 420
stats: finish_users_count 37 225
stats: request 222 8767.762563063066 9191.483281541476 46513.368 0.678 7284.95768108108 1295
stats: connect 26 1.4106538461538458 0.5622077320916785 14.042 1.063 1.4923984771573606 394
stats: page 86 19193.66126744185 18434.393228287256 62693.161 1.499 16996.069129175947 449
stats: 200 28 322
stats: size_rcv 2193177 33753149
stats: newphase 0 2
stats: 502 108 218
stats: size_sent 56878 557900
stats: connected -11 195
stats: 201 2 45
stats: 500 84 932
# stats: dump at 1669964671
stats: users 212 218
stats: {freemem,"tsung_controller@ip-172-31-59-0"} 1 666.4296875 0.0 688.7265625 553.984375 673.6282552083334 18
stats: {load,"tsung_controller@ip-172-31-59-0"} 1 0.03125 0.0 0.62109375 0.03125 0.23763020833333334 18
stats: {cpu,"tsung_controller@ip-172-31-59-0"} 1 0.35070140280561124 0.0 53.61552028218695 0.2001000500250125 4.22486624620787 18
stats: session 62 29831.944032258067 27223.134460545803 94547.383 21.216 34565.22447999999 225
stats: users_count 79 499
stats: finish_users_count 62 287
stats: connect 79 1.3657341772151905 0.3995192588587021 14.042 0.958 1.4873380952380955 420
stats: page 141 12254.021716312067 16883.490693553158 66239.522 1.499 17349.32693084112 535
stats: 200 30 352
stats: request 358 5033.141444134084 8099.5811292286335 47758.068 0.667 7501.953517468688 1517
stats: size_rcv 1524060 35277209
stats: newphase 1 3
stats: 502 250 468
stats: size_sent 97422 655322
stats: connected 17 212
stats: 201 1 46
stats: 500 77 1009
# stats: dump at 1669964681
stats: users 210 218
stats: {freemem,"tsung_controller@ip-172-31-59-0"} 1 665.75390625 0.0 688.7265625 553.984375 673.2493832236842 19
stats: {load,"tsung_controller@ip-172-31-59-0"} 1 0.03125 0.0 0.62109375 0.03125 0.22676809210526316 19
stats: {cpu,"tsung_controller@ip-172-31-59-0"} 1 1.1482775836245633 0.0 53.61552028218695 0.2001000500250125 4.020962833397224 19
stats: session 74 32902.111216216195 25569.218504795957 94547.383 21.216 33542.70396515678 287
stats: users_count 72 571
stats: finish_users_count 74 361
stats: request 331 6016.792114803625 8606.754184973124 49126.325 0.663 7030.574998933334 1875
stats: connect 70 1.5734285714285707 1.1229482442141636 14.042 0.958 1.4680861723446896 499
stats: page 139 15624.416086330935 19369.705792729546 70828.308 1.395 16286.54877218935 676
stats: 200 34 386
stats: size_rcv 2935302 38212511
stats: newphase 0 3
stats: 502 206 674
stats: size_sent 93497 748819
stats: connected -3 209
stats: 201 4 50
stats: 500 87 1096
# stats: dump at 1669964691
stats: users 214 222
stats: {freemem,"tsung_controller@ip-172-31-59-0"} 1 665.390625 0.0 688.7265625 553.984375 672.874609375 20
stats: {load,"tsung_controller@ip-172-31-59-0"} 1 0.01953125 0.0 0.62109375 0.01953125 0.2169921875 20
stats: {cpu,"tsung_controller@ip-172-31-59-0"} 1 1.2462612163509472 0.0 53.61552028218695 0.2001000500250125 3.877328570908591 20
stats: session 92 35651.579978260874 26266.6033278497 94547.383 21.216 33411.39132409971 361
stats: users_count 96 667
stats: finish_users_count 92 453
stats: request 384 5413.496986979168 7297.715890873518 50174.291 0.663 6878.4616106074345 2206
stats: connect 95 1.535210526315789 1.522599791179456 15.15 0.958 1.4810456942003518 569
stats: page 166 14890.798650602412 18076.575093887048 74966.582 1.395 16173.620620858897 815
stats: 200 50 436
stats: size_rcv 814995 39027506
stats: newphase 0 3
stats: 502 237 911
stats: size_sent 92393 841212
stats: connected 2 211
stats: 201 1 51
stats: 500 96 1192
# stats: dump at 1669964701
stats: users 219 224
stats: {freemem,"tsung_controller@ip-172-31-59-0"} 1 665.6796875 0.0 688.7265625 553.984375 672.5182291666666 21
stats: {load,"tsung_controller@ip-172-31-59-0"} 1 0.01953125 0.0 0.62109375 0.01953125 0.20758928571428573 21
stats: {cpu,"tsung_controller@ip-172-31-59-0"} 1 0.8508508508508509 0.0 53.61552028218695 0.2001000500250125 3.752039649262989 21
stats: session 75 26608.29150666667 25649.448585677932 97563.551 21.216 33866.352375275936 453
stats: users_count 80 747
stats: finish_users_count 75 528
stats: request 428 4084.992911214951 7603.605251529564 56049.656 0.634 6661.262222393823 2590
stats: connect 83 1.3957831325301202 0.3828823798817624 15.15 0.958 1.4887951807228916 664
stats: page 167 10513.956616766469 15869.090822322614 76047.436 1.395 15956.547790010196 981
stats: 200 31 467
stats: size_rcv 2260064 41287570
stats: newphase 0 3
stats: 502 315 1226
stats: size_sent 108568 949780
stats: connected 8 219
stats: 201 2 53
stats: 500 81 1273
# stats: dump at 1669964711
stats: users 209 235
stats: {freemem,"tsung_controller@ip-172-31-59-0"} 1 664.21484375 0.0 688.7265625 553.984375 672.2073863636364 22
stats: {load,"tsung_controller@ip-172-31-59-0"} 1 0.01953125 0.0 0.62109375 0.01953125 0.19904119318181818 22
stats: {cpu,"tsung_controller@ip-172-31-59-0"} 1 1.935483870967742 0.0 53.61552028218695 0.2001000500250125 3.6201674311533463 22
stats: session 90 21000.35374444444 23811.66227678321 99272.978 21.216 32835.37782007576 528
stats: users_count 80 827
stats: finish_users_count 90 618
stats: request 459 4035.1718758169973 8066.306214387099 56049.656 0.634 6295.906601060306 3018
stats: connect 80 1.5396749999999995 1.0562691510098174 15.15 0.958 1.4784605087014726 747
stats: page 178 8510.67113483146 15145.1853431655 83693.314 1.395 15164.811966027877 1148
stats: 200 27 494
stats: size_rcv 2982478 44270048
stats: newphase 0 3
stats: 502 353 1579
stats: size_sent 113259 1063039
stats: connected -10 209
stats: 201 1 54
stats: 500 77 1350
# stats: dump at 1669964721
stats: users 207 235
stats: {freemem,"tsung_controller@ip-172-31-59-0"} 1 663.8203125 0.0 688.7265625 553.984375 671.8598845108696 23
stats: {load,"tsung_controller@ip-172-31-59-0"} 1 0.01171875 0.0 0.62109375 0.01171875 0.19123641304347827 23
stats: {cpu,"tsung_controller@ip-172-31-59-0"} 1 0.8 0.0 53.61552028218695 0.2001000500250125 3.5469203198409285 23
stats: session 75 26924.868519999993 25486.64523644511 99272.978 21.216 31111.83062459547 618
stats: users_count 73 900
stats: finish_users_count 75 693
stats: request 388 4859.933525773197 8035.599464437957 56049.656 0.634 5997.466210238713 3477
stats: connect 73 1.3261095890410959 0.294824887039136 15.15 0.958 1.4843821039903267 827
stats: page 152 11693.131111842109 17180.275898200995 85713.972 1.395 14271.571341628962 1326
stats: 200 18 512
stats: size_rcv 1535707 45805755
stats: newphase 0 3
stats: 502 274 1853
stats: size_sent 95423 1158462
stats: connected -2 207
stats: 201 0 54
stats: 500 96 1446
# stats: dump at 1669964731
stats: users 236 243
stats: {freemem,"tsung_controller@ip-172-31-59-0"} 1 663.8046875 0.0 688.7265625 553.984375 671.5249023437501 24
stats: {load,"tsung_controller@ip-172-31-59-0"} 1 0.01171875 0.0 0.62109375 0.01171875 0.18375651041666666 24
stats: {cpu,"tsung_controller@ip-172-31-59-0"} 1 0.7007007007007007 0.0 53.61552028218695 0.2001000500250125 3.432465306514223 24
stats: session 115 24014.845852173912 26523.160056235763 107404.054 18.825 30658.6961976912 693
stats: users_count 144 1044
stats: finish_users_count 115 808
stats: request 594 2793.085659932656 6643.385302769883 56049.656 0.634 5883.271467270376 3865
stats: connect 139 1.3938489208633087 0.42699677207461967 15.15 0.958 1.4715444444444445 900
stats: page 243 8524.931086419749 16447.859689526875 85948.338 1.395 14006.400221921518 1478
stats: 200 22 534
stats: size_rcv 1599810 47405565
stats: newphase 1 4
stats: 502 497 2350
stats: size_sent 141236 1299698
stats: connected 28 235
stats: 201 0 54
stats: 500 75 1521
# stats: dump at 1669964741
stats: users 247 254
stats: {freemem,"tsung_controller@ip-172-31-59-0"} 1 663.06640625 0.0 688.7265625 553.984375 671.2160937500001 25
stats: {load,"tsung_controller@ip-172-31-59-0"} 1 0.01171875 0.0 0.62109375 0.01171875 0.176875 25
stats: {cpu,"tsung_controller@ip-172-31-59-0"} 1 1.643426294820717 0.0 53.61552028218695 0.2001000500250125 3.3231947222816824 25
stats: session 165 14013.17484242425 20891.323618068585 107404.054 12.456 29713.098685643563 808
stats: users_count 176 1220
stats: finish_users_count 165 973
stats: connect 172 1.4118662790697671 0.577208629428004 15.15 0.958 1.4611501443695862 1039
stats: request 859 2164.999973224679 6416.1642604411945 56049.656 0.634 5471.616304776857 4459
stats: 200 31 565
stats: page 338 4730.376310650893 12503.161783819247 90500.908 1.395 13232.433342242884 1721
stats: size_rcv 3106659 50512224
stats: newphase 0 4
stats: 502 760 3110
stats: size_sent 198384 1498082
stats: connected 9 244
stats: 201 2 56
stats: 500 66 1587
# stats: dump at 1669964751
stats: users 236 254
stats: {freemem,"tsung_controller@ip-172-31-59-0"} 1 662.7578125 0.0 688.7265625 553.984375 670.9026442307694 26
stats: {load,"tsung_controller@ip-172-31-59-0"} 1 0.01171875 0.0 0.62109375 0.01171875 0.17052283653846154 26
stats: {cpu,"tsung_controller@ip-172-31-59-0"} 1 1.3965087281795512 0.0 53.61552028218695 0.2001000500250125 3.2585882443024143 26
stats: session 181 15268.243569060776 20064.82487067263 107404.054 12.456 27050.72722199383 973
stats: users_count 170 1390
stats: finish_users_count 181 1154
stats: page 363 5996.351506887053 13257.742344310707 90500.908 1.395 11836.758122875186 2059
stats: 200 33 598
stats: request 910 2444.613249450547 6349.294016785912 56049.656 0.634 4937.508852952238 5318
stats: connect 172 1.3734011627906981 0.6585235305068498 15.15 0.958 1.454150289017341 1211
stats: size_rcv 2406824 52919048
stats: newphase 0 4
stats: 502 779 3889
stats: size_sent 207290 1705372
stats: connected -10 234
stats: 201 1 57
stats: 500 97 1684
# stats: dump at 1669964761
stats: users 232 254
stats: {freemem,"tsung_controller@ip-172-31-59-0"} 1 662.73828125 0.0 688.7265625 553.984375 670.6009837962964 27
stats: {load,"tsung_controller@ip-172-31-59-0"} 1 0.0 0.0 0.62109375 0.0 0.1646412037037037 27
stats: {cpu,"tsung_controller@ip-172-31-59-0"} 1 1.8509254627313656 0.0 53.61552028218695 0.2001000500250125 3.189622336297864 27
stats: session 154 15414.028168831177 18782.684573152867 107404.054 12.456 25202.694690641245 1154
stats: users_count 150 1540
stats: finish_users_count 154 1308
stats: request 722 2457.670644044318 5993.5403972930235 56049.656 0.634 4573.2611009955035 6228
stats: connect 153 1.5831895424836615 0.8941976412348599 15.15 0.958 1.4441077368040491 1383
stats: page 296 6948.722364864862 14903.77744498531 90500.908 1.395 10961.420549958715 2422
stats: 200 21 619
stats: size_rcv 927255 53846303
stats: newphase 0 4
stats: 502 612 4501
stats: size_sent 162517 1867889
stats: connected 2 236
stats: 201 0 57
stats: 500 89 1773
# stats: dump at 1669964771
stats: users 242 254
stats: {freemem,"tsung_controller@ip-172-31-59-0"} 1 662.59375 0.0 688.7265625 553.984375 670.3201729910716 28
stats: {load,"tsung_controller@ip-172-31-59-0"} 1 0.0 0.0 0.62109375 0.0 0.15876116071428573 28
stats: {cpu,"tsung_controller@ip-172-31-59-0"} 1 2.674591381872214 0.0 53.61552028218695 0.2001000500250125 3.1418117336704894 28
stats: session 150 16554.914246666664 18454.565136238554 107404.054 12.456 24050.206430428134 1308
stats: users_count 160 1700
stats: finish_users_count 150 1458
stats: request 760 2678.7313723684183 6850.057845278154 57646.88 0.634 4353.483214676258 6950
stats: 200 39 658
stats: connect 157 1.5367261146496818 0.9656938471976909 15.15 0.958 1.4579615885416668 1536
stats: size_rcv 3070596 56916899
stats: newphase 0 4
stats: page 306 6907.476173202606 14349.670310837482 90500.908 1.395 10524.423249448128 2718
stats: 502 646 5147
stats: size_sent 182350 2050239
stats: connected 8 244
stats: 201 4 61
stats: 500 71 1844
# stats: dump at 1669964781
stats: users 240 254
stats: {freemem,"tsung_controller@ip-172-31-59-0"} 1 663.6484375 0.0 688.7265625 553.984375 670.0537446120691 29
stats: {load,"tsung_controller@ip-172-31-59-0"} 1 0.0 0.0 0.62109375 0.0 0.15328663793103448 29
stats: {cpu,"tsung_controller@ip-172-31-59-0"} 1 1.4500000000000002 0.0 53.61552028218695 0.2001000500250125 3.1257006870567556 29
stats: session 156 15683.307237179466 20974.263091523222 113702.68 12.456 23279.085835390946 1458
stats: users_count 154 1854
stats: finish_users_count 156 1614
stats: request 779 2539.014825417202 6361.620945912923 57646.88 0.634 4188.397429961089 7710
stats: connect 152 1.505421052631578 0.7878789858848197 15.15 0.958 1.4652658003544006 1693
stats: page 308 6217.922681818181 13634.33688420282 90500.908 1.358 10158.422652447094 3024
stats: 200 36 694
stats: size_rcv 1653815 58570714
stats: newphase 0 4
stats: 502 662 5809
stats: size_sent 190983 2241222
stats: connected -9 235
stats: 201 4 65
stats: 500 77 1921
# stats: dump at 1669964791
stats: users 281 298
stats: {freemem,"tsung_controller@ip-172-31-59-0"} 1 664.015625 0.0 688.7265625 553.984375 669.8402343750001 30
stats: {load,"tsung_controller@ip-172-31-59-0"} 1 0.0 0.0 0.62109375 0.0 0.14817708333333332 30
stats: {cpu,"tsung_controller@ip-172-31-59-0"} 1 1.945137157107232 0.0 53.61552028218695 0.2001000500250125 3.0698439974881975 30
stats: session 271 9521.21056826568 16213.651385884687 113702.68 12.456 22544.921361214372 1614
stats: users_count 312 2166
stats: finish_users_count 271 1885
stats: connect 314 1.3988949044585988 0.9382024579014125 15.15 0.958 1.4685739837398375 1845
stats: 200 24 718
stats: request 1491 1183.2736680080477 4589.3223423540985 57646.88 0.634 4037.0404916951347 8489
stats: size_rcv 2590225 61160939
stats: page 583 3008.235380789024 10305.58194153108 91413.221 1.358 9794.174756002405 3332
stats: newphase 1 5
stats: 502 1385 7194
stats: size_sent 334304 2575526
stats: connected 52 287
stats: 201 3 68
stats: 500 79 2000
# stats: dump at 1669964801
stats: users 293 298
stats: {freemem,"tsung_controller@ip-172-31-59-0"} 1 662.26171875 0.0 688.7265625 553.984375 669.6523437500001 31
stats: {load,"tsung_controller@ip-172-31-59-0"} 1 0.0 0.0 0.62109375 0.0 0.14339717741935484 31
stats: {cpu,"tsung_controller@ip-172-31-59-0"} 1 2.65 0.0 53.61552028218695 0.2001000500250125 3.0335631316694562 31
stats: session 303 8654.068343234332 15918.074445557713 118687.248 12.456 20672.547024403186 1885
stats: users_count 315 2481
stats: finish_users_count 303 2188
stats: page 629 3211.340769475357 10142.737742822677 91883.769 1.358 8783.650450574716 3915
stats: 200 29 747
stats: request 1592 1457.8041350502556 5097.3230250636125 57646.88 0.634 3610.691159619238 9980
stats: connect 311 1.4026881028938905 0.6069602898011011 15.15 0.958 1.458440018527096 2159
stats: size_rcv 2618128 63779067
stats: newphase 0 5
stats: 502 1459 8653
stats: size_sent 350977 2926503
stats: connected 4 291
stats: 201 0 68
stats: 500 104 2104
# stats: dump at 1669964811
stats: users 291 303
stats: {freemem,"tsung_controller@ip-172-31-59-0"} 1 661.32421875 0.0 688.7265625 553.984375 669.4213867187501 32
stats: {load,"tsung_controller@ip-172-31-59-0"} 1 0.0 0.0 0.62109375 0.0 0.138916015625 32
stats: {cpu,"tsung_controller@ip-172-31-59-0"} 1 3.389830508474576 0.0 53.61552028218695 0.2001000500250125 3.021576783804786 32
stats: session 321 10635.85560747664 16764.471844756234 118687.248 12.456 19008.196457495433 2188
stats: users_count 319 2800
stats: finish_users_count 321 2509
stats: request 1577 1188.7926334812903 4514.058396284162 57646.88 0.634 3314.5110573798825 11572
stats: connect 318 1.425374213836478 0.7454834708073838 15.15 0.958 1.4514202429149798 2470
stats: page 635 3258.1890834645656 10138.22600636328 91883.769 1.358 8012.3074071302835 4544
stats: 200 40 787
stats: size_rcv 2612580 66391647
stats: newphase 0 5
stats: 502 1460 10113
stats: size_sent 351973 3278476
stats: connected -2 289
stats: 201 4 72
stats: 500 73 2177
# stats: dump at 1669964821
stats: users 265 309
stats: {freemem,"tsung_controller@ip-172-31-59-0"} 1 660.80078125 0.0 688.7265625 553.984375 669.1760179924244 33
stats: {load,"tsung_controller@ip-172-31-59-0"} 1 0.0 0.0 0.62109375 0.0 0.1347064393939394 33
stats: {cpu,"tsung_controller@ip-172-31-59-0"} 1 2.941176470588235 0.0 53.61552028218695 0.2001000500250125 3.0327359875826585 33
stats: session 325 8620.10671076924 13699.041551486096 118687.248 12.456 17937.044041052213 2509
stats: users_count 299 3099
stats: finish_users_count 325 2834
stats: request 1533 1018.1739073711678 4080.6278167075825 58229.275 0.634 3059.5671107308535 13149
stats: connect 305 1.3910032786885236 0.6213464992420878 15.15 0.946 1.4484494261119083 2788
stats: page 619 2760.3448933764143 9873.128667628951 91883.769 1.358 7429.40237999614 5179
stats: 200 22 809
stats: size_rcv 1892450 68284097
stats: newphase 0 5
stats: 502 1429 11542
stats: size_sent 339140 3617616
stats: connected -19 270
stats: 201 3 75
stats: 500 79 2256
# stats: dump at 1669964831
stats: users 293 309
stats: {freemem,"tsung_controller@ip-172-31-59-0"} 1 660.2265625 0.0 688.7265625 553.984375 668.9296875000001 34
stats: {load,"tsung_controller@ip-172-31-59-0"} 1 0.0 0.0 0.62109375 0.0 0.13074448529411764 34
stats: {cpu,"tsung_controller@ip-172-31-59-0"} 1 3.325062034739454 0.0 53.61552028218695 0.2001000500250125 3.030043060612234 34
stats: session 291 10413.09154639176 14055.760228498033 118687.248 12.456 16868.587925194075 2834
stats: users_count 319 3418
stats: finish_users_count 291 3125
stats: connect 317 1.4548548895899065 0.7731481657473485 15.15 0.946 1.442784675072745 3093
stats: page 603 3832.2022139303435 10306.952462310099 91883.769 1.358 6930.929357537083 5798
stats: request 1510 1443.5954437086111 4853.153843397781 58229.275 0.634 2846.4179634246016 14682
stats: 200 46 855
stats: size_rcv 2590944 70875041
stats: newphase 0 5
stats: 502 1371 12913
stats: size_sent 343113 3960729
stats: connected 21 291
stats: 201 4 79
stats: 500 89 2345
# stats: dump at 1669964841
stats: users 292 309
stats: {freemem,"tsung_controller@ip-172-31-59-0"} 1 657.546875 0.0 688.7265625 553.984375 668.6810267857144 35
stats: {load,"tsung_controller@ip-172-31-59-0"} 1 0.0 0.0 0.62109375 0.0 0.12700892857142856 35
stats: {cpu,"tsung_controller@ip-172-31-59-0"} 1 5.123152709359606 0.0 53.61552028218695 0.2001000500250125 3.038472174158726 35
stats: session 307 8886.067899022803 15105.206359594571 118687.248 12.456 16267.452102400002 3125
stats: users_count 306 3724
stats: finish_users_count 307 3432
stats: connect 309 1.4590323624595465 0.7824283369820793 15.15 0.941 1.4439067448680354 3410
stats: request 1588 1222.8474382871545 4445.017091749471 58229.275 0.634 2715.5964463315217 16192
stats: page 630 2805.2908190476187 9241.942741650442 91883.769 1.358 6639.01677081706 6401
stats: 200 29 884
stats: size_rcv 1908618 72783659
stats: newphase 0 5
stats: 502 1465 14378
stats: size_sent 358934 4319663
stats: connected -2 289
stats: 201 3 82
stats: 500 91 2436
# stats: dump at 1669964851
stats: users 377 396
stats: {freemem,"tsung_controller@ip-172-31-59-0"} 1 654.43359375 0.0 688.7265625 553.984375 668.3717447916667 36
stats: {load,"tsung_controller@ip-172-31-59-0"} 1 0.0 0.0 0.62109375 0.0 0.12348090277777778 36
stats: {cpu,"tsung_controller@ip-172-31-59-0"} 1 4.695996045477014 0.0 53.61552028218695 0.2001000500250125 3.096379966803195 36
stats: session 504 6804.333343253964 11894.605842801891 118687.248 12.456 15607.170939685317 3432
stats: users_count 589 4313
stats: finish_users_count 504 3936
stats: connect 569 1.3358418277680117 0.6248383520513118 15.15 0.941 1.4451634848077441 3719
stats: page 1051 1969.2809971455774 8222.32050436195 91883.769 1.335 6295.502711705305 7031
stats: request 2653 677.4654357331332 3527.339489174743 58229.275 0.631 2582.2733065804277 17780
stats: 200 33 917
stats: size_rcv 2953834 75737493
stats: newphase 1 6
stats: 502 2546 16924
stats: size_sent 582973 4902636
stats: connected 83 372
stats: 201 2 84
stats: 500 72 2508
# stats: dump at 1669964861
stats: users 380 400
stats: {freemem,"tsung_controller@ip-172-31-59-0"} 1 650.05078125 0.0 688.7265625 553.984375 667.9950380067569 37
stats: {load,"tsung_controller@ip-172-31-59-0"} 1 0.0 0.0 0.62109375 0.0 0.12014358108108109 37
stats: {cpu,"tsung_controller@ip-172-31-59-0"} 1 6.240639041437843 0.0 53.61552028218695 0.2001000500250125 3.1396128337943794 37
stats: session 624 6043.209318910244 11117.035169991592 118687.248 12.456 14479.978320630082 3936
stats: users_count 627 4940
stats: finish_users_count 624 4560
stats: connect 639 1.3303599374021904 0.6481981782370208 15.15 0.931 1.4306569496268655 4288
stats: page 1274 1668.0704568288854 7589.529931207268 91883.769 1.33 5732.911889878743 8082
stats: request 3185 560.9910678178953 3095.5626289670745 58229.275 0.631 2334.954984192238 20433
stats: 200 16 933
stats: size_rcv 2411664 78149157
stats: newphase 0 6
stats: 502 3076 20000
stats: size_sent 686953 5589589
stats: connected 12 384
stats: 201 0 84
stats: 500 93 2601
# stats: dump at 1669964871
stats: users 380 400
stats: {freemem,"tsung_controller@ip-172-31-59-0"} 1 651.7890625 0.0 688.7265625 553.984375 667.5228207236843 38
stats: {load,"tsung_controller@ip-172-31-59-0"} 1 0.0 0.0 0.62109375 0.0 0.11698190789473684 38
stats: {cpu,"tsung_controller@ip-172-31-59-0"} 1 6.359539308963445 0.0 53.61552028218695 0.2001000500250125 3.221218786627102 38
stats: session 632 6265.653825949371 10643.710989019602 118687.248 10.536 13325.473088815788 4560
stats: users_count 632 5572
stats: finish_users_count 632 5192
stats: request 3172 634.0411292559893 3394.0773534035 58229.275 0.625 2095.727485096113 23618
stats: 200 34 967
stats: size_rcv 3116026 81265183
stats: connect 630 1.2627650793650793 0.49650093948303203 15.15 0.912 1.41764907651715 4927
stats: newphase 0 6
stats: 502 3053 23053
stats: page 1265 1476.6941351778623 6392.491306052795 91883.769 1.33 5179.40526464301 9356
stats: size_sent 686409 6275998
stats: connected -12 372
stats: 201 0 84
stats: 500 85 2686
# stats: dump at 1669964881
stats: users 385 400
stats: {freemem,"tsung_controller@ip-172-31-59-0"} 1 648.7734375 0.0 688.7265625 553.984375 667.1193910256411 39
stats: {load,"tsung_controller@ip-172-31-59-0"} 1 0.0 0.0 0.62109375 0.0 0.11398237179487179 39
stats: {cpu,"tsung_controller@ip-172-31-59-0"} 1 6.114199090449722 0.0 53.61552028218695 0.2001000500250125 3.301688543610085 39
stats: session 585 5899.177198290598 9745.26403782671 118687.248 10.536 12466.111421995378 5192
stats: users_count 590 6162
stats: finish_users_count 585 5777
stats: request 2940 613.3189098639452 3254.091254229725 58229.275 0.625 1922.660328667413 26790
stats: 200 29 996
stats: connect 587 1.418965928449744 1.2165172993240303 17.859 0.912 1.40008979665287 5557
stats: page 1168 1523.4027636986275 6351.988834843235 91883.769 1.33 4738.398807739384 10621
stats: size_rcv 2334141 83599324
stats: newphase 0 6
stats: 502 2829 25882
stats: size_sent 631993 6907991
stats: connected 11 383
stats: 201 0 84
stats: 500 82 2768
# stats: dump at 1669964891
stats: users 412 417
stats: {freemem,"tsung_controller@ip-172-31-59-0"} 1 651.7734375 0.0 688.7265625 553.984375 666.6607421875001 40
stats: {load,"tsung_controller@ip-172-31-59-0"} 1 0.0 0.0 0.62109375 0.0 0.1111328125 40
stats: {cpu,"tsung_controller@ip-172-31-59-0"} 1 6.200396825396826 0.0 53.61552028218695 0.2001000500250125 3.3720013072810757 40
stats: session 602 6677.418485049843 10773.61548985616 118687.248 8.878 11801.119813744159 5777
stats: users_count 629 6791
stats: finish_users_count 602 6379
stats: request 3104 672.979051224228 3681.5355149734205 58229.275 0.618 1793.1795425496132 29730
stats: connect 638 1.4109388714733522 0.73273187949965 17.859 0.912 1.4018932291666664 6144
stats: page 1247 1897.9627153167617 7989.899636391975 91883.769 1.315 4419.871758842988 11789
stats: 200 39 1035
stats: size_rcv 3804826 87404150
stats: newphase 0 6
stats: 502 2988 28870
stats: size_sent 680907 7588898
stats: connected 31 414
stats: 201 5 89
stats: 500 72 2840
# stats: dump at 1669964901
stats: users 379 419
stats: {freemem,"tsung_controller@ip-172-31-59-0"} 1 646.33984375 0.0 688.7265625 553.984375 666.2976371951221 41
stats: {load,"tsung_controller@ip-172-31-59-0"} 1 0.0 0.0 0.62109375 0.0 0.10842225609756098 41
stats: {cpu,"tsung_controller@ip-172-31-59-0"} 1 5.2 0.0 53.61552028218695 0.2001000500250125 3.4409865638204846 41
stats: session 670 6541.517600000005 11242.116303331331 118687.248 8.878 11317.585059100174 6379
stats: users_count 637 7428
stats: finish_users_count 670 7049
stats: request 3267 545.8319461279451 3073.7752263305097 58229.275 0.618 1687.280099135043 32834
stats: connect 643 1.295542768273717 0.591714276250209 17.859 0.912 1.4027441757593624 6782
stats: page 1313 1382.0753571972607 6265.630062529753 91883.769 1.315 4178.630536284136 13036
stats: 200 22 1057
stats: size_rcv 1726538 89130688
stats: newphase 0 6
stats: 502 3161 32031
stats: size_sent 702015 8290913
stats: connected -23 391
stats: 201 2 91
stats: 500 82 2922
# stats: dump at 1669964911
stats: users 208 419
stats: {freemem,"tsung_controller@ip-172-31-59-0"} 1 648.65234375 0.0 688.7265625 553.984375 665.8224516369049 42
stats: {load,"tsung_controller@ip-172-31-59-0"} 1 0.0703125 0.0 0.62109375 0.0 0.10584077380952381 42
stats: {cpu,"tsung_controller@ip-172-31-59-0"} 1 7.007952286282307 0.0 53.61552028218695 0.2001000500250125 3.482867836110473 42
stats: session 234 9116.972876068377 9718.450559368064 118687.248 8.878 10863.624894878707 7049
stats: users_count 63 7491
stats: finish_users_count 234 7283
stats: 200 31 1088
stats: request 793 2780.152644388397 6871.782111857754 58229.275 0.618 1583.983483643112 36101
stats: size_rcv 2368766 91499454
stats: newphase 0 6
stats: 502 669 32700
stats: connect 66 1.3331666666666675 0.7593673719324233 17.859 0.912 1.3934606060606056 7425
stats: size_sent 174731 8465644
stats: connected -183 208
stats: 201 1 92
stats: page 334 3801.6448652694626 9019.57492687128 91883.769 1.315 3922.732776848561 14349
stats: 500 92 3014
# stats: dump at 1669964921
stats: users 185 419
stats: {freemem,"tsung_controller@ip-172-31-59-0"} 1 654.15625 0.0 688.7265625 553.984375 665.4231468023257 43
stats: {load,"tsung_controller@ip-172-31-59-0"} 1 0.05859375 0.0 0.62109375 0.0 0.10501453488372094 43
stats: {cpu,"tsung_controller@ip-172-31-59-0"} 1 1.2481278082875686 0.0 53.61552028218695 0.2001000500250125 3.5648465442540043 43
stats: session 23 31426.37147826087 8317.293368665612 118687.248 8.878 10807.505634628587 7283
stats: users_count 0 7491
stats: finish_users_count 23 7306
stats: connect 0 0 0 17.859 0.912 1.392929381924976 7491
stats: 200 28 1116
stats: request 101 16915.712801980197 8343.365114976423 58229.275 0.618 1609.6939553856994 36894
stats: size_rcv 2152890 93652344
stats: newphase 0 6
stats: page 38 27797.126473684213 11342.457321457023 91883.769 1.315 3919.9783423006197 14683
stats: 502 9 32709
stats: size_sent 25860 8491504
stats: connected -23 185
stats: 201 2 94
stats: 500 62 3076
# stats: dump at 1669964931
stats: users 129 419
stats: {freemem,"tsung_controller@ip-172-31-59-0"} 1 657.40625 0.0 688.7265625 553.984375 665.1670809659092 44
stats: {load,"tsung_controller@ip-172-31-59-0"} 1 0.05078125 0.0 0.62109375 0.0 0.10395951704545454 44
stats: {cpu,"tsung_controller@ip-172-31-59-0"} 1 0.5 0.0 53.61552028218695 0.2001000500250125 3.5121938457093123 44
stats: session 56 34667.030660714285 7105.750248451977 118687.248 8.878 10872.415833698331 7306
stats: users_count 0 7491
stats: finish_users_count 56 7362
stats: request 151 15549.400927152306 6740.660202584072 58229.275 0.618 1651.4808969590483 36995
stats: connect 0 0 0 17.859 0.912 1.392929381924976 7491
stats: page 73 35010.316835616424 14050.703120864662 92459.832 1.315 3981.6135320970043 14721
stats: 200 66 1182
stats: size_rcv 2156185 95808529
stats: newphase 0 6
stats: 502 0 32709
stats: size_sent 31439 8522943
stats: connected -54 131
stats: 201 1 95
stats: 500 84 3160
# stats: dump at 1669964941
stats: users 57 419
stats: {freemem,"tsung_controller@ip-172-31-59-0"} 1 660.76953125 0.0 688.7265625 553.984375 664.9946180555557 45
stats: {load,"tsung_controller@ip-172-31-59-0"} 1 0.0390625 0.0 0.62109375 0.0 0.10277777777777777 45
stats: {cpu,"tsung_controller@ip-172-31-59-0"} 1 0.4008016032064128 0.0 53.61552028218695 0.2001000500250125 3.4452562046935498 45
stats: session 72 48056.17756944445 16609.67122568487 118687.248 8.878 11053.412632165171 7362
stats: users_count 0 7491
stats: finish_users_count 72 7434
stats: connect 0 0 0 17.859 0.912 1.392929381924976 7491
stats: 200 93 1275
stats: request 174 8630.926775862072 7523.828231805903 58229.275 0.618 1707.9765068378827 37146
stats: page 117 28524.636128205133 16799.290096493583 92459.832 1.315 4134.722585845613 14794
stats: size_rcv 2153935 97962464
stats: newphase 0 6
stats: 502 0 32709
stats: size_sent 40761 8563704
stats: connected -74 57
stats: 201 19 114
stats: 500 62 3222
# stats: dump at 1669964951
stats: users 13 419
stats: {freemem,"tsung_controller@ip-172-31-59-0"} 1 676.19140625 0.0 688.7265625 553.984375 664.9027683423915 46
stats: {load,"tsung_controller@ip-172-31-59-0"} 1 0.0390625 0.0 0.62109375 0.0 0.10139266304347826 46
stats: {cpu,"tsung_controller@ip-172-31-59-0"} 1 0.7996001999000499 0.0 53.61552028218695 0.2001000500250125 3.379072409009047 46
stats: session 44 56335.693659090924 11779.18173151644 118687.248 8.878 11411.792922114608 7434
stats: users_count 0 7491
stats: finish_users_count 44 7478
stats: request 99 2891.011171717171 5658.568452725667 58229.275 0.618 1740.2539277063236 37320
stats: connect 0 0 0 17.859 0.912 1.392929381924976 7491
stats: page 52 11731.482423076917 19061.39857683022 92459.832 1.315 4326.099413989672 14911
stats: 200 80 1355
stats: size_rcv 720728 98683192
stats: newphase 0 6
stats: 502 0 32709
stats: size_sent 46261 8609965
stats: connected -44 13
stats: 201 4 118
stats: 500 15 3237
# stats: dump at 1669964961
stats: users 1 419
stats: {freemem,"tsung_controller@ip-172-31-59-0"} 1 680.296875 0.0 688.7265625 553.984375 665.1429521276598 47
stats: {load,"tsung_controller@ip-172-31-59-0"} 1 0.03125 0.0 0.62109375 0.0 0.10006648936170212 47
stats: {cpu,"tsung_controller@ip-172-31-59-0"} 1 0.4 0.0 53.61552028218695 0.2001000500250125 3.324190021581196 47
stats: session 12 64013.9365 10024.646741224631 118687.248 8.878 11676.121837924577 7478
stats: users_count 0 7491
stats: finish_users_count 12 7490
stats: connect 0 0 0 17.859 0.912 1.392929381924976 7491
stats: request 34 10191.12473529412 18630.85505481136 58229.275 0.618 1743.2985031133915 37419
stats: 200 28 1383
stats: page 18 25794.122777777782 30085.16398703105 92459.832 1.315 4351.834889260175 14963
stats: size_rcv 4313201 102996393
stats: newphase 0 6
stats: 502 0 32709
stats: size_sent 15662 8625627
stats: connected -12 1
stats: 201 6 124
stats: 500 0 3237
# stats: dump at 1669964968
stats: users 0 419
stats: {freemem,"tsung_controller@ip-172-31-59-0"} 1 682.48046875 0.0 688.7265625 553.984375 665.4586588541669 48
stats: {load,"tsung_controller@ip-172-31-59-0"} 1 0.01953125 0.0 0.62109375 0.0 0.0986328125 48
stats: {cpu,"tsung_controller@ip-172-31-59-0"} 1 0.15037593984962408 0.0 53.61552028218695 0.15037593984962408 3.2632693961315877 48
stats: session 1 75590.141 0.0 118687.248 8.878 11759.974144459278 7490
stats: users_count 0 7491
stats: finish_users_count 1 7491
stats: request 2 32.377 15.104000000000001 58229.275 0.618 1750.9674773449387 37453
stats: connect 0 0 0 17.859 0.912 1.392929381924976 7491
stats: 200 2 1385
stats: page 1 64.892 0.0 92459.832 1.315 4377.598268339897 14981
stats: size_rcv 155 102996548
stats: newphase 0 6
stats: 502 0 32709
stats: size_sent 1472 8627099
stats: connected -1 0
stats: 201 0 124
stats: 500 0 3237
EndMonitor:{1669,964968,98088}