# stats: dump at 1669993853
stats: users 12 12
stats: {freemem,"tsung_controller@ip-172-31-54-152"} 1 669.05078125 0 669.05078125 669.05078125 0 0
stats: {load,"tsung_controller@ip-172-31-54-152"} 1 0.109375 0 0.109375 0.109375 0 0
stats: {cpu,"tsung_controller@ip-172-31-54-152"} 1 0.5130538218386719 0 0.5130538218386719 0.5130538218386719 0 0
stats: users_count 12 12
stats: finish_users_count 0 0
stats: request 10 393.02230000000003 119.8126053310335 633.116 263.948 0 0
stats: connect 11 1.953090909090909 1.5462363370188126 6.314 1.046 0 0
stats: 200 10 10
stats: size_rcv 4141 4141
stats: size_sent 9673 9673
stats: connected 11 11
# stats: dump at 1669993863
stats: users 23 23
stats: {freemem,"tsung_controller@ip-172-31-54-152"} 1 670.3203125 0.0 670.3203125 669.05078125 669.05078125 1
stats: {load,"tsung_controller@ip-172-31-54-152"} 1 0.08984375 0.0 0.109375 0.08984375 0.109375 1
stats: {cpu,"tsung_controller@ip-172-31-54-152"} 1 0.25 0.0 0.5130538218386719 0.25 0.5130538218386719 1
stats: users_count 11 23
stats: finish_users_count 0 0
stats: 200 12 22
stats: request 12 787.1545833333334 902.0016656597204 3705.224 263.948 393.02230000000003 10
stats: connect 12 1.3296666666666666 0.15631503091158216 6.314 1.046 1.953090909090909 11
stats: size_rcv 6195 10336
stats: size_sent 11334 21007
stats: connected 12 23
# stats: dump at 1669993873
stats: users 31 31
stats: {freemem,"tsung_controller@ip-172-31-54-152"} 1 669.15625 0.0 670.3203125 669.05078125 669.685546875 2
stats: {load,"tsung_controller@ip-172-31-54-152"} 1 0.0703125 0.0 0.109375 0.0703125 0.099609375 2
stats: {cpu,"tsung_controller@ip-172-31-54-152"} 1 0.0 0.0 0.5130538218386719 0.0 0.38152691091933594 2
stats: session 1 6790.4 0 6790.4 6790.4 0 0
stats: users_count 9 32
stats: finish_users_count 1 1
stats: 200 5 27
stats: request 13 2571.0247692307694 2541.806258740733 7713.109 6.151 608.0035454545455 22
stats: connect 8 1.3285 0.17896298499969204 6.314 1.046 1.6278260869565215 23
stats: page 4 5990.1875 3868.191860543922 11067.496 181.303 0 0
stats: size_rcv 8536 18872
stats: size_sent 9415 30422
stats: connected 7 30
stats: 201 3 3
stats: 500 5 5
# stats: dump at 1669993883
stats: users 43 43
stats: {freemem,"tsung_controller@ip-172-31-54-152"} 1 668.73828125 0.0 670.3203125 668.73828125 669.5091145833334 3
stats: {load,"tsung_controller@ip-172-31-54-152"} 1 0.05859375 0.0 0.109375 0.05859375 0.08984375 3
stats: {cpu,"tsung_controller@ip-172-31-54-152"} 1 0.14992503748125938 0.0 0.5130538218386719 0.0 0.254351273946224 3
stats: session 1 29729.555 0.0 29729.555 6790.4 6790.4 1
stats: users_count 13 45
stats: finish_users_count 1 2
stats: request 25 8560.322080000004 9778.562221113156 34587.894 6.151 1337.1257142857144 35
stats: connect 14 1.3692857142857147 0.323040118820166 6.314 1.046 1.5505806451612902 31
stats: page 5 19603.9576 11944.175514110275 30216.748 122.475 5990.1875 4
stats: 200 12 39
stats: size_rcv 2912852 2931724
stats: 502 8 8
stats: size_sent 19827 50249
stats: connected 13 43
stats: 201 4 7
stats: 500 1 6
# stats: dump at 1669993893
stats: users 50 51
stats: {freemem,"tsung_controller@ip-172-31-54-152"} 1 667.32421875 0.0 670.3203125 667.32421875 669.31640625 4
stats: {load,"tsung_controller@ip-172-31-54-152"} 1 0.05078125 0.0 0.109375 0.05078125 0.08203125 4
stats: {cpu,"tsung_controller@ip-172-31-54-152"} 1 0.4495504495504496 0.0 0.5130538218386719 0.0 0.22824471482998285 4
stats: session 2 23872.9885 10958.720500000001 34831.709 6790.4 18259.9775 2
stats: users_count 9 54
stats: finish_users_count 2 4
stats: request 21 2558.060380952381 2360.838865890671 34587.894 6.151 4346.790866666668 60
stats: connect 9 1.2326666666666668 0.09052685298358226 6.314 1.04 1.4941777777777778 45
stats: page 6 5775.985000000001 3016.7529014664096 30216.748 36.223 13553.39311111111 9
stats: 200 7 46
stats: size_rcv 10270 2941994
stats: 502 0 8
stats: size_sent 13003 63252
stats: connected 7 50
stats: 201 4 11
stats: 500 10 16
# stats: dump at 1669993903
stats: users 51 52
stats: {freemem,"tsung_controller@ip-172-31-54-152"} 1 666.5703125 0.0 670.3203125 666.5703125 668.91796875 5
stats: {load,"tsung_controller@ip-172-31-54-152"} 1 0.0390625 0.0 0.109375 0.0390625 0.07578125 5
stats: {cpu,"tsung_controller@ip-172-31-54-152"} 1 0.10005002501250625 0.0 0.5130538218386719 0.0 0.2725058617740762 5
stats: session 3 13389.659999999998 2309.4847266203487 34831.709 6790.4 21066.483 4
stats: users_count 4 58
stats: finish_users_count 3 7
stats: request 20 6011.785550000002 8295.457633858578 34587.894 6.151 3883.045925925927 81
stats: connect 3 1.6113333333333333 0.5145848380544802 6.314 1.04 1.4505925925925924 54
stats: page 9 16625.64022222222 11444.885185376692 30615.282 36.223 10442.429866666667 15
stats: 200 5 51
stats: size_rcv 11208 2953202
stats: 502 8 16
stats: size_sent 13350 76602
stats: connected 0 50
stats: 201 6 17
stats: 500 1 17
# stats: dump at 1669993913
stats: users 67 67
stats: {freemem,"tsung_controller@ip-172-31-54-152"} 1 664.99609375 0.0 670.3203125 664.99609375 668.5266927083334 6
stats: {load,"tsung_controller@ip-172-31-54-152"} 1 0.0390625 0.0 0.109375 0.0390625 0.06966145833333333 6
stats: {cpu,"tsung_controller@ip-172-31-54-152"} 1 0.4502251125562781 0.0 0.5130538218386719 0.0 0.24376322231381456 6
stats: session 5 33268.371999999996 4062.434545596473 38511.885 6790.4 17776.416 7
stats: users_count 21 79
stats: finish_users_count 5 12
stats: request 28 16844.784928571426 24763.91652071241 59913.689 5.615 4304.578524752476 101
stats: connect 19 2.20178947368421 3.283826612176192 15.952 1.04 1.4590526315789474 57
stats: page 5 4704.6786 1134.6480540693842 30615.282 36.223 12761.133749999999 24
stats: 504 7 7
stats: 200 12 63
stats: size_rcv 219358 3172560
stats: 502 0 16
stats: newphase 1 1
stats: size_sent 19729 96331
stats: connected 14 64
stats: 201 0 17
stats: 500 9 26
# stats: dump at 1669993923
stats: users 79 79
stats: {freemem,"tsung_controller@ip-172-31-54-152"} 1 664.61328125 0.0 670.3203125 664.61328125 668.0223214285714 7
stats: {load,"tsung_controller@ip-172-31-54-152"} 1 0.03125 0.0 0.109375 0.03125 0.06529017857142858 7
stats: {cpu,"tsung_controller@ip-172-31-54-152"} 1 0.24987506246876562 0.0 0.5130538218386719 0.0 0.27325777806273793 7
stats: session 0 0 0 38511.885 6790.4 24231.397666666668 12
stats: users_count 12 91
stats: finish_users_count 0 12
stats: request 24 20954.99095833333 24699.02284854124 59913.689 5.615 7026.4837906976745 129
stats: connect 15 1.2903333333333336 0.1660352037638069 15.952 1.04 1.644736842105263 76
stats: page 9 42259.71322222222 25739.98135205544 65659.233 36.223 11372.089758620688 29
stats: 504 7 14
stats: 200 0 63
stats: size_rcv 4826 3177386
stats: 502 0 16
stats: newphase 0 1
stats: size_sent 16801 113132
stats: connected 15 79
stats: 201 0 17
stats: 500 17 43
# stats: dump at 1669993933
stats: users 101 101
stats: {freemem,"tsung_controller@ip-172-31-54-152"} 1 663.6953125 0.0 670.3203125 663.6953125 667.59619140625 8
stats: {load,"tsung_controller@ip-172-31-54-152"} 1 0.03125 0.0 0.109375 0.03125 0.06103515625 8
stats: {cpu,"tsung_controller@ip-172-31-54-152"} 1 0.1500750375187594 0.0 0.5130538218386719 0.0 0.2703349386134914 8
stats: session 0 0 0 38511.885 6790.4 24231.397666666668 12
stats: users_count 22 113
stats: finish_users_count 0 12
stats: request 5 48603.5836 21557.95862726308 59913.689 5.615 9211.347660130717 153
stats: connect 20 1.4652999999999998 0.5894931806221341 15.952 1.04 1.5863186813186811 91
stats: page 1 67635.468 0.0 67635.468 36.223 18687.579526315785 38
stats: 504 4 18
stats: 200 0 63
stats: size_rcv 553 3177939
stats: 502 0 16
stats: newphase 0 1
stats: size_sent 8097 121229
stats: connected 20 99
stats: 201 0 17
stats: 500 1 44
# stats: dump at 1669993943
stats: users 120 120
stats: {freemem,"tsung_controller@ip-172-31-54-152"} 1 663.31640625 0.0 670.3203125 663.31640625 667.1627604166666 9
stats: {load,"tsung_controller@ip-172-31-54-152"} 1 0.01953125 0.0 0.109375 0.01953125 0.05772569444444445 9
stats: {cpu,"tsung_controller@ip-172-31-54-152"} 1 0.10010010010010009 0.0 0.5130538218386719 0.0 0.2569727273807434 9
stats: session 0 0 0 38511.885 6790.4 24231.397666666668 12
stats: users_count 19 132
stats: finish_users_count 0 12
stats: request 13 59521.4576923077 224.16522267442468 59920.305 5.615 10457.93740506329 158
stats: page 3 84800.08466666666 6577.115552654999 94094.019 36.223 19942.653589743586 39
stats: connect 19 1.3549473684210525 0.20084911165093441 15.952 1.04 1.5645135135135135 111
stats: 504 13 31
stats: 200 0 63
stats: size_rcv 975 3178914
stats: 502 0 16
stats: newphase 0 1
stats: size_sent 11411 132640
stats: connected 19 118
stats: 201 0 17
stats: 500 0 44
# stats: dump at 1669993953
stats: users 142 142
stats: {freemem,"tsung_controller@ip-172-31-54-152"} 1 663.21484375 0.0 670.3203125 663.21484375 666.778125 10
stats: {load,"tsung_controller@ip-172-31-54-152"} 1 0.01953125 0.0 0.109375 0.01953125 0.05390625 10
stats: {cpu,"tsung_controller@ip-172-31-54-152"} 1 0.25 0.0 0.5130538218386719 0.0 0.24128546465267905 10
stats: session 0 0 0 38511.885 6790.4 24231.397666666668 12
stats: users_count 22 154
stats: finish_users_count 0 12
stats: request 11 59578.916999999994 275.71378313190627 59971.689 5.615 14187.912631578947 171
stats: connect 23 1.4501739130434783 0.4447800288930242 15.952 1.04 1.5338846153846153 130
stats: page 1 66272.991 0.0 94094.019 36.223 24575.327238095233 42
stats: 504 11 42
stats: 200 0 63
stats: size_rcv 825 3179739
stats: 502 0 16
stats: newphase 0 1
stats: size_sent 13525 146165
stats: connected 23 141
stats: 201 0 17
stats: 500 0 44
# stats: dump at 1669993963
stats: users 161 161
stats: {freemem,"tsung_controller@ip-172-31-54-152"} 1 662.73046875 0.0 670.3203125 662.73046875 666.4541903409091 11
stats: {load,"tsung_controller@ip-172-31-54-152"} 1 0.01171875 0.0 0.109375 0.01171875 0.05078125 11
stats: {cpu,"tsung_controller@ip-172-31-54-152"} 1 0.1 0.0 0.5130538218386719 0.0 0.24207769513879915 11
stats: session 0 0 0 38511.885 6790.4 24231.397666666668 12
stats: users_count 19 173
stats: finish_users_count 0 12
stats: page 0 0 0 94094.019 36.223 25545.040348837207 43
stats: 504 2 44
stats: request 2 59732.628 123.24699999999757 59971.689 5.615 16931.324983516482 182
stats: 200 0 63
stats: size_rcv 150 3179889
stats: connect 20 1.3171999999999997 0.23861864973216154 15.952 1.04 1.5213006535947713 153
stats: 502 0 16
stats: newphase 0 1
stats: size_sent 6253 152418
stats: connected 20 161
stats: 201 0 17
stats: 500 0 44
# stats: dump at 1669993973
stats: users 192 192
stats: {freemem,"tsung_controller@ip-172-31-54-152"} 1 662.3359375 0.0 670.3203125 662.3359375 666.1438802083334 12
stats: {load,"tsung_controller@ip-172-31-54-152"} 1 0.01171875 0.0 0.109375 0.01171875 0.047526041666666664 12
stats: {cpu,"tsung_controller@ip-172-31-54-152"} 1 0.1500750375187594 0.0 0.5130538218386719 0.0 0.2302378872105659 12
stats: session 0 0 0 38511.885 6790.4 24231.397666666668 12
stats: users_count 31 204
stats: finish_users_count 0 12
stats: 504 20 64
stats: request 20 59520.87150000002 346.56959077730977 60000.229 5.615 17396.55653804348 184
stats: 200 0 63
stats: size_rcv 1500 3181389
stats: connect 30 1.6575666666666673 0.8084618186545498 15.952 1.04 1.4977052023121389 173
stats: 502 0 16
stats: newphase 1 2
stats: size_sent 13697 166115
stats: page 4 119938.357 397.4077064973745 120354.652 36.223 25545.040348837207 43
stats: connected 30 191
stats: 201 0 17
stats: 500 0 44
# stats: dump at 1669993983
stats: users 225 225
stats: {freemem,"tsung_controller@ip-172-31-54-152"} 1 660.94140625 0.0 670.3203125 660.94140625 665.8509615384615 13
stats: {load,"tsung_controller@ip-172-31-54-152"} 1 0.01171875 0.0 0.109375 0.01171875 0.044771634615384616 13
stats: {cpu,"tsung_controller@ip-172-31-54-152"} 1 0.2502502502502503 0.0 0.5130538218386719 0.0 0.22407151415735 13
stats: session 0 0 0 38511.885 6790.4 24231.397666666668 12
stats: users_count 33 237
stats: finish_users_count 0 12
stats: 504 28 92
stats: 200 0 63
stats: request 28 59550.623214285704 309.48663479789144 60000.563 5.615 21526.3913382353 204
stats: size_rcv 2100 3183489
stats: 502 0 16
stats: newphase 0 2
stats: connect 34 1.9907647058823532 2.3304667553041503 15.952 1.04 1.521330049261084 203
stats: size_sent 23602 189717
stats: connected 34 225
stats: 201 0 17
stats: page 5 119911.28700000001 272.1390410948072 120354.652 36.223 33578.51410638298 47
stats: 500 0 44
# stats: dump at 1669993993
stats: users 252 252
stats: {freemem,"tsung_controller@ip-172-31-54-152"} 1 659.19140625 0.0 670.3203125 659.19140625 665.5002790178571 14
stats: {load,"tsung_controller@ip-172-31-54-152"} 1 0.01171875 0.0 0.109375 0.01171875 0.04241071428571429 14
stats: {cpu,"tsung_controller@ip-172-31-54-152"} 1 0.3501750875437719 0.0 0.5130538218386719 0.0 0.22594142387827146 14
stats: session 8 123947.13225 17454.55681185935 135657.08 6790.4 24231.397666666668 12
stats: users_count 35 272
stats: finish_users_count 8 20
stats: request 94 34324.28541489361 19458.021161746576 60000.563 5.615 26115.522771551725 232
stats: page 21 88528.14285714284 23072.869790705754 120354.652 36.223 41879.742269230774 52
stats: 504 18 110
stats: 200 24 87
stats: size_rcv 39016 3222505
stats: 502 0 16
stats: newphase 0 2
stats: size_sent 36096 225813
stats: connected 27 252
stats: 201 7 24
stats: 500 45 89
stats: connect 35 1.6015428571428572 1.0339983239239563 15.952 0.936 1.5886751054852324 237
# stats: dump at 1669994003
stats: users 282 282
stats: {freemem,"tsung_controller@ip-172-31-54-152"} 1 655.65234375 0.0 670.3203125 655.65234375 665.0796875 15
stats: {load,"tsung_controller@ip-172-31-54-152"} 1 0.01171875 0.0 0.109375 0.01171875 0.040364583333333336 15
stats: {cpu,"tsung_controller@ip-172-31-54-152"} 1 0.5994005994005994 0.0 0.5994005994005994 0.0 0.23422366812263815 15
stats: session 10 112414.45809999997 21063.890231199024 154279.117 6790.4 64117.6915 20
stats: users_count 40 312
stats: finish_users_count 10 30
stats: request 179 12042.118575418996 18359.1958751857 60000.563 5.615 28482.46660122699 326
stats: connect 38 1.5882368421052633 1.136798168315187 15.952 0.936 1.5903308823529414 272
stats: 504 23 133
stats: page 52 42269.38063461539 30415.776353475805 124956.965 36.223 55299.14517808219 73
stats: 200 13 100
stats: size_rcv 55564 3278069
stats: 502 16 32
stats: newphase 0 2
stats: size_sent 56923 282736
stats: connected 29 281
stats: 201 5 29
stats: 500 122 211
# stats: dump at 1669994013
stats: users 275 292
stats: {freemem,"tsung_controller@ip-172-31-54-152"} 1 649.61328125 0.0 670.3203125 649.61328125 664.490478515625 16
stats: {load,"tsung_controller@ip-172-31-54-152"} 1 0.0 0.0 0.109375 0.0 0.03857421875 16
stats: {cpu,"tsung_controller@ip-172-31-54-152"} 1 1.14713216957606 0.0 1.14713216957606 0.0 0.2570472263275107 16
stats: session 49 61967.26591836736 36992.29416712118 159041.595 6790.4 80216.6137 30
stats: users_count 42 354
stats: finish_users_count 49 79
stats: request 230 9647.564104347814 16626.860825174106 60000.595 0.951 22655.09571683168 505
stats: connect 43 1.4543953488372092 0.7027522683535365 15.952 0.936 1.5900741935483873 310
stats: page 92 25850.338902173917 34495.72402699106 125393.434 36.223 49878.763128 125
stats: 504 22 155
stats: 200 44 144
stats: size_rcv 106392 3384461
stats: 502 26 58
stats: newphase 0 2
stats: size_sent 58580 341316
stats: connected -6 275
stats: 201 0 29
stats: 500 138 349
# stats: dump at 1669994023
stats: users 291 295
stats: {freemem,"tsung_controller@ip-172-31-54-152"} 1 648.33984375 0.0 670.3203125 648.33984375 663.6153492647059 17
stats: {load,"tsung_controller@ip-172-31-54-152"} 1 0.0 0.0 0.109375 0.0 0.03630514705882353 17
stats: {cpu,"tsung_controller@ip-172-31-54-152"} 1 0.80040020010005 0.0 1.14713216957606 0.0 0.30940516416566066 17
stats: session 28 79201.80564285714 56016.93662083385 172087.437 6790.4 68897.39798734178 79
stats: users_count 44 398
stats: finish_users_count 28 107
stats: request 165 14299.835515151506 19109.931369050977 60000.595 0.951 18584.711674829927 735
stats: connect 44 1.3359999999999999 0.29594663216686407 15.952 0.936 1.573546742209632 353
stats: page 66 40234.04657575757 41306.432796881316 129949.228 36.223 39691.597096774196 217
stats: 504 15 170
stats: 200 34 178
stats: size_rcv 75703 3460164
stats: 502 29 87
stats: newphase 0 2
stats: size_sent 47326 388642
stats: connected 15 290
stats: 201 2 31
stats: 500 85 434
# stats: dump at 1669994033
stats: users 334 334
stats: {freemem,"tsung_controller@ip-172-31-54-152"} 1 647.38671875 0.0 670.3203125 647.38671875 662.7667100694445 18
stats: {load,"tsung_controller@ip-172-31-54-152"} 1 0.0 0.0 0.109375 0.0 0.03428819444444445 18
stats: {cpu,"tsung_controller@ip-172-31-54-152"} 1 0.501002004008016 0.0 1.14713216957606 0.0 0.33668266616201564 18
stats: session 21 77146.39533333333 53292.41117426981 172087.437 6790.4 71593.87849532711 107
stats: users_count 64 462
stats: finish_users_count 21 128
stats: request 196 22432.357500000006 21658.11249404707 60000.676 0.951 17799.15104555555 900
stats: page 57 40096.75819298246 34963.22157363209 129949.228 36.223 39818.10474911661 283
stats: connect 64 1.3390156250000005 0.39312893448696895 15.952 0.936 1.5472191435768263 397
stats: 504 20 190
stats: 200 30 208
stats: size_rcv 71530 3531694
stats: 502 0 87
stats: newphase 1 3
stats: size_sent 65734 454376
stats: connected 43 333
stats: 201 0 31
stats: 500 146 580
# stats: dump at 1669994043
stats: users 401 401
stats: {freemem,"tsung_controller@ip-172-31-54-152"} 1 645.734375 0.0 670.3203125 645.734375 661.9572368421053 19
stats: {load,"tsung_controller@ip-172-31-54-152"} 1 0.0 0.0 0.109375 0.0 0.03248355263157895 19
stats: {cpu,"tsung_controller@ip-172-31-54-152"} 1 0.95 0.0 1.14713216957606 0.0 0.3453310523644367 19
stats: session 9 57749.57077777778 33097.95379011195 172087.437 6790.4 72504.8382890625 128
stats: users_count 76 538
stats: finish_users_count 9 137
stats: connect 77 1.4542987012987014 0.6952712647282031 15.952 0.906 1.5183145336225599 461
stats: 504 14 204
stats: request 132 16326.447765151515 16705.14252434738 60000.676 0.951 18627.717163321166 1096
stats: page 32 65001.57653124999 46036.37733182862 131027.537 36.223 39864.82017941177 340
stats: 200 13 221
stats: size_rcv 47331 3579025
stats: 502 55 142
stats: newphase 0 3
stats: size_sent 54656 509032
stats: connected 68 401
stats: 201 2 33
stats: 500 48 628
# stats: dump at 1669994053
stats: users 436 436
stats: {freemem,"tsung_controller@ip-172-31-54-152"} 1 643.33984375 0.0 670.3203125 643.33984375 661.1460937500001 20
stats: {load,"tsung_controller@ip-172-31-54-152"} 1 0.0 0.0 0.109375 0.0 0.030859375 20
stats: {cpu,"tsung_controller@ip-172-31-54-152"} 1 0.6506506506506506 0.0 1.14713216957606 0.0 0.37556449974621486 20
stats: session 37 81611.01072972977 35041.62478549373 172087.437 6790.4 71535.5141459854 137
stats: users_count 72 610
stats: finish_users_count 37 174
stats: connect 70 1.5126571428571427 0.8037788588147556 15.952 0.906 1.5091524163568775 538
stats: page 80 45721.0820875 38495.59080271012 175174.74 36.223 42027.12180107527 372
stats: 504 24 228
stats: request 229 14381.806013100433 15878.966619978894 60000.676 0.951 18380.34944299674 1228
stats: 200 51 272
stats: size_rcv 99636 3678661
stats: 502 0 142
stats: newphase 0 3
stats: size_sent 71082 580114
stats: connected 33 434
stats: 201 3 36
stats: 500 151 779
# stats: dump at 1669994063
stats: users 486 486
stats: {freemem,"tsung_controller@ip-172-31-54-152"} 1 636.859375 0.0 670.3203125 636.859375 660.2981770833334 21
stats: {load,"tsung_controller@ip-172-31-54-152"} 1 0.0 0.0 0.109375 0.0 0.029389880952380952 21
stats: {cpu,"tsung_controller@ip-172-31-54-152"} 1 1.097804391217565 0.0 1.14713216957606 0.0 0.3886638402654737 21
stats: session 17 90865.41788235297 39872.43405694229 172087.437 6790.4 73678.0047988506 174
stats: users_count 67 677
stats: finish_users_count 17 191
stats: request 225 11109.245555555543 10236.960962663576 60000.676 0.951 17751.889288263552 1457
stats: connect 68 1.5521323529411764 1.9240802073321694 17.243 0.906 1.5095559210526317 608
stats: page 60 41709.082216666655 36481.746160440336 179506.813 36.223 42680.92008185841 452
stats: 504 9 237
stats: 200 17 289
stats: size_rcv 76175 3754836
stats: 502 26 168
stats: newphase 0 3
stats: size_sent 68179 648293
stats: connected 51 485
stats: 201 0 36
stats: 500 173 952
# stats: dump at 1669994073
stats: users 547 547
stats: {freemem,"tsung_controller@ip-172-31-54-152"} 1 635.1796875 0.0 670.3203125 635.1796875 659.2327769886364 22
stats: {load,"tsung_controller@ip-172-31-54-152"} 1 0.0 0.0 0.109375 0.0 0.028053977272727272 22
stats: {cpu,"tsung_controller@ip-172-31-54-152"} 1 0.6509764646970456 0.0 1.14713216957606 0.0 0.42089750167238693 22
stats: session 24 94803.55270833334 39129.16930267683 192214.43 6790.4 75207.77454973824 191
stats: users_count 85 762
stats: finish_users_count 24 215
stats: connect 86 1.425337209302325 0.5121485433699222 17.243 0.906 1.5138387573964498 676
stats: 504 35 272
stats: page 72 31272.463513888884 25158.69086654631 179506.813 36.223 42567.03283203125 512
stats: 200 24 313
stats: size_rcv 68531 3823367
stats: 502 41 209
stats: newphase 0 3
stats: size_sent 59439 707732
stats: connected 62 547
stats: 201 1 37
stats: 500 79 1031
stats: request 180 11265.132488888888 16732.711842704623 60000.676 0.951 16863.30733828775 1682
# stats: dump at 1669994083
stats: users 616 616
stats: {freemem,"tsung_controller@ip-172-31-54-152"} 1 634.04296875 0.0 670.3203125 634.04296875 658.1869904891304 23
stats: {load,"tsung_controller@ip-172-31-54-152"} 1 0.0 0.0 0.109375 0.0 0.026834239130434784 23
stats: {cpu,"tsung_controller@ip-172-31-54-152"} 1 0.9504752376188095 0.0 1.14713216957606 0.0 0.4309009348473721 23
stats: session 23 126953.56760869564 65628.09112610604 235236.17 6790.4 77395.21025116282 215
stats: users_count 92 854
stats: finish_users_count 23 238
stats: request 184 26132.461298913026 26334.162450680768 60000.676 0.951 16322.130392588611 1862
stats: connect 92 1.5035869565217383 0.6579834336518683 17.243 0.906 1.5038503937007874 762
stats: page 50 54877.97754000001 34393.196879511284 179506.813 36.223 41174.55168321918 584
stats: 504 111 383
stats: 200 18 331
stats: size_rcv 42939 3866306
stats: 502 15 224
stats: newphase 0 3
stats: size_sent 68308 776040
stats: connected 69 616
stats: 201 1 38
stats: 500 39 1070
# stats: dump at 1669994093
stats: users 678 678
stats: {freemem,"tsung_controller@ip-172-31-54-152"} 1 631.7109375 0.0 670.3203125 631.7109375 657.1809895833333 24
stats: {load,"tsung_controller@ip-172-31-54-152"} 1 0.0 0.0 0.109375 0.0 0.025716145833333332 24
stats: {cpu,"tsung_controller@ip-172-31-54-152"} 1 1.2481278082875686 0.0 1.2481278082875686 0.0 0.4525498641295153 24
stats: session 48 95648.17699999998 46177.524042519355 235236.17 3278.122 82184.46327310926 238
stats: users_count 110 964
stats: finish_users_count 48 286
stats: 504 239 622
stats: 200 15 346
stats: request 362 16502.63767403317 21955.342136580173 60000.676 0.951 17204.38889051808 2046
stats: size_rcv 65796 3932102
stats: 502 0 224
stats: newphase 1 4
stats: connect 103 1.314747572815535 0.26699688076599126 17.243 0.873 1.5038220140515222 854
stats: size_sent 90469 866509
stats: connected 55 671
stats: page 108 55671.173564814795 46945.27719014647 179896.271 6.798 42255.26350157729 634
stats: 201 0 38
stats: 500 108 1178
# stats: dump at 1669994103
stats: users 708 733
stats: {freemem,"tsung_controller@ip-172-31-54-152"} 1 628.47265625 0.0 670.3203125 628.47265625 656.1621875 25
stats: {load,"tsung_controller@ip-172-31-54-152"} 1 0.0 0.0 0.109375 0.0 0.0246875 25
stats: {cpu,"tsung_controller@ip-172-31-54-152"} 1 1.0542168674698795 0.0 1.2481278082875686 0.0 0.48437298189583744 25
stats: session 131 36243.62880152673 48383.604436331516 235236.17 32.553 84444.10753496505 286
stats: users_count 161 1125
stats: finish_users_count 131 417
stats: connect 164 1.8759695121951225 2.2551408652767626 17.243 0.873 1.4834723092998956 957
stats: page 290 9920.413813793093 22970.48764745059 179896.271 2.522 44207.983564690025 742
stats: 504 454 1076
stats: request 753 3398.5357025232397 11251.451619694406 60000.676 0.859 17098.89306810631 2408
stats: 200 12 358
stats: size_rcv 135765 4067867
stats: 502 258 482
stats: newphase 0 4
stats: size_sent 163905 1030414
stats: connected 37 708
stats: 201 0 38
stats: 500 29 1207
# stats: dump at 1669994113
stats: users 729 733
stats: {freemem,"tsung_controller@ip-172-31-54-152"} 1 626.33203125 0.0 670.3203125 626.33203125 655.0972055288462 26
stats: {load,"tsung_controller@ip-172-31-54-152"} 1 0.0 0.0 0.109375 0.0 0.023737980769230768 26
stats: {cpu,"tsung_controller@ip-172-31-54-152"} 1 2.481389578163772 0.0 2.481389578163772 0.0 0.506290054417916 26
stats: session 117 32699.212042735046 40296.83847759184 235236.17 32.553 69301.99071462831 417
stats: users_count 138 1263
stats: finish_users_count 117 534
stats: connect 134 1.4364477611940296 0.6284980623958091 17.243 0.873 1.5408938447814453 1121
stats: page 258 13676.691701550388 25978.515307715723 179896.271 2.522 34572.91066957364 1032
stats: 504 381 1457
stats: request 686 5294.658886297377 13249.60581536836 60000.676 0.806 13835.252101233784 3161
stats: 200 16 374
stats: size_rcv 135916 4203783
stats: 502 199 681
stats: newphase 0 4
stats: size_sent 153004 1183418
stats: connected 15 723
stats: 201 0 38
stats: 500 90 1297
# stats: dump at 1669994123
stats: users 645 741
stats: {freemem,"tsung_controller@ip-172-31-54-152"} 1 625.03125 0.0 670.3203125 625.03125 654.0318287037037 27
stats: {load,"tsung_controller@ip-172-31-54-152"} 1 0.0 0.0 0.109375 0.0 0.022858796296296297 27
stats: {cpu,"tsung_controller@ip-172-31-54-152"} 1 1.899050474762619 0.0 2.481389578163772 0.0 0.5794418886307254 27
stats: session 239 45843.40592887027 46958.08132513059 241232.54 32.553 61282.28078089889 534
stats: users_count 155 1418
stats: finish_users_count 239 773
stats: 504 701 2158
stats: 200 18 392
stats: request 1062 7880.160748587561 18660.68634339071 60000.676 0.716 12312.286947751492 3847
stats: size_rcv 178151 4381934
stats: 502 304 985
stats: newphase 0 4
stats: connect 155 1.4036193548387093 0.5773776901169155 17.243 0.873 1.5297418326693226 1255
stats: size_sent 225453 1408871
stats: connected -64 659
stats: 201 6 44
stats: page 455 19379.568461538467 29666.42395407382 179896.271 1.89 30393.66687596899 1290
stats: 500 33 1330
# stats: dump at 1669994133
stats: users 651 741
stats: {freemem,"tsung_controller@ip-172-31-54-152"} 1 624.0078125 0.0 670.3203125 624.0078125 652.99609375 28
stats: {load,"tsung_controller@ip-172-31-54-152"} 1 0.0703125 0.0 0.109375 0.0 0.022042410714285716 28
stats: {cpu,"tsung_controller@ip-172-31-54-152"} 1 2.9280397022332507 0.0 2.9280397022332507 0.0 0.6265707667068644 28
stats: session 162 56143.08941975307 51152.4549935668 242532.722 32.553 56508.81235963778 773
stats: users_count 168 1586
stats: finish_users_count 162 935
stats: page 377 28390.435411140556 35664.76711549254 179896.271 1.89 27521.79594269341 1745
stats: 504 147 2305
stats: request 974 12264.10181314169 21138.71710832166 60000.88 0.716 11353.452557139943 4909
stats: connect 172 1.4272325581395344 0.5907393017743934 17.243 0.873 1.5158773049645389 1410
stats: 200 38 430
stats: size_rcv 298987 4680921
stats: 502 646 1631
stats: newphase 0 4
stats: size_sent 212491 1621362
stats: connected -12 647
stats: 201 1 45
stats: 500 142 1472
# stats: dump at 1669994143
stats: users 578 741
stats: {freemem,"tsung_controller@ip-172-31-54-152"} 1 623.07421875 0.0 670.3203125 623.07421875 651.9964978448276 29
stats: {load,"tsung_controller@ip-172-31-54-152"} 1 0.05859375 0.0 0.109375 0.0 0.023706896551724137 29
stats: {cpu,"tsung_controller@ip-172-31-54-152"} 1 2.1989005497251375 0.0 2.9280397022332507 0.0 0.7059317644836363 29
stats: session 219 54618.89355707762 43417.79091660284 242532.722 32.553 56445.44645989304 935
stats: users_count 146 1732
stats: finish_users_count 219 1154
stats: 504 54 2359
stats: request 1043 9332.985210929997 16983.46043904134 60000.88 0.716 11504.221276389593 5883
stats: 200 40 470
stats: size_rcv 348391 5029312
stats: connect 144 1.4540833333333334 0.6488247441421382 17.243 0.873 1.5062395701643487 1582
stats: 502 808 2439
stats: newphase 0 4
stats: page 462 26526.207456709926 32209.274773522764 179896.271 1.89 27676.12067389255 2122
stats: size_sent 214504 1835866
stats: connected -73 574
stats: 201 18 63
stats: 500 123 1595
# stats: dump at 1669994153
stats: users 632 741
stats: {freemem,"tsung_controller@ip-172-31-54-152"} 1 620.41015625 0.0 670.3203125 620.41015625 651.032421875 30
stats: {load,"tsung_controller@ip-172-31-54-152"} 1 0.05078125 0.0 0.109375 0.0 0.024869791666666665 30
stats: {cpu,"tsung_controller@ip-172-31-54-152"} 1 2.8827037773359843 0.0 2.9280397022332507 0.0 0.7556973906583531 30
stats: session 198 50625.85769191917 44239.47445866378 242532.722 32.553 56098.812936741764 1154
stats: users_count 252 1984
stats: finish_users_count 198 1352
stats: connect 249 1.4662369477911645 0.8073196592485269 17.243 0.812 1.5018881807647737 1726
stats: 504 36 2395
stats: 200 53 523
stats: page 375 22966.801247999992 35019.331836271 179896.271 1.792 27470.52473490711 2584
stats: size_rcv 344366 5373678
stats: 502 740 3179
stats: newphase 1 5
stats: size_sent 244861 2080727
stats: connected 59 633
stats: 201 0 63
stats: 500 174 1769
stats: request 1003 7829.31112263211 15140.502638926682 60000.88 0.716 11177.250555010101 6926
# stats: dump at 1669994163
stats: users 683 741
stats: {freemem,"tsung_controller@ip-172-31-54-152"} 1 619.125 0.0 670.3203125 619.125 650.0446068548387 31
stats: {load,"tsung_controller@ip-172-31-54-152"} 1 0.0390625 0.0 0.109375 0.0 0.025705645161290324 31
stats: {cpu,"tsung_controller@ip-172-31-54-152"} 1 2.897102897102897 0.0 2.9280397022332507 0.0 0.8243104999060186 31
stats: session 252 34807.58578968251 37297.889764089094 242532.722 32.553 55297.30026035503 1352
stats: users_count 303 2287
stats: finish_users_count 252 1604
stats: request 1336 4146.762380239514 8344.013775544321 60000.88 0.716 10753.744028250721 7929
stats: 504 7 2402
stats: connect 299 1.457979933110367 0.7189043825871461 17.243 0.812 1.4973934177215187 1975
stats: page 533 14175.859031894928 23821.836754630927 179896.271 1.792 26899.758831699888 2959
stats: 200 56 579
stats: size_rcv 463549 5837227
stats: 502 1110 4289
stats: newphase 0 5
stats: size_sent 306692 2387419
stats: connected 45 678
stats: 201 14 77
stats: 500 149 1918
# stats: dump at 1669994173
stats: users 721 741
stats: {freemem,"tsung_controller@ip-172-31-54-152"} 1 618.0234375 0.0 670.3203125 618.0234375 649.078369140625 32
stats: {load,"tsung_controller@ip-172-31-54-152"} 1 0.0390625 0.0 0.109375 0.0 0.026123046875 32
stats: {cpu,"tsung_controller@ip-172-31-54-152"} 1 4.015865146256817 0.0 4.015865146256817 0.0 0.889085262318421 32
stats: session 275 27252.24558181819 38278.721284851264 242532.722 32.553 52078.21793703241 1604
stats: users_count 313 2600
stats: finish_users_count 275 1879
stats: connect 316 1.5169082278481008 0.9514885778241221 17.243 0.812 1.492211081794195 2274
stats: page 541 7676.694109057297 16390.402605938973 179896.271 1.792 24957.651559851078 3492
stats: request 1333 2662.6868732183016 7175.416360298633 60000.88 0.716 9801.026545062057 9265
stats: 504 6 2408
stats: 200 53 632
stats: size_rcv 464357 6301584
stats: 502 1138 5427
stats: newphase 0 5
stats: size_sent 313911 2701330
stats: connected 38 716
stats: 201 0 77
stats: 500 136 2054
# stats: dump at 1669994183
stats: users 816 816
stats: {freemem,"tsung_controller@ip-172-31-54-152"} 1 617.85546875 0.0 670.3203125 617.85546875 648.1373106060606 33
stats: {load,"tsung_controller@ip-172-31-54-152"} 1 0.03125 0.0 0.109375 0.0 0.026515151515151516 33
stats: {cpu,"tsung_controller@ip-172-31-54-152"} 1 3.6408977556109723 0.0 4.015865146256817 0.0 0.9838361678923118 33
stats: session 213 28923.422450704213 34353.664200814186 242532.722 27.653 48444.82655987226 1879
stats: users_count 308 2908
stats: finish_users_count 213 2092
stats: request 1126 4498.770063943165 9188.07801813972 60000.88 0.716 8903.177254387618 10598
stats: connect 307 1.331097719869706 0.7377081356352412 17.243 0.812 1.495224324324324 2590
stats: page 429 10805.166128205126 17614.666645586018 179896.271 1.792 22639.5265955864 4033
stats: 504 0 2408
stats: 200 88 720
stats: size_rcv 414932 6716516
stats: 502 879 6306
stats: newphase 0 5
stats: size_sent 310360 3011690
stats: connected 94 810
stats: 201 5 82
stats: 500 154 2208
# stats: dump at 1669994193
stats: users 822 858
stats: {freemem,"tsung_controller@ip-172-31-54-152"} 1 615.63671875 0.0 670.3203125 615.63671875 647.2466681985294 34
stats: {load,"tsung_controller@ip-172-31-54-152"} 1 0.01953125 0.0 0.109375 0.0 0.02665441176470588 34
stats: {cpu,"tsung_controller@ip-172-31-54-152"} 1 3.09535696455317 0.0 4.015865146256817 0.0 1.0619850381193312 34
stats: session 312 23164.408955128172 28740.291316257295 242532.722 27.653 46457.22661950286 2092
stats: users_count 318 3226
stats: finish_users_count 312 2404
stats: request 1625 3414.264707692306 8812.393523233453 60000.88 0.716 8480.167829580345 11724
stats: connect 319 1.4465987460815053 0.7693457234105414 17.243 0.812 1.4778315498791847 2897
stats: page 633 8613.612159557679 15730.374952910555 179896.271 1.792 21501.709329672783 4462
stats: 504 5 2413
stats: 200 51 771
stats: size_rcv 536774 7253290
stats: 502 1428 7734
stats: newphase 0 5
stats: size_sent 376867 3388557
stats: connected 14 824
stats: 201 6 88
stats: 500 135 2343
# stats: dump at 1669994203
stats: users 842 861
stats: {freemem,"tsung_controller@ip-172-31-54-152"} 1 609.703125 0.0 670.3203125 609.703125 646.3435267857143 35
stats: {load,"tsung_controller@ip-172-31-54-152"} 1 0.1015625 0.0 0.109375 0.0 0.026450892857142857 35
stats: {cpu,"tsung_controller@ip-172-31-54-152"} 1 4.222553402881272 0.0 4.222553402881272 0.0 1.1200813788745838 35
stats: session 312 22725.461160256393 26363.25023522644 242532.722 27.653 43434.19870299499 2404
stats: users_count 332 3558
stats: finish_users_count 312 2716
stats: request 1652 4224.216378329306 10354.442931403744 60000.88 0.716 7863.485488351183 13349
stats: connect 332 1.4837951807228924 0.8823912781117103 17.243 0.812 1.4747335199004972 3216
stats: page 643 10093.725279937817 17098.55015647666 179896.271 1.792 19900.49922001962 5095
stats: 504 5 2418
stats: 200 74 845
stats: size_rcv 563880 7817170
stats: 502 1405 9139
stats: newphase 0 5
stats: size_sent 405492 3794049
stats: connected 13 837
stats: 201 3 91
stats: 500 165 2508
# stats: dump at 1669994213
stats: users 905 919
stats: {freemem,"tsung_controller@ip-172-31-54-152"} 1 606.18359375 0.0 670.3203125 606.18359375 645.3257378472222 36
stats: {load,"tsung_controller@ip-172-31-54-152"} 1 0.078125 0.0 0.109375 0.0 0.028537326388888888 36
stats: {cpu,"tsung_controller@ip-172-31-54-152"} 1 3.7369207772795217 0.0 4.222553402881272 0.0 1.2062611573192141 36
stats: session 462 22522.19038095241 27126.46860677314 242532.722 18.318 41055.28629013253 2716
stats: users_count 525 4083
stats: finish_users_count 462 3178
stats: request 2574 4031.4099106449066 11320.968053247507 60000.88 0.716 7462.707368908737 15001
stats: 504 21 2439
stats: connect 516 1.4369670542635673 1.2168660443306039 18.208 0.812 1.475581454340473 3548
stats: 200 97 942
stats: size_rcv 870364 8687534
stats: page 984 9447.958534552818 17889.272119948702 179896.271 1.792 18801.55261084001 5738
stats: 502 2266 11405
stats: newphase 1 6
stats: size_sent 627319 4421368
stats: connected 68 905
stats: 201 3 94
stats: 500 187 2695
# stats: dump at 1669994223
stats: users 904 919
stats: {freemem,"tsung_controller@ip-172-31-54-152"} 1 597.8515625 0.0 670.3203125 597.8515625 644.2678420608108 37
stats: {load,"tsung_controller@ip-172-31-54-152"} 1 0.21875 0.0 0.21875 0.0 0.029877533783783782 37
stats: {cpu,"tsung_controller@ip-172-31-54-152"} 1 6.805762543467461 0.0 6.805762543467461 0.0 1.2746573632640874 37
stats: session 580 15971.64563793103 21414.343950445946 242532.722 16.604 38361.04767778476 3178
stats: users_count 579 4662
stats: finish_users_count 580 3758
stats: connect 586 1.453598976109214 0.9697051456784508 18.208 0.812 1.4706786417322832 4064
stats: request 2994 2309.5135664662685 7606.951584928268 60000.88 0.716 6960.166278862017 17575
stats: page 1193 6385.837564962286 14664.975442309114 179896.271 1.758 17432.326700238016 6722
stats: 504 5 2444
stats: 200 59 1001
stats: size_rcv 989589 9677123
stats: 502 2802 14207
stats: newphase 0 6
stats: size_sent 678797 5100165
stats: connected -6 899
stats: 201 8 102
stats: 500 120 2815
# stats: dump at 1669994233
stats: users 917 921
stats: {freemem,"tsung_controller@ip-172-31-54-152"} 1 595.3828125 0.0 670.3203125 595.3828125 643.0463610197369 38
stats: {load,"tsung_controller@ip-172-31-54-152"} 1 0.1796875 0.0 0.21875 0.0 0.03484786184210526 38
stats: {cpu,"tsung_controller@ip-172-31-54-152"} 1 6.686626746506986 0.0 6.805762543467461 0.0 1.4202127627431236 38
stats: session 556 15146.859059352515 21028.156265552712 242532.722 16.604 34905.52527674294 3758
stats: users_count 569 5231
stats: finish_users_count 556 4314
stats: request 2745 2284.6880918032743 7103.7772899428555 60000.88 0.716 6283.2226150517745 20569
stats: connect 573 1.3517993019197203 0.621636619835038 18.208 0.812 1.4685262365591394 4650
stats: page 1098 6051.664688524596 14429.454140290427 179896.271 1.758 15767.328401010733 7915
stats: 504 3 2447
stats: 200 73 1074
stats: size_rcv 911796 10588919
stats: 502 2462 16669
stats: newphase 0 6
stats: size_sent 623905 5724070
stats: connected 20 919
stats: 201 0 102
stats: 500 207 3022
# stats: dump at 1669994243
stats: users 946 971
stats: {freemem,"tsung_controller@ip-172-31-54-152"} 1 591.91796875 0.0 670.3203125 591.91796875 641.82421875 39
stats: {load,"tsung_controller@ip-172-31-54-152"} 1 0.16015625 0.0 0.21875 0.0 0.03856169871794872 39
stats: {cpu,"tsung_controller@ip-172-31-54-152"} 1 7.623762376237623 0.0 7.623762376237623 0.0 1.5552490187370687 39
stats: session 609 13938.370137931039 20859.15524595081 242532.722 16.604 32358.9748787668 4314
stats: users_count 638 5869
stats: finish_users_count 609 4923
stats: request 3210 2303.9279124610575 7956.645433246189 60000.88 0.716 5812.4335069486115 23314
stats: 504 8 2455
stats: connect 635 1.4025590551181117 0.9270113255476412 18.208 0.811 1.4557204671644646 5223
stats: page 1297 5615.46241788743 14440.45422986751 179896.271 1.635 14583.727074448016 9013
stats: 200 41 1115
stats: size_rcv 1038516 11627435
stats: 502 3003 19672
stats: newphase 0 6
stats: size_sent 708570 6432640
stats: connected 25 944
stats: 201 7 109
stats: 500 151 3173
# stats: dump at 1669994253
stats: users 928 971
stats: {freemem,"tsung_controller@ip-172-31-54-152"} 1 586.69140625 0.0 670.3203125 586.69140625 640.5765625 40
stats: {load,"tsung_controller@ip-172-31-54-152"} 1 0.2109375 0.0 0.21875 0.0 0.0416015625 40
stats: {cpu,"tsung_controller@ip-172-31-54-152"} 1 7.772795216741405 0.0 7.772795216741405 0.0 1.7069618526745824 40
stats: session 638 16221.675963949818 21680.523636800674 242532.722 16.604 30080.25290290473 4923
stats: users_count 620 6489
stats: finish_users_count 638 5561
stats: request 3071 2150.699324649949 7634.276344915852 60000.88 0.716 5387.825493138287 26524
stats: 504 14 2469
stats: connect 624 1.4058814102564097 0.8008545888455246 18.208 0.811 1.4499578354387161 5858
stats: 200 72 1187
stats: page 1218 5800.535002463058 13912.327367456232 179896.271 1.635 13455.517640931132 10310
stats: size_rcv 1028775 12656210
stats: 502 2844 22516
stats: newphase 0 6
stats: size_sent 686437 7119077
stats: connected -13 931
stats: 201 1 110
stats: 500 140 3313
# stats: dump at 1669994263
stats: users 930 971
stats: {freemem,"tsung_controller@ip-172-31-54-152"} 1 587.26171875 0.0 670.3203125 586.69140625 639.2622903963414 41
stats: {load,"tsung_controller@ip-172-31-54-152"} 1 0.1796875 0.0 0.21875 0.0 0.04573170731707317 41
stats: {cpu,"tsung_controller@ip-172-31-54-152"} 1 7.49379652605459 0.0 7.772795216741405 0.0 1.8549090078957242 41
stats: session 668 15326.42591017965 21390.028853582473 242532.722 10.583 28490.29208883294 5561
stats: users_count 670 7159
stats: finish_users_count 668 6229
stats: request 3383 2506.3227661838637 8610.845678188312 60003.677 0.716 5051.916911843214 29595
stats: connect 668 1.3077380239520946 0.6606314788364452 18.208 0.811 1.4457147485344028 6482
stats: 504 20 2489
stats: page 1365 6380.564583150182 15758.204787027858 179896.271 1.635 12646.724367713392 11528
stats: 200 62 1249
stats: size_rcv 1102942 13759152
stats: 502 3106 25622
stats: newphase 0 6
stats: size_sent 743464 7862541
stats: connected -3 928
stats: 201 0 110
stats: 500 196 3509
# stats: dump at 1669994273
stats: users 774 971
stats: {freemem,"tsung_controller@ip-172-31-54-152"} 1 587.734375 0.0 670.3203125 586.69140625 638.024181547619 42
stats: {load,"tsung_controller@ip-172-31-54-152"} 1 0.1484375 0.0 0.21875 0.0 0.04892113095238095 42
stats: {cpu,"tsung_controller@ip-172-31-54-152"} 1 8.208955223880597 0.0 8.208955223880597 0.0 1.9891682345185546 42
stats: session 402 19165.017383084596 21338.572935104476 242532.722 10.583 27078.594768662704 6229
stats: users_count 246 7405
stats: finish_users_count 402 6631
stats: connect 255 1.4560549019607847 0.9470131978941873 18.208 0.811 1.4328240559440557 7150
stats: 504 12 2501
stats: 200 80 1329
stats: page 731 9213.183093023263 16228.478953380434 179896.271 1.635 11983.317239354687 12893
stats: size_rcv 615593 14374745
stats: 502 1480 27102
stats: newphase 0 6
stats: size_sent 385930 8248471
stats: connected -154 774
stats: 201 4 114
stats: 500 164 3673
stats: request 1741 4110.361952900631 9999.559054154108 60003.677 0.716 4790.780851598033 32978
# stats: dump at 1669994283
stats: users 676 971
stats: {freemem,"tsung_controller@ip-172-31-54-152"} 1 595.67578125 0.0 670.3203125 586.69140625 636.8546511627907 43
stats: {load,"tsung_controller@ip-172-31-54-152"} 1 0.12890625 0.0 0.21875 0.0 0.05123546511627907 43
stats: {cpu,"tsung_controller@ip-172-31-54-152"} 1 3.3814022874191947 0.0 8.208955223880597 0.0 2.1338144435734856 43
stats: session 98 31203.335489795918 20932.85443785017 242532.722 10.583 26598.83936088071 6631
stats: users_count 0 7405
stats: finish_users_count 98 6729
stats: 504 2 2503
stats: request 352 18949.488823863623 11591.549960307597 60003.677 0.716 4756.660937354184 34719
stats: 200 94 1423
stats: size_rcv 202024 14576769
stats: connect 0 0 0 18.208 0.811 1.4336240378122889 7405
stats: 502 76 27178
stats: newphase 0 6
stats: page 152 24786.104730263167 16979.917391755018 179896.271 1.635 11834.684821491483 13624
stats: size_sent 66663 8315134
stats: connected -98 676
stats: 201 4 118
stats: 500 176 3849
# stats: dump at 1669994293
stats: users 637 971
stats: {freemem,"tsung_controller@ip-172-31-54-152"} 1 596.7265625 0.0 670.3203125 586.69140625 635.9187677556819 44
stats: {load,"tsung_controller@ip-172-31-54-152"} 1 0.109375 0.0 0.21875 0.0 0.05300071022727273 44
stats: {cpu,"tsung_controller@ip-172-31-54-152"} 1 0.6506506506506506 0.0 8.208955223880597 0.0 2.162168712751797 44
stats: session 39 41616.72192307693 18516.19366788648 242532.722 10.583 26665.89845147867 6729
stats: users_count 0 7405
stats: finish_users_count 39 6768
stats: page 65 34170.84606153846 20830.892705229722 179896.271 1.635 11977.586667174794 13776
stats: 504 21 2524
stats: request 180 23552.579527777776 17173.318591110998 60003.677 0.716 4899.111264292433 35071
stats: connect 0 0 0 18.208 0.811 1.4336240378122889 7405
stats: 200 47 1470
stats: size_rcv 90584 14667353
stats: 502 19 27197
stats: newphase 0 6
stats: size_sent 39735 8354869
stats: connected -39 637
stats: 201 2 120
stats: 500 91 3940
# stats: dump at 1669994303
stats: users 537 971
stats: {freemem,"tsung_controller@ip-172-31-54-152"} 1 597.3984375 0.0 670.3203125 586.69140625 635.0478298611112 45
stats: {load,"tsung_controller@ip-172-31-54-152"} 1 0.08984375 0.0 0.21875 0.0 0.054253472222222224 45
stats: {cpu,"tsung_controller@ip-172-31-54-152"} 1 0.3510531594784353 0.0 8.208955223880597 0.0 2.1285794224828822 45
stats: session 100 53879.85971000001 20891.509841646373 242532.722 10.583 26752.051246306142 6768
stats: users_count 0 7405
stats: finish_users_count 100 6868
stats: request 391 25465.064419437334 16952.10413803749 60003.677 0.716 4994.360315026522 35251
stats: connect 0 0 0 18.208 0.811 1.4336240378122889 7405
stats: page 169 43464.6245029586 15950.016419305844 179896.271 1.635 12081.810484863807 13841
stats: 504 17 2541
stats: 200 100 1570
stats: size_rcv 206187 14873540
stats: 502 139 27336
stats: newphase 0 6
stats: size_sent 70006 8424875
stats: connected -100 537
stats: 201 5 125
stats: 500 130 4070
# stats: dump at 1669994313
stats: users 366 971
stats: {freemem,"tsung_controller@ip-172-31-54-152"} 1 599.0234375 0.0 670.3203125 586.69140625 634.2293648097827 46
stats: {load,"tsung_controller@ip-172-31-54-152"} 1 0.078125 0.0 0.21875 0.0 0.05502717391304348 46
stats: {cpu,"tsung_controller@ip-172-31-54-152"} 1 0.8982035928143712 0.0 8.208955223880597 0.0 2.0899375472001767 46
stats: session 171 63240.91678947363 21932.829647162776 242532.722 10.583 27147.039721316247 6868
stats: users_count 0 7405
stats: finish_users_count 171 7039
stats: request 457 19331.329052516438 14428.802811968519 60003.677 0.716 5218.92810877616 35642
stats: page 261 43964.757540229904 20331.77589927813 179896.271 1.635 12460.375479086364 14010
stats: connect 0 0 0 18.208 0.811 1.4336240378122889 7405
stats: 504 6 2547
stats: 200 186 1756
stats: size_rcv 311679 15185219
stats: 502 0 27336
stats: newphase 0 6
stats: size_sent 79219 8504094
stats: connected -171 366
stats: 201 3 128
stats: 500 262 4332
# stats: dump at 1669994323
stats: users 151 971
stats: {freemem,"tsung_controller@ip-172-31-54-152"} 1 622.12109375 0.0 670.3203125 586.69140625 633.4803025265959 47
stats: {load,"tsung_controller@ip-172-31-54-152"} 1 0.05859375 0.0 0.21875 0.0 0.0555186170212766 47
stats: {cpu,"tsung_controller@ip-172-31-54-152"} 1 1.0994502748625687 0.0 8.208955223880597 0.0 2.0645815056175 47
stats: session 215 72084.68048837213 15782.241123524016 242532.722 10.583 28023.876342804375 7039
stats: users_count 0 7405
stats: finish_users_count 215 7254
stats: page 317 32551.417271293383 28760.83224183454 179896.271 1.635 13036.554003223317 14271
stats: request 533 8615.538754221401 13043.238454819648 60003.677 0.716 5397.58588963683 36099
stats: connect 0 0 0 18.208 0.811 1.4336240378122889 7405
stats: 504 9 2556
stats: 200 247 2003
stats: size_rcv 406439 15591658
stats: 502 55 27391
stats: newphase 0 6
stats: size_sent 118283 8622377
stats: connected -205 161
stats: 201 22 150
stats: 500 200 4532
# stats: dump at 1669994333
stats: users 67 971
stats: {freemem,"tsung_controller@ip-172-31-54-152"} 1 641.88671875 0.0 670.3203125 586.69140625 633.2436523437501 48
stats: {load,"tsung_controller@ip-172-31-54-152"} 1 0.05078125 0.0 0.21875 0.0 0.055582682291666664 48
stats: {cpu,"tsung_controller@ip-172-31-54-152"} 1 1.3013013013013013 0.0 8.208955223880597 0.0 2.044474604976772 48
stats: session 84 79196.81944047617 13852.282876860252 242532.722 10.583 29329.78658422939 7254
stats: users_count 0 7405
stats: finish_users_count 84 7338
stats: request 219 10535.005538812784 17410.737300592573 60003.677 0.716 5444.407490336316 36632
stats: connect 0 0 0 18.208 0.811 1.4336240378122889 7405
stats: page 130 32149.11761538461 34147.92929445488 179896.271 1.635 13460.615674184259 14588
stats: 504 9 2565
stats: 200 140 2143
stats: size_rcv 218577 15810235
stats: 502 1 27392
stats: newphase 0 6
stats: size_sent 66239 8688616
stats: connected -93 68
stats: 201 27 177
stats: 500 42 4574
# stats: dump at 1669994343
stats: users 43 971
stats: {freemem,"tsung_controller@ip-172-31-54-152"} 1 650.1796875 0.0 670.3203125 586.69140625 633.4200414540818 49
stats: {load,"tsung_controller@ip-172-31-54-152"} 1 0.05078125 0.0 0.21875 0.0 0.05548469387755102 49
stats: {cpu,"tsung_controller@ip-172-31-54-152"} 1 0.6996501749125438 0.0 8.208955223880597 0.0 2.029307802860946 49
stats: session 24 87820.68237500002 12447.584241648145 242532.722 10.583 29900.62751635323 7338
stats: users_count 0 7405
stats: finish_users_count 24 7362
stats: 504 4 2569
stats: 200 50 2193
stats: request 58 4188.293620689653 15126.6067611242 60003.677 0.716 5474.660155735256 36851
stats: size_rcv 73738 15883973
stats: 502 0 27392
stats: newphase 0 6
stats: connect 0 0 0 18.208 0.811 1.4336240378122889 7405
stats: size_sent 35831 8724447
stats: connected -25 43
stats: 201 4 181
stats: page 29 12415.199862068965 30879.217021016633 179896.271 1.635 13625.686013384968 14718
stats: 500 0 4574
# stats: dump at 1669994353
stats: users 36 971
stats: {freemem,"tsung_controller@ip-172-31-54-152"} 1 653.35546875 0.0 670.3203125 586.69140625 633.7552343750001 50
stats: {load,"tsung_controller@ip-172-31-54-152"} 1 0.0390625 0.0 0.21875 0.0 0.055390625 50
stats: {cpu,"tsung_controller@ip-172-31-54-152"} 1 0.25012506253126565 0.0 8.208955223880597 0.0 2.0027146503019777 50
stats: session 7 95408.77957142857 13255.397326421586 242532.722 10.583 30089.445951100246 7362
stats: users_count 0 7405
stats: finish_users_count 7 7369
stats: request 28 13940.625249999997 22957.988346777074 60003.677 0.716 5472.638717629845 36909
stats: connect 0 0 0 18.208 0.811 1.4336240378122889 7405
stats: 504 2 2571
stats: page 14 49738.38135714286 47894.129323567315 179896.271 1.635 13623.305590357357 14747
stats: 200 14 2207
stats: size_rcv 2926139 18810112
stats: 502 5 27397
stats: newphase 0 6
stats: size_sent 12683 8737130
stats: connected -7 36
stats: 201 7 188
stats: 500 0 4574
# stats: dump at 1669994363
stats: users 34 971
stats: {freemem,"tsung_controller@ip-172-31-54-152"} 1 652.94140625 0.0 670.3203125 586.69140625 634.1395526960785 51
stats: {load,"tsung_controller@ip-172-31-54-152"} 1 0.03125 0.0 0.21875 0.0 0.05507046568627451 51
stats: {cpu,"tsung_controller@ip-172-31-54-152"} 1 0.3501750875437719 0.0 8.208955223880597 0.0 1.9683501485809833 51
stats: session 2 100474.734 3833.425000000003 242532.722 10.583 30151.494442800922 7369
stats: users_count 0 7405
stats: finish_users_count 2 7371
stats: 504 0 2571
stats: request 4 12.20825 6.460198811762685 60003.677 0.716 5479.057853534396 36937
stats: connect 0 0 0 18.208 0.811 1.4336240378122889 7405
stats: page 2 24.5185 0.34949999999999903 179896.271 1.635 13657.558761601513 14761
stats: 200 4 2211
stats: size_rcv 6106 18816218
stats: 502 0 27397
stats: newphase 0 6
stats: size_sent 3060 8740190
stats: connected -2 34
stats: 201 0 188
stats: 500 0 4574
# stats: dump at 1669994373
stats: users 33 971
stats: {freemem,"tsung_controller@ip-172-31-54-152"} 1 653.06640625 0.0 670.3203125 586.69140625 634.5011268028846 52
stats: {load,"tsung_controller@ip-172-31-54-152"} 1 0.03125 0.0 0.21875 0.0 0.054612379807692304 52
stats: {cpu,"tsung_controller@ip-172-31-54-152"} 1 0.04997501249375312 0.0 8.208955223880597 0.0 1.9372313974071909 52
stats: session 1 106024.863 0.0 242532.722 10.583 30170.575500881834 7371
stats: users_count 0 7405
stats: finish_users_count 1 7372
stats: connect 0 0 0 18.208 0.811 1.4336240378122889 7405
stats: request 4 11534.05525 19945.43639335692 60003.677 0.716 5478.465898838688 36941
stats: page 2 53002.636 52964.808000000005 179896.271 1.635 13655.711841563363 14763
stats: 504 0 2571
stats: 200 3 2214
stats: size_rcv 2904053 21720271
stats: 502 0 27397
stats: newphase 0 6
stats: size_sent 2290 8742480
stats: connected -1 33
stats: 201 1 189
stats: 500 0 4574
# stats: dump at 1669994383
stats: users 5 971
stats: {freemem,"tsung_controller@ip-172-31-54-152"} 1 654.296875 0.0 670.3203125 586.69140625 634.8514150943396 53
stats: {load,"tsung_controller@ip-172-31-54-152"} 1 0.01953125 0.0 0.21875 0.0 0.05417158018867924 53
stats: {cpu,"tsung_controller@ip-172-31-54-152"} 1 0.3501750875437719 0.0 8.208955223880597 0.0 1.9016227863710882 53
stats: session 28 124876.25982142858 8779.757214868114 242532.722 10.583 30180.86501356484 7372
stats: users_count 0 7405
stats: finish_users_count 28 7400
stats: 504 33 2604
stats: 200 35 2249
stats: request 71 27665.484112676062 29674.43685947939 60003.677 0.716 5479.121531736364 36945
stats: size_rcv 45050 21765321
stats: 502 0 27397
stats: connect 0 0 0 18.208 0.811 1.4336240378122889 7405
stats: newphase 0 6
stats: size_sent 15128 8757608
stats: connected -28 5
stats: page 40 67189.00964999999 40538.939754892795 179896.271 1.635 13661.041597629526 14765
stats: 201 3 192
stats: 500 0 4574
# stats: dump at 1669994393
stats: users 2 971
stats: {freemem,"tsung_controller@ip-172-31-54-152"} 1 659.984375 0.0 670.3203125 586.69140625 635.2115162037037 54
stats: {load,"tsung_controller@ip-172-31-54-152"} 1 0.01953125 0.0 0.21875 0.0 0.053530092592592594 54
stats: {cpu,"tsung_controller@ip-172-31-54-152"} 1 0.15015015015015015 0.0 8.208955223880597 0.0 1.8728922734298417 54
stats: session 3 125351.74866666667 3309.371769616332 242532.722 10.583 30539.17191283784 7400
stats: users_count 0 7405
stats: finish_users_count 3 7403
stats: request 6 10.955 5.269436212727126 60003.677 0.716 5521.676960287443 37016
stats: page 3 22.134666666666664 1.2711444537196468 179896.271 1.635 13805.662922998985 14805
stats: connect 0 0 0 18.208 0.811 1.4336240378122889 7405
stats: 504 0 2604
stats: 200 6 2255
stats: size_rcv 9122 21774443
stats: 502 0 27397
stats: newphase 0 6
stats: size_sent 3449 8761057
stats: connected -3 2
stats: 201 0 192
stats: 500 0 4574
# stats: dump at 1669994403
stats: users 1 971
stats: {freemem,"tsung_controller@ip-172-31-54-152"} 1 660.44140625 0.0 670.3203125 586.69140625 635.6619318181819 55
stats: {load,"tsung_controller@ip-172-31-54-152"} 1 0.01953125 0.0 0.21875 0.0 0.052911931818181816 55
stats: {cpu,"tsung_controller@ip-172-31-54-152"} 1 0.2 0.0 8.208955223880597 0.0 1.841569689370211 55
stats: session 1 134479.41 0.0 242532.722 10.583 30577.593867486154 7403
stats: users_count 0 7405
stats: finish_users_count 1 7404
stats: request 1 17059.082 0.0 60003.677 0.716 5520.783860731456 37022
stats: connect 0 0 0 18.208 0.811 1.4336240378122889 7405
stats: 504 0 2604
stats: page 1 17078.256 0.0 179896.271 1.635 13802.870474000538 14808
stats: 200 1 2256
stats: size_rcv 39 21774482
stats: 502 0 27397
stats: newphase 0 6
stats: size_sent 0 8761057
stats: connected -1 1
stats: 201 0 192
stats: 500 0 4574
# stats: dump at 1669994407
stats: users 0 971
stats: {freemem,"tsung_controller@ip-172-31-54-152"} 1 660.72265625 0.0 670.3203125 586.69140625 636.1044224330357 56
stats: {load,"tsung_controller@ip-172-31-54-152"} 1 0.01171875 0.0 0.21875 0.0 0.05231584821428571 56
stats: {cpu,"tsung_controller@ip-172-31-54-152"} 1 0.14992503748125938 0.0 8.208955223880597 0.0 1.8122559449171713 56
stats: session 1 149325.421 0.0 242532.722 10.583 30591.62706793625 7404
stats: users_count 0 7405
stats: finish_users_count 1 7405
stats: request 2 11350.082 11341.909000000001 60003.677 0.716 5521.095512897387 37023
stats: connect 0 0 0 18.208 0.811 1.4336240378122889 7405
stats: page 1 22700.295 0.0 179896.271 1.635 13803.091649334863 14809
stats: 504 0 2604
stats: 200 1 2257
stats: size_rcv 1726 21776208
stats: 502 0 27397
stats: newphase 0 6
stats: size_sent 185 8761242
stats: connected -1 0
stats: 201 0 192
stats: 500 1 4575
EndMonitor:{1669,994407,838681}