# stats: dump at 1669959344
stats: users 4 4
stats: {load,"tsung_controller@Maomao-no1-2"} 1 5.09765625 0 5.09765625 5.09765625 0 0
stats: {cpu,"tsung_controller@Maomao-no1-2"} 1 11.204211909711894 0 11.204211909711894 11.204211909711894 0 0
stats: {freemem,"tsung_controller@Maomao-no1-2"} 1 297.734375 0 297.734375 297.734375 0 0
stats: users_count 4 4
stats: finish_users_count 0 0
stats: connect 4 66.613 22.107429735272255 103.098 48.21 0 0
stats: request 3 481.92 65.7790438716364 559.865 398.973 0 0
stats: 200 3 3
stats: size_rcv 793 793
stats: size_sent 3005 3005
stats: connected 4 4
# stats: dump at 1669959354
stats: users 9 9
stats: {load,"tsung_controller@Maomao-no1-2"} 1 7.48828125 0.0 7.48828125 5.09765625 5.09765625 1
stats: {cpu,"tsung_controller@Maomao-no1-2"} 1 27.11119984028748 0.0 27.11119984028748 11.204211909711894 11.204211909711894 1
stats: {freemem,"tsung_controller@Maomao-no1-2"} 1 76.265625 0.0 297.734375 76.265625 297.734375 1
stats: session 1 14820.007 0 14820.007 14820.007 0 0
stats: users_count 6 10
stats: finish_users_count 1 1
stats: request 11 2785.513727272728 3907.499354981046 10944.375 81.032 481.92 3
stats: connect 6 57.37033333333334 6.689342759610658 103.098 48.21 66.613 4
stats: page 3 8311.580333333333 4480.232406490935 11525.209 1975.795 0 0
stats: 200 9 12
stats: size_rcv 3235341 3236134
stats: size_sent 7943 10948
stats: connected 5 9
stats: 201 2 2
# stats: dump at 1669959364
stats: users 18 18
stats: {load,"tsung_controller@Maomao-no1-2"} 1 6.41796875 0.0 7.48828125 5.09765625 6.29296875 2
stats: {cpu,"tsung_controller@Maomao-no1-2"} 1 26.253863794994516 0.0 27.11119984028748 11.204211909711894 19.157705874999685 2
stats: {freemem,"tsung_controller@Maomao-no1-2"} 1 77.40625 0.0 297.734375 76.265625 187.0 2
stats: session 3 18848.481 1195.7465787777394 20328.503 14820.007 14820.007 1
stats: users_count 12 22
stats: finish_users_count 3 4
stats: request 30 3402.307966666667 3973.394184477293 17341.462 59.919 2291.8865 14
stats: connect 11 68.15845454545453 17.321852474750642 113.455 46.107 61.0674 10
stats: page 10 9265.539700000001 6872.407820671516 21797.514 205.258 8311.580333333333 3
stats: 200 16 28
stats: size_rcv 5902 3242036
stats: 502 3 3
stats: size_sent 19616 30564
stats: connected 8 17
stats: 201 7 9
stats: 500 4 4
# stats: dump at 1669959374
stats: users 27 27
stats: {load,"tsung_controller@Maomao-no1-2"} 1 5.5078125 0.0 7.48828125 5.09765625 6.334635416666667 3
stats: {cpu,"tsung_controller@Maomao-no1-2"} 1 27.25458898643256 0.0 27.25458898643256 11.204211909711894 21.523091848331294 3
stats: {freemem,"tsung_controller@Maomao-no1-2"} 1 113.671875 0.0 297.734375 76.265625 150.46875 3
stats: session 3 12573.571000000002 2871.4971210457443 20328.503 9521.326 17841.3625 4
stats: users_count 12 34
stats: finish_users_count 3 7
stats: request 21 4723.863571428571 3888.270111719957 19106.043 59.919 3048.992045454546 44
stats: page 4 8342.63625 9851.502827044369 25132.062 205.258 9045.39523076923 13
stats: connect 13 74.2196923076923 19.128117018529455 122.529 46.107 64.78176190476191 21
stats: 200 14 42
stats: size_rcv 2120265 5362301
stats: 502 0 3
stats: size_sent 16349 46913
stats: connected 10 27
stats: 201 0 9
stats: 500 9 13
# stats: dump at 1669959384
stats: users 32 32
stats: {load,"tsung_controller@Maomao-no1-2"} 1 6.875 0.0 7.48828125 5.09765625 6.1279296875 4
stats: {cpu,"tsung_controller@Maomao-no1-2"} 1 31.299310895835415 0.0 31.299310895835415 11.204211909711894 22.95596613285661 4
stats: {freemem,"tsung_controller@Maomao-no1-2"} 1 102.984375 0.0 297.734375 76.265625 141.26953125 4
stats: session 4 25440.763 3982.6040536659557 31996.96 9521.326 15583.737571428572 7
stats: users_count 9 43
stats: finish_users_count 4 11
stats: request 38 6669.243421052632 6671.788988780847 33748.218 59.317 3590.1043846153852 65
stats: connect 8 64.49887500000001 15.901877722752587 122.529 46.107 68.39038235294117 34
stats: page 12 14458.083250000001 7804.182581421869 31885.246 205.258 8880.04017647059 17
stats: 200 8 50
stats: size_rcv 5850574 11212875
stats: 502 0 3
stats: size_sent 18744 65657
stats: connected 4 31
stats: 201 3 12
stats: 500 25 38
# stats: dump at 1669959394
stats: users 40 41
stats: {load,"tsung_controller@Maomao-no1-2"} 1 6.72265625 0.0 7.48828125 5.09765625 6.27734375 5
stats: {cpu,"tsung_controller@Maomao-no1-2"} 1 27.64875909498655 0.0 31.299310895835415 11.204211909711894 24.624635085452372 5
stats: {freemem,"tsung_controller@Maomao-no1-2"} 1 109.53125 0.0 297.734375 76.265625 133.6125 5
stats: session 5 33510.1128 9727.250455579819 48689.011 9521.326 19168.110454545455 11
stats: users_count 13 56
stats: finish_users_count 5 16
stats: request 51 6484.272450980394 7174.848140902317 34502.537 59.317 4726.097427184466 103
stats: connect 13 72.38784615384614 14.438621401516539 122.529 46.107 67.64914285714286 42
stats: page 15 14585.942266666669 8938.076837202609 40324.536 205.258 11188.195931034485 29
stats: 200 5 55
stats: size_rcv 13421 11226296
stats: 502 26 29
stats: size_sent 20231 85888
stats: connected 8 39
stats: 201 0 12
stats: 500 20 58
# stats: dump at 1669959404
stats: users 46 46
stats: {load,"tsung_controller@Maomao-no1-2"} 1 6.30078125 0.0 7.48828125 5.09765625 6.3515625 6
stats: {cpu,"tsung_controller@Maomao-no1-2"} 1 26.766467065868266 0.0 31.299310895835415 11.204211909711894 25.12865575370807 6
stats: {freemem,"tsung_controller@Maomao-no1-2"} 1 90.640625 0.0 297.734375 76.265625 129.59895833333334 6
stats: session 12 27614.628750000003 7792.129381785071 48689.011 9521.326 23649.9861875 16
stats: users_count 18 74
stats: finish_users_count 12 28
stats: request 48 6475.631395833333 6958.442626216982 36318.146 52.811 5308.350194805196 154
stats: connect 18 67.21644444444445 18.312944663459056 122.529 40.706 68.7692 55
stats: page 24 17631.69791666666 14213.822951173552 46162.681 205.258 12346.518545454548 44
stats: 200 23 78
stats: size_rcv 3192991 14419287
stats: 502 0 29
stats: newphase 1 1
stats: size_sent 21095 106983
stats: connected 6 45
stats: 201 1 13
stats: 500 24 82
# stats: dump at 1669959414
stats: users 58 59
stats: {load,"tsung_controller@Maomao-no1-2"} 1 6.81640625 0.0 7.48828125 5.09765625 6.344308035714286 7
stats: {cpu,"tsung_controller@Maomao-no1-2"} 1 26.200698951572644 0.0 31.299310895835415 11.204211909711894 25.36262879830238 7
stats: {freemem,"tsung_controller@Maomao-no1-2"} 1 64.34375 0.0 297.734375 64.34375 124.03348214285714 7
stats: session 14 34148.65071428571 11674.258290978018 56823.194 9521.326 25349.118714285716 28
stats: users_count 26 100
stats: finish_users_count 14 42
stats: request 74 5118.0209594594635 5261.950636418 43279.033 52.811 5585.723945544555 202
stats: connect 27 64.65825925925927 24.33790737465383 136.758 40.706 68.38632876712329 73
stats: page 22 10893.380454545455 8683.71766046856 46162.681 205.258 14211.875970588235 68
stats: 200 24 102
stats: size_rcv 4248677 18667964
stats: 502 0 29
stats: newphase 0 1
stats: size_sent 26714 133697
stats: connected 13 58
stats: 201 3 16
stats: 500 48 130
# stats: dump at 1669959424
stats: users 69 69
stats: {load,"tsung_controller@Maomao-no1-2"} 1 6.5625 0.0 7.48828125 5.09765625 6.4033203125 8
stats: {cpu,"tsung_controller@Maomao-no1-2"} 1 27.283617849655585 0.0 31.299310895835415 11.204211909711894 25.467387567461163 8
stats: {freemem,"tsung_controller@Maomao-no1-2"} 1 93.96875 0.0 297.734375 64.34375 116.572265625 8
stats: session 0 0 0 56823.194 9521.326 28282.296047619046 42
stats: users_count 11 111
stats: finish_users_count 0 42
stats: request 34 13338.428058823529 9628.146509666518 45637.266 52.811 5460.325318840582 276
stats: 200 0 102
stats: connect 11 82.92172727272728 52.44460246270415 227.529 40.706 67.37975 100
stats: page 10 22574.1352 4805.815292432425 46162.681 205.258 13400.688177777778 90
stats: size_rcv 553899 19221863
stats: 502 30 59
stats: newphase 0 1
stats: size_sent 13294 146991
stats: connected 11 69
stats: 201 0 16
stats: 500 3 133
# stats: dump at 1669959434
stats: users 73 75
stats: {load,"tsung_controller@Maomao-no1-2"} 1 5.7109375 0.0 7.48828125 5.09765625 6.421006944444445 9
stats: {cpu,"tsung_controller@Maomao-no1-2"} 1 26.969545681477786 0.0 31.299310895835415 11.204211909711894 25.669190932149434 9
stats: {freemem,"tsung_controller@Maomao-no1-2"} 1 70.890625 0.0 297.734375 64.34375 114.06076388888889 9
stats: session 10 40047.4181 13269.995685688702 64817.789 9521.326 28282.296047619046 42
stats: users_count 14 125
stats: finish_users_count 10 52
stats: connect 12 91.98091666666669 57.60688220959128 270.091 40.706 68.91994594594595 111
stats: 200 11 113
stats: request 63 10471.04907936508 5851.832436200554 45637.266 52.811 6324.375296774196 310
stats: page 27 26152.758629629625 16300.999937371902 67908.017 205.258 14318.032879999999 100
stats: size_rcv 13553 19235416
stats: 502 0 59
stats: newphase 0 1
stats: size_sent 19299 166290
stats: connected 2 71
stats: 201 2 18
stats: 500 50 183
# stats: dump at 1669959444
stats: users 94 97
stats: {load,"tsung_controller@Maomao-no1-2"} 1 5.57421875 0.0 7.48828125 5.09765625 6.35 10
stats: {cpu,"tsung_controller@Maomao-no1-2"} 1 25.971819726191665 0.0 31.299310895835415 11.204211909711894 25.799226407082266 10
stats: {freemem,"tsung_controller@Maomao-no1-2"} 1 67.59375 0.0 297.734375 64.34375 109.74375 10
stats: session 6 41421.761 1624.7388966289302 64817.789 9521.326 30544.81951923077 52
stats: users_count 27 152
stats: finish_users_count 6 58
stats: request 47 9770.954574468089 4856.936884408039 45637.266 52.811 7024.751833780163 373
stats: connect 29 83.3211034482759 40.90924647806522 270.091 40.706 71.1697967479675 123
stats: page 12 23301.9375 6544.972670684239 67908.017 205.258 16834.07693700787 127
stats: 200 6 119
stats: size_rcv 535119 19770535
stats: 502 0 59
stats: newphase 0 1
stats: size_sent 20044 186334
stats: connected 24 95
stats: 201 0 18
stats: 500 42 225
# stats: dump at 1669959454
stats: users 92 97
stats: {load,"tsung_controller@Maomao-no1-2"} 1 5.51953125 0.0 7.48828125 5.09765625 6.279474431818182 11
stats: {cpu,"tsung_controller@Maomao-no1-2"} 1 25.635403169540517 0.0 31.299310895835415 11.204211909711894 25.814916708819485 11
stats: {freemem,"tsung_controller@Maomao-no1-2"} 1 58.015625 0.0 297.734375 58.015625 105.91193181818181 11
stats: session 14 51578.705214285714 15397.803970321575 82170.664 9521.326 31670.020362068964 58
stats: users_count 12 164
stats: finish_users_count 14 72
stats: page 32 27421.535312499997 14773.536634514152 67908.017 205.258 17392.453388489208 139
stats: connect 11 67.55490909090908 21.77303418724658 270.091 40.706 73.48813815789477 152
stats: 200 34 153
stats: request 101 10707.499801980195 9708.00442468221 51224.356 52.811 7332.06499761905 420
stats: size_rcv 5867231 25637766
stats: 502 32 91
stats: newphase 0 1
stats: size_sent 36897 223231
stats: connected -4 91
stats: 201 5 23
stats: 500 29 254
# stats: dump at 1669959464
stats: users 114 114
stats: {load,"tsung_controller@Maomao-no1-2"} 1 5.9453125 0.0 7.48828125 5.09765625 6.216145833333333 12
stats: {cpu,"tsung_controller@Maomao-no1-2"} 1 28.95236192949166 0.0 31.299310895835415 11.204211909711894 25.7999572472129 12
stats: {freemem,"tsung_controller@Maomao-no1-2"} 1 76.71875 0.0 297.734375 58.015625 101.92057291666667 12
stats: session 4 48488.145749999996 2741.5509544241 82170.664 9521.326 35541.15352777778 72
stats: users_count 26 190
stats: finish_users_count 4 76
stats: request 18 13948.978222222222 6068.94331724996 51224.356 52.811 7986.419921305184 521
stats: connect 25 67.75872000000003 20.315926163520086 270.091 40.706 73.08773619631904 163
stats: page 6 26924.678 12946.756731146557 67908.017 205.258 19269.240649122803 171
stats: 200 5 158
stats: size_rcv 527990 26165756
stats: 502 0 91
stats: newphase 1 2
stats: size_sent 14519 237750
stats: connected 21 112
stats: 201 0 23
stats: 500 14 268
# stats: dump at 1669959474
stats: users 127 127
stats: {load,"tsung_controller@Maomao-no1-2"} 1 5.91015625 0.0 7.48828125 5.09765625 6.1953125 13
stats: {cpu,"tsung_controller@Maomao-no1-2"} 1 27.0313435815532 0.0 31.299310895835415 11.204211909711894 26.042449915080496 13
stats: {freemem,"tsung_controller@Maomao-no1-2"} 1 90.65625 0.0 297.734375 58.015625 99.98197115384616 13
stats: session 21 59593.070190476195 11891.275991003857 93201.662 9521.326 36222.574171052634 76
stats: users_count 34 224
stats: finish_users_count 21 97
stats: request 102 13398.420490196077 9886.91309223164 51224.356 52.811 8185.540606679037 539
stats: page 37 27840.245891891896 13640.465788438018 71220.236 205.258 19528.746999999996 177
stats: 200 61 219
stats: connect 35 78.08528571428573 54.66120132158062 308.875 40.362 72.37909042553194 188
stats: size_rcv 7457292 33623048
stats: 502 0 91
stats: newphase 0 2
stats: size_sent 47160 284910
stats: connected 14 126
stats: 201 5 28
stats: 500 36 304
# stats: dump at 1669959484
stats: users 169 169
stats: {load,"tsung_controller@Maomao-no1-2"} 1 5.4765625 0.0 7.48828125 5.09765625 6.174944196428571 14
stats: {cpu,"tsung_controller@Maomao-no1-2"} 1 26.93498452012384 0.0 31.299310895835415 11.204211909711894 26.113085176971403 14
stats: {freemem,"tsung_controller@Maomao-no1-2"} 1 82.90625 0.0 297.734375 58.015625 99.31584821428571 14
stats: session 1 90089.685 0.0 93201.662 9521.326 41282.16609278351 97
stats: users_count 43 267
stats: finish_users_count 1 98
stats: request 53 15089.175547169814 6501.677807441972 51224.356 52.811 9015.047234009362 641
stats: connect 43 66.22734883720926 17.569529304867327 308.875 40.362 73.2746816143498 223
stats: page 9 46534.226444444444 15742.640189717184 71220.236 205.258 20965.781855140183 214
stats: 200 11 230
stats: size_rcv 4790773 38413821
stats: 502 0 91
stats: newphase 0 2
stats: size_sent 40689 325599
stats: connected 42 168
stats: 201 1 29
stats: 500 40 344
# stats: dump at 1669959494
stats: users 204 204
stats: {load,"tsung_controller@Maomao-no1-2"} 1 5.2421875 0.0 7.48828125 5.09765625 6.128385416666666 15
stats: {cpu,"tsung_controller@Maomao-no1-2"} 1 26.787673282138226 0.0 31.299310895835415 11.204211909711894 26.1678784665149 15
stats: {freemem,"tsung_controller@Maomao-no1-2"} 1 103.25 0.0 297.734375 58.015625 98.221875 15
stats: session 3 66153.107 8348.535684589766 93201.662 9521.326 41780.202000000005 98
stats: users_count 38 305
stats: finish_users_count 3 101
stats: request 42 19155.55354761905 11782.632621763616 51224.356 52.811 9478.921586455333 694
stats: connect 39 65.29874358974361 19.806434671484727 308.875 39.783 72.13545112781958 266
stats: page 13 45438.05876923077 14477.448166281138 71220.236 205.258 21997.692174887885 223
stats: 200 12 242
stats: size_rcv 9377 38423198
stats: 502 6 97
stats: newphase 0 2
stats: size_sent 26911 352510
stats: connected 36 204
stats: 201 8 37
stats: 500 16 360
# stats: dump at 1669959504
stats: users 188 223
stats: {load,"tsung_controller@Maomao-no1-2"} 1 4.515625 0.0 7.48828125 4.515625 6.072998046875 16
stats: {cpu,"tsung_controller@Maomao-no1-2"} 1 28.73815461346633 0.0 31.299310895835415 11.204211909711894 26.206615642491357 16
stats: {freemem,"tsung_controller@Maomao-no1-2"} 1 137.546875 0.0 297.734375 58.015625 98.5361328125 16
stats: session 64 31696.881406250006 30124.349131877174 107868.804 874.593 42504.14967326733 101
stats: users_count 48 353
stats: finish_users_count 64 165
stats: request 380 5310.260355263158 11225.201191260392 55278.55 42.584 10031.120692934785 736
stats: connect 48 99.89437499999997 104.47084116505609 500.519 39.441 71.2612491803279 305
stats: page 157 14671.677777070072 23089.25935017182 100759.487 91.021 23288.89880932203 236
stats: 200 5 247
stats: size_rcv 116525 38539723
stats: 502 344 441
stats: newphase 0 2
stats: size_sent 89616 442126
stats: connected -16 188
stats: 201 4 41
stats: 500 27 387
# stats: dump at 1669959514
stats: users 201 223
stats: {load,"tsung_controller@Maomao-no1-2"} 1 5.71484375 0.0 7.48828125 4.515625 5.981387867647059 17
stats: {cpu,"tsung_controller@Maomao-no1-2"} 1 30.210726056127037 0.0 31.299310895835415 11.204211909711894 26.355529699607533 17
stats: {freemem,"tsung_controller@Maomao-no1-2"} 1 64.984375 0.0 297.734375 58.015625 100.83088235294117 17
stats: session 19 41399.83310526316 28867.072989446762 107868.804 482.205 38312.23955757576 165
stats: users_count 32 385
stats: finish_users_count 19 184
stats: request 109 10625.865559633028 15419.700208809641 60107.776 42.584 8423.65928763441 1116
stats: connect 32 61.742625000000004 13.567008630198291 500.519 39.441 75.15470538243628 353
stats: page 41 19075.272951219515 24479.758832854248 100759.487 91.021 19846.395750636133 393
stats: 504 3 3
stats: 200 5 252
stats: size_rcv 31071 38570794
stats: 502 71 512
stats: newphase 0 2
stats: size_sent 40410 482536
stats: connected 13 201
stats: 201 0 41
stats: 500 30 417
# stats: dump at 1669959524
stats: users 215 223
stats: {load,"tsung_controller@Maomao-no1-2"} 1 7.24609375 0.0 7.48828125 4.515625 5.966579861111111 18
stats: {cpu,"tsung_controller@Maomao-no1-2"} 1 29.247354761429428 0.0 31.299310895835415 11.204211909711894 26.56970727496973 18
stats: {freemem,"tsung_controller@Maomao-no1-2"} 1 79.65625 0.0 297.734375 58.015625 98.83940972222223 18
stats: session 37 35614.33308108108 35733.69147654211 123791.793 312.316 38631.06715217391 184
stats: users_count 51 436
stats: finish_users_count 37 221
stats: request 267 8628.174749063659 13278.696478318454 60107.776 42.584 8619.610702857144 1225
stats: connect 51 61.2265882352941 17.6078405276211 500.519 39.441 74.03993506493508 385
stats: page 96 17317.59677083333 21837.116675515066 100759.487 89.314 19773.547744239633 434
stats: 504 0 3
stats: 200 21 273
stats: size_rcv 602341 39173135
stats: 502 185 697
stats: newphase 1 3
stats: size_sent 83826 566362
stats: connected 13 214
stats: 201 2 43
stats: 500 60 477
# stats: dump at 1669959534
stats: users 223 224
stats: {load,"tsung_controller@Maomao-no1-2"} 1 6.29296875 0.0 7.48828125 4.515625 6.033922697368421 19
stats: {cpu,"tsung_controller@Maomao-no1-2"} 1 29.072781655034895 0.0 31.299310895835415 11.204211909711894 26.71063609004656 19
stats: {freemem,"tsung_controller@Maomao-no1-2"} 1 112.234375 0.0 297.734375 58.015625 97.82976973684211 19
stats: session 69 35567.71369565217 33706.944841051474 123791.793 312.316 38126.00307692307 221
stats: users_count 77 513
stats: finish_users_count 69 290
stats: connect 73 61.28698630136985 12.75758893085129 500.519 39.441 72.54112614678901 436
stats: request 399 5723.700789473684 12447.004650627112 60107.776 41.322 8621.14327680965 1492
stats: page 140 14939.09513571428 20816.44672465114 100759.487 86.983 19328.69624716981 530
stats: 504 0 3
stats: 200 19 292
stats: size_rcv 2760824 41933959
stats: 502 323 1020
stats: newphase 0 3
stats: size_sent 105143 671505
stats: connected 7 221
stats: 201 1 44
stats: 500 56 533
# stats: dump at 1669959544
stats: users 214 227
stats: {load,"tsung_controller@Maomao-no1-2"} 1 5.6171875 0.0 7.48828125 4.515625 6.046875 20
stats: {cpu,"tsung_controller@Maomao-no1-2"} 1 29.528461768517595 0.0 31.299310895835415 11.204211909711894 26.828743368295978 20
stats: {freemem,"tsung_controller@Maomao-no1-2"} 1 80.296875 0.0 297.734375 58.015625 98.55 20
stats: session 86 44849.55955813953 33277.08700594238 123791.793 312.316 37517.30663793103 290
stats: users_count 77 590
stats: finish_users_count 86 376
stats: request 376 6065.896273936176 10914.301622277544 60556.964 41.322 8009.784444209412 1891
stats: connect 78 62.6874487179487 14.355793708150026 500.519 39.441 70.92707465618862 509
stats: page 166 20420.033680722896 26897.202439552486 100759.487 86.983 18411.466164179103 670
stats: 504 1 4
stats: 200 32 324
stats: size_rcv 3312962 45246921
stats: 502 276 1296
stats: newphase 0 3
stats: size_sent 97628 769133
stats: connected -8 213
stats: 201 2 46
stats: 500 64 597
# stats: dump at 1669959554
stats: users 239 255
stats: {load,"tsung_controller@Maomao-no1-2"} 1 5.8828125 0.0 7.48828125 4.515625 6.026413690476191 21
stats: {cpu,"tsung_controller@Maomao-no1-2"} 1 28.531524341580205 0.0 31.299310895835415 11.204211909711894 26.957301387354146 21
stats: {freemem,"tsung_controller@Maomao-no1-2"} 1 66.015625 0.0 297.734375 58.015625 97.68080357142857 21
stats: session 61 29990.444311475407 32937.89986793056 130512.707 312.316 39194.36448670212 376
stats: users_count 86 676
stats: finish_users_count 61 437
stats: request 294 4627.451782312926 9519.364654043757 63584.643 41.322 7687.375113806794 2267
stats: connect 86 68.45175581395351 27.872586852658255 500.519 39.441 69.83220102214652 587
stats: page 101 13169.819712871284 22042.55059524053 100759.487 86.983 18810.296556220095 836
stats: 504 1 5
stats: 200 20 344
stats: size_rcv 3272146 48519067
stats: 502 235 1531
stats: newphase 0 3
stats: size_sent 79451 848584
stats: connected 41 254
stats: 201 1 47
stats: 500 37 634
# stats: dump at 1669959564
stats: users 240 255
stats: {load,"tsung_controller@Maomao-no1-2"} 1 5.76171875 0.0 7.48828125 4.515625 6.019886363636363 22
stats: {cpu,"tsung_controller@Maomao-no1-2"} 1 28.21485623003195 0.0 31.299310895835415 11.204211909711894 27.028856976182603 22
stats: {freemem,"tsung_controller@Maomao-no1-2"} 1 69.078125 0.0 297.734375 58.015625 96.24147727272727 22
stats: session 82 6750.262146341464 11106.88009574851 130512.707 312.316 37909.60675057208 437
stats: users_count 83 759
stats: finish_users_count 82 519
stats: connect 80 66.08288749999998 25.663187605008147 500.519 39.441 69.65579940564638 673
stats: request 494 652.8248319838051 3285.8260035458375 63584.643 41.322 7336.099260835612 2561
stats: 504 1 6
stats: page 211 1718.247639810427 6163.823791529323 100759.487 86.983 18202.304922091782 937
stats: 200 0 344
stats: size_rcv 155011 48674078
stats: 502 491 2022
stats: newphase 0 3
stats: size_sent 92520 941104
stats: connected -19 235
stats: 201 0 47
stats: 500 2 636
# stats: dump at 1669959574
stats: users 247 258
stats: {load,"tsung_controller@Maomao-no1-2"} 1 6.4609375 0.0 7.48828125 4.515625 6.008661684782608 23
stats: {cpu,"tsung_controller@Maomao-no1-2"} 1 28.217920574735583 0.0 31.299310895835415 11.204211909711894 27.080422161132574 23
stats: {freemem,"tsung_controller@Maomao-no1-2"} 1 67.71875 0.0 297.734375 58.015625 95.06046195652173 23
stats: session 87 8953.046241379318 13400.594748229169 130512.707 312.316 32986.55037764932 519
stats: users_count 94 853
stats: finish_users_count 87 606
stats: request 434 796.5714769585247 3752.5820066844326 63584.643 41.322 6255.3995659574475 3055
stats: connect 99 60.862606060606055 16.697785433408985 500.519 38.821 69.27620717131475 753
stats: page 171 2596.3928947368436 9385.00926221998 100759.487 86.983 15172.569655052266 1148
stats: 504 1 7
stats: 200 0 344
stats: size_rcv 136171 48810249
stats: 502 431 2453
stats: newphase 0 3
stats: size_sent 92913 1034017
stats: connected 11 246
stats: 201 0 47
stats: 500 2 638
# stats: dump at 1669959584
stats: users 268 268
stats: {load,"tsung_controller@Maomao-no1-2"} 1 6.52734375 0.0 7.48828125 4.515625 6.027506510416667 24
stats: {cpu,"tsung_controller@Maomao-no1-2"} 1 27.5941276340757 0.0 31.299310895835415 11.204211909711894 27.12781792836603 24
stats: {freemem,"tsung_controller@Maomao-no1-2"} 1 77.0 0.0 297.734375 58.015625 93.92122395833333 24
stats: session 99 9997.950686868688 18563.35294703172 130512.707 312.316 29536.195823432343 606
stats: users_count 120 973
stats: finish_users_count 99 705
stats: connect 120 69.26696666666665 37.52198087320136 500.519 38.821 68.29857042253522 852
stats: request 521 1112.8270825335894 6424.68537996504 63584.643 41.322 5576.370792490685 3489
stats: page 212 3259.1129198113176 13130.007097741263 100759.487 86.983 13542.147952236543 1319
stats: 504 4 11
stats: 200 0 344
stats: size_rcv 163474 48973723
stats: 502 514 2967
stats: newphase 1 4
stats: size_sent 112076 1146093
stats: connected 21 267
stats: 201 0 47
stats: 500 3 641
# stats: dump at 1669959594
stats: users 373 373
stats: {load,"tsung_controller@Maomao-no1-2"} 1 6.8515625 0.0 7.48828125 4.515625 6.0475 25
stats: {cpu,"tsung_controller@Maomao-no1-2"} 1 27.83268443645802 0.0 31.299310895835415 11.204211909711894 27.146470316594417 25
stats: {freemem,"tsung_controller@Maomao-no1-2"} 1 64.96875 0.0 297.734375 58.015625 93.244375 25
stats: session 44 10900.638636363636 2359.954443135436 130512.707 312.316 26792.52735744681 705
stats: users_count 149 1122
stats: finish_users_count 44 749
stats: page 72 9785.298486111107 17392.390410747583 102883.228 86.983 12118.239770084912 1531
stats: request 450 4723.036784444443 11353.905324781537 64315.546 41.322 4996.444041147132 4010
stats: 504 17 28
stats: connect 146 64.81901369863014 28.19936190937133 500.519 38.782 68.4181255144033 972
stats: 200 0 344
stats: size_rcv 141555 49115278
stats: 502 433 3400
stats: newphase 0 4
stats: size_sent 109275 1255368
stats: connected 102 369
stats: 201 0 47
stats: 500 0 641
# stats: dump at 1669959604
stats: users 209 387
stats: {load,"tsung_controller@Maomao-no1-2"} 1 6.4375 0.0 7.48828125 4.515625 6.078425480769231 26
stats: {cpu,"tsung_controller@Maomao-no1-2"} 1 27.606505038411655 0.0 31.299310895835415 11.204211909711894 27.172863167358404 26
stats: {freemem,"tsung_controller@Maomao-no1-2"} 1 99.234375 0.0 297.734375 58.015625 92.15685096153847 26
stats: session 337 29137.65483976261 37333.09503475946 148422.095 312.316 25858.958460614154 749
stats: users_count 173 1295
stats: finish_users_count 337 1086
stats: request 1405 4855.907134519579 15599.408953480484 64315.546 41.155 4968.858107174888 4460
stats: connect 166 64.82457831325299 24.50607441742355 500.519 38.648 67.94811627906978 1118
stats: page 678 12528.804539823012 24687.606143948837 119794.746 86.939 12013.453885839052 1603
stats: 504 87 115
stats: 200 7 351
stats: size_rcv 440310 49555588
stats: 502 1307 4707
stats: newphase 0 4
stats: size_sent 249570 1504938
stats: connected -157 212
stats: 201 0 47
stats: 500 4 645
# stats: dump at 1669959614
stats: users 178 387
stats: {load,"tsung_controller@Maomao-no1-2"} 1 6.16015625 0.0 7.48828125 4.515625 6.091724537037037 27
stats: {cpu,"tsung_controller@Maomao-no1-2"} 1 27.83937668564579 0.0 31.299310895835415 11.204211909711894 27.188923977397415 27
stats: {freemem,"tsung_controller@Maomao-no1-2"} 1 108.46875 0.0 297.734375 58.015625 92.41898148148148 27
stats: session 161 33531.58670807457 40053.31047512236 157340.192 312.316 26876.38081767956 1086
stats: users_count 130 1425
stats: finish_users_count 161 1247
stats: request 706 5131.714600566572 16485.390927984492 64315.546 41.155 4941.799945780052 5865
stats: connect 133 67.28749624060154 29.263323587347443 500.519 38.648 67.54429439252337 1284
stats: page 296 14008.814932432439 29271.34413345395 155495.839 86.939 12166.635711091629 2281
stats: 504 52 167
stats: 200 12 363
stats: size_rcv 219164 49774752
stats: 502 642 5349
stats: newphase 0 4
stats: size_sent 153456 1658394
stats: connected -35 177
stats: 201 0 47
stats: 500 0 645
# stats: dump at 1669959624
stats: users 215 387
stats: {load,"tsung_controller@Maomao-no1-2"} 1 5.3671875 0.0 7.48828125 4.515625 6.094168526785714 28
stats: {cpu,"tsung_controller@Maomao-no1-2"} 1 28.998102087703526 0.0 31.299310895835415 11.204211909711894 27.21215443126343 28
stats: {freemem,"tsung_controller@Maomao-no1-2"} 1 66.84375 0.0 297.734375 58.015625 92.9921875 28
stats: session 105 17040.2088952381 24941.825881921795 157340.192 312.316 27735.633542902975 1247
stats: users_count 142 1567
stats: finish_users_count 105 1352
stats: request 580 2640.4349655172427 7302.550004710594 64315.546 41.155 4962.204716177143 6571
stats: 504 0 167
stats: connect 142 70.66706338028173 29.859405914727937 500.519 38.648 67.52019124911787 1417
stats: page 220 6253.818695454544 16057.066200832676 155495.839 86.939 12378.232548311993 2577
stats: 200 45 408
stats: size_rcv 173408 49948160
stats: 502 512 5861
stats: newphase 0 4
stats: size_sent 152835 1811229
stats: connected 41 218
stats: 201 7 54
stats: 500 16 661
# stats: dump at 1669959634
stats: users 213 387
stats: {load,"tsung_controller@Maomao-no1-2"} 1 4.76953125 0.0 7.48828125 4.515625 6.069100215517241 29
stats: {cpu,"tsung_controller@Maomao-no1-2"} 1 28.808145338390894 0.0 31.299310895835415 11.204211909711894 27.273738833209638 29
stats: {freemem,"tsung_controller@Maomao-no1-2"} 1 69.0 0.0 297.734375 58.015625 92.09051724137932 29
stats: session 142 15171.52386619718 21923.961358397148 157340.192 312.316 26904.99775295859 1352
stats: users_count 140 1707
stats: finish_users_count 142 1494
stats: request 747 2198.7625783132526 6449.242736512304 64315.546 41.155 4773.891689274228 7151
stats: connect 147 76.9024013605442 40.54187598944666 500.519 38.648 67.80682103912767 1559
stats: page 291 5021.669924398625 12233.901481924468 155495.839 86.939 11896.512474079373 2797
stats: 504 1 168
stats: 200 15 423
stats: size_rcv 226899 50175059
stats: 502 670 6531
stats: newphase 0 4
stats: size_sent 157436 1968665
stats: connected 2 220
stats: 201 2 56
stats: 500 60 721
# stats: dump at 1669959644
stats: users 257 387
stats: {load,"tsung_controller@Maomao-no1-2"} 1 5.67578125 0.0 7.48828125 4.515625 6.02578125 30
stats: {cpu,"tsung_controller@Maomao-no1-2"} 1 28.98073275431766 0.0 31.299310895835415 11.204211909711894 27.32488571671568 30
stats: {freemem,"tsung_controller@Maomao-no1-2"} 1 79.5625 0.0 297.734375 58.015625 91.32083333333334 30
stats: session 184 10733.684114130432 18009.740916076906 157340.192 312.316 25789.767972556903 1494
stats: users_count 228 1935
stats: finish_users_count 184 1678
stats: request 1087 1917.6679365225414 6138.518075034688 64315.546 41.155 4530.33364345404 7898
stats: page 428 4405.060273364485 10211.890484820267 155495.839 86.939 11248.65652137306 3088
stats: 504 0 168
stats: connect 220 69.83649545454543 35.614964106461265 500.519 38.648 68.59055509964831 1706
stats: 200 23 446
stats: size_rcv 3520083 53695142
stats: 502 1027 7558
stats: newphase 1 5
stats: size_sent 231298 2199963
stats: connected 32 252
stats: 201 1 57
stats: 500 35 756
# stats: dump at 1669959654
stats: users 286 387
stats: {load,"tsung_controller@Maomao-no1-2"} 1 5.54296875 0.0 7.48828125 4.515625 6.014490927419355 31
stats: {cpu,"tsung_controller@Maomao-no1-2"} 1 30.114827758362456 0.0 31.299310895835415 11.204211909711894 27.378300137283485 31
stats: {freemem,"tsung_controller@Maomao-no1-2"} 1 60.375 0.0 297.734375 58.015625 90.94153225806451 31
stats: session 292 10781.617719178075 19239.40178851786 157340.192 312.316 24138.802877234808 1678
stats: users_count 321 2256
stats: finish_users_count 292 1970
stats: request 1425 965.6248091228057 4167.513456417049 64315.546 40.2 4214.254887367836 8985
stats: connect 320 66.78034062500002 28.200710900163493 500.519 37.634 68.7328743509865 1926
stats: page 578 3173.7254342560577 10637.460585194005 155495.839 86.939 10415.59076649602 3516
stats: 504 0 168
stats: 200 29 475
stats: size_rcv 488575 54183717
stats: 502 1362 8920
stats: newphase 0 5
stats: size_sent 305446 2505409
stats: connected 28 280
stats: 201 1 58
stats: 500 33 789
# stats: dump at 1669959664
stats: users 302 387
stats: {load,"tsung_controller@Maomao-no1-2"} 1 6.390625 0.0 7.48828125 4.515625 5.999755859375 32
stats: {cpu,"tsung_controller@Maomao-no1-2"} 1 31.210699670625814 0.0 31.299310895835415 11.204211909711894 27.463816625442202 32
stats: {freemem,"tsung_controller@Maomao-no1-2"} 1 83.640625 0.0 297.734375 58.015625 89.986328125 32
stats: session 316 7347.497901898733 11841.823753825722 157340.192 312.316 22158.95614314721 1970
stats: users_count 332 2588
stats: finish_users_count 316 2286
stats: request 1638 725.3351391941391 3997.803893185978 64315.546 40.2 3769.5576864553323 10410
stats: page 649 2217.9844298921394 8175.266013999078 155495.839 86.123 9393.168157303371 4094
stats: connect 334 66.3165119760479 21.550220099981377 500.519 37.634 68.45468610863757 2246
stats: 504 1 169
stats: 200 9 484
stats: size_rcv 2103057 56286774
stats: 502 1593 10513
stats: newphase 0 5
stats: size_sent 333848 2839257
stats: connected 22 302
stats: 201 0 58
stats: 500 37 826
# stats: dump at 1669959674
stats: users 262 387
stats: {load,"tsung_controller@Maomao-no1-2"} 1 6.28515625 0.0 7.48828125 4.515625 6.011600378787879 33
stats: {cpu,"tsung_controller@Maomao-no1-2"} 1 31.26873126873127 0.0 31.299310895835415 11.204211909711894 27.57735853590231 33
stats: {freemem,"tsung_controller@Maomao-no1-2"} 1 68.625 0.0 297.734375 58.015625 89.7940340909091 33
stats: session 325 11623.512461538458 15911.29256127011 157340.192 312.316 20111.527969816274 2286
stats: users_count 285 2873
stats: finish_users_count 325 2611
stats: connect 288 61.97034027777779 23.002037006161483 500.519 37.634 68.17788372093024 2580
stats: page 618 4228.963889967643 11749.242567035548 155495.839 86.123 8411.364606999789 4743
stats: request 1548 1816.4605878553007 7213.512058384683 64315.546 40.2 3355.6768321713153 12048
stats: 504 8 177
stats: 200 50 534
stats: size_rcv 6302482 62589256
stats: 502 1451 11964
stats: newphase 0 5
stats: size_sent 344420 3183677
stats: connected -41 261
stats: 201 2 60
stats: 500 36 862
# stats: dump at 1669959684
stats: users 271 387
stats: {load,"tsung_controller@Maomao-no1-2"} 1 5.61328125 0.0 7.48828125 4.515625 6.019646139705882 34
stats: {cpu,"tsung_controller@Maomao-no1-2"} 1 28.17674047476561 0.0 31.299310895835415 11.204211909711894 27.685928322161985 34
stats: {freemem,"tsung_controller@Maomao-no1-2"} 1 99.71875 0.0 297.734375 58.015625 89.17141544117646 34
stats: session 292 7119.506154109586 10894.673624568799 157340.192 296.065 19054.995974339334 2611
stats: users_count 301 3174
stats: finish_users_count 292 2903
stats: request 1482 1035.239275978406 5452.732285804726 64315.546 40.2 3180.4262624301273 13596
stats: connect 303 65.15016501650172 20.9431136048229 500.519 37.634 67.55453207810322 2868
stats: page 584 2196.4780393835626 7731.985160268063 155495.839 86.123 7929.229997202015 5361
stats: 504 4 181
stats: 200 15 549
stats: size_rcv 3121317 65710573
stats: 502 1431 13395
stats: newphase 0 5
stats: size_sent 314523 3498200
stats: connected 13 274
stats: 201 1 61
stats: 500 31 893
# stats: dump at 1669959694
stats: users 273 387
stats: {load,"tsung_controller@Maomao-no1-2"} 1 5.12890625 0.0 7.48828125 4.515625 6.008035714285715 35
stats: {cpu,"tsung_controller@Maomao-no1-2"} 1 26.85286783042394 0.0 31.299310895835415 11.204211909711894 27.699951526522092 35
stats: {freemem,"tsung_controller@Maomao-no1-2"} 1 97.875 0.0 297.734375 58.015625 89.47276785714286 35
stats: session 312 9323.455016025639 13389.149239836497 157340.192 296.065 17854.457556321046 2903
stats: users_count 314 3488
stats: finish_users_count 312 3215
stats: connect 315 68.51633333333332 63.111061966351315 1056.493 37.634 67.32478650268057 3171
stats: request 1582 1388.0170493046783 5628.389788636763 64315.546 40.193 2969.5781981031973 15078
stats: page 635 3483.25043779528 9809.562311644191 155495.839 86.123 7366.079931034483 5945
stats: 504 1 182
stats: 200 17 566
stats: size_rcv 3150789 68861362
stats: 502 1530 14925
stats: newphase 0 5
stats: size_sent 325158 3823358
stats: connected -2 272
stats: 201 1 62
stats: 500 32 925
# stats: dump at 1669959704
stats: users 370 387
stats: {load,"tsung_controller@Maomao-no1-2"} 1 5.046875 0.0 7.48828125 4.515625 5.983615451388889 36
stats: {cpu,"tsung_controller@Maomao-no1-2"} 1 26.276935355147646 0.0 31.299310895835415 11.204211909711894 27.676421423852698 36
stats: {freemem,"tsung_controller@Maomao-no1-2"} 1 89.265625 0.0 297.734375 58.015625 89.70616319444444 36
stats: session 370 8684.358667567567 13621.799590291535 157340.192 296.065 17026.565552410575 3215
stats: users_count 467 3955
stats: finish_users_count 370 3585
stats: request 2051 1071.6364885421726 5046.1352370288005 64315.546 40.193 2819.3963411164473 16660
stats: connect 462 63.451387445887434 20.61985970659313 1056.493 37.634 67.43245639701665 3486
stats: page 806 3066.0518250620394 9903.07887397378 155495.839 86.123 6991.36918206687 6580
stats: 504 0 182
stats: 200 26 592
stats: size_rcv 633806 69495168
stats: 502 1966 16891
stats: newphase 1 6
stats: size_sent 441380 4264738
stats: connected 92 364
stats: 201 5 67
stats: 500 54 979
# stats: dump at 1669959714
stats: users 417 435
stats: {load,"tsung_controller@Maomao-no1-2"} 1 6.5390625 0.0 7.48828125 4.515625 5.958298141891892 37
stats: {cpu,"tsung_controller@Maomao-no1-2"} 1 30.518962075848304 0.0 31.299310895835415 11.204211909711894 27.63859747604986 37
stats: {freemem,"tsung_controller@Maomao-no1-2"} 1 65.46875 0.0 297.734375 58.015625 89.69425675675676 37
stats: session 600 6877.428411666669 12132.00751657322 157340.192 296.065 16165.584646582985 3585
stats: users_count 647 4602
stats: finish_users_count 600 4185
stats: request 3122 552.4808231902645 2873.3899762594087 64315.546 40.193 2627.816230078564 18711
stats: connect 647 66.74970942812978 33.71763187970855 1056.493 37.348 66.96658662613983 3948
stats: 504 0 182
stats: page 1242 1719.0090813204517 7188.907150476361 155495.839 86.123 6563.017463985921 7386
stats: 200 9 601
stats: size_rcv 973688 70468856
stats: 502 3038 19929
stats: newphase 0 6
stats: size_sent 638823 4903561
stats: connected 46 410
stats: 201 0 67
stats: 500 77 1056
# stats: dump at 1669959724
stats: users 402 435
stats: {load,"tsung_controller@Maomao-no1-2"} 1 6.44921875 0.0 7.48828125 4.515625 5.973581414473684 38
stats: {cpu,"tsung_controller@Maomao-no1-2"} 1 30.55721989215099 0.0 31.299310895835415 11.204211909711894 27.714396544465604 38
stats: {freemem,"tsung_controller@Maomao-no1-2"} 1 138.5 0.0 297.734375 58.015625 89.05674342105263 38
stats: session 631 5888.119001584777 9469.837510152516 157340.192 296.065 14833.949344086022 4185
stats: users_count 616 5218
stats: finish_users_count 631 4816
stats: request 3023 559.5129973536215 3384.8651950626236 64315.546 40.193 2331.0545784363126 21833
stats: connect 594 67.7724528619529 33.85410222294859 1056.493 37.348 66.93604918389553 4595
stats: page 1206 1324.9169883913785 5350.286341708746 155495.839 86.123 5865.722794158554 8628
stats: 504 0 182
stats: 200 23 624
stats: size_rcv 6241639 76710495
stats: 502 2959 22888
stats: newphase 0 6
stats: size_sent 632156 5535717
stats: connected -7 403
stats: 201 4 71
stats: 500 36 1092
# stats: dump at 1669959734
stats: users 429 435
stats: {load,"tsung_controller@Maomao-no1-2"} 1 6.63671875 0.0 7.48828125 4.515625 5.985777243589744 39
stats: {cpu,"tsung_controller@Maomao-no1-2"} 1 30.002997302427815 0.0 31.299310895835415 11.204211909711894 27.78728945081651 39
stats: {freemem,"tsung_controller@Maomao-no1-2"} 1 179.703125 0.0 297.734375 58.015625 90.32451923076923 39
stats: session 628 6458.253246815292 9821.926639428922 157340.192 296.065 13661.852386835548 4816
stats: users_count 655 5873
stats: finish_users_count 628 5444
stats: request 3257 897.9748517040223 4880.264235203056 64315.546 40.193 2115.5987448503383 24856
stats: connect 656 62.243801829268264 25.988115153568163 1056.493 37.262 67.03179475814223 5189
stats: page 1304 2045.9700498466257 7636.917091947309 155495.839 86.123 5308.857652633721 9834
stats: 504 0 182
stats: 200 32 656
stats: size_rcv 3671250 80381745
stats: 502 3157 26045
stats: newphase 0 6
stats: size_sent 696498 6232215
stats: connected 14 417
stats: 201 8 79
stats: 500 59 1151
# stats: dump at 1669959744
stats: users 391 446
stats: {load,"tsung_controller@Maomao-no1-2"} 1 7.24609375 0.0 7.48828125 4.515625 6.00205078125 40
stats: {cpu,"tsung_controller@Maomao-no1-2"} 1 31.349245980225703 0.0 31.349245980225703 11.204211909711894 27.842682147106792 40
stats: {freemem,"tsung_controller@Maomao-no1-2"} 1 103.703125 0.0 297.734375 58.015625 92.558984375 40
stats: session 642 6711.775012461064 10341.20316586897 157340.192 296.065 12830.8714426892 5444
stats: users_count 604 6477
stats: finish_users_count 642 6086
stats: request 3205 538.9419675507024 3628.0039244634645 64315.546 40.193 1974.5322980115964 28113
stats: 504 2 184
stats: connect 617 98.03443273906 122.2747074354851 1056.493 37.262 66.4944254918734 5845
stats: page 1285 1517.3446396887177 6500.140558289713 155495.839 86.123 4926.849623002336 11138
stats: 200 2 658
stats: size_rcv 1005247 81386992
stats: 502 3186 29231
stats: newphase 0 6
stats: size_sent 650262 6882477
stats: connected -23 394
stats: 201 0 79
stats: 500 15 1166
# stats: dump at 1669959754
stats: users 445 448
stats: {load,"tsung_controller@Maomao-no1-2"} 1 6.43359375 0.0 7.48828125 4.515625 6.032393292682927 41
stats: {cpu,"tsung_controller@Maomao-no1-2"} 1 32.02477274997503 0.0 32.02477274997503 11.204211909711894 27.928208094256036 41
stats: {freemem,"tsung_controller@Maomao-no1-2"} 1 87.53125 0.0 297.734375 58.015625 92.83079268292683 41
stats: session 578 6426.072676470587 9238.915789827777 157340.192 296.065 12185.380166283274 6086
stats: users_count 632 7109
stats: finish_users_count 578 6664
stats: request 2992 813.1998810160443 4240.651206815965 64315.546 40.193 1827.617839581072 31318
stats: page 1183 1841.0681267962814 7020.022039101354 155495.839 86.123 4574.180066248089 12423
stats: 504 0 184
stats: connect 626 62.46048402555905 17.69927955801443 1056.493 37.262 69.50590560198081 6462
stats: 200 29 687
stats: size_rcv 1453300 82840292
stats: 502 2900 32131
stats: newphase 0 6
stats: size_sent 627209 7509686
stats: connected 48 442
stats: 201 3 82
stats: 500 61 1227
# stats: dump at 1669959764
stats: users 224 467
stats: {load,"tsung_controller@Maomao-no1-2"} 1 7.08984375 0.0 7.48828125 4.515625 6.041945684523809 42
stats: {cpu,"tsung_controller@Maomao-no1-2"} 1 30.622630213530233 0.0 32.02477274997503 11.204211909711894 28.02574534796363 42
stats: {freemem,"tsung_controller@Maomao-no1-2"} 1 91.65625 0.0 297.734375 58.015625 92.7046130952381 42
stats: session 513 7049.736916179333 10230.103699966738 157340.192 296.065 11685.848394207684 6664
stats: users_count 292 7401
stats: finish_users_count 513 7177
stats: connect 313 61.77166453674125 17.782656653981903 1056.493 37.262 68.88366605530474 7088
stats: request 2073 742.7979937288948 3943.6019456596528 64315.546 40.193 1739.1556264645883 34310
stats: 504 0 184
stats: page 874 1616.3665091533178 6427.838641363647 155495.839 86.123 4336.544359620757 13606
stats: 200 12 699
stats: size_rcv 3305204 86145496
stats: 502 2010 34141
stats: newphase 0 6
stats: size_sent 425851 7935537
stats: connected -217 225
stats: 201 0 82
stats: 500 50 1277
# stats: dump at 1669959774
stats: users 186 467
stats: {load,"tsung_controller@Maomao-no1-2"} 1 6.96875 0.0 7.48828125 4.515625 6.066315406976744 43
stats: {cpu,"tsung_controller@Maomao-no1-2"} 1 29.590818363273453 0.0 32.02477274997503 11.204211909711894 28.086138019255877 43
stats: {freemem,"tsung_controller@Maomao-no1-2"} 1 88.140625 0.0 297.734375 58.015625 92.68023255813955 43
stats: session 38 28068.651763157894 13172.642002468428 157340.192 296.065 11354.466871534067 7177
stats: users_count 0 7401
stats: finish_users_count 38 7215
stats: request 127 16904.924677165356 10490.499365813455 64315.546 40.193 1682.3859985432762 36383
stats: connect 0 0 0 1056.493 37.262 68.58288825834347 7401
stats: page 57 23398.513964912287 16021.265181219062 155495.839 86.123 4172.356829143648 14480
stats: 504 0 184
stats: 200 53 752
stats: size_rcv 4855664 91001160
stats: 502 28 34169
stats: newphase 0 6
stats: size_sent 38931 7974468
stats: connected -39 186
stats: 201 9 91
stats: 500 38 1315
# stats: dump at 1669959784
stats: users 152 467
stats: {load,"tsung_controller@Maomao-no1-2"} 1 6.1171875 0.0 7.48828125 4.515625 6.086825284090909 44
stats: {cpu,"tsung_controller@Maomao-no1-2"} 1 27.95613160518445 0.0 32.02477274997503 11.204211909711894 28.12033529980173 44
stats: {freemem,"tsung_controller@Maomao-no1-2"} 1 74.515625 0.0 297.734375 58.015625 92.57705965909093 44
stats: session 34 33157.543088235296 9139.264732322075 157340.192 296.065 11442.49722855163 7215
stats: users_count 0 7401
stats: finish_users_count 34 7249
stats: request 93 23648.032311827952 13241.886119718427 64315.546 40.193 1735.3375847439063 36510
stats: connect 0 0 0 1056.493 37.262 68.58288825834347 7401
stats: page 44 29523.99336363636 13786.3098394136 155495.839 86.123 4247.743150718858 14537
stats: 504 1 185
stats: 200 52 804
stats: size_rcv 1610384 92611544
stats: 502 0 34169
stats: newphase 0 6
stats: size_sent 24860 7999328
stats: connected -34 152
stats: 201 3 94
stats: 500 37 1352
# stats: dump at 1669959794
stats: users 101 467
stats: {load,"tsung_controller@Maomao-no1-2"} 1 5.33203125 0.0 7.48828125 4.515625 6.0875 45
stats: {cpu,"tsung_controller@Maomao-no1-2"} 1 29.196205691462808 0.0 32.02477274997503 11.204211909711894 28.11668632881024 45
stats: {freemem,"tsung_controller@Maomao-no1-2"} 1 181.703125 0.0 297.734375 58.015625 92.17569444444446 45
stats: session 51 42440.10270588237 10864.920262634474 157340.192 296.065 11544.347353979862 7249
stats: users_count 0 7401
stats: finish_users_count 51 7300
stats: request 126 18187.124595238107 10397.80187786404 64315.546 40.193 1791.012819277109 36603
stats: connect 0 0 0 1056.493 37.262 68.58288825834347 7401
stats: page 60 34592.082816666676 10919.817024012897 155495.839 86.123 4324.017412385984 14581
stats: 504 0 185
stats: 200 65 869
stats: size_rcv 23102 92634646
stats: 502 33 34202
stats: newphase 0 6
stats: size_sent 24181 8023509
stats: connected -51 101
stats: 201 2 96
stats: 500 26 1378
# stats: dump at 1669959804
stats: users 55 467
stats: {load,"tsung_controller@Maomao-no1-2"} 1 5.0703125 0.0 7.48828125 4.515625 6.071076766304348 46
stats: {cpu,"tsung_controller@Maomao-no1-2"} 1 26.583416583416586 0.0 32.02477274997503 11.204211909711894 28.140154141041815 46
stats: {freemem,"tsung_controller@Maomao-no1-2"} 1 230.234375 0.0 297.734375 58.015625 94.12194293478262 46
stats: session 46 56680.67100000001 16287.593824566493 157340.192 296.065 11760.19441191781 7300
stats: users_count 0 7401
stats: finish_users_count 46 7346
stats: request 139 8490.786187050357 6408.755386152641 64315.546 40.193 1847.2602010128244 36729
stats: page 87 36302.01081609193 24077.521226721943 155495.839 86.123 4448.0583880199465 14641
stats: connect 0 0 0 1056.493 37.262 68.58288825834347 7401
stats: 504 0 185
stats: 200 46 915
stats: size_rcv 25323 92659969
stats: 502 0 34202
stats: newphase 0 6
stats: size_sent 41153 8064662
stats: connected -46 55
stats: 201 0 96
stats: 500 93 1471
# stats: dump at 1669959814
stats: users 33 467
stats: {load,"tsung_controller@Maomao-no1-2"} 1 5.23828125 0.0 7.48828125 4.515625 6.049783909574468 47
stats: {cpu,"tsung_controller@Maomao-no1-2"} 1 26.36890487609912 0.0 32.02477274997503 11.204211909711894 28.107032065347664 47
stats: {freemem,"tsung_controller@Maomao-no1-2"} 1 159.734375 0.0 297.734375 58.015625 97.0179521276596 47
stats: session 22 67821.45963636364 13398.767716305698 157340.192 296.065 12041.482449360197 7346
stats: users_count 0 7401
stats: finish_users_count 22 7368
stats: request 64 5237.6848125 5796.851383350626 64315.546 40.193 1872.30767069003 36868
stats: connect 0 0 0 1056.493 37.262 68.58288825834347 7401
stats: page 31 22293.139548387102 23604.412437052466 155495.839 86.123 4636.2233704508435 14728
stats: 504 0 185
stats: 200 26 941
stats: size_rcv 1603377 94263346
stats: 502 0 34202
stats: newphase 0 6
stats: size_sent 19664 8084326
stats: connected -22 33
stats: 201 0 96
stats: 500 38 1509
# stats: dump at 1669959824
stats: users 14 467
stats: {load,"tsung_controller@Maomao-no1-2"} 1 4.51171875 0.0 7.48828125 4.51171875 6.032877604166667 48
stats: {cpu,"tsung_controller@Maomao-no1-2"} 1 27.451567805072898 0.0 32.02477274997503 11.204211909711894 28.07082108223832 48
stats: {freemem,"tsung_controller@Maomao-no1-2"} 1 72.890625 0.0 297.734375 58.015625 98.32454427083336 48
stats: session 19 75005.41694736842 9042.507829457878 157340.192 296.065 12208.035041395226 7368
stats: users_count 0 7401
stats: finish_users_count 19 7387
stats: 504 0 185
stats: connect 0 0 0 1056.493 37.262 68.58288825834347 7401
stats: request 29 6366.004137931036 4665.337487025332 64315.546 40.193 1878.1395816906752 36932
stats: page 20 15350.634650000002 14134.47753249864 155495.839 86.123 4673.310192153942 14759
stats: 200 21 962
stats: size_rcv 1052169 95315515
stats: 502 0 34202
stats: newphase 0 6
stats: size_sent 6207 8090533
stats: connected -19 14
stats: 201 0 96
stats: 500 9 1518
# stats: dump at 1669959834
stats: users 2 467
stats: {load,"tsung_controller@Maomao-no1-2"} 1 4.83203125 0.0 7.48828125 4.51171875 6.001833545918367 49
stats: {cpu,"tsung_controller@Maomao-no1-2"} 1 28.427358961557665 0.0 32.02477274997503 11.204211909711894 28.058183260255355 49
stats: {freemem,"tsung_controller@Maomao-no1-2"} 1 162.203125 0.0 297.734375 58.015625 97.80548469387757 49
stats: session 12 85506.27333333333 7244.534850796865 157340.192 296.065 12369.555314336 7387
stats: users_count 0 7401
stats: finish_users_count 12 7399
stats: request 38 14499.595 23178.282428643248 75302.002 40.193 1881.6608087172972 36961
stats: connect 0 0 0 1056.493 37.262 68.58288825834347 7401
stats: page 20 38636.508550000006 37789.22896928719 155495.839 86.123 4687.759511401315 14779
stats: 504 0 185
stats: 200 23 985
stats: size_rcv 6424735 101740250
stats: 502 6 34208
stats: newphase 0 6
stats: size_sent 19118 8109651
stats: connected -12 2
stats: 201 8 104
stats: 500 0 1518
# stats: dump at 1669959839
stats: users 0 467
stats: {load,"tsung_controller@Maomao-no1-2"} 1 4.32421875 0.0 7.48828125 4.32421875 5.9784375 50
stats: {cpu,"tsung_controller@Maomao-no1-2"} 1 27.525958466453677 0.0 32.02477274997503 11.204211909711894 28.0655667742814 50
stats: {freemem,"tsung_controller@Maomao-no1-2"} 1 177.9375 0.0 297.734375 58.015625 99.09343750000002 50
stats: session 2 93402.4645 10896.237500000003 157340.192 296.065 12488.171426814437 7399
stats: users_count 0 7401
stats: finish_users_count 2 7401
stats: request 6 9005.359333333334 19903.601211929035 75302.002 40.193 1894.6201184086062 36999
stats: connect 0 0 0 1056.493 37.262 68.58288825834347 7401
stats: page 3 34274.946 48146.1386550746 155495.839 86.123 4733.639299276981 14799
stats: 504 0 185
stats: 200 4 989
stats: size_rcv 544460 102284710
stats: 502 0 34208
stats: newphase 0 6
stats: size_sent 3807 8113458
stats: connected -2 0
stats: 201 1 105
stats: 500 0 1518
EndMonitor:{1669,959839,487158}
