# stats: dump at 1670037533
stats: users 10 10
stats: {freemem,"tsung_controller@ip-172-31-51-228"} 1 669.6328125 0 669.6328125 669.6328125 0 0
stats: {load,"tsung_controller@ip-172-31-51-228"} 1 0.0 0 0.0 0.0 0 0
stats: {cpu,"tsung_controller@ip-172-31-51-228"} 1 4.427005998693354 0 4.427005998693354 4.427005998693354 0 0
stats: session 4 4510.466 1725.9682901112349 6478.802 1886.599 0 0
stats: users_count 14 14
stats: finish_users_count 4 4
stats: request 72 75.31751388888887 99.42951086420095 333.191 4.337 0 0
stats: connect 12 2.109666666666667 1.832316945533411 7.279 1.184 0 0
stats: page 30 180.91613333333333 115.57921774717498 343.189 4.337 0 0
stats: 200 62 62
stats: size_rcv 76731 76731
stats: size_sent 46413 46413
stats: connected 8 8
stats: 201 10 10
# stats: dump at 1670037543
stats: users 10 11
stats: {freemem,"tsung_controller@ip-172-31-51-228"} 1 667.08203125 0.0 669.6328125 667.08203125 669.6328125 1
stats: {load,"tsung_controller@ip-172-31-51-228"} 1 0.0 0.0 0.0 0.0 0.0 1
stats: {cpu,"tsung_controller@ip-172-31-51-228"} 1 0.8483033932135728 0.0 4.427005998693354 0.8483033932135728 4.427005998693354 1
stats: session 10 8115.230300000001 2882.648219051609 12835.644 1886.599 4510.466 4
stats: users_count 10 24
stats: finish_users_count 10 14
stats: request 82 74.53214634146345 109.60841861261875 516.142 4.337 75.31751388888887 72
stats: connect 12 1.2786666666666664 0.0626742016746568 7.279 1.184 2.109666666666667 12
stats: page 43 142.22393023255816 158.06178356644097 716.679 4.337 180.91613333333333 30
stats: 200 73 135
stats: size_rcv 131340 208071
stats: size_sent 54696 101109
stats: connected 2 10
stats: 201 9 19
# stats: dump at 1670037553
stats: users 8 12
stats: {freemem,"tsung_controller@ip-172-31-51-228"} 1 667.7265625 0.0 669.6328125 667.08203125 668.357421875 2
stats: {load,"tsung_controller@ip-172-31-51-228"} 1 0.0 0.0 0.0 0.0 0.0 2
stats: {cpu,"tsung_controller@ip-172-31-51-228"} 1 0.4987531172069825 0.0 4.427005998693354 0.4987531172069825 2.6376546959534632 2
stats: session 12 8946.029250000001 4263.258400964731 16013.259 1886.599 7085.297642857144 14
stats: users_count 10 34
stats: finish_users_count 12 26
stats: request 82 74.28496341463413 114.80480982397111 566.327 4.247 74.89933116883118 154
stats: connect 10 1.9164 1.2330008272503308 7.279 1.135 1.6941666666666666 24
stats: page 42 145.13571428571424 176.46727019927812 718.77 4.247 158.12483561643836 73
stats: 200 72 207
stats: size_rcv 187434 395505
stats: size_sent 55807 156916
stats: connected 0 10
stats: 201 10 29
# stats: dump at 1670037563
stats: users 8 12
stats: {freemem,"tsung_controller@ip-172-31-51-228"} 1 667.65625 0.0 669.6328125 667.08203125 668.1471354166666 3
stats: {load,"tsung_controller@ip-172-31-51-228"} 1 0.0 0.0 0.0 0.0 0.0 3
stats: {cpu,"tsung_controller@ip-172-31-51-228"} 1 0.3003003003003003 0.0 4.427005998693354 0.3003003003003003 1.9246875030379698 3
stats: session 9 9012.348444444446 4991.095633472432 16328.79 1383.967 7944.096846153848 26
stats: users_count 9 43
stats: finish_users_count 9 35
stats: request 86 64.5940348837209 94.25200861093867 566.327 4.189 74.68586440677967 236
stats: connect 9 1.2264444444444442 0.10567256672393599 7.279 0.989 1.7595294117647058 34
stats: page 42 132.374880952381 146.77447459237175 718.77 4.189 153.38098260869563 115
stats: 200 74 281
stats: size_rcv 149223 544728
stats: size_sent 60124 217040
stats: connected -2 8
stats: 201 12 41
# stats: dump at 1670037573
stats: users 14 14
stats: {freemem,"tsung_controller@ip-172-31-51-228"} 1 665.34375 0.0 669.6328125 665.34375 668.0244140625 4
stats: {load,"tsung_controller@ip-172-31-51-228"} 1 0.0 0.0 0.0 0.0 0.0 4
stats: {cpu,"tsung_controller@ip-172-31-51-228"} 1 0.29985007496251875 0.0 4.427005998693354 0.29985007496251875 1.5185907023535523 4
stats: session 8 8945.514500000001 5217.723488665077 18039.453 1383.967 8218.790114285715 35
stats: users_count 14 57
stats: finish_users_count 8 43
stats: request 79 95.19896202531645 136.72816059320442 638.961 4.055 71.99053105590062 322
stats: connect 12 1.3207500000000003 0.436096916789529 7.279 0.989 1.647953488372093 43
stats: page 36 207.6409722222223 211.1627547237604 875.407 4.055 147.7615159235669 157
stats: 200 69 350
stats: size_rcv 237408 782136
stats: size_sent 52312 269352
stats: connected 4 12
stats: 201 10 51
# stats: dump at 1670037583
stats: users 3 17
stats: {freemem,"tsung_controller@ip-172-31-51-228"} 1 665.30859375 0.0 669.6328125 665.30859375 667.48828125 5
stats: {load,"tsung_controller@ip-172-31-51-228"} 1 0.078125 0.0 0.078125 0.0 0.0 5
stats: {cpu,"tsung_controller@ip-172-31-51-228"} 1 0.3501750875437719 0.0 4.427005998693354 0.29985007496251875 1.2748425768753457 5
stats: session 14 9236.217928571428 5218.137121728452 24018.678 1383.967 8353.994651162791 43
stats: users_count 3 60
stats: finish_users_count 14 57
stats: request 70 74.61397142857145 124.09730775472373 638.961 4.055 76.5627655860349 401
stats: connect 5 1.5248000000000002 0.6880190113652385 7.279 0.989 1.5765636363636364 55
stats: page 41 128.68585365853664 205.09601688175 875.407 4.055 158.9307409326425 193
stats: 200 62 412
stats: size_rcv 178369 960505
stats: size_sent 49831 319183
stats: connected -9 3
stats: 201 8 59
# stats: dump at 1670037593
stats: users 16 17
stats: {freemem,"tsung_controller@ip-172-31-51-228"} 1 663.71484375 0.0 669.6328125 663.71484375 667.125 6
stats: {load,"tsung_controller@ip-172-31-51-228"} 1 0.0703125 0.0 0.078125 0.0 0.013020833333333334 6
stats: {cpu,"tsung_controller@ip-172-31-51-228"} 1 0.25 0.0 4.427005998693354 0.25 1.1207313286534166 6
stats: session 4 4234.159749999999 977.9560848137241 24018.678 1383.967 8570.681070175438 57
stats: users_count 17 77
stats: finish_users_count 4 61
stats: request 80 87.29149999999997 114.8215964702416 638.961 4.055 76.27313588110403 471
stats: connect 16 1.5992499999999998 0.7386107313734346 7.279 0.989 1.57225 60
stats: page 35 199.65740000000002 128.9099391429536 875.407 4.055 153.63142307692308 234
stats: 200 70 482
stats: size_rcv 91572 1052077
stats: newphase 1 1
stats: size_sent 50673 369856
stats: connected 12 15
stats: 201 10 69
# stats: dump at 1670037603
stats: users 14 22
stats: {freemem,"tsung_controller@ip-172-31-51-228"} 1 666.0234375 0.0 669.6328125 663.71484375 666.6378348214286 7
stats: {load,"tsung_controller@ip-172-31-51-228"} 1 0.05859375 0.0 0.078125 0.0 0.021205357142857144 7
stats: {cpu,"tsung_controller@ip-172-31-51-228"} 1 0.400200100050025 0.0 4.427005998693354 0.25 0.9963411388457857 7
stats: session 17 10403.582470588237 6765.549686342325 28246.348 1383.967 8286.319016393441 61
stats: users_count 15 92
stats: finish_users_count 17 78
stats: request 138 145.5801811594203 231.83399929019794 957.032 3.618 77.87289836660617 551
stats: connect 16 2.1210625 2.9639219682025617 13.495 0.989 1.5779342105263157 76
stats: page 68 295.55529411764707 353.4169660037501 1387.729 3.618 159.61993308550186 269
stats: 200 120 602
stats: size_rcv 373121 1425198
stats: newphase 0 1
stats: size_sent 94106 463962
stats: connected 0 15
stats: 201 18 87
# stats: dump at 1670037613
stats: users 18 22
stats: {freemem,"tsung_controller@ip-172-31-51-228"} 1 664.46484375 0.0 669.6328125 663.71484375 666.56103515625 8
stats: {load,"tsung_controller@ip-172-31-51-228"} 1 0.05078125 0.0 0.078125 0.0 0.02587890625 8
stats: {cpu,"tsung_controller@ip-172-31-51-228"} 1 1.046337817638266 0.0 4.427005998693354 0.25 0.9218235089963156 8
stats: session 16 9056.0110625 3649.2722291044297 28246.348 1383.967 8747.77387179487 78
stats: users_count 20 112
stats: finish_users_count 16 94
stats: request 142 87.9522042253521 138.05044461659142 957.032 3.618 91.43400870827286 689
stats: connect 20 1.6103500000000004 0.7968814387975164 13.495 0.989 1.672391304347826 92
stats: page 71 169.07485915492956 190.9595612110685 1387.729 3.618 187.04902670623147 337
stats: 200 125 727
stats: size_rcv 271895 1697093
stats: newphase 0 1
stats: size_sent 95978 559940
stats: connected 3 18
stats: 201 17 104
# stats: dump at 1670037623
stats: users 20 23
stats: {freemem,"tsung_controller@ip-172-31-51-228"} 1 663.69140625 0.0 669.6328125 663.69140625 666.328125 9
stats: {load,"tsung_controller@ip-172-31-51-228"} 1 0.0390625 0.0 0.078125 0.0 0.028645833333333332 9
stats: {cpu,"tsung_controller@ip-172-31-51-228"} 1 0.6490264603095357 0.0 4.427005998693354 0.25 0.9356584321787546 9
stats: session 22 9550.906454545455 5806.7433352685875 28246.348 1383.967 8800.239776595743 94
stats: users_count 24 136
stats: finish_users_count 22 116
stats: request 176 138.20390909090906 223.64127107074728 1449.388 3.618 90.83904332129963 831
stats: connect 24 1.2379166666666668 0.10361302872815868 13.495 0.989 1.6613125 112
stats: page 88 282.117090909091 380.9877212614493 1857.38 3.618 183.92116911764705 408
stats: 200 155 882
stats: size_rcv 582878 2279971
stats: newphase 0 1
stats: size_sent 117322 677262
stats: connected 2 20
stats: 201 21 125
# stats: dump at 1670037633
stats: users 17 23
stats: {freemem,"tsung_controller@ip-172-31-51-228"} 1 662.76953125 0.0 669.6328125 662.76953125 666.064453125 10
stats: {load,"tsung_controller@ip-172-31-51-228"} 1 0.03125 0.0 0.078125 0.0 0.0296875 10
stats: {cpu,"tsung_controller@ip-172-31-51-228"} 1 0.65 0.0 4.427005998693354 0.25 0.9069952349918327 10
stats: session 22 8588.281727272732 3979.690340175204 28246.348 1367.268 8942.607594827585 116
stats: users_count 19 155
stats: finish_users_count 22 138
stats: request 155 93.9594258064516 147.26083569328 1449.388 3.618 99.11731181727903 1007
stats: connect 19 1.269157894736842 0.15914880926448904 13.495 0.989 1.5865955882352942 136
stats: page 80 178.88889999999995 211.0179524148716 1857.38 3.618 201.34302620967742 496
stats: 200 136 1018
stats: size_rcv 256736 2536707
stats: newphase 0 1
stats: size_sent 107655 784917
stats: connected -3 17
stats: 201 19 144
# stats: dump at 1670037643
stats: users 20 25
stats: {freemem,"tsung_controller@ip-172-31-51-228"} 1 662.1640625 0.0 669.6328125 662.1640625 665.7649147727273 11
stats: {load,"tsung_controller@ip-172-31-51-228"} 1 0.03125 0.0 0.078125 0.0 0.029829545454545456 11
stats: {cpu,"tsung_controller@ip-172-31-51-228"} 1 0.5002501250625313 0.0 4.427005998693354 0.25 0.883632031810757 11
stats: session 18 9430.293333333333 4231.753379880626 28246.348 1367.268 8886.120862318841 138
stats: users_count 21 176
stats: finish_users_count 18 156
stats: request 178 106.8100056179776 154.35173768626524 1449.388 3.295 98.42929776247847 1162
stats: connect 21 1.199142857142857 0.09189864277679886 13.495 0.989 1.547683870967742 155
stats: page 84 229.55522619047628 231.42417463256837 1857.38 3.295 198.22439756944445 576
stats: 200 154 1172
stats: size_rcv 369580 2906287
stats: newphase 0 1
stats: size_sent 119616 904533
stats: connected 4 21
stats: 201 24 168
# stats: dump at 1670037653
stats: users 30 32
stats: {freemem,"tsung_controller@ip-172-31-51-228"} 1 661.85546875 0.0 669.6328125 661.85546875 665.46484375 12
stats: {load,"tsung_controller@ip-172-31-51-228"} 1 0.01953125 0.0 0.078125 0.0 0.029947916666666668 12
stats: {cpu,"tsung_controller@ip-172-31-51-228"} 1 0.5505505505505506 0.0 4.427005998693354 0.25 0.8516835395817383 12
stats: session 24 8071.144291666668 3946.6875296946014 28246.348 1367.268 8948.909993589743 156
stats: users_count 34 210
stats: finish_users_count 24 180
stats: request 239 185.43353974895402 297.8212504154857 1510.343 3.295 99.54255597014925 1340
stats: connect 34 1.3816470588235297 0.5211610275231604 13.495 0.989 1.506096590909091 176
stats: page 109 405.3562477064219 493.8926072127395 2449.451 3.295 202.21195757575757 660
stats: 200 207 1379
stats: size_rcv 480090 3386377
stats: newphase 1 2
stats: size_sent 162247 1066780
stats: connected 11 32
stats: 201 32 200
# stats: dump at 1670037663
stats: users 46 48
stats: {freemem,"tsung_controller@ip-172-31-51-228"} 1 658.4140625 0.0 669.6328125 658.4140625 665.1871995192307 13
stats: {load,"tsung_controller@ip-172-31-51-228"} 1 0.01953125 0.0 0.078125 0.0 0.029146634615384616 13
stats: {cpu,"tsung_controller@ip-172-31-51-228"} 1 1.195814648729447 0.0 4.427005998693354 0.25 0.8285194635024161 13
stats: session 29 9508.224103448274 4078.772110886292 28246.348 1367.268 8831.874566666665 180
stats: users_count 45 255
stats: finish_users_count 29 209
stats: request 270 235.18770740740743 342.3949467301363 1510.343 3.295 112.5431545281824 1579
stats: page 133 436.18492481203015 521.9704638162929 2516.913 3.295 231.00614174252274 769
stats: connect 44 1.3358409090909094 0.41036524436286237 13.495 0.989 1.4859476190476193 210
stats: 200 239 1618
stats: size_rcv 480724 3867101
stats: newphase 0 2
stats: size_sent 181434 1248214
stats: connected 14 46
stats: 201 31 231
# stats: dump at 1670037673
stats: users 56 57
stats: {freemem,"tsung_controller@ip-172-31-51-228"} 1 657.90625 0.0 669.6328125 657.90625 664.7034040178571 14
stats: {load,"tsung_controller@ip-172-31-51-228"} 1 0.01953125 0.0 0.078125 0.0 0.028459821428571428 14
stats: {cpu,"tsung_controller@ip-172-31-51-228"} 1 1.2444001991040319 0.0 4.427005998693354 0.25 0.8547548338757754 14
stats: session 34 12231.093529411764 5824.039857407586 31765.817 1367.268 8925.722110047845 209
stats: users_count 44 299
stats: finish_users_count 34 243
stats: request 319 488.22537617554826 555.4452666319345 2181.612 3.295 130.45231043807465 1849
stats: connect 45 1.3846 0.5965918910314191 13.495 0.989 1.4599448818897638 254
stats: page 153 1022.5929281045742 1091.025138064113 3954.754 3.295 261.2597760532151 902
stats: 200 276 1894
stats: size_rcv 621811 4488912
stats: newphase 0 2
stats: size_sent 218342 1466556
stats: connected 11 57
stats: 201 43 274
# stats: dump at 1670037683
stats: users 65 65
stats: {freemem,"tsung_controller@ip-172-31-51-228"} 1 656.36328125 0.0 669.6328125 656.36328125 664.2502604166667 15
stats: {load,"tsung_controller@ip-172-31-51-228"} 1 0.01171875 0.0 0.078125 0.0 0.027864583333333335 15
stats: {cpu,"tsung_controller@ip-172-31-51-228"} 1 1.2487512487512489 0.0 4.427005998693354 0.25 0.8807311915576592 15
stats: session 36 14080.041499999998 5001.69837130876 31765.817 1367.268 9388.202061728394 243
stats: users_count 45 344
stats: finish_users_count 36 279
stats: request 289 715.7543564013843 767.0887566700612 2874.943 3.295 183.0951185424354 2168
stats: connect 41 1.5510731707317071 0.9454858446592005 13.495 0.989 1.4486053511705688 299
stats: page 141 1297.0034468085103 1500.7140145784101 5398.585 3.295 371.671124170616 1055
stats: 200 254 2148
stats: size_rcv 551083 5039995
stats: newphase 0 2
stats: size_sent 202098 1668654
stats: connected 4 61
stats: 201 35 309
# stats: dump at 1670037693
stats: users 62 66
stats: {freemem,"tsung_controller@ip-172-31-51-228"} 1 655.33203125 0.0 669.6328125 655.33203125 663.75732421875 16
stats: {load,"tsung_controller@ip-172-31-51-228"} 1 0.01171875 0.0 0.078125 0.0 0.02685546875 16
stats: {cpu,"tsung_controller@ip-172-31-51-228"} 1 1.7421602787456445 0.0 4.427005998693354 0.25 0.9037324451322586 16
stats: session 34 15673.850323529414 5526.282459607047 32033.565 1367.268 9993.60069892473 279
stats: users_count 31 375
stats: finish_users_count 34 313
stats: request 253 1457.9799525691706 1301.5911712472048 5050.196 3.295 245.74815873015874 2457
stats: connect 35 1.3310857142857142 0.360657048924287 13.495 0.951 1.4609617647058823 340
stats: page 123 2496.760959349593 2893.7417736817115 11623.166 3.295 480.7613060200668 1196
stats: 200 228 2376
stats: size_rcv 704277 5744272
stats: newphase 0 2
stats: size_sent 178804 1847458
stats: connected 1 62
stats: 201 25 334
# stats: dump at 1670037703
stats: users 69 77
stats: {freemem,"tsung_controller@ip-172-31-51-228"} 1 654.92578125 0.0 669.6328125 654.92578125 663.26171875 17
stats: {load,"tsung_controller@ip-172-31-51-228"} 1 0.01171875 0.0 0.078125 0.0 0.025965073529411766 17
stats: {cpu,"tsung_controller@ip-172-31-51-228"} 1 1.14713216957606 0.0 4.427005998693354 0.25 0.9530517294624578 17
stats: session 33 17765.593545454547 3765.578097324083 32033.565 1367.268 10610.624619808306 313
stats: users_count 40 415
stats: finish_users_count 33 346
stats: request 264 1409.5788257575769 1210.362853833376 5050.196 3.295 358.91961402214025 2710
stats: 200 230 2606
stats: connect 39 1.4790256410256408 0.8655128755853816 13.495 0.951 1.44884 375
stats: page 133 2856.4443082706753 3499.36110893485 12059.724 3.295 668.7582410917361 1319
stats: size_rcv 550090 6294362
stats: newphase 0 2
stats: size_sent 179187 2026645
stats: connected 7 69
stats: 201 34 368
# stats: dump at 1670037713
stats: users 128 128
stats: {freemem,"tsung_controller@ip-172-31-51-228"} 1 648.8671875 0.0 669.6328125 648.8671875 662.7986111111111 18
stats: {load,"tsung_controller@ip-172-31-51-228"} 1 0.01171875 0.0 0.078125 0.0 0.025173611111111112 18
stats: {cpu,"tsung_controller@ip-172-31-51-228"} 1 1.6417910447761193 0.0 4.427005998693354 0.25 0.9638339761354356 18
stats: session 17 21052.21911764706 6538.534872797015 34290.95 1367.268 11293.034950867053 346
stats: users_count 76 491
stats: finish_users_count 17 363
stats: request 205 2615.1075951219505 1451.1834558020323 5795.672 3.295 452.1859327505045 2974
stats: connect 77 1.4280129870129874 0.6318164597352435 13.495 0.951 1.451683574879227 414
stats: page 89 4139.285539325843 3561.6533369544595 12833.136 3.295 869.1454634986225 1452
stats: 200 187 2793
stats: size_rcv 566349 6860711
stats: newphase 1 3
stats: size_sent 156156 2182801
stats: connected 59 128
stats: 201 18 386
# stats: dump at 1670037723
stats: users 191 191
stats: {freemem,"tsung_controller@ip-172-31-51-228"} 1 649.04296875 0.0 669.6328125 648.8671875 662.0653782894736 19
stats: {load,"tsung_controller@ip-172-31-51-228"} 1 0.0 0.0 0.078125 0.0 0.02446546052631579 19
stats: {cpu,"tsung_controller@ip-172-31-51-228"} 1 1.5896671634376554 0.0 4.427005998693354 0.25 0.9995159271165243 19
stats: session 13 30356.093692307688 6685.651269982678 46616.316 1367.268 11750.076633608815 363
stats: users_count 76 567
stats: finish_users_count 13 376
stats: 200 171 2964
stats: request 184 5522.209722826085 1360.168997984951 8226.744 3.295 591.6634227744574 3179
stats: connect 76 1.423907894736842 0.8187114904986464 13.495 0.951 1.4479714867617106 491
stats: page 74 8591.689972972972 4413.859317439812 17868.297 3.295 1058.0114380272548 1541
stats: size_rcv 287779 7148490
stats: newphase 0 3
stats: size_sent 144926 2327727
stats: connected 63 191
stats: 201 13 399
# stats: dump at 1670037733
stats: users 254 254
stats: {freemem,"tsung_controller@ip-172-31-51-228"} 1 642.41015625 0.0 669.6328125 642.41015625 661.4142578125 20
stats: {load,"tsung_controller@ip-172-31-51-228"} 1 0.0 0.0 0.078125 0.0 0.0232421875 20
stats: {cpu,"tsung_controller@ip-172-31-51-228"} 1 1.3930348258706469 0.0 4.427005998693354 0.25 1.0290234889325809 20
stats: session 18 28804.981222222224 9491.829338354035 46616.316 1367.268 12393.369776595746 376
stats: users_count 81 648
stats: finish_users_count 18 394
stats: request 482 3303.1005954356883 4221.904340235981 11439.679 0.629 861.4286678560809 3363
stats: connect 80 1.698399999999999 2.1091519243525347 17.075 0.951 1.4447460317460317 567
stats: page 192 5710.850270833329 7576.093347897228 26852.379 0.708 1403.2078538699686 1615
stats: 200 171 3135
stats: size_rcv 410398 7558888
stats: newphase 0 3
stats: 502 295 295
stats: size_sent 233503 2561230
stats: connected 62 253
stats: 201 16 415
# stats: dump at 1670037743
stats: users 263 272
stats: {freemem,"tsung_controller@ip-172-31-51-228"} 1 633.625 0.0 669.6328125 633.625 660.5093005952381 21
stats: {load,"tsung_controller@ip-172-31-51-228"} 1 0.0 0.0 0.078125 0.0 0.022135416666666668 21
stats: {cpu,"tsung_controller@ip-172-31-51-228"} 1 1.7848289538919186 0.0 4.427005998693354 0.25 1.0463573621201079 21
stats: session 55 24137.028109090912 11831.20157030265 46616.316 1367.268 13143.138827411169 394
stats: users_count 64 712
stats: finish_users_count 55 449
stats: request 688 3438.804597383716 4441.247373720484 13197.146 0.629 1167.51081846554 3845
stats: connect 64 1.4015937500000002 0.7264893477959176 17.075 0.951 1.4761097372488405 647
stats: page 323 6845.00717027864 9126.404741500113 32494.374 0.68 1860.9097598229102 1807
stats: 200 260 3395
stats: size_rcv 797372 8356260
stats: newphase 0 3
stats: 502 403 698
stats: size_sent 359285 2920515
stats: connected 9 262
stats: 201 21 436
stats: 500 5 5
# stats: dump at 1670037753
stats: users 275 288
stats: {freemem,"tsung_controller@ip-172-31-51-228"} 1 623.66796875 0.0 669.6328125 623.66796875 659.2872869318181 22
stats: {load,"tsung_controller@ip-172-31-51-228"} 1 0.0 0.0 0.078125 0.0 0.021129261363636364 22
stats: {cpu,"tsung_controller@ip-172-31-51-228"} 1 2.0377733598409544 0.0 4.427005998693354 0.25 1.0799242526551902 22
stats: session 85 26778.44290588234 14171.276915721275 53791.759 1367.268 14489.829051224946 449
stats: users_count 97 809
stats: finish_users_count 85 534
stats: request 844 2242.452590047393 3029.214711713766 13197.146 0.627 1512.2383984116475 4533
stats: connect 98 1.324857142857142 0.39535440055830473 17.075 0.951 1.4694022503516173 711
stats: page 397 5368.7102418136 8966.407113189995 35738.74 0.68 2616.714202816901 2130
stats: 200 276 3671
stats: size_rcv 1045530 9401790
stats: newphase 0 3
stats: 502 531 1229
stats: size_sent 399994 3320509
stats: connected 13 275
stats: 201 36 472
stats: 500 0 5
# stats: dump at 1670037763
stats: users 260 288
stats: {freemem,"tsung_controller@ip-172-31-51-228"} 1 614.1484375 0.0 669.6328125 614.1484375 657.738620923913 23
stats: {load,"tsung_controller@ip-172-31-51-228"} 1 0.078125 0.0 0.078125 0.0 0.020210597826086956 23
stats: {cpu,"tsung_controller@ip-172-31-51-228"} 1 3.1080414405525407 0.0 4.427005998693354 0.25 1.121569866011093 23
stats: session 90 31827.877433333313 16404.276761270172 63809.534 1367.268 16445.881818352056 534
stats: users_count 75 884
stats: finish_users_count 90 624
stats: page 296 4305.414800675676 7903.65642826341 35738.74 0.645 3049.0618195488714 2527
stats: request 596 2746.8612382550336 3596.459376012854 13197.146 0.627 1626.8563596801187 5377
stats: 200 196 3867
stats: connect 75 1.3159466666666668 0.2773087758358101 17.075 0.951 1.4518924598269467 809
stats: size_rcv 794985 10196775
stats: newphase 0 3
stats: 502 364 1593
stats: size_sent 283913 3604422
stats: connected -15 260
stats: 201 31 503
stats: 500 5 10
# stats: dump at 1670037773
stats: users 336 336
stats: {freemem,"tsung_controller@ip-172-31-51-228"} 1 611.51953125 0.0 669.6328125 611.51953125 655.92236328125 24
stats: {load,"tsung_controller@ip-172-31-51-228"} 1 0.0703125 0.0 0.078125 0.0 0.022623697916666668 24
stats: {cpu,"tsung_controller@ip-172-31-51-228"} 1 2.6719445818901533 0.0 4.427005998693354 0.25 1.20433951495032 24
stats: session 101 29473.482881188116 19759.013875261433 71343.152 1012.591 18664.438878205125 624
stats: users_count 177 1061
stats: finish_users_count 101 725
stats: request 986 1884.920931034477 3694.384128527386 13197.146 0.619 1738.6130828729279 5973
stats: connect 167 1.4310119760479039 0.6764642312376904 17.075 0.939 1.4403585972850677 884
stats: page 482 4396.318358921156 8582.451577854054 35738.74 0.641 3180.794190223166 2823
stats: 200 184 4051
stats: size_rcv 930972 11127747
stats: newphase 1 4
stats: 502 774 2367
stats: size_sent 349302 3953724
stats: connected 72 332
stats: 201 27 530
stats: 500 1 11
# stats: dump at 1670037783
stats: users 336 355
stats: {freemem,"tsung_controller@ip-172-31-51-228"} 1 608.6171875 0.0 669.6328125 608.6171875 654.14625 25
stats: {load,"tsung_controller@ip-172-31-51-228"} 1 0.05859375 0.0 0.078125 0.0 0.02453125 25
stats: {cpu,"tsung_controller@ip-172-31-51-228"} 1 4.311611954924057 0.0 4.427005998693354 0.25 1.2630437176279132 25
stats: session 160 22259.103637499993 18499.51217228094 71343.152 644.846 20170.250525517236 725
stats: users_count 160 1221
stats: finish_users_count 160 885
stats: request 1372 1350.7822128279897 3394.0036172368796 13350.55 0.605 1759.3430064664453 6959
stats: connect 166 1.4338373493975893 0.7248565733012529 17.075 0.939 1.4388734538534727 1051
stats: page 681 2552.755886930983 6970.99925780376 37778.572 0.623 3358.0657936459893 3305
stats: 200 167 4218
stats: size_rcv 832045 11959792
stats: newphase 0 4
stats: 502 1176 3543
stats: size_sent 438031 4391755
stats: connected 14 346
stats: 201 19 549
stats: 500 10 21
# stats: dump at 1670037793
stats: users 339 355
stats: {freemem,"tsung_controller@ip-172-31-51-228"} 1 607.55078125 0.0 669.6328125 607.55078125 652.3951322115385 26
stats: {load,"tsung_controller@ip-172-31-51-228"} 1 0.05078125 0.0 0.078125 0.0 0.025841346153846152 26
stats: {cpu,"tsung_controller@ip-172-31-51-228"} 1 5.021940516821063 0.0 5.021940516821063 0.25 1.3802963421393033 26
stats: session 145 23243.355406896568 18012.615711653878 73673.807 644.846 20547.8962858757 885
stats: users_count 148 1369
stats: finish_users_count 145 1030
stats: request 1224 1727.3080727124172 3506.841709734533 13716.26 0.605 1692.0587178009837 8331
stats: connect 147 1.340986394557823 0.5493992016813359 17.075 0.939 1.438186524239934 1217
stats: page 618 3822.6866715210376 8226.52693526029 41429.413 0.623 3220.4802325639725 3986
stats: 200 229 4447
stats: size_rcv 1042387 13002179
stats: newphase 0 4
stats: 502 966 4509
stats: size_sent 425878 4817633
stats: connected -5 341
stats: 201 16 565
stats: 500 13 34
# stats: dump at 1670037803
stats: users 331 355
stats: {freemem,"tsung_controller@ip-172-31-51-228"} 1 606.98828125 0.0 669.6328125 606.98828125 650.734230324074 27
stats: {load,"tsung_controller@ip-172-31-51-228"} 1 0.0390625 0.0 0.078125 0.0 0.026765046296296297 27
stats: {cpu,"tsung_controller@ip-172-31-51-228"} 1 3.9764359351988214 0.0 5.021940516821063 0.25 1.5151720523127017 27
stats: session 164 23438.635524390233 15527.031723991882 75964.315 644.846 20927.354123300967 1030
stats: users_count 156 1525
stats: finish_users_count 164 1194
stats: connect 153 1.4889869281045747 1.321678948027542 17.075 0.939 1.4277111436950145 1364
stats: page 611 2792.4349328968906 6581.343494104939 41802.462 0.623 3301.315067332753 4604
stats: 200 246 4693
stats: request 1235 1571.0166105263168 3155.425397344081 13716.26 0.605 1696.5741767660904 9555
stats: size_rcv 1019592 14021771
stats: newphase 0 4
stats: 502 966 5475
stats: size_sent 457970 5275603
stats: connected -11 330
stats: 201 23 588
stats: 500 0 34
# stats: dump at 1670037813
stats: users 326 355
stats: {freemem,"tsung_controller@ip-172-31-51-228"} 1 604.1328125 0.0 669.6328125 604.1328125 649.171875 28
stats: {load,"tsung_controller@ip-172-31-51-228"} 1 0.109375 0.0 0.109375 0.0 0.027204241071428572 28
stats: {cpu,"tsung_controller@ip-172-31-51-228"} 1 5.762711864406779 0.0 5.762711864406779 0.25 1.603074333844349 28
stats: session 139 21021.702661870502 14377.767816314219 75964.315 644.846 21272.287247068674 1194
stats: users_count 134 1659
stats: finish_users_count 139 1333
stats: request 1132 1688.9253153710274 3370.8162963054674 13716.26 0.605 1682.203130027803 10790
stats: connect 139 1.4336618705035968 0.7491605715248477 17.075 0.939 1.4338912326961106 1517
stats: page 556 3397.4170107913665 7736.399906778859 41802.462 0.623 3241.6936364333646 5215
stats: 200 210 4903
stats: size_rcv 936787 14958558
stats: newphase 0 4
stats: 502 893 6368
stats: size_sent 414414 5690017
stats: connected 0 330
stats: 201 26 614
stats: 500 3 37
# stats: dump at 1670037823
stats: users 318 355
stats: {freemem,"tsung_controller@ip-172-31-51-228"} 1 607.671875 0.0 669.6328125 604.1328125 647.6188038793103 29
stats: {load,"tsung_controller@ip-172-31-51-228"} 1 0.16015625 0.0 0.16015625 0.0 0.030037715517241378 29
stats: {cpu,"tsung_controller@ip-172-31-51-228"} 1 3.9744847890088324 0.0 5.762711864406779 0.25 1.746510110760295 29
stats: session 145 21681.626248275847 15171.159803669878 75964.315 644.846 21246.157271567892 1333
stats: users_count 137 1796
stats: finish_users_count 145 1478
stats: request 1198 1652.231071786312 3322.4515003791957 13716.26 0.605 1682.8414049656096 11922
stats: connect 136 1.3697941176470592 0.8101653890487158 17.075 0.939 1.4338719806763283 1656
stats: page 606 3526.49166831683 7973.878427451224 41802.462 0.623 3256.6966161843693 5771
stats: 200 221 5124
stats: size_rcv 1061704 16020262
stats: newphase 0 4
stats: 502 946 7314
stats: size_sent 451086 6141103
stats: connected -11 319
stats: 201 29 643
stats: 500 2 39
# stats: dump at 1670037833
stats: users 425 427
stats: {freemem,"tsung_controller@ip-172-31-51-228"} 1 608.27734375 0.0 669.6328125 604.1328125 646.2872395833333 30
stats: {load,"tsung_controller@ip-172-31-51-228"} 1 0.140625 0.0 0.16015625 0.0 0.034375 30
stats: {cpu,"tsung_controller@ip-172-31-51-228"} 1 3.104977821586989 0.0 5.762711864406779 0.25 1.8207759333685796 30
stats: session 186 21434.160026881702 15639.328453663355 75964.315 644.846 21288.879194181325 1478
stats: users_count 293 2089
stats: finish_users_count 186 1664
stats: request 1780 1030.4816735955046 2817.3293666196246 13716.26 0.605 1680.046345579268 13120
stats: 200 200 5324
stats: connect 285 1.4006526315789476 0.8249894089921486 17.075 0.939 1.4290089285714285 1792
stats: size_rcv 1136403 17156665
stats: newphase 1 5
stats: 502 1556 8870
stats: size_sent 530028 6671131
stats: connected 102 421
stats: 201 19 662
stats: 500 5 44
stats: page 882 2332.34413718821 6401.453388058202 41802.462 0.623 3282.3349730280684 6377
# stats: dump at 1670037843
stats: users 496 498
stats: {freemem,"tsung_controller@ip-172-31-51-228"} 1 605.640625 0.0 669.6328125 604.1328125 645.0611139112904 31
stats: {load,"tsung_controller@ip-172-31-51-228"} 1 0.19140625 0.0 0.19140625 0.0 0.03780241935483871 31
stats: {cpu,"tsung_controller@ip-172-31-51-228"} 1 5.82476749877631 0.0 5.82476749877631 0.25 1.8622018007304637 31
stats: session 249 17367.472108433733 15044.98709447015 75979.698 644.846 21305.11851802884 1664
stats: users_count 320 2409
stats: finish_users_count 249 1913
stats: request 2368 732.343622043918 2507.682560144133 13716.26 0.605 1602.4473444966438 14900
stats: connect 318 1.461018867924528 1.1869664519836134 17.075 0.939 1.425117958594126 2077
stats: page 1122 1357.1088868092681 4717.9647638761435 41802.462 0.623 3166.9069640446337 7259
stats: 200 175 5499
stats: size_rcv 1084626 18241291
stats: newphase 0 5
stats: 502 2173 11043
stats: size_sent 612529 7283660
stats: connected 70 491
stats: 201 16 678
stats: 500 4 48
# stats: dump at 1670037853
stats: users 480 504
stats: {freemem,"tsung_controller@ip-172-31-51-228"} 1 596.828125 0.0 669.6328125 596.828125 643.8292236328125 32
stats: {load,"tsung_controller@ip-172-31-51-228"} 1 0.23828125 0.0 0.23828125 0.0 0.0426025390625 32
stats: {cpu,"tsung_controller@ip-172-31-51-228"} 1 10.200190657769303 0.0 10.200190657769303 0.25 1.9860319787943965 32
stats: session 298 14825.94303691275 10568.002586232862 75979.698 644.846 20792.5863925771 1913
stats: users_count 282 2691
stats: finish_users_count 298 2211
stats: request 2307 1022.5122063285645 2899.4821690387284 13892.771 0.603 1483.1280478341437 17268
stats: connect 282 1.339663120567375 0.6004599861963211 17.075 0.939 1.4298847599164926 2395
stats: page 1174 2184.366192504251 6425.286449324947 41802.462 0.623 2924.6216230760047 8381
stats: 200 245 5744
stats: size_rcv 1355424 19596715
stats: newphase 0 5
stats: 502 2029 13072
stats: size_sent 659088 7942748
stats: connected -15 476
stats: 201 22 700
stats: 500 11 59
# stats: dump at 1670037863
stats: users 455 504
stats: {freemem,"tsung_controller@ip-172-31-51-228"} 1 592.69140625 0.0 669.6328125 592.69140625 642.4049479166666 33
stats: {load,"tsung_controller@ip-172-31-51-228"} 1 0.19921875 0.0 0.23828125 0.0 0.04853219696969697 33
stats: {cpu,"tsung_controller@ip-172-31-51-228"} 1 8.827785817655572 0.0 10.200190657769303 0.25 2.2349458781572724 33
stats: session 305 16454.53940000001 11720.077045838521 75979.698 644.846 19988.39836906377 2211
stats: users_count 280 2971
stats: finish_users_count 305 2516
stats: request 2346 815.9360277067339 2234.7656407152103 13892.771 0.603 1428.84244137931 19575
stats: connect 284 1.4254330985915493 0.774090283268665 17.075 0.92 1.420380649981322 2677
stats: page 1182 1637.1966802030433 4982.73005411501 41802.462 0.623 2833.668208581893 9555
stats: 200 260 6004
stats: size_rcv 1600015 21196730
stats: newphase 0 5
stats: 502 2054 15126
stats: size_sent 690496 8633244
stats: connected -22 454
stats: 201 27 727
stats: 500 5 64
# stats: dump at 1670037873
stats: users 462 504
stats: {freemem,"tsung_controller@ip-172-31-51-228"} 1 591.43359375 0.0 669.6328125 591.43359375 640.9427849264706 34
stats: {load,"tsung_controller@ip-172-31-51-228"} 1 0.171875 0.0 0.23828125 0.0 0.052964154411764705 34
stats: {cpu,"tsung_controller@ip-172-31-51-228"} 1 8.046534173533688 0.0 10.200190657769303 0.25 2.42885293520134 34
stats: session 301 16687.876259136203 12212.03544880712 75979.698 644.846 19560.009265103337 2516
stats: users_count 308 3279
stats: finish_users_count 301 2817
stats: request 2454 782.389418092909 2090.923037793378 13892.771 0.603 1363.2487893344276 21921
stats: connect 309 1.3715922330097068 0.7447621948850285 17.075 0.92 1.42086524822695 2961
stats: page 1206 1699.1735679933636 4899.502432498479 41802.462 0.613 2701.952706435688 10737
stats: 200 289 6293
stats: size_rcv 1601124 22797854
stats: newphase 0 5
stats: 502 2135 17261
stats: size_sent 735862 9369106
stats: connected 14 468
stats: 201 30 757
stats: 500 0 64
# stats: dump at 1670037883
stats: users 496 504
stats: {freemem,"tsung_controller@ip-172-31-51-228"} 1 586.49609375 0.0 669.6328125 586.49609375 639.5282366071428 35
stats: {load,"tsung_controller@ip-172-31-51-228"} 1 0.1484375 0.0 0.23828125 0.0 0.056361607142857144 35
stats: {cpu,"tsung_controller@ip-172-31-51-228"} 1 9.07774022211492 0.0 10.200190657769303 0.25 2.589358113439407 35
stats: session 284 15840.82652464788 11368.145026379767 75979.698 644.846 19253.11823393681 2817
stats: users_count 318 3597
stats: finish_users_count 284 3101
stats: request 2490 742.3452562249013 2159.6667320394736 13892.771 0.603 1304.7696550974354 24375
stats: connect 318 1.3104056603773584 0.6726779175227007 17.075 0.92 1.416209174311926 3270
stats: page 1232 1553.2526615259728 4505.7764534741755 41802.462 0.613 2600.692416645732 11943
stats: 200 239 6532
stats: size_rcv 1696230 24494084
stats: newphase 0 5
stats: 502 2215 19476
stats: size_sent 733264 10102370
stats: connected 27 495
stats: 201 36 793
stats: 500 0 64
# stats: dump at 1670037893
stats: users 733 739
stats: {freemem,"tsung_controller@ip-172-31-51-228"} 1 585.109375 0.0 669.6328125 585.109375 638.0551215277778 36
stats: {load,"tsung_controller@ip-172-31-51-228"} 1 0.19921875 0.0 0.23828125 0.0 0.058919270833333336 36
stats: {cpu,"tsung_controller@ip-172-31-51-228"} 1 8.583899127061105 0.0 10.200190657769303 0.25 2.769590949791505 36
stats: session 354 14365.55058757062 10439.01561690472 75979.698 644.846 18940.609093195737 3101
stats: users_count 591 4188
stats: finish_users_count 354 3455
stats: connect 586 1.3393600682593874 0.7056127768320696 17.075 0.915 1.4068319397993305 3588
stats: page 1821 1038.5152751235573 3733.044888586435 41802.462 0.613 2502.7458680075883 13175
stats: 200 261 6793
stats: request 3819 480.136465305054 1765.509927979211 13892.771 0.6 1252.6409838451511 26865
stats: size_rcv 2024785 26518869
stats: newphase 1 6
stats: 502 3541 23017
stats: size_sent 962857 11065227
stats: connected 236 731
stats: 201 17 810
stats: 500 0 64
# stats: dump at 1670037903
stats: users 753 770
stats: {freemem,"tsung_controller@ip-172-31-51-228"} 1 581.7265625 0.0 669.6328125 581.7265625 636.6241554054054 37
stats: {load,"tsung_controller@ip-172-31-51-228"} 1 0.171875 0.0 0.23828125 0.0 0.06271114864864864 37
stats: {cpu,"tsung_controller@ip-172-31-51-228"} 1 12.764932562620423 0.0 12.764932562620423 0.25 2.926734414042035 37
stats: session 613 11642.486285481229 8618.033683119855 75979.698 644.846 18471.847671780022 3455
stats: users_count 633 4821
stats: finish_users_count 613 4068
stats: request 5160 388.5820560077525 1671.224298688392 14227.191 0.597 1156.4933252509447 30684
stats: 200 248 7041
stats: connect 632 1.8066851265822768 2.1932071858426756 28.485 0.892 1.3973593675131766 4174
stats: page 2528 842.4039691455698 3240.1237373712165 41802.462 0.612 2324.940859362495 14996
stats: size_rcv 2433878 28952747
stats: newphase 0 6
stats: 502 4879 27896
stats: size_sent 1236812 12302039
stats: connected 27 758
stats: 201 29 839
stats: 500 4 68
# stats: dump at 1670037913
stats: users 788 800
stats: {freemem,"tsung_controller@ip-172-31-51-228"} 1 570.15234375 0.0 669.6328125 570.15234375 635.1794819078947 38
stats: {load,"tsung_controller@ip-172-31-51-228"} 1 0.140625 0.0 0.23828125 0.0 0.06558388157894737 38
stats: {cpu,"tsung_controller@ip-172-31-51-228"} 1 15.070422535211266 0.0 15.070422535211266 0.25 3.1856343653204138 38
stats: session 612 12841.299019607854 8850.417286456548 75979.698 642.78 17442.742821779735 4068
stats: users_count 647 5468
stats: finish_users_count 612 4680
stats: request 5136 413.1590700934584 1724.0362399578369 14227.191 0.597 1045.9470092902575 35844
stats: 200 266 7307
stats: connect 684 1.3046491228070156 0.6802241350916763 28.485 0.892 1.4511866416978771 4806
stats: page 2560 851.7706902343768 3237.18455349782 41802.462 0.612 2111.0711230883344 17524
stats: size_rcv 2763397 31716144
stats: newphase 0 6
stats: 502 4839 32735
stats: size_sent 1229032 13531071
stats: connected -3 755
stats: 201 31 870
stats: 500 0 68
# stats: dump at 1670037923
stats: users 744 828
stats: {freemem,"tsung_controller@ip-172-31-51-228"} 1 562.21875 0.0 669.6328125 562.21875 633.5121193910255 39
stats: {load,"tsung_controller@ip-172-31-51-228"} 1 0.12109375 0.0 0.23828125 0.0 0.06750801282051282 39
stats: {cpu,"tsung_controller@ip-172-31-51-228"} 1 15.925394548063126 0.0 15.925394548063126 0.25 3.490372523522743 39
stats: session 663 11964.396920060335 7442.576826821832 75979.698 497.731 16841.015555341874 4680
stats: users_count 619 6087
stats: finish_users_count 663 5343
stats: request 5156 340.57768017843233 1527.106296447557 14227.191 0.597 966.6400581991213 40980
stats: connect 731 1.298129958960328 0.5733363116028185 28.485 0.839 1.4329295081967206 5490
stats: page 2579 625.9018045754166 2646.7920400647904 41802.462 0.607 1950.5548360884275 20084
stats: 200 232 7539
stats: size_rcv 2607837 34323981
stats: newphase 0 6
stats: 502 4899 37634
stats: size_sent 1157299 14688370
stats: connected -13 742
stats: 201 25 895
stats: 500 0 68
# stats: dump at 1670037933
stats: users 763 828
stats: {freemem,"tsung_controller@ip-172-31-51-228"} 1 567.51171875 0.0 669.6328125 562.21875 631.7297851562499 40
stats: {load,"tsung_controller@ip-172-31-51-228"} 1 0.171875 0.0 0.23828125 0.0 0.06884765625 40
stats: {cpu,"tsung_controller@ip-172-31-51-228"} 1 14.721549636803873 0.0 15.925394548063126 0.25 3.801248074136253 40
stats: session 611 12243.595929623574 7593.04090337682 75979.698 497.731 16235.88769548942 5343
stats: users_count 630 6717
stats: finish_users_count 611 5954
stats: request 4935 419.8682016210752 1622.386741968895 14227.191 0.597 896.6734893358763 46136
stats: connect 647 1.2897820710973709 0.621154126318908 28.485 0.839 1.4170898569361832 6221
stats: page 2466 880.7068422546624 3258.133803455059 41802.462 0.607 1799.8122085337325 22663
stats: 200 308 7847
stats: size_rcv 2573478 36897459
stats: newphase 0 6
stats: 502 4603 42237
stats: size_sent 1218667 15907037
stats: connected 22 764
stats: 201 24 919
stats: 500 0 68
# stats: dump at 1670037943
stats: users 746 828
stats: {freemem,"tsung_controller@ip-172-31-51-228"} 1 568.9453125 0.0 669.6328125 562.21875 630.1634908536585 41
stats: {load,"tsung_controller@ip-172-31-51-228"} 1 0.30859375 0.0 0.30859375 0.0 0.07136051829268293 41
stats: {cpu,"tsung_controller@ip-172-31-51-228"} 1 15.119617224880383 0.0 15.925394548063126 0.25 4.067596892737902 41
stats: session 638 12314.077133228851 7820.162545847231 75979.698 497.731 15826.198365804497 5954
stats: users_count 621 7338
stats: finish_users_count 638 6592
stats: connect 620 1.340293548387097 0.6423581487369013 28.485 0.839 1.4050968258590557 6868
stats: page 2508 829.8821658692187 2992.537782654807 41802.462 0.607 1709.6170621592573 25129
stats: 200 311 8158
stats: request 4981 408.08078658903855 1528.3381560079915 14227.191 0.597 850.5997078381075 51071
stats: size_rcv 2657308 39554767
stats: newphase 0 6
stats: 502 4629 46866
stats: size_sent 1204642 17111679
stats: connected -14 750
stats: 201 41 960
stats: 500 0 68
# stats: dump at 1670037953
stats: users 329 828
stats: {freemem,"tsung_controller@ip-172-31-51-228"} 1 574.109375 0.0 669.6328125 562.21875 628.7059151785713 42
stats: {load,"tsung_controller@ip-172-31-51-228"} 1 0.26171875 0.0 0.30859375 0.0 0.07700892857142858 42
stats: {cpu,"tsung_controller@ip-172-31-51-228"} 1 15.103415103415102 0.0 15.925394548063126 0.25 4.33074023397939 42
stats: session 485 13332.889016494848 7291.907762095188 75979.698 497.731 15486.281292627426 6592
stats: users_count 68 7406
stats: finish_users_count 485 7077
stats: page 1301 1364.7996887009997 3347.629818066189 41802.462 0.607 1629.7829586062157 27637
stats: 200 402 8560
stats: size_rcv 2066724 41621491
stats: request 2281 917.7515738711112 2033.113164663457 14227.191 0.597 811.2757453257688 56052
stats: newphase 0 6
stats: 502 1842 48708
stats: connect 78 1.4185769230769232 0.8806728563889522 28.485 0.839 1.399731169871794 7488
stats: size_sent 759925 17871604
stats: connected -415 335
stats: 201 35 995
stats: 500 3 71
# stats: dump at 1670037963
stats: users 111 828
stats: {freemem,"tsung_controller@ip-172-31-51-228"} 1 579.5390625 0.0 669.6328125 562.21875 627.4362281976744 43
stats: {load,"tsung_controller@ip-172-31-51-228"} 1 0.21875 0.0 0.30859375 0.0 0.08130450581395349 43
stats: {cpu,"tsung_controller@ip-172-31-51-228"} 1 6.9936862554638175 0.0 15.925394548063126 0.25 4.5812675565244065 43
stats: session 218 21188.408591743115 7278.897123036735 75979.698 497.731 15338.7053064858 7077
stats: users_count 0 7406
stats: finish_users_count 218 7295
stats: page 430 3973.7557395348867 6009.632042011737 41802.462 0.607 1617.8697913470173 28938
stats: 200 527 9087
stats: size_rcv 2356655 43978146
stats: newphase 0 6
stats: request 596 2376.08719798658 1495.2354450956102 14227.191 0.597 815.4392782301612 58333
stats: 502 2 48710
stats: size_sent 312993 18184597
stats: connect 0 0 0 28.485 0.839 1.3999254559873109 7566
stats: connected -222 113
stats: 201 66 1061
stats: 500 0 71
# stats: dump at 1670037973
stats: users 24 828
stats: {freemem,"tsung_controller@ip-172-31-51-228"} 1 584.6171875 0.0 669.6328125 562.21875 626.34765625 44
stats: {load,"tsung_controller@ip-172-31-51-228"} 1 0.1796875 0.0 0.30859375 0.0 0.08442826704545454 44
stats: {cpu,"tsung_controller@ip-172-31-51-228"} 1 3.027295285359801 0.0 15.925394548063126 0.25 4.636095254227575 44
stats: session 87 28975.277965517245 5402.097928060979 75979.698 497.731 15513.514808361891 7295
stats: users_count 0 7406
stats: finish_users_count 87 7382
stats: request 287 1350.8838850174218 1781.445069102562 14227.191 0.597 831.223461911792 58929
stats: page 224 3780.8873214285713 6457.356657618483 41802.462 0.607 1652.364171547262 29368
stats: 200 250 9337
stats: size_rcv 1906644 45884790
stats: newphase 0 6
stats: 502 0 48710
stats: size_sent 178834 18363431
stats: connected -89 24
stats: 201 37 1098
stats: 500 0 71
stats: connect 0 0 0 28.485 0.839 1.3999254559873109 7566
# stats: dump at 1670037983
stats: users 2 828
stats: {freemem,"tsung_controller@ip-172-31-51-228"} 1 594.5078125 0.0 669.6328125 562.21875 625.4203125 45
stats: {load,"tsung_controller@ip-172-31-51-228"} 1 0.16015625 0.0 0.30859375 0.0 0.08654513888888889 45
stats: {cpu,"tsung_controller@ip-172-31-51-228"} 1 1.7412935323383085 0.0 15.925394548063126 0.25 4.600344143808291 45
stats: session 22 35102.28599999999 4203.672346074638 75979.698 497.731 15672.1673950149 7382
stats: users_count 0 7406
stats: finish_users_count 22 7404
stats: request 30 5.101466666666667 1.3902141497705391 14227.191 0.597 833.7420808902998 59216
stats: connect 0 0 0 28.485 0.839 1.3999254559873109 7566
stats: page 30 5.101466666666667 1.3902141497705391 41802.462 0.607 1668.476268924033 29592
stats: 200 30 9367
stats: size_rcv 8013 45892803
stats: newphase 0 6
stats: 502 0 48710
stats: size_sent 25765 18389196
stats: connected -22 2
stats: 201 0 1098
stats: 500 0 71
# stats: dump at 1670037985
stats: users 0 828
stats: {freemem,"tsung_controller@ip-172-31-51-228"} 1 600.48046875 0.0 669.6328125 562.21875 624.7483016304348 46
stats: {load,"tsung_controller@ip-172-31-51-228"} 1 0.12890625 0.0 0.30859375 0.0 0.08814538043478261 46
stats: {cpu,"tsung_controller@ip-172-31-51-228"} 1 0.2997002997002997 0.0 15.925394548063126 0.25 4.5381908696459 46
stats: session 2 44409.715 3123.1830000000027 75979.698 497.731 15729.90140491626 7404
stats: users_count 0 7406
stats: finish_users_count 2 7406
stats: request 2 7.077999999999999 2.717 14227.191 0.597 833.3224876953717 59246
stats: connect 0 0 0 28.485 0.839 1.3999254559873109 7566
stats: page 2 7.077999999999999 2.717 41802.462 0.607 1666.7916681520487 29622
stats: 200 2 9369
stats: size_rcv 78 45892881
stats: newphase 0 6
stats: 502 0 48710
stats: size_sent 1856 18391052
stats: connected -2 0
stats: 201 0 1098
stats: 500 0 71
EndMonitor:{1670,37985,510526}
