# stats: dump at 1669964410
stats: users 15 15
stats: {cpu,"tsung_controller@ip-172-31-57-100"} 1 32.54403696217153 0 32.54403696217153 32.54403696217153 0 0
stats: {freemem,"tsung_controller@ip-172-31-57-100"} 1 689.80078125 0 689.80078125 689.80078125 0 0
stats: {load,"tsung_controller@ip-172-31-57-100"} 1 0.55859375 0 0.55859375 0.55859375 0 0
stats: users_count 15 15
stats: finish_users_count 0 0
stats: 200 12 12
stats: request 12 758.7030833333333 273.6576604517216 1150.236 324.173 0 0
stats: size_rcv 3194 3194
stats: connect 14 2.907071428571428 5.879616878484099 24.1 1.176 0 0
stats: size_sent 11636 11636
stats: connected 14 14
# stats: dump at 1669964420
stats: users 25 25
stats: {cpu,"tsung_controller@ip-172-31-57-100"} 1 0.34930139720558884 0.0 32.54403696217153 0.34930139720558884 32.54403696217153 1
stats: {freemem,"tsung_controller@ip-172-31-57-100"} 1 690.49609375 0.0 690.49609375 689.80078125 689.80078125 1
stats: {load,"tsung_controller@ip-172-31-57-100"} 1 0.55078125 0.0 0.55859375 0.55078125 0.55859375 1
stats: users_count 10 25
stats: finish_users_count 0 0
stats: request 9 6527.8838888888895 3353.6250192186376 12771.943 324.173 758.7030833333333 12
stats: connect 10 1.3257999999999999 0.10736088673255263 24.1 1.176 2.907071428571428 14
stats: page 4 9812.96225 3651.764608366096 13612.836 6111.546 0 0
stats: 200 4 16
stats: size_rcv 1422952 1426146
stats: size_sent 6936 18572
stats: connected 10 24
stats: 500 5 5
# stats: dump at 1669964430
stats: users 30 30
stats: {cpu,"tsung_controller@ip-172-31-57-100"} 1 0.24975024975024976 0.0 32.54403696217153 0.24975024975024976 16.44666917968856 2
stats: {freemem,"tsung_controller@ip-172-31-57-100"} 1 689.4296875 0.0 690.49609375 689.4296875 690.1484375 2
stats: {load,"tsung_controller@ip-172-31-57-100"} 1 0.4609375 0.0 0.55859375 0.4609375 0.5546875 2
stats: users_count 5 30
stats: finish_users_count 0 0
stats: request 30 6843.418066666665 4792.111708304757 23351.764 324.173 3231.209142857143 21
stats: connect 6 1.4971666666666668 0.19092181354913024 24.1 1.176 2.248208333333333 24
stats: page 10 13515.8593 5358.580468544651 23900.636 6111.546 9812.96225 4
stats: 200 6 22
stats: size_rcv 2138390 3564536
stats: size_sent 13927 32499
stats: connected 6 30
stats: 500 24 29
# stats: dump at 1669964440
stats: users 40 40
stats: {cpu,"tsung_controller@ip-172-31-57-100"} 1 0.29985007496251875 0.0 32.54403696217153 0.24975024975024976 11.047696203042456 3
stats: {freemem,"tsung_controller@ip-172-31-57-100"} 1 687.64453125 0.0 690.49609375 687.64453125 689.9088541666666 3
stats: {load,"tsung_controller@ip-172-31-57-100"} 1 0.390625 0.0 0.55859375 0.390625 0.5234375 3
stats: users_count 10 40
stats: finish_users_count 0 0
stats: request 40 6510.546199999999 5569.463993419317 30566.566 94.95 5356.037921568626 51
stats: connect 8 1.3022500000000001 0.043068985360697754 24.1 1.176 2.098 30
stats: page 12 15006.306999999999 9681.322045928257 31690.307 94.95 12457.888714285713 14
stats: 200 6 28
stats: size_rcv 1432216 4996752
stats: size_sent 17341 49840
stats: connected 8 38
stats: 500 34 63
# stats: dump at 1669964450
stats: users 46 47
stats: {cpu,"tsung_controller@ip-172-31-57-100"} 1 0.2001000500250125 0.0 32.54403696217153 0.2001000500250125 8.360734671022472 4
stats: {freemem,"tsung_controller@ip-172-31-57-100"} 1 685.7578125 0.0 690.49609375 685.7578125 689.3427734375 4
stats: {load,"tsung_controller@ip-172-31-57-100"} 1 0.328125 0.0 0.55859375 0.328125 0.490234375 4
stats: session 5 41081.6578 2755.4320520662754 45184.48 37188.252 0 0
stats: users_count 11 51
stats: finish_users_count 5 5
stats: page 20 14077.957450000002 14070.89968192434 41275.191 10.627 13634.081769230766 26
stats: 200 15 43
stats: request 49 7103.081346938778 8530.367264456809 35990.843 10.627 5863.514087912086 91
stats: connect 13 1.4021538461538463 0.3839518892445222 24.1 1.176 1.9304736842105263 38
stats: size_rcv 2908523 7905275
stats: size_sent 27441 77281
stats: connected 9 47
stats: 201 1 1
stats: 500 33 96
# stats: dump at 1669964460
stats: users 50 53
stats: {cpu,"tsung_controller@ip-172-31-57-100"} 1 0.4995004995004995 0.0 32.54403696217153 0.2001000500250125 6.728607746822981 5
stats: {freemem,"tsung_controller@ip-172-31-57-100"} 1 682.4375 0.0 690.49609375 682.4375 688.62578125 5
stats: {load,"tsung_controller@ip-172-31-57-100"} 1 0.28125 0.0 0.55859375 0.28125 0.4578125 5
stats: session 5 45003.759000000005 8306.299373098973 55974.54 35965.525 41081.6578 5
stats: users_count 9 60
stats: finish_users_count 5 10
stats: request 72 5447.898444444444 5891.031918986531 38087.706 10.627 6297.362628571428 140
stats: page 34 11612.058176470588 12044.205711270508 43137.955 10.627 13827.071195652172 46
stats: 200 21 64
stats: size_rcv 1446358 9351633
stats: size_sent 33044 110325
stats: connected 3 50
stats: 201 1 2
stats: 500 50 146
stats: connect 9 1.3286666666666667 0.2724049273497901 24.1 1.176 1.7958039215686277 51
# stats: dump at 1669964470
stats: users 59 59
stats: {cpu,"tsung_controller@ip-172-31-57-100"} 1 0.40060090135202797 0.0 32.54403696217153 0.2001000500250125 5.690423205602567 6
stats: {freemem,"tsung_controller@ip-172-31-57-100"} 1 679.85546875 0.0 690.49609375 679.85546875 687.5944010416666 6
stats: {load,"tsung_controller@ip-172-31-57-100"} 1 0.23828125 0.0 0.55859375 0.23828125 0.4283854166666667 6
stats: session 7 48514.63357142856 4117.082720779253 58221.441 35965.525 43042.7084 10
stats: users_count 16 76
stats: finish_users_count 7 17
stats: 200 22 86
stats: request 64 6325.381062499998 8055.091949022196 39629.873 6.057 6008.865358490565 212
stats: size_rcv 2864260 12215893
stats: newphase 1 1
stats: size_sent 29714 140039
stats: connect 15 1.5356 0.4253909260903434 24.1 1.176 1.7257333333333336 60
stats: connected 8 58
stats: 201 1 3
stats: 500 41 187
stats: page 30 12559.25686666667 14095.349965204474 44750.34 6.057 12885.6906625 80
# stats: dump at 1669964480
stats: users 65 65
stats: {cpu,"tsung_controller@ip-172-31-57-100"} 1 0.5 0.0 32.54403696217153 0.2001000500250125 4.934734304995347 7
stats: {freemem,"tsung_controller@ip-172-31-57-100"} 1 680.1328125 0.0 690.49609375 679.85546875 686.4888392857143 7
stats: {load,"tsung_controller@ip-172-31-57-100"} 1 0.19921875 0.0 0.55859375 0.19921875 0.40122767857142855 7
stats: session 5 52626.6684 12802.54708164074 68100.863 35212.461 45295.85405882353 17
stats: users_count 11 87
stats: finish_users_count 5 22
stats: page 28 14049.928392857144 14123.3696518976 44750.34 6.057 12796.663263636365 110
stats: 200 29 115
stats: request 92 7368.605260869558 7102.848594262036 39629.873 6.057 6082.260304347825 276
stats: connect 11 1.8255454545454546 1.705955736590669 24.1 1.152 1.687706666666667 75
stats: size_rcv 2176069 14391962
stats: newphase 0 1
stats: size_sent 43407 183446
stats: connected 6 64
stats: 201 3 6
stats: 500 60 247
# stats: dump at 1669964490
stats: users 74 76
stats: {cpu,"tsung_controller@ip-172-31-57-100"} 1 0.5002501250625313 0.0 32.54403696217153 0.2001000500250125 4.380392516870929 8
stats: {freemem,"tsung_controller@ip-172-31-57-100"} 1 679.2265625 0.0 690.49609375 679.2265625 685.6943359375 8
stats: {load,"tsung_controller@ip-172-31-57-100"} 1 0.171875 0.0 0.55859375 0.171875 0.3759765625 8
stats: session 9 58807.31366666666 16603.21033981186 77655.699 30878.611 46961.948227272725 22
stats: users_count 18 105
stats: finish_users_count 9 31
stats: 200 32 147
stats: request 85 4580.998058823527 4490.8760884348485 39629.873 5.642 6403.846543478258 368
stats: size_rcv 745126 15137088
stats: newphase 0 1
stats: connect 18 1.2814999999999999 0.10187315097163181 24.1 1.152 1.7053372093023258 86
stats: size_sent 39534 222980
stats: connected 11 75
stats: page 52 13332.485173076926 13561.187300543374 44750.34 5.642 13050.948942028986 138
stats: 201 1 7
stats: 500 53 300
# stats: dump at 1669964500
stats: users 76 80
stats: {cpu,"tsung_controller@ip-172-31-57-100"} 1 0.49975012493753124 0.0 32.54403696217153 0.2001000500250125 3.9492655844477733 9
stats: {freemem,"tsung_controller@ip-172-31-57-100"} 1 677.96484375 0.0 690.49609375 677.96484375 684.9756944444445 9
stats: {load,"tsung_controller@ip-172-31-57-100"} 1 0.140625 0.0 0.55859375 0.140625 0.3532986111111111 9
stats: session 17 57517.19158823529 13981.684037593299 94009.031 30878.611 50400.92529032258 31
stats: users_count 19 124
stats: finish_users_count 17 48
stats: request 89 6683.1988089887645 6424.194604830359 39629.873 5.642 6061.810955849887 453
stats: connect 20 1.6360499999999996 0.9096483097879091 24.1 1.152 1.6319807692307695 104
stats: page 46 10199.09097826087 12341.442765526232 44750.34 5.642 13128.000963157896 190
stats: 200 41 188
stats: size_rcv 2165503 17302591
stats: newphase 0 1
stats: size_sent 43925 266905
stats: connected 1 76
stats: 201 0 7
stats: 500 47 347
# stats: dump at 1669964510
stats: users 89 90
stats: {cpu,"tsung_controller@ip-172-31-57-100"} 1 0.400200100050025 0.0 32.54403696217153 0.2001000500250125 3.6043140384967494 10
stats: {freemem,"tsung_controller@ip-172-31-57-100"} 1 676.859375 0.0 690.49609375 676.859375 684.274609375 10
stats: {load,"tsung_controller@ip-172-31-57-100"} 1 0.12109375 0.0 0.55859375 0.12109375 0.33203125 10
stats: session 8 60933.40250000001 16275.414379783262 94009.031 30878.611 52921.26960416666 48
stats: users_count 21 145
stats: finish_users_count 8 56
stats: 200 31 219
stats: request 109 7850.812495412849 6700.440328444497 39629.873 5.642 6163.846968634684 542
stats: size_rcv 3585884 20888475
stats: newphase 0 1
stats: connect 21 1.2506666666666668 0.10436079054498677 24.1 1.124 1.6326370967741937 124
stats: size_sent 43200 310105
stats: connected 13 89
stats: page 56 15365.347125000002 11529.354408689926 44750.34 5.642 12557.111728813561 236
stats: 201 3 10
stats: 500 76 423
# stats: dump at 1669964520
stats: users 105 105
stats: {cpu,"tsung_controller@ip-172-31-57-100"} 1 0.5508262393590386 0.0 32.54403696217153 0.2001000500250125 3.3130309531834103 11
stats: {freemem,"tsung_controller@ip-172-31-57-100"} 1 673.140625 0.0 690.49609375 673.140625 683.6004971590909 11
stats: {load,"tsung_controller@ip-172-31-57-100"} 1 0.1015625 0.0 0.55859375 0.1015625 0.31285511363636365 11
stats: session 7 57528.05300000001 16377.601531030754 94009.031 30878.611 54065.86001785714 56
stats: users_count 23 168
stats: finish_users_count 7 63
stats: request 107 6049.358682242988 3717.425861080165 39629.873 5.642 6446.303562211981 651
stats: page 37 11545.545 10293.382642609642 44750.34 5.642 13095.677421232878 292
stats: 200 22 241
stats: size_rcv 791589 21680064
stats: newphase 0 1
stats: size_sent 49265 359370
stats: connected 16 105
stats: 201 0 10
stats: 500 84 507
stats: connect 23 1.2858695652173913 0.14395781518203474 24.1 1.124 1.5773172413793104 145
# stats: dump at 1669964530
stats: users 132 133
stats: {cpu,"tsung_controller@ip-172-31-57-100"} 1 0.4 0.0 32.54403696217153 0.2001000500250125 3.0828472270313796 12
stats: {freemem,"tsung_controller@ip-172-31-57-100"} 1 672.3515625 0.0 690.49609375 672.3515625 682.7288411458334 12
stats: {load,"tsung_controller@ip-172-31-57-100"} 1 0.078125 0.0 0.55859375 0.078125 0.2952473958333333 12
stats: session 5 61916.286400000005 15272.004363534721 94009.031 30878.611 54450.54812698412 63
stats: users_count 32 200
stats: finish_users_count 5 68
stats: request 91 9494.077043956044 5361.799870182435 39629.873 5.642 6390.27044591029 758
stats: page 31 18137.029548387094 12213.163465024973 44750.34 5.642 12921.346419452888 329
stats: connect 31 1.330870967741936 0.21694116073637143 24.1 1.112 1.5374166666666667 168
stats: 200 18 259
stats: size_rcv 2167496 23847560
stats: newphase 1 2
stats: size_sent 46816 406186
stats: connected 27 132
stats: 201 2 12
stats: 500 71 578
# stats: dump at 1669964540
stats: users 163 163
stats: {cpu,"tsung_controller@ip-172-31-57-100"} 1 0.7492507492507493 0.0 32.54403696217153 0.2001000500250125 2.876474363413581 13
stats: {freemem,"tsung_controller@ip-172-31-57-100"} 1 671.6015625 0.0 690.49609375 671.6015625 681.9305889423077 13
stats: {load,"tsung_controller@ip-172-31-57-100"} 1 0.0703125 0.0 0.55859375 0.0703125 0.2785456730769231 13
stats: session 6 60979.699166666665 4872.747233333695 94009.031 30878.611 54999.49947058823 68
stats: users_count 37 237
stats: finish_users_count 6 74
stats: page 39 20409.762333333332 12821.938545371351 47647.128 5.642 13370.47468888889 360
stats: 200 23 282
stats: size_rcv 2872765 26720325
stats: request 113 10628.608752212382 5171.480461696244 40062.206 5.642 6722.951718492343 849
stats: newphase 0 2
stats: size_sent 45983 452169
stats: connected 31 163
stats: connect 38 1.4012894736842105 0.44913565574068787 24.1 1.106 1.5052412060301508 199
stats: 201 0 12
stats: 500 90 668
# stats: dump at 1669964550
stats: users 198 198
stats: {cpu,"tsung_controller@ip-172-31-57-100"} 1 0.6509764646970456 0.0 32.54403696217153 0.2001000500250125 2.724529819544807 14
stats: {freemem,"tsung_controller@ip-172-31-57-100"} 1 672.0390625 0.0 690.49609375 671.6015625 681.1928013392857 14
stats: {load,"tsung_controller@ip-172-31-57-100"} 1 0.05859375 0.0 0.55859375 0.05859375 0.263671875 14
stats: session 2 77012.969 13871.634000000004 94009.031 30878.611 55484.380527027024 74
stats: users_count 37 274
stats: finish_users_count 2 76
stats: 200 17 299
stats: size_rcv 2166234 28886559
stats: request 93 13060.50665591398 5229.548205953706 41319.516 5.642 7181.724322245321 962
stats: newphase 0 2
stats: size_sent 39180 491349
stats: connect 36 1.4886388888888888 0.6815037764947037 24.1 1.075 1.4885738396624473 237
stats: connected 34 197
stats: 201 2 14
stats: 500 74 742
stats: page 37 25876.490756756753 13006.871110798156 55753.317 5.642 14058.525360902255 399
# stats: dump at 1669964560
stats: users 218 218
stats: {cpu,"tsung_controller@ip-172-31-57-100"} 1 0.5997001499250375 0.0 32.54403696217153 0.2001000500250125 2.586292929221623 15
stats: {freemem,"tsung_controller@ip-172-31-57-100"} 1 669.23046875 0.0 690.49609375 669.23046875 680.5825520833333 15
stats: {load,"tsung_controller@ip-172-31-57-100"} 1 0.05078125 0.0 0.55859375 0.05078125 0.25 15
stats: session 10 68441.781 16574.39339879777 96869.097 30143.253 56050.92232894737 76
stats: users_count 30 304
stats: finish_users_count 10 86
stats: request 190 8348.007994736845 7567.28378000794 41319.516 0.64 7699.94873649289 1055
stats: connect 30 1.3436 0.2876165966467628 24.1 1.075 1.4885824175824178 273
stats: page 89 15528.100101123595 14793.180338359452 55753.317 0.731 15061.426094036697 436
stats: 200 18 317
stats: size_rcv 767505 29654064
stats: newphase 0 2
stats: 502 81 81
stats: size_sent 51439 542788
stats: connected 20 217
stats: 201 0 14
stats: 500 91 833
# stats: dump at 1669964570
stats: users 230 230
stats: {cpu,"tsung_controller@ip-172-31-57-100"} 1 0.4992511233150275 0.0 32.54403696217153 0.2001000500250125 2.4621308805155864 16
stats: {freemem,"tsung_controller@ip-172-31-57-100"} 1 667.4296875 0.0 690.49609375 667.4296875 679.873046875 16
stats: {load,"tsung_controller@ip-172-31-57-100"} 1 0.0390625 0.0 0.55859375 0.0390625 0.237548828125 16
stats: session 23 59100.75034782607 28936.95078804266 109905.669 2299.907 57491.71984883721 86
stats: users_count 35 339
stats: finish_users_count 23 109
stats: request 314 5982.383917197445 8943.997256461735 42458.184 0.64 7798.849346184739 1245
stats: connect 36 1.7308611111111114 1.5521324247767037 24.1 1.075 1.4742277227722775 303
stats: page 145 11550.29339310345 16673.88500174498 55753.317 0.731 15140.538449523809 525
stats: 200 34 351
stats: size_rcv 3713020 33367084
stats: newphase 0 2
stats: 502 207 288
stats: size_sent 84110 626898
stats: connected 13 230
stats: 201 1 15
stats: 500 72 905
# stats: dump at 1669964580
stats: users 240 240
stats: {cpu,"tsung_controller@ip-172-31-57-100"} 1 0.8995502248875562 0.0 32.54403696217153 0.2001000500250125 2.346667365386142 17
stats: {freemem,"tsung_controller@ip-172-31-57-100"} 1 664.55078125 0.0 690.49609375 664.55078125 679.1410845588235 17
stats: {load,"tsung_controller@ip-172-31-57-100"} 1 0.0390625 0.0 0.55859375 0.0390625 0.22587316176470587 17
stats: session 38 52938.429210526316 32077.63550751913 113154.929 2299.907 57831.24004587155 109
stats: users_count 48 387
stats: finish_users_count 38 147
stats: request 388 5249.9911262886635 8111.832515060933 45505.624 0.626 7432.99293521488 1559
stats: connect 47 1.3724893617021274 0.7034660654260271 24.1 1.075 1.5014808259587022 339
stats: page 195 12029.536035897438 16372.15607818368 57889.566 0.72 14363.54511641791 670
stats: 200 38 389
stats: size_rcv 1546913 34913997
stats: newphase 0 2
stats: 502 265 553
stats: size_sent 88216 715114
stats: connected 9 239
stats: 201 1 16
stats: 500 84 989
# stats: dump at 1669964590
stats: users 262 264
stats: {cpu,"tsung_controller@ip-172-31-57-100"} 1 1.1482775836245633 0.0 32.54403696217153 0.2001000500250125 2.266271968691776 18
stats: {freemem,"tsung_controller@ip-172-31-57-100"} 1 659.31640625 0.0 690.49609375 659.31640625 678.3305121527778 18
stats: {load,"tsung_controller@ip-172-31-57-100"} 1 0.03125 0.0 0.55859375 0.03125 0.21549479166666666 18
stats: session 53 49606.62515094338 29720.34594460024 113154.929 2299.907 56566.43180272108 147
stats: users_count 75 462
stats: finish_users_count 53 200
stats: request 568 3695.697191901405 6993.384346360125 48009.291 0.626 6997.962271700051 1947
stats: connect 75 1.4349466666666673 0.4875508833160108 24.1 1.031 1.4857746113989638 386
stats: page 267 7439.469760299628 14260.578341503946 65068.499 0.665 13837.38121965318 865
stats: 200 67 456
stats: size_rcv 2331423 37245420
stats: newphase 1 3
stats: 502 424 977
stats: size_sent 151937 867051
stats: connected 24 263
stats: 201 0 16
stats: 500 77 1066
# stats: dump at 1669964600
stats: users 273 279
stats: {cpu,"tsung_controller@ip-172-31-57-100"} 1 1.001001001001001 0.0 32.54403696217153 0.2001000500250125 2.207430158951396 19
stats: {freemem,"tsung_controller@ip-172-31-57-100"} 1 659.1015625 0.0 690.49609375 659.1015625 677.3297697368421 19
stats: {load,"tsung_controller@ip-172-31-57-100"} 1 0.01953125 0.0 0.55859375 0.01953125 0.20579769736842105 19
stats: session 71 39307.07718309861 29703.06928014574 113154.929 1661.723 54722.08304 200
stats: users_count 82 544
stats: finish_users_count 71 271
stats: request 691 2328.6519536903024 5774.054806079402 49019.07 0.626 6252.162444532802 2515
stats: page 328 5470.42425914634 12610.933005946057 65636.426 0.665 12328.333198763252 1132
stats: connect 82 1.4219390243902439 0.6990438129184292 24.1 0.988 1.4775054229934927 461
stats: 200 34 490
stats: size_rcv 1638011 38883431
stats: newphase 0 3
stats: 502 584 1561
stats: size_sent 149844 1016895
stats: connected 15 278
stats: 201 0 16
stats: 500 75 1141
# stats: dump at 1669964610
stats: users 261 279
stats: {cpu,"tsung_controller@ip-172-31-57-100"} 1 1.6467065868263475 0.0 32.54403696217153 0.2001000500250125 2.1471087010538765 20
stats: {freemem,"tsung_controller@ip-172-31-57-100"} 1 656.75390625 0.0 690.49609375 656.75390625 676.418359375 20
stats: {load,"tsung_controller@ip-172-31-57-100"} 1 0.171875 0.0 0.55859375 0.01953125 0.196484375 20
stats: session 86 37709.29858139534 32331.024563928702 119625.59 1358.798 50683.46526937269 271
stats: users_count 74 618
stats: finish_users_count 86 357
stats: request 594 3001.554513468013 6720.066779499131 51657.482 0.626 5406.514986899562 3206
stats: connect 75 1.4332933333333335 0.6701431841695389 24.1 0.977 1.4691141804788217 543
stats: page 310 5763.142106451609 13293.370970899143 67420.66 0.663 10787.65228630137 1460
stats: 200 51 541
stats: size_rcv 1659851 40543282
stats: newphase 0 3
stats: 502 482 2043
stats: size_sent 155579 1172474
stats: connected -17 261
stats: 201 3 19
stats: 500 56 1197
# stats: dump at 1669964620
stats: users 262 279
stats: {cpu,"tsung_controller@ip-172-31-57-100"} 1 0.9018036072144289 0.0 32.54403696217153 0.2001000500250125 2.123280028947804 21
stats: {freemem,"tsung_controller@ip-172-31-57-100"} 1 658.59765625 0.0 690.49609375 656.75390625 675.4819568452381 21
stats: {load,"tsung_controller@ip-172-31-57-100"} 1 0.140625 0.0 0.55859375 0.01953125 0.1953125 21
stats: session 83 41261.62874698794 33435.74307682033 128899.908 1358.798 47558.03575910364 357
stats: users_count 84 702
stats: finish_users_count 83 440
stats: request 636 3942.014507861635 7642.648785198224 51657.482 0.617 5030.581691842105 3800
stats: page 323 6547.353551083592 14029.411627472107 76656.715 0.661 9907.653328248587 1770
stats: 200 121 662
stats: size_rcv 3798447 44341729
stats: newphase 0 3
stats: 502 475 2518
stats: size_sent 183180 1355654
stats: connected 1 262
stats: 201 5 24
stats: 500 35 1232
stats: connect 84 1.3670714285714287 0.5471502967913949 24.1 0.977 1.4647669902912623 618
# stats: dump at 1669964630
stats: users 266 279
stats: {cpu,"tsung_controller@ip-172-31-57-100"} 1 1.3052208835341366 0.0 32.54403696217153 0.2001000500250125 2.0677583734144687 22
stats: {freemem,"tsung_controller@ip-172-31-57-100"} 1 656.6796875 0.0 690.49609375 656.6796875 674.7144886363636 22
stats: {load,"tsung_controller@ip-172-31-57-100"} 1 0.12109375 0.0 0.55859375 0.01953125 0.19282670454545456 22
stats: session 80 35372.889175000004 28684.144928201447 128899.908 1228.071 46370.304436363636 440
stats: users_count 84 786
stats: finish_users_count 80 520
stats: connect 84 1.4588690476190485 0.6515972825033568 24.1 0.977 1.4530769230769234 702
stats: page 321 5959.869598130844 12959.572290482283 76656.715 0.654 9389.078637362638 2093
stats: 200 44 706
stats: request 648 2550.952220679015 5594.753820411994 51657.482 0.617 4874.5111938683485 4436
stats: size_rcv 919297 45261026
stats: newphase 0 3
stats: 502 525 3043
stats: size_sent 156494 1512148
stats: connected 4 266
stats: 201 4 28
stats: 500 75 1307
# stats: dump at 1669964640
stats: users 268 279
stats: {cpu,"tsung_controller@ip-172-31-57-100"} 1 1.2048192771084338 0.0 32.54403696217153 0.2001000500250125 2.034604569506628 23
stats: {freemem,"tsung_controller@ip-172-31-57-100"} 1 655.2890625 0.0 690.49609375 655.2890625 673.9303668478261 23
stats: {load,"tsung_controller@ip-172-31-57-100"} 1 0.1015625 0.0 0.55859375 0.01953125 0.18970788043478262 23
stats: session 73 35212.38697260274 27955.21614206336 128899.908 971.883 44678.394396153846 520
stats: users_count 75 861
stats: finish_users_count 73 593
stats: request 623 3364.6611268057745 6232.6407966771985 51657.482 0.617 4578.353401848937 5084
stats: connect 73 1.4247123287671228 0.4233612233831056 24.1 0.977 1.453695928753181 786
stats: page 306 7223.740983660129 13666.733475525987 76656.715 0.654 8933.081909279206 2414
stats: 200 72 778
stats: size_rcv 2346924 47607950
stats: newphase 0 3
stats: 502 460 3503
stats: size_sent 188552 1700700
stats: connected 8 274
stats: 201 4 32
stats: 500 87 1394
# stats: dump at 1669964650
stats: users 323 327
stats: {cpu,"tsung_controller@ip-172-31-57-100"} 1 1.500750375187594 0.0 32.54403696217153 0.2001000500250125 2.00003018232337 24
stats: {freemem,"tsung_controller@ip-172-31-57-100"} 1 654.6171875 0.0 690.49609375 654.6171875 673.1536458333334 24
stats: {load,"tsung_controller@ip-172-31-57-100"} 1 0.16015625 0.0 0.55859375 0.01953125 0.18603515625 24
stats: session 91 33950.0882087912 28749.63277271061 128899.908 971.883 43513.10174536257 593
stats: users_count 146 1007
stats: finish_users_count 91 684
stats: request 920 1650.5797510869559 4606.446960146847 51657.482 0.617 4445.861674610126 5707
stats: connect 140 1.5554714285714295 0.9339281361375658 24.1 0.971 1.45123282887078 859
stats: page 439 3541.4727881548947 10246.52960537886 76656.715 0.654 8740.78105514706 2720
stats: 200 53 831
stats: size_rcv 1713315 49321265
stats: newphase 1 4
stats: 502 799 4302
stats: size_sent 220619 1921319
stats: connected 46 320
stats: 201 0 32
stats: 500 68 1462
# stats: dump at 1669964660
stats: users 328 342
stats: {cpu,"tsung_controller@ip-172-31-57-100"} 1 1.7543859649122806 0.0 32.54403696217153 0.2001000500250125 1.980058990037939 25
stats: {freemem,"tsung_controller@ip-172-31-57-100"} 1 654.92578125 0.0 690.49609375 654.6171875 672.4121875 25
stats: {load,"tsung_controller@ip-172-31-57-100"} 1 0.2109375 0.0 0.55859375 0.01953125 0.185 25
stats: session 158 22116.145677215205 22074.289132315673 128899.908 413.495 42240.82947660819 684
stats: users_count 163 1170
stats: finish_users_count 158 842
stats: page 641 3320.2058361934455 10064.466203340391 76656.715 0.645 8018.243439062995 3159
stats: 200 63 894
stats: request 1283 1522.0810701480893 5128.287080340978 53565.264 0.617 4057.803824958501 6627
stats: connect 166 1.453337349397591 0.7996358474987363 24.1 0.844 1.465840840840841 999
stats: size_rcv 3258475 52579740
stats: newphase 0 4
stats: 502 1164 5466
stats: size_sent 277711 2199030
stats: connected 11 331
stats: 201 3 35
stats: 500 54 1516
# stats: dump at 1669964670
stats: users 318 346
stats: {cpu,"tsung_controller@ip-172-31-57-100"} 1 2.1021021021021022 0.0 32.54403696217153 0.2001000500250125 1.9713792583023368 26
stats: {freemem,"tsung_controller@ip-172-31-57-100"} 1 652.984375 0.0 690.49609375 652.984375 671.7396334134615 26
stats: {load,"tsung_controller@ip-172-31-57-100"} 1 0.1796875 0.0 0.55859375 0.01953125 0.18599759615384615 26
stats: session 174 22335.853856321843 21015.893552763933 128899.908 413.495 38464.463633016625 842
stats: users_count 164 1334
stats: finish_users_count 174 1016
stats: connect 165 1.3909757575757573 0.4266516988593594 24.1 0.844 1.4640592274678115 1165
stats: 200 73 967
stats: request 1308 1657.989013761467 4966.392150816557 53565.264 0.613 3646.5102352718063 7910
stats: page 660 3428.7042106060594 10382.719974547677 76656.715 0.645 7225.758675 3800
stats: size_rcv 2555320 55135060
stats: newphase 0 4
stats: 502 1155 6621
stats: size_sent 289176 2488206
stats: connected -11 320
stats: 201 2 37
stats: 500 77 1593
# stats: dump at 1669964680
stats: users 359 361
stats: {cpu,"tsung_controller@ip-172-31-57-100"} 1 1.9509754877438719 0.0 32.54403696217153 0.2001000500250125 1.9762208451097354 27
stats: {freemem,"tsung_controller@ip-172-31-57-100"} 1 653.08203125 0.0 690.49609375 652.984375 671.0449942129629 27
stats: {load,"tsung_controller@ip-172-31-57-100"} 1 0.1484375 0.0 0.55859375 0.01953125 0.1857638888888889 27
stats: session 146 17834.508595890413 20223.562577376782 128899.908 413.495 35702.28046259842 1016
stats: users_count 187 1521
stats: finish_users_count 146 1162
stats: request 1424 1082.105359550562 3872.991026661466 53565.264 0.613 3364.3464516164013 9218
stats: page 685 2040.4865635036483 7239.416381719722 76656.715 0.641 6663.862722869955 4460
stats: 200 32 999
stats: size_rcv 1210349 56345409
stats: newphase 0 4
stats: 502 1313 7934
stats: size_sent 299938 2788144
stats: connected 39 359
stats: 201 1 38
stats: 500 79 1672
stats: connect 184 1.4292771739130448 0.6718078985263927 24.1 0.844 1.4549924812030077 1330
# stats: dump at 1669964690
stats: users 344 372
stats: {cpu,"tsung_controller@ip-172-31-57-100"} 1 3.0045067601402105 0.0 32.54403696217153 0.2001000500250125 1.9753192252038119 28
stats: {freemem,"tsung_controller@ip-172-31-57-100"} 1 648.6875 0.0 690.49609375 648.6875 670.4034598214286 28
stats: {load,"tsung_controller@ip-172-31-57-100"} 1 0.12890625 0.0 0.55859375 0.01953125 0.18443080357142858 28
stats: session 172 21167.03370348837 20500.353599654845 128899.908 413.495 33457.2764242685 1162
stats: users_count 157 1678
stats: finish_users_count 172 1334
stats: request 1347 1460.723064587974 5050.7740246872945 53565.264 0.613 3058.961062112384 10642
stats: connect 158 1.4346708860759492 0.5542060627947475 24.1 0.844 1.4518672391017176 1514
stats: page 672 2763.4248452380925 9075.613142285545 76656.715 0.641 6048.311183673469 5145
stats: 200 46 1045
stats: size_rcv 3271551 59616960
stats: newphase 0 4
stats: 502 1233 9167
stats: size_sent 272816 3060960
stats: connected -13 346
stats: 201 1 39
stats: 500 66 1738
# stats: dump at 1669964700
stats: users 330 372
stats: {cpu,"tsung_controller@ip-172-31-57-100"} 1 2.6593075765178122 0.0 32.54403696217153 0.2001000500250125 2.0108084505464463 29
stats: {freemem,"tsung_controller@ip-172-31-57-100"} 1 650.00390625 0.0 690.49609375 648.6875 669.6546336206897 29
stats: {load,"tsung_controller@ip-172-31-57-100"} 1 0.1796875 0.0 0.55859375 0.01953125 0.18251616379310345 29
stats: session 165 19148.699496969693 17623.3903503615 128899.908 413.495 31872.627437781106 1334
stats: users_count 151 1829
stats: finish_users_count 165 1499
stats: request 1277 1687.8874722004725 5225.6576779722 53565.264 0.613 2879.3942439736416 11989
stats: connect 155 1.3713806451612904 0.5623304305955505 24.1 0.844 1.450242224880383 1672
stats: page 644 2904.0633229813657 8830.239681504276 76656.715 0.641 5668.8297294137865 5817
stats: 200 56 1101
stats: size_rcv 2539781 62156741
stats: newphase 0 4
stats: 502 1138 10305
stats: size_sent 253143 3314103
stats: connected -11 335
stats: 201 3 42
stats: 500 80 1818
# stats: dump at 1669964710
stats: users 450 450
stats: {cpu,"tsung_controller@ip-172-31-57-100"} 1 2.7335984095427435 0.0 32.54403696217153 0.2001000500250125 2.032425088078825 30
stats: {freemem,"tsung_controller@ip-172-31-57-100"} 1 649.56640625 0.0 690.49609375 648.6875 668.999609375 30
stats: {load,"tsung_controller@ip-172-31-57-100"} 1 0.1484375 0.0 0.55859375 0.01953125 0.182421875 30
stats: session 182 19576.99606043955 18320.583087017425 128899.908 413.495 30472.06165376918 1499
stats: users_count 302 2131
stats: finish_users_count 182 1681
stats: request 1900 1034.8487773684212 3901.0116496277437 53565.264 0.603 2764.698469244685 13266
stats: 200 64 1165
stats: size_rcv 2023666 64180407
stats: connect 292 1.3867945205479453 0.6132679576785183 24.1 0.844 1.4435517241379312 1827
stats: newphase 1 5
stats: 502 1758 12063
stats: size_sent 386514 3700617
stats: page 905 2734.204551381217 9401.412801432534 76656.715 0.612 5393.251712737965 6461
stats: connected 111 446
stats: 201 1 43
stats: 500 77 1895
# stats: dump at 1669964720
stats: users 509 520
stats: {cpu,"tsung_controller@ip-172-31-57-100"} 1 3.75 0.0 32.54403696217153 0.2001000500250125 2.0550435823195965 31
stats: {freemem,"tsung_controller@ip-172-31-57-100"} 1 647.6796875 0.0 690.49609375 647.6796875 668.3727318548387 31
stats: {load,"tsung_controller@ip-172-31-57-100"} 1 0.12890625 0.0 0.55859375 0.01953125 0.1813256048387097 31
stats: session 290 16701.65318620689 19356.96958320786 128899.908 413.495 29292.465022010707 1681
stats: users_count 349 2480
stats: finish_users_count 290 1971
stats: connect 352 1.4143011363636364 1.067133674211002 24.1 0.844 1.4357305332704107 2119
stats: page 1316 1602.226517477203 6985.146694310017 76656.715 0.612 5066.5563989953835 7366
stats: 200 52 1217
stats: request 2692 715.3989197622584 3386.9707676354665 53565.264 0.603 2547.9824983515755 15166
stats: size_rcv 3691205 67871612
stats: newphase 0 5
stats: 502 2552 14615
stats: size_sent 497027 4197644
stats: connected 64 510
stats: 201 0 43
stats: 500 88 1983
# stats: dump at 1669964730
stats: users 489 520
stats: {cpu,"tsung_controller@ip-172-31-57-100"} 1 4.1792547834843905 0.0 32.54403696217153 0.2001000500250125 2.108010970372109 32
stats: {freemem,"tsung_controller@ip-172-31-57-100"} 1 646.953125 0.0 690.49609375 646.953125 667.72607421875 32
stats: {load,"tsung_controller@ip-172-31-57-100"} 1 0.109375 0.0 0.55859375 0.01953125 0.1796875 32
stats: session 338 16269.096062130182 16437.399783477096 128899.908 413.495 27439.935629629632 1971
stats: users_count 318 2798
stats: finish_users_count 338 2309
stats: request 2640 769.6256719696966 3429.2210023205826 53565.264 0.603 2271.730118826296 17858
stats: connect 317 1.3549211356466886 0.5817431518520745 24.1 0.831 1.432677863213274 2471
stats: page 1313 1558.79829017517 6755.870389438556 76656.715 0.612 4541.440282423404 8682
stats: 200 81 1298
stats: size_rcv 3030491 70902103
stats: newphase 0 5
stats: 502 2489 17104
stats: size_sent 514904 4712548
stats: connected -20 490
stats: 201 5 48
stats: 500 65 2048
# stats: dump at 1669964740
stats: users 478 520
stats: {cpu,"tsung_controller@ip-172-31-57-100"} 1 5.107661492238358 0.0 32.54403696217153 0.2001000500250125 2.170775934405815 33
stats: {freemem,"tsung_controller@ip-172-31-57-100"} 1 645.33203125 0.0 690.49609375 645.33203125 667.0965909090909 33
stats: {load,"tsung_controller@ip-172-31-57-100"} 1 0.08984375 0.0 0.55859375 0.01953125 0.17755681818181818 33
stats: session 330 15852.925024242431 15211.334369683158 128899.908 413.495 25804.706624079692 2309
stats: users_count 319 3117
stats: finish_users_count 330 2639
stats: connect 317 1.3521482649842274 0.5573131239084417 24.1 0.831 1.4238368005738882 2788
stats: page 1282 1641.111998439933 6312.651428918416 76656.715 0.612 4149.623480440219 9995
stats: request 2508 771.9341566985655 3307.2533175522917 53565.264 0.603 2078.2695012196305 20498
stats: 200 56 1354
stats: size_rcv 2267918 73170021
stats: newphase 0 5
stats: 502 2361 19465
stats: size_sent 467242 5179790
stats: connected -20 470
stats: 201 1 49
stats: 500 90 2138
# stats: dump at 1669964750
stats: users 459 520
stats: {cpu,"tsung_controller@ip-172-31-57-100"} 1 4.868355688027819 0.0 32.54403696217153 0.2001000500250125 2.2571549214008897 34
stats: {freemem,"tsung_controller@ip-172-31-57-100"} 1 644.88671875 0.0 690.49609375 644.88671875 666.4564568014706 34
stats: {load,"tsung_controller@ip-172-31-57-100"} 1 0.078125 0.0 0.55859375 0.01953125 0.17497702205882354 34
stats: session 325 14175.459987692326 13942.286913280837 128899.908 413.495 24560.26254376658 2639
stats: users_count 306 3423
stats: finish_users_count 325 2964
stats: request 2530 584.1948509881415 3045.541553510772 53565.264 0.603 1935.8593019647044 23006
stats: connect 313 1.4167188498402554 0.7023619786617179 24.1 0.831 1.4165178743961355 3105
stats: page 1265 1189.1687707509866 5575.168028742385 76656.715 0.612 3864.449079453754 11277
stats: 200 44 1398
stats: size_rcv 2221698 75391719
stats: newphase 0 5
stats: 502 2425 21890
stats: size_sent 478627 5658417
stats: connected -5 465
stats: 201 0 49
stats: 500 61 2199
# stats: dump at 1669964760
stats: users 503 520
stats: {cpu,"tsung_controller@ip-172-31-57-100"} 1 4.6222664015904575 0.0 32.54403696217153 0.2001000500250125 2.3317606575902303 35
stats: {freemem,"tsung_controller@ip-172-31-57-100"} 1 646.38671875 0.0 690.49609375 644.88671875 665.8401785714286 35
stats: {load,"tsung_controller@ip-172-31-57-100"} 1 0.05859375 0.0 0.55859375 0.01953125 0.17220982142857144 35
stats: session 280 14314.997367857137 12302.734186658508 128899.908 413.495 23421.578052968962 2964
stats: users_count 324 3747
stats: finish_users_count 280 3244
stats: request 2541 701.1149397874876 3375.5963850321214 53565.264 0.603 1801.9420455043853 25536
stats: connect 315 1.5128507936507933 1.2212294715498435 24.1 0.831 1.4165362785254536 3418
stats: page 1254 1511.7611124401922 6098.210404753643 76656.715 0.612 3594.617346834634 12542
stats: 200 33 1431
stats: size_rcv 2218565 77610284
stats: newphase 0 5
stats: 502 2428 24318
stats: size_sent 453828 6112245
stats: connected 27 492
stats: 201 0 49
stats: 500 80 2279
# stats: dump at 1669964770
stats: users 640 640
stats: {cpu,"tsung_controller@ip-172-31-57-100"} 1 3.4448327508736893 0.0 32.54403696217153 0.2001000500250125 2.395385817145792 36
stats: {freemem,"tsung_controller@ip-172-31-57-100"} 1 648.609375 0.0 690.49609375 644.88671875 665.2998046875 36
stats: {load,"tsung_controller@ip-172-31-57-100"} 1 0.05078125 0.0 0.55859375 0.01953125 0.16905381944444445 36
stats: session 367 15461.922713896447 14763.019454993128 128899.908 413.495 22635.559991368682 3244
stats: users_count 504 4251
stats: finish_users_count 367 3611
stats: connect 507 1.440295857988165 0.814222541074061 24.1 0.831 1.4246635413876239 3733
stats: page 1645 1292.4315477203627 5883.284826129385 76656.715 0.612 3405.29423013917 13796
stats: 200 71 1502
stats: size_rcv 4632141 82242425
stats: newphase 1 6
stats: 502 3257 27575
stats: size_sent 617615 6729860
stats: connected 143 635
stats: 201 2 51
stats: 500 48 2327
stats: request 3378 649.350187981055 3599.079297236865 53565.264 0.603 1702.3159574028562 28077
# stats: dump at 1669964780
stats: users 761 766
stats: {cpu,"tsung_controller@ip-172-31-57-100"} 1 8.121574489287493 0.0 32.54403696217153 0.2001000500250125 2.423749247787087 37
stats: {freemem,"tsung_controller@ip-172-31-57-100"} 1 633.671875 0.0 690.49609375 633.671875 664.8487119932432 37
stats: {load,"tsung_controller@ip-172-31-57-100"} 1 0.05078125 0.0 0.55859375 0.01953125 0.16585726351351351 37
stats: session 515 11191.561805825231 10524.393558137042 128899.908 413.495 21906.475283301024 3611
stats: users_count 636 4887
stats: finish_users_count 515 4126
stats: request 4867 445.0326722827194 2755.793099751462 53565.264 0.603 1589.2363716738196 31455
stats: connect 637 1.3045886970172695 0.5771399959653516 24.1 0.831 1.4265327830188679 4240
stats: page 2336 903.7341712328767 4720.511034676132 76656.715 0.611 3180.201353215464 15441
stats: 200 84 1586
stats: size_rcv 3024553 85266978
stats: newphase 0 6
stats: 502 4725 32300
stats: size_sent 907034 7636894
stats: connected 127 762
stats: 201 8 59
stats: 500 50 2377
# stats: dump at 1669964790
stats: users 767 782
stats: {cpu,"tsung_controller@ip-172-31-57-100"} 1 8.917835671342687 0.0 32.54403696217153 0.2001000500250125 2.5736920173002553 38
stats: {freemem,"tsung_controller@ip-172-31-57-100"} 1 624.69921875 0.0 690.49609375 624.69921875 664.0282689144736 38
stats: {load,"tsung_controller@ip-172-31-57-100"} 1 0.0390625 0.0 0.55859375 0.01953125 0.16282894736842105 38
stats: session 647 12419.19117156104 12056.244839083385 128899.908 413.495 20569.058792535143 4126
stats: users_count 653 5540
stats: finish_users_count 647 4773
stats: request 5160 387.49598120154974 2465.379518382385 53565.264 0.603 1435.917738202742 36322
stats: 200 59 1645
stats: connect 653 1.3494823889739656 0.6547025522523087 24.1 0.831 1.4106052901373798 4877
stats: page 2599 794.000033474415 4664.989857317739 76656.715 0.611 2881.0604780896656 17777
stats: size_rcv 3756896 89023874
stats: newphase 0 6
stats: 502 5020 37320
stats: size_sent 933069 8569963
stats: connected -1 761
stats: 201 1 60
stats: 500 80 2457
# stats: dump at 1669964800
stats: users 811 824
stats: {cpu,"tsung_controller@ip-172-31-57-100"} 1 10.35 0.0 32.54403696217153 0.2001000500250125 2.7363623674039075 39
stats: {freemem,"tsung_controller@ip-172-31-57-100"} 1 622.51171875 0.0 690.49609375 622.51171875 663.0198317307693 39
stats: {load,"tsung_controller@ip-172-31-57-100"} 1 0.03125 0.0 0.55859375 0.01953125 0.1596554487179487 39
stats: session 622 11765.406212218655 10338.39076336601 128899.908 413.495 19464.310342761364 4773
stats: users_count 666 6206
stats: finish_users_count 622 5395
stats: request 5394 361.07111290322666 2287.1262902779135 53565.264 0.594 1305.503190540475 41482
stats: 200 65 1710
stats: connect 726 1.3307809917355404 0.6879782675807998 24.1 0.831 1.4033877034358049 5530
stats: page 2634 766.8882164009119 4070.6018129697068 76656.715 0.611 2614.8516983706318 20376
stats: size_rcv 3133234 92157108
stats: newphase 0 6
stats: 502 5248 42568
stats: size_sent 958796 9528759
stats: connected 16 777
stats: 201 1 61
stats: 500 80 2537
# stats: dump at 1669964810
stats: users 746 824
stats: {cpu,"tsung_controller@ip-172-31-57-100"} 1 10.161779575328616 0.0 32.54403696217153 0.2001000500250125 2.9267033082188094 40
stats: {freemem,"tsung_controller@ip-172-31-57-100"} 1 620.98046875 0.0 690.49609375 620.98046875 662.00712890625 40
stats: {load,"tsung_controller@ip-172-31-57-100"} 1 0.03125 0.0 0.55859375 0.01953125 0.1564453125 40
stats: session 666 12626.632319819828 10087.760790021744 128899.908 221.639 18576.688772937905 5395
stats: users_count 601 6807
stats: finish_users_count 666 6061
stats: connect 637 1.3504034536891683 0.6924315191076243 24.1 0.831 1.3949617966751924 6256
stats: page 2504 748.5275019968033 4178.686619323153 76656.715 0.611 2403.3116804867445 23010
stats: 200 66 1776
stats: size_rcv 2981725 95138833
stats: newphase 0 6
stats: 502 4783 47351
stats: size_sent 875610 10404369
stats: connected -33 744
stats: 201 1 62
stats: 500 87 2624
stats: request 4937 386.7086183917365 2293.025150490206 53565.264 0.594 1196.827820910487 46876
# stats: dump at 1669964820
stats: users 748 824
stats: {cpu,"tsung_controller@ip-172-31-57-100"} 1 9.528585757271815 0.0 32.54403696217153 0.2001000500250125 3.103168583026365 41
stats: {freemem,"tsung_controller@ip-172-31-57-100"} 1 617.2578125 0.0 690.49609375 617.2578125 661.0064786585366 41
stats: {load,"tsung_controller@ip-172-31-57-100"} 1 0.01953125 0.0 0.55859375 0.01953125 0.15339176829268292 41
stats: session 614 12042.728949511395 9019.37711852604 128899.908 221.639 17922.87956690315 6061
stats: users_count 616 7423
stats: finish_users_count 614 6675
stats: connect 621 1.3838534621578118 0.7487168837988344 24.1 0.831 1.3908440446830121 6893
stats: page 2465 744.7654133874237 4099.140027049629 76656.715 0.611 2240.907526573645 25514
stats: request 4894 383.23184102983316 2390.732995621955 53565.264 0.594 1119.6356393569179 51813
stats: 200 81 1857
stats: size_rcv 3783845 98922678
stats: newphase 0 6
stats: 502 4746 52097
stats: size_sent 882579 11286948
stats: connected 5 749
stats: 201 1 63
stats: 500 66 2690
# stats: dump at 1669964830
stats: users 352 824
stats: {cpu,"tsung_controller@ip-172-31-57-100"} 1 8.623298033282904 0.0 32.54403696217153 0.2001000500250125 3.256154706222685 42
stats: {freemem,"tsung_controller@ip-172-31-57-100"} 1 615.6328125 0.0 690.49609375 615.6328125 659.96484375 42
stats: {load,"tsung_controller@ip-172-31-57-100"} 1 0.08984375 0.0 0.55859375 0.01953125 0.15020461309523808 42
stats: session 485 13900.583600000002 10413.807890981623 128899.908 221.639 17381.99380224719 6675
stats: users_count 89 7512
stats: finish_users_count 485 7160
stats: page 1307 1555.674775057385 6117.416932007658 76656.715 0.611 2109.094727366953 27979
stats: 200 80 1937
stats: request 2283 902.1546583442838 3533.4840100511574 53565.264 0.594 1056.0815774419382 56707
stats: connect 94 1.4541170212765968 0.7928078549160944 24.1 0.831 1.3902663029012516 7514
stats: size_rcv 2870232 101792910
stats: newphase 0 6
stats: 502 2113 54210
stats: size_sent 433479 11720427
stats: connected -395 354
stats: 201 5 68
stats: 500 85 2775
# stats: dump at 1669964840
stats: users 212 824
stats: {cpu,"tsung_controller@ip-172-31-57-100"} 1 3.006012024048096 0.0 32.54403696217153 0.2001000500250125 3.3809719928985045 43
stats: {freemem,"tsung_controller@ip-172-31-57-100"} 1 638.03515625 0.0 690.49609375 615.6328125 658.9338662790698 43
stats: {load,"tsung_controller@ip-172-31-57-100"} 1 0.21875 0.0 0.55859375 0.01953125 0.14880087209302323 43
stats: session 140 20100.43966428571 10144.582734284126 128899.908 221.639 17146.17202178771 7160
stats: users_count 0 7512
stats: finish_users_count 140 7300
stats: request 441 4624.246882086164 5859.639557927867 53565.264 0.594 1050.1243786573993 58990
stats: page 287 5190.884073170731 8472.911743168648 76656.715 0.611 2084.39624079765 29286
stats: 200 135 2072
stats: size_rcv 1698506 103491416
stats: newphase 0 6
stats: 502 226 54436
stats: size_sent 142575 11863002
stats: connected -140 214
stats: 201 8 76
stats: 500 72 2847
stats: connect 0 0 0 24.1 0.831 1.3910552050473193 7608
# stats: dump at 1669964850
stats: users 111 824
stats: {cpu,"tsung_controller@ip-172-31-57-100"} 1 0.9523809523809524 0.0 32.54403696217153 0.2001000500250125 3.3724501754246314 44
stats: {freemem,"tsung_controller@ip-172-31-57-100"} 1 644.0859375 0.0 690.49609375 615.6328125 658.4588955965909 44
stats: {load,"tsung_controller@ip-172-31-57-100"} 1 0.19140625 0.0 0.55859375 0.01953125 0.15039062499999997 44
stats: session 101 33126.0034950495 14014.816436044008 128899.908 221.639 17202.829209452055 7300
stats: users_count 0 7512
stats: finish_users_count 101 7401
stats: request 283 7729.96732508834 5524.613443012398 53565.264 0.594 1076.6456894886505 59431
stats: connect 0 0 0 24.1 0.831 1.3910552050473193 7608
stats: page 184 10946.233972826085 13739.765218931037 76656.715 0.611 2114.54407861901 29573
stats: 200 188 2260
stats: size_rcv 3143982 106635398
stats: newphase 0 6
stats: 502 0 54436
stats: size_sent 104451 11967453
stats: connected -103 111
stats: 201 24 100
stats: 500 71 2918
# stats: dump at 1669964860
stats: users 64 824
stats: {cpu,"tsung_controller@ip-172-31-57-100"} 1 0.9013520280420632 0.0 32.54403696217153 0.2001000500250125 3.318670859356994 45
stats: {freemem,"tsung_controller@ip-172-31-57-100"} 1 649.34375 0.0 690.49609375 615.6328125 658.1394965277777 45
stats: {load,"tsung_controller@ip-172-31-57-100"} 1 0.16015625 0.0 0.55859375 0.01953125 0.1513020833333333 45
stats: session 47 49682.22093617023 12725.928032048196 128899.908 221.639 17420.1296557222 7401
stats: users_count 0 7512
stats: finish_users_count 47 7448
stats: request 203 4149.165403940888 4831.658170710425 53565.264 0.594 1108.177491459289 59714
stats: connect 0 0 0 24.1 0.831 1.3910552050473193 7608
stats: page 138 12668.499702898547 16915.21513493718 76656.715 0.611 2169.1541179554383 29757
stats: 200 129 2389
stats: size_rcv 1601468 108236866
stats: newphase 0 6
stats: 502 0 54436
stats: size_sent 113978 12081431
stats: connected -46 65
stats: 201 22 122
stats: 500 52 2970
# stats: dump at 1669964870
stats: users 18 824
stats: {cpu,"tsung_controller@ip-172-31-57-100"} 1 0.5017561465127948 0.0 32.54403696217153 0.2001000500250125 3.2661204499805825 46
stats: {freemem,"tsung_controller@ip-172-31-57-100"} 1 656.30859375 0.0 690.49609375 615.6328125 657.9482846467391 46
stats: {load,"tsung_controller@ip-172-31-57-100"} 1 0.140625 0.0 0.55859375 0.01953125 0.1514945652173913 46
stats: session 46 51004.88654347826 9682.900650336189 128899.908 221.639 17623.716966433945 7448
stats: users_count 0 7512
stats: finish_users_count 46 7494
stats: connect 0 0 0 24.1 0.831 1.3910552050473193 7608
stats: page 128 8535.745382812504 14282.927371074695 76656.715 0.611 2217.6207408262244 29895
stats: 200 124 2513
stats: size_rcv 2370910 110607776
stats: request 154 2400.8326038961036 5530.787162505036 53565.264 0.594 1118.4804196137989 59917
stats: newphase 0 6
stats: 502 0 54436
stats: size_sent 89805 12171236
stats: connected -47 18
stats: 201 8 130
stats: 500 22 2992
# stats: dump at 1669964880
stats: users 3 824
stats: {cpu,"tsung_controller@ip-172-31-57-100"} 1 0.7492507492507493 0.0 32.54403696217153 0.2001000500250125 3.2073041882046724 47
stats: {freemem,"tsung_controller@ip-172-31-57-100"} 1 675.53125 0.0 690.49609375 615.6328125 657.913397606383 47
stats: {load,"tsung_controller@ip-172-31-57-100"} 1 0.109375 0.0 0.55859375 0.01953125 0.1512632978723404 47
stats: session 15 67023.26206666665 13176.641620378577 128899.908 221.639 17828.61872791567 7494
stats: users_count 0 7512
stats: finish_users_count 15 7509
stats: request 22 5.599772727272727 1.5009285287271699 53565.264 0.594 1121.7679000349585 60071
stats: connect 0 0 0 24.1 0.831 1.3910552050473193 7608
stats: 200 22 2535
stats: size_rcv 6842 110614618
stats: newphase 0 6
stats: 502 0 54436
stats: size_sent 18613 12189849
stats: connected -15 3
stats: 201 0 130
stats: 500 0 2992
stats: page 22 5.599772727272727 1.5009285287271699 76656.715 0.611 2244.557421177097 30023
# stats: dump at 1669964888
stats: users 0 824
stats: {cpu,"tsung_controller@ip-172-31-57-100"} 1 0.0501002004008016 0.0 32.54403696217153 0.0501002004008016 3.1560947415597993 48
stats: {freemem,"tsung_controller@ip-172-31-57-100"} 1 679.078125 0.0 690.49609375 615.6328125 658.2804361979166 48
stats: {load,"tsung_controller@ip-172-31-57-100"} 1 0.1015625 0.0 0.55859375 0.01953125 0.15039062499999997 48
stats: session 3 63536.65900000001 4367.762876325899 128899.908 221.639 17926.89008895992 7509
stats: users_count 0 7512
stats: finish_users_count 3 7512
stats: page 3 5.164333333333333 0.3333439998293387 76656.715 0.611 2242.9179780662325 30045
stats: request 3 5.164333333333333 0.3333439998293387 53565.264 0.594 1121.3592717621018 60093
stats: connect 0 0 0 24.1 0.831 1.3910552050473193 7608
stats: 200 3 2538
stats: size_rcv 117 110614735
stats: newphase 0 6
stats: 502 0 54436
stats: size_sent 2810 12192659
stats: connected -3 0
stats: 201 0 130
stats: 500 0 2992
EndMonitor:{1669,964888,74323}