# stats: dump at 1669969587
stats: users 9 9
stats: {freemem,"tsung_controller@ip-172-31-54-152"} 1 686.01171875 0 686.01171875 686.01171875 0 0
stats: {load,"tsung_controller@ip-172-31-54-152"} 1 0.01953125 0 0.01953125 0.01953125 0 0
stats: {cpu,"tsung_controller@ip-172-31-54-152"} 1 2.145705154477978 0 2.145705154477978 2.145705154477978 0 0
stats: users_count 9 9
stats: finish_users_count 0 0
stats: request 7 529.9434285714286 173.174597426872 908.393 338.56 0 0
stats: connect 9 1.8474444444444447 1.7334589769277373 6.743 1.143 0 0
stats: 200 7 7
stats: size_rcv 1863 1863
stats: size_sent 7127 7127
stats: connected 9 9
# stats: dump at 1669969597
stats: users 15 15
stats: {freemem,"tsung_controller@ip-172-31-54-152"} 1 687.65234375 0.0 687.65234375 686.01171875 686.01171875 1
stats: {load,"tsung_controller@ip-172-31-54-152"} 1 0.01171875 0.0 0.01953125 0.01171875 0.01953125 1
stats: {cpu,"tsung_controller@ip-172-31-54-152"} 1 0.20030045067601399 0.0 2.145705154477978 0.20030045067601399 2.145705154477978 1
stats: users_count 6 15
stats: finish_users_count 0 0
stats: request 10 3905.422400000001 3836.070390972908 12368.58 264.138 529.9434285714286 7
stats: connect 6 1.2200000000000002 0.04562163229580157 6.743 1.143 1.8474444444444447 9
stats: page 3 8869.964666666667 2861.201333617325 12707.2 5839.399 0 0
stats: 200 7 14
stats: size_rcv 1423041 1424904
stats: size_sent 6588 13715
stats: connected 6 15
stats: 500 3 3
# stats: dump at 1669969607
stats: users 26 26
stats: {freemem,"tsung_controller@ip-172-31-54-152"} 1 687.109375 0.0 687.65234375 686.01171875 686.83203125 2
stats: {load,"tsung_controller@ip-172-31-54-152"} 1 0.01171875 0.0 0.01953125 0.01171875 0.015625 2
stats: {cpu,"tsung_controller@ip-172-31-54-152"} 1 0.10005002501250625 0.0 2.145705154477978 0.10005002501250625 1.1730028025769959 2
stats: users_count 11 26
stats: finish_users_count 0 0
stats: request 16 7850.527437500002 5777.21466876856 23835.438 264.138 2515.5192941176474 17
stats: connect 10 1.9648999999999996 1.6383507835625433 6.797 1.143 1.596466666666667 15
stats: page 3 19855.334666666666 4102.2059491840355 24304.342 5839.399 8869.964666666667 3
stats: 200 7 21
stats: size_rcv 2137425 3562329
stats: size_sent 10466 24181
stats: connected 10 25
stats: 500 9 12
# stats: dump at 1669969617
stats: users 35 35
stats: {freemem,"tsung_controller@ip-172-31-54-152"} 1 684.59375 0.0 687.65234375 684.59375 686.9244791666666 3
stats: {load,"tsung_controller@ip-172-31-54-152"} 1 0.01171875 0.0 0.01953125 0.01171875 0.014322916666666666 3
stats: {cpu,"tsung_controller@ip-172-31-54-152"} 1 0.2 0.0 2.145705154477978 0.10005002501250625 0.815351876722166 3
stats: session 1 35934.3 0 35934.3 35934.3 0 0
stats: users_count 10 36
stats: finish_users_count 1 1
stats: request 34 5576.142411764704 5247.1157913535935 30785.007 12.289 5102.189909090911 33
stats: connect 10 1.2774999999999999 0.07219729911845728 6.797 1.143 1.74384 25
stats: page 15 10996.926866666667 7919.318076527487 31260.243 12.289 14362.649666666666 6
stats: 200 15 36
stats: size_rcv 1434594 4996923
stats: size_sent 20105 44286
stats: connected 9 34
stats: 500 20 32
# stats: dump at 1669969627
stats: users 37 37
stats: {freemem,"tsung_controller@ip-172-31-54-152"} 1 684.05859375 0.0 687.65234375 684.05859375 686.341796875 4
stats: {load,"tsung_controller@ip-172-31-54-152"} 1 0.01171875 0.0 0.01953125 0.01171875 0.013671875 4
stats: {cpu,"tsung_controller@ip-172-31-54-152"} 1 0.20020020020020018 0.0 2.145705154477978 0.10005002501250625 0.6615139075416245 4
stats: session 2 36666.3235 493.21949999999924 37159.543 35934.3 35934.3 1
stats: users_count 4 40
stats: finish_users_count 2 3
stats: request 45 6754.808799999999 7289.624727733939 35943.919 7.386 5342.703119402985 67
stats: connect 5 1.2562000000000002 0.08769583798561946 6.797 1.143 1.6106 35
stats: page 16 14392.9915 11317.638326355696 37325.491 7.386 11958.561952380951 21
stats: 200 9 45
stats: size_rcv 2142749 7139672
stats: size_sent 22779 67065
stats: connected 3 37
stats: 500 35 67
# stats: dump at 1669969637
stats: users 45 45
stats: {freemem,"tsung_controller@ip-172-31-54-152"} 1 682.14453125 0.0 687.65234375 682.14453125 685.88515625 5
stats: {load,"tsung_controller@ip-172-31-54-152"} 1 0.01171875 0.0 0.01953125 0.01171875 0.01328125 5
stats: {cpu,"tsung_controller@ip-172-31-54-152"} 1 0.2502502502502503 0.0 2.145705154477978 0.10005002501250625 0.5692511660733397 5
stats: session 6 31246.578166666663 9356.496055706953 46074.053 17038.879 36422.31566666667 3
stats: users_count 14 54
stats: finish_users_count 6 9
stats: request 87 4898.047632183906 7268.343958843705 37580.644 5.693 5910.06700892857 112
stats: connect 14 1.3271428571428572 0.21585870284016054 6.797 1.041 1.5663 40
stats: page 37 11794.345540540542 12868.689119133627 42672.612 5.693 13011.288243243243 37
stats: 200 44 89
stats: size_rcv 2904997 10044669
stats: size_sent 45981 113046
stats: connected 8 45
stats: 201 8 8
stats: 500 35 102
# stats: dump at 1669969647
stats: users 48 49
stats: {freemem,"tsung_controller@ip-172-31-54-152"} 1 680.33984375 0.0 687.65234375 680.33984375 685.26171875 6
stats: {load,"tsung_controller@ip-172-31-54-152"} 1 0.0 0.0 0.01953125 0.0 0.013020833333333334 6
stats: {cpu,"tsung_controller@ip-172-31-54-152"} 1 0.40040040040040037 0.0 2.145705154477978 0.10005002501250625 0.5160843467694914 6
stats: session 12 48740.28733333334 10822.264042376315 64481.324 17038.879 32971.82399999999 9
stats: users_count 15 69
stats: finish_users_count 12 21
stats: request 80 4156.5486875000015 6066.942949453258 40912.008 5.693 5467.626376884421 199
stats: connect 15 1.4026666666666665 0.4133987045079955 6.797 1.041 1.5042962962962962 54
stats: page 41 7537.084829268293 11153.055621386206 46222.212 5.693 12402.816891891891 74
stats: 200 49 138
stats: size_rcv 1469745 11514414
stats: newphase 1 1
stats: size_sent 51806 164852
stats: connected 4 49
stats: 201 3 11
stats: 500 28 130
# stats: dump at 1669969657
stats: users 60 60
stats: {freemem,"tsung_controller@ip-172-31-54-152"} 1 679.57421875 0.0 687.65234375 679.57421875 684.55859375 7
stats: {load,"tsung_controller@ip-172-31-54-152"} 1 0.0 0.0 0.01953125 0.0 0.011160714285714286 7
stats: {cpu,"tsung_controller@ip-172-31-54-152"} 1 0.3 0.0 2.145705154477978 0.10005002501250625 0.4995580687167641 7
stats: session 9 42373.871666666666 11916.114009627476 65831.65 17038.879 41982.37447619048 21
stats: users_count 21 90
stats: finish_users_count 9 30
stats: request 82 5064.785024390243 5244.825007972965 41837.329 5.693 5091.690121863799 279
stats: connect 21 1.2075714285714287 0.08821217464217761 6.797 1.041 1.4822028985507245 69
stats: page 41 9731.247439024391 10402.608299873498 46878.156 5.693 10668.077634782607 115
stats: 200 24 162
stats: size_rcv 1446311 12960725
stats: newphase 0 1
stats: size_sent 43677 208529
stats: connected 11 60
stats: 201 0 11
stats: 500 58 188
# stats: dump at 1669969667
stats: users 67 69
stats: {freemem,"tsung_controller@ip-172-31-54-152"} 1 679.25 0.0 687.65234375 679.25 683.935546875 8
stats: {load,"tsung_controller@ip-172-31-54-152"} 1 0.0 0.0 0.01953125 0.0 0.009765625 8
stats: {cpu,"tsung_controller@ip-172-31-54-152"} 1 0.25037556334501754 0.0 2.145705154477978 0.10005002501250625 0.47461331012716856 8
stats: session 7 50716.255000000005 17662.882417990073 75858.45 17038.879 42099.82363333333 30
stats: users_count 14 104
stats: finish_users_count 7 37
stats: request 91 5114.325736263734 5258.639889376536 42051.651 5.693 5085.57871468144 361
stats: connect 14 1.3062857142857145 0.28723321250744493 6.797 1.041 1.4181222222222223 90
stats: page 41 9336.475317073171 10061.803200471524 47893.077 5.693 10421.859442307692 156
stats: 200 26 188
stats: size_rcv 1501047 14461772
stats: newphase 0 1
stats: size_sent 43640 252169
stats: connected 7 67
stats: 201 0 11
stats: 500 65 253
# stats: dump at 1669969677
stats: users 77 79
stats: {freemem,"tsung_controller@ip-172-31-54-152"} 1 678.62109375 0.0 687.65234375 678.62109375 683.4149305555555 9
stats: {load,"tsung_controller@ip-172-31-54-152"} 1 0.0 0.0 0.01953125 0.0 0.008680555555555556 9
stats: {cpu,"tsung_controller@ip-172-31-54-152"} 1 0.25012506253126565 0.0 2.145705154477978 0.10005002501250625 0.4496980049291518 9
stats: session 8 40999.615000000005 6118.508282547595 75858.45 17038.879 43729.9592972973 37
stats: users_count 18 122
stats: finish_users_count 8 45
stats: request 94 6138.000212765956 5796.05728410965 42051.651 5.693 5091.366278761061 452
stats: connect 18 1.850388888888889 0.8959971564246103 6.797 1.041 1.4030673076923077 104
stats: page 39 12939.379205128207 12076.429740298488 47893.077 5.693 10195.96731472081 197
stats: 200 27 215
stats: size_rcv 2167049 16628821
stats: newphase 0 1
stats: size_sent 41955 294124
stats: connected 10 77
stats: 201 1 12
stats: 500 66 319
# stats: dump at 1669969687
stats: users 92 92
stats: {freemem,"tsung_controller@ip-172-31-54-152"} 1 677.078125 0.0 687.65234375 677.078125 682.935546875 10
stats: {load,"tsung_controller@ip-172-31-54-152"} 1 0.0 0.0 0.01953125 0.0 0.0078125 10
stats: {cpu,"tsung_controller@ip-172-31-54-152"} 1 0.3003003003003003 0.0 2.145705154477978 0.10005002501250625 0.42974071068936315 10
stats: session 10 52122.0584 15953.535584107289 83387.876 17038.879 43244.564755555555 45
stats: users_count 25 147
stats: finish_users_count 10 55
stats: request 126 5667.842119047617 5342.133130678308 42051.651 5.693 5271.556003663003 546
stats: connect 22 1.3630909090909094 0.4967646149280644 6.797 1.041 1.4690655737704919 122
stats: 200 38 253
stats: page 52 11701.033 11646.59054101308 47893.077 5.693 10649.327754237287 236
stats: size_rcv 2184157 18812978
stats: newphase 0 1
stats: size_sent 59302 353426
stats: connected 12 89
stats: 201 4 16
stats: 500 84 403
# stats: dump at 1669969697
stats: users 105 105
stats: {freemem,"tsung_controller@ip-172-31-54-152"} 1 676.80078125 0.0 687.65234375 676.80078125 682.4030539772727 11
stats: {load,"tsung_controller@ip-172-31-54-152"} 1 0.0 0.0 0.01953125 0.0 0.007102272727272727 11
stats: {cpu,"tsung_controller@ip-172-31-54-152"} 1 0.40040040040040037 0.0 2.145705154477978 0.10005002501250625 0.4179734006539938 11
stats: session 6 50120.12033333333 14637.314404738823 83387.876 17038.879 44858.654509090906 55
stats: users_count 19 166
stats: finish_users_count 6 61
stats: 200 32 285
stats: request 117 7054.438837606839 6417.386984137443 42085.181 5.693 5345.859650297619 672
stats: connect 21 1.516238095238095 0.7289316320911301 6.797 1.041 1.452875 144
stats: page 51 15384.295960784317 13104.023858581018 47893.077 5.693 10839.218979166666 288
stats: size_rcv 2885424 21698402
stats: newphase 0 1
stats: size_sent 56143 409569
stats: connected 15 104
stats: 201 1 17
stats: 500 84 487
# stats: dump at 1669969707
stats: users 129 129
stats: {freemem,"tsung_controller@ip-172-31-54-152"} 1 673.6015625 0.0 687.65234375 673.6015625 681.9361979166666 12
stats: {load,"tsung_controller@ip-172-31-54-152"} 1 0.0 0.0 0.01953125 0.0 0.006510416666666667 12
stats: {cpu,"tsung_controller@ip-172-31-54-152"} 1 0.5002501250625313 0.0 2.145705154477978 0.10005002501250625 0.41650898396619435 12
stats: session 17 51130.62129411765 10021.536898475464 87859.298 17038.879 45376.175737704914 61
stats: users_count 41 207
stats: finish_users_count 17 78
stats: request 135 6302.630925925924 3893.710546129445 42085.181 5.693 5599.223103929025 789
stats: connect 42 1.3902857142857146 0.3202664282031658 6.797 1.02 1.460939393939394 165
stats: page 70 11250.417885714282 9768.26791414202 47893.077 5.693 11522.991622418878 339
stats: 200 38 323
stats: size_rcv 1461112 23159514
stats: newphase 1 2
stats: size_sent 58997 468566
stats: connected 25 129
stats: 201 1 18
stats: 500 96 583
# stats: dump at 1669969717
stats: users 155 157
stats: {freemem,"tsung_controller@ip-172-31-54-152"} 1 672.4765625 0.0 687.65234375 672.4765625 681.2950721153846 13
stats: {load,"tsung_controller@ip-172-31-54-152"} 1 0.0 0.0 0.01953125 0.0 0.006009615384615385 13
stats: {cpu,"tsung_controller@ip-172-31-54-152"} 1 0.5005005005005005 0.0 2.145705154477978 0.10005002501250625 0.4229506102043741 13
stats: session 7 56485.82971428572 4926.273126801808 87859.298 17038.879 46630.349769230765 78
stats: users_count 33 240
stats: finish_users_count 7 85
stats: request 102 8348.772019607837 3676.591642143785 42085.181 5.693 5701.9937272727275 924
stats: connect 33 1.2477272727272728 0.1386874123599811 6.797 1.02 1.4466038647342996 207
stats: page 34 15395.881852941175 10995.422468556277 48306.78 5.693 11476.340860635695 409
stats: 200 19 342
stats: size_rcv 743574 23903088
stats: newphase 0 2
stats: size_sent 49696 518262
stats: connected 26 155
stats: 201 1 19
stats: 500 82 665
# stats: dump at 1669969727
stats: users 184 184
stats: {freemem,"tsung_controller@ip-172-31-54-152"} 1 671.5625 0.0 687.65234375 671.5625 680.6651785714286 14
stats: {load,"tsung_controller@ip-172-31-54-152"} 1 0.0 0.0 0.01953125 0.0 0.005580357142857143 14
stats: {cpu,"tsung_controller@ip-172-31-54-152"} 1 0.15030060120240482 0.0 2.145705154477978 0.10005002501250625 0.4284898880826688 14
stats: session 8 75651.45999999999 15935.729993302064 94146.036 17038.879 47441.977529411764 85
stats: users_count 37 277
stats: finish_users_count 8 93
stats: request 117 12137.861358974355 5436.155515165049 42085.181 5.693 5965.123732943469 1026
stats: connect 36 1.3953333333333333 0.5931861240603811 6.797 1.02 1.4192583333333333 240
stats: page 52 20676.767557692314 11550.330889934618 48306.78 5.693 11777.163419864559 443
stats: 200 30 372
stats: size_rcv 2879377 26782465
stats: newphase 0 2
stats: size_sent 45383 563645
stats: connected 28 183
stats: 201 2 21
stats: 500 85 750
# stats: dump at 1669969737
stats: users 218 218
stats: {freemem,"tsung_controller@ip-172-31-54-152"} 1 669.7734375 0.0 687.65234375 669.7734375 680.0583333333333 15
stats: {load,"tsung_controller@ip-172-31-54-152"} 1 0.0 0.0 0.01953125 0.0 0.005208333333333333 15
stats: {cpu,"tsung_controller@ip-172-31-54-152"} 1 0.5005005005005005 0.0 2.145705154477978 0.10005002501250625 0.40994393562398457 15
stats: session 8 69953.80175 13289.308302260464 97067.578 17038.879 49868.59967741935 93
stats: users_count 42 319
stats: finish_users_count 8 101
stats: 200 22 394
stats: request 137 10641.35143065694 7035.799276628016 45297.045 0.677 6596.978765529308 1143
stats: size_rcv 2171591 28954056
stats: newphase 0 2
stats: connect 43 1.3996511627906978 0.6168082844028202 6.797 1.02 1.4161376811594204 276
stats: 502 28 28
stats: page 55 18042.387509090913 14159.29298992233 51577.808 0.858 12712.07132929293 495
stats: size_sent 46710 610355
stats: connected 35 218
stats: 201 0 21
stats: 500 87 837
# stats: dump at 1669969747
stats: users 234 235
stats: {freemem,"tsung_controller@ip-172-31-54-152"} 1 666.296875 0.0 687.65234375 666.296875 679.41552734375 16
stats: {load,"tsung_controller@ip-172-31-54-152"} 1 0.0 0.0 0.01953125 0.0 0.0048828125 16
stats: {cpu,"tsung_controller@ip-172-31-54-152"} 1 0.39980009995002497 0.0 2.145705154477978 0.10005002501250625 0.4156037209287668 16
stats: session 16 50793.82399999999 30536.770228774654 98708.904 4556.934 51459.50677227722 101
stats: users_count 32 351
stats: finish_users_count 16 117
stats: request 376 4387.335478723403 7185.534946963338 45297.045 0.668 7029.85302734375 1280
stats: connect 32 1.3419687499999997 0.42600839812548014 6.797 1.02 1.4139153605015675 319
stats: page 156 10305.309307692301 14900.780222113612 53250.419 0.693 13245.102947272728 550
stats: 200 13 407
stats: size_rcv 1535881 30489937
stats: newphase 0 2
stats: 502 266 294
stats: size_sent 105969 716324
stats: connected 17 235
stats: 201 0 21
stats: 500 97 934
# stats: dump at 1669969757
stats: users 240 247
stats: {freemem,"tsung_controller@ip-172-31-54-152"} 1 662.5078125 0.0 687.65234375 662.5078125 678.6438419117648 17
stats: {load,"tsung_controller@ip-172-31-54-152"} 1 0.0 0.0 0.01953125 0.0 0.004595588235294118 17
stats: {cpu,"tsung_controller@ip-172-31-54-152"} 1 0.6509764646970456 0.0 2.145705154477978 0.10005002501250625 0.4146740961653114 17
stats: session 39 50632.54210256411 24648.635321674086 101223.95 3016.704 51368.47323076922 117
stats: users_count 45 396
stats: finish_users_count 39 156
stats: 200 36 443
stats: request 431 4958.876069605562 7954.922063049592 46138.28 0.645 6429.861120169081 1656
stats: connect 45 1.4529555555555556 1.0191032867849084 7.897 1.02 1.4073561253561255 351
stats: page 206 9365.50781067961 14203.446650096063 54268.428 0.676 12595.516817280453 706
stats: size_rcv 2272060 32761997
stats: newphase 0 2
stats: 502 300 594
stats: size_sent 107825 824149
stats: connected 6 241
stats: 201 1 22
stats: 500 94 1028
# stats: dump at 1669969767
stats: users 246 248
stats: {freemem,"tsung_controller@ip-172-31-54-152"} 1 657.84765625 0.0 687.65234375 657.84765625 677.7473958333334 18
stats: {load,"tsung_controller@ip-172-31-54-152"} 1 0.0 0.0 0.01953125 0.0 0.004340277777777778 18
stats: {cpu,"tsung_controller@ip-172-31-54-152"} 1 0.6513026052104208 0.0 2.145705154477978 0.10005002501250625 0.4278020055281855 18
stats: session 46 47462.823782608706 27292.82008735918 111022.024 2957.115 51184.490448717945 156
stats: users_count 52 448
stats: finish_users_count 46 202
stats: request 400 5164.328177499997 7786.679217116015 50132.646 0.645 6126.0783905126955 2087
stats: page 211 10988.81141706161 15821.064570623901 60161.844 0.676 11865.931449561402 912
stats: 200 58 501
stats: size_rcv 2269814 35031811
stats: newphase 1 3
stats: 502 258 852
stats: size_sent 109102 933251
stats: connected 6 247
stats: 201 1 23
stats: 500 83 1111
stats: connect 52 1.3238076923076922 0.45556170056069406 7.897 1.02 1.412537878787879 396
# stats: dump at 1669969777
stats: users 273 275
stats: {freemem,"tsung_controller@ip-172-31-54-152"} 1 656.8125 0.0 687.65234375 656.8125 676.700041118421 19
stats: {load,"tsung_controller@ip-172-31-54-152"} 1 0.0 0.0 0.01953125 0.0 0.004111842105263158 19
stats: {cpu,"tsung_controller@ip-172-31-54-152"} 1 0.40261701056869653 0.0 2.145705154477978 0.10005002501250625 0.4395651949851453 19
stats: session 54 50723.61129629631 28990.61494646156 111022.024 1690.816 50336.982198019796 202
stats: users_count 81 529
stats: finish_users_count 54 256
stats: page 263 7133.432190114067 13904.909045676024 63081.696 0.676 11701.129733748887 1123
stats: 200 62 563
stats: size_rcv 1600960 36632771
stats: request 551 3360.848328493649 6266.7518123279715 51366.789 0.632 5971.393997587453 2487
stats: newphase 0 3
stats: connect 81 1.3506543209876543 0.5096577685073068 7.897 1.02 1.4022388392857146 448
stats: 502 409 1261
stats: size_sent 142579 1075830
stats: connected 26 273
stats: 201 4 27
stats: 500 76 1187
# stats: dump at 1669969787
stats: users 270 275
stats: {freemem,"tsung_controller@ip-172-31-54-152"} 1 656.4765625 0.0 687.65234375 656.4765625 675.7056640625 20
stats: {load,"tsung_controller@ip-172-31-54-152"} 1 0.0 0.0 0.01953125 0.0 0.00390625 20
stats: {cpu,"tsung_controller@ip-172-31-54-152"} 1 1.0505252626313157 0.0 2.145705154477978 0.10005002501250625 0.4377177857643229 20
stats: session 84 41903.17983333336 30001.032478886842 111250.843 1690.816 50418.5367734375 256
stats: users_count 81 610
stats: finish_users_count 84 340
stats: 200 63 626
stats: request 647 3141.643661514679 6347.24487063714 53080.103 0.632 5497.921099736668 3038
stats: size_rcv 2390743 39023514
stats: newphase 0 3
stats: 502 495 1756
stats: connect 81 1.268061728395062 0.20315750416424994 7.897 0.973 1.3943402646502838 529
stats: size_sent 158893 1234723
stats: connected -3 270
stats: page 319 6434.864231974924 13499.237093699176 66043.544 0.676 10834.387703463202 1386
stats: 201 3 30
stats: 500 86 1273
# stats: dump at 1669969797
stats: users 256 275
stats: {freemem,"tsung_controller@ip-172-31-54-152"} 1 654.69921875 0.0 687.65234375 654.69921875 674.7899925595239 21
stats: {load,"tsung_controller@ip-172-31-54-152"} 1 0.0 0.0 0.01953125 0.0 0.003720238095238095 21
stats: {cpu,"tsung_controller@ip-172-31-54-152"} 1 1.0045203415369162 0.0 2.145705154477978 0.10005002501250625 0.46689909418656067 21
stats: session 94 33791.12388297875 28351.25907269378 131383.948 1690.816 48314.74270588236 340
stats: users_count 80 690
stats: finish_users_count 94 434
stats: request 662 2901.928415407854 6225.756705829294 54152.215 0.632 5084.2137720488445 3685
stats: connect 80 1.3379750000000001 0.43531749835608496 7.897 0.973 1.3775721311475413 610
stats: page 341 5749.703894428159 12654.526826965006 67763.449 0.676 10011.251053958944 1705
stats: 200 63 689
stats: size_rcv 2407486 41431000
stats: newphase 0 3
stats: 502 520 2276
stats: size_sent 160415 1395138
stats: connected -14 256
stats: 201 4 34
stats: 500 75 1348
# stats: dump at 1669969807
stats: users 266 275
stats: {freemem,"tsung_controller@ip-172-31-54-152"} 1 654.07421875 0.0 687.65234375 654.07421875 673.8767755681819 22
stats: {load,"tsung_controller@ip-172-31-54-152"} 1 0.0 0.0 0.01953125 0.0 0.0035511363636363635 22
stats: {cpu,"tsung_controller@ip-172-31-54-152"} 1 1.2024048096192386 0.0 2.145705154477978 0.10005002501250625 0.4913364236115768 22
stats: session 70 35814.424114285706 30847.89296009944 131383.948 1690.816 45169.07411290323 434
stats: users_count 80 770
stats: finish_users_count 70 504
stats: request 607 3033.795626029655 6013.406706380564 54152.215 0.632 4751.875859443292 4347
stats: connect 80 1.3683250000000005 0.4698555303228856 7.897 0.958 1.37298115942029 690
stats: page 299 6122.689264214046 12796.031429209932 70008.932 0.654 9300.993194037146 2046
stats: 200 45 734
stats: size_rcv 1616588 43047588
stats: newphase 0 3
stats: 502 465 2741
stats: size_sent 157468 1552606
stats: connected 10 266
stats: 201 1 35
stats: 500 96 1444
# stats: dump at 1669969817
stats: users 268 280
stats: {freemem,"tsung_controller@ip-172-31-54-152"} 1 653.9609375 0.0 687.65234375 653.9609375 673.0157948369566 23
stats: {load,"tsung_controller@ip-172-31-54-152"} 1 0.0 0.0 0.01953125 0.0 0.0033967391304347825 23
stats: {cpu,"tsung_controller@ip-172-31-54-152"} 1 1.2054244098442994 0.0 2.145705154477978 0.10005002501250625 0.5222524403945187 23
stats: session 96 33825.48040624998 27457.50691922627 131383.948 1518.783 43869.8171686508 504
stats: users_count 98 868
stats: finish_users_count 96 600
stats: request 687 2721.869941775836 5642.246774840728 54152.215 0.632 4541.364211949937 4954
stats: connect 94 1.345659574468085 0.387446950471424 7.897 0.958 1.372497402597403 770
stats: page 354 5568.90388418079 11487.825551849312 70008.932 0.654 8895.742501066097 2345
stats: 200 56 790
stats: size_rcv 930068 43977656
stats: newphase 0 3
stats: 502 546 3287
stats: size_sent 163704 1716310
stats: connected 1 267
stats: 201 2 37
stats: 500 83 1527
# stats: dump at 1669969827
stats: users 297 298
stats: {freemem,"tsung_controller@ip-172-31-54-152"} 1 652.07421875 0.0 687.65234375 652.07421875 672.2218424479167 24
stats: {load,"tsung_controller@ip-172-31-54-152"} 1 0.0 0.0 0.01953125 0.0 0.0032552083333333335 24
stats: {cpu,"tsung_controller@ip-172-31-54-152"} 1 1.4042126379137412 0.0 2.145705154477978 0.10005002501250625 0.550717939121593 24
stats: session 91 29101.149087912097 24827.29593709404 131383.948 1372.946 42262.723286666675 600
stats: users_count 120 988
stats: finish_users_count 91 691
stats: request 813 2251.312311193104 5980.460816869887 54152.215 0.628 4319.773613898243 5641
stats: connect 114 1.4580350877192993 0.604406696611812 7.897 0.958 1.3695775462962967 864
stats: page 399 5127.044734335843 12372.259725035923 70008.932 0.654 8459.395383475361 2699
stats: 200 55 845
stats: size_rcv 3861975 47839631
stats: newphase 1 4
stats: 502 686 3973
stats: size_sent 186840 1903150
stats: connected 25 292
stats: 201 4 41
stats: 500 68 1595
# stats: dump at 1669969837
stats: users 350 358
stats: {freemem,"tsung_controller@ip-172-31-54-152"} 1 651.7734375 0.0 687.65234375 651.7734375 671.4159375 25
stats: {load,"tsung_controller@ip-172-31-54-152"} 1 0.0 0.0 0.01953125 0.0 0.003125 25
stats: {cpu,"tsung_controller@ip-172-31-54-152"} 1 1.4543630892678034 0.0 2.145705154477978 0.10005002501250625 0.5848577270732789 25
stats: session 122 30096.645786885227 29176.97874485028 131383.948 791.918 40529.433486251815 691
stats: users_count 175 1163
stats: finish_users_count 122 813
stats: request 1325 1413.2571600000017 4462.767608209487 54152.215 0.614 4059.2128703129815 6454
stats: page 622 3154.746374598072 9517.439003702693 70008.932 0.654 8030.212714331827 3098
stats: 200 57 902
stats: size_rcv 1896607 49736238
stats: newphase 0 4
stats: 502 1186 5159
stats: size_sent 292543 2195693
stats: connected 60 352
stats: 201 0 41
stats: 500 82 1677
stats: connect 181 1.365088397790055 0.5233282701839029 7.897 0.958 1.37988854805726 978
# stats: dump at 1669969847
stats: users 316 358
stats: {freemem,"tsung_controller@ip-172-31-54-152"} 1 647.4453125 0.0 687.65234375 647.4453125 670.6604567307693 26
stats: {load,"tsung_controller@ip-172-31-54-152"} 1 0.0 0.0 0.01953125 0.0 0.0030048076923076925 26
stats: {cpu,"tsung_controller@ip-172-31-54-152"} 1 2.404809619238477 0.0 2.404809619238477 0.10005002501250625 0.6183002410038375 26
stats: session 171 22495.092818713467 21020.790418283756 131383.948 791.918 38963.87370848709 813
stats: users_count 137 1300
stats: finish_users_count 171 984
stats: request 1171 1851.1330111016218 5001.700786216517 54152.215 0.614 3608.526237562667 7779
stats: 200 67 969
stats: connect 132 1.4233030303030296 0.6547562574404949 7.897 0.958 1.377577221742882 1159
stats: page 599 3129.2990868113507 8623.076643976292 70008.932 0.644 7215.013772580645 3720
stats: size_rcv 1809191 51545429
stats: newphase 0 4
stats: 502 1014 6173
stats: size_sent 265954 2461647
stats: connected -37 315
stats: 201 3 44
stats: 500 87 1764
# stats: dump at 1669969857
stats: users 350 359
stats: {freemem,"tsung_controller@ip-172-31-54-152"} 1 644.6875 0.0 687.65234375 644.6875 669.800636574074 27
stats: {load,"tsung_controller@ip-172-31-54-152"} 1 0.0 0.0 0.01953125 0.0 0.0028935185185185184 27
stats: {cpu,"tsung_controller@ip-172-31-54-152"} 1 1.9124308002013084 0.0 2.404809619238477 0.10005002501250625 0.6844672550125279 27
stats: session 151 16995.66678145696 15433.022483889587 131383.948 791.918 36101.92093191057 984
stats: users_count 185 1485
stats: finish_users_count 151 1135
stats: request 1413 1325.4855810332613 4650.981609565411 54152.215 0.614 3378.5924422346357 8950
stats: 200 44 1013
stats: size_rcv 3293198 54838627
stats: connect 187 1.4273208556149748 0.6494574566211134 7.897 0.958 1.3822525174283504 1291
stats: newphase 0 4
stats: 502 1287 7460
stats: size_sent 278401 2740048
stats: page 681 2983.8596534508097 9241.296081256025 70008.932 0.644 6648.3679988423255 4319
stats: connected 34 349
stats: 201 2 46
stats: 500 80 1844
# stats: dump at 1669969867
stats: users 342 362
stats: {freemem,"tsung_controller@ip-172-31-54-152"} 1 642.61328125 0.0 687.65234375 642.61328125 668.9037388392857 28
stats: {load,"tsung_controller@ip-172-31-54-152"} 1 0.1484375 0.0 0.1484375 0.0 0.0027901785714285715 28
stats: {cpu,"tsung_controller@ip-172-31-54-152"} 1 3.0484757621189407 0.0 3.0484757621189407 0.10005002501250625 0.7283230959121271 28
stats: session 175 21753.256097142843 21906.80325502537 142935.71 791.918 33560.03161321586 1135
stats: users_count 167 1652
stats: finish_users_count 175 1310
stats: connect 164 1.3893658536585374 0.5561084078424383 7.897 0.949 1.3879546684709072 1478
stats: page 723 2768.085067773166 8389.449696465857 70008.932 0.644 6149.261962200002 5000
stats: request 1454 1298.7022833562598 4355.144597668257 54152.215 0.614 3098.6503410209384 10363
stats: 200 67 1080
stats: size_rcv 2014890 56853517
stats: newphase 0 4
stats: 502 1320 8780
stats: size_sent 330905 3070953
stats: connected -13 336
stats: 201 5 51
stats: 500 62 1906
# stats: dump at 1669969877
stats: users 322 362
stats: {freemem,"tsung_controller@ip-172-31-54-152"} 1 638.453125 0.0 687.65234375 638.453125 667.9971713362069 29
stats: {load,"tsung_controller@ip-172-31-54-152"} 1 0.12109375 0.0 0.1484375 0.0 0.0078125 29
stats: {cpu,"tsung_controller@ip-172-31-54-152"} 1 2.80561122244489 0.0 3.0484757621189407 0.10005002501250625 0.8083283602640862 29
stats: session 160 24551.30681249999 19960.584778553515 142935.71 791.918 31982.790609160304 1310
stats: users_count 140 1792
stats: finish_users_count 160 1470
stats: connect 148 1.4918986486486492 0.7034693825322719 7.897 0.949 1.3880956151035329 1642
stats: page 602 3877.4582076411866 10070.805276824005 70008.932 0.644 5722.109962432293 5723
stats: 200 93 1173
stats: request 1144 1925.9306870629377 5029.288312498935 54152.215 0.614 2877.1791997969017 11817
stats: size_rcv 1958173 58811690
stats: newphase 0 4
stats: 502 976 9756
stats: size_sent 286674 3357627
stats: connected -14 322
stats: 201 3 54
stats: 500 72 1978
# stats: dump at 1669969887
stats: users 431 432
stats: {freemem,"tsung_controller@ip-172-31-54-152"} 1 642.72265625 0.0 687.65234375 638.453125 667.0123697916666 30
stats: {load,"tsung_controller@ip-172-31-54-152"} 1 0.1796875 0.0 0.1796875 0.0 0.011588541666666667 30
stats: {cpu,"tsung_controller@ip-172-31-54-152"} 1 2.4072216649949847 0.0 3.0484757621189407 0.10005002501250625 0.8749044556701129 30
stats: session 160 20973.36406875001 18611.229897703106 142935.71 791.918 31173.921624489794 1470
stats: users_count 269 2061
stats: finish_users_count 160 1630
stats: request 1653 1030.8572867513572 3679.1695287936923 54152.215 0.608 2793.2174454131614 12961
stats: page 785 2039.8854904458574 7060.274533010513 70008.932 0.644 5546.53994561265 6325
stats: connect 259 1.3626679536679542 0.7690559509999252 7.897 0.949 1.3966782122905033 1790
stats: 200 52 1225
stats: size_rcv 1946206 60757896
stats: newphase 1 5
stats: 502 1515 11271
stats: size_sent 345246 3702873
stats: connected 103 425
stats: 201 1 55
stats: 500 85 2063
# stats: dump at 1669969897
stats: users 466 469
stats: {freemem,"tsung_controller@ip-172-31-54-152"} 1 640.9765625 0.0 687.65234375 638.453125 666.2288306451613 31
stats: {load,"tsung_controller@ip-172-31-54-152"} 1 0.16015625 0.0 0.1796875 0.0 0.017011088709677418 31
stats: {cpu,"tsung_controller@ip-172-31-54-152"} 1 2.712204922149674 0.0 3.0484757621189407 0.10005002501250625 0.9243340430676894 31
stats: session 288 14902.789517361114 15333.968716031435 142935.71 791.918 30172.63990122699 1630
stats: users_count 323 2384
stats: finish_users_count 288 1918
stats: connect 324 1.4289722222222232 0.7261842961290506 7.897 0.936 1.392379209370425 2049
stats: page 1237 1522.988745351656 6379.537637910672 70008.932 0.644 5159.377674542899 7110
stats: 200 60 1285
stats: size_rcv 2350686 63108582
stats: newphase 0 5
stats: 502 2427 13698
stats: size_sent 526642 4229515
stats: connected 40 465
stats: 201 2 57
stats: 500 68 2131
stats: request 2557 698.1590136879163 3173.9139915744204 54152.215 0.608 2593.875626454084 14614
# stats: dump at 1669969907
stats: users 496 513
stats: {freemem,"tsung_controller@ip-172-31-54-152"} 1 642.48828125 0.0 687.65234375 638.453125 665.439697265625 32
stats: {load,"tsung_controller@ip-172-31-54-152"} 1 0.12890625 0.0 0.1796875 0.0 0.021484375 32
stats: {cpu,"tsung_controller@ip-172-31-54-152"} 1 5.362462760675273 0.0 5.362462760675273 0.10005002501250625 0.9802050080390015 32
stats: session 313 14234.878798722046 13225.781861831034 142935.71 791.918 27879.77394160584 1918
stats: users_count 343 2727
stats: finish_users_count 313 2231
stats: request 2806 729.2179130434787 3207.873920344316 54152.215 0.608 2311.5771360433278 17171
stats: connect 348 1.5063247126436778 1.2180387763341745 16.554 0.936 1.3973754740834394 2373
stats: page 1382 1490.667646888569 5877.597221918776 70008.932 0.642 4620.475900802685 8347
stats: 200 63 1348
stats: size_rcv 2323624 65432206
stats: newphase 0 5
stats: 502 2655 16353
stats: size_sent 561114 4790629
stats: connected 36 501
stats: 201 2 59
stats: 500 86 2217
# stats: dump at 1669969917
stats: users 503 513
stats: {freemem,"tsung_controller@ip-172-31-54-152"} 1 638.3359375 0.0 687.65234375 638.3359375 664.744199810606 33
stats: {load,"tsung_controller@ip-172-31-54-152"} 1 0.109375 0.0 0.1796875 0.0 0.024739583333333332 33
stats: {cpu,"tsung_controller@ip-172-31-54-152"} 1 5.112781954887218 0.0 5.362462760675273 0.10005002501250625 1.1130006975128277 33
stats: session 314 16555.634767515938 14973.597330229299 142935.71 791.918 25965.452032272526 2231
stats: users_count 321 3048
stats: finish_users_count 314 2545
stats: connect 318 1.3182515723270443 0.5404436969209214 16.554 0.926 1.411309445056965 2721
stats: page 1233 1583.7823373884864 6641.409040994001 70008.932 0.642 4175.888069894132 9729
stats: request 2475 765.4486977777792 3431.556617623255 54152.215 0.608 2089.3165373679726 19977
stats: 200 67 1415
stats: size_rcv 3627631 69059837
stats: newphase 0 5
stats: 502 2332 18685
stats: size_sent 480558 5271187
stats: connected 2 503
stats: 201 1 60
stats: 500 75 2292
# stats: dump at 1669969927
stats: users 487 513
stats: {freemem,"tsung_controller@ip-172-31-54-152"} 1 637.21484375 0.0 687.65234375 637.21484375 663.9674862132352 34
stats: {load,"tsung_controller@ip-172-31-54-152"} 1 0.08984375 0.0 0.1796875 0.0 0.027228860294117647 34
stats: {cpu,"tsung_controller@ip-172-31-54-152"} 1 5.178481649069885 0.0 5.362462760675273 0.10005002501250625 1.2306413227297217 34
stats: session 353 14408.067532577903 12298.339960426023 142935.71 791.918 24804.476542632616 2545
stats: users_count 337 3385
stats: finish_users_count 353 2898
stats: request 2711 710.2797690888985 3014.112028126166 54152.215 0.608 1943.3797431854618 22452
stats: connect 336 1.4413779761904746 0.7403804302780845 16.554 0.926 1.4015718986508725 3039
stats: page 1372 1472.37958965015 5741.613747770289 70008.932 0.642 3884.3293791278975 10962
stats: 200 67 1482
stats: size_rcv 2280490 71340327
stats: newphase 0 5
stats: 502 2552 21237
stats: size_sent 521953 5793140
stats: connected -20 483
stats: 201 1 61
stats: 500 91 2383
# stats: dump at 1669969937
stats: users 493 513
stats: {freemem,"tsung_controller@ip-172-31-54-152"} 1 639.89453125 0.0 687.65234375 637.21484375 663.203125 35
stats: {load,"tsung_controller@ip-172-31-54-152"} 1 0.078125 0.0 0.1796875 0.0 0.029017857142857144 35
stats: {cpu,"tsung_controller@ip-172-31-54-152"} 1 5.844155844155844 0.0 5.844155844155844 0.10005002501250625 1.343436760625155 35
stats: session 317 13961.550611987395 13049.222692663106 142935.71 661.592 23538.109261559697 2898
stats: users_count 323 3708
stats: finish_users_count 317 3215
stats: request 2598 713.587781755196 3119.7336811626533 54152.215 0.608 1810.528571632953 25163
stats: 200 50 1532
stats: connect 319 1.4046112852664572 0.7318715173214304 16.554 0.926 1.4055348148148152 3375
stats: page 1302 1575.24526190476 6177.855332861221 70008.932 0.627 3616.030764634346 12334
stats: size_rcv 1532869 72873196
stats: newphase 0 5
stats: 502 2459 23696
stats: size_sent 491275 6284415
stats: connected 5 488
stats: 201 0 61
stats: 500 89 2472
# stats: dump at 1669969947
stats: users 587 598
stats: {freemem,"tsung_controller@ip-172-31-54-152"} 1 641.078125 0.0 687.65234375 637.21484375 662.5556640625 36
stats: {load,"tsung_controller@ip-172-31-54-152"} 1 0.0703125 0.0 0.1796875 0.0 0.030381944444444444 36
stats: {cpu,"tsung_controller@ip-172-31-54-152"} 1 5.01002004008016 0.0 5.844155844155844 0.10005002501250625 1.468456735167674 36
stats: session 361 15194.749518005543 13377.365460705003 142935.71 314.629 22593.8576 3215
stats: users_count 455 4163
stats: finish_users_count 361 3576
stats: connect 460 1.4153326086956528 0.8689105999329293 16.554 0.923 1.4054550622631297 3694
stats: page 1574 1210.855427573063 5195.086122353396 70008.932 0.627 3421.1713685831637 13636
stats: request 3213 636.5492075941482 3030.926998231591 54152.215 0.608 1707.8718888008352 27761
stats: 200 109 1641
stats: size_rcv 3163499 76036695
stats: newphase 1 6
stats: 502 3042 26738
stats: size_sent 644289 6928704
stats: connected 108 596
stats: 201 2 63
stats: 500 60 2532
# stats: dump at 1669969957
stats: users 716 731
stats: {freemem,"tsung_controller@ip-172-31-54-152"} 1 639.03515625 0.0 687.65234375 637.21484375 661.9751900337837 37
stats: {load,"tsung_controller@ip-172-31-54-152"} 1 0.140625 0.0 0.1796875 0.0 0.03146114864864865 37
stats: {cpu,"tsung_controller@ip-172-31-54-152"} 1 7.569721115537849 0.0 7.569721115537849 0.10005002501250625 1.564174662327471 37
stats: session 500 12248.724 12014.603983542926 142935.71 314.629 21846.911845637584 3576
stats: users_count 629 4792
stats: finish_users_count 500 4076
stats: request 4671 406.9924883322632 2409.1579278366708 55754.661 0.608 1596.7412703880668 30974
stats: 200 85 1726
stats: connect 624 1.388163461538462 0.7588601030312729 16.554 0.908 1.4065488685604242 4154
stats: page 2265 863.6062671081687 4594.154305298747 70008.932 0.625 3192.4378188691667 15210
stats: size_rcv 3669231 79705926
stats: newphase 0 6
stats: 502 4508 31246
stats: size_sent 884435 7813139
stats: connected 114 710
stats: 201 0 63
stats: 500 78 2610
# stats: dump at 1669969967
stats: users 721 757
stats: {freemem,"tsung_controller@ip-172-31-54-152"} 1 631.453125 0.0 687.65234375 631.453125 661.3715049342105 38
stats: {load,"tsung_controller@ip-172-31-54-152"} 1 0.109375 0.0 0.1796875 0.0 0.034333881578947366 38
stats: {cpu,"tsung_controller@ip-172-31-54-152"} 1 9.542743538767395 0.0 9.542743538767395 0.10005002501250625 1.7222153584645863 38
stats: session 608 11141.062756578935 9765.538171796099 142935.71 276.634 20669.50901864573 4076
stats: users_count 613 5405
stats: finish_users_count 608 4684
stats: connect 617 1.3283241491085895 0.6545273167557969 16.554 0.908 1.4041477605692763 4778
stats: page 2459 744.4399219194797 4254.190799782461 70008.932 0.625 2890.589265808299 17475
stats: request 4956 364.8658531073449 2339.365569468822 55754.661 0.601 1440.8339464721555 35645
stats: 200 48 1774
stats: size_rcv 2985919 82691845
stats: newphase 0 6
stats: 502 4827 36073
stats: size_sent 911353 8724492
stats: connected 13 723
stats: 201 1 64
stats: 500 80 2690
# stats: dump at 1669969977
stats: users 805 819
stats: {freemem,"tsung_controller@ip-172-31-54-152"} 1 625.8828125 0.0 687.65234375 625.8828125 660.6043669871794 39
stats: {load,"tsung_controller@ip-172-31-54-152"} 1 0.1015625 0.0 0.1796875 0.0 0.036258012820512824 39
stats: {cpu,"tsung_controller@ip-172-31-54-152"} 1 10.691198408751864 0.0 10.691198408751864 0.10005002501250625 1.9227417220620941 39
stats: session 587 11449.397829642254 9179.766019098308 142935.71 276.634 19432.682518360376 4684
stats: users_count 671 6076
stats: finish_users_count 587 5271
stats: connect 695 1.2909755395683464 0.6433650055271414 16.554 0.83 1.395476181649676 5395
stats: page 2511 816.8523118279577 4367.365748341416 70008.932 0.623 2625.8465530249837 19934
stats: request 5112 411.6372173317693 2523.0534723108253 55754.661 0.601 1309.4948693381932 40601
stats: 200 63 1837
stats: size_rcv 3857395 86549240
stats: newphase 0 6
stats: 502 4961 41034
stats: size_sent 933819 9658311
stats: connected 47 770
stats: 201 3 67
stats: 500 85 2775
# stats: dump at 1669969987
stats: users 763 819
stats: {freemem,"tsung_controller@ip-172-31-54-152"} 1 621.390625 0.0 687.65234375 621.390625 659.736328125 40
stats: {load,"tsung_controller@ip-172-31-54-152"} 1 0.078125 0.0 0.1796875 0.0 0.037890625000000004 40
stats: {cpu,"tsung_controller@ip-172-31-54-152"} 1 10.876132930513595 0.0 10.876132930513595 0.10005002501250625 2.1419531392293383 40
stats: session 655 12467.53905038168 11118.750328221358 142935.71 276.634 18543.63146309998 5271
stats: users_count 613 6689
stats: finish_users_count 655 5926
stats: request 5126 362.4702530238002 2239.2963396111845 55754.661 0.601 1209.0891134906917 45713
stats: 200 66 1903
stats: size_rcv 3037008 89586248
stats: newphase 0 6
stats: page 2587 794.3344004638572 4241.9523119991245 70008.932 0.623 2423.4680928046346 22445
stats: 502 4978 46012
stats: size_sent 950703 10609014
stats: connected -13 757
stats: 201 2 69
stats: connect 681 1.337816446402349 0.6603719483852241 16.554 0.83 1.3835504105090315 6090
stats: 500 80 2855
# stats: dump at 1669969997
stats: users 789 819
stats: {freemem,"tsung_controller@ip-172-31-54-152"} 1 619.12109375 0.0 687.65234375 619.12109375 658.8010670731708 41
stats: {load,"tsung_controller@ip-172-31-54-152"} 1 0.0703125 0.0 0.1796875 0.0 0.0388719512195122 41
stats: {cpu,"tsung_controller@ip-172-31-54-152"} 1 10.220440881763528 0.0 10.876132930513595 0.10005002501250625 2.3549819146265154 41
stats: session 621 12565.809407407412 10058.341261687605 142935.71 276.634 17872.041768477895 5926
stats: users_count 647 7336
stats: finish_users_count 621 6547
stats: request 5155 373.9172446168765 2357.7079181657455 55754.661 0.601 1123.726138633726 50839
stats: 200 55 1958
stats: size_rcv 3753514 93339762
stats: connect 668 1.281961077844312 0.5876676152639144 16.554 0.83 1.3789506719834592 6771
stats: newphase 0 6
stats: 502 5007 51019
stats: size_sent 944164 11553178
stats: page 2546 837.0178586017253 4276.838584945066 70008.932 0.619 2255.1008483940564 25032
stats: connected 16 773
stats: 201 1 70
stats: 500 92 2947
# stats: dump at 1669970007
stats: users 378 819
stats: {freemem,"tsung_controller@ip-172-31-54-152"} 1 617.9375 0.0 687.65234375 617.9375 657.8563058035714 42
stats: {load,"tsung_controller@ip-172-31-54-152"} 1 0.05859375 0.0 0.1796875 0.0 0.03962053571428572 42
stats: {cpu,"tsung_controller@ip-172-31-54-152"} 1 11.116700201207244 0.0 11.116700201207244 0.10005002501250625 2.5422547471773966 42
stats: session 610 13204.533534426244 10439.939417728207 142935.71 276.634 17368.731810294794 6547
stats: users_count 199 7535
stats: finish_users_count 610 7157
stats: request 3122 560.9912229340164 2890.057386465165 55754.661 0.601 1054.696155980998 55994
stats: connect 254 1.3462244094488174 0.5814834552207975 16.554 0.808 1.3702412958731016 7439
stats: page 1751 936.3553066818965 4223.109262100068 70008.932 0.619 2124.1834761404025 27578
stats: 200 84 2042
stats: size_rcv 2441085 95780847
stats: newphase 0 6
stats: 502 2986 54005
stats: size_sent 598012 12151190
stats: connected -390 383
stats: 201 1 71
stats: 500 51 2998
# stats: dump at 1669970017
stats: users 225 819
stats: {freemem,"tsung_controller@ip-172-31-54-152"} 1 639.0234375 0.0 687.65234375 617.9375 656.9279614825581 43
stats: {load,"tsung_controller@ip-172-31-54-152"} 1 0.19921875 0.0 0.19921875 0.0 0.040061773255813955 43
stats: {cpu,"tsung_controller@ip-172-31-54-152"} 1 5.3 0.0 11.116700201207244 0.10005002501250625 2.7416604554106487 43
stats: session 153 19870.972836601308 8879.047431926077 142935.71 276.634 17013.812018722932 7157
stats: users_count 0 7535
stats: finish_users_count 153 7310
stats: request 436 5389.8072133027545 7355.330175976991 55754.661 0.601 1028.6228966100548 59116
stats: page 311 5753.324723472669 8755.897047069753 70008.932 0.619 2053.2677570663855 29329
stats: 200 128 2170
stats: size_rcv 2296132 98076979
stats: newphase 0 6
stats: 502 244 54249
stats: size_sent 118456 12269646
stats: connected -158 225
stats: 201 1 72
stats: 500 63 3061
stats: connect 2 1.414 0.02400000000000002 16.554 0.808 1.3694483296503317 7693
# stats: dump at 1669970027
stats: users 130 819
stats: {freemem,"tsung_controller@ip-172-31-54-152"} 1 651.23828125 0.0 687.65234375 617.9375 656.5210404829545 44
stats: {load,"tsung_controller@ip-172-31-54-152"} 1 0.16015625 0.0 0.19921875 0.0 0.04367897727272727 44
stats: {cpu,"tsung_controller@ip-172-31-54-152"} 1 1.054746358613762 0.0 11.116700201207244 0.10005002501250625 2.7998045359694976 44
stats: session 95 28149.264547368424 7960.777236598704 142935.71 276.634 17073.61305909713 7310
stats: users_count 0 7535
stats: finish_users_count 95 7405
stats: request 226 8266.352628318587 5540.278835949738 55754.661 0.601 1060.5525775960505 59552
stats: page 162 9935.323246913575 11455.828700843515 70008.932 0.619 2092.0908919028348 29640
stats: connect 0 0 0 16.554 0.808 1.369459909031839 7695
stats: 200 144 2314
stats: size_rcv 1495231 99572210
stats: newphase 0 6
stats: 502 0 54249
stats: size_sent 86694 12356340
stats: connected -95 130
stats: 201 4 76
stats: 500 78 3139
# stats: dump at 1669970037
stats: users 93 819
stats: {freemem,"tsung_controller@ip-172-31-54-152"} 1 655.31640625 0.0 687.65234375 617.9375 656.4036458333334 45
stats: {load,"tsung_controller@ip-172-31-54-152"} 1 0.140625 0.0 0.19921875 0.0 0.04626736111111111 45
stats: {cpu,"tsung_controller@ip-172-31-54-152"} 1 0.6506506506506506 0.0 11.116700201207244 0.10005002501250625 2.761025465361592 45
stats: session 37 40790.79018918919 10790.560657213087 142935.71 276.634 17215.704469142474 7405
stats: users_count 0 7535
stats: finish_users_count 37 7442
stats: request 154 8696.756032467529 7165.183694781005 55754.661 0.601 1087.7952222389506 59778
stats: connect 0 0 0 16.554 0.808 1.369459909031839 7695
stats: 200 77 2391
stats: size_rcv 2906916 102479126
stats: newphase 0 6
stats: 502 0 54249
stats: size_sent 63421 12419761
stats: connected -37 93
stats: 201 12 88
stats: 500 66 3205
stats: page 83 14681.872867469881 18367.07818997397 70008.932 0.619 2134.72573659486 29802
# stats: dump at 1669970047
stats: users 69 819
stats: {freemem,"tsung_controller@ip-172-31-54-152"} 1 660.34765625 0.0 687.65234375 617.9375 656.3800101902174 46
stats: {load,"tsung_controller@ip-172-31-54-152"} 1 0.12109375 0.0 0.19921875 0.0 0.048318614130434784 46
stats: {cpu,"tsung_controller@ip-172-31-54-152"} 1 0.6009013520280421 0.0 11.116700201207244 0.10005002501250625 2.7151477519983103 46
stats: session 24 56437.90879166667 14152.07114333246 142935.71 276.634 17332.914650765928 7442
stats: users_count 0 7535
stats: finish_users_count 24 7466
stats: request 138 5131.302760869571 5033.929719853225 55754.661 0.601 1107.3470470533268 59932
stats: connect 0 0 0 16.554 0.808 1.369459909031839 7695
stats: page 84 16220.87360714285 19913.877902572483 70008.932 0.619 2169.5730918521003 29885
stats: 200 73 2464
stats: size_rcv 820348 103299474
stats: newphase 0 6
stats: 502 0 54249
stats: size_sent 72023 12491784
stats: connected -23 70
stats: 201 14 102
stats: 500 50 3255
# stats: dump at 1669970057
stats: users 23 819
stats: {freemem,"tsung_controller@ip-172-31-54-152"} 1 652.9375 0.0 687.65234375 617.9375 656.4644281914893 47
stats: {load,"tsung_controller@ip-172-31-54-152"} 1 0.1796875 0.0 0.19921875 0.0 0.049867021276595744 47
stats: {cpu,"tsung_controller@ip-172-31-54-152"} 1 36.29112662013958 0.0 36.29112662013958 0.10005002501250625 2.670163786041496 47
stats: session 46 60157.223717391316 11322.236252042165 142935.71 276.634 17458.62049852666 7466
stats: users_count 0 7535
stats: finish_users_count 46 7512
stats: 200 110 2574
stats: request 147 4092.456625850339 9007.231087971322 58063.888 0.601 1116.5913601631428 60070
stats: size_rcv 3695110 106994584
stats: newphase 0 6
stats: connect 0 0 0 16.554 0.808 1.369459909031839 7695
stats: 502 0 54249
stats: size_sent 79407 12571191
stats: page 120 11538.09965 17788.568703504934 71577.318 0.619 2208.9574304447933 29969
stats: connected -47 23
stats: 201 6 108
stats: 500 31 3286
# stats: dump at 1669970067
stats: users 4 819
stats: {freemem,"tsung_controller@ip-172-31-54-152"} 1 657.8203125 0.0 687.65234375 617.9375 656.3909505208334 48
stats: {load,"tsung_controller@ip-172-31-54-152"} 1 0.390625 0.0 0.390625 0.0 0.052571614583333336 48
stats: {cpu,"tsung_controller@ip-172-31-54-152"} 1 31.291139240506325 0.0 36.29112662013958 0.10005002501250625 3.370600511751873 48
stats: session 19 70189.85284210526 8703.394380956728 142935.71 276.634 17720.086918663477 7512
stats: users_count 0 7535
stats: finish_users_count 19 7531
stats: request 57 528.7139473684209 1720.8916590453246 58063.888 0.601 1123.855956440872 60217
stats: connect 0 0 0 16.554 0.808 1.369459909031839 7695
stats: 200 52 2626
stats: size_rcv 76265 107070849
stats: newphase 0 6
stats: 502 0 54249
stats: size_sent 38855 12610046
stats: connected -18 5
stats: 201 5 113
stats: 500 0 3286
stats: page 45 2736.6835333333333 8106.115556718357 71577.318 0.619 2246.1636209578255 30089
# stats: dump at 1669970076
stats: users 0 819
stats: {freemem,"tsung_controller@ip-172-31-54-152"} 1 659.23828125 0.0 687.65234375 617.9375 656.4201211734694 49
stats: {load,"tsung_controller@ip-172-31-54-152"} 1 0.328125 0.0 0.390625 0.0 0.059470663265306124 49
stats: {cpu,"tsung_controller@ip-172-31-54-152"} 1 0.19990004997501248 0.0 36.29112662013958 0.10005002501250625 3.9404074245835963 49
stats: session 4 96470.10225 20738.310556695218 142935.71 276.634 17852.46317049529 7531
stats: users_count 0 7535
stats: finish_users_count 4 7535
stats: request 6 5.809833333333334 1.571289960156587 58063.888 0.601 1123.293141719481 60274
stats: connect 0 0 0 16.554 0.808 1.369459909031839 7695
stats: page 6 5.809833333333334 1.571289960156587 71577.318 0.619 2246.8961289573244 30134
stats: 200 6 2632
stats: size_rcv 1089 107071938
stats: newphase 0 6
stats: 502 0 54249
stats: size_sent 5420 12615466
stats: connected -5 0
stats: 201 0 113
stats: 500 0 3286
EndMonitor:{1669,970076,245776}