# stats: dump at 1669968425
stats: users 6 6
stats: {freemem,"tsung_controller@ip-172-31-54-152"} 1 690.71875 0 690.71875 690.71875 0 0
stats: {load,"tsung_controller@ip-172-31-54-152"} 1 0.0 0 0.0 0.0 0 0
stats: {cpu,"tsung_controller@ip-172-31-54-152"} 1 2.056400473201249 0 2.056400473201249 2.056400473201249 0 0
stats: users_count 6 6
stats: finish_users_count 0 0
stats: request 6 505.41616666666664 173.3868442879646 872.454 371.014 0 0
stats: connect 6 2.2826666666666666 2.1918039500729884 7.182 1.184 0 0
stats: 200 6 6
stats: size_rcv 1600 1600
stats: size_sent 5662 5662
stats: connected 6 6
# stats: dump at 1669968435
stats: users 13 13
stats: {freemem,"tsung_controller@ip-172-31-54-152"} 1 691.63671875 0.0 691.63671875 690.71875 690.71875 1
stats: {load,"tsung_controller@ip-172-31-54-152"} 1 0.0 0.0 0.0 0.0 0.0 1
stats: {cpu,"tsung_controller@ip-172-31-54-152"} 1 0.2 0.0 2.056400473201249 0.2 2.056400473201249 1
stats: session 2 11971.795 1030.0810000000001 13001.876 10941.714 0 0
stats: users_count 9 15
stats: finish_users_count 2 2
stats: request 12 2382.8249166666665 3300.2689078618896 10752.423 33.603 505.41616666666664 6
stats: connect 9 1.5787777777777776 0.6263512996851559 7.182 1.17 2.2826666666666666 6
stats: page 4 4993.3475 5024.714418809615 11123.49 33.603 0 0
stats: 200 12 18
stats: size_rcv 1423128 1424728
stats: size_sent 9273 14935
stats: connected 7 13
# stats: dump at 1669968445
stats: users 21 21
stats: {freemem,"tsung_controller@ip-172-31-54-152"} 1 690.4296875 0.0 691.63671875 690.4296875 691.177734375 2
stats: {load,"tsung_controller@ip-172-31-54-152"} 1 0.0 0.0 0.0 0.0 0.0 2
stats: {cpu,"tsung_controller@ip-172-31-54-152"} 1 0.1 0.0 2.056400473201249 0.1 1.1282002366006245 2
stats: session 3 14370.598666666667 6424.20300766574 23237.139 8221.542 11971.795 2
stats: users_count 11 26
stats: finish_users_count 3 5
stats: request 11 3861.866090909091 5022.540710429542 18505.99 33.511 1757.022 18
stats: connect 11 1.4040000000000001 0.5184434746080199 7.182 1.088 1.8603333333333332 15
stats: page 6 5293.612666666666 6687.045460050739 18879.224 33.511 4993.3475 4
stats: 200 8 26
stats: size_rcv 712425 2137153
stats: size_sent 8010 22945
stats: connected 8 21
stats: 500 3 3
# stats: dump at 1669968455
stats: users 25 26
stats: {freemem,"tsung_controller@ip-172-31-54-152"} 1 689.76171875 0.0 691.63671875 689.76171875 690.9283854166666 3
stats: {load,"tsung_controller@ip-172-31-54-152"} 1 0.0 0.0 0.0 0.0 0.0 3
stats: {cpu,"tsung_controller@ip-172-31-54-152"} 1 0.1500750375187594 0.0 2.056400473201249 0.1 0.7854668244004164 3
stats: session 9 14020.197444444442 7102.669637511004 28326.595 6979.777 13411.0772 5
stats: users_count 13 39
stats: finish_users_count 9 14
stats: request 35 5600.063114285713 6768.863543529275 31026.561 19.012 2555.411137931035 29
stats: connect 13 1.2545384615384616 0.17458637508942068 7.182 1.088 1.6672692307692307 26
stats: page 21 7995.051285714287 8800.632303333075 31538.709 19.012 5173.506599999999 10
stats: 200 17 43
stats: size_rcv 2138213 4275366
stats: size_sent 13813 36758
stats: connected 5 26
stats: 500 18 21
# stats: dump at 1669968465
stats: users 23 28
stats: {freemem,"tsung_controller@ip-172-31-54-152"} 1 689.2265625 0.0 691.63671875 689.2265625 690.63671875 4
stats: {load,"tsung_controller@ip-172-31-54-152"} 1 0.0 0.0 0.0 0.0 0.0 4
stats: {cpu,"tsung_controller@ip-172-31-54-152"} 1 0.10010010010010009 0.0 2.056400473201249 0.1 0.6266188776800021 4
stats: session 9 19982.39711111111 8489.697030515157 36386.338 6979.777 13802.654499999999 14
stats: users_count 7 46
stats: finish_users_count 9 23
stats: request 33 6148.503727272729 8527.43515193059 32725.507 19.012 4220.4551875 64
stats: connect 7 1.4498571428571427 0.6405986995596784 7.182 1.088 1.5296923076923077 39
stats: page 21 8982.597523809527 11049.15212020418 34905.705 19.012 7084.875580645162 31
stats: 200 17 60
stats: size_rcv 2138018 6413384
stats: size_sent 10164 46922
stats: connected -3 23
stats: 500 16 37
# stats: dump at 1669968475
stats: users 19 28
stats: {freemem,"tsung_controller@ip-172-31-54-152"} 1 688.27734375 0.0 691.63671875 688.27734375 690.3546875 5
stats: {load,"tsung_controller@ip-172-31-54-152"} 1 0.0 0.0 0.0 0.0 0.0 5
stats: {cpu,"tsung_controller@ip-172-31-54-152"} 1 0.29985007496251875 0.0 2.056400473201249 0.1 0.5213151221640218 5
stats: session 14 24261.23771428571 12809.047775291876 42558.729 6979.777 16220.81465217391 23
stats: users_count 10 56
stats: finish_users_count 14 37
stats: request 30 5472.732899999998 10691.1230284785 39829.512 6.721 4876.389226804124 97
stats: connect 10 1.386 0.3648747730386414 7.182 1.088 1.5175434782608697 46
stats: page 23 7671.846304347826 12544.400114806513 40476.572 6.721 7851.2632884615405 52
stats: 200 24 84
stats: size_rcv 2135399 8548783
stats: size_sent 14463 61385
stats: connected -4 19
stats: 500 6 43
# stats: dump at 1669968485
stats: users 32 33
stats: {freemem,"tsung_controller@ip-172-31-54-152"} 1 687.20703125 0.0 691.63671875 687.20703125 690.0084635416666 6
stats: {load,"tsung_controller@ip-172-31-54-152"} 1 0.0 0.0 0.0 0.0 0.0 6
stats: {cpu,"tsung_controller@ip-172-31-54-152"} 1 0.19960079840319359 0.0 2.056400473201249 0.1 0.4844042809637712 6
stats: session 7 24757.65442857143 14515.994191947266 48306.023 6979.777 19263.13689189189 37
stats: users_count 20 76
stats: finish_users_count 7 44
stats: request 29 7944.109482758619 11033.537520365468 45271.244 6.721 5017.257811023622 127
stats: connect 19 1.4004210526315788 0.45008704605939387 7.182 1.078 1.4940535714285714 56
stats: page 16 12804.320687500001 15514.89887047768 47470.477 6.721 7796.242080000001 75
stats: 200 14 98
stats: size_rcv 2137599 10686382
stats: newphase 1 1
stats: size_sent 13184 74569
stats: connected 13 32
stats: 500 15 58
# stats: dump at 1669968495
stats: users 38 39
stats: {freemem,"tsung_controller@ip-172-31-54-152"} 1 686.95703125 0.0 691.63671875 686.95703125 689.6082589285714 7
stats: {load,"tsung_controller@ip-172-31-54-152"} 1 0.0 0.0 0.0 0.0 0.0 7
stats: {cpu,"tsung_controller@ip-172-31-54-152"} 1 0.29985007496251875 0.0 2.056400473201249 0.1 0.443718069169403 7
stats: session 14 17278.602214285715 11440.26755776908 48306.023 6979.777 20137.264681818182 44
stats: users_count 20 96
stats: finish_users_count 14 58
stats: request 51 5090.943686274508 7198.191414682678 45271.244 6.721 5561.352032051282 156
stats: connect 21 1.5984285714285715 1.1649861871827196 7.182 1.078 1.4703333333333335 75
stats: page 32 7746.225375 10640.8107367348 47470.477 6.721 8676.783373626375 91
stats: 200 17 115
stats: size_rcv 1430486 12116868
stats: newphase 0 1
stats: size_sent 14420 88989
stats: connected 6 38
stats: 500 34 92
# stats: dump at 1669968505
stats: users 41 45
stats: {freemem,"tsung_controller@ip-172-31-54-152"} 1 687.87890625 0.0 691.63671875 686.95703125 689.27685546875 8
stats: {load,"tsung_controller@ip-172-31-54-152"} 1 0.078125 0.0 0.078125 0.0 0.0 8
stats: {cpu,"tsung_controller@ip-172-31-54-152"} 1 0.24987506246876562 0.0 2.056400473201249 0.1 0.4257345698935424 8
stats: session 21 18324.553666666667 11887.21430493628 52088.861 6979.777 19447.24270689655 58
stats: users_count 24 120
stats: finish_users_count 21 79
stats: request 60 5298.731900000001 7420.603963018519 45271.244 5.806 5445.454323671497 207
stats: connect 23 1.2560434782608692 0.0911818432826593 7.182 1.078 1.4983541666666669 96
stats: page 38 7888.922710526315 10457.852537917099 47470.477 5.806 8434.686983739837 123
stats: 200 21 136
stats: size_rcv 2142443 14259311
stats: newphase 0 1
stats: size_sent 13585 102574
stats: connected 5 43
stats: 500 39 131
# stats: dump at 1669968515
stats: users 49 50
stats: {freemem,"tsung_controller@ip-172-31-54-152"} 1 688.0859375 0.0 691.63671875 686.95703125 689.1215277777778 9
stats: {load,"tsung_controller@ip-172-31-54-152"} 1 0.0703125 0.0 0.078125 0.0 0.008680555555555556 9
stats: {cpu,"tsung_controller@ip-172-31-54-152"} 1 0.3501750875437719 0.0 2.056400473201249 0.1 0.40619462462412276 9
stats: session 18 14526.068277777778 6302.869792573519 52088.861 6979.777 19148.806379746835 79
stats: users_count 26 146
stats: finish_users_count 18 97
stats: request 71 4464.36590140845 4646.398397180541 45271.244 5.806 5412.482992509364 267
stats: connect 27 1.3134444444444444 0.3363982795276097 7.182 1.078 1.4515210084033614 119
stats: page 42 6477.191452380953 7254.449028652808 47470.477 5.806 8305.87305590062 161
stats: 200 21 157
stats: size_rcv 723904 14983215
stats: newphase 0 1
stats: size_sent 16080 118654
stats: connected 7 50
stats: 500 50 181
# stats: dump at 1669968525
stats: users 39 52
stats: {freemem,"tsung_controller@ip-172-31-54-152"} 1 688.171875 0.0 691.63671875 686.95703125 689.01796875 10
stats: {load,"tsung_controller@ip-172-31-54-152"} 1 0.05859375 0.0 0.078125 0.0 0.01484375 10
stats: {cpu,"tsung_controller@ip-172-31-54-152"} 1 0.34930139720558884 0.0 2.056400473201249 0.1 0.40059267091608763 10
stats: session 33 19167.107878787876 11771.763422937844 56441.211 6979.777 18290.978690721648 97
stats: users_count 23 169
stats: finish_users_count 33 130
stats: request 79 5368.859670886077 8410.199204875165 46170.178 5.207 5213.322301775148 338
stats: connect 22 1.4180454545454546 0.4154981104073352 7.182 1.078 1.425986301369863 146
stats: page 58 7658.002431034482 11494.565508701224 51811.482 5.207 7927.525137931033 203
stats: 200 37 194
stats: size_rcv 2854635 17837850
stats: newphase 0 1
stats: size_sent 15796 134450
stats: connected -10 40
stats: 500 42 223
# stats: dump at 1669968535
stats: users 24 52
stats: {freemem,"tsung_controller@ip-172-31-54-152"} 1 687.59765625 0.0 691.63671875 686.95703125 688.9410511363636 11
stats: {load,"tsung_controller@ip-172-31-54-152"} 1 0.05078125 0.0 0.078125 0.0 0.018821022727272728 11
stats: {cpu,"tsung_controller@ip-172-31-54-152"} 1 0.3501750875437719 0.0 2.056400473201249 0.1 0.39592982785149683 11
stats: session 26 18276.506384615386 11758.609540639924 56441.211 6979.777 18513.380715384614 130
stats: users_count 11 180
stats: finish_users_count 26 156
stats: request 75 5278.988386666665 8288.47884163722 50084.064 5.207 5242.788613908873 417
stats: connect 12 1.491083333333333 0.8112386063230033 7.182 1.078 1.4249464285714286 168
stats: page 52 8230.80740384615 11404.450817848767 54639.041 5.207 7867.6312030651325 261
stats: 200 33 227
stats: size_rcv 2145033 19982883
stats: newphase 0 1
stats: size_sent 16946 151396
stats: connected -12 28
stats: 500 42 265
# stats: dump at 1669968545
stats: users 26 52
stats: {freemem,"tsung_controller@ip-172-31-54-152"} 1 687.234375 0.0 691.63671875 686.95703125 688.8291015625 12
stats: {load,"tsung_controller@ip-172-31-54-152"} 1 0.0390625 0.0 0.078125 0.0 0.021484375 12
stats: {cpu,"tsung_controller@ip-172-31-54-152"} 1 0.34965034965034963 0.0 2.056400473201249 0.1 0.39211693282585314 12
stats: session 16 24194.0859375 15748.562131746634 56441.211 6979.777 18473.90166025641 156
stats: users_count 18 198
stats: finish_users_count 16 172
stats: request 37 5424.924783783784 11223.187866783399 50084.064 5.207 5248.306871951218 492
stats: connect 18 1.2863888888888888 0.20347102957557164 7.182 1.078 1.4293555555555555 180
stats: page 31 7795.237677419354 13893.889309431068 54639.041 5.207 7927.967185303512 313
stats: 200 25 252
stats: size_rcv 2136539 22119422
stats: newphase 1 2
stats: size_sent 13708 165104
stats: connected -1 27
stats: 500 12 277
# stats: dump at 1669968555
stats: users 59 59
stats: {freemem,"tsung_controller@ip-172-31-54-152"} 1 687.39453125 0.0 691.63671875 686.95703125 688.7064302884615 13
stats: {load,"tsung_controller@ip-172-31-54-152"} 1 0.03125 0.0 0.078125 0.0 0.02283653846153846 13
stats: {cpu,"tsung_controller@ip-172-31-54-152"} 1 0.3 0.0 2.056400473201249 0.1 0.38885027258158367 13
stats: session 5 10590.313400000001 2210.571305463146 56441.211 6979.777 19006.011825581394 172
stats: users_count 38 236
stats: finish_users_count 5 177
stats: request 52 5562.698788461541 5242.122541942126 50084.064 5.207 5260.660109640831 529
stats: connect 38 1.6337894736842107 1.6476901720430004 9.477 1.078 1.4163585858585857 198
stats: page 20 9340.0802 9765.99633148265 54639.041 5.207 7916.00609593023 344
stats: 200 9 261
stats: size_rcv 722103 22841525
stats: newphase 0 2
stats: size_sent 18205 183309
stats: connected 32 59
stats: 500 43 320
# stats: dump at 1669968565
stats: users 64 69
stats: {freemem,"tsung_controller@ip-172-31-54-152"} 1 685.296875 0.0 691.63671875 685.296875 688.6127232142857 14
stats: {load,"tsung_controller@ip-172-31-54-152"} 1 0.03125 0.0 0.078125 0.0 0.0234375 14
stats: {cpu,"tsung_controller@ip-172-31-54-152"} 1 0.25 0.0 2.056400473201249 0.1 0.38250382454004195 14
stats: session 30 15805.678600000003 6992.650436501469 56441.211 6979.777 18768.28023163842 177
stats: users_count 35 271
stats: finish_users_count 30 207
stats: request 90 4504.289011111111 4745.139628416113 50084.064 5.207 5287.692831325301 581
stats: connect 34 1.253323529411765 0.13517585944161242 9.477 1.038 1.4513686440677964 236
stats: page 62 6789.687725806454 7536.634636625557 54639.041 5.207 7994.251925824173 364
stats: 200 33 294
stats: size_rcv 726579 23568104
stats: newphase 0 2
stats: size_sent 20536 203845
stats: connected 4 63
stats: 500 57 377
# stats: dump at 1669968575
stats: users 75 75
stats: {freemem,"tsung_controller@ip-172-31-54-152"} 1 683.5 0.0 691.63671875 683.5 688.3916666666667 15
stats: {load,"tsung_controller@ip-172-31-54-152"} 1 0.01953125 0.0 0.078125 0.0 0.023958333333333335 15
stats: {cpu,"tsung_controller@ip-172-31-54-152"} 1 0.3003003003003003 0.0 2.056400473201249 0.1 0.3736702362373725 15
stats: session 33 21436.856939393943 11887.733694219272 57348.402 6979.777 18338.917676328503 207
stats: users_count 44 315
stats: finish_users_count 33 240
stats: request 105 7553.648295238098 9328.124241312873 58613.384 5.207 5182.6163129657225 671
stats: connect 45 1.274244444444444 0.2483831409161218 9.477 1.038 1.4264296296296295 270
stats: page 66 10755.906242424242 13347.561046793937 65313.897 5.207 7818.939765258214 426
stats: 200 44 338
stats: size_rcv 4282130 27850234
stats: newphase 0 2
stats: size_sent 28485 232330
stats: connected 12 75
stats: 500 61 438
# stats: dump at 1669968585
stats: users 80 88
stats: {freemem,"tsung_controller@ip-172-31-54-152"} 1 681.34765625 0.0 691.63671875 681.34765625 688.0859375 16
stats: {load,"tsung_controller@ip-172-31-54-152"} 1 0.01953125 0.0 0.078125 0.0 0.023681640625 16
stats: {cpu,"tsung_controller@ip-172-31-54-152"} 1 0.4502251125562781 0.0 2.056400473201249 0.1 0.3690846152413055 16
stats: session 42 17746.704095238103 10386.936905347058 71895.497 6979.777 18764.884325 240
stats: users_count 47 362
stats: finish_users_count 42 282
stats: request 132 4476.658037878789 5053.200534139012 58613.384 5.207 5503.438939432989 776
stats: connect 47 1.3931489361702132 0.4970356799865773 9.477 1.038 1.4046888888888889 315
stats: page 90 7484.448011111113 8090.631545812174 65313.897 5.207 8212.923073170728 492
stats: 200 46 384
stats: size_rcv 1445320 29295554
stats: newphase 0 2
stats: size_sent 30458 262788
stats: connected 5 80
stats: 500 86 524
# stats: dump at 1669968595
stats: users 91 91
stats: {freemem,"tsung_controller@ip-172-31-54-152"} 1 682.0546875 0.0 691.63671875 681.34765625 687.6895680147059 17
stats: {load,"tsung_controller@ip-172-31-54-152"} 1 0.01953125 0.0 0.078125 0.0 0.0234375 17
stats: {cpu,"tsung_controller@ip-172-31-54-152"} 1 0.5007511266900351 0.0 2.056400473201249 0.1 0.373857585671598 17
stats: session 27 17521.47362962963 8878.33028256424 71895.497 6979.777 18613.24046099291 282
stats: users_count 38 400
stats: finish_users_count 27 309
stats: request 98 5486.451632653059 4538.900492917898 58613.384 5.207 5354.1712312775335 908
stats: connect 36 1.2952500000000002 0.21064469492489002 9.477 1.038 1.4031906077348066 362
stats: page 55 7481.261963636367 7697.165470269436 65313.897 5.207 8100.272290378004 582
stats: 200 35 419
stats: size_rcv 729312 30024866
stats: newphase 0 2
stats: size_sent 26215 289003
stats: connected 9 89
stats: 500 63 587
# stats: dump at 1669968605
stats: users 115 115
stats: {freemem,"tsung_controller@ip-172-31-54-152"} 1 681.234375 0.0 691.63671875 681.234375 687.3765190972222 18
stats: {load,"tsung_controller@ip-172-31-54-152"} 1 0.01171875 0.0 0.078125 0.0 0.023220486111111112 18
stats: {cpu,"tsung_controller@ip-172-31-54-152"} 1 0.35035035035035034 0.0 2.056400473201249 0.1 0.38090722683928896 18
stats: session 37 23105.156540540545 9216.324116481414 71895.497 6979.777 18517.8433592233 309
stats: users_count 61 461
stats: finish_users_count 37 346
stats: 200 49 468
stats: request 114 7850.751122807017 7333.353829719888 58613.384 5.207 5367.057393638171 1006
stats: connect 63 1.4787936507936508 0.5452061546523467 9.477 0.984 1.3934271356783918 398
stats: page 78 11120.308384615386 10554.19161990818 65313.897 5.207 8046.825558869699 637
stats: size_rcv 3572740 33597606
stats: newphase 1 3
stats: size_sent 38345 327348
stats: connected 26 115
stats: 500 65 652
# stats: dump at 1669968615
stats: users 154 157
stats: {freemem,"tsung_controller@ip-172-31-54-152"} 1 680.6484375 0.0 691.63671875 680.6484375 687.0532483552631 19
stats: {load,"tsung_controller@ip-172-31-54-152"} 1 0.01171875 0.0 0.078125 0.0 0.02261513157894737 19
stats: {cpu,"tsung_controller@ip-172-31-54-152"} 1 0.7003501750875438 0.0 2.056400473201249 0.1 0.3792989701819764 19
stats: session 31 25793.5223548387 8649.34848477228 71895.497 6979.777 19008.394190751445 346
stats: users_count 70 531
stats: finish_users_count 31 377
stats: request 138 8018.647760869566 4768.043554251555 58613.384 5.207 5619.861933928571 1120
stats: 200 45 513
stats: connect 69 1.2985797101449277 0.29887287810954205 9.477 0.984 1.4050932754880692 461
stats: page 70 12232.59708571428 9221.799021692475 65313.897 5.207 8382.114594405593 715
stats: size_rcv 1449643 35047249
stats: newphase 0 3
stats: size_sent 42065 369413
stats: connected 38 153
stats: 500 93 745
# stats: dump at 1669968625
stats: users 206 208
stats: {freemem,"tsung_controller@ip-172-31-54-152"} 1 677.37109375 0.0 691.63671875 677.37109375 686.7330078125 20
stats: {load,"tsung_controller@ip-172-31-54-152"} 1 0.01171875 0.0 0.078125 0.0 0.0220703125 20
stats: {cpu,"tsung_controller@ip-172-31-54-152"} 1 0.45090180360721444 0.0 2.056400473201249 0.1 0.39535153042725474 20
stats: session 22 27077.174590909093 10939.432000227238 71895.497 617.951 19566.32250132626 377
stats: users_count 74 605
stats: finish_users_count 22 399
stats: request 125 8321.290167999998 5734.487946200293 58613.384 0.67 5883.003781399046 1258
stats: connect 75 1.371333333333333 0.4479237534323101 9.477 0.984 1.3912264150943394 530
stats: page 70 12996.009657142855 9369.913110464286 65313.897 0.896 8725.469721019106 785
stats: 200 26 539
stats: size_rcv 1449571 36496820
stats: newphase 0 3
stats: 502 23 23
stats: size_sent 42829 412242
stats: connected 53 206
stats: 500 76 821
# stats: dump at 1669968635
stats: users 220 223
stats: {freemem,"tsung_controller@ip-172-31-54-152"} 1 672.91015625 0.0 691.63671875 672.91015625 686.2872023809524 21
stats: {load,"tsung_controller@ip-172-31-54-152"} 1 0.01171875 0.0 0.078125 0.0 0.021577380952380952 21
stats: {cpu,"tsung_controller@ip-172-31-54-152"} 1 0.5005005005005005 0.0 2.056400473201249 0.1 0.3979967815310623 21
stats: session 63 21750.969396825403 13322.936080497917 71895.497 51.816 19980.454696741854 399
stats: users_count 77 682
stats: finish_users_count 63 462
stats: request 226 6571.801234513276 7910.802200279714 58613.384 0.656 6103.383968185104 1383
stats: connect 77 1.5303506493506491 1.5275422477311305 14.219 0.984 1.3887603305785123 605
stats: page 141 8826.389368794333 10925.510504442587 65313.897 0.656 9075.104569590641 855
stats: 200 39 578
stats: size_rcv 2189947 38686767
stats: newphase 0 3
stats: 502 120 143
stats: size_sent 51946 464188
stats: connected 16 222
stats: 500 67 888
# stats: dump at 1669968645
stats: users 216 223
stats: {freemem,"tsung_controller@ip-172-31-54-152"} 1 670.7421875 0.0 691.63671875 670.7421875 685.6791548295455 22
stats: {load,"tsung_controller@ip-172-31-54-152"} 1 0.0 0.0 0.078125 0.0 0.021129261363636364 22
stats: {cpu,"tsung_controller@ip-172-31-54-152"} 1 0.5994005994005994 0.0 2.056400473201249 0.1 0.4026560414842186 22
stats: session 84 25941.37591666666 14195.213041292325 71895.497 51.816 20221.88851948052 462
stats: users_count 80 762
stats: finish_users_count 84 546
stats: request 252 8644.908869047624 8186.010273626823 58613.384 0.656 6169.177816656307 1609
stats: connect 80 1.38255 0.5379617760584854 14.219 0.96 1.4047463343108504 682
stats: 200 68 646
stats: page 167 11208.592167664667 11472.601374735857 65313.897 0.656 9039.894887550201 996
stats: size_rcv 2189322 40876089
stats: newphase 0 3
stats: 502 104 247
stats: size_sent 56415 520603
stats: connected -6 216
stats: 500 80 968
# stats: dump at 1669968655
stats: users 215 223
stats: {freemem,"tsung_controller@ip-172-31-54-152"} 1 669.46484375 0.0 691.63671875 669.46484375 685.0297214673913 23
stats: {load,"tsung_controller@ip-172-31-54-152"} 1 0.0 0.0 0.078125 0.0 0.020210597826086956 23
stats: {cpu,"tsung_controller@ip-172-31-54-152"} 1 0.998003992015968 0.0 2.056400473201249 0.1 0.4112101526979743 23
stats: session 91 24145.25737362638 14811.838192096615 71895.497 18.883 21101.809657509155 546
stats: users_count 90 852
stats: finish_users_count 91 637
stats: request 268 7536.619828358205 7273.4873978781825 58613.384 0.656 6504.419205803332 1861
stats: connect 90 1.3267888888888888 0.3950983420321367 14.219 0.958 1.4024160104986874 762
stats: page 186 12234.135301075265 12733.074725450213 65313.897 0.656 9351.30713671539 1163
stats: 200 67 713
stats: size_rcv 2192183 43068272
stats: newphase 0 3
stats: 502 104 351
stats: size_sent 60988 581591
stats: connected -1 215
stats: 500 97 1065
# stats: dump at 1669968665
stats: users 234 236
stats: {freemem,"tsung_controller@ip-172-31-54-152"} 1 668.28125 0.0 691.63671875 668.28125 684.3811848958334 24
stats: {load,"tsung_controller@ip-172-31-54-152"} 1 0.0 0.0 0.078125 0.0 0.019368489583333332 24
stats: {cpu,"tsung_controller@ip-172-31-54-152"} 1 0.7511266900350526 0.0 2.056400473201249 0.1 0.43565989600289073 24
stats: session 117 19878.393760683768 15972.951325318068 71895.497 9.574 21536.587902668758 637
stats: users_count 136 988
stats: finish_users_count 117 754
stats: connect 127 1.391448818897638 0.5571952075789943 14.219 0.958 1.3944272300469482 852
stats: 200 47 760
stats: size_rcv 801270 43869542
stats: request 342 4296.5928625731 6478.904194747529 58613.384 0.656 6634.353337717239 2129
stats: newphase 1 4
stats: 502 225 576
stats: page 226 6869.01626106195 10932.870929066266 65313.897 0.656 9748.79122757598 1349
stats: size_sent 69881 651472
stats: connected 18 233
stats: 500 70 1135
# stats: dump at 1669968675
stats: users 245 246
stats: {freemem,"tsung_controller@ip-172-31-54-152"} 1 665.890625 0.0 691.63671875 665.890625 683.7371875 25
stats: {load,"tsung_controller@ip-172-31-54-152"} 1 0.0 0.0 0.078125 0.0 0.01859375 25
stats: {cpu,"tsung_controller@ip-172-31-54-152"} 1 0.9013520280420632 0.0 2.056400473201249 0.1 0.4482785677641772 25
stats: session 144 15689.612319444448 16822.96850028127 72802.69 9.574 21279.28191511936 754
stats: users_count 155 1143
stats: finish_users_count 144 898
stats: request 458 4113.537203056778 7346.371923141656 58613.384 0.65 6310.794421286929 2471
stats: connect 157 1.3722802547770703 0.5437382968579635 14.219 0.958 1.394040858018386 979
stats: page 305 6297.66400327869 11062.8609476118 65313.897 0.656 9335.566375238095 1575
stats: 200 48 808
stats: size_rcv 2258872 46128414
stats: newphase 0 4
stats: 502 333 909
stats: size_sent 93361 744833
stats: connected 11 244
stats: 500 77 1212
# stats: dump at 1669968685
stats: users 242 246
stats: {freemem,"tsung_controller@ip-172-31-54-152"} 1 664.75390625 0.0 691.63671875 664.75390625 683.05078125 26
stats: {load,"tsung_controller@ip-172-31-54-152"} 1 0.0 0.0 0.078125 0.0 0.017878605769230768 26
stats: {cpu,"tsung_controller@ip-172-31-54-152"} 1 1.0005002501250626 0.0 2.056400473201249 0.1 0.46570447008255744 26
stats: session 146 15446.556808219177 15731.913883244988 72802.69 9.574 20382.942915367483 898
stats: users_count 143 1286
stats: finish_users_count 146 1044
stats: request 467 4459.0152505353335 7415.964386772402 58613.384 0.65 5967.215108910893 2929
stats: connect 145 1.3364896551724141 0.5216549145680355 14.219 0.946 1.3910334507042252 1136
stats: page 304 6241.307470394738 11129.711736263502 65313.897 0.656 8842.71519255319 1880
stats: 200 61 869
stats: size_rcv 2258292 48386706
stats: newphase 0 4
stats: 502 319 1228
stats: size_sent 96689 841522
stats: connected -3 241
stats: 500 87 1299
# stats: dump at 1669968695
stats: users 246 251
stats: {freemem,"tsung_controller@ip-172-31-54-152"} 1 664.0234375 0.0 691.63671875 664.0234375 682.3731192129629 27
stats: {load,"tsung_controller@ip-172-31-54-152"} 1 0.0 0.0 0.078125 0.0 0.017216435185185185 27
stats: {cpu,"tsung_controller@ip-172-31-54-152"} 1 1.1511511511511512 0.0 2.056400473201249 0.1 0.48551172119524283 27
stats: session 164 16383.831664634145 16152.022502581376 72802.69 9.574 19692.60539463601 1044
stats: users_count 168 1454
stats: finish_users_count 164 1208
stats: request 490 4024.9347775510196 6822.336575918589 58613.384 0.65 5759.8154228504145 3396
stats: connect 165 1.3904363636363637 0.8635369781411101 14.219 0.946 1.3848594847775177 1281
stats: page 329 6764.64054711246 11537.624540632409 70382.593 0.654 8480.61448397436 2184
stats: 200 61 930
stats: size_rcv 2263210 50649916
stats: newphase 0 4
stats: 502 337 1565
stats: size_sent 99850 941372
stats: connected 6 247
stats: 500 92 1391
# stats: dump at 1669968705
stats: users 217 251
stats: {freemem,"tsung_controller@ip-172-31-54-152"} 1 668.3671875 0.0 691.63671875 664.0234375 681.7177734375 28
stats: {load,"tsung_controller@ip-172-31-54-152"} 1 0.0 0.0 0.078125 0.0 0.0166015625 28
stats: {cpu,"tsung_controller@ip-172-31-54-152"} 1 1.098901098901099 0.0 2.056400473201249 0.1 0.5092845579793824 28
stats: session 157 16809.187611464957 14899.670426107194 80863.82 9.574 19243.401014072846 1208
stats: users_count 128 1582
stats: finish_users_count 157 1365
stats: request 416 4745.183103365389 7182.111198209206 58613.384 0.647 5541.057955995884 3886
stats: connect 135 1.2887407407407396 0.3171502731318379 14.219 0.946 1.3854958506224069 1446
stats: page 289 6605.595249134947 10588.703890614861 70382.593 0.654 8255.960514524471 2513
stats: 200 72 1002
stats: size_rcv 1527935 52177851
stats: newphase 0 4
stats: 502 270 1835
stats: size_sent 82681 1024053
stats: connected -26 221
stats: 500 74 1465
# stats: dump at 1669968715
stats: users 244 251
stats: {freemem,"tsung_controller@ip-172-31-54-152"} 1 668.57421875 0.0 691.63671875 664.0234375 681.2574084051724 29
stats: {load,"tsung_controller@ip-172-31-54-152"} 1 0.0 0.0 0.078125 0.0 0.01602909482758621 29
stats: {cpu,"tsung_controller@ip-172-31-54-152"} 1 0.9509509509509511 0.0 2.056400473201249 0.1 0.529616162838752 29
stats: session 136 15298.748242647054 15580.283313200807 80863.82 9.574 18963.421890109887 1365
stats: users_count 163 1745
stats: finish_users_count 136 1501
stats: request 442 4116.011434389138 7212.0654449390095 58613.384 0.647 5464.09748675035 4302
stats: connect 158 1.377253164556962 0.8837864950422694 14.219 0.946 1.3772340290955092 1581
stats: page 288 6251.974333333335 10946.303960776806 70748.66 0.651 8085.740827980013 2802
stats: 200 57 1059
stats: size_rcv 2251214 54429065
stats: newphase 0 4
stats: 502 309 2144
stats: size_sent 88903 1112956
stats: connected 23 244
stats: 500 76 1541
# stats: dump at 1669968725
stats: users 295 297
stats: {freemem,"tsung_controller@ip-172-31-54-152"} 1 667.796875 0.0 691.63671875 664.0234375 680.8346354166666 30
stats: {load,"tsung_controller@ip-172-31-54-152"} 1 0.0 0.0 0.078125 0.0 0.015494791666666669 30
stats: {cpu,"tsung_controller@ip-172-31-54-152"} 1 0.9009009009009009 0.0 2.056400473201249 0.1 0.5436606557758253 30
stats: session 253 10924.085667984184 14274.113755573127 84303.545 9.574 18631.379507661557 1501
stats: users_count 304 2049
stats: finish_users_count 253 1754
stats: request 835 2237.632834730536 5576.650454848072 60005.354 0.631 5338.495877318719 4744
stats: connect 294 1.3219285714285711 0.5335271273124087 14.219 0.946 1.3772357676825762 1739
stats: page 542 3581.4791420664105 8939.546928164566 73290.944 0.651 7914.826669255662 3090
stats: 504 1 1
stats: 200 63 1122
stats: size_rcv 1663454 56092519
stats: newphase 1 5
stats: 502 690 2834
stats: size_sent 165977 1278933
stats: connected 45 289
stats: 500 82 1623
# stats: dump at 1669968735
stats: users 293 305
stats: {freemem,"tsung_controller@ip-172-31-54-152"} 1 667.05078125 0.0 691.63671875 664.0234375 680.4140625 31
stats: {load,"tsung_controller@ip-172-31-54-152"} 1 0.0 0.0 0.078125 0.0 0.014994959677419357 31
stats: {cpu,"tsung_controller@ip-172-31-54-152"} 1 1.900950475237619 0.0 2.056400473201249 0.1 0.5551845346508277 31
stats: session 308 9574.080123376627 12655.809014833298 84303.545 9.574 17519.66608608894 1754
stats: users_count 306 2355
stats: finish_users_count 308 2062
stats: request 937 2143.978062966918 5475.351064514411 60005.354 0.631 4874.394669116329 5579
stats: connect 305 1.3592918032786885 0.6771953129637172 14.219 0.922 1.3692375799311363 2033
stats: page 622 3111.2190048231473 8245.6981792101 73290.944 0.643 7268.165226596913 3632
stats: 504 0 1
stats: 200 62 1184
stats: size_rcv 2405339 58497858
stats: newphase 0 5
stats: 502 789 3623
stats: size_sent 185000 1463933
stats: connected -7 282
stats: 500 85 1708
# stats: dump at 1669968745
stats: users 284 308
stats: {freemem,"tsung_controller@ip-172-31-54-152"} 1 661.6484375 0.0 691.63671875 661.6484375 679.9964599609375 32
stats: {load,"tsung_controller@ip-172-31-54-152"} 1 0.0 0.0 0.078125 0.0 0.014526367187500002 32
stats: {cpu,"tsung_controller@ip-172-31-54-152"} 1 2.2488755622188905 0.0 2.2488755622188905 0.1 0.5972397202941649 32
stats: session 322 9314.0397795031 11279.426757849227 84303.545 9.574 16332.837532977692 2062
stats: users_count 313 2668
stats: finish_users_count 322 2384
stats: connect 325 1.2968861538461527 0.5508271843682494 14.219 0.922 1.3679401197604788 2338
stats: page 649 3154.735659476117 8033.398603376612 73290.944 0.643 6660.3559764927095 4254
stats: request 974 2056.2322361396305 5365.524477024652 60005.354 0.614 4481.761096378147 6516
stats: 504 0 1
stats: 200 61 1245
stats: size_rcv 1707223 60205081
stats: newphase 0 5
stats: 502 835 4458
stats: size_sent 191503 1655436
stats: connected 7 289
stats: 500 78 1786
# stats: dump at 1669968755
stats: users 279 308
stats: {freemem,"tsung_controller@ip-172-31-54-152"} 1 661.8984375 0.0 691.63671875 661.6484375 679.440459280303 33
stats: {load,"tsung_controller@ip-172-31-54-152"} 1 0.0 0.0 0.078125 0.0 0.014086174242424244 33
stats: {cpu,"tsung_controller@ip-172-31-54-152"} 1 1.848151848151848 0.0 2.2488755622188905 0.1 0.6472892912615809 33
stats: session 291 9897.441663230244 12632.58206631987 84303.545 9.298 15384.828776006712 2384
stats: users_count 286 2954
stats: finish_users_count 291 2675
stats: connect 282 1.3349858156028365 0.5723072004733964 14.219 0.922 1.3592684941794964 2663
stats: 504 0 1
stats: 200 67 1312
stats: page 569 3521.9329806678425 8929.207192973541 73290.944 0.643 6196.324243728327 4903
stats: size_rcv 2372933 62578014
stats: newphase 0 5
stats: 502 702 5160
stats: size_sent 168461 1823897
stats: connected -10 279
stats: 500 67 1853
stats: request 836 2210.465450956942 5712.065643602611 60005.354 0.614 4166.3451938584785 7490
# stats: dump at 1669968765
stats: users 261 308
stats: {freemem,"tsung_controller@ip-172-31-54-152"} 1 660.4921875 0.0 691.63671875 660.4921875 678.9245174632352 34
stats: {load,"tsung_controller@ip-172-31-54-152"} 1 0.0 0.0 0.078125 0.0 0.013671875000000002 34
stats: {cpu,"tsung_controller@ip-172-31-54-152"} 1 2.15 0.0 2.2488755622188905 0.1 0.6826087782289416 34
stats: session 311 9179.331842443733 11897.835249273921 84303.545 9.298 14787.883112523366 2675
stats: users_count 293 3247
stats: finish_users_count 311 2986
stats: request 927 2109.3010000000013 5105.222836638069 60005.354 0.614 3969.9585177756435 8326
stats: connect 293 1.2960136518771335 0.5001342138821713 14.219 0.922 1.3569432937181658 2945
stats: page 612 2902.0382777777795 7440.128646547739 73290.944 0.637 5918.230561586255 5472
stats: 504 0 1
stats: 200 66 1378
stats: size_rcv 1690342 64268356
stats: newphase 0 5
stats: 502 771 5931
stats: size_sent 179675 2003572
stats: connected -22 257
stats: 500 90 1943
# stats: dump at 1669968775
stats: users 281 308
stats: {freemem,"tsung_controller@ip-172-31-54-152"} 1 660.765625 0.0 691.63671875 660.4921875 678.3978794642857 35
stats: {load,"tsung_controller@ip-172-31-54-152"} 1 0.0 0.0 0.078125 0.0 0.013281250000000001 35
stats: {cpu,"tsung_controller@ip-172-31-54-152"} 1 2.1912350597609564 0.0 2.2488755622188905 0.1 0.7245342417081146 35
stats: session 268 8410.8492835821 11406.329040346944 84303.545 5.448 14203.737283657068 2986
stats: users_count 288 3535
stats: finish_users_count 268 3254
stats: request 839 1589.5231609058417 4693.793858785288 60005.354 0.614 3783.550918188696 9253
stats: connect 289 1.4317335640138416 0.7406430678304902 14.219 0.922 1.3514298949969112 3238
stats: page 553 2383.0974918625675 7023.770915090077 73290.944 0.637 5614.82660404339 6084
stats: 504 0 1
stats: 200 36 1414
stats: size_rcv 961056 65229412
stats: newphase 0 5
stats: 502 743 6674
stats: size_sent 164797 2168369
stats: connected 22 279
stats: 500 60 2003
# stats: dump at 1669968785
stats: users 379 379
stats: {freemem,"tsung_controller@ip-172-31-54-152"} 1 660.80859375 0.0 691.63671875 660.4921875 677.9080946180555 36
stats: {load,"tsung_controller@ip-172-31-54-152"} 1 0.0 0.0 0.078125 0.0 0.01291232638888889 36
stats: {cpu,"tsung_controller@ip-172-31-54-152"} 1 2.0968547179231156 0.0 2.2488755622188905 0.1 0.7652759310984714 36
stats: session 431 8078.633972157772 11947.77890869641 84303.545 5.448 13726.634031038724 3254
stats: users_count 529 4064
stats: finish_users_count 431 3685
stats: connect 522 1.3013620689655192 0.5723951401717796 14.219 0.816 1.358009923447689 3527
stats: request 1450 1724.2075703448263 5527.030431554871 60005.354 0.614 3601.150077090766 10092
stats: page 943 2692.766073170728 8257.475385338397 73290.944 0.637 5345.5564218773525 6637
stats: 504 0 1
stats: 200 74 1488
stats: size_rcv 3984365 69213777
stats: newphase 1 6
stats: 502 1294 7968
stats: size_sent 283998 2452367
stats: connected 94 373
stats: 500 82 2085
# stats: dump at 1669968795
stats: users 371 397
stats: {freemem,"tsung_controller@ip-172-31-54-152"} 1 658.171875 0.0 691.63671875 658.171875 677.4459459459459 37
stats: {load,"tsung_controller@ip-172-31-54-152"} 1 0.0 0.0 0.078125 0.0 0.012563344594594596 37
stats: {cpu,"tsung_controller@ip-172-31-54-152"} 1 3.35 0.0 3.35 0.1 0.8012645469585968 37
stats: session 616 6166.186339285717 9127.994477651147 84303.545 5.448 13066.040265671643 3685
stats: users_count 608 4672
stats: finish_users_count 616 4301
stats: connect 610 1.3056049180327851 0.6108791485017094 14.219 0.816 1.350706841195357 4049
stats: 504 0 1
stats: request 1853 990.4661009174322 3767.7791899934714 60005.354 0.614 3365.353279760874 11542
stats: page 1236 1602.9973066343066 5964.6632648947925 73290.944 0.637 5015.532503825855 7580
stats: 200 58 1546
stats: size_rcv 1983742 71197519
stats: newphase 0 6
stats: 502 1710 9678
stats: size_sent 357284 2809651
stats: connected -5 368
stats: 500 85 2170
# stats: dump at 1669968805
stats: users 383 403
stats: {freemem,"tsung_controller@ip-172-31-54-152"} 1 654.4609375 0.0 691.63671875 654.4609375 676.9387335526316 38
stats: {load,"tsung_controller@ip-172-31-54-152"} 1 0.0 0.0 0.078125 0.0 0.012232730263157895 38
stats: {cpu,"tsung_controller@ip-172-31-54-152"} 1 4.527162977867203 0.0 4.527162977867203 0.1 0.8683365325649495 38
stats: session 632 5429.298800632918 7780.91021126364 84303.545 5.448 12077.825892583123 4301
stats: users_count 644 5316
stats: finish_users_count 632 4933
stats: request 1943 756.842015440043 3615.659707637458 60005.354 0.614 3036.822787607317 13395
stats: connect 650 1.3654061538461546 0.7311940127420506 14.219 0.816 1.3448016741790083 4659
stats: page 1290 1233.1537310077517 5416.115168195875 73290.944 0.637 4537.096307849363 8816
stats: 504 0 1
stats: 200 44 1590
stats: size_rcv 2016710 73214229
stats: newphase 0 6
stats: 502 1850 11528
stats: size_sent 368928 3178579
stats: connected 20 388
stats: 500 49 2219
# stats: dump at 1669968815
stats: users 386 412
stats: {freemem,"tsung_controller@ip-172-31-54-152"} 1 653.48828125 0.0 691.63671875 653.48828125 676.3623798076923 39
stats: {load,"tsung_controller@ip-172-31-54-152"} 1 0.0 0.0 0.078125 0.0 0.011919070512820512 39
stats: {cpu,"tsung_controller@ip-172-31-54-152"} 1 4.940119760479042 0.0 4.940119760479042 0.1 0.9621525952650074 39
stats: session 655 6472.0618427480995 9630.89469606496 84303.545 5.448 11226.038111899456 4933
stats: users_count 658 5974
stats: finish_users_count 655 5588
stats: connect 660 1.2708742424242456 0.517880017931674 14.219 0.816 1.34732435486909 5309
stats: page 1293 1663.459930394432 6303.995462415655 74525.123 0.637 4115.358140015831 10106
stats: request 1928 1141.5274133817434 4610.757189289848 60005.354 0.614 2747.9974752901303 15338
stats: 504 0 1
stats: 200 78 1668
stats: size_rcv 2714351 75928580
stats: newphase 0 6
stats: 502 1797 13325
stats: size_sent 376884 3555463
stats: connected 3 391
stats: 500 53 2272
# stats: dump at 1669968825
stats: users 371 412
stats: {freemem,"tsung_controller@ip-172-31-54-152"} 1 653.1484375 0.0 691.63671875 653.1484375 675.79052734375 40
stats: {load,"tsung_controller@ip-172-31-54-152"} 1 0.0 0.0 0.078125 0.0 0.01162109375 40
stats: {cpu,"tsung_controller@ip-172-31-54-152"} 1 5.580693815987934 0.0 5.580693815987934 0.1 1.0616017743953583 40
stats: session 650 6270.233015384615 9006.128313136593 84303.545 5.448 10668.79858858268 5588
stats: users_count 635 6609
stats: finish_users_count 650 6238
stats: request 1960 1143.332242857143 4211.571815162847 60005.354 0.611 2568.6117299316584 17266
stats: connect 634 1.2757003154574116 0.5891554414277599 14.219 0.816 1.3388711676997824 5969
stats: page 1297 1740.1251148804915 6291.3327365341665 74525.123 0.636 3837.2368675322386 11399
stats: 504 0 1
stats: 200 71 1739
stats: size_rcv 2722515 78651095
stats: newphase 0 6
stats: 502 1789 15114
stats: size_sent 374889 3930352
stats: connected -12 379
stats: 500 100 2372
# stats: dump at 1669968835
stats: users 351 412
stats: {freemem,"tsung_controller@ip-172-31-54-152"} 1 655.76171875 0.0 691.63671875 653.1484375 675.23828125 41
stats: {load,"tsung_controller@ip-172-31-54-152"} 1 0.078125 0.0 0.078125 0.0 0.01133765243902439 41
stats: {cpu,"tsung_controller@ip-172-31-54-152"} 1 5.455455455455455 0.0 5.580693815987934 0.1 1.1718235315073724 41
stats: session 607 4834.694940691931 6985.083758258434 84303.545 5.448 10210.46777380571 6238
stats: users_count 587 7196
stats: finish_users_count 607 6845
stats: request 1785 643.2649613445385 3359.346326686869 60005.354 0.611 2423.311210080101 19226
stats: connect 582 1.3046563573883136 0.5260517843785911 14.219 0.816 1.3328056943813418 6603
stats: page 1201 940.7309017485434 4909.330519253232 74525.123 0.636 3622.9997894612466 12696
stats: 504 0 1
stats: 200 31 1770
stats: size_rcv 1971202 80622297
stats: newphase 0 6
stats: 502 1713 16827
stats: size_sent 339555 4269907
stats: connected -35 344
stats: 500 41 2413
# stats: dump at 1669968845
stats: users 208 412
stats: {freemem,"tsung_controller@ip-172-31-54-152"} 1 657.47265625 0.0 691.63671875 653.1484375 674.7745535714286 42
stats: {load,"tsung_controller@ip-172-31-54-152"} 1 0.0703125 0.0 0.078125 0.0 0.01292782738095238 42
stats: {cpu,"tsung_controller@ip-172-31-54-152"} 1 3.0607124937280483 0.0 5.580693815987934 0.1 1.2738147677918505 42
stats: session 327 7464.129587155963 9989.162636995481 84303.545 5.448 9733.755705186271 6845
stats: users_count 184 7380
stats: finish_users_count 327 7172
stats: connect 195 1.2995076923076916 0.5454312748475778 14.219 0.816 1.3305255393180233 7185
stats: request 760 1883.8356263157905 5950.314587528249 60005.354 0.611 2272.086491885204 21011
stats: page 545 2265.118056880735 7029.815960482551 74525.123 0.636 3391.194008778872 13897
stats: 504 0 1
stats: 200 34 1804
stats: size_rcv 227491 80849788
stats: newphase 0 6
stats: 502 689 17516
stats: size_sent 142183 4412090
stats: connected -135 209
stats: 500 38 2451
# stats: dump at 1669968855
stats: users 97 412
stats: {freemem,"tsung_controller@ip-172-31-54-152"} 1 662.49609375 0.0 691.63671875 653.1484375 674.3721838662791 43
stats: {load,"tsung_controller@ip-172-31-54-152"} 1 0.140625 0.0 0.140625 0.0 0.01426235465116279 43
stats: {cpu,"tsung_controller@ip-172-31-54-152"} 1 1.1517275913870806 0.0 5.580693815987934 0.1 1.3153705288601343 43
stats: session 111 24966.765477477475 13885.575860481988 84303.545 5.448 9630.274425125492 7172
stats: users_count 0 7380
stats: finish_users_count 111 7283
stats: request 194 17309.044855670112 10639.134933760079 60005.354 0.611 2258.5331108814485 21771
stats: connect 0 0 0 14.219 0.816 1.3297059620596203 7380
stats: page 147 17727.40289795918 14086.183123629711 74525.123 0.636 3348.699105456307 14442
stats: 504 0 1
stats: 200 121 1925
stats: size_rcv 4288031 85137819
stats: newphase 0 6
stats: 502 3 17519
stats: size_sent 18261 4430351
stats: connected -112 97
stats: 500 69 2520
# stats: dump at 1669968865
stats: users 23 412
stats: {freemem,"tsung_controller@ip-172-31-54-152"} 1 670.49609375 0.0 691.63671875 653.1484375 674.1022727272727 44
stats: {load,"tsung_controller@ip-172-31-54-152"} 1 0.12109375 0.0 0.140625 0.0 0.017134232954545456 44
stats: {cpu,"tsung_controller@ip-172-31-54-152"} 1 0.5502751375687844 0.0 5.580693815987934 0.1 1.3116513711902922 44
stats: session 74 39168.258986486486 9053.452928319875 84303.545 5.448 9864.017457778391 7283
stats: users_count 0 7380
stats: finish_users_count 74 7357
stats: connect 0 0 0 14.219 0.816 1.3297059620596203 7380
stats: page 138 17547.33276086956 18273.996439438077 74991.789 0.636 3493.5801430529837 14589
stats: 504 0 1
stats: request 142 7180.692091549297 8730.47554415457 60005.354 0.611 2391.4627388572735 21965
stats: 200 80 2005
stats: size_rcv 2150929 87288748
stats: newphase 0 6
stats: 502 0 17519
stats: size_sent 17571 4447922
stats: connected -74 23
stats: 500 62 2582
# stats: dump at 1669968875
stats: users 8 412
stats: {freemem,"tsung_controller@ip-172-31-54-152"} 1 678.7265625 0.0 691.63671875 653.1484375 674.0221354166666 45
stats: {load,"tsung_controller@ip-172-31-54-152"} 1 0.1015625 0.0 0.140625 0.0 0.019444444444444445 45
stats: {cpu,"tsung_controller@ip-172-31-54-152"} 1 0.5994005994005994 0.0 5.580693815987934 0.1 1.2947318993320365 45
stats: session 15 47967.9142 13584.89074566434 84303.545 5.448 10158.77263966291 7357
stats: users_count 0 7380
stats: finish_users_count 15 7372
stats: page 18 8779.913333333332 19822.533281974007 74991.789 0.636 3625.2714489033733 14727
stats: 504 0 1
stats: 200 17 2022
stats: connect 0 0 0 14.219 0.816 1.3297059620596203 7380
stats: size_rcv 1422175 88710923
stats: newphase 0 6
stats: 502 0 17519
stats: size_sent 6538 4454460
stats: connected -15 8
stats: 500 1 2583
stats: request 18 6297.987722222221 15050.345497652475 60005.354 0.611 2422.225418917086 22107
# stats: dump at 1669968885
stats: users 3 412
stats: {freemem,"tsung_controller@ip-172-31-54-152"} 1 680.30078125 0.0 691.63671875 653.1484375 674.1244055706521 46
stats: {load,"tsung_controller@ip-172-31-54-152"} 1 0.078125 0.0 0.140625 0.0 0.021229619565217392 46
stats: {cpu,"tsung_controller@ip-172-31-54-152"} 1 0.29985007496251875 0.0 5.580693815987934 0.1 1.2796160015074398 46
stats: session 5 63936.07460000001 12828.928805596914 84303.545 5.448 10235.703882664138 7372
stats: users_count 0 7380
stats: finish_users_count 5 7377
stats: request 10 27668.891600000003 27665.125789109978 60005.354 0.611 2425.378581468927 22125
stats: page 10 34965.76890000001 34843.79018922281 74991.789 0.636 3631.563992404203 14745
stats: connect 0 0 0 14.219 0.816 1.3297059620596203 7380
stats: 504 1 2
stats: 200 9 2031
stats: size_rcv 2843074 91553997
stats: newphase 0 6
stats: 502 0 17519
stats: size_sent 3033 4457493
stats: connected -5 3
stats: 500 0 2583
# stats: dump at 1669968895
stats: users 1 412
stats: {freemem,"tsung_controller@ip-172-31-54-152"} 1 679.30078125 0.0 691.63671875 653.1484375 674.2558178191489 47
stats: {load,"tsung_controller@ip-172-31-54-152"} 1 0.0703125 0.0 0.140625 0.0 0.022440159574468085 47
stats: {cpu,"tsung_controller@ip-172-31-54-152"} 1 0.15015015015015015 0.0 5.580693815987934 0.1 1.258769917963931 47
stats: session 2 68285.277 12057.553 84303.545 5.448 10272.101043242514 7377
stats: users_count 0 7380
stats: finish_users_count 2 7379
stats: connect 0 0 0 14.219 0.816 1.3297059620596203 7380
stats: request 4 20182.754 20826.659031791212 60005.354 0.611 2436.7829243731653 22135
stats: 504 0 2
stats: page 4 30564.981999999996 30860.306811834056 74991.789 0.636 3652.800322399185 14755
stats: 200 4 2035
stats: size_rcv 1421000 92974997
stats: newphase 0 6
stats: 502 0 17519
stats: size_sent 1460 4458953
stats: connected -2 1
stats: 500 0 2583
# stats: dump at 1669968899
stats: users 0 412
stats: {freemem,"tsung_controller@ip-172-31-54-152"} 1 680.2578125 0.0 691.63671875 653.1484375 674.3609212239583 48
stats: {load,"tsung_controller@ip-172-31-54-152"} 1 0.05859375 0.0 0.140625 0.0 0.0234375 48
stats: {cpu,"tsung_controller@ip-172-31-54-152"} 1 0.14992503748125938 0.0 5.580693815987934 0.1 1.235673672801144 48
stats: session 1 79581.025 0.0 84303.545 5.448 10287.824901748209 7379
stats: users_count 0 7380
stats: finish_users_count 1 7380
stats: request 1 6.288 0.0 60005.354 0.611 2439.9892066940697 22139
stats: 504 0 2
stats: connect 0 0 0 14.219 0.816 1.3297059620596203 7380
stats: page 1 6.288 0.0 74991.789 0.636 3660.0940907243025 14759
stats: 200 1 2036
stats: size_rcv 39 92975036
stats: newphase 0 6
stats: 502 0 17519
stats: size_sent 702 4459655
stats: connected -1 0
stats: 500 0 2583
EndMonitor:{1669,968899,577988}