# stats: dump at 1670022946
stats: users 2 4
stats: {load,"tsung_controller@ip-172-31-57-233"} 1 0.0 0 0.0 0.0 0 0
stats: {cpu,"tsung_controller@ip-172-31-57-233"} 1 2.1531881222777485 0 2.1531881222777485 2.1531881222777485 0 0
stats: {freemem,"tsung_controller@ip-172-31-57-233"} 1 689.95703125 0 689.95703125 689.95703125 0 0
stats: session 8 1707.9776250000002 1620.3099197765328 5592.283 368.634 0 0
stats: users_count 10 10
stats: finish_users_count 8 8
stats: request 41 72.93668292682928 115.24098232208019 341.061 0.585 0 0
stats: connect 18 1.771277777777778 1.3723626345165787 5.703 1.022 0 0
stats: page 16 187.04593749999998 140.52340595229535 364.668 18.23 0 0
stats: 200 23 23
stats: size_rcv 7332 7332
stats: size_sent 26507 26507
stats: connected 2 2
stats: 400 9 9
stats: 201 9 9
# stats: dump at 1670022956
stats: users 5 9
stats: {load,"tsung_controller@ip-172-31-57-233"} 1 0.0 0.0 0.0 0.0 0.0 1
stats: {cpu,"tsung_controller@ip-172-31-57-233"} 1 0.25012506253126565 0.0 2.1531881222777485 0.25012506253126565 2.1531881222777485 1
stats: {freemem,"tsung_controller@ip-172-31-57-233"} 1 691.2578125 0.0 691.2578125 689.95703125 689.95703125 1
stats: session 10 3812.6807 3727.9738905432546 12740.76 368.634 1707.9776250000002 8
stats: users_count 13 23
stats: finish_users_count 10 18
stats: request 60 72.78435000000006 113.38590014015925 342.739 0.568 72.93668292682928 41
stats: connect 28 1.1967142857142858 0.4186113827835053 5.703 0.97 1.771277777777778 18
stats: page 23 190.0137826086957 133.35376701415595 364.668 17.542 187.04593749999998 16
stats: 200 32 55
stats: size_rcv 11117 18449
stats: size_sent 38191 64698
stats: connected 5 7
stats: 400 14 23
stats: 201 14 23
# stats: dump at 1670022966
stats: users 4 9
stats: {load,"tsung_controller@ip-172-31-57-233"} 1 0.0 0.0 0.0 0.0 0.0 2
stats: {cpu,"tsung_controller@ip-172-31-57-233"} 1 0.25037556334501754 0.0 2.1531881222777485 0.25012506253126565 1.201656592404507 2
stats: {freemem,"tsung_controller@ip-172-31-57-233"} 1 690.3359375 0.0 691.2578125 689.95703125 690.607421875 2
stats: session 12 3720.384583333333 2432.3372220942647 12740.76 367.359 2877.2571111111115 18
stats: users_count 11 34
stats: finish_users_count 12 30
stats: request 56 74.37876785714289 138.97653846397333 566.821 0.567 72.84618811881192 101
stats: connect 20 1.1334499999999996 0.08665533740053181 5.703 0.97 1.4215434782608696 46
stats: page 23 181.26273913043477 188.56620885265306 581.4 17.542 188.79620512820514 39
stats: 200 36 91
stats: size_rcv 8957 27406
stats: size_sent 37278 101976
stats: connected -3 4
stats: 400 10 33
stats: 201 10 33
# stats: dump at 1670022976
stats: users 3 9
stats: {load,"tsung_controller@ip-172-31-57-233"} 1 0.0 0.0 0.0 0.0 0.0 3
stats: {cpu,"tsung_controller@ip-172-31-57-233"} 1 0.25 0.0 2.1531881222777485 0.25 0.884562916051344 3
stats: {freemem,"tsung_controller@ip-172-31-57-233"} 1 691.15625 0.0 691.2578125 689.95703125 690.5169270833334 3
stats: session 10 2322.9651 1786.3211893235466 12740.76 367.359 3214.5081 30
stats: users_count 9 43
stats: finish_users_count 10 40
stats: request 52 70.84846153846152 126.32057262339481 566.821 0.567 73.39284076433125 157
stats: connect 20 1.36455 0.8738425759254352 5.703 0.956 1.3342424242424242 66
stats: page 21 175.55585714285712 164.6318611176914 581.4 17.542 186.00153225806454 62
stats: 200 32 123
stats: size_rcv 8645 36051
stats: size_sent 34319 136295
stats: connected -1 3
stats: 400 10 43
stats: 201 10 43
# stats: dump at 1670022986
stats: users 5 9
stats: {load,"tsung_controller@ip-172-31-57-233"} 1 0.0 0.0 0.0 0.0 0.0 4
stats: {cpu,"tsung_controller@ip-172-31-57-233"} 1 0.2001000500250125 0.0 2.1531881222777485 0.2001000500250125 0.725922187038508 4
stats: {freemem,"tsung_controller@ip-172-31-57-233"} 1 690.93359375 0.0 691.2578125 689.95703125 690.6767578125 4
stats: session 8 4525.011125 2840.03425944206 12740.76 367.359 2991.62235 40
stats: users_count 10 53
stats: finish_users_count 8 48
stats: request 43 68.55837209302324 113.80905006214398 566.821 0.567 72.75978947368424 209
stats: connect 18 1.1988333333333334 0.3326777302769487 5.703 0.934 1.3412906976744186 86
stats: page 17 173.54729411764708 140.77705053183527 581.4 17.542 183.35865060240963 83
stats: 200 25 148
stats: size_rcv 7483 43534
stats: size_sent 28013 164308
stats: connected 1 4
stats: 400 9 52
stats: 201 9 52
# stats: dump at 1670022996
stats: users 1 9
stats: {load,"tsung_controller@ip-172-31-57-233"} 1 0.0 0.0 0.0 0.0 0.0 5
stats: {cpu,"tsung_controller@ip-172-31-57-233"} 1 0.15015015015015015 0.0 2.1531881222777485 0.15015015015015015 0.6207577596358089 5
stats: {freemem,"tsung_controller@ip-172-31-57-233"} 1 690.671875 0.0 691.2578125 689.95703125 690.728125 5
stats: session 10 4419.809899999999 2774.0429619043916 12740.76 367.359 3247.1871458333335 48
stats: users_count 6 59
stats: finish_users_count 10 58
stats: request 41 53.44017073170732 97.5649526377928 566.821 0.567 72.04288095238097 252
stats: connect 14 1.0720714285714288 0.09685221753174432 5.703 0.866 1.3166346153846153 104
stats: page 17 129.0012352941177 130.44143664970406 581.4 17.542 181.69072 100
stats: 200 27 175
stats: size_rcv 6414 49948
stats: size_sent 27506 191814
stats: connected -3 1
stats: 400 7 59
stats: 201 7 59
# stats: dump at 1670023006
stats: users 8 9
stats: {load,"tsung_controller@ip-172-31-57-233"} 1 0.0 0.0 0.0 0.0 0.0 6
stats: {cpu,"tsung_controller@ip-172-31-57-233"} 1 0.10005002501250625 0.0 2.1531881222777485 0.10005002501250625 0.5423231580548658 6
stats: {freemem,"tsung_controller@ip-172-31-57-233"} 1 690.88671875 0.0 691.2578125 689.95703125 690.71875 6
stats: session 16 3059.5872499999996 4052.202429377348 17808.796 367.359 3449.3634827586206 58
stats: users_count 23 82
stats: finish_users_count 16 74
stats: request 93 73.04307526881716 116.41527350254242 566.821 0.556 69.43977133105803 293
stats: connect 43 1.0976279069767438 0.1571991809044009 5.703 0.866 1.2876186440677968 118
stats: page 36 188.82577777777783 140.78134669292248 581.4 17.542 174.0349829059829 117
stats: 200 51 226
stats: size_rcv 16889 66837
stats: newphase 1 1
stats: size_sent 59801 251615
stats: connected 7 8
stats: 400 21 80
stats: 201 21 80
# stats: dump at 1670023016
stats: users 7 11
stats: {load,"tsung_controller@ip-172-31-57-233"} 1 0.0 0.0 0.0 0.0 0.0 7
stats: {cpu,"tsung_controller@ip-172-31-57-233"} 1 0.15037593984962408 0.0 2.1531881222777485 0.10005002501250625 0.47914128190595723 7
stats: {freemem,"tsung_controller@ip-172-31-57-233"} 1 690.34375 0.0 691.2578125 689.95703125 690.7427455357143 7
stats: session 23 2407.040173913044 1716.1473677053914 17808.796 367.359 3365.0875405405404 74
stats: users_count 22 104
stats: finish_users_count 23 97
stats: request 113 76.04019469026547 141.3811619225898 593.794 0.556 70.30792487046631 386
stats: connect 46 1.1454347826086957 0.48399769367820583 5.703 0.85 1.2368757763975156 161
stats: page 45 191.0775555555555 184.67225847220445 611.429 17.542 177.51516993464054 153
stats: 200 67 293
stats: size_rcv 19378 86215
stats: newphase 0 1
stats: size_sent 73734 325349
stats: connected 1 9
stats: 400 23 103
stats: 201 23 103
# stats: dump at 1670023026
stats: users 8 11
stats: {load,"tsung_controller@ip-172-31-57-233"} 1 0.0 0.0 0.0 0.0 0.0 8
stats: {cpu,"tsung_controller@ip-172-31-57-233"} 1 0.35035035035035034 0.0 2.1531881222777485 0.10005002501250625 0.43804561414891563 8
stats: {freemem,"tsung_controller@ip-172-31-57-233"} 1 689.671875 0.0 691.2578125 689.671875 690.69287109375 8
stats: session 20 2952.05815 1600.92797752545 17808.796 367.359 3137.9216701030928 97
stats: users_count 21 125
stats: finish_users_count 20 117
stats: request 104 66.65028846153845 117.93554560792883 593.794 0.556 71.60601402805611 499
stats: connect 39 1.1835384615384617 0.2672738772192056 5.703 0.85 1.2165555555555556 207
stats: page 42 165.16492857142853 154.71710658248753 611.429 17.54 180.5975303030303 198
stats: 200 64 357
stats: size_rcv 17305 103520
stats: newphase 0 1
stats: size_sent 68493 393842
stats: connected -3 6
stats: 400 20 123
stats: 201 20 123
# stats: dump at 1670023036
stats: users 7 11
stats: {load,"tsung_controller@ip-172-31-57-233"} 1 0.0 0.0 0.0 0.0 0.0 9
stats: {cpu,"tsung_controller@ip-172-31-57-233"} 1 0.15037593984962408 0.0 2.1531881222777485 0.10005002501250625 0.428301695949075 9
stats: {freemem,"tsung_controller@ip-172-31-57-233"} 1 689.81640625 0.0 691.2578125 689.671875 690.5794270833334 9
stats: session 20 3630.0498000000007 3279.60475640414 17808.796 350.594 3106.150128205128 117
stats: users_count 19 144
stats: finish_users_count 20 137
stats: request 94 67.54419148936172 120.87041309048902 593.794 0.556 70.7512951907131 603
stats: connect 38 1.1637368421052634 0.4254481033482924 5.703 0.85 1.2113211382113822 246
stats: page 38 167.21063157894736 158.87440375413746 611.429 17.54 177.89682499999998 240
stats: 200 58 415
stats: size_rcv 15587 119107
stats: newphase 0 1
stats: size_sent 62584 456426
stats: connected 0 6
stats: 400 18 141
stats: 201 18 141
# stats: dump at 1670023046
stats: users 10 12
stats: {load,"tsung_controller@ip-172-31-57-233"} 1 0.0 0.0 0.0 0.0 0.0 10
stats: {cpu,"tsung_controller@ip-172-31-57-233"} 1 0.25012506253126565 0.0 2.1531881222777485 0.10005002501250625 0.40050912033912994 10
stats: {freemem,"tsung_controller@ip-172-31-57-233"} 1 690.40234375 0.0 691.2578125 689.671875 690.503125 10
stats: session 26 2246.064884615385 1970.6254923480774 17808.796 350.594 3182.6318321167882 137
stats: users_count 29 173
stats: finish_users_count 26 163
stats: request 136 80.26124264705884 135.85068812765468 593.794 0.556 70.31877331420372 697
stats: connect 58 1.1641206896551726 0.350907890340147 5.703 0.85 1.2049542253521126 284
stats: page 53 206.0909433962264 167.77006308617817 611.429 17.54 176.43612230215828 278
stats: 200 76 491
stats: size_rcv 24397 143504
stats: newphase 0 1
stats: size_sent 86904 543330
stats: connected 5 11
stats: 400 30 171
stats: 201 30 171
# stats: dump at 1670023056
stats: users 0 12
stats: {load,"tsung_controller@ip-172-31-57-233"} 1 0.0 0.0 0.0 0.0 0.0 11
stats: {cpu,"tsung_controller@ip-172-31-57-233"} 1 0.30045067601402103 0.0 2.1531881222777485 0.10005002501250625 0.3868378423565968 11
stats: {freemem,"tsung_controller@ip-172-31-57-233"} 1 690.08984375 0.0 691.2578125 689.671875 690.4939630681819 11
stats: session 17 3324.5968823529406 2879.773706422656 17808.796 350.594 3033.240785276074 163
stats: users_count 7 180
stats: finish_users_count 17 180
stats: request 67 43.37705970149254 86.51716601248714 593.794 0.556 71.94203361344537 833
stats: connect 18 1.1171666666666669 0.1649856054327165 5.703 0.85 1.1980292397660819 342
stats: page 29 100.32451724137931 119.58207655705758 611.429 16.623 181.18447734138974 331
stats: 200 49 540
stats: size_rcv 9352 152856
stats: newphase 0 1
stats: size_sent 46394 589724
stats: connected -11 0
stats: 400 9 180
stats: 201 9 180
# stats: dump at 1670023066
stats: users 15 19
stats: {load,"tsung_controller@ip-172-31-57-233"} 1 0.0 0.0 0.0 0.0 0.0 12
stats: {cpu,"tsung_controller@ip-172-31-57-233"} 1 0.050050050050050046 0.0 2.1531881222777485 0.050050050050050046 0.3796389118280488 12
stats: {freemem,"tsung_controller@ip-172-31-57-233"} 1 690.6015625 0.0 691.2578125 689.671875 690.4602864583334 12
stats: session 26 1967.693807692308 1154.3808031060173 17808.796 350.594 3060.75775 180
stats: users_count 41 221
stats: finish_users_count 26 206
stats: request 164 110.02711585365856 193.68374212310582 708.001 0.555 69.81553 900
stats: connect 77 1.2173506493506492 0.6141109457324543 5.803 0.732 1.193986111111111 360
stats: page 63 286.559873015873 240.6273713242044 724.211 16.623 174.67075833333334 360
stats: 200 88 628
stats: size_rcv 30241 183097
stats: newphase 1 2
stats: size_sent 104631 694355
stats: connected 14 14
stats: 400 38 218
stats: 201 38 218
# stats: dump at 1670023076
stats: users 7 22
stats: {load,"tsung_controller@ip-172-31-57-233"} 1 0.0 0.0 0.0 0.0 0.0 13
stats: {cpu,"tsung_controller@ip-172-31-57-233"} 1 0.6009013520280421 0.0 2.1531881222777485 0.050050050050050046 0.3542859224605105 13
stats: {freemem,"tsung_controller@ip-172-31-57-233"} 1 688.75390625 0.0 691.2578125 688.75390625 690.4711538461538 13
stats: session 56 3252.6214464285717 2265.0381665267482 17808.796 350.594 2922.798223300971 206
stats: users_count 48 269
stats: finish_users_count 56 262
stats: request 261 91.48814942528733 176.2928643419076 726.44 0.549 76.01355639097744 1064
stats: connect 99 1.216585858585858 0.6814572770218843 5.803 0.732 1.1981029748283751 437
stats: page 106 225.3930094339622 240.2606676929344 857.549 16.623 191.33509456264775 423
stats: 200 163 791
stats: size_rcv 42838 225935
stats: newphase 0 2
stats: size_sent 172897 867252
stats: connected -7 7
stats: 400 49 267
stats: 201 49 267
# stats: dump at 1670023086
stats: users 20 22
stats: {load,"tsung_controller@ip-172-31-57-233"} 1 0.0 0.0 0.0 0.0 0.0 14
stats: {cpu,"tsung_controller@ip-172-31-57-233"} 1 0.4518072289156626 0.0 2.1531881222777485 0.050050050050050046 0.3719013102867627 14
stats: {freemem,"tsung_controller@ip-172-31-57-233"} 1 689.43359375 0.0 691.2578125 688.75390625 690.3484933035714 14
stats: session 26 2597.4481153846145 1727.4699122740467 17808.796 322.452 2993.2947900763356 262
stats: users_count 39 308
stats: finish_users_count 26 288
stats: request 160 207.07479374999997 399.89876970364463 1577.438 0.549 79.06175924528301 1325
stats: connect 73 1.6106986301369857 1.8492724425325904 13.041 0.732 1.2015167910447757 536
stats: page 62 534.5258548387097 624.1874724347736 2135.254 16.623 198.15955387523627 529
stats: 200 88 879
stats: size_rcv 28998 254933
stats: newphase 0 2
stats: size_sent 102819 970071
stats: connected 11 18
stats: 400 36 303
stats: 201 36 303
# stats: dump at 1670023096
stats: users 17 22
stats: {load,"tsung_controller@ip-172-31-57-233"} 1 0.0 0.0 0.0 0.0 0.0 15
stats: {cpu,"tsung_controller@ip-172-31-57-233"} 1 0.40040040040040037 0.0 2.1531881222777485 0.050050050050050046 0.3772283715286894 15
stats: {freemem,"tsung_controller@ip-172-31-57-233"} 1 688.8046875 0.0 691.2578125 688.75390625 690.2875 15
stats: session 40 3690.521325 3423.745002195815 18450.294 322.452 2957.558631944444 288
stats: users_count 37 345
stats: finish_users_count 40 328
stats: request 203 80.90026108374381 147.5592123784536 1577.438 0.549 92.85440942760941 1485
stats: connect 80 1.0551125000000001 0.08178554177695473 13.041 0.732 1.250564860426929 609
stats: page 81 202.8735925925926 193.36316057556647 2135.254 16.623 233.44671235194582 591
stats: 200 121 1000
stats: size_rcv 34654 289587
stats: newphase 0 2
stats: size_sent 132442 1102513
stats: connected -1 17
stats: 400 41 344
stats: 201 41 344
# stats: dump at 1670023106
stats: users 13 23
stats: {load,"tsung_controller@ip-172-31-57-233"} 1 0.0 0.0 0.0 0.0 0.0 16
stats: {cpu,"tsung_controller@ip-172-31-57-233"} 1 0.4012036108324975 0.0 2.1531881222777485 0.050050050050050046 0.3786766233331713 16
stats: {freemem,"tsung_controller@ip-172-31-57-233"} 1 687.5859375 0.0 691.2578125 687.5859375 690.19482421875 16
stats: session 49 3477.095857142858 2405.906322885063 18450.294 322.452 3046.944326219512 328
stats: users_count 45 390
stats: finish_users_count 49 377
stats: request 233 85.88580686695283 171.02986777613035 1577.438 0.549 91.41679561611373 1688
stats: connect 89 1.2584157303370782 1.0911624335458814 13.041 0.732 1.2278708272859213 689
stats: page 94 213.01644680851075 236.201652482447 2135.254 16.623 229.7615595238095 672
stats: 200 143 1143
stats: size_rcv 38829 328416
stats: newphase 0 2
stats: size_sent 153364 1255877
stats: connected -5 12
stats: 400 45 389
stats: 201 45 389
# stats: dump at 1670023116
stats: users 9 23
stats: {load,"tsung_controller@ip-172-31-57-233"} 1 0.0 0.0 0.0 0.0 0.0 17
stats: {cpu,"tsung_controller@ip-172-31-57-233"} 1 0.4513540621865597 0.0 2.1531881222777485 0.050050050050050046 0.38000174024489636 17
stats: {freemem,"tsung_controller@ip-172-31-57-233"} 1 689.25390625 0.0 691.2578125 687.5859375 690.0413602941177 17
stats: session 34 3763.352499999998 4347.226345392739 19419.985 322.452 3102.8526153846146 377
stats: users_count 30 420
stats: finish_users_count 34 411
stats: request 159 88.1862704402516 164.5343771215867 1577.438 0.549 90.74593649141072 1921
stats: connect 62 1.1222580645161295 0.368583423195236 13.041 0.732 1.231365038560411 778
stats: page 64 219.21551562499997 212.85007389019688 2135.254 16.623 227.70667624020885 766
stats: 200 97 1240
stats: size_rcv 128238 456654
stats: newphase 0 2
stats: size_sent 104736 1360613
stats: connected -2 10
stats: 400 31 420
stats: 201 31 420
# stats: dump at 1670023126
stats: users 28 28
stats: {load,"tsung_controller@ip-172-31-57-233"} 1 0.0 0.0 0.0 0.0 0.0 18
stats: {cpu,"tsung_controller@ip-172-31-57-233"} 1 0.25075225677031093 0.0 2.1531881222777485 0.050050050050050046 0.3839657581305443 18
stats: {freemem,"tsung_controller@ip-172-31-57-233"} 1 689.9296875 0.0 691.2578125 687.5859375 689.9976128472222 18
stats: session 38 2931.744710526316 2175.4359570735273 19419.985 322.452 3157.4925085158143 411
stats: users_count 57 477
stats: finish_users_count 38 449
stats: 200 128 1368
stats: request 227 143.17154625550654 267.6223968219469 1577.438 0.549 90.55026971153846 2080
stats: connect 106 1.155679245283019 0.454341458891168 13.041 0.732 1.2233119047619043 840
stats: page 88 362.3622840909089 368.4223899497308 2135.254 16.623 227.0519361445783 830
stats: size_rcv 91430 548084
stats: newphase 1 3
stats: size_sent 149106 1509719
stats: connected 17 27
stats: 400 50 470
stats: 201 49 469
# stats: dump at 1670023136
stats: users 58 61
stats: {load,"tsung_controller@ip-172-31-57-233"} 1 0.0 0.0 0.0 0.0 0.0 19
stats: {cpu,"tsung_controller@ip-172-31-57-233"} 1 0.6018054162487462 0.0 2.1531881222777485 0.050050050050050046 0.3769545212168478 19
stats: {freemem,"tsung_controller@ip-172-31-57-233"} 1 688.328125 0.0 691.2578125 687.5859375 689.9940378289474 19
stats: session 51 4617.847823529412 3607.347955537782 20144.845 322.452 3138.386904231625 449
stats: users_count 81 558
stats: finish_users_count 51 500
stats: request 289 409.9156989619377 646.74751066761 3250.987 0.549 95.72800260078023 2307
stats: connect 146 1.1192876712328759 0.43514003349739167 13.041 0.732 1.2157336152219869 946
stats: page 108 927.7713888888883 809.1010684245549 3679.256 16.623 240.022862745098 918
stats: 200 167 1535
stats: size_rcv 102886 650970
stats: newphase 0 3
stats: size_sent 204062 1713781
stats: connected 30 57
stats: 400 65 535
stats: 201 57 526
# stats: dump at 1670023146
stats: users 90 97
stats: {load,"tsung_controller@ip-172-31-57-233"} 1 0.0703125 0.0 0.0703125 0.0 0.0 20
stats: {cpu,"tsung_controller@ip-172-31-57-233"} 1 0.6522829904666332 0.0 2.1531881222777485 0.050050050050050046 0.3881970659684427 20
stats: {freemem,"tsung_controller@ip-172-31-57-233"} 1 683.8359375 0.0 691.2578125 683.8359375 689.9107421875 20
stats: session 50 8988.076819999998 3420.508312066648 21428.843 322.452 3289.2919179999994 500
stats: users_count 82 640
stats: finish_users_count 50 550
stats: request 306 1614.3917941176478 1549.1216953979317 5356.723 0.544 130.7049842064715 2596
stats: connect 155 1.1665741935483867 0.5360266718013331 13.041 0.708 1.2028388278388273 1092
stats: page 108 3809.824351851851 1946.144564284622 8156.635 16.623 312.41744444444436 1026
stats: 200 176 1711
stats: size_rcv 56529 707499
stats: newphase 0 3
stats: size_sent 210736 1924517
stats: connected 33 90
stats: 400 72 607
stats: 201 58 584
# stats: dump at 1670023156
stats: users 142 142
stats: {load,"tsung_controller@ip-172-31-57-233"} 1 0.05859375 0.0 0.0703125 0.0 0.0033482142857142855 21
stats: {cpu,"tsung_controller@ip-172-31-57-233"} 1 0.3515821195379206 0.0 2.1531881222777485 0.050050050050050046 0.4007725861826422 21
stats: {freemem,"tsung_controller@ip-172-31-57-233"} 1 678.4765625 0.0 691.2578125 678.4765625 689.6214657738095 21
stats: session 35 13516.684171428573 2768.809045722784 21428.843 322.452 3807.3632727272725 550
stats: users_count 87 727
stats: finish_users_count 35 585
stats: request 281 2696.7763345195744 2004.7097980043238 6242.677 0.544 287.1516292212268 2902
stats: connect 157 1.1513949044585987 0.4812949458930443 13.041 0.681 1.198331194867682 1247
stats: page 96 6673.997062500001 1976.9585982700785 10611.177 16.623 645.503816578483 1134
stats: 200 149 1860
stats: size_rcv 105243 812742
stats: newphase 0 3
stats: size_sent 207865 2132382
stats: connected 51 141
stats: 400 71 678
stats: 201 61 645
# stats: dump at 1670023166
stats: users 173 177
stats: {load,"tsung_controller@ip-172-31-57-233"} 1 0.05078125 0.0 0.0703125 0.0 0.005859375 22
stats: {cpu,"tsung_controller@ip-172-31-57-233"} 1 0.35228988424760943 0.0 2.1531881222777485 0.050050050050050046 0.39853665588060944 22
stats: {freemem,"tsung_controller@ip-172-31-57-233"} 1 673.91796875 0.0 691.2578125 673.91796875 689.1148792613636 22
stats: session 45 19563.467777777783 2670.1180778663092 25017.565 322.452 4388.262813675214 585
stats: users_count 76 803
stats: finish_users_count 45 630
stats: request 284 4192.6034999999965 2653.479024656816 8301.829 0.544 499.876901665096 3183
stats: connect 142 1.0974014084507044 0.330090001808281 13.041 0.681 1.1930826210826206 1404
stats: page 98 9875.221326530615 1835.0782223937451 13645.735 16.623 1116.020362601626 1230
stats: 200 162 2022
stats: size_rcv 154805 967547
stats: newphase 0 3
stats: size_sent 202341 2334723
stats: connected 30 171
stats: 400 67 745
stats: 201 51 696
stats: 500 4 4
# stats: dump at 1670023176
stats: users 204 207
stats: {load,"tsung_controller@ip-172-31-57-233"} 1 0.0390625 0.0 0.0703125 0.0 0.0078125 23
stats: {cpu,"tsung_controller@ip-172-31-57-233"} 1 0.35228988424760943 0.0 2.1531881222777485 0.050050050050050046 0.3965259266791747 23
stats: {freemem,"tsung_controller@ip-172-31-57-233"} 1 669.828125 0.0 691.2578125 669.828125 688.4541440217391 23
stats: session 42 24041.209380952387 2455.1417661116056 30915.822 322.452 5472.206025396826 630
stats: users_count 73 876
stats: finish_users_count 42 672
stats: request 299 5321.557806020065 3213.867126982737 9731.719 0.544 802.3673412171905 3467
stats: connect 145 1.1655655172413801 0.4707504912560751 13.041 0.681 1.1842943078913322 1546
stats: page 110 12997.480472727273 1908.9315544410447 16064.367 16.623 1762.4071807228916 1328
stats: 200 161 2183
stats: size_rcv 55696 1023243
stats: newphase 0 3
stats: size_sent 206081 2540804
stats: connected 33 204
stats: 400 70 815
stats: 201 68 764
stats: 500 0 4
# stats: dump at 1670023186
stats: users 240 248
stats: {load,"tsung_controller@ip-172-31-57-233"} 1 0.0390625 0.0 0.0703125 0.0 0.009114583333333334 24
stats: {cpu,"tsung_controller@ip-172-31-57-233"} 1 0.4028197381671702 0.0 2.1531881222777485 0.050050050050050046 0.3946827582445261 24
stats: {freemem,"tsung_controller@ip-172-31-57-233"} 1 663.86328125 0.0 691.2578125 663.86328125 687.6780598958334 24
stats: session 104 18732.05775961537 10397.675910854492 34476.106 41.395 6632.768735119047 672
stats: users_count 140 1016
stats: finish_users_count 104 776
stats: request 584 2761.6983595890383 3561.8927450743086 10659.461 0.535 1161.16658417419 3766
stats: connect 262 1.1411641221374047 1.0112315897091804 15.522 0.681 1.1826883500887047 1691
stats: page 222 7034.130662162159 7058.780394837693 17164.467 1.213 2621.8355966620306 1438
stats: 200 164 2347
stats: size_rcv 195707 1218950
stats: newphase 1 4
stats: 502 226 226
stats: size_sent 286326 2827130
stats: connected 39 243
stats: 400 130 945
stats: 201 64 828
stats: 500 0 4
# stats: dump at 1670023196
stats: users 248 256
stats: {load,"tsung_controller@ip-172-31-57-233"} 1 0.03125 0.0 0.0703125 0.0 0.0103125 25
stats: {cpu,"tsung_controller@ip-172-31-57-233"} 1 1.0050251256281406 0.0 2.1531881222777485 0.050050050050050046 0.3950082374414319 25
stats: {freemem,"tsung_controller@ip-172-31-57-233"} 1 659.84765625 0.0 691.2578125 659.84765625 686.72546875 25
stats: session 162 17444.151067901224 12008.88293210283 38678.249 20.36 8254.322934278349 776
stats: users_count 170 1186
stats: finish_users_count 162 938
stats: request 865 2483.079923699419 3765.6322801839137 11257.015 0.526 1376.0425742528728 4350
stats: connect 346 1.0053352601156056 0.261445896821535 15.522 0.64 1.1771177675371223 1953
stats: page 346 6069.259066473986 7331.581918030892 18139.191 1.17 3211.9136114457824 1660
stats: 200 206 2553
stats: size_rcv 221992 1440942
stats: newphase 0 4
stats: 502 416 642
stats: size_sent 363641 3190771
stats: connected 4 247
stats: 400 174 1119
stats: 201 69 897
stats: 500 0 4
# stats: dump at 1670023206
stats: users 251 256
stats: {load,"tsung_controller@ip-172-31-57-233"} 1 0.171875 0.0 0.171875 0.0 0.011117788461538462 26
stats: {cpu,"tsung_controller@ip-172-31-57-233"} 1 1.159274193548387 0.0 2.1531881222777485 0.050050050050050046 0.418470425448613 26
stats: {freemem,"tsung_controller@ip-172-31-57-233"} 1 660.39453125 0.0 691.2578125 659.84765625 685.6917067307693 26
stats: session 165 13458.023624242436 9737.292992022489 38678.249 9.211 9841.478752665242 938
stats: users_count 168 1354
stats: finish_users_count 165 1103
stats: request 824 2017.2732487864087 3278.033418727135 11257.015 0.526 1559.6643014381582 5215
stats: connect 328 1.3138353658536586 1.10914233112819 15.522 0.64 1.151264462809917 2299
stats: page 328 5180.748923780486 6747.7280436098945 18281.911 1.17 3704.7558484546353 2006
stats: 200 187 2740
stats: size_rcv 215632 1656574
stats: newphase 0 4
stats: 502 419 1061
stats: size_sent 337403 3528174
stats: connected -4 243
stats: 400 167 1286
stats: 201 51 948
stats: 500 0 4
# stats: dump at 1670023216
stats: users 234 256
stats: {load,"tsung_controller@ip-172-31-57-233"} 1 0.1484375 0.0 0.171875 0.0 0.01707175925925926 27
stats: {cpu,"tsung_controller@ip-172-31-57-233"} 1 1.4543630892678034 0.0 2.1531881222777485 0.050050050050050046 0.445907602044901 27
stats: {freemem,"tsung_controller@ip-172-31-57-233"} 1 662.33203125 0.0 691.2578125 659.84765625 684.7547743055555 27
stats: session 153 17279.781732026142 10230.192160601311 43113.489 9.211 10382.485011786037 1103
stats: users_count 136 1490
stats: finish_users_count 153 1256
stats: request 701 3127.680360912984 3737.8255234980898 11492.71 0.526 1622.1034093392939 6039
stats: connect 273 1.0693076923076923 0.3459865977726078 15.522 0.64 1.1715626189569848 2627
stats: page 290 7917.159758620688 7056.449438561565 19436.045 1.17 3912.179039845757 2334
stats: 200 235 2975
stats: size_rcv 213121 1869695
stats: newphase 0 4
stats: 502 263 1324
stats: size_sent 327161 3855335
stats: connected -5 238
stats: 400 129 1415
stats: 201 74 1022
stats: 500 0 4
# stats: dump at 1670023226
stats: users 248 256
stats: {load,"tsung_controller@ip-172-31-57-233"} 1 0.12109375 0.0 0.171875 0.0 0.021763392857142856 28
stats: {cpu,"tsung_controller@ip-172-31-57-233"} 1 1.507537688442211 0.0 2.1531881222777485 0.050050050050050046 0.4819238694457189 28
stats: {freemem,"tsung_controller@ip-172-31-57-233"} 1 661.76953125 0.0 691.2578125 659.84765625 683.9539620535714 28
stats: session 156 14234.742230769223 10511.314895437925 43113.489 9.211 11222.681188694267 1256
stats: users_count 170 1660
stats: finish_users_count 156 1412
stats: request 822 2042.6290681265198 3313.6843753331873 11492.71 0.526 1778.6923474777445 6740
stats: connect 340 1.0393735294117643 0.35786046229749735 15.522 0.64 1.1619365517241373 2900
stats: page 318 4946.416738993711 6461.589044643131 19436.045 1.17 4354.802671112804 2624
stats: 200 187 3162
stats: size_rcv 216112 2085807
stats: newphase 0 4
stats: 502 407 1731
stats: size_sent 339683 4195018
stats: connected 7 245
stats: 400 177 1592
stats: 201 51 1073
stats: 500 0 4
# stats: dump at 1670023236
stats: users 241 256
stats: {load,"tsung_controller@ip-172-31-57-233"} 1 0.1015625 0.0 0.171875 0.0 0.025188577586206896 29
stats: {cpu,"tsung_controller@ip-172-31-57-233"} 1 1.2594458438287155 0.0 2.1531881222777485 0.050050050050050046 0.5172898632042187 29
stats: {freemem,"tsung_controller@ip-172-31-57-233"} 1 661.63671875 0.0 691.2578125 659.84765625 683.1889816810345 29
stats: session 156 16100.777794871805 10471.343582324122 55064.641 9.211 11555.45847096317 1412
stats: users_count 149 1809
stats: finish_users_count 156 1568
stats: request 801 2491.0322883895124 3699.2757120030983 11492.71 0.526 1807.3826389843953 7562
stats: connect 313 1.1809169329073483 0.6779669849752802 15.522 0.64 1.1490749999999994 3240
stats: page 325 6175.360470769237 7189.862715524136 19436.045 1.17 4418.750078857919 2942
stats: 200 199 3361
stats: size_rcv 355546 2441353
stats: newphase 0 4
stats: 502 380 2111
stats: size_sent 343375 4538393
stats: connected 0 245
stats: 400 157 1749
stats: 201 65 1138
stats: 500 0 4
# stats: dump at 1670023246
stats: users 280 282
stats: {load,"tsung_controller@ip-172-31-57-233"} 1 0.08984375 0.0 0.171875 0.0 0.027734375 30
stats: {cpu,"tsung_controller@ip-172-31-57-233"} 1 1.306532663316583 0.0 2.1531881222777485 0.050050050050050046 0.5420283958917019 30
stats: {freemem,"tsung_controller@ip-172-31-57-233"} 1 661.609375 0.0 691.2578125 659.84765625 682.4705729166667 30
stats: session 264 11825.84518181818 10532.967508579206 55064.641 9.211 12007.671362882653 1568
stats: users_count 303 2112
stats: finish_users_count 264 1832
stats: request 1345 1502.0308089219316 2945.821410931454 11492.71 0.526 1872.8619369843354 8363
stats: connect 569 1.0843409490333944 0.553510642518437 15.522 0.64 1.1518801013228253 3553
stats: page 535 3976.367366355144 6224.990232630767 19436.045 1.163 4593.497056932966 3267
stats: 200 233 3594
stats: size_rcv 367339 2808692
stats: newphase 1 5
stats: 502 776 2887
stats: size_sent 468490 5006883
stats: connected 33 278
stats: 400 275 2024
stats: 201 61 1199
stats: 500 0 4
# stats: dump at 1670023256
stats: users 277 307
stats: {load,"tsung_controller@ip-172-31-57-233"} 1 0.0703125 0.0 0.171875 0.0 0.029737903225806453 31
stats: {cpu,"tsung_controller@ip-172-31-57-233"} 1 2.8240040342914776 0.0 2.8240040342914776 0.050050050050050046 0.5666898238731498 31
stats: {freemem,"tsung_controller@ip-172-31-57-233"} 1 660.03515625 0.0 691.2578125 659.84765625 681.7976310483871 31
stats: session 320 7994.398393750007 8614.0128978023 55064.641 9.211 11981.469336790393 1832
stats: users_count 317 2429
stats: finish_users_count 320 2152
stats: request 1665 1053.6108990990979 2700.1444204439854 11492.71 0.526 1821.4849420065918 9708
stats: page 655 2462.430654961833 5111.710586478535 19436.045 1.163 4506.65739768543 3802
stats: connect 661 1.0615279878971269 0.5996875317631924 15.522 0.636 1.1425570111596313 4122
stats: 200 179 3773
stats: size_rcv 482439 3291131
stats: newphase 0 5
stats: 502 1092 3979
stats: size_sent 533913 5540796
stats: connected -6 272
stats: 400 343 2367
stats: 201 51 1250
stats: 500 0 4
# stats: dump at 1670023266
stats: users 284 307
stats: {load,"tsung_controller@ip-172-31-57-233"} 1 0.05859375 0.0 0.171875 0.0 0.031005859375 32
stats: {cpu,"tsung_controller@ip-172-31-57-233"} 1 3.0425963488843815 0.0 3.0425963488843815 0.050050050050050046 0.6372308929487225 32
stats: {freemem,"tsung_controller@ip-172-31-57-233"} 1 655.63671875 0.0 691.2578125 655.63671875 681.1175537109375 32
stats: session 332 9713.311912650599 8370.572417970912 55064.641 9.211 11388.596334107808 2152
stats: users_count 339 2768
stats: finish_users_count 332 2484
stats: connect 657 1.0862968036529692 0.6181824972313908 15.522 0.636 1.1313589797198413 4783
stats: page 665 3413.359616541349 5723.732105914675 19436.045 1.163 4206.238165806597 4457
stats: 200 227 4000
stats: request 1608 1200.4535366915436 2673.5832006618116 11492.71 0.526 1709.068668249362 11373
stats: size_rcv 448873 3740004
stats: newphase 0 5
stats: 502 998 4977
stats: size_sent 539851 6080647
stats: connected 12 284
stats: 400 316 2683
stats: 201 67 1317
stats: 500 0 4
# stats: dump at 1670023276
stats: users 313 317
stats: {load,"tsung_controller@ip-172-31-57-233"} 1 0.05078125 0.0 0.171875 0.0 0.031841856060606064 33
stats: {cpu,"tsung_controller@ip-172-31-57-233"} 1 4.09711684370258 0.0 4.09711684370258 0.050050050050050046 0.710120755249803 33
stats: {freemem,"tsung_controller@ip-172-31-57-233"} 1 657.28125 0.0 691.2578125 655.63671875 680.3454071969697 33
stats: session 327 7475.966363914374 8234.455293482446 55064.641 9.211 11164.685533816426 2484
stats: users_count 356 3124
stats: finish_users_count 327 2811
stats: request 1770 1068.2265525423722 2909.3044501884083 11837.96 0.526 1646.0648063323315 12981
stats: connect 725 1.0677751724137936 0.540631307031152 15.522 0.633 1.1259167279411768 5440
stats: page 685 2244.0020700729915 5070.306502106862 19482.683 1.145 4103.297081218274 5122
stats: 200 184 4184
stats: size_rcv 568109 4308113
stats: newphase 0 5
stats: 502 1182 6159
stats: size_sent 540056 6620703
stats: connected 25 309
stats: 400 370 3053
stats: 201 35 1352
stats: 500 0 4
# stats: dump at 1670023286
stats: users 294 319
stats: {load,"tsung_controller@ip-172-31-57-233"} 1 0.0390625 0.0 0.171875 0.0 0.03239889705882353 34
stats: {cpu,"tsung_controller@ip-172-31-57-233"} 1 3.3011681056373794 0.0 4.09711684370258 0.050050050050050046 0.80973828726312 34
stats: {freemem,"tsung_controller@ip-172-31-57-233"} 1 661.890625 0.0 691.2578125 655.63671875 679.6670496323529 34
stats: session 328 9639.437582317067 8962.801559651745 55064.641 9.211 10735.5815962291 2811
stats: users_count 309 3433
stats: finish_users_count 328 3139
stats: connect 626 1.0902587859424935 0.5559419920504688 15.522 0.633 1.1190793187347936 6165
stats: page 649 3280.0265346687197 6144.291773516592 19559.942 1.145 3883.972630962631 5807
stats: 200 203 4387
stats: size_rcv 455579 4763692
stats: newphase 0 5
stats: 502 1027 7186
stats: size_sent 523650 7144353
stats: connected -14 295
stats: 400 312 3365
stats: 201 64 1416
stats: 500 0 4
stats: request 1607 1261.631551960173 2911.0615600992805 11837.96 0.526 1576.7289166158223 14751
# stats: dump at 1670023296
stats: users 280 319
stats: {load,"tsung_controller@ip-172-31-57-233"} 1 0.0390625 0.0 0.171875 0.0 0.032589285714285716 35
stats: {cpu,"tsung_controller@ip-172-31-57-233"} 1 3.202846975088968 0.0 4.09711684370258 0.050050050050050046 0.8809219963595274 35
stats: {freemem,"tsung_controller@ip-172-31-57-233"} 1 661.5 0.0 691.2578125 655.63671875 679.1591517857142 35
stats: session 332 9234.65990361446 8770.950582359113 55064.641 9.211 10621.043451417649 3139
stats: users_count 318 3751
stats: finish_users_count 332 3471
stats: request 1641 1080.13350030469 2689.821393585325 11837.96 0.526 1545.7739425968941 16358
stats: connect 654 1.0661712538226298 0.5556656322206277 15.522 0.633 1.1164226181711094 6791
stats: page 659 2801.9255295902867 5387.868688889439 19559.942 1.145 3823.2599580235437 6456
stats: 200 195 4582
stats: size_rcv 522089 5285781
stats: newphase 0 5
stats: 502 1072 8258
stats: size_sent 536549 7680902
stats: connected -6 289
stats: 400 329 3694
stats: 201 45 1461
stats: 500 0 4
# stats: dump at 1670023306
stats: users 361 364
stats: {load,"tsung_controller@ip-172-31-57-233"} 1 0.03125 0.0 0.171875 0.0 0.032769097222222224 36
stats: {cpu,"tsung_controller@ip-172-31-57-233"} 1 1.926001013684744 0.0 4.09711684370258 0.050050050050050046 0.9454199124353452 36
stats: {freemem,"tsung_controller@ip-172-31-57-233"} 1 662.66796875 0.0 691.2578125 655.63671875 678.6686197916666 36
stats: session 464 8141.885702586213 8599.795606322716 55064.641 9.211 10488.43632440219 3471
stats: users_count 545 4296
stats: finish_users_count 464 3935
stats: request 2425 940.0451105154676 2495.3050752157087 11837.96 0.526 1503.3206970942824 17999
stats: connect 1028 0.9936089494163419 0.3278618991289665 15.522 0.618 1.1120083277367365 7445
stats: page 970 2607.0551979381453 5220.210486390564 19559.942 1.128 3728.6627144061836 7115
stats: 200 255 4837
stats: size_rcv 697876 5983657
stats: newphase 1 6
stats: 502 1594 9852
stats: size_sent 716863 8397765
stats: connected 70 359
stats: 400 502 4196
stats: 201 74 1535
stats: 500 0 4
# stats: dump at 1670023316
stats: users 380 388
stats: {load,"tsung_controller@ip-172-31-57-233"} 1 0.01953125 0.0 0.171875 0.0 0.03272804054054054 37
stats: {cpu,"tsung_controller@ip-172-31-57-233"} 1 4.0226921093347086 0.0 4.09711684370258 0.050050050050050046 0.9719221043610047 37
stats: {freemem,"tsung_controller@ip-172-31-57-233"} 1 656.94921875 0.0 691.2578125 655.63671875 678.2361697635135 37
stats: session 606 5209.58221947195 6088.265220024203 55064.641 9.211 10211.740139263025 3935
stats: users_count 625 4921
stats: finish_users_count 606 4541
stats: request 3153 462.2829352997147 1929.7747674152029 11837.96 0.52 1436.441373873874 20424
stats: 200 151 4988
stats: connect 1280 1.0155882812500026 0.4664140629782944 15.522 0.613 1.0976433376608055 8473
stats: size_rcv 1009305 6992962
stats: page 1244 1024.8423987138253 3265.3384482305178 19559.942 1.128 3594.0975578231287 8085
stats: newphase 0 6
stats: 502 2326 12178
stats: size_sent 833847 9231612
stats: connected 21 380
stats: 400 648 4844
stats: 201 24 1559
stats: 500 4 8
# stats: dump at 1670023326
stats: users 360 416
stats: {load,"tsung_controller@ip-172-31-57-233"} 1 0.1015625 0.0 0.171875 0.0 0.032380756578947366 38
stats: {cpu,"tsung_controller@ip-172-31-57-233"} 1 5.897568546301087 0.0 5.897568546301087 0.050050050050050046 1.052205525544523 38
stats: {freemem,"tsung_controller@ip-172-31-57-233"} 1 649.85546875 0.0 691.2578125 649.85546875 677.6759868421053 38
stats: session 652 6191.610690184044 6734.9769441551325 55064.641 9.211 9544.198254349265 4541
stats: users_count 632 5553
stats: finish_users_count 652 5193
stats: request 3234 699.6784758812611 2436.430779542129 12937.741 0.52 1306.1651912881198 23577
stats: connect 1276 1.0419678683385558 0.5427157341461671 15.522 0.613 1.0868742950886914 9753
stats: page 1295 1712.8305490347495 4600.313058277322 20212.317 1.128 3251.493482581198 9329
stats: 200 205 5193
stats: size_rcv 1017081 8010043
stats: newphase 0 6
stats: 502 2331 14509
stats: size_sent 867951 10099563
stats: connected -19 361
stats: 400 642 5486
stats: 201 55 1614
stats: 500 1 9
# stats: dump at 1670023336
stats: users 382 416
stats: {load,"tsung_controller@ip-172-31-57-233"} 1 0.078125 0.0 0.171875 0.0 0.03415464743589743 39
stats: {cpu,"tsung_controller@ip-172-31-57-233"} 1 5.7187017001545595 0.0 5.897568546301087 0.050050050050050046 1.1764456029998196 39
stats: {freemem,"tsung_controller@ip-172-31-57-233"} 1 653.37890625 0.0 691.2578125 649.85546875 676.9626402243591 39
stats: session 603 6331.480121061357 7069.437058865407 55064.641 9.211 9123.268716156364 5193
stats: users_count 625 6178
stats: finish_users_count 603 5796
stats: connect 1230 0.9791691056910571 0.37305126048303416 15.522 0.613 1.0816788466769431 11029
stats: page 1222 1697.916315875614 4394.819083547639 20212.317 1.128 3063.9399717620477 10624
stats: request 3060 664.5675666666683 2145.4249202994192 12937.741 0.52 1233.009470217448 26811
stats: 200 221 5414
stats: size_rcv 906311 8916354
stats: newphase 0 6
stats: 502 2159 16668
stats: size_sent 855891 10955454
stats: connected 16 377
stats: 400 616 6102
stats: 201 64 1678
stats: 500 0 9
# stats: dump at 1670023346
stats: users 391 416
stats: {load,"tsung_controller@ip-172-31-57-233"} 1 0.0703125 0.0 0.171875 0.0 0.035253906249999994 40
stats: {cpu,"tsung_controller@ip-172-31-57-233"} 1 5.199579831932773 0.0 5.897568546301087 0.050050050050050046 1.2900020054286883 40
stats: {freemem,"tsung_controller@ip-172-31-57-233"} 1 652.7421875 0.0 691.2578125 649.85546875 676.3730468750002 40
stats: session 633 6293.429739336489 6368.695575655771 55064.641 9.211 8832.818660455487 5796
stats: users_count 642 6820
stats: finish_users_count 633 6429
stats: request 3135 618.1814031897954 1938.66862940315 12937.741 0.52 1174.7780007365004 29871
stats: 200 255 5669
stats: size_rcv 923096 9839450
stats: connect 1271 0.9895011801730922 0.38239545168567257 15.522 0.613 1.0713935883840449 12259
stats: newphase 0 6
stats: 502 2202 18870
stats: page 1256 1607.0906687898087 3916.011426428387 20212.317 1.128 2923.024818335303 11846
stats: size_sent 861014 11816468
stats: connected 9 386
stats: 400 625 6727
stats: 201 53 1731
stats: 500 0 9
# stats: dump at 1670023356
stats: users 399 416
stats: {load,"tsung_controller@ip-172-31-57-233"} 1 0.05859375 0.0 0.171875 0.0 0.03610899390243902 41
stats: {cpu,"tsung_controller@ip-172-31-57-233"} 1 5.604566683964712 0.0 5.897568546301087 0.050050050050050046 1.3853575621726903 41
stats: {freemem,"tsung_controller@ip-172-31-57-233"} 1 654.296875 0.0 691.2578125 649.85546875 675.7966844512197 41
stats: session 613 5353.309783034255 5634.285127341006 55064.641 9.211 8582.790166588893 6429
stats: users_count 621 7441
stats: finish_users_count 613 7042
stats: request 3137 533.0305409627052 2059.377384150462 12937.741 0.52 1121.9109361631222 33006
stats: connect 1261 0.996301348136398 0.37978559572661275 15.522 0.61 1.0637006651884706 13530
stats: page 1246 1273.6508314606722 3744.529981863858 20212.317 1.128 2796.8751242558387 13102
stats: 200 158 5827
stats: size_rcv 999402 10838852
stats: newphase 0 6
stats: 502 2294 21164
stats: size_sent 834584 12651052
stats: connected 7 393
stats: 400 639 7366
stats: 201 46 1777
stats: 500 0 9
# stats: dump at 1670023366
stats: users 51 416
stats: {load,"tsung_controller@ip-172-31-57-233"} 1 0.05078125 0.0 0.171875 0.0 0.03664434523809523 42
stats: {cpu,"tsung_controller@ip-172-31-57-233"} 1 5.521155830753354 0.0 5.897568546301087 0.050050050050050046 1.4858149222153574 42
stats: {freemem,"tsung_controller@ip-172-31-57-233"} 1 653.109375 0.0 691.2578125 649.85546875 675.2847842261906 42
stats: session 433 10809.94796766744 7420.410603043226 55064.641 9.211 8301.666696677079 7042
stats: users_count 85 7526
stats: finish_users_count 433 7475
stats: request 1381 1864.6675850832723 3160.9475489567 12937.741 0.52 1070.7995785075952 36143
stats: connect 261 1.076996168582375 0.41106663887320705 15.522 0.61 1.0579545669663988 14791
stats: page 651 4680.523473118281 5856.701350703015 20212.317 1.128 2664.596237385001 14348
stats: 200 493 6320
stats: size_rcv 356788 11195640
stats: newphase 0 6
stats: 502 621 21785
stats: size_sent 495515 13146567
stats: connected -340 53
stats: 400 160 7526
stats: 201 107 1884
stats: 500 0 9
# stats: dump at 1670023376
stats: users 3 416
stats: {load,"tsung_controller@ip-172-31-57-233"} 1 0.0390625 0.0 0.171875 0.0 0.036973110465116275 43
stats: {cpu,"tsung_controller@ip-172-31-57-233"} 1 2.3103967855349072 0.0 5.897568546301087 0.050050050050050046 1.5796600596232178 43
stats: {freemem,"tsung_controller@ip-172-31-57-233"} 1 673.5078125 0.0 691.2578125 649.85546875 674.7690770348838 43
stats: session 48 17684.004312500005 4763.38859452854 55064.641 9.211 8446.962454581939 7475
stats: users_count 0 7526
stats: finish_users_count 48 7523
stats: request 100 12.069859999999995 8.335310819663535 12937.741 0.52 1100.0163922023244 37524
stats: connect 0 0 0 15.522 0.61 1.058284746213128 15052
stats: page 50 24.220240000000004 7.495424760638985 20212.317 1.128 2752.09331255417 14999
stats: 200 100 6420
stats: size_rcv 7784 11203424
stats: newphase 0 6
stats: 502 0 21785
stats: size_sent 71862 13218429
stats: connected -50 3
stats: 400 0 7526
stats: 201 0 1884
stats: 500 0 9
# stats: dump at 1670023377
stats: users 0 416
stats: {load,"tsung_controller@ip-172-31-57-233"} 1 0.0390625 0.0 0.171875 0.0 0.03702059659090909 44
stats: {cpu,"tsung_controller@ip-172-31-57-233"} 1 0.3003003003003003 0.0 5.897568546301087 0.050050050050050046 1.596267712484847 44
stats: {freemem,"tsung_controller@ip-172-31-57-233"} 1 681.6953125 0.0 691.2578125 649.85546875 674.7404119318182 44
stats: session 3 23598.308666666668 4781.483341665451 55064.641 9.211 8505.898784394523 7523
stats: users_count 0 7526
stats: finish_users_count 3 7526
stats: connect 0 0 0 15.522 0.61 1.058284746213128 15052
stats: 200 6 6426
stats: request 6 9.521666666666668 5.748049021672967 12937.741 0.52 1097.1247631033389 37624
stats: page 3 19.124000000000002 0.2427440352854548 20212.317 1.128 2743.030009103595 15049
stats: size_rcv 466 11203890
stats: newphase 0 6
stats: 502 0 21785
stats: size_sent 3428 13221857
stats: connected -3 0
stats: 400 0 7526
stats: 201 0 1884
stats: 500 0 9
EndMonitor:{1670,23377,821147}
