# stats: dump at 1669991294
stats: users 8 8
stats: {freemem,"tsung_controller@ip-172-31-54-152"} 1 670.109375 0 670.109375 670.109375 0 0
stats: {load,"tsung_controller@ip-172-31-54-152"} 1 0.0 0 0.0 0.0 0 0
stats: {cpu,"tsung_controller@ip-172-31-54-152"} 1 0.40799929645884986 0 0.40799929645884986 0.40799929645884986 0 0
stats: users_count 8 8
stats: finish_users_count 0 0
stats: request 8 324.59212500000007 32.11075249989286 378.553 271.458 0 0
stats: connect 8 1.87275 1.6403126035911566 6.209 1.181 0 0
stats: 200 8 8
stats: size_rcv 3633 3633
stats: size_sent 7536 7536
stats: connected 8 8
# stats: dump at 1669991304
stats: users 21 21
stats: {freemem,"tsung_controller@ip-172-31-54-152"} 1 671.34765625 0.0 671.34765625 670.109375 670.109375 1
stats: {load,"tsung_controller@ip-172-31-54-152"} 1 0.0 0.0 0.0 0.0 0.0 1
stats: {cpu,"tsung_controller@ip-172-31-54-152"} 1 0.10010010010010009 0.0 0.40799929645884986 0.10010010010010009 0.40799929645884986 1
stats: users_count 13 21
stats: finish_users_count 0 0
stats: 200 6 14
stats: request 6 1099.4205 1274.2512650853378 3755.744 264.427 324.59212500000007 8
stats: size_rcv 1598 5231
stats: connect 13 1.3968461538461538 0.34020171531106613 6.209 1.081 1.87275 8
stats: size_sent 7536 15072
stats: connected 13 21
# stats: dump at 1669991314
stats: users 29 29
stats: {freemem,"tsung_controller@ip-172-31-54-152"} 1 670.8046875 0.0 671.34765625 670.109375 670.728515625 2
stats: {load,"tsung_controller@ip-172-31-54-152"} 1 0.0 0.0 0.0 0.0 0.0 2
stats: {cpu,"tsung_controller@ip-172-31-54-152"} 1 0.10010010010010009 0.0 0.40799929645884986 0.10010010010010009 0.254049698279475 2
stats: session 1 12491.504 0 12491.504 12491.504 0 0
stats: users_count 9 30
stats: finish_users_count 1 1
stats: request 14 5214.669785714286 7038.1873607866555 21968.702 133.418 656.6614285714286 14
stats: connect 9 1.3159999999999998 0.1834944746367645 6.209 1.081 1.578142857142857 21
stats: page 4 13875.409249999999 8819.24009114797 22347.348 133.418 0 0
stats: 200 11 25
stats: size_rcv 8060 13291
stats: 502 3 3
stats: size_sent 11381 26453
stats: connected 8 29
# stats: dump at 1669991324
stats: users 36 36
stats: {freemem,"tsung_controller@ip-172-31-54-152"} 1 670.2265625 0.0 671.34765625 670.109375 670.75390625 3
stats: {load,"tsung_controller@ip-172-31-54-152"} 1 0.0 0.0 0.0 0.0 0.0 3
stats: {cpu,"tsung_controller@ip-172-31-54-152"} 1 0.05002501250625312 0.0 0.40799929645884986 0.05002501250625312 0.20273316555301668 3
stats: session 4 22852.59725 10847.893160170397 35453.068 9904.715 12491.504 1
stats: users_count 11 41
stats: finish_users_count 4 5
stats: connect 11 1.282181818181818 0.12744397569971191 6.209 1.081 1.4995 30
stats: page 8 10365.798 11271.955788759187 33080.416 133.418 13875.409249999999 4
stats: 200 10 35
stats: request 15 7183.547333333334 8560.496885334547 32749.848 133.418 2935.6656071428574 28
stats: size_rcv 10768 24059
stats: 502 4 7
stats: size_sent 10619 37072
stats: connected 7 36
stats: 500 1 1
# stats: dump at 1669991334
stats: users 40 42
stats: {freemem,"tsung_controller@ip-172-31-54-152"} 1 669.13671875 0.0 671.34765625 669.13671875 670.6220703125 4
stats: {load,"tsung_controller@ip-172-31-54-152"} 1 0.0 0.0 0.0 0.0 0.0 4
stats: {cpu,"tsung_controller@ip-172-31-54-152"} 1 0.05012531328320802 0.0 0.40799929645884986 0.05002501250625312 0.1645561272913258 4
stats: session 5 31320.1028 12734.29663634997 46001.57 9904.715 20780.3786 5
stats: users_count 9 50
stats: finish_users_count 5 10
stats: request 16 14468.456125 13529.607044221104 39839.937 103.479 4417.484813953489 43
stats: connect 8 1.693125 0.810592289239788 6.209 1.081 1.4411951219512196 41
stats: page 7 18785.658428571423 16282.516696971534 40169.148 103.479 11535.668416666667 12
stats: 200 10 45
stats: size_rcv 2887110 2911169
stats: 502 5 12
stats: size_sent 8775 45847
stats: connected 5 41
stats: 500 2 3
# stats: dump at 1669991344
stats: users 43 43
stats: {freemem,"tsung_controller@ip-172-31-54-152"} 1 668.3125 0.0 671.34765625 668.3125 670.325 5
stats: {load,"tsung_controller@ip-172-31-54-152"} 1 0.0 0.0 0.0 0.0 0.0 5
stats: {cpu,"tsung_controller@ip-172-31-54-152"} 1 0.3001500750375188 0.0 0.40799929645884986 0.05002501250625312 0.14166996448970223 5
stats: session 7 23618.57485714286 10352.067023174513 46001.57 9904.715 26050.240700000002 10
stats: users_count 10 60
stats: finish_users_count 7 17
stats: request 27 4767.703 6836.351836966123 39839.937 4.778 7143.171949152543 59
stats: connect 11 1.3098181818181815 0.2663493325355797 6.209 1.022 1.4823265306122448 49
stats: page 17 8802.198411764706 9893.077944446915 40169.148 4.778 14206.717368421052 19
stats: 200 16 61
stats: size_rcv 16917 2928086
stats: 502 7 19
stats: size_sent 13350 59197
stats: connected 2 43
stats: 500 3 6
# stats: dump at 1669991354
stats: users 48 49
stats: {freemem,"tsung_controller@ip-172-31-54-152"} 1 667.27734375 0.0 671.34765625 667.27734375 669.9895833333334 6
stats: {load,"tsung_controller@ip-172-31-54-152"} 1 0.0 0.0 0.0 0.0 0.0 6
stats: {cpu,"tsung_controller@ip-172-31-54-152"} 1 0.249500998003992 0.0 0.40799929645884986 0.05002501250625312 0.16808331624767167 6
stats: session 7 27499.13157142857 17437.362900084576 51031.786 3133.726 25048.966529411762 17
stats: users_count 12 72
stats: finish_users_count 7 24
stats: request 29 11334.395034482759 18889.08136105771 59774.572 4.778 6397.385186046512 86
stats: connect 12 1.4164999999999999 0.44498249029222103 6.209 1.022 1.4507 60
stats: page 17 22092.52111764706 23988.571888594888 60124.537 4.778 11654.583416666668 36
stats: 504 3 3
stats: 200 14 75
stats: size_rcv 16078 2944164
stats: 502 8 27
stats: newphase 1 1
stats: size_sent 14055 73252
stats: connected 5 48
stats: 500 4 10
# stats: dump at 1669991364
stats: users 68 68
stats: {freemem,"tsung_controller@ip-172-31-54-152"} 1 665.78515625 0.0 671.34765625 665.78515625 669.6021205357143 7
stats: {load,"tsung_controller@ip-172-31-54-152"} 1 0.0 0.0 0.0 0.0 0.0 7
stats: {cpu,"tsung_controller@ip-172-31-54-152"} 1 0.050050050050050046 0.0 0.40799929645884986 0.05002501250625312 0.1797144136414317 7
stats: session 3 45700.78866666667 24647.101576447083 68916.129 3133.726 25763.597999999998 24
stats: users_count 23 95
stats: finish_users_count 3 27
stats: request 18 21436.112500000003 23602.604383614427 59801.569 4.778 7642.37027826087 115
stats: connect 22 1.5553636363636363 1.2806135796936826 7.303 1.014 1.4449999999999998 72
stats: page 10 30503.6838 24855.53449235659 60124.537 4.778 15002.60116981132 53
stats: 504 2 5
stats: 200 7 82
stats: size_rcv 6944 2951108
stats: 502 4 31
stats: newphase 0 1
stats: size_sent 13262 86514
stats: connected 19 67
stats: 500 5 15
# stats: dump at 1669991374
stats: users 85 87
stats: {freemem,"tsung_controller@ip-172-31-54-152"} 1 664.89453125 0.0 671.34765625 664.89453125 669.125 8
stats: {load,"tsung_controller@ip-172-31-54-152"} 1 0.0 0.0 0.0 0.0 0.0 8
stats: {cpu,"tsung_controller@ip-172-31-54-152"} 1 0.1500750375187594 0.0 0.40799929645884986 0.05002501250625312 0.163506368192509 8
stats: session 11 42048.264818181815 24336.917098860096 71127.107 3133.726 27978.841407407406 27
stats: users_count 28 123
stats: finish_users_count 11 38
stats: 504 9 14
stats: request 37 14328.94435135135 21174.470572036036 59868.75 4.753 9509.192533834586 133
stats: 200 12 94
stats: size_rcv 16930 2968038
stats: connect 28 1.383214285714286 0.33217049808181104 7.303 1.014 1.4708297872340423 94
stats: 502 9 40
stats: newphase 0 1
stats: page 22 21970.29104545454 26314.9366778731 64106.175 4.753 17463.090476190475 63
stats: size_sent 19288 105802
stats: connected 18 85
stats: 500 7 22
# stats: dump at 1669991384
stats: users 101 101
stats: {freemem,"tsung_controller@ip-172-31-54-152"} 1 663.8046875 0.0 671.34765625 663.8046875 668.6549479166666 9
stats: {load,"tsung_controller@ip-172-31-54-152"} 1 0.0 0.0 0.0 0.0 0.0 9
stats: {cpu,"tsung_controller@ip-172-31-54-152"} 1 0.15022533800701052 0.0 0.40799929645884986 0.05002501250625312 0.16201399811764794 9
stats: session 10 15385.339600000003 15539.943581976786 71127.107 1208.046 32051.569236842108 38
stats: users_count 26 149
stats: finish_users_count 10 48
stats: request 45 5251.32517777778 11981.350155625543 59907.109 1.698 10558.19734117647 170
stats: connect 27 1.413074074074074 0.6377511952992515 7.303 1.014 1.4507213114754098 122
stats: page 24 9141.221000000001 16345.920910537618 64106.175 4.753 18629.660035294117 85
stats: 504 12 26
stats: 200 12 106
stats: size_rcv 22043 2990081
stats: 502 0 40
stats: newphase 0 1
stats: size_sent 17618 123420
stats: connected 16 101
stats: 500 21 43
# stats: dump at 1669991394
stats: users 104 115
stats: {freemem,"tsung_controller@ip-172-31-54-152"} 1 665.25390625 0.0 671.34765625 663.8046875 668.169921875 10
stats: {load,"tsung_controller@ip-172-31-54-152"} 1 0.0 0.0 0.0 0.0 0.0 10
stats: {cpu,"tsung_controller@ip-172-31-54-152"} 1 0.15030060120240482 0.0 0.40799929645884986 0.05002501250625312 0.1608351321065842 10
stats: session 14 60220.761214285725 32577.434232519183 105104.506 1208.046 28579.4380625 48
stats: users_count 17 166
stats: finish_users_count 14 62
stats: request 40 27265.0927 22786.55204657239 59934.043 1.698 9447.456655813954 215
stats: connect 17 1.3790588235294117 0.16614184959501083 7.303 1.014 1.4438993288590602 149
stats: page 27 36715.39425925926 24011.51399102724 71177.369 4.753 16540.462449541283 109
stats: 504 16 42
stats: 200 11 117
stats: size_rcv 14404 3004485
stats: 502 11 51
stats: newphase 0 1
stats: size_sent 10472 133892
stats: connected 5 106
stats: 500 2 45
# stats: dump at 1669991404
stats: users 100 115
stats: {freemem,"tsung_controller@ip-172-31-54-152"} 1 665.0078125 0.0 671.34765625 663.8046875 667.9048295454545 11
stats: {load,"tsung_controller@ip-172-31-54-152"} 1 0.0 0.0 0.0 0.0 0.0 11
stats: {cpu,"tsung_controller@ip-172-31-54-152"} 1 0.15 0.0 0.40799929645884986 0.05002501250625312 0.15987744747893154 11
stats: session 18 47003.40700000001 20302.250723964942 105104.506 1208.046 35724.252967741944 62
stats: users_count 14 180
stats: finish_users_count 18 80
stats: request 64 14207.250781249995 15110.408698102867 59939.209 1.698 12242.379956862747 255
stats: connect 14 2.3162142857142856 1.9855732593806117 7.528 1.014 1.4372590361445783 166
stats: page 36 19148.644333333334 19406.810042751335 71177.369 4.753 20545.779794117643 136
stats: 504 2 44
stats: 200 31 148
stats: size_rcv 40526 3045011
stats: 502 11 62
stats: newphase 0 1
stats: size_sent 22605 156497
stats: connected -3 103
stats: 500 20 65
# stats: dump at 1669991414
stats: users 97 115
stats: {freemem,"tsung_controller@ip-172-31-54-152"} 1 663.203125 0.0 671.34765625 663.203125 667.6634114583334 12
stats: {load,"tsung_controller@ip-172-31-54-152"} 1 0.078125 0.0 0.078125 0.0 0.0 12
stats: {cpu,"tsung_controller@ip-172-31-54-152"} 1 0.4 0.0 0.40799929645884986 0.05002501250625312 0.15905432685568724 12
stats: session 35 41719.18365714287 24507.561752754536 105104.506 1208.046 38262.062625000006 80
stats: users_count 32 212
stats: finish_users_count 35 115
stats: request 109 14550.744862385329 18856.099468906534 59939.209 1.698 12636.586015673982 319
stats: connect 29 1.7561034482758617 1.5965774459833109 8.229 1.014 1.5056222222222222 180
stats: page 82 21252.96382926831 24483.405166920296 92964.791 4.753 20253.356093023252 172
stats: 504 6 50
stats: 200 44 192
stats: size_rcv 75760 3120771
stats: 502 39 101
stats: newphase 1 2
stats: size_sent 33898 190395
stats: connected -9 94
stats: 500 20 85
# stats: dump at 1669991424
stats: users 106 115
stats: {freemem,"tsung_controller@ip-172-31-54-152"} 1 662.63671875 0.0 671.34765625 662.63671875 667.3203125 13
stats: {load,"tsung_controller@ip-172-31-54-152"} 1 0.0703125 0.0 0.078125 0.0 0.006009615384615385 13
stats: {cpu,"tsung_controller@ip-172-31-54-152"} 1 0.30075187969924816 0.0 0.40799929645884986 0.05002501250625312 0.17758860940524976 13
stats: session 32 32476.893218750014 19211.076190242155 105104.506 1208.046 39314.229895652184 115
stats: users_count 41 253
stats: finish_users_count 32 147
stats: 504 7 57
stats: request 98 8026.907989795921 15181.747725738647 59995.772 1.698 13124.070394859815 428
stats: 200 37 229
stats: size_rcv 61516 3182287
stats: connect 44 1.3951363636363632 0.6376723507095977 8.229 0.957 1.5403779904306218 209
stats: 502 0 101
stats: newphase 0 2
stats: size_sent 28891 219286
stats: connected 13 107
stats: 500 54 139
stats: page 57 9836.741350877193 14672.096895714381 92964.791 4.753 20576.06410236221 254
# stats: dump at 1669991434
stats: users 106 115
stats: {freemem,"tsung_controller@ip-172-31-54-152"} 1 662.46484375 0.0 671.34765625 662.46484375 666.9857700892857 14
stats: {load,"tsung_controller@ip-172-31-54-152"} 1 0.05859375 0.0 0.078125 0.0 0.010602678571428572 14
stats: {cpu,"tsung_controller@ip-172-31-54-152"} 1 0.15030060120240482 0.0 0.40799929645884986 0.05002501250625312 0.18638598585482108 14
stats: session 45 28034.073911111107 27723.719972994157 126051.347 1208.046 37825.830074829944 147
stats: users_count 45 298
stats: finish_users_count 45 192
stats: request 128 7449.275039062492 14524.877041336274 59995.772 1.698 12174.408958174907 526
stats: connect 43 1.4674883720930234 0.5793880240589474 8.229 0.957 1.5151185770750986 253
stats: page 88 11838.615011363634 19051.33642973752 92964.791 4.753 18607.76379099679 311
stats: 504 5 62
stats: 200 50 279
stats: size_rcv 82227 3264514
stats: 502 39 140
stats: newphase 0 2
stats: size_sent 32951 252237
stats: connected -1 106
stats: 500 34 173
# stats: dump at 1669991444
stats: users 112 125
stats: {freemem,"tsung_controller@ip-172-31-54-152"} 1 662.140625 0.0 671.34765625 662.140625 666.684375 15
stats: {load,"tsung_controller@ip-172-31-54-152"} 1 0.05078125 0.0 0.078125 0.0 0.013802083333333333 15
stats: {cpu,"tsung_controller@ip-172-31-54-152"} 1 0.2506265664160401 0.0 0.40799929645884986 0.05002501250625312 0.18398029354466 15
stats: session 32 16640.2525 11966.663484783954 126051.347 1208.046 35530.887223958336 192
stats: users_count 38 336
stats: finish_users_count 32 224
stats: page 68 9011.899323529413 14197.982481641051 92964.791 4.753 17114.81869674186 399
stats: 504 6 68
stats: request 103 7122.374815533979 12932.451517857866 59995.772 1.698 11249.612105504586 654
stats: connect 39 1.2965641025641024 0.18797923983464238 8.229 0.957 1.508199324324324 296
stats: 200 39 318
stats: size_rcv 59465 3323979
stats: 502 39 179
stats: newphase 0 2
stats: size_sent 31683 283920
stats: connected 6 112
stats: 500 19 192
# stats: dump at 1669991454
stats: users 117 125
stats: {freemem,"tsung_controller@ip-172-31-54-152"} 1 662.6875 0.0 671.34765625 662.140625 666.400390625 16
stats: {load,"tsung_controller@ip-172-31-54-152"} 1 0.0390625 0.0 0.078125 0.0 0.01611328125 16
stats: {cpu,"tsung_controller@ip-172-31-54-152"} 1 0.25100401606425704 0.0 0.40799929645884986 0.05002501250625312 0.18814568559912126 16
stats: session 37 41135.747162162166 34551.2578152085 128025.413 1208.046 32832.22512053572 224
stats: users_count 42 378
stats: finish_users_count 37 261
stats: page 78 17392.37166666667 22640.946153135585 92964.791 4.753 15934.950351177735 467
stats: 504 8 76
stats: 200 42 360
stats: connect 42 1.6143333333333332 0.6943055340433164 8.229 0.957 1.4835611940298503 335
stats: size_rcv 68557 3392536
stats: 502 20 199
stats: newphase 0 2
stats: size_sent 32550 316470
stats: connected 5 117
stats: 500 58 250
stats: request 128 11773.967437499998 16353.817139107718 59995.772 1.698 10688.046133421398 757
# stats: dump at 1669991464
stats: users 122 125
stats: {freemem,"tsung_controller@ip-172-31-54-152"} 1 663.046875 0.0 671.34765625 662.140625 666.1819852941177 17
stats: {load,"tsung_controller@ip-172-31-54-152"} 1 0.03125 0.0 0.078125 0.0 0.017463235294117647 17
stats: {cpu,"tsung_controller@ip-172-31-54-152"} 1 0.5497251374312844 0.0 0.5497251374312844 0.05002501250625312 0.1918432344500116 17
stats: session 36 31995.60872222222 25536.574605040758 128025.413 1208.046 34009.352766283526 261
stats: users_count 41 419
stats: finish_users_count 36 297
stats: request 114 5602.395307017541 8145.53165383399 59995.772 1.698 10845.105937853106 885
stats: connect 42 1.8004047619047614 1.6593612807274143 10.23 0.957 1.4981299734748006 377
stats: page 76 12596.407210526317 17780.03968191285 92964.791 4.753 16143.535420183489 545
stats: 504 4 80
stats: 200 40 400
stats: size_rcv 66811 3459347
stats: 502 20 219
stats: newphase 0 2
stats: size_sent 30215 346685
stats: connected 5 122
stats: 500 50 300
# stats: dump at 1669991474
stats: users 169 172
stats: {freemem,"tsung_controller@ip-172-31-54-152"} 1 662.38671875 0.0 671.34765625 662.140625 666.0078125 18
stats: {load,"tsung_controller@ip-172-31-54-152"} 1 0.03125 0.0 0.078125 0.0 0.018229166666666668 18
stats: {cpu,"tsung_controller@ip-172-31-54-152"} 1 0.4506760140210316 0.0 0.5497251374312844 0.05002501250625312 0.21172556239341567 18
stats: session 33 28822.87960606061 27014.515462199135 128025.413 1208.046 33765.26257912458 297
stats: users_count 80 499
stats: finish_users_count 33 330
stats: request 113 5573.676566371683 11836.906715329083 59995.772 1.698 10246.838658658657 999
stats: connect 80 1.6469000000000005 1.2249386576478027 10.23 0.95 1.5284295942720758 419
stats: page 68 10145.432411764705 16832.81249450417 92964.791 4.753 15709.42633172303 621
stats: 504 35 115
stats: 200 24 424
stats: size_rcv 43422 3502769
stats: 502 20 239
stats: newphase 1 3
stats: size_sent 39464 386149
stats: connected 49 171
stats: 500 34 334
# stats: dump at 1669991484
stats: users 223 223
stats: {freemem,"tsung_controller@ip-172-31-54-152"} 1 627.41796875 0.0 671.34765625 627.41796875 665.817228618421 19
stats: {load,"tsung_controller@ip-172-31-54-152"} 1 0.01953125 0.0 0.078125 0.0 0.018914473684210526 19
stats: {cpu,"tsung_controller@ip-172-31-54-152"} 1 1.3547415955845459 0.0 1.3547415955845459 0.05002501250625312 0.2243019019527639 19
stats: session 36 19334.532277777784 27016.22954004967 128025.413 528.898 33271.02428181819 330
stats: users_count 90 589
stats: finish_users_count 36 366
stats: 504 93 208
stats: request 170 5663.344123529416 11989.888328338397 60000.42 1.187 9771.957978417264 1112
stats: 200 32 456
stats: size_rcv 53160 3555929
stats: connect 89 1.3914382022471907 0.4599114950288691 10.23 0.95 1.5474228456913826 499
stats: 502 23 262
stats: newphase 0 3
stats: page 90 9520.122077777778 22785.938412168536 119508.738 1.725 15160.2948563135 689
stats: size_sent 52370 438519
stats: connected 51 222
stats: 500 22 356
# stats: dump at 1669991494
stats: users 239 253
stats: {freemem,"tsung_controller@ip-172-31-54-152"} 1 624.828125 0.0 671.34765625 624.828125 663.897265625 20
stats: {load,"tsung_controller@ip-172-31-54-152"} 1 0.01953125 0.0 0.078125 0.0 0.0189453125 20
stats: {cpu,"tsung_controller@ip-172-31-54-152"} 1 0.6012024048096193 0.0 1.3547415955845459 0.05002501250625312 0.280823886634353 20
stats: session 50 20072.836720000014 23506.662374512176 128025.413 145.242 31900.221789617495 366
stats: users_count 66 655
stats: finish_users_count 50 416
stats: request 168 5527.52461904762 12932.738106768513 60000.42 0.766 9227.13398829953 1282
stats: connect 67 1.5180746268656713 1.138039205491973 10.23 0.95 1.5238129251700678 588
stats: page 111 8313.444270270278 15341.74203265642 119508.738 1.404 14508.670273427473 779
stats: 504 116 324
stats: 200 11 467
stats: size_rcv 35149 3591078
stats: 502 21 283
stats: newphase 0 3
stats: size_sent 38460 476979
stats: connected 17 239
stats: 500 20 376
# stats: dump at 1669991504
stats: users 226 253
stats: {freemem,"tsung_controller@ip-172-31-54-152"} 1 623.765625 0.0 671.34765625 623.765625 662.0368303571429 21
stats: {load,"tsung_controller@ip-172-31-54-152"} 1 0.01953125 0.0 0.078125 0.0 0.018973214285714284 21
stats: {cpu,"tsung_controller@ip-172-31-54-152"} 1 0.45045045045045046 0.0 1.3547415955845459 0.05002501250625312 0.29608000654746086 21
stats: session 96 23643.970562499995 26586.52726806104 131591.476 138.472 30478.661084134623 416
stats: users_count 83 738
stats: finish_users_count 96 512
stats: request 260 7185.612084615387 14518.51054158899 60000.42 0.766 8798.489592413793 1450
stats: connect 81 1.566345679012346 0.9882025853243973 10.23 0.95 1.523225954198473 655
stats: page 174 9994.163275862076 18318.716702863792 119508.738 1.19 13736.007255056182 890
stats: 504 168 492
stats: 200 34 501
stats: size_rcv 72413 3663491
stats: 502 32 315
stats: newphase 0 3
stats: size_sent 48112 525091
stats: connected -15 224
stats: 500 26 402
# stats: dump at 1669991514
stats: users 193 253
stats: {freemem,"tsung_controller@ip-172-31-54-152"} 1 622.01953125 0.0 671.34765625 622.01953125 660.2972301136364 22
stats: {load,"tsung_controller@ip-172-31-54-152"} 1 0.01171875 0.0 0.078125 0.0 0.018998579545454544 22
stats: {cpu,"tsung_controller@ip-172-31-54-152"} 1 0.8032128514056224 0.0 1.3547415955845459 0.05002501250625312 0.30309684490668765 22
stats: session 111 33632.28135135133 22288.50657486032 131591.476 138.472 29197.15661132813 512
stats: users_count 78 816
stats: finish_users_count 111 623
stats: 504 102 594
stats: request 325 14373.781609230766 18200.32523842992 60000.42 0.766 8553.25675497076 1710
stats: 200 84 585
stats: size_rcv 156733 3820224
stats: connect 79 1.5392658227848106 0.9802353335220488 10.23 0.95 1.527971467391304 736
stats: 502 48 363
stats: newphase 0 3
stats: size_sent 61295 586386
stats: page 218 16648.271490825693 21322.640957922707 119508.738 1.19 13124.08916071429 1064
stats: connected -32 192
stats: 500 91 493
# stats: dump at 1669991524
stats: users 214 253
stats: {freemem,"tsung_controller@ip-172-31-54-152"} 1 621.00390625 0.0 671.34765625 621.00390625 658.6329823369565 23
stats: {load,"tsung_controller@ip-172-31-54-152"} 1 0.01171875 0.0 0.078125 0.0 0.018682065217391304 23
stats: {cpu,"tsung_controller@ip-172-31-54-152"} 1 0.7530120481927711 0.0 1.3547415955845459 0.05002501250625312 0.3248410191022935 23
stats: session 63 25364.919269841277 20340.141291270247 131591.476 55.995 29987.36342696629 623
stats: users_count 84 900
stats: finish_users_count 63 686
stats: request 183 5640.712595628418 11977.415589184478 60000.42 0.766 9482.824606388205 2035
stats: connect 85 1.3308352941176471 0.2921723442667448 10.23 0.95 1.5290662576687115 815
stats: page 122 12285.259000000004 19455.09162259298 119508.738 1.19 13723.36509516381 1282
stats: 504 86 680
stats: 200 34 619
stats: size_rcv 67284 3887508
stats: 502 24 387
stats: newphase 0 3
stats: size_sent 47651 634037
stats: connected 22 214
stats: 500 39 532
# stats: dump at 1669991534
stats: users 263 263
stats: {freemem,"tsung_controller@ip-172-31-54-152"} 1 620.9609375 0.0 671.34765625 620.9609375 657.0651041666666 24
stats: {load,"tsung_controller@ip-172-31-54-152"} 1 0.01171875 0.0 0.078125 0.0 0.018391927083333332 24
stats: {cpu,"tsung_controller@ip-172-31-54-152"} 1 0.7996001999000499 0.0 1.3547415955845459 0.05002501250625312 0.3426814786477301 24
stats: session 99 25054.158717171733 24407.536370214748 131591.476 55.995 29562.85324927114 686
stats: users_count 148 1048
stats: finish_users_count 99 785
stats: request 360 8707.398752777786 13203.46281155716 60000.42 0.766 9165.824381875564 2218
stats: connect 141 1.5160851063829788 0.8370212762351854 10.23 0.95 1.5103444444444445 900
stats: page 228 12173.483807017545 18381.262138106387 119508.738 1.19 13598.401460113964 1404
stats: 504 126 806
stats: 200 85 704
stats: size_rcv 145543 4033051
stats: 502 72 459
stats: newphase 1 4
stats: size_sent 85697 719734
stats: connected 42 256
stats: 500 77 609
# stats: dump at 1669991544
stats: users 361 362
stats: {freemem,"tsung_controller@ip-172-31-54-152"} 1 617.859375 0.0 671.34765625 617.859375 655.6209375 25
stats: {load,"tsung_controller@ip-172-31-54-152"} 1 0.01171875 0.0 0.078125 0.0 0.018125 25
stats: {cpu,"tsung_controller@ip-172-31-54-152"} 1 1.3520280420630946 0.0 1.3547415955845459 0.05002501250625312 0.36095822749782286 25
stats: session 69 28358.675811594196 21863.896985281972 131591.476 55.995 28994.240817834398 785
stats: users_count 167 1215
stats: finish_users_count 69 854
stats: 504 15 821
stats: request 225 7865.745622222223 7697.242061696804 60000.42 0.766 9101.808390224982 2578
stats: 200 63 767
stats: size_rcv 125490 4158541
stats: connect 168 1.478559523809525 0.7409884381719699 10.23 0.922 1.5111219980787705 1041
stats: 502 45 504
stats: newphase 0 4
stats: size_sent 73613 793347
stats: page 133 15993.769842105266 19680.261446730477 119508.738 1.19 13399.332082107845 1632
stats: connected 103 359
stats: 500 102 711
# stats: dump at 1669991554
stats: users 420 420
stats: {freemem,"tsung_controller@ip-172-31-54-152"} 1 612.62890625 0.0 671.34765625 612.62890625 654.1685697115385 26
stats: {load,"tsung_controller@ip-172-31-54-152"} 1 0.0 0.0 0.078125 0.0 0.017878605769230768 26
stats: {cpu,"tsung_controller@ip-172-31-54-152"} 1 0.9036144578313252 0.0 1.3547415955845459 0.05002501250625312 0.39907629728879485 26
stats: session 86 38030.09855813955 22006.65156345207 131591.476 55.995 28942.88954683841 854
stats: users_count 145 1360
stats: finish_users_count 86 940
stats: request 298 10082.475731543625 7992.976510455786 60000.42 0.766 9002.58822511595 2803
stats: page 185 14884.071005405413 14190.20009669006 119508.738 1.19 13594.833624362607 1765
stats: 504 3 824
stats: connect 147 1.4121632653061222 0.40092028557464654 10.23 0.922 1.5065971877584783 1209
stats: 200 87 854
stats: size_rcv 171394 4329935
stats: 502 94 598
stats: newphase 0 4
stats: size_sent 76180 869527
stats: connected 57 416
stats: 500 114 825
# stats: dump at 1669991564
stats: users 521 521
stats: {freemem,"tsung_controller@ip-172-31-54-152"} 1 608.546875 0.0 671.34765625 608.546875 652.6300636574074 27
stats: {load,"tsung_controller@ip-172-31-54-152"} 1 0.0 0.0 0.078125 0.0 0.017216435185185185 27
stats: {cpu,"tsung_controller@ip-172-31-54-152"} 1 0.9533366783743101 0.0 1.3547415955845459 0.05002501250625312 0.4177628958274071 27
stats: session 73 30004.81887671233 11253.05999895573 131591.476 55.995 29774.272498936174 940
stats: users_count 174 1534
stats: finish_users_count 73 1013
stats: connect 171 1.475713450292397 1.169042115407682 14.736 0.922 1.4963598820058999 1356
stats: 504 4 828
stats: request 303 11332.70006930693 7077.584873134116 60000.42 0.766 9106.36329022896 3101
stats: page 172 16523.025029069762 13036.16680084964 119508.738 1.19 13717.14588871795 1950
stats: 200 74 928
stats: size_rcv 156316 4486251
stats: 502 88 686
stats: newphase 0 4
stats: size_sent 85035 954562
stats: connected 99 515
stats: 500 137 962
# stats: dump at 1669991574
stats: users 563 563
stats: {freemem,"tsung_controller@ip-172-31-54-152"} 1 605.01171875 0.0 671.34765625 605.01171875 651.0556640625 28
stats: {load,"tsung_controller@ip-172-31-54-152"} 1 0.0 0.0 0.078125 0.0 0.0166015625 28
stats: {cpu,"tsung_controller@ip-172-31-54-152"} 1 1.2048192771084338 0.0 1.3547415955845459 0.05002501250625312 0.43689053091836794 28
stats: session 105 32303.57635238096 13647.289693369803 131591.476 55.995 29790.88640375124 1013
stats: users_count 147 1681
stats: finish_users_count 105 1118
stats: request 441 9885.642376417234 9582.74131462069 60000.42 0.766 9304.536041128085 3404
stats: connect 150 1.4634133333333332 0.6266414199169694 14.736 0.922 1.4940478061558613 1527
stats: page 244 15638.195926229511 13451.726895379548 119508.738 1.19 13944.578128180963 2122
stats: 504 172 1000
stats: 200 57 985
stats: size_rcv 145196 4631447
stats: 502 96 782
stats: newphase 0 4
stats: size_sent 84398 1038960
stats: connected 48 563
stats: 500 116 1078
# stats: dump at 1669991584
stats: users 614 619
stats: {freemem,"tsung_controller@ip-172-31-54-152"} 1 603.3515625 0.0 671.34765625 603.3515625 649.4679418103449 29
stats: {load,"tsung_controller@ip-172-31-54-152"} 1 0.0 0.0 0.078125 0.0 0.01602909482758621 29
stats: {cpu,"tsung_controller@ip-172-31-54-152"} 1 1.2543903662819869 0.0 1.3547415955845459 0.05002501250625312 0.46337083251112887 29
stats: session 117 35201.51213675211 13785.748207662027 131591.476 55.995 30026.872490161008 1118
stats: users_count 168 1849
stats: finish_users_count 117 1235
stats: request 371 13525.405072776286 7726.237349571229 60000.42 0.766 9371.185688426529 3845
stats: connect 163 1.4762453987730066 0.7238992074030948 14.736 0.922 1.4913076923076924 1677
stats: page 239 16980.765958159016 11359.02687343615 119508.738 1.19 14119.23693744717 2366
stats: 504 33 1033
stats: 200 110 1095
stats: size_rcv 207981 4839428
stats: 502 64 846
stats: newphase 0 4
stats: size_sent 90029 1128989
stats: connected 43 606
stats: 500 164 1242
# stats: dump at 1669991594
stats: users 746 746
stats: {freemem,"tsung_controller@ip-172-31-54-152"} 1 598.7265625 0.0 671.34765625 598.7265625 647.9307291666667 30
stats: {load,"tsung_controller@ip-172-31-54-152"} 1 0.0 0.0 0.078125 0.0 0.015494791666666669 30
stats: {cpu,"tsung_controller@ip-172-31-54-152"} 1 1.1066398390342052 0.0 1.3547415955845459 0.05002501250625312 0.48973815030349077 30
stats: session 147 36072.90712925167 12142.278568763262 131591.476 55.995 30517.101509311742 1235
stats: users_count 279 2128
stats: finish_users_count 147 1382
stats: request 491 11174.140883910384 8657.373990986633 60000.42 0.766 9736.749111480078 4216
stats: connect 273 1.3734798534798545 0.5541034739563794 14.736 0.868 1.4899733695652175 1840
stats: page 322 19013.17628571429 14559.802883675755 119508.738 1.19 14381.772613435704 2605
stats: 504 87 1120
stats: 200 108 1203
stats: size_rcv 220234 5059662
stats: 502 132 978
stats: newphase 1 5
stats: size_sent 124227 1253216
stats: connected 131 737
stats: 500 164 1406
# stats: dump at 1669991604
stats: users 838 845
stats: {freemem,"tsung_controller@ip-172-31-54-152"} 1 626.08984375 0.0 671.34765625 598.7265625 646.343497983871 31
stats: {load,"tsung_controller@ip-172-31-54-152"} 1 0.0 0.0 0.078125 0.0 0.014994959677419357 31
stats: {cpu,"tsung_controller@ip-172-31-54-152"} 1 1.81360201511335 0.0 1.81360201511335 0.05002501250625312 0.5096382047786752 31
stats: session 223 21619.97624663678 18672.056230507114 131591.476 25.549 31108.059125904485 1382
stats: users_count 315 2443
stats: finish_users_count 223 1605
stats: request 821 4320.194236297208 6869.667495808691 60000.42 0.766 9886.687365200765 4707
stats: connect 319 1.5642884012539187 1.0969773481729939 14.736 0.865 1.4749223852342643 2113
stats: page 500 7105.104576000017 11175.94547607415 119508.738 1.055 14891.274486504955 2927
stats: 504 56 1176
stats: 200 54 1257
stats: size_rcv 289847 5349509
stats: 502 589 1567
stats: newphase 0 5
stats: size_sent 168735 1421951
stats: connected 99 836
stats: 500 122 1528
# stats: dump at 1669991614
stats: users 834 895
stats: {freemem,"tsung_controller@ip-172-31-54-152"} 1 620.21484375 0.0 671.34765625 598.7265625 645.7105712890625 32
stats: {load,"tsung_controller@ip-172-31-54-152"} 1 0.0 0.0 0.078125 0.0 0.014526367187500002 32
stats: {cpu,"tsung_controller@ip-172-31-54-152"} 1 2.556390977443609 0.0 2.556390977443609 0.05002501250625312 0.5503870738516338 32
stats: session 306 22460.285728758176 18329.663266551175 131591.476 25.549 29789.777205607475 1605
stats: users_count 302 2745
stats: finish_users_count 306 1911
stats: request 978 6067.828072597132 9737.172930814833 60000.42 0.766 9059.97049493488 5528
stats: connect 299 1.4446321070234112 0.7666421017309163 14.736 0.865 1.4866443256578947 2432
stats: page 637 9288.085930926212 13204.213201908196 119508.738 1.047 13755.270706156993 3427
stats: 504 36 1212
stats: 200 81 1338
stats: size_rcv 366743 5716252
stats: 502 743 2310
stats: newphase 0 5
stats: size_sent 182006 1603957
stats: connected -6 830
stats: 500 118 1646
# stats: dump at 1669991624
stats: users 831 895
stats: {freemem,"tsung_controller@ip-172-31-54-152"} 1 617.4609375 0.0 671.34765625 598.7265625 644.9379734848485 33
stats: {load,"tsung_controller@ip-172-31-54-152"} 1 0.0 0.0 0.078125 0.0 0.014086174242424244 33
stats: {cpu,"tsung_controller@ip-172-31-54-152"} 1 2.113739305485657 0.0 2.556390977443609 0.05002501250625312 0.6111750709301784 33
stats: session 299 24061.09579598662 18359.194600195293 131591.476 25.549 28616.138068027212 1911
stats: users_count 296 3041
stats: finish_users_count 299 2210
stats: request 894 8185.810749440704 10743.602726513362 60000.42 0.766 8610.183330925302 6506
stats: 504 11 1223
stats: connect 300 1.4805233333333336 0.7310955907327636 14.736 0.865 1.4820446722812157 2731
stats: page 610 11905.288234426222 14454.283658963222 119508.738 1.023 13055.074667322839 4064
stats: 200 132 1470
stats: size_rcv 401631 6117883
stats: 502 593 2903
stats: newphase 0 5
stats: size_sent 169645 1773602
stats: connected -6 824
stats: 500 158 1804
# stats: dump at 1669991634
stats: users 837 895
stats: {freemem,"tsung_controller@ip-172-31-54-152"} 1 610.00390625 0.0 671.34765625 598.7265625 644.1298253676471 34
stats: {load,"tsung_controller@ip-172-31-54-152"} 1 0.0 0.0 0.078125 0.0 0.013671875000000002 34
stats: {cpu,"tsung_controller@ip-172-31-54-152"} 1 2.4623115577889445 0.0 2.556390977443609 0.05002501250625312 0.6553681366523985 34
stats: session 312 23621.966166666654 17487.571355055952 131591.476 25.549 27999.867642986428 2210
stats: users_count 318 3359
stats: finish_users_count 312 2522
stats: request 965 6813.857303626946 11086.355900980907 60000.42 0.766 8558.914535270269 7400
stats: connect 316 1.438060126582278 0.7541542413873407 14.736 0.865 1.4818940943582977 3031
stats: page 639 10735.296641627536 15066.89752026507 119508.738 1.023 12905.016959991444 4674
stats: 504 18 1241
stats: 200 103 1573
stats: size_rcv 393509 6511392
stats: 502 695 3598
stats: newphase 0 5
stats: size_sent 186355 1959957
stats: connected 17 841
stats: 500 149 1953
# stats: dump at 1669991644
stats: users 878 895
stats: {freemem,"tsung_controller@ip-172-31-54-152"} 1 602.58984375 0.0 671.34765625 598.7265625 643.1547991071428 35
stats: {load,"tsung_controller@ip-172-31-54-152"} 1 0.0 0.0 0.078125 0.0 0.013281250000000001 35
stats: {cpu,"tsung_controller@ip-172-31-54-152"} 1 2.26928895612708 0.0 2.556390977443609 0.05002501250625312 0.706995091542014 35
stats: session 270 32640.961896296274 27976.02149755599 131591.476 17.148 27458.271584060272 2522
stats: users_count 311 3670
stats: finish_users_count 270 2792
stats: 504 76 1317
stats: request 847 10321.681471074387 17007.867613892722 60000.42 0.766 8357.601895875672 8365
stats: 200 105 1678
stats: size_rcv 343156 6854548
stats: connect 310 1.4134838709677415 0.6796565769880258 14.736 0.865 1.47775560203167 3347
stats: 502 516 4114
stats: newphase 0 5
stats: size_sent 169797 2129754
stats: page 554 15435.54016245488 22614.648853605508 119508.738 0.944 12644.062455298326 5313
stats: connected 36 877
stats: 500 150 2103
# stats: dump at 1669991654
stats: users 938 941
stats: {freemem,"tsung_controller@ip-172-31-54-152"} 1 602.203125 0.0 671.34765625 598.7265625 642.0279947916666 36
stats: {load,"tsung_controller@ip-172-31-54-152"} 1 0.0 0.0 0.078125 0.0 0.01291232638888889 36
stats: {cpu,"tsung_controller@ip-172-31-54-152"} 1 2.657973921765296 0.0 2.657973921765296 0.05002501250625312 0.7503921433360436 36
stats: session 542 21723.16496678966 23956.433580323937 131591.476 14.547 27959.462982449855 2792
stats: users_count 602 4272
stats: finish_users_count 542 3334
stats: request 1788 5449.153129194629 12276.3516335638 60000.42 0.766 8538.189759552757 9212
stats: connect 600 1.3943450000000013 0.7337175337337477 14.736 0.848 1.4723073557560842 3657
stats: page 1178 8571.684561120534 16002.828824274748 119508.738 0.922 12907.651793932164 5867
stats: 504 60 1377
stats: 200 114 1792
stats: size_rcv 652467 7507015
stats: 502 1453 5567
stats: newphase 1 6
stats: size_sent 330900 2460654
stats: connected 61 938
stats: 500 161 2264
# stats: dump at 1669991664
stats: users 822 946
stats: {freemem,"tsung_controller@ip-172-31-54-152"} 1 602.64453125 0.0 671.34765625 598.7265625 640.9516469594595 37
stats: {load,"tsung_controller@ip-172-31-54-152"} 1 0.0 0.0 0.078125 0.0 0.012563344594594596 37
stats: {cpu,"tsung_controller@ip-172-31-54-152"} 1 2.988855116514691 0.0 2.988855116514691 0.05002501250625312 0.8019484076179153 37
stats: session 741 16796.06326450741 20557.44580412394 131591.476 10.687 26945.64368896221 3334
stats: users_count 625 4897
stats: finish_users_count 741 4075
stats: connect 622 1.4794614147909975 0.9901358984431275 14.736 0.848 1.4613190039934227 4257
stats: 504 5 1382
stats: request 2057 3767.837621293147 9348.272347423946 60000.42 0.766 8036.080896363636 11000
stats: page 1415 5876.358901766762 13185.410220764414 119508.738 0.873 12182.631297090133 7045
stats: 200 92 1884
stats: size_rcv 727654 8234669
stats: 502 1851 7418
stats: newphase 0 6
stats: size_sent 382469 2843123
stats: connected -124 814
stats: 500 109 2373
# stats: dump at 1669991674
stats: users 864 946
stats: {freemem,"tsung_controller@ip-172-31-54-152"} 1 607.6953125 0.0 671.34765625 598.7265625 639.9435649671053 38
stats: {load,"tsung_controller@ip-172-31-54-152"} 1 0.0 0.0 0.078125 0.0 0.012232730263157895 38
stats: {cpu,"tsung_controller@ip-172-31-54-152"} 1 4.02445236882323 0.0 4.02445236882323 0.05002501250625312 0.8594985841678305 38
stats: session 614 13566.014522801308 17336.867989686583 131591.476 8.979 25100.03900319018 4075
stats: users_count 656 5553
stats: finish_users_count 614 4689
stats: connect 662 1.342117824773414 0.7122229050514037 14.736 0.803 1.4636318917811029 4879
stats: page 1186 5097.026488195619 12045.929826570571 119508.738 0.829 11127.858786524817 8460
stats: request 1817 3334.1848068244326 8960.168859217369 60000.42 0.766 7363.661778892549 13057
stats: 504 12 1394
stats: 200 155 2039
stats: size_rcv 714878 8949547
stats: 502 1602 9020
stats: newphase 0 6
stats: size_sent 360961 3204084
stats: connected 47 861
stats: 500 48 2421
# stats: dump at 1669991684
stats: users 966 967
stats: {freemem,"tsung_controller@ip-172-31-54-152"} 1 606.91796875 0.0 671.34765625 598.7265625 639.116686698718 39
stats: {load,"tsung_controller@ip-172-31-54-152"} 1 0.0 0.0 0.078125 0.0 0.011919070512820512 39
stats: {cpu,"tsung_controller@ip-172-31-54-152"} 1 3.7755102040816326 0.0 4.02445236882323 0.05002501250625312 0.9406512453128408 39
stats: session 550 16148.13856181817 20065.743613520666 131591.476 8.979 23589.718885689912 4689
stats: users_count 652 6205
stats: finish_users_count 550 5239
stats: request 1811 3969.5293031474407 8503.181379671963 60000.42 0.766 6871.422995898884 14874
stats: connect 654 1.3627813455657505 0.6659018438523019 14.736 0.803 1.4491142393069845 5541
stats: page 1141 6096.268830850132 11929.732809954801 119508.738 0.829 10386.352762699562 9646
stats: 504 0 1394
stats: 200 147 2186
stats: size_rcv 691427 9640974
stats: 502 1437 10457
stats: newphase 0 6
stats: size_sent 372518 3576602
stats: connected 100 961
stats: 500 227 2648
# stats: dump at 1669991694
stats: users 1070 1084
stats: {freemem,"tsung_controller@ip-172-31-54-152"} 1 603.04296875 0.0 671.34765625 598.7265625 638.3117187500001 40
stats: {load,"tsung_controller@ip-172-31-54-152"} 1 0.0 0.0 0.078125 0.0 0.01162109375 40
stats: {cpu,"tsung_controller@ip-172-31-54-152"} 1 4.27263479145473 0.0 4.27263479145473 0.05002501250625312 1.0115227192820606 40
stats: session 506 11114.528741106724 14161.402656596005 131591.476 8.979 22808.48789158236 5239
stats: users_count 610 6815
stats: finish_users_count 506 5745
stats: request 1640 2311.5364499999973 6159.320512868279 60000.42 0.766 6556.449697872342 16685
stats: 504 0 1394
stats: connect 608 1.4206496710526324 0.9834008629261214 18.515 0.803 1.4400001614205007 6195
stats: page 1082 3579.801485212574 8598.779248436058 119508.738 0.829 9932.567116436448 10787
stats: 200 47 2233
stats: size_rcv 558957 10199931
stats: 502 1510 11967
stats: newphase 0 6
stats: size_sent 333743 3910345
stats: connected 107 1068
stats: 500 83 2731
# stats: dump at 1669991704
stats: users 1157 1168
stats: {freemem,"tsung_controller@ip-172-31-54-152"} 1 601.30859375 0.0 671.34765625 598.7265625 637.4515053353659 41
stats: {load,"tsung_controller@ip-172-31-54-152"} 1 0.0 0.0 0.078125 0.0 0.01133765243902439 41
stats: {cpu,"tsung_controller@ip-172-31-54-152"} 1 3.1664964249233916 0.0 4.27263479145473 0.05002501250625312 1.0910620381155403 41
stats: session 549 10191.815096539174 15145.650132459175 131591.476 8.979 21778.523865448216 5745
stats: users_count 636 7451
stats: finish_users_count 549 6294
stats: request 1756 1952.772452164012 6739.827784726969 60000.42 0.766 6176.550231214189 18325
stats: 504 5 1399
stats: 200 30 2263
stats: connect 643 1.6162223950233274 1.3314212072444724 18.515 0.803 1.4382707628987215 6803
stats: size_rcv 581526 10781457
stats: 502 1661 13628
stats: newphase 0 6
stats: page 1169 3453.881322497863 10752.589169817133 119981.554 0.801 9353.437247619848 11869
stats: size_sent 353922 4264267
stats: connected 93 1161
stats: 500 60 2791
# stats: dump at 1669991714
stats: users 897 1168
stats: {freemem,"tsung_controller@ip-172-31-54-152"} 1 596.234375 0.0 671.34765625 596.234375 636.5909598214287 42
stats: {load,"tsung_controller@ip-172-31-54-152"} 1 0.0 0.0 0.078125 0.0 0.011067708333333334 42
stats: {cpu,"tsung_controller@ip-172-31-54-152"} 1 3.525804803270312 0.0 4.27263479145473 0.05002501250625312 1.1404771425633464 42
stats: session 327 20732.704721712525 18660.51673936079 131591.476 8.979 20767.862423736893 6294
stats: users_count 67 7518
stats: finish_users_count 327 6621
stats: request 771 13638.016745784707 17642.264646884847 60000.548 0.766 5807.198417060904 20081
stats: connect 72 1.4561805555555554 0.7782718270913677 18.515 0.803 1.453637792103143 7446
stats: page 562 15535.770247330955 19288.491720876773 119981.554 0.801 8824.477217211226 13038
stats: 504 67 1466
stats: 200 146 2409
stats: size_rcv 361235 11142692
stats: 502 453 14081
stats: newphase 0 6
stats: size_sent 117228 4381495
stats: connected -264 897
stats: 500 105 2896
# stats: dump at 1669991724
stats: users 645 1168
stats: {freemem,"tsung_controller@ip-172-31-54-152"} 1 596.1953125 0.0 671.34765625 596.1953125 635.6524345930234 43
stats: {load,"tsung_controller@ip-172-31-54-152"} 1 0.0 0.0 0.078125 0.0 0.01081031976744186 43
stats: {cpu,"tsung_controller@ip-172-31-54-152"} 1 1.4992503748125936 0.0 4.27263479145473 0.05002501250625312 1.1959498788588572 43
stats: session 252 34308.51796825395 21659.425667718926 131591.476 8.979 20766.126044253135 6621
stats: users_count 0 7518
stats: finish_users_count 252 6873
stats: request 398 9945.197286432165 9652.65697416604 60000.548 0.766 6096.741910799925 20852
stats: connect 0 0 0 18.515 0.803 1.4536621441872841 7518
stats: 504 5 1471
stats: page 333 13913.282354354349 17928.99169423805 119981.554 0.801 9101.81153213235 13600
stats: 200 246 2655
stats: size_rcv 373141 11515833
stats: 502 55 14136
stats: newphase 0 6
stats: size_sent 34752 4416247
stats: connected -252 645
stats: 500 92 2988
# stats: dump at 1669991734
stats: users 595 1168
stats: {freemem,"tsung_controller@ip-172-31-54-152"} 1 597.953125 0.0 671.34765625 596.1953125 634.7556818181819 44
stats: {load,"tsung_controller@ip-172-31-54-152"} 1 0.0 0.0 0.078125 0.0 0.010564630681818182 44
stats: {cpu,"tsung_controller@ip-172-31-54-152"} 1 0.80040020010005 0.0 4.27263479145473 0.05002501250625312 1.2028430719487149 44
stats: session 50 44400.93075999999 19771.04945744308 131591.476 8.979 21262.660711043212 6873
stats: users_count 0 7518
stats: finish_users_count 50 6923
stats: connect 0 0 0 18.515 0.803 1.4536621441872841 7518
stats: request 127 29489.940228346455 25308.563430334576 60000.548 0.766 6168.821216188237 21250
stats: page 98 29100.9013265306 25591.385742720347 119981.554 0.801 9216.80613371133 13933
stats: 504 47 1518
stats: 200 32 2687
stats: size_rcv 55749 11571582
stats: 502 27 14163
stats: newphase 0 6
stats: size_sent 13894 4430141
stats: connected -50 595
stats: 500 21 3009
# stats: dump at 1669991744
stats: users 438 1168
stats: {freemem,"tsung_controller@ip-172-31-54-152"} 1 602.2109375 0.0 671.34765625 596.1953125 633.9378472222223 45
stats: {load,"tsung_controller@ip-172-31-54-152"} 1 0.0 0.0 0.078125 0.0 0.01032986111111111 45
stats: {cpu,"tsung_controller@ip-172-31-54-152"} 1 0.30060120240480964 0.0 4.27263479145473 0.05002501250625312 1.1938998970187447 45
stats: session 157 67996.07462420381 14879.43575368836 131591.476 8.979 21429.772295969953 6923
stats: users_count 0 7518
stats: finish_users_count 157 7080
stats: request 406 36278.71263793103 27388.205090198306 60000.548 0.766 6307.371158394537 21377
stats: connect 0 0 0 18.515 0.803 1.4536621441872841 7518
stats: page 320 44080.42362812503 28843.711731317526 119981.554 0.801 9355.687277528328 14031
stats: 504 228 1746
stats: 200 94 2781
stats: size_rcv 164622 11736204
stats: 502 38 14201
stats: newphase 0 6
stats: size_sent 37501 4467642
stats: connected -157 438
stats: 500 46 3055
# stats: dump at 1669991754
stats: users 216 1168
stats: {freemem,"tsung_controller@ip-172-31-54-152"} 1 620.7265625 0.0 671.34765625 596.1953125 633.2481317934784 46
stats: {load,"tsung_controller@ip-172-31-54-152"} 1 0.0 0.0 0.078125 0.0 0.010105298913043478 46
stats: {cpu,"tsung_controller@ip-172-31-54-152"} 1 0.8012018027040559 0.0 4.27263479145473 0.05002501250625312 1.1744803601793112 46
stats: session 222 65038.15286486485 10095.873871481695 131591.476 8.979 22462.386627259883 7080
stats: users_count 0 7518
stats: finish_users_count 222 7302
stats: request 478 25080.492418410046 26341.510873933443 60000.548 0.766 6865.988641784879 21783
stats: connect 0 0 0 18.515 0.803 1.4536621441872841 7518
stats: page 399 36019.76140100248 28764.945521556194 119981.554 0.801 10129.982841056371 14351
stats: 504 46 1792
stats: 200 133 2914
stats: size_rcv 274958 12011162
stats: 502 266 14467
stats: newphase 0 6
stats: size_sent 45162 4512804
stats: connected -222 216
stats: 500 33 3088
# stats: dump at 1669991764
stats: users 96 1168
stats: {freemem,"tsung_controller@ip-172-31-54-152"} 1 640.47265625 0.0 671.34765625 596.1953125 632.981715425532 47
stats: {load,"tsung_controller@ip-172-31-54-152"} 1 0.0 0.0 0.078125 0.0 0.00989029255319149 47
stats: {cpu,"tsung_controller@ip-172-31-54-152"} 1 0.7031642390758412 0.0 4.27263479145473 0.05002501250625312 1.1665382632117527 47
stats: session 120 70711.0158166667 10488.773569188546 131591.476 8.979 23756.8018703095 7302
stats: users_count 0 7518
stats: finish_users_count 120 7422
stats: request 157 18045.224095541405 19647.097453898947 60000.548 0.766 7257.100128475811 22261
stats: connect 0 0 0 18.515 0.803 1.4536621441872841 7518
stats: page 152 21240.265217105265 26836.280468669207 119981.554 0.801 10830.323291593219 14750
stats: 504 0 1792
stats: 200 119 3033
stats: size_rcv 180285 12191447
stats: 502 27 14494
stats: newphase 0 6
stats: size_sent 10776 4523580
stats: connected -120 96
stats: 500 11 3099
# stats: dump at 1669991774
stats: users 11 1168
stats: {freemem,"tsung_controller@ip-172-31-54-152"} 1 651.54296875 0.0 671.34765625 596.1953125 633.1377766927084 48
stats: {load,"tsung_controller@ip-172-31-54-152"} 1 0.0 0.0 0.078125 0.0 0.009684244791666666 48
stats: {cpu,"tsung_controller@ip-172-31-54-152"} 1 0.6496751624187905 0.0 4.27263479145473 0.05002501250625312 1.1568846377089212 48
stats: session 85 78199.30109411765 13828.17373953268 131591.476 8.979 24515.964585691185 7422
stats: users_count 0 7518
stats: finish_users_count 85 7507
stats: connect 0 0 0 18.515 0.803 1.4536621441872841 7518
stats: 504 8 1800
stats: request 112 20721.711794642855 21930.73872380843 60000.548 0.766 7332.6526069676165 22418
stats: 200 82 3115
stats: size_rcv 110927 12302374
stats: page 110 28634.270399999987 32459.51355300923 119981.554 0.801 10936.504419809418 14902
stats: 502 0 14494
stats: newphase 0 6
stats: size_sent 9665 4533245
stats: connected -82 14
stats: 500 22 3121
# stats: dump at 1669991784
stats: users 10 1168
stats: {freemem,"tsung_controller@ip-172-31-54-152"} 1 657.2421875 0.0 671.34765625 596.1953125 633.5133928571429 49
stats: {load,"tsung_controller@ip-172-31-54-152"} 1 0.0 0.0 0.078125 0.0 0.009486607142857142 49
stats: {cpu,"tsung_controller@ip-172-31-54-152"} 1 0.250501002004008 0.0 4.27263479145473 0.05002501250625312 1.14653342392749 49
stats: session 1 74371.169 0.0 131591.476 8.979 25123.808411882237 7507
stats: users_count 0 7518
stats: finish_users_count 1 7508
stats: request 4 6.4755 1.4596497011269518 60000.548 0.766 7399.211622902797 22530
stats: connect 0 0 0 18.515 0.803 1.4536621441872841 7518
stats: 504 0 1800
stats: page 4 6.4755 1.4596497011269518 119981.554 0.801 11066.184293098851 15012
stats: 200 4 3119
stats: size_rcv 5880 12308254
stats: 502 0 14494
stats: newphase 0 6
stats: size_sent 740 4533985
stats: connected -4 10
stats: 500 0 3121
# stats: dump at 1669991794
stats: users 10 1168
stats: {freemem,"tsung_controller@ip-172-31-54-152"} 1 657.484375 0.0 671.34765625 596.1953125 633.98796875 50
stats: {load,"tsung_controller@ip-172-31-54-152"} 1 0.0 0.0 0.078125 0.0 0.009296875 50
stats: {cpu,"tsung_controller@ip-172-31-54-152"} 1 0.1 0.0 4.27263479145473 0.05002501250625312 1.1286127754890203 50
stats: session 0 0 0 131591.476 8.979 25130.367730021306 7508
stats: users_count 0 7518
stats: finish_users_count 0 7508
stats: request 0 0 0 60000.548 0.766 7397.899341705868 22534
stats: connect 0 0 0 18.515 0.803 1.4536621441872841 7518
stats: page 0 0 0 119981.554 0.801 11063.238179941392 15016
stats: 504 0 1800
stats: 200 0 3119
stats: size_rcv 0 12308254
stats: 502 0 14494
stats: newphase 0 6
stats: size_sent 0 4533985
stats: connected 0 10
stats: 500 0 3121
# stats: dump at 1669991804
stats: users 8 1168
stats: {freemem,"tsung_controller@ip-172-31-54-152"} 1 656.765625 0.0 671.34765625 596.1953125 634.4486825980393 51
stats: {load,"tsung_controller@ip-172-31-54-152"} 1 0.0 0.0 0.078125 0.0 0.009114583333333334 51
stats: {cpu,"tsung_controller@ip-172-31-54-152"} 1 0.1500750375187594 0.0 4.27263479145473 0.05002501250625312 1.1084438975382551 51
stats: session 2 113315.508 6799.486000000004 131591.476 8.979 25130.367730021306 7508
stats: users_count 0 7518
stats: finish_users_count 2 7510
stats: request 6 37609.244666666666 26514.707802755227 60000.548 0.766 7397.899341705868 22534
stats: connect 0 0 0 18.515 0.803 1.4536621441872841 7518
stats: page 6 75375.63116666667 52952.58189885813 119981.554 0.801 11063.238179941392 15016
stats: 504 3 1803
stats: 200 3 3122
stats: size_rcv 2880819 15189073
stats: 502 0 14494
stats: newphase 0 6
stats: size_sent 905 4534890
stats: connected -2 8
stats: 500 0 3121
# stats: dump at 1669991814
stats: users 4 1168
stats: {freemem,"tsung_controller@ip-172-31-54-152"} 1 656.796875 0.0 671.34765625 596.1953125 634.8778545673078 52
stats: {load,"tsung_controller@ip-172-31-54-152"} 1 0.0 0.0 0.078125 0.0 0.008939302884615386 52
stats: {cpu,"tsung_controller@ip-172-31-54-152"} 1 0.14985014985014986 0.0 4.27263479145473 0.05002501250625312 1.0900137271532648 52
stats: session 4 120699.05425 3156.2090215733783 131591.476 8.979 25153.852454460713 7510
stats: users_count 0 7518
stats: finish_users_count 4 7514
stats: connect 0 0 0 18.515 0.803 1.4536621441872841 7518
stats: page 8 57687.19 57893.922716338566 119981.554 0.801 11088.925462455063 15022
stats: 504 3 1806
stats: request 8 28165.84375 28516.254021804187 60000.548 0.766 7405.941403460516 22540
stats: 200 5 3127
stats: size_rcv 2882252 18071325
stats: 502 0 14494
stats: newphase 0 6
stats: size_sent 1627 4536517
stats: connected -4 4
stats: 500 0 3121
# stats: dump at 1669991824
stats: users 4 1168
stats: {freemem,"tsung_controller@ip-172-31-54-152"} 1 657.05078125 0.0 671.34765625 596.1953125 635.2914209905662 53
stats: {load,"tsung_controller@ip-172-31-54-152"} 1 0.0 0.0 0.078125 0.0 0.00877063679245283 53
stats: {cpu,"tsung_controller@ip-172-31-54-152"} 1 0.10010010010010009 0.0 4.27263479145473 0.05002501250625312 1.0722747917324515 53
stats: session 0 0 0 131591.476 8.979 25204.71495208943 7514
stats: users_count 0 7518
stats: finish_users_count 0 7514
stats: request 2 56410.316999999995 3142.1710000000003 60000.548 0.766 7413.306988823843 22548
stats: connect 0 0 0 18.515 0.803 1.4536621441872841 7518
stats: page 2 114772.695 3448.852999999992 119981.554 0.801 11113.728264604124 15030
stats: 504 1 1807
stats: 200 0 3127
stats: size_rcv 389 18071714
stats: 502 1 14495
stats: newphase 0 6
stats: size_sent 185 4536702
stats: connected 0 4
stats: 500 0 3121
# stats: dump at 1669991834
stats: users 4 1168
stats: {freemem,"tsung_controller@ip-172-31-54-152"} 1 659.6640625 0.0 671.34765625 596.1953125 635.6943721064816 54
stats: {load,"tsung_controller@ip-172-31-54-152"} 1 0.0 0.0 0.078125 0.0 0.008608217592592594 54
stats: {cpu,"tsung_controller@ip-172-31-54-152"} 1 0.14985014985014986 0.0 4.27263479145473 0.05002501250625312 1.054271556702223 54
stats: session 0 0 0 131591.476 8.979 25204.71495208943 7514
stats: users_count 0 7518
stats: finish_users_count 0 7514
stats: request 0 0 0 60000.548 0.766 7417.652621640799 22550
stats: connect 0 0 0 18.515 0.803 1.4536621441872841 7518
stats: page 0 0 0 119981.554 0.801 11127.520037719529 15032
stats: 504 0 1807
stats: 200 0 3127
stats: size_rcv 0 18071714
stats: 502 0 14495
stats: newphase 0 6
stats: size_sent 185 4536887
stats: connected 0 4
stats: 500 0 3121
# stats: dump at 1669991844
stats: users 4 1168
stats: {freemem,"tsung_controller@ip-172-31-54-152"} 1 660.328125 0.0 671.34765625 596.1953125 636.130184659091 55
stats: {load,"tsung_controller@ip-172-31-54-152"} 1 0.0 0.0 0.078125 0.0 0.008451704545454547 55
stats: {cpu,"tsung_controller@ip-172-31-54-152"} 1 0.0 0.0 4.27263479145473 0.0 1.0378275311230944 55
stats: session 0 0 0 131591.476 8.979 25204.71495208943 7514
stats: users_count 0 7518
stats: finish_users_count 0 7514
stats: request 0 0 0 60000.548 0.766 7417.652621640799 22550
stats: connect 0 0 0 18.515 0.803 1.4536621441872841 7518
stats: page 0 0 0 119981.554 0.801 11127.520037719529 15032
stats: 504 0 1807
stats: 200 0 3127
stats: size_rcv 0 18071714
stats: 502 0 14495
stats: newphase 0 6
stats: size_sent 0 4536887
stats: connected 0 4
stats: 500 0 3121
# stats: dump at 1669991854
stats: users 2 1168
stats: {freemem,"tsung_controller@ip-172-31-54-152"} 1 660.69140625 0.0 671.34765625 596.1953125 636.5622907366072 56
stats: {load,"tsung_controller@ip-172-31-54-152"} 1 0.0 0.0 0.078125 0.0 0.008300781250000002 56
stats: {cpu,"tsung_controller@ip-172-31-54-152"} 1 0.0 0.0 4.27263479145473 0.0 1.0192948966387534 56
stats: session 2 142685.4015 17.690499999996973 142703.092 8.979 25204.71495208943 7514
stats: users_count 0 7518
stats: finish_users_count 2 7516
stats: request 2 27567.874000000003 6638.195000000002 60000.548 0.766 7417.652621640799 22550
stats: connect 0 0 0 18.515 0.803 1.4536621441872841 7518
stats: page 2 27567.874000000003 6638.195000000002 119981.554 0.801 11127.520037719529 15032
stats: 504 0 1807
stats: 200 2 3129
stats: size_rcv 1522 18073236
stats: 502 0 14495
stats: newphase 0 6
stats: size_sent 0 4536887
stats: connected -2 2
stats: 500 0 3121
# stats: dump at 1669991864
stats: users 2 1168
stats: {freemem,"tsung_controller@ip-172-31-54-152"} 1 660.98046875 0.0 671.34765625 596.1953125 636.9856085526317 57
stats: {load,"tsung_controller@ip-172-31-54-152"} 1 0.0 0.0 0.078125 0.0 0.008155153508771933 57
stats: {cpu,"tsung_controller@ip-172-31-54-152"} 1 0.1 0.0 4.27263479145473 0.0 1.0014125300310561 57
stats: session 0 0 0 142703.092 8.979 25235.97644398616 7516
stats: users_count 0 7518
stats: finish_users_count 0 7516
stats: request 0 0 0 60000.548 0.766 7419.439622472509 22552
stats: connect 0 0 0 18.515 0.803 1.4536621441872841 7518
stats: page 0 0 0 119981.554 0.801 11129.707127510972 15034
stats: 504 0 1807
stats: 200 0 3129
stats: size_rcv 0 18073236
stats: 502 0 14495
stats: newphase 0 6
stats: size_sent 0 4536887
stats: connected 0 2
stats: 500 0 3121
# stats: dump at 1669991874
stats: users 1 1168
stats: {freemem,"tsung_controller@ip-172-31-54-152"} 1 661.3515625 0.0 671.34765625 596.1953125 637.3993130387933 58
stats: {load,"tsung_controller@ip-172-31-54-152"} 1 0.0 0.0 0.078125 0.0 0.008014547413793106 58
stats: {cpu,"tsung_controller@ip-172-31-54-152"} 1 0.05 0.0 4.27263479145473 0.0 0.9858709346856931 58
stats: session 1 174932.738 0.0 174932.738 8.979 25235.97644398616 7516
stats: users_count 0 7518
stats: finish_users_count 1 7517
stats: request 1 59813.638 0.0 60000.548 0.766 7419.439622472509 22552
stats: connect 0 0 0 18.515 0.803 1.4536621441872841 7518
stats: page 1 59813.638 0.0 119981.554 0.801 11129.707127510972 15034
stats: 504 1 1808
stats: 200 0 3129
stats: size_rcv 75 18073311
stats: 502 0 14495
stats: newphase 0 6
stats: size_sent 0 4536887
stats: connected -1 1
stats: 500 0 3121
# stats: dump at 1669991880
stats: users 0 1168
stats: {freemem,"tsung_controller@ip-172-31-54-152"} 1 662.44921875 0.0 671.34765625 596.1953125 637.8052833686442 59
stats: {load,"tsung_controller@ip-172-31-54-152"} 1 0.0 0.0 0.078125 0.0 0.007878707627118647 59
stats: {cpu,"tsung_controller@ip-172-31-54-152"} 1 0.0 0.0 4.27263479145473 0.0 0.9700087154537322 59
stats: session 1 171337.089 0.0 174932.738 8.979 25255.8908728216 7517
stats: users_count 0 7518
stats: finish_users_count 1 7518
stats: request 1 59693.936 0.0 60000.548 0.766 7421.762781182106 22553
stats: connect 0 0 0 18.515 0.803 1.4536621441872841 7518
stats: page 1 59693.936 0.0 119981.554 0.801 11132.945167475888 15035
stats: 504 1 1809
stats: 200 0 3129
stats: size_rcv 75 18073386
stats: 502 0 14495
stats: newphase 0 6
stats: size_sent 0 4536887
stats: connected -1 0
stats: 500 0 3121
EndMonitor:{1669,991880,940989}