# stats: dump at 1669993223
stats: users 14 14
stats: {freemem,"tsung_controller@ip-172-31-54-152"} 1 669.36328125 0 669.36328125 669.36328125 0 0
stats: {load,"tsung_controller@ip-172-31-54-152"} 1 0.078125 0 0.078125 0.078125 0 0
stats: {cpu,"tsung_controller@ip-172-31-54-152"} 1 0.4828043201470397 0 0.4828043201470397 0.4828043201470397 0 0
stats: users_count 14 14
stats: finish_users_count 0 0
stats: request 10 317.9067 71.94127016539258 492.273 259.638 0 0
stats: connect 13 2.9989999999999997 4.687253369922108 19.053 1.098 0 0
stats: 200 10 10
stats: size_rcv 7120 7120
stats: size_sent 10233 10233
stats: connected 13 13
# stats: dump at 1669993233
stats: users 24 24
stats: {freemem,"tsung_controller@ip-172-31-54-152"} 1 669.86328125 0.0 669.86328125 669.36328125 669.36328125 1
stats: {load,"tsung_controller@ip-172-31-54-152"} 1 0.0703125 0.0 0.078125 0.0703125 0.078125 1
stats: {cpu,"tsung_controller@ip-172-31-54-152"} 1 0.1 0.0 0.4828043201470397 0.1 0.4828043201470397 1
stats: users_count 10 24
stats: finish_users_count 0 0
stats: 200 5 15
stats: request 5 774.6689999999999 190.3374023737846 1137.492 259.638 317.9067 10
stats: connect 11 2.1717272727272725 1.3267573656995526 19.053 1.098 2.9989999999999997 13
stats: size_rcv 2852 9972
stats: size_sent 6352 16585
stats: connected 11 24
# stats: dump at 1669993243
stats: users 32 32
stats: {freemem,"tsung_controller@ip-172-31-54-152"} 1 669.296875 0.0 669.86328125 669.296875 669.61328125 2
stats: {load,"tsung_controller@ip-172-31-54-152"} 1 0.05859375 0.0 0.078125 0.05859375 0.07421875 2
stats: {cpu,"tsung_controller@ip-172-31-54-152"} 1 0.19990004997501248 0.0 0.4828043201470397 0.1 0.2914021600735199 2
stats: users_count 8 32
stats: finish_users_count 0 0
stats: request 3 1116.089 68.51151711938665 1208.198 259.638 470.16079999999994 15
stats: connect 8 1.42725 0.5127389077298504 19.053 1.098 2.619833333333333 24
stats: 200 3 18
stats: size_rcv 3776 13748
stats: size_sent 4156 20741
stats: connected 8 32
# stats: dump at 1669993253
stats: users 42 42
stats: {freemem,"tsung_controller@ip-172-31-54-152"} 1 668.3359375 0.0 669.86328125 668.3359375 669.5078125 3
stats: {load,"tsung_controller@ip-172-31-54-152"} 1 0.05078125 0.0 0.078125 0.05078125 0.06901041666666667 3
stats: {cpu,"tsung_controller@ip-172-31-54-152"} 1 0.05 0.0 0.4828043201470397 0.05 0.2609014567073507 3
stats: session 1 35087.531 0 35087.531 35087.531 0 0
stats: users_count 11 43
stats: finish_users_count 1 1
stats: request 13 7495.656307692307 12072.073432740042 34157.733 38.631 577.8155 18
stats: connect 10 1.2398 0.09411461098044231 19.053 1.07 2.3216874999999995 32
stats: page 2 17147.986999999997 16932.55 34080.537 215.437 0 0
stats: 200 7 25
stats: size_rcv 2888124 2901872
stats: 502 4 4
stats: size_sent 11107 31848
stats: connected 9 41
stats: 201 1 1
stats: 400 1 1
# stats: dump at 1669993263
stats: users 35 45
stats: {freemem,"tsung_controller@ip-172-31-54-152"} 1 666.73046875 0.0 669.86328125 666.73046875 669.21484375 4
stats: {load,"tsung_controller@ip-172-31-54-152"} 1 0.0390625 0.0 0.078125 0.0390625 0.064453125 4
stats: {cpu,"tsung_controller@ip-172-31-54-152"} 1 0.20020020020020018 0.0 0.4828043201470397 0.05 0.20817609253051306 4
stats: session 14 27414.068000000003 14707.104304159158 46100.98 185.105 35087.531 1
stats: users_count 7 50
stats: finish_users_count 14 15
stats: 200 18 43
stats: request 91 4362.237824175822 9838.954649718555 41442.94 1.059 3478.845516129032 31
stats: size_rcv 3125434 6027306
stats: 502 57 61
stats: connect 8 1.483 0.25063020568159783 19.053 1.07 2.0640952380952378 42
stats: size_sent 37650 69498
stats: connected -6 35
stats: page 31 13263.429483870968 15357.696770958473 42381.889 2.738 17147.986999999997 2
stats: 201 2 3
stats: 400 8 9
stats: 500 6 6
# stats: dump at 1669993273
stats: users 42 45
stats: {freemem,"tsung_controller@ip-172-31-54-152"} 1 665.4140625 0.0 669.86328125 665.4140625 668.71796875 5
stats: {load,"tsung_controller@ip-172-31-54-152"} 1 0.0390625 0.0 0.078125 0.0390625 0.059375 5
stats: {cpu,"tsung_controller@ip-172-31-54-152"} 1 0.6506506506506506 0.0 0.6506506506506506 0.05 0.20658091406445048 5
stats: session 3 21043.622 4712.33531944074 46100.98 185.105 27925.632200000004 15
stats: users_count 10 60
stats: finish_users_count 3 18
stats: request 19 1080.4516315789472 1809.9600188434292 41442.94 1.059 4137.769286885245 122
stats: connect 10 1.4941999999999998 0.36149683262789456 19.053 1.07 1.9711199999999998 50
stats: page 5 5859.38 5549.619165132685 42381.889 2.738 13498.857212121213 33
stats: 200 13 56
stats: size_rcv 220173 6247479
stats: 502 0 61
stats: size_sent 14042 83540
stats: connected 7 42
stats: 201 2 5
stats: 400 2 11
stats: 500 2 8
# stats: dump at 1669993283
stats: users 57 57
stats: {freemem,"tsung_controller@ip-172-31-54-152"} 1 664.66796875 0.0 669.86328125 664.66796875 668.1673177083334 6
stats: {load,"tsung_controller@ip-172-31-54-152"} 1 0.03125 0.0 0.078125 0.03125 0.055989583333333336 6
stats: {cpu,"tsung_controller@ip-172-31-54-152"} 1 0.10005002501250625 0.0 0.6506506506506506 0.05 0.2805925368288172 6
stats: session 3 31283.357666666667 12525.908240614073 48800.157 185.105 26778.630500000003 18
stats: users_count 18 78
stats: finish_users_count 3 21
stats: connect 18 1.3941666666666668 0.23727954680783883 19.053 1.03 1.8916333333333328 60
stats: 504 6 6
stats: request 34 17833.807882352943 23132.977590666105 59991.731 1.059 3725.790312056736 141
stats: page 6 23003.89216666667 20743.466193108176 50317.045 2.738 12493.662842105265 38
stats: 200 9 65
stats: size_rcv 15645 6263124
stats: 502 8 69
stats: newphase 1 1
stats: size_sent 21940 105480
stats: connected 15 57
stats: 201 3 8
stats: 400 1 12
stats: 500 7 15
# stats: dump at 1669993293
stats: users 80 80
stats: {freemem,"tsung_controller@ip-172-31-54-152"} 1 663.48828125 0.0 669.86328125 663.48828125 667.6674107142857 7
stats: {load,"tsung_controller@ip-172-31-54-152"} 1 0.01953125 0.0 0.078125 0.01953125 0.052455357142857144 7
stats: {cpu,"tsung_controller@ip-172-31-54-152"} 1 0.20030045067601399 0.0 0.6506506506506506 0.05 0.25480074942648706 7
stats: session 1 39891.936 0.0 48800.157 185.105 27422.162952380953 21
stats: users_count 24 102
stats: finish_users_count 1 22
stats: request 26 19097.92676923078 24482.358591746546 59991.731 1.059 6466.776582857142 175
stats: connect 23 1.4728695652173915 0.5768904126471153 19.053 1.03 1.7768333333333333 78
stats: page 2 19271.343 14244.504 50317.045 2.738 13926.875931818184 44
stats: 504 7 13
stats: 200 4 69
stats: size_rcv 8020 6271144
stats: 502 0 69
stats: newphase 0 1
stats: size_sent 16266 121746
stats: connected 22 79
stats: 201 0 8
stats: 400 0 12
stats: 500 15 30
# stats: dump at 1669993303
stats: users 102 102
stats: {freemem,"tsung_controller@ip-172-31-54-152"} 1 662.94921875 0.0 669.86328125 662.94921875 667.14501953125 8
stats: {load,"tsung_controller@ip-172-31-54-152"} 1 0.01953125 0.0 0.078125 0.01953125 0.04833984375 8
stats: {cpu,"tsung_controller@ip-172-31-54-152"} 1 0.15030060120240482 0.0 0.6506506506506506 0.05 0.24798821208267793 8
stats: session 1 41471.467 0.0 48800.157 185.105 27988.970818181817 22
stats: users_count 23 125
stats: finish_users_count 1 23
stats: connect 22 1.3924545454545458 0.28463656688242217 19.053 1.03 1.7076138613861385 101
stats: request 30 10967.438633333335 17354.62536304543 59991.731 1.059 8100.656706467662 201
stats: page 4 26761.0035 28533.187434015763 75844.719 2.738 14159.244065217394 46
stats: 504 3 16
stats: 200 4 73
stats: size_rcv 2888523 9159667
stats: 502 0 69
stats: newphase 0 1
stats: size_sent 13595 135341
stats: connected 21 100
stats: 201 2 10
stats: 400 0 12
stats: 500 21 51
# stats: dump at 1669993313
stats: users 113 113
stats: {freemem,"tsung_controller@ip-172-31-54-152"} 1 661.5390625 0.0 669.86328125 661.5390625 666.6788194444445 9
stats: {load,"tsung_controller@ip-172-31-54-152"} 1 0.01953125 0.0 0.078125 0.01953125 0.04513888888888889 9
stats: {cpu,"tsung_controller@ip-172-31-54-152"} 1 0.30060120240480964 0.0 0.6506506506506506 0.05 0.2371340330959809 9
stats: session 4 53975.536250000005 29494.332296233304 84262.083 185.105 28575.166304347826 23
stats: users_count 15 140
stats: finish_users_count 4 27
stats: request 56 12232.034035714289 15610.557804582702 59991.731 1.059 8472.966047619047 231
stats: page 15 37368.04619999999 31139.931512388892 93808.441 2.738 15167.384820000001 50
stats: 504 4 20
stats: 200 9 82
stats: size_rcv 20067 9179734
stats: 502 4 73
stats: newphase 0 1
stats: size_sent 19808 155149
stats: connected 13 113
stats: 201 0 10
stats: 400 0 12
stats: 500 39 90
stats: connect 17 1.7348823529411765 1.2804103148578834 19.053 1.03 1.6512439024390244 123
# stats: dump at 1669993323
stats: users 133 133
stats: {freemem,"tsung_controller@ip-172-31-54-152"} 1 660.1484375 0.0 669.86328125 660.1484375 666.16484375 10
stats: {load,"tsung_controller@ip-172-31-54-152"} 1 0.01171875 0.0 0.078125 0.01171875 0.042578125 10
stats: {cpu,"tsung_controller@ip-172-31-54-152"} 1 0.20030045067601399 0.0 0.6506506506506506 0.05 0.24348075002686378 10
stats: session 5 57366.8276 29974.985296284147 101525.602 185.105 32338.184074074074 27
stats: users_count 25 165
stats: finish_users_count 5 32
stats: request 30 11567.904433333335 18917.21799891457 59991.731 1.059 9206.442728222997 287
stats: connect 25 1.3982400000000004 0.28017441424941 19.053 1.024 1.6614 140
stats: page 7 12939.389285714284 13773.49752119641 93808.441 2.738 20290.614369230767 65
stats: 504 4 24
stats: 200 5 87
stats: size_rcv 12974 9192708
stats: 502 0 73
stats: newphase 0 1
stats: size_sent 13619 168768
stats: connected 20 133
stats: 201 0 10
stats: 400 0 12
stats: 500 21 111
# stats: dump at 1669993333
stats: users 148 148
stats: {freemem,"tsung_controller@ip-172-31-54-152"} 1 659.26953125 0.0 669.86328125 659.26953125 665.6178977272727 11
stats: {load,"tsung_controller@ip-172-31-54-152"} 1 0.01171875 0.0 0.078125 0.01171875 0.03977272727272727 11
stats: {cpu,"tsung_controller@ip-172-31-54-152"} 1 0.34965034965034963 0.0 0.6506506506506506 0.05 0.2395552682676956 11
stats: session 0 0 0 101525.602 185.105 36248.909625 32
stats: users_count 15 180
stats: finish_users_count 0 32
stats: request 9 58773.66855555555 1366.9022997113775 59991.731 1.059 9429.92490851735 317
stats: connect 15 1.3653333333333335 0.38069737179141244 19.053 1.024 1.621527272727273 165
stats: page 0 0 0 93808.441 2.738 19575.911930555554 72
stats: 504 7 31
stats: 200 2 89
stats: size_rcv 3917 9196625
stats: 502 0 73
stats: newphase 0 1
stats: size_sent 10314 179082
stats: connected 15 148
stats: 201 0 10
stats: 400 0 12
stats: 500 0 111
# stats: dump at 1669993343
stats: users 186 186
stats: {freemem,"tsung_controller@ip-172-31-54-152"} 1 658.5546875 0.0 669.86328125 658.5546875 665.0888671875 12
stats: {load,"tsung_controller@ip-172-31-54-152"} 1 0.01171875 0.0 0.078125 0.01171875 0.037434895833333336 12
stats: {cpu,"tsung_controller@ip-172-31-54-152"} 1 0.24987506246876562 0.0 0.6506506506506506 0.05 0.24872985838291675 12
stats: session 3 70090.03666666667 27524.866604032282 109001.648 185.105 36248.909625 32
stats: users_count 41 221
stats: finish_users_count 3 35
stats: page 8 59559.87425 31646.22910186299 121271.105 2.738 19575.911930555554 72
stats: 504 8 39
stats: request 93 31329.93040860217 16772.48601132545 59991.731 1.059 10792.1755 326
stats: connect 41 1.3637804878048787 0.3543567523160201 19.053 1.022 1.600177777777778 180
stats: 200 21 110
stats: size_rcv 29138 9225763
stats: 502 5 78
stats: newphase 1 2
stats: size_sent 39307 218389
stats: connected 38 186
stats: 201 0 10
stats: 400 0 12
stats: 500 59 170
# stats: dump at 1669993353
stats: users 223 223
stats: {freemem,"tsung_controller@ip-172-31-54-152"} 1 655.2421875 0.0 669.86328125 655.2421875 664.5862379807693 13
stats: {load,"tsung_controller@ip-172-31-54-152"} 1 0.01171875 0.0 0.078125 0.01171875 0.03545673076923077 13
stats: {cpu,"tsung_controller@ip-172-31-54-152"} 1 0.5997001499250375 0.0 0.6506506506506506 0.05 0.24881795100490514 13
stats: session 6 77542.98583333332 20057.54168471446 116074.069 185.105 39149.57765714285 35
stats: users_count 43 264
stats: finish_users_count 6 41
stats: page 19 68296.81236842106 41194.28935828846 131349.835 2.738 23574.308162499998 80
stats: 504 11 50
stats: request 143 12915.717692307688 14969.856932471737 59999.551 1.059 15350.674799522678 419
stats: connect 41 1.7485121951219518 2.3708709434170143 19.053 1.022 1.556321266968326 221
stats: 200 6 116
stats: size_rcv 41501 9267264
stats: 502 0 78
stats: newphase 0 2
stats: size_sent 51536 269925
stats: connected 35 221
stats: 201 0 10
stats: 400 0 12
stats: 500 126 296
# stats: dump at 1669993363
stats: users 265 265
stats: {freemem,"tsung_controller@ip-172-31-54-152"} 1 653.66796875 0.0 669.86328125 653.66796875 663.9188058035714 14
stats: {load,"tsung_controller@ip-172-31-54-152"} 1 0.01171875 0.0 0.078125 0.01171875 0.03376116071428571 14
stats: {cpu,"tsung_controller@ip-172-31-54-152"} 1 0.5994005994005994 0.0 0.6506506506506506 0.05 0.27388096521348604 14
stats: session 3 116359.39999999998 24187.093536479995 137083.735 185.105 44768.125195121946 41
stats: users_count 45 309
stats: finish_users_count 3 44
stats: 504 11 61
stats: 200 3 119
stats: request 50 18673.847220000003 21902.405928134896 60000.559 1.059 14731.103862989326 562
stats: size_rcv 14343 9281607
stats: 502 0 78
stats: connect 44 1.5494318181818185 0.9198439195104411 19.053 1.022 1.5863969465648857 262
stats: newphase 0 2
stats: size_sent 21014 290939
stats: connected 41 262
stats: page 10 48340.507 30089.719522693496 131349.835 2.738 32157.41503030303 99
stats: 201 0 10
stats: 400 0 12
stats: 500 36 332
# stats: dump at 1669993373
stats: users 309 312
stats: {freemem,"tsung_controller@ip-172-31-54-152"} 1 652.0546875 0.0 669.86328125 652.0546875 663.2354166666667 15
stats: {load,"tsung_controller@ip-172-31-54-152"} 1 0.0 0.0 0.078125 0.0 0.03229166666666667 15
stats: {cpu,"tsung_controller@ip-172-31-54-152"} 1 0.3498250874562719 0.0 0.6506506506506506 0.05 0.2955822741592936 15
stats: session 3 87621.46466666665 12200.095081990265 137083.735 185.105 49649.34847727272 44
stats: users_count 47 356
stats: finish_users_count 3 47
stats: request 74 19559.458500000008 19966.011501310095 60000.559 1.059 15053.223418300655 612
stats: connect 50 1.4454399999999992 0.4952275501221636 19.053 1.022 1.5810816993464056 306
stats: page 15 73490.22513333333 24651.871968419553 131349.835 2.738 33642.102366972475 109
stats: 504 13 74
stats: 200 2 121
stats: size_rcv 19176 9300783
stats: 502 26 104
stats: newphase 0 2
stats: size_sent 25413 316352
stats: connected 49 311
stats: 201 0 10
stats: 400 0 12
stats: 500 33 365
# stats: dump at 1669993383
stats: users 343 343
stats: {freemem,"tsung_controller@ip-172-31-54-152"} 1 650.5234375 0.0 669.86328125 650.5234375 662.53662109375 16
stats: {load,"tsung_controller@ip-172-31-54-152"} 1 0.0 0.0 0.078125 0.0 0.030273437500000003 16
stats: {cpu,"tsung_controller@ip-172-31-54-152"} 1 0.45045045045045046 0.0 0.6506506506506506 0.05 0.2989724499903547 16
stats: session 1 40789.834 0.0 137083.735 185.105 52073.10057446807 47
stats: users_count 35 391
stats: finish_users_count 1 48
stats: request 47 16999.719510638297 16403.48263444576 60000.559 1.059 15539.318747813415 686
stats: connect 34 1.4906764705882356 1.0545945337535358 19.053 1.022 1.5620308988764047 356
stats: page 7 57132.076 51871.863052970366 138149.532 2.738 38462.439798387095 124
stats: 504 6 80
stats: 200 4 125
stats: size_rcv 14476 9315259
stats: 502 0 104
stats: newphase 0 2
stats: size_sent 21291 337643
stats: connected 31 342
stats: 201 0 10
stats: 400 0 12
stats: 500 37 402
# stats: dump at 1669993393
stats: users 368 372
stats: {freemem,"tsung_controller@ip-172-31-54-152"} 1 650.36328125 0.0 669.86328125 650.36328125 661.8299632352941 17
stats: {load,"tsung_controller@ip-172-31-54-152"} 1 0.0 0.0 0.078125 0.0 0.028492647058823532 17
stats: {cpu,"tsung_controller@ip-172-31-54-152"} 1 0.40040040040040037 0.0 0.6506506506506506 0.05 0.3078829206056545 17
stats: session 4 81002.25475 18173.734792610157 137083.735 185.105 51838.032520833316 48
stats: users_count 29 420
stats: finish_users_count 4 52
stats: request 73 18475.25257534246 17727.47005127413 60000.559 1.059 15632.959724420194 733
stats: connect 30 1.3491666666666664 0.15487652788233888 19.053 1.022 1.5558102564102565 390
stats: page 8 54454.59100000001 51907.29622120802 170286.064 2.738 39460.05394656488 131
stats: 504 10 90
stats: 200 4 129
stats: size_rcv 19981 9335240
stats: 502 0 104
stats: newphase 0 2
stats: size_sent 23985 361628
stats: connected 26 368
stats: 201 1 11
stats: 400 0 12
stats: 500 58 460
# stats: dump at 1669993403
stats: users 443 443
stats: {freemem,"tsung_controller@ip-172-31-54-152"} 1 649.265625 0.0 669.86328125 649.265625 661.1929253472222 18
stats: {load,"tsung_controller@ip-172-31-54-152"} 1 0.0 0.0 0.078125 0.0 0.026909722222222224 18
stats: {cpu,"tsung_controller@ip-172-31-54-152"} 1 0.5491762356465303 0.0 0.6506506506506506 0.05 0.3130227805942514 18
stats: session 6 114377.33416666665 23380.28083431672 160452.62 185.105 54081.43423076921 52
stats: users_count 81 501
stats: finish_users_count 6 58
stats: request 198 35725.7998989899 19838.81405135074 60000.559 1.059 15890.388233250622 806
stats: 504 41 131
stats: connect 80 1.4501000000000006 0.5521595014124088 19.053 0.994 1.5410500000000003 420
stats: page 48 83902.74308333335 38551.865020459394 173729.779 2.738 40323.04888489209 139
stats: 200 8 137
stats: size_rcv 54586 9389826
stats: 502 25 129
stats: newphase 1 3
stats: size_sent 66180 427808
stats: connected 74 442
stats: 201 0 11
stats: 400 1 13
stats: 500 123 583
# stats: dump at 1669993413
stats: users 523 523
stats: {freemem,"tsung_controller@ip-172-31-54-152"} 1 644.4765625 0.0 669.86328125 644.4765625 660.5651726973684 19
stats: {load,"tsung_controller@ip-172-31-54-152"} 1 0.0 0.0 0.078125 0.0 0.02549342105263158 19
stats: {cpu,"tsung_controller@ip-172-31-54-152"} 1 0.9995002498750625 0.0 0.9995002498750625 0.05 0.32545190980752925 19
stats: session 5 140217.9104 38615.5361106156 189969.288 185.105 60318.94112068964 58
stats: users_count 85 586
stats: finish_users_count 5 63
stats: request 80 30583.599862500017 22899.12403802976 60000.559 1.059 19802.152685258963 1004
stats: connect 85 1.578647058823529 1.7897317492451368 19.053 0.994 1.5264980000000004 500
stats: page 14 86856.31199999999 43846.2501271187 173729.779 2.738 51509.280550802134 187
stats: 504 28 159
stats: 200 3 140
stats: size_rcv 19935 9409761
stats: 502 17 146
stats: newphase 0 3
stats: size_sent 44048 471856
stats: connected 80 522
stats: 201 0 11
stats: 400 0 13
stats: 500 32 615
# stats: dump at 1669993423
stats: users 606 606
stats: {freemem,"tsung_controller@ip-172-31-54-152"} 1 640.65234375 0.0 669.86328125 640.65234375 659.7607421875 20
stats: {load,"tsung_controller@ip-172-31-54-152"} 1 0.0 0.0 0.078125 0.0 0.02421875 20
stats: {cpu,"tsung_controller@ip-172-31-54-152"} 1 0.7496251874062968 0.0 0.9995002498750625 0.05 0.3591543268109059 20
stats: session 3 158712.607 32486.742186550262 197897.619 185.105 66660.12915873014 63
stats: users_count 86 672
stats: finish_users_count 3 66
stats: request 82 21540.476353658538 24966.91921704748 60000.559 1.059 20597.831443726936 1084
stats: connect 86 1.4605930232558135 0.5421217013006329 19.053 0.994 1.5340752136752138 585
stats: page 5 73575.074 23212.510928889467 173729.779 2.738 53971.26284079602 201
stats: 504 22 181
stats: 200 0 140
stats: size_rcv 20490 9430251
stats: 502 60 206
stats: newphase 0 3
stats: size_sent 36090 507946
stats: connected 83 605
stats: 201 0 11
stats: 400 0 13
stats: 500 0 615
# stats: dump at 1669993433
stats: users 580 654
stats: {freemem,"tsung_controller@ip-172-31-54-152"} 1 639.1640625 0.0 669.86328125 639.1640625 658.850818452381 21
stats: {load,"tsung_controller@ip-172-31-54-152"} 1 0.0 0.0 0.078125 0.0 0.023065476190476192 21
stats: {cpu,"tsung_controller@ip-172-31-54-152"} 1 0.6496751624187905 0.0 0.9995002498750625 0.05 0.37774817731544835 21
stats: session 102 48624.36014705885 44799.052769553695 198441.606 108.124 70844.33269696968 66
stats: users_count 76 748
stats: finish_users_count 102 168
stats: connect 77 1.4636883116883115 0.5554589598675582 19.053 0.942 1.5246572280178838 671
stats: page 261 24715.85875862067 33275.88836684853 173729.779 2.069 54447.0835 206
stats: 504 29 210
stats: request 808 7050.950362623764 16250.780813787715 60000.559 0.994 20664.123795883363 1166
stats: 200 0 140
stats: size_rcv 246781 9677032
stats: 502 779 985
stats: newphase 0 3
stats: size_sent 132100 640046
stats: connected -25 580
stats: 201 0 11
stats: 400 0 13
stats: 500 0 615
# stats: dump at 1669993443
stats: users 508 654
stats: {freemem,"tsung_controller@ip-172-31-54-152"} 1 633.1328125 0.0 669.86328125 633.1328125 657.9559659090909 22
stats: {load,"tsung_controller@ip-172-31-54-152"} 1 0.0 0.0 0.078125 0.0 0.022017045454545456 22
stats: {cpu,"tsung_controller@ip-172-31-54-152"} 1 1.6957605985037407 0.0 1.6957605985037407 0.05 0.39010849482014576 22
stats: session 183 43844.67673770494 47971.77275535953 198441.606 47.619 57353.63507738095 168
stats: users_count 111 859
stats: finish_users_count 183 351
stats: request 1231 4195.939133225029 11013.610982106327 60002.517 0.937 15091.963646909828 1974
stats: page 422 18815.581037914748 30645.8460145101 193232.977 2.069 37830.70307708778 467
stats: connect 110 1.6693545454545449 1.0751884620116492 19.053 0.942 1.5183810160427809 748
stats: 504 11 221
stats: 200 1 141
stats: size_rcv 384522 10061554
stats: 502 1210 2195
stats: newphase 0 3
stats: size_sent 224457 864503
stats: connected -73 507
stats: 201 0 11
stats: 400 0 13
stats: 500 9 624
# stats: dump at 1669993453
stats: users 494 654
stats: {freemem,"tsung_controller@ip-172-31-54-152"} 1 628.43359375 0.0 669.86328125 628.43359375 656.8766983695652 23
stats: {load,"tsung_controller@ip-172-31-54-152"} 1 0.0 0.0 0.078125 0.0 0.021059782608695652 23
stats: {cpu,"tsung_controller@ip-172-31-54-152"} 1 2.486325211337643 0.0 2.486325211337643 0.05 0.4468759775889977 23
stats: session 55 57497.299218181826 54799.932537968365 230722.588 47.619 50310.50295156697 351
stats: users_count 41 900
stats: finish_users_count 55 406
stats: request 320 13669.732353125 22652.14952675723 60002.517 0.937 10906.938318876757 3205
stats: connect 42 1.4546666666666668 0.6952219127275173 19.053 0.942 1.5377365967365966 858
stats: page 111 37722.20800000001 49905.60446772905 193232.977 2.069 28804.402176602947 889
stats: 504 0 221
stats: 200 3 144
stats: size_rcv 97407 10158961
stats: 502 242 2437
stats: newphase 0 3
stats: size_sent 87027 951530
stats: connected -13 494
stats: 201 5 16
stats: 400 1 14
stats: 500 69 693
# stats: dump at 1669993463
stats: users 505 654
stats: {freemem,"tsung_controller@ip-172-31-54-152"} 1 626.515625 0.0 669.86328125 626.515625 655.6915690104166 24
stats: {load,"tsung_controller@ip-172-31-54-152"} 1 0.0 0.0 0.078125 0.0 0.020182291666666668 24
stats: {cpu,"tsung_controller@ip-172-31-54-152"} 1 0.8012018027040559 0.0 2.486325211337643 0.05 0.5318530289951913 24
stats: session 143 70735.909986014 63675.50063916369 241586.958 47.619 51284.083726601006 406
stats: users_count 154 1054
stats: finish_users_count 143 549
stats: request 1060 9826.255708490555 21278.833398250925 60002.517 0.825 11157.74515319149 3525
stats: connect 150 1.4001600000000016 0.6513882925976896 19.053 0.915 1.53386 900
stats: page 320 33412.19978437506 48531.24450605736 193232.977 2.069 29794.278623000017 1000
stats: 504 92 313
stats: 200 8 152
stats: size_rcv 313705 10472666
stats: 502 902 3339
stats: newphase 1 4
stats: size_sent 198921 1150451
stats: connected 16 510
stats: 201 0 16
stats: 400 0 14
stats: 500 58 751
# stats: dump at 1669993473
stats: users 519 654
stats: {freemem,"tsung_controller@ip-172-31-54-152"} 1 627.671875 0.0 669.86328125 626.515625 654.52453125 25
stats: {load,"tsung_controller@ip-172-31-54-152"} 1 0.0 0.0 0.078125 0.0 0.019375 25
stats: {cpu,"tsung_controller@ip-172-31-54-152"} 1 2.8400597907324365 0.0 2.8400597907324365 0.05 0.5426269799435458 25
stats: session 135 63756.970377777754 57933.471680533905 241586.958 47.619 56350.77071220402 549
stats: users_count 149 1203
stats: finish_users_count 135 684
stats: request 776 9014.974905927867 16218.251912008936 60002.517 0.756 10849.919894438384 4585
stats: connect 148 1.3468716216216219 0.4254928347668276 19.053 0.915 1.5147600000000003 1050
stats: page 236 24164.263800847453 35940.99895473359 193232.977 2.069 30671.350419696995 1320
stats: 504 38 351
stats: 200 62 214
stats: size_rcv 277620 10750286
stats: 502 565 3904
stats: newphase 0 4
stats: size_sent 184510 1334961
stats: connected 7 517
stats: 201 3 19
stats: 400 25 39
stats: 500 83 834
# stats: dump at 1669993483
stats: users 541 654
stats: {freemem,"tsung_controller@ip-172-31-54-152"} 1 626.78515625 0.0 669.86328125 626.515625 653.4917367788462 26
stats: {load,"tsung_controller@ip-172-31-54-152"} 1 0.0 0.0 0.078125 0.0 0.018629807692307692 26
stats: {cpu,"tsung_controller@ip-172-31-54-152"} 1 2.486325211337643 0.0 2.8400597907324365 0.05 0.6309897803585032 26
stats: session 122 71037.8283114754 51433.35781231298 241586.958 47.619 57812.520646198835 684
stats: users_count 144 1347
stats: finish_users_count 122 806
stats: request 716 6510.690902234627 10177.911227301785 60002.517 0.756 10584.313233165458 5361
stats: connect 144 1.4894652777777766 0.8820236982926949 19.053 0.915 1.4940191986644409 1198
stats: page 206 28446.633975728153 37105.96588643351 194980.306 2.069 29684.41440295632 1556
stats: 504 0 351
stats: 200 44 258
stats: size_rcv 253636 11003922
stats: 502 475 4379
stats: newphase 0 4
stats: size_sent 162691 1497652
stats: connected 27 544
stats: 201 5 24
stats: 400 13 52
stats: 500 179 1013
# stats: dump at 1669993493
stats: users 543 654
stats: {freemem,"tsung_controller@ip-172-31-54-152"} 1 626.85546875 0.0 669.86328125 626.515625 652.5026041666666 27
stats: {load,"tsung_controller@ip-172-31-54-152"} 1 0.0 0.0 0.078125 0.0 0.017939814814814815 27
stats: {cpu,"tsung_controller@ip-172-31-54-152"} 1 1.596009975062344 0.0 2.8400597907324365 0.05 0.6997059074318046 27
stats: session 151 40275.98087417219 47591.57196394712 241586.958 47.619 59814.36622332506 806
stats: users_count 153 1500
stats: finish_users_count 151 957
stats: request 917 3591.6962224645495 7873.966895253671 60002.517 0.756 10104.353781306569 6077
stats: 504 0 351
stats: connect 154 1.4253766233766236 0.9944053308640979 19.053 0.915 1.4935305514157975 1342
stats: 200 40 298
stats: size_rcv 323831 11327753
stats: page 306 14544.440473856206 25432.280539445535 194980.306 1.837 29539.702275822947 1762
stats: 502 778 5157
stats: newphase 0 4
stats: size_sent 183389 1681041
stats: connected -5 539
stats: 201 0 24
stats: 400 0 52
stats: 500 99 1112
# stats: dump at 1669993503
stats: users 569 654
stats: {freemem,"tsung_controller@ip-172-31-54-152"} 1 625.98828125 0.0 669.86328125 625.98828125 651.5866350446429 28
stats: {load,"tsung_controller@ip-172-31-54-152"} 1 0.0 0.0 0.078125 0.0 0.017299107142857144 28
stats: {cpu,"tsung_controller@ip-172-31-54-152"} 1 2.2988505747126435 0.0 2.8400597907324365 0.05 0.7317167669900382 28
stats: session 112 42510.53429464285 48680.71084611421 241586.958 47.619 56731.50709299896 957
stats: users_count 138 1638
stats: finish_users_count 112 1069
stats: page 254 22027.574429133852 33159.95342059051 194980.306 1.837 27320.867599129608 2068
stats: 504 5 356
stats: request 782 5943.91116624042 11274.480719566525 60002.517 0.756 9250.463735344583 6994
stats: 200 18 316
stats: size_rcv 254125 11581878
stats: connect 139 1.4334748201438845 0.6158369789301171 19.053 0.915 1.486514705882353 1496
stats: 502 624 5781
stats: newphase 0 4
stats: size_sent 165628 1846669
stats: connected 28 567
stats: 201 0 24
stats: 400 0 52
stats: 500 135 1247
# stats: dump at 1669993513
stats: users 576 654
stats: {freemem,"tsung_controller@ip-172-31-54-152"} 1 625.20703125 0.0 669.86328125 625.20703125 650.7039331896551 29
stats: {load,"tsung_controller@ip-172-31-54-152"} 1 0.0 0.0 0.078125 0.0 0.01670258620689655 29
stats: {cpu,"tsung_controller@ip-172-31-54-152"} 1 2.3359840954274356 0.0 2.8400597907324365 0.05 0.7857558638080591 29
stats: session 145 42561.449117241405 43704.064923303995 241586.958 21.519 55241.56419925164 1069
stats: users_count 152 1790
stats: finish_users_count 145 1214
stats: connect 151 1.4642317880794695 0.6532517789272658 19.053 0.915 1.482005504587156 1635
stats: request 764 6567.851799738211 12649.021114536019 60002.517 0.756 8917.93748675412 7776
stats: page 261 19031.93527203063 29971.178265863055 194980.306 1.837 26741.842420327317 2322
stats: 504 5 361
stats: 200 56 372
stats: size_rcv 285732 11867610
stats: 502 609 6390
stats: newphase 0 4
stats: size_sent 168783 2015452
stats: connected 12 579
stats: 201 3 27
stats: 400 1 53
stats: 500 90 1337
# stats: dump at 1669993523
stats: users 647 654
stats: {freemem,"tsung_controller@ip-172-31-54-152"} 1 625.49609375 0.0 669.86328125 625.20703125 649.8540364583333 30
stats: {load,"tsung_controller@ip-172-31-54-152"} 1 0.0 0.0 0.078125 0.0 0.01614583333333333 30
stats: {cpu,"tsung_controller@ip-172-31-54-152"} 1 2.293120638085743 0.0 2.8400597907324365 0.05 0.8374301381953716 30
stats: session 230 32884.32567391305 44786.09025210145 241586.958 21.519 53727.052925041186 1214
stats: users_count 301 2091
stats: finish_users_count 230 1444
stats: request 1496 4166.895678475928 11042.269156474766 60002.517 0.756 8707.695629039816 8540
stats: 504 3 364
stats: connect 289 1.4520553633217996 0.7163620634368086 19.053 0.915 1.4805027995520716 1786
stats: 200 71 443
stats: size_rcv 1140744 13008354
stats: 502 1263 7653
stats: newphase 1 5
stats: size_sent 328839 2344291
stats: connected 67 646
stats: 201 21 48
stats: 400 5 58
stats: 500 133 1470
stats: page 501 14844.381790419156 30905.077700638358 199183.957 1.837 25962.792569105703 2583
# stats: dump at 1669993533
stats: users 646 665
stats: {freemem,"tsung_controller@ip-172-31-54-152"} 1 618.15625 0.0 669.86328125 618.15625 649.0682963709677 31
stats: {load,"tsung_controller@ip-172-31-54-152"} 1 0.0 0.0 0.078125 0.0 0.015624999999999998 31
stats: {cpu,"tsung_controller@ip-172-31-54-152"} 1 4.25531914893617 0.0 4.25531914893617 0.05 0.8843878962563514 31
stats: session 289 30158.773044982718 38774.43943567232 241586.958 21.519 50407.227947368425 1444
stats: users_count 288 2379
stats: finish_users_count 289 1733
stats: connect 299 1.412682274247491 0.6649191185154799 19.053 0.882 1.4765407228915663 2075
stats: page 599 10699.517878130222 22002.752026914168 199183.957 1.837 24156.59159630351 3084
stats: request 1798 3745.8975411568335 9839.209317271252 60002.517 0.756 8030.828677461141 10036
stats: 504 10 374
stats: 200 60 503
stats: size_rcv 599738 13608092
stats: 502 1528 9181
stats: newphase 0 5
stats: size_sent 411500 2755791
stats: connected 4 650
stats: 201 0 48
stats: 400 5 63
stats: 500 195 1665
# stats: dump at 1669993543
stats: users 617 669
stats: {freemem,"tsung_controller@ip-172-31-54-152"} 1 611.25390625 0.0 669.86328125 611.25390625 648.102294921875 32
stats: {load,"tsung_controller@ip-172-31-54-152"} 1 0.0 0.0 0.078125 0.0 0.015136718749999998 32
stats: {cpu,"tsung_controller@ip-172-31-54-152"} 1 4.216269841269842 0.0 4.25531914893617 0.05 0.9897294979025957 32
stats: session 323 23569.124972136226 31293.698573999787 241586.958 21.519 47030.53812233123 1733
stats: users_count 294 2673
stats: finish_users_count 323 2056
stats: request 2037 3192.4219366715747 9099.085173136484 60002.517 0.743 7379.797227142132 11834
stats: 504 10 384
stats: connect 292 1.333554794520548 0.47254204032474484 19.053 0.857 1.4684978938500421 2374
stats: 200 33 536
stats: size_rcv 652602 14260694
stats: page 682 11293.98849120234 22363.191295950866 199183.957 1.777 21967.94452674451 3683
stats: 502 1862 11043
stats: newphase 0 5
stats: size_sent 427655 3183446
stats: connected -30 620
stats: 201 3 51
stats: 400 1 64
stats: 500 128 1793
# stats: dump at 1669993553
stats: users 647 669
stats: {freemem,"tsung_controller@ip-172-31-54-152"} 1 607.82421875 0.0 669.86328125 607.82421875 646.9856770833334 33
stats: {load,"tsung_controller@ip-172-31-54-152"} 1 0.0 0.0 0.078125 0.0 0.014678030303030302 33
stats: {cpu,"tsung_controller@ip-172-31-54-152"} 1 4.790123456790123 0.0 4.790123456790123 0.05 1.0875034477016032 33
stats: session 243 27511.457094650195 29877.58318392758 241586.958 21.519 43344.72272957199 2056
stats: users_count 273 2946
stats: finish_users_count 243 2299
stats: connect 273 1.389058608058608 0.6280442200614866 19.053 0.857 1.4537179294823706 2666
stats: page 472 9473.281523305082 17595.66689639447 199183.957 1.777 20300.215313402066 4365
stats: request 1460 2982.2466664383583 7319.035671987136 60002.517 0.743 6764.867988681421 13871
stats: 504 0 384
stats: 200 60 596
stats: size_rcv 503197 14763891
stats: 502 1242 12285
stats: newphase 0 5
stats: size_sent 337264 3520710
stats: connected 34 654
stats: 201 3 54
stats: 400 4 68
stats: 500 151 1944
# stats: dump at 1669993563
stats: users 669 672
stats: {freemem,"tsung_controller@ip-172-31-54-152"} 1 604.9375 0.0 669.86328125 604.9375 645.8338694852941 34
stats: {load,"tsung_controller@ip-172-31-54-152"} 1 0.0 0.0 0.078125 0.0 0.014246323529411763 34
stats: {cpu,"tsung_controller@ip-172-31-54-152"} 1 4.061416542842991 0.0 4.790123456790123 0.05 1.1964040362042065 34
stats: session 301 24103.980232558133 28676.01696815779 241586.958 18.661 41671.1761661592 2299
stats: users_count 323 3269
stats: finish_users_count 301 2600
stats: request 1856 3429.204101831897 7709.041261527589 60002.517 0.743 6404.641837062161 15331
stats: connect 319 1.991056426332289 2.7406738588489183 26.049 0.857 1.4477118067369854 2939
stats: page 597 9236.968331658289 17388.58879994472 199183.957 1.777 19243.7107136655 4837
stats: 504 0 384
stats: 200 75 671
stats: size_rcv 640487 15404378
stats: 502 1526 13811
stats: newphase 0 5
stats: size_sent 414911 3935621
stats: connected 15 669
stats: 201 16 70
stats: 400 20 88
stats: 500 219 2163
# stats: dump at 1669993573
stats: users 621 691
stats: {freemem,"tsung_controller@ip-172-31-54-152"} 1 602.5625 0.0 669.86328125 602.5625 644.6654017857143 35
stats: {load,"tsung_controller@ip-172-31-54-152"} 1 0.0 0.0 0.078125 0.0 0.013839285714285712 35
stats: {cpu,"tsung_controller@ip-172-31-54-152"} 1 4.8466864490603365 0.0 4.8466864490603365 0.05 1.278261536393886 35
stats: session 372 22600.596975806475 26043.484818913756 241586.958 18.661 39637.43540615385 2600
stats: users_count 324 3593
stats: finish_users_count 372 2972
stats: connect 323 1.4124086687306503 0.6326578904625164 26.049 0.857 1.5009122160834867 3258
stats: page 756 10125.472482804242 18056.24411779281 199183.957 1.777 18144.331765918294 5434
stats: 504 1 385
stats: request 2200 2822.4317527272724 7272.507025122726 60002.517 0.743 6083.328493454355 17187
stats: 200 52 723
stats: size_rcv 727163 16131541
stats: 502 1969 15780
stats: newphase 0 5
stats: size_sent 443429 4379050
stats: connected -58 611
stats: 201 0 70
stats: 400 0 88
stats: 500 178 2341
# stats: dump at 1669993583
stats: users 780 781
stats: {freemem,"tsung_controller@ip-172-31-54-152"} 1 605.58203125 0.0 669.86328125 602.5625 643.4958767361111 36
stats: {load,"tsung_controller@ip-172-31-54-152"} 1 0.0 0.0 0.078125 0.0 0.01345486111111111 36
stats: {cpu,"tsung_controller@ip-172-31-54-152"} 1 5.667816658452439 0.0 5.667816658452439 0.05 1.377384450634621 36
stats: session 437 16981.484084668213 22075.20806934654 241586.958 18.661 37504.96437786003 2972
stats: users_count 596 4189
stats: finish_users_count 437 3409
stats: request 2929 2113.3068559235257 5696.141270970567 60002.517 0.743 5713.28811435498 19387
stats: 504 0 385
stats: connect 593 1.305910623946039 0.6005065431528831 26.049 0.857 1.4929293493437585 3581
stats: 200 84 807
stats: size_rcv 977396 17108937
stats: page 925 5999.587647567571 13512.124171117526 199183.957 1.757 17164.96866122779 6190
stats: 502 2560 18340
stats: newphase 1 6
stats: size_sent 614766 4993816
stats: connected 166 777
stats: 201 10 80
stats: 400 13 101
stats: 500 262 2603
# stats: dump at 1669993593
stats: users 830 841
stats: {freemem,"tsung_controller@ip-172-31-54-152"} 1 599.34765625 0.0 669.86328125 599.34765625 642.4711782094595 37
stats: {load,"tsung_controller@ip-172-31-54-152"} 1 0.0703125 0.0 0.078125 0.0 0.013091216216216214 37
stats: {cpu,"tsung_controller@ip-172-31-54-152"} 1 6.793206793206793 0.0 6.793206793206793 0.05 1.4933420778729403 37
stats: session 560 11997.492287499994 18156.511374033053 241586.958 18.661 34874.05769316516 3409
stats: users_count 610 4799
stats: finish_users_count 560 3969
stats: request 3616 1131.7112311946878 4962.824450670157 60002.517 0.743 5240.786541226027 22316
stats: 504 7 392
stats: connect 606 1.4990643564356432 1.0481277496978276 26.049 0.848 1.4663596070915192 4174
stats: page 1175 4065.0057659574527 12025.599913128572 199183.957 1.645 15713.390665776533 7115
stats: 200 25 832
stats: size_rcv 1154756 18263693
stats: 502 3471 21811
stats: newphase 0 6
stats: size_sent 720114 5713930
stats: connected 51 828
stats: 201 0 80
stats: 400 0 101
stats: 500 113 2716
# stats: dump at 1669993603
stats: users 776 841
stats: {freemem,"tsung_controller@ip-172-31-54-152"} 1 599.35546875 0.0 669.86328125 599.34765625 641.3363486842105 38
stats: {load,"tsung_controller@ip-172-31-54-152"} 1 0.05859375 0.0 0.078125 0.0 0.01459703947368421 38
stats: {cpu,"tsung_controller@ip-172-31-54-152"} 1 7.392607392607392 0.0 7.392607392607392 0.05 1.6328122019606732 38
stats: session 633 11124.333966824643 16489.16855798559 241586.958 18.661 31646.323597127746 3969
stats: users_count 579 5378
stats: finish_users_count 633 4602
stats: request 3650 1347.297853698632 4663.463779530851 60002.517 0.732 4667.810437528922 25932
stats: 504 0 392
stats: connect 583 1.4267907375643227 0.784361582253514 26.049 0.814 1.470505857740586 4780
stats: page 1252 3888.0078698083043 11045.310073296108 199183.957 1.62 14062.383155850426 8290
stats: 200 75 907
stats: size_rcv 1192468 19456161
stats: 502 3425 25236
stats: newphase 0 6
stats: size_sent 745838 6459768
stats: connected -56 772
stats: 201 6 86
stats: 400 12 113
stats: 500 132 2848
# stats: dump at 1669993613
stats: users 737 841
stats: {freemem,"tsung_controller@ip-172-31-54-152"} 1 597.94140625 0.0 669.86328125 597.94140625 640.2599158653846 39
stats: {load,"tsung_controller@ip-172-31-54-152"} 1 0.05078125 0.0 0.078125 0.0 0.015725160256410256 39
stats: {cpu,"tsung_controller@ip-172-31-54-152"} 1 7.630922693266832 0.0 7.630922693266832 0.05 1.7804992581311019 39
stats: session 658 12990.147738601818 18403.385248461087 241586.958 13.39 28823.546666232076 4602
stats: users_count 619 5997
stats: finish_users_count 658 5260
stats: request 3902 1859.4393969759064 6697.27297572617 60002.517 0.732 4258.106194036915 29582
stats: 504 0 392
stats: connect 619 1.43033764135703 0.8470184870114621 26.049 0.814 1.4657536826403135 5363
stats: 200 49 956
stats: size_rcv 1258182 20714343
stats: page 1301 5789.746072252111 13972.503873539896 199183.957 1.62 12727.409580276675 9542
stats: 502 3626 28862
stats: newphase 0 6
stats: size_sent 765213 7224981
stats: connected -36 736
stats: 201 0 86
stats: 400 1 114
stats: 500 226 3074
# stats: dump at 1669993623
stats: users 749 841
stats: {freemem,"tsung_controller@ip-172-31-54-152"} 1 598.02734375 0.0 669.86328125 597.94140625 639.201953125 40
stats: {load,"tsung_controller@ip-172-31-54-152"} 1 0.12109375 0.0 0.12109375 0.0 0.0166015625 40
stats: {cpu,"tsung_controller@ip-172-31-54-152"} 1 7.2617246596066565 0.0 7.630922693266832 0.05 1.926759844009495 40
stats: session 586 13260.402965870298 18877.7967158398 241586.958 13.39 26842.8667243346 5260
stats: users_count 598 6595
stats: finish_users_count 586 5846
stats: connect 601 1.5221181364392669 1.3744552771331353 26.049 0.805 1.4620889334670681 5982
stats: page 1190 4732.3491571428585 13085.914663783125 199183.957 1.62 11894.992331919213 10843
stats: request 3619 1754.1120436584692 6711.201293732139 60002.517 0.732 3978.5817094433164 33484
stats: 504 3 395
stats: 200 54 1010
stats: size_rcv 1179801 21894144
stats: 502 3335 32197
stats: newphase 0 6
stats: size_sent 729890 7954871
stats: connected 7 743
stats: 201 1 87
stats: 400 6 120
stats: 500 220 3294
# stats: dump at 1669993633
stats: users 758 841
stats: {freemem,"tsung_controller@ip-172-31-54-152"} 1 597.078125 0.0 669.86328125 597.078125 638.197694359756 41
stats: {load,"tsung_controller@ip-172-31-54-152"} 1 0.1015625 0.0 0.12109375 0.0 0.01915015243902439 41
stats: {cpu,"tsung_controller@ip-172-31-54-152"} 1 7.817911924789708 0.0 7.817911924789708 0.05 2.0568809370728403 41
stats: session 606 13764.16695709572 18378.575318922412 241586.958 13.39 25481.36762025316 5846
stats: users_count 615 7210
stats: finish_users_count 606 6452
stats: request 3604 1651.0622907880152 5402.918615577794 60002.517 0.732 3761.608534215562 37103
stats: connect 619 1.451502423263329 0.8562755459405063 26.049 0.749 1.4675693452833058 6583
stats: page 1214 5528.092453047768 13024.119841864014 199183.957 1.62 11186.644839358434 12033
stats: 504 1 396
stats: 200 79 1089
stats: size_rcv 1401163 23295307
stats: 502 3295 35492
stats: newphase 0 6
stats: size_sent 740891 8695762
stats: connected 21 764
stats: 201 27 114
stats: 400 7 127
stats: 500 195 3489
# stats: dump at 1669993643
stats: users 595 841
stats: {freemem,"tsung_controller@ip-172-31-54-152"} 1 596.37109375 0.0 669.86328125 596.37109375 637.2186569940475 42
stats: {load,"tsung_controller@ip-172-31-54-152"} 1 0.08984375 0.0 0.12109375 0.0 0.021112351190476192 42
stats: {cpu,"tsung_controller@ip-172-31-54-152"} 1 8.764155588380108 0.0 8.764155588380108 0.05 2.1940483415422896 42
stats: session 244 17245.623663934428 20016.827980628797 241586.958 13.39 24380.836993800367 6452
stats: users_count 81 7291
stats: finish_users_count 244 6696
stats: request 1087 4007.7711977920885 9454.463048852896 60002.517 0.732 3574.7510241727464 40707
stats: 504 15 411
stats: connect 89 1.2960337078651682 0.41408267234688423 26.049 0.749 1.4661884198833661 7202
stats: 200 30 1119
stats: size_rcv 561785 23857092
stats: 502 864 36356
stats: newphase 0 6
stats: size_sent 241440 8937202
stats: connected -167 597
stats: 201 2 116
stats: 400 6 133
stats: 500 170 3659
stats: page 413 10464.328322033904 19884.159059901245 199183.957 1.62 10668.07591077225 13247
# stats: dump at 1669993653
stats: users 509 841
stats: {freemem,"tsung_controller@ip-172-31-54-152"} 1 600.6796875 0.0 669.86328125 596.37109375 636.2687136627906 43
stats: {load,"tsung_controller@ip-172-31-54-152"} 1 0.0703125 0.0 0.12109375 0.0 0.022710755813953487 43
stats: {cpu,"tsung_controller@ip-172-31-54-152"} 1 1.354062186559679 0.0 8.764155588380108 0.05 2.3468415333292154 43
stats: session 86 34143.02945348838 20943.71690284706 241586.958 13.39 24120.832206989242 6696
stats: users_count 0 7291
stats: finish_users_count 86 6782
stats: request 391 11882.40180051151 11056.656787897176 60002.517 0.732 3586.013237139302 41794
stats: connect 0 0 0 26.049 0.749 1.464111370182417 7291
stats: page 135 21020.586451851854 16196.935022735279 199183.957 1.62 10661.91575307467 13660
stats: 504 3 414
stats: 200 48 1167
stats: size_rcv 171870 24028962
stats: 502 198 36554
stats: newphase 0 6
stats: size_sent 74171 9011373
stats: connected -87 510
stats: 201 6 122
stats: 400 24 157
stats: 500 112 3771
# stats: dump at 1669993663
stats: users 432 841
stats: {freemem,"tsung_controller@ip-172-31-54-152"} 1 604.46484375 0.0 669.86328125 596.37109375 635.4598721590908 44
stats: {load,"tsung_controller@ip-172-31-54-152"} 1 0.05859375 0.0 0.12109375 0.0 0.023792613636363636 44
stats: {cpu,"tsung_controller@ip-172-31-54-152"} 1 0.8991008991008992 0.0 8.764155588380108 0.05 2.32427836635718 44
stats: session 77 43403.127558441534 23175.99872417121 241586.958 13.39 24247.919933795336 6782
stats: users_count 0 7291
stats: finish_users_count 77 6859
stats: 504 0 414
stats: request 257 13786.125412451356 8083.941443946755 60002.517 0.732 3662.9099522816164 42185
stats: 200 63 1230
stats: size_rcv 344139 24373101
stats: 502 55 36609
stats: connect 0 0 0 26.049 0.749 1.464111370182417 7291
stats: newphase 0 6
stats: size_sent 40271 9051644
stats: page 117 28745.38905982905 14435.939456234853 199183.957 1.62 10763.287303950707 13795
stats: connected -78 432
stats: 201 2 124
stats: 400 2 159
stats: 500 135 3906
# stats: dump at 1669993673
stats: users 319 841
stats: {freemem,"tsung_controller@ip-172-31-54-152"} 1 620.6953125 0.0 669.86328125 596.37109375 634.7710937499999 45
stats: {load,"tsung_controller@ip-172-31-54-152"} 1 0.05078125 0.0 0.12109375 0.0 0.02456597222222222 45
stats: {cpu,"tsung_controller@ip-172-31-54-152"} 1 0.8491508491508492 0.0 8.764155588380108 0.05 2.2926077559737075 45
stats: session 113 51302.92363716813 19032.20519801957 241586.958 13.39 24462.958713077704 6859
stats: users_count 0 7291
stats: finish_users_count 113 6972
stats: request 321 9082.125109034258 9554.91651906695 60002.517 0.732 3724.209287215494 42442
stats: connect 0 0 0 26.049 0.749 1.464111370182417 7291
stats: page 171 28262.733087719305 20569.26507352644 199183.957 1.62 10914.516883122486 13912
stats: 504 4 418
stats: 200 123 1353
stats: size_rcv 632150 25005251
stats: 502 33 36642
stats: newphase 0 6
stats: size_sent 52977 9104621
stats: connected -112 320
stats: 201 15 139
stats: 400 16 175
stats: 500 130 4036
# stats: dump at 1669993683
stats: users 236 841
stats: {freemem,"tsung_controller@ip-172-31-54-152"} 1 627.43359375 0.0 669.86328125 596.37109375 634.4650985054346 46
stats: {load,"tsung_controller@ip-172-31-54-152"} 1 0.0390625 0.0 0.12109375 0.0 0.025135869565217392 46
stats: {cpu,"tsung_controller@ip-172-31-54-152"} 1 1.0967098703888334 0.0 8.764155588380108 0.05 2.2612282579992975 46
stats: session 83 62877.30260240967 22750.138073845425 241586.958 13.39 24897.972487664938 6972
stats: users_count 0 7291
stats: finish_users_count 83 7055
stats: request 268 15565.62318283582 24180.971751831934 60002.517 0.732 3764.428424759722 42763
stats: page 131 31089.928198473284 33992.9547201117 199183.957 1.62 11125.164115316342 14083
stats: 504 59 477
stats: 200 83 1436
stats: size_rcv 351900 25357151
stats: 502 0 36642
stats: newphase 0 6
stats: size_sent 77477 9182098
stats: connected -84 236
stats: 201 21 160
stats: 400 45 220
stats: 500 60 4096
stats: connect 0 0 0 26.049 0.749 1.464111370182417 7291
# stats: dump at 1669993693
stats: users 180 841
stats: {freemem,"tsung_controller@ip-172-31-54-152"} 1 632.80859375 0.0 669.86328125 596.37109375 634.3154920212764 47
stats: {load,"tsung_controller@ip-172-31-54-152"} 1 0.0390625 0.0 0.12109375 0.0 0.02543218085106383 47
stats: {cpu,"tsung_controller@ip-172-31-54-152"} 1 0.6509764646970456 0.0 8.764155588380108 0.05 2.236451271028862 47
stats: session 56 75780.20194642854 18429.58663878943 241586.958 13.39 25344.7881360737 7055
stats: users_count 0 7291
stats: finish_users_count 56 7111
stats: connect 0 0 0 26.049 0.749 1.464111370182417 7291
stats: 504 96 573
stats: request 205 29195.08831219512 28866.465208265083 60002.517 0.732 3837.927069810137 43031
stats: 200 9 1445
stats: size_rcv 50074 25407225
stats: 502 71 36713
stats: newphase 0 6
stats: size_sent 33853 9215951
stats: connected -56 180
stats: 201 0 160
stats: 400 0 220
stats: 500 29 4125
stats: page 87 49251.66855172416 30869.623706095284 199183.957 1.62 11309.164684817788 14214
# stats: dump at 1669993703
stats: users 159 841
stats: {freemem,"tsung_controller@ip-172-31-54-152"} 1 637.578125 0.0 669.86328125 596.37109375 634.2840983072915 48
stats: {load,"tsung_controller@ip-172-31-54-152"} 1 0.03125 0.0 0.12109375 0.0 0.025716145833333332 48
stats: {cpu,"tsung_controller@ip-172-31-54-152"} 1 0.4008016032064128 0.0 8.764155588380108 0.05 2.2034205458969494 48
stats: session 21 78237.24257142858 17538.0861238322 241586.958 13.39 25741.97322584727 7111
stats: users_count 0 7291
stats: finish_users_count 21 7132
stats: 504 35 608
stats: 200 10 1455
stats: request 65 34919.17269230767 27730.67780712947 60002.517 0.732 3958.1560006707373 43236
stats: size_rcv 21515 25428740
stats: 502 10 36723
stats: connect 0 0 0 26.049 0.749 1.464111370182417 7291
stats: newphase 0 6
stats: size_sent 11457 9227408
stats: page 28 53000.28010714286 28878.81477691668 199183.957 1.62 11539.987552898401 14301
stats: connected -21 159
stats: 201 0 160
stats: 400 0 220
stats: 500 10 4135
# stats: dump at 1669993713
stats: users 125 841
stats: {freemem,"tsung_controller@ip-172-31-54-152"} 1 648.65625 0.0 669.86328125 596.37109375 634.3513233418366 49
stats: {load,"tsung_controller@ip-172-31-54-152"} 1 0.01953125 0.0 0.12109375 0.0 0.025829081632653062 49
stats: {cpu,"tsung_controller@ip-172-31-54-152"} 1 0.19990004997501248 0.0 8.764155588380108 0.05 2.1666324042093876 49
stats: session 34 88893.6351764706 15168.340559433444 241586.958 13.39 25896.544265703862 7132
stats: users_count 0 7291
stats: finish_users_count 34 7166
stats: request 92 13590.44528260869 15418.453271585899 60002.517 0.732 4004.6322041061408 43301
stats: connect 0 0 0 26.049 0.749 1.464111370182417 7291
stats: page 56 54175.722892857164 36566.99633964515 199183.957 1.62 11621.004245725455 14329
stats: 504 1 609
stats: 200 35 1490
stats: size_rcv 61471 25490211
stats: 502 0 36723
stats: newphase 0 6
stats: size_sent 21498 9248906
stats: connected -34 125
stats: 201 12 172
stats: 400 8 228
stats: 500 36 4171
# stats: dump at 1669993723
stats: users 123 841
stats: {freemem,"tsung_controller@ip-172-31-54-152"} 1 649.46484375 0.0 669.86328125 596.37109375 634.637421875 50
stats: {load,"tsung_controller@ip-172-31-54-152"} 1 0.01953125 0.0 0.12109375 0.0 0.025703125 50
stats: {cpu,"tsung_controller@ip-172-31-54-152"} 1 0.25012506253126565 0.0 8.764155588380108 0.05 2.1272977571247003 50
stats: session 2 90615.197 1370.8270000000048 241586.958 13.39 26195.441989812996 7166
stats: users_count 0 7291
stats: finish_users_count 2 7168
stats: connect 0 0 0 26.049 0.749 1.464111370182417 7291
stats: 504 6 615
stats: request 16 27567.323750000003 27545.711105082602 60002.517 0.732 4024.9556388357564 43393
stats: page 7 86244.11942857143 55149.09036114693 199183.957 1.62 11786.667384011125 14385
stats: 200 2 1492
stats: size_rcv 3820 25494031
stats: 502 0 36723
stats: newphase 0 6
stats: size_sent 4640 9253546
stats: connected -2 123
stats: 201 1 173
stats: 400 0 228
stats: 500 7 4178
# stats: dump at 1669993733
stats: users 108 841
stats: {freemem,"tsung_controller@ip-172-31-54-152"} 1 650.59375 0.0 669.86328125 596.37109375 634.9281556372549 51
stats: {load,"tsung_controller@ip-172-31-54-152"} 1 0.01953125 0.0 0.12109375 0.0 0.025582107843137254 51
stats: {cpu,"tsung_controller@ip-172-31-54-152"} 1 0.10005002501250625 0.0 8.764155588380108 0.05 2.0904904493875742 51
stats: session 15 117184.69459999997 19860.024625000035 241586.958 13.39 26213.416251813607 7168
stats: users_count 0 7291
stats: finish_users_count 15 7183
stats: connect 0 0 0 26.049 0.749 1.464111370182417 7291
stats: 504 6 621
stats: request 48 17828.090812500002 24051.866432591774 60002.517 0.732 4033.633053422101 43409
stats: 200 15 1507
stats: size_rcv 30441 25524472
stats: page 33 60454.32506060605 55345.04625015381 199183.957 1.62 11822.88209804058 14392
stats: 502 0 36723
stats: newphase 0 6
stats: size_sent 12568 9266114
stats: connected -15 108
stats: 201 12 185
stats: 400 13 241
stats: 500 2 4180
# stats: dump at 1669993743
stats: users 71 841
stats: {freemem,"tsung_controller@ip-172-31-54-152"} 1 650.4921875 0.0 669.86328125 596.37109375 635.2294170673077 52
stats: {load,"tsung_controller@ip-172-31-54-152"} 1 0.01171875 0.0 0.12109375 0.0 0.025465745192307692 52
stats: {cpu,"tsung_controller@ip-172-31-54-152"} 1 0.20020020020020018 0.0 8.764155588380108 0.05 2.052212748918823 52
stats: session 37 128121.04156756756 21182.94084506065 241586.958 13.39 26403.388293470685 7183
stats: users_count 0 7291
stats: finish_users_count 37 7220
stats: connect 0 0 0 26.049 0.749 1.464111370182417 7291
stats: 504 23 644
stats: request 88 24179.60140909092 29041.588009563064 60002.517 0.732 4048.8695854522857 43457
stats: 200 36 1543
stats: size_rcv 57533 25582005
stats: page 45 68930.70484444444 47116.69796371362 199183.957 1.62 11934.136005684577 14425
stats: 502 9 36732
stats: newphase 0 6
stats: size_sent 28891 9295005
stats: connected -34 74
stats: 201 9 194
stats: 400 11 252
stats: 500 0 4180
# stats: dump at 1669993753
stats: users 28 841
stats: {freemem,"tsung_controller@ip-172-31-54-152"} 1 653.984375 0.0 669.86328125 596.37109375 635.5173938679245 53
stats: {load,"tsung_controller@ip-172-31-54-152"} 1 0.01171875 0.0 0.12109375 0.0 0.0252063679245283 53
stats: {cpu,"tsung_controller@ip-172-31-54-152"} 1 0.25037556334501754 0.0 8.764155588380108 0.05 2.017269115924132 53
stats: session 43 124810.12825581401 7772.132301779266 241586.958 13.39 26924.65604570636 7220
stats: users_count 0 7291
stats: finish_users_count 43 7263
stats: request 141 17292.703212765948 26877.382681389052 60002.517 0.732 4089.55173955678 43545
stats: connect 0 0 0 26.049 0.749 1.464111370182417 7291
stats: page 76 60471.7519473684 56326.1338430472 199183.957 1.62 12111.388638562545 14470
stats: 504 26 670
stats: 200 58 1601
stats: size_rcv 303571 25885576
stats: 502 0 36732
stats: newphase 0 6
stats: size_sent 55843 9350848
stats: connected -46 28
stats: 201 21 215
stats: 400 36 288
stats: 500 0 4180
# stats: dump at 1669993763
stats: users 23 841
stats: {freemem,"tsung_controller@ip-172-31-54-152"} 1 659.16015625 0.0 669.86328125 596.37109375 635.859375 54
stats: {load,"tsung_controller@ip-172-31-54-152"} 1 0.01171875 0.0 0.12109375 0.0 0.024956597222222224 54
stats: {cpu,"tsung_controller@ip-172-31-54-152"} 1 0.250501002004008 0.0 8.764155588380108 0.05 1.9845488649504446 54
stats: session 5 128927.68600000002 2072.2439753931453 241586.958 13.39 27504.179012116198 7263
stats: users_count 0 7291
stats: finish_users_count 5 7268
stats: request 8 1988.1417500000002 2633.029298675043 60002.517 0.732 4132.165949091242 43686
stats: connect 0 0 0 26.049 0.749 1.464111370182417 7291
stats: page 5 3184.1688 2706.6142888233926 199183.957 1.62 12364.062061597691 14546
stats: 504 0 670
stats: 200 5 1606
stats: size_rcv 8155 25893731
stats: 502 1 36733
stats: newphase 0 6
stats: size_sent 3127 9353975
stats: connected -5 23
stats: 201 0 215
stats: 400 2 290
stats: 500 0 4180
# stats: dump at 1669993773
stats: users 6 841
stats: {freemem,"tsung_controller@ip-172-31-54-152"} 1 659.5625 0.0 669.86328125 596.37109375 636.2830255681819 55
stats: {load,"tsung_controller@ip-172-31-54-152"} 1 0.01171875 0.0 0.12109375 0.0 0.02471590909090909 55
stats: {cpu,"tsung_controller@ip-172-31-54-152"} 1 0.0 0.0 8.764155588380108 0.0 1.9530207219877822 55
stats: session 17 149755.2423529412 10761.283592131515 241586.958 13.39 27573.953026279574 7268
stats: users_count 0 7291
stats: finish_users_count 17 7285
stats: connect 0 0 0 26.049 0.749 1.464111370182417 7291
stats: page 24 66439.22383333331 54875.13236784083 199183.957 1.62 12360.907675898567 14551
stats: request 40 25327.285125 29447.77104915554 60002.517 0.732 4131.773396484643 43694
stats: 504 17 687
stats: 200 16 1622
stats: size_rcv 22248 25915979
stats: 502 0 36733
stats: newphase 0 6
stats: size_sent 7850 9361825
stats: connected -17 6
stats: 201 0 215
stats: 400 7 297
stats: 500 0 4180
# stats: dump at 1669993783
stats: users 0 841
stats: {freemem,"tsung_controller@ip-172-31-54-152"} 1 662.3125 0.0 669.86328125 596.37109375 636.69873046875 56
stats: {load,"tsung_controller@ip-172-31-54-152"} 1 0.08984375 0.0 0.12109375 0.0 0.024483816964285716 56
stats: {cpu,"tsung_controller@ip-172-31-54-152"} 1 0.25 0.0 8.764155588380108 0.0 1.9181453519522862 56
stats: session 6 147400.68133333334 3959.9832093595596 241586.958 13.39 27859.070654083727 7285
stats: users_count 0 7291
stats: finish_users_count 6 7291
stats: connect 0 0 0 26.049 0.749 1.464111370182417 7291
stats: 504 6 693
stats: request 12 30071.042499999996 29529.134683427816 60002.517 0.732 4151.15923974482 43734
stats: 200 4 1626
stats: size_rcv 6651 25922630
stats: page 7 64736.64685714287 37557.41328770373 199183.957 1.62 12449.956018113211 14575
stats: 502 0 36733
stats: newphase 0 6
stats: size_sent 2777 9364602
stats: connected -6 0
stats: 201 1 216
stats: 400 1 298
stats: 500 0 4180
# stats: dump at 1669993784
stats: users 0 841
stats: {freemem,"tsung_controller@ip-172-31-54-152"} 1 663.16796875 0.0 669.86328125 596.37109375 637.1480948464912 57
stats: {load,"tsung_controller@ip-172-31-54-152"} 1 0.0703125 0.0 0.12109375 0.0 0.02563048245614035 57
stats: {cpu,"tsung_controller@ip-172-31-54-152"} 1 0.15 0.0 8.764155588380108 0.0 1.8888796440232987 57
stats: session 0 0 0 241586.958 13.39 27957.445316554647 7291
stats: users_count 0 7291
stats: finish_users_count 0 7291
stats: page 0 0 0 199183.957 1.62 12475.055924564535 14582
stats: request 0 0 0 60002.517 0.732 4158.269343505692 43746
stats: connect 0 0 0 26.049 0.749 1.464111370182417 7291
stats: 504 0 693
stats: 200 0 1626
stats: size_rcv 0 25922630
stats: 502 0 36733
stats: newphase 0 6
stats: size_sent 0 9364602
stats: connected 0 0
stats: 201 0 216
stats: 400 0 298
stats: 500 0 4180
EndMonitor:{1669,993784,899438}