# stats: dump at 1669992567
stats: users 9 9
stats: {freemem,"tsung_controller@ip-172-31-54-152"} 1 667.70703125 0 667.70703125 667.70703125 0 0
stats: {load,"tsung_controller@ip-172-31-54-152"} 1 0.078125 0 0.078125 0.078125 0 0
stats: {cpu,"tsung_controller@ip-172-31-54-152"} 1 0.43821443510912916 0 0.43821443510912916 0.43821443510912916 0 0
stats: users_count 9 9
stats: finish_users_count 0 0
stats: 200 7 7
stats: request 7 313.1817142857143 51.816364402747986 410.951 256.973 0 0
stats: size_rcv 6334 6334
stats: size_sent 7131 7131
stats: connect 9 2.2064444444444447 2.7705740324228483 10.04 1.117 0 0
stats: connected 9 9
# stats: dump at 1669992577
stats: users 18 18
stats: {freemem,"tsung_controller@ip-172-31-54-152"} 1 669.0859375 0.0 669.0859375 667.70703125 667.70703125 1
stats: {load,"tsung_controller@ip-172-31-54-152"} 1 0.0703125 0.0 0.078125 0.0703125 0.078125 1
stats: {cpu,"tsung_controller@ip-172-31-54-152"} 1 0.20030045067601399 0.0 0.43821443510912916 0.20030045067601399 0.43821443510912916 1
stats: session 1 7271.384 0 7271.384 7271.384 0 0
stats: users_count 10 19
stats: finish_users_count 1 1
stats: connect 10 1.4093 0.525296116490499 10.04 1.052 2.2064444444444447 9
stats: request 13 418.70099999999996 563.0219302090352 2073.825 6.305 313.1817142857143 7
stats: page 4 652.5205 974.3869495373746 2330.909 6.305 0 0
stats: 200 11 18
stats: size_rcv 11261 17595
stats: 502 1 1
stats: size_sent 11250 18381
stats: connected 9 18
stats: 201 1 1
# stats: dump at 1669992587
stats: users 27 27
stats: {freemem,"tsung_controller@ip-172-31-54-152"} 1 669.15234375 0.0 669.15234375 667.70703125 668.396484375 2
stats: {load,"tsung_controller@ip-172-31-54-152"} 1 0.05859375 0.0 0.078125 0.05859375 0.07421875 2
stats: {cpu,"tsung_controller@ip-172-31-54-152"} 1 0.10005002501250625 0.0 0.43821443510912916 0.10005002501250625 0.3192574428925716 2
stats: session 0 0 0 7271.384 7271.384 7271.384 1
stats: users_count 9 28
stats: finish_users_count 0 1
stats: request 8 5381.027749999999 7067.149215106571 18885.103 6.305 381.76924999999994 20
stats: connect 8 1.280125 0.11420643315943282 10.04 1.052 1.7868947368421053 19
stats: page 2 17585.1455 1710.9934999999991 19296.139 6.305 652.5205 4
stats: 200 6 24
stats: size_rcv 5187 22782
stats: 502 2 3
stats: size_sent 7514 25895
stats: connected 8 26
stats: 201 0 1
# stats: dump at 1669992597
stats: users 44 44
stats: {freemem,"tsung_controller@ip-172-31-54-152"} 1 668.8203125 0.0 669.15234375 667.70703125 668.6484375 3
stats: {load,"tsung_controller@ip-172-31-54-152"} 1 0.05078125 0.0 0.078125 0.05078125 0.06901041666666667 3
stats: {cpu,"tsung_controller@ip-172-31-54-152"} 1 0.24987506246876562 0.0 0.43821443510912916 0.10005002501250625 0.24618830359921648 3
stats: session 0 0 0 7271.384 7271.384 7271.384 1
stats: users_count 17 45
stats: finish_users_count 0 1
stats: request 19 4087.5427368421047 4211.629092121552 18885.103 6.305 1810.128821428571 28
stats: connect 18 1.603 0.8243983664871412 10.04 1.052 1.6367407407407408 27
stats: page 5 9921.1044 4892.709599581548 19296.139 6.305 6296.728833333334 6
stats: 200 11 35
stats: size_rcv 6682 29464
stats: 502 5 8
stats: size_sent 15295 41190
stats: connected 18 44
stats: 201 0 1
stats: 500 3 3
# stats: dump at 1669992607
stats: users 50 50
stats: {freemem,"tsung_controller@ip-172-31-54-152"} 1 667.59765625 0.0 669.15234375 667.59765625 668.69140625 4
stats: {load,"tsung_controller@ip-172-31-54-152"} 1 0.0390625 0.0 0.078125 0.0390625 0.064453125 4
stats: {cpu,"tsung_controller@ip-172-31-54-152"} 1 0.2 0.0 0.43821443510912916 0.10005002501250625 0.24710999331660377 4
stats: session 0 0 0 7271.384 7271.384 7271.384 1
stats: users_count 6 51
stats: finish_users_count 0 1
stats: request 10 2947.1853 2501.0944460913124 18885.103 6.305 2730.7855106382976 47
stats: connect 5 2.8884 2.698262522439208 10.04 1.052 1.6232444444444443 45
stats: page 5 6271.4252 2910.296143711454 19296.139 6.305 7944.172272727272 11
stats: 200 4 39
stats: size_rcv 8586 38050
stats: 502 0 8
stats: size_sent 8771 49961
stats: connected 5 49
stats: 201 1 2
stats: 500 5 8
# stats: dump at 1669992617
stats: users 58 58
stats: {freemem,"tsung_controller@ip-172-31-54-152"} 1 667.34765625 0.0 669.15234375 667.34765625 668.47265625 5
stats: {load,"tsung_controller@ip-172-31-54-152"} 1 0.03125 0.0 0.078125 0.03125 0.059375 5
stats: {cpu,"tsung_controller@ip-172-31-54-152"} 1 0.25 0.0 0.43821443510912916 0.10005002501250625 0.237687994653283 5
stats: session 1 24682.358 0.0 24682.358 7271.384 7271.384 1
stats: users_count 9 60
stats: finish_users_count 1 2
stats: request 27 8217.07 11158.55353212275 45068.12 6.305 2768.7503859649123 57
stats: connect 10 1.6109000000000002 0.6617522874913241 10.04 0.958 1.74976 50
stats: page 10 17952.475800000007 14524.621380369295 45406.773 6.305 7421.438812499999 16
stats: 200 11 50
stats: size_rcv 20629 58679
stats: 502 6 14
stats: size_sent 16628 66589
stats: connected 9 58
stats: 201 1 3
stats: 500 9 17
# stats: dump at 1669992627
stats: users 73 73
stats: {freemem,"tsung_controller@ip-172-31-54-152"} 1 666.73828125 0.0 669.15234375 666.73828125 668.28515625 6
stats: {load,"tsung_controller@ip-172-31-54-152"} 1 0.03125 0.0 0.078125 0.03125 0.0546875 6
stats: {cpu,"tsung_controller@ip-172-31-54-152"} 1 0.24975024975024976 0.0 0.43821443510912916 0.10005002501250625 0.2397399955444025 6
stats: session 1 25518.213 0.0 25518.213 7271.384 15976.871 2
stats: users_count 16 76
stats: finish_users_count 1 3
stats: request 34 13491.868882352941 19272.158985149246 59792.423 6.158 4519.9959761904765 84
stats: connect 16 1.9540625 1.8887587348821844 10.04 0.958 1.726616666666667 60
stats: page 19 22081.920052631576 19799.770247845263 60056.404 6.158 11471.837653846158 26
stats: 504 4 4
stats: 200 9 59
stats: size_rcv 22975 81654
stats: 502 12 26
stats: newphase 1 1
stats: size_sent 16712 83301
stats: connected 15 73
stats: 201 1 4
stats: 500 8 25
# stats: dump at 1669992637
stats: users 86 86
stats: {freemem,"tsung_controller@ip-172-31-54-152"} 1 665.0546875 0.0 669.15234375 665.0546875 668.0641741071429 7
stats: {load,"tsung_controller@ip-172-31-54-152"} 1 0.01953125 0.0 0.078125 0.01953125 0.05133928571428571 7
stats: {cpu,"tsung_controller@ip-172-31-54-152"} 1 0.2997002997002997 0.0 0.43821443510912916 0.10005002501250625 0.24117003185952354 7
stats: session 0 0 0 25518.213 7271.384 19157.318333333333 3
stats: users_count 13 89
stats: finish_users_count 0 3
stats: request 36 13408.793694444443 22701.258765511047 59985.622 6.158 7105.111898305085 118
stats: connect 13 1.4965384615384614 0.7295506114551314 10.04 0.958 1.7745000000000004 76
stats: page 13 19840.963846153845 22554.99895569552 61001.349 6.158 15951.650222222223 45
stats: 504 7 11
stats: 200 15 74
stats: size_rcv 32355 114009
stats: 502 0 26
stats: newphase 0 1
stats: size_sent 27014 110315
stats: connected 13 86
stats: 201 3 7
stats: 500 11 36
# stats: dump at 1669992647
stats: users 100 100
stats: {freemem,"tsung_controller@ip-172-31-54-152"} 1 662.66015625 0.0 669.15234375 662.66015625 667.68798828125 8
stats: {load,"tsung_controller@ip-172-31-54-152"} 1 0.01953125 0.0 0.078125 0.01953125 0.04736328125 8
stats: {cpu,"tsung_controller@ip-172-31-54-152"} 1 0.1500750375187594 0.0 0.43821443510912916 0.10005002501250625 0.24848631533962057 8
stats: session 1 30365.487 0.0 30365.487 7271.384 19157.318333333333 3
stats: users_count 15 104
stats: finish_users_count 1 4
stats: request 36 14902.85575 23919.218766862774 59985.622 6.158 8578.699850649351 154
stats: connect 14 1.2772142857142856 0.11412410448494133 10.04 0.958 1.7338988764044945 89
stats: page 16 29766.781 29283.849108929255 65024.937 6.158 16823.392931034483 58
stats: 504 8 19
stats: 200 15 89
stats: size_rcv 236924 350933
stats: 502 0 26
stats: newphase 0 1
stats: size_sent 29115 139430
stats: connected 13 99
stats: 201 3 10
stats: 500 10 46
# stats: dump at 1669992657
stats: users 119 119
stats: {freemem,"tsung_controller@ip-172-31-54-152"} 1 660.59375 0.0 669.15234375 660.59375 667.1293402777778 9
stats: {load,"tsung_controller@ip-172-31-54-152"} 1 0.01953125 0.0 0.078125 0.01953125 0.044270833333333336 9
stats: {cpu,"tsung_controller@ip-172-31-54-152"} 1 0.1002004008016032 0.0 0.43821443510912916 0.10005002501250625 0.23755172891508045 9
stats: session 0 0 0 30365.487 7271.384 21959.360500000003 4
stats: users_count 19 123
stats: finish_users_count 0 4
stats: request 11 59546.781363636364 304.99788843837564 59985.622 6.158 9776.960968421054 190
stats: 504 11 30
stats: connect 20 1.3828 0.22033987383131545 10.04 0.958 1.6718252427184466 103
stats: page 3 63905.73466666666 878.908433847474 65024.937 6.158 19621.963324324326 74
stats: 200 0 89
stats: size_rcv 825 351758
stats: 502 0 26
stats: newphase 0 1
stats: size_sent 7516 146946
stats: connected 20 119
stats: 201 0 10
stats: 500 0 46
# stats: dump at 1669992667
stats: users 128 128
stats: {freemem,"tsung_controller@ip-172-31-54-152"} 1 659.7265625 0.0 669.15234375 659.7265625 666.47578125 10
stats: {load,"tsung_controller@ip-172-31-54-152"} 1 0.01171875 0.0 0.078125 0.01171875 0.041796875 10
stats: {cpu,"tsung_controller@ip-172-31-54-152"} 1 0.15015015015015015 0.0 0.43821443510912916 0.10005002501250625 0.2238165961037327 10
stats: session 3 47926.509 7455.709580043653 54192.783 7271.384 21959.360500000003 4
stats: users_count 12 135
stats: finish_users_count 3 7
stats: page 4 32044.536250000005 14136.257607302337 65024.937 6.158 21347.305064935066 77
stats: 504 6 36
stats: request 26 36356.934692307696 17009.16146298288 59985.622 6.158 12500.682482587066 201
stats: 200 20 109
stats: size_rcv 13055 364813
stats: connect 12 1.2979166666666666 0.15228561889496403 10.04 0.958 1.624829268292683 123
stats: 502 0 26
stats: newphase 0 1
stats: size_sent 16747 163693
stats: connected 9 128
stats: 201 0 10
stats: 500 0 46
# stats: dump at 1669992677
stats: users 146 146
stats: {freemem,"tsung_controller@ip-172-31-54-152"} 1 658.53125 0.0 669.15234375 658.53125 665.8622159090909 11
stats: {load,"tsung_controller@ip-172-31-54-152"} 1 0.01171875 0.0 0.078125 0.01171875 0.0390625 11
stats: {cpu,"tsung_controller@ip-172-31-54-152"} 1 0.25 0.0 0.43821443510912916 0.10005002501250625 0.21711964647158882 11
stats: session 1 93849.038 0.0 93849.038 7271.384 33088.13842857143 7
stats: users_count 19 154
stats: finish_users_count 1 8
stats: request 46 11760.043021739131 17612.312097149294 59985.622 6.158 15233.116656387669 227
stats: connect 19 1.416842105263158 0.5768933371409944 10.04 0.958 1.5957703703703703 135
stats: page 16 28890.543875 17395.556470035623 65024.937 6.158 21875.56339506173 81
stats: 504 5 41
stats: 200 7 116
stats: size_rcv 19951 384764
stats: 502 0 26
stats: newphase 0 1
stats: size_sent 29850 193543
stats: connected 18 146
stats: 201 0 10
stats: 500 34 80
# stats: dump at 1669992687
stats: users 169 169
stats: {freemem,"tsung_controller@ip-172-31-54-152"} 1 657.125 0.0 669.15234375 657.125 665.2513020833334 12
stats: {load,"tsung_controller@ip-172-31-54-152"} 1 0.01171875 0.0 0.078125 0.01171875 0.036783854166666664 12
stats: {cpu,"tsung_controller@ip-172-31-54-152"} 1 0.20030045067601399 0.0 0.43821443510912916 0.10005002501250625 0.21985967593228975 12
stats: session 0 0 0 93849.038 7271.384 40683.250875 8
stats: users_count 23 177
stats: finish_users_count 0 8
stats: 504 12 53
stats: request 14 52153.07964285714 18222.759723959243 60000.416 6.158 14647.910109890114 273
stats: 200 0 116
stats: size_rcv 1407 386171
stats: connect 21 1.5320000000000003 0.8935594951812506 10.04 0.958 1.5736948051948052 154
stats: 502 0 26
stats: newphase 1 2
stats: page 6 71327.79133333334 21444.091872617897 119171.458 6.158 23032.67357731959 97
stats: size_sent 9624 203167
stats: connected 21 167
stats: 201 0 10
stats: 500 2 82
# stats: dump at 1669992697
stats: users 215 215
stats: {freemem,"tsung_controller@ip-172-31-54-152"} 1 655.9765625 0.0 669.15234375 655.9765625 664.6262019230769 13
stats: {load,"tsung_controller@ip-172-31-54-152"} 1 0.01171875 0.0 0.078125 0.01171875 0.03485576923076923 13
stats: {cpu,"tsung_controller@ip-172-31-54-152"} 1 0.39920159680638717 0.0 0.43821443510912916 0.10005002501250625 0.21835512014334546 13
stats: session 1 99238.01 0.0 99238.01 7271.384 40683.250875 8
stats: users_count 47 224
stats: finish_users_count 1 9
stats: request 16 59529.010812500004 322.4396147217375 60000.416 6.158 16477.430574912894 287
stats: connect 48 1.3410833333333336 0.310312130049013 10.04 0.958 1.5686914285714286 175
stats: page 4 74744.86725 25930.484047539685 119649.847 6.158 25845.981407766994 103
stats: 504 16 69
stats: 200 0 116
stats: size_rcv 1200 387371
stats: 502 0 26
stats: newphase 0 2
stats: size_sent 18759 221926
stats: connected 47 214
stats: 201 0 10
stats: 500 0 82
# stats: dump at 1669992707
stats: users 254 254
stats: {freemem,"tsung_controller@ip-172-31-54-152"} 1 654.65234375 0.0 669.15234375 654.65234375 664.0083705357143 14
stats: {load,"tsung_controller@ip-172-31-54-152"} 1 0.0 0.0 0.078125 0.0 0.033203125 14
stats: {cpu,"tsung_controller@ip-172-31-54-152"} 1 0.40040040040040037 0.0 0.43821443510912916 0.10005002501250625 0.231272725619277 14
stats: session 0 0 0 99238.01 7271.384 47189.335222222224 9
stats: users_count 39 263
stats: finish_users_count 0 9
stats: 504 33 102
stats: request 33 59548.69190909092 302.36686382017166 60000.416 6.158 18750.78134653466 303
stats: 200 0 116
stats: size_rcv 2475 389846
stats: connect 39 1.705076923076923 2.17332286513857 15.017 0.958 1.5196995515695069 223
stats: 502 0 26
stats: newphase 0 2
stats: page 10 73281.5824 23526.425088025077 119902.199 6.158 27673.977140186922 107
stats: size_sent 25482 247408
stats: connected 39 253
stats: 201 0 10
stats: 500 0 82
# stats: dump at 1669992717
stats: users 297 297
stats: {freemem,"tsung_controller@ip-172-31-54-152"} 1 653.89453125 0.0 669.15234375 653.89453125 663.3846354166667 15
stats: {load,"tsung_controller@ip-172-31-54-152"} 1 0.0 0.0 0.078125 0.0 0.030989583333333334 15
stats: {cpu,"tsung_controller@ip-172-31-54-152"} 1 0.25037556334501754 0.0 0.43821443510912916 0.10005002501250625 0.24254790393801856 15
stats: session 0 0 0 99238.01 7271.384 47189.335222222224 9
stats: users_count 43 306
stats: finish_users_count 0 9
stats: request 23 59586.56678260869 385.50741094009464 60000.416 6.158 22757.718991071433 336
stats: connect 41 1.7377317073170733 1.0227310168842467 15.017 0.958 1.547293893129771 262
stats: 504 23 125
stats: page 6 119640.99433333334 242.05487106622604 119971.968 6.158 31572.063059829063 117
stats: 200 0 116
stats: size_rcv 1725 391571
stats: 502 0 26
stats: newphase 0 2
stats: size_sent 14259 261667
stats: connected 41 294
stats: 201 0 10
stats: 500 0 82
# stats: dump at 1669992727
stats: users 323 323
stats: {freemem,"tsung_controller@ip-172-31-54-152"} 1 652.4765625 0.0 669.15234375 652.4765625 662.79150390625 16
stats: {load,"tsung_controller@ip-172-31-54-152"} 1 0.0 0.0 0.078125 0.0 0.029052734375 16
stats: {cpu,"tsung_controller@ip-172-31-54-152"} 1 0.4 0.0 0.43821443510912916 0.10005002501250625 0.243037132650956 16
stats: session 1 143548.361 0.0 143548.361 7271.384 47189.335222222224 9
stats: users_count 27 333
stats: finish_users_count 1 10
stats: request 90 26732.485511111106 19581.943682908237 60001.356 6.158 25117.227345403902 359
stats: page 18 72916.5307222222 33398.27175421253 125380.507 6.158 35868.10848780488 123
stats: connect 30 1.4984 0.6812921350884167 15.017 0.958 1.5730627062706273 303
stats: 504 15 140
stats: 200 21 137
stats: size_rcv 52733 444304
stats: 502 0 26
stats: newphase 0 2
stats: size_sent 35580 297247
stats: connected 29 323
stats: 201 2 12
stats: 500 52 134
# stats: dump at 1669992737
stats: users 362 362
stats: {freemem,"tsung_controller@ip-172-31-54-152"} 1 648.20703125 0.0 669.15234375 648.20703125 662.1847426470588 17
stats: {load,"tsung_controller@ip-172-31-54-152"} 1 0.0 0.0 0.078125 0.0 0.02734375 17
stats: {cpu,"tsung_controller@ip-172-31-54-152"} 1 0.5497251374312844 0.0 0.5497251374312844 0.10005002501250625 0.25227024249501745 17
stats: session 4 119449.47350000001 16760.341840975958 143548.361 7271.384 56825.2378 10
stats: users_count 43 376
stats: finish_users_count 4 14
stats: request 202 32480.654257425747 19752.32604464888 60001.356 6.158 25440.998469933187 449
stats: connect 40 1.3739000000000001 0.34163004844421985 15.017 0.958 1.5663363363363367 333
stats: page 66 44827.985212121224 32795.959763711755 137855.565 6.158 40597.69430496454 141
stats: 504 17 157
stats: 200 31 168
stats: size_rcv 74130 518434
stats: 502 16 42
stats: newphase 0 2
stats: size_sent 72333 369580
stats: connected 36 359
stats: 201 1 13
stats: 500 137 271
# stats: dump at 1669992747
stats: users 423 423
stats: {freemem,"tsung_controller@ip-172-31-54-152"} 1 642.1640625 0.0 669.15234375 642.1640625 661.408203125 18
stats: {load,"tsung_controller@ip-172-31-54-152"} 1 0.0 0.0 0.078125 0.0 0.025824652777777776 18
stats: {cpu,"tsung_controller@ip-172-31-54-152"} 1 0.7007007007007007 0.0 0.7007007007007007 0.10005002501250625 0.26879551443592115 18
stats: session 3 163346.914 13616.052161407366 174085.747 7271.384 74717.87657142858 14
stats: users_count 64 440
stats: finish_users_count 3 17
stats: connect 65 1.5347230769230773 0.6784970609922697 15.017 0.958 1.5456997319034858 373
stats: 504 5 162
stats: request 242 18903.742293388423 13891.735924923521 60001.356 6.158 27625.34634869432 651
stats: page 88 54709.33722727271 29359.467772293956 137855.565 6.158 41946.482710144934 207
stats: 200 14 182
stats: size_rcv 77789 596223
stats: 502 55 97
stats: newphase 1 3
stats: size_sent 75591 445171
stats: connected 62 421
stats: 201 0 13
stats: 500 168 439
# stats: dump at 1669992757
stats: users 504 504
stats: {freemem,"tsung_controller@ip-172-31-54-152"} 1 638.41796875 0.0 669.15234375 638.41796875 660.395353618421 19
stats: {load,"tsung_controller@ip-172-31-54-152"} 1 0.0 0.0 0.078125 0.0 0.02446546052631579 19
stats: {cpu,"tsung_controller@ip-172-31-54-152"} 1 0.7511266900350526 0.0 0.7511266900350526 0.10005002501250625 0.29152736634459375 19
stats: session 5 175758.0158 11094.06695015771 190672.134 7271.384 90358.29494117647 17
stats: users_count 86 526
stats: finish_users_count 5 22
stats: request 301 9717.504421926906 7605.500458556928 60001.356 1.091 25261.82094960806 893
stats: connect 87 1.5447931034482758 1.5888023186565814 15.254 0.958 1.5440707762557082 438
stats: page 113 48820.05461946901 40188.104110871165 169216.106 5.734 45753.70710847458 295
stats: 504 34 196
stats: 200 51 233
stats: size_rcv 150645 746868
stats: 502 0 97
stats: newphase 0 3
stats: size_sent 127056 572227
stats: connected 82 503
stats: 201 4 17
stats: 500 212 651
# stats: dump at 1669992767
stats: users 571 571
stats: {freemem,"tsung_controller@ip-172-31-54-152"} 1 628.796875 0.0 669.15234375 628.796875 659.296484375 20
stats: {load,"tsung_controller@ip-172-31-54-152"} 1 0.0 0.0 0.078125 0.0 0.0232421875 20
stats: {cpu,"tsung_controller@ip-172-31-54-152"} 1 1.1494252873563218 0.0 1.1494252873563218 0.10005002501250625 0.31450733252911667 20
stats: session 3 134582.10199999998 20425.958762851693 190672.134 7271.384 109767.3224090909 22
stats: users_count 70 596
stats: finish_users_count 3 25
stats: connect 71 1.4835492957746483 0.6407992542049693 15.254 0.958 1.5441904761904768 525
stats: page 87 29348.2794597701 35065.18561272689 169216.106 5.734 46602.965120098044 408
stats: 504 97 293
stats: request 274 8143.416025547438 8520.592934201974 60001.356 1.091 21343.19509128978 1194
stats: 200 24 257
stats: size_rcv 295154 1042022
stats: 502 26 123
stats: newphase 0 3
stats: size_sent 97129 669356
stats: connected 68 571
stats: 201 1 18
stats: 500 126 777
# stats: dump at 1669992777
stats: users 650 650
stats: {freemem,"tsung_controller@ip-172-31-54-152"} 1 623.50390625 0.0 669.15234375 623.50390625 657.8441220238095 21
stats: {load,"tsung_controller@ip-172-31-54-152"} 1 0.0703125 0.0 0.078125 0.0 0.022135416666666668 21
stats: {cpu,"tsung_controller@ip-172-31-54-152"} 1 0.9995002498750625 0.0 1.1494252873563218 0.10005002501250625 0.35426533037803115 21
stats: session 3 59889.920333333335 15948.118602097347 190672.134 7271.384 112745.09595999999 25
stats: users_count 82 678
stats: finish_users_count 3 28
stats: request 153 6683.165522875817 8384.105007351638 60001.356 1.091 18879.476110354222 1468
stats: connect 82 1.5020365853658542 1.2325253615866063 15.254 0.958 1.5369664429530205 596
stats: page 38 22031.39028947369 28773.154706245758 169216.106 5.734 43570.323397979795 495
stats: 504 78 371
stats: 200 1 258
stats: size_rcv 27897 1069919
stats: 502 8 131
stats: newphase 0 3
stats: size_sent 65485 734841
stats: connected 79 650
stats: 201 0 18
stats: 500 66 843
# stats: dump at 1669992787
stats: users 723 723
stats: {freemem,"tsung_controller@ip-172-31-54-152"} 1 618.64453125 0.0 669.15234375 618.64453125 656.283203125 22
stats: {load,"tsung_controller@ip-172-31-54-152"} 1 0.05859375 0.0 0.078125 0.0 0.024325284090909092 22
stats: {cpu,"tsung_controller@ip-172-31-54-152"} 1 0.4506760140210316 0.0 1.1494252873563218 0.10005002501250625 0.3835941903551689 22
stats: session 3 139610.58866666668 37549.421091516015 190672.134 7271.384 107082.04142857142 28
stats: users_count 76 754
stats: finish_users_count 3 31
stats: page 59 29504.37298305085 26924.082179206347 169216.106 1.889 42034.714658536584 533
stats: 504 74 445
stats: 200 7 265
stats: connect 76 1.5268684210526315 0.8224562113140649 15.254 0.958 1.5327418879056052 678
stats: size_rcv 247212 1317131
stats: 502 48 179
stats: newphase 0 3
stats: size_sent 54955 789796
stats: connected 73 723
stats: 201 1 19
stats: 500 27 870
stats: request 157 11526.044171974509 14692.52807984757 60001.356 0.992 17728.31292720543 1621
# stats: dump at 1669992797
stats: users 793 796
stats: {freemem,"tsung_controller@ip-172-31-54-152"} 1 615.36328125 0.0 669.15234375 615.36328125 654.6467391304348 23
stats: {load,"tsung_controller@ip-172-31-54-152"} 1 0.05078125 0.0 0.078125 0.0 0.025815217391304348 23
stats: {cpu,"tsung_controller@ip-172-31-54-152"} 1 0.7492507492507493 0.0 1.1494252873563218 0.10005002501250625 0.3865107913841194 23
stats: session 9 121973.85288888888 58637.4905450806 226478.528 7271.384 110229.96535483871 31
stats: users_count 79 833
stats: finish_users_count 9 40
stats: request 319 22037.062589341695 24170.518618363396 60001.356 0.81 17180.643526434193 1778
stats: connect 79 1.5272911392405064 0.865145135287346 15.254 0.958 1.5321498673740055 754
stats: page 127 48595.695251968515 45729.08367392501 169216.106 1.584 40785.91371452703 592
stats: 504 167 612
stats: 200 17 282
stats: size_rcv 72594 1389725
stats: 502 57 236
stats: newphase 0 3
stats: size_sent 99278 889074
stats: connected 70 793
stats: 201 0 19
stats: 500 78 948
# stats: dump at 1669992807
stats: users 899 900
stats: {freemem,"tsung_controller@ip-172-31-54-152"} 1 613.66015625 0.0 669.15234375 613.66015625 653.0099283854166 24
stats: {load,"tsung_controller@ip-172-31-54-152"} 1 0.0390625 0.0 0.078125 0.0 0.02685546875 24
stats: {cpu,"tsung_controller@ip-172-31-54-152"} 1 0.9509509509509511 0.0 1.1494252873563218 0.10005002501250625 0.401624956295229 24
stats: session 15 87363.29406666665 49006.21535693354 226478.528 7271.384 112872.34005 40
stats: users_count 121 954
stats: finish_users_count 15 55
stats: connect 116 1.4161724137931029 0.6857990843290673 15.254 0.91 1.5316890756302524 833
stats: page 146 22341.300924657546 27870.875768272497 169216.106 1.15 42165.38833936022 719
stats: 504 64 676
stats: request 360 8580.886947222227 14638.738063298497 60001.356 0.736 17919.41209155937 2097
stats: 200 5 287
stats: size_rcv 97302 1487027
stats: 502 217 453
stats: newphase 1 4
stats: size_sent 92749 981823
stats: connected 103 896
stats: 201 0 19
stats: 500 74 1022
# stats: dump at 1669992817
stats: users 997 997
stats: {freemem,"tsung_controller@ip-172-31-54-152"} 1 606.5 0.0 669.15234375 606.5 651.4359375 25
stats: {load,"tsung_controller@ip-172-31-54-152"} 1 0.0390625 0.0 0.078125 0.0 0.02734375 25
stats: {cpu,"tsung_controller@ip-172-31-54-152"} 1 1.3965087281795512 0.0 1.3965087281795512 0.10005002501250625 0.4235979960814579 25
stats: session 49 74252.39487755102 65048.92762845857 226478.528 1603.632 105915.32750909092 55
stats: users_count 147 1101
stats: finish_users_count 49 104
stats: request 974 9263.863406570847 20198.241439212456 60001.356 0.732 16551.13001912902 2457
stats: 504 129 805
stats: connect 149 1.496389261744966 1.678181449066838 21.062 0.828 1.5175690200210747 949
stats: page 406 14584.335401477822 28815.28141511455 171556.895 0.812 38819.3574 865
stats: 408 1 1
stats: 200 16 303
stats: size_rcv 286706 1773733
stats: 502 781 1234
stats: newphase 0 4
stats: size_sent 231660 1213483
stats: connected 98 994
stats: error_connection_closed 1 1
stats: 201 0 19
stats: 500 47 1069
# stats: dump at 1669992827
stats: users 985 1028
stats: {freemem,"tsung_controller@ip-172-31-54-152"} 1 601.18359375 0.0 669.15234375 601.18359375 649.7076322115385 26
stats: {load,"tsung_controller@ip-172-31-54-152"} 1 0.1015625 0.0 0.1015625 0.0 0.027794471153846152 26
stats: {cpu,"tsung_controller@ip-172-31-54-152"} 1 2.690582959641256 0.0 2.690582959641256 0.10005002501250625 0.4610176396236922 26
stats: session 163 76594.20410429443 71258.16890248732 263840.647 1094.637 90997.21501923076 104
stats: users_count 151 1252
stats: finish_users_count 163 267
stats: request 1832 6410.883156659394 17175.67195095676 60001.356 0.732 14482.40437627514 3431
stats: connect 150 1.4089133333333332 0.6813093368572671 21.062 0.828 1.5146948998178507 1098
stats: page 872 13418.572241972484 25662.25525726595 171556.895 0.812 31077.87909047993 1271
stats: 504 136 941
stats: 408 0 1
stats: 200 19 322
stats: size_rcv 580614 2354347
stats: 502 1656 2890
stats: newphase 0 4
stats: size_sent 334562 1548045
stats: connected -7 987
stats: error_connection_closed 0 1
stats: 201 1 20
stats: 500 20 1089
# stats: dump at 1669992837
stats: users 888 1028
stats: {freemem,"tsung_controller@ip-172-31-54-152"} 1 595.484375 0.0 669.15234375 595.484375 647.9104456018518 27
stats: {load,"tsung_controller@ip-172-31-54-152"} 1 0.08984375 0.0 0.1015625 0.0 0.03052662037037037 27
stats: {cpu,"tsung_controller@ip-172-31-54-152"} 1 3.4345445495271276 0.0 3.4345445495271276 0.10005002501250625 0.5435941329576761 27
stats: session 255 68550.55810196075 62322.353226584426 264300.747 1094.637 82204.365659176 267
stats: users_count 158 1410
stats: finish_users_count 255 522
stats: page 958 10228.654301670145 22439.442104719445 171556.895 0.812 23892.197535697618 2143
stats: request 1834 5224.4828544165675 14797.634781197587 60001.356 0.732 11672.78498156945 5263
stats: 504 51 992
stats: 408 0 1
stats: 200 84 406
stats: size_rcv 643856 2998203
stats: 502 1624 4514
stats: newphase 0 4
stats: size_sent 347338 1895383
stats: connected -95 892
stats: error_connection_closed 0 1
stats: 201 1 21
stats: 500 74 1163
stats: connect 157 1.3838726114649682 0.7800582840065992 21.062 0.828 1.5019807692307692 1248
# stats: dump at 1669992847
stats: users 768 1028
stats: {freemem,"tsung_controller@ip-172-31-54-152"} 1 589.22265625 0.0 669.15234375 589.22265625 646.0380859375 28
stats: {load,"tsung_controller@ip-172-31-54-152"} 1 0.0703125 0.0 0.1015625 0.0 0.03264508928571429 28
stats: {cpu,"tsung_controller@ip-172-31-54-152"} 1 3.6536536536536537 0.0 3.6536536536536537 0.10005002501250625 0.6468423621208708 28
stats: session 272 63242.037389705874 50948.490393482105 264300.747 1071.52 75534.40219731798 522
stats: users_count 152 1562
stats: finish_users_count 272 794
stats: request 2029 4999.7132824051205 10994.813726628592 60001.356 0.732 10006.420869804142 7097
stats: connect 153 1.515222222222223 0.852468757959506 21.062 0.828 1.488782918149466 1405
stats: page 1071 13792.507014005596 25184.97603296267 171556.895 0.812 19671.083566591424 3101
stats: 504 19 1011
stats: 408 0 1
stats: 200 102 508
stats: size_rcv 738983 3737186
stats: 502 1774 6288
stats: newphase 0 4
stats: size_sent 405656 2301039
stats: connected -118 774
stats: error_connection_closed 0 1
stats: 201 1 22
stats: 500 133 1296
# stats: dump at 1669992857
stats: users 722 1028
stats: {freemem,"tsung_controller@ip-172-31-54-152"} 1 586.625 0.0 669.15234375 586.625 644.0789331896551 29
stats: {load,"tsung_controller@ip-172-31-54-152"} 1 0.05859375 0.0 0.1015625 0.0 0.03394396551724138 29
stats: {cpu,"tsung_controller@ip-172-31-54-152"} 1 3.6090225563909777 0.0 3.6536536536536537 0.10005002501250625 0.7505255101047598 29
stats: session 209 74999.46752631578 64907.91763443481 295316.172 1071.52 71323.41576448361 794
stats: users_count 163 1725
stats: finish_users_count 209 1003
stats: request 1308 8989.10777599388 17962.982368695295 60001.806 0.732 8893.270563554677 9126
stats: connect 160 1.4244187500000005 0.8396714496744767 21.062 0.828 1.4913793324775353 1558
stats: page 671 14374.294661698954 28266.74752220722 225614.963 0.812 18161.985894534995 4172
stats: 504 109 1120
stats: 408 0 1
stats: 200 132 640
stats: size_rcv 736552 4473738
stats: 502 952 7240
stats: newphase 0 4
stats: size_sent 304294 2605333
stats: connected -50 724
stats: error_connection_closed 0 1
stats: 201 0 22
stats: 500 115 1411
# stats: dump at 1669992867
stats: users 754 1028
stats: {freemem,"tsung_controller@ip-172-31-54-152"} 1 586.578125 0.0 669.15234375 586.578125 642.1638020833333 30
stats: {load,"tsung_controller@ip-172-31-54-152"} 1 0.05078125 0.0 0.1015625 0.0 0.034765625 30
stats: {cpu,"tsung_controller@ip-172-31-54-152"} 1 3.1936127744510974 0.0 3.6536536536536537 0.10005002501250625 0.8458087449809671 30
stats: session 194 66867.28308247424 58249.12277761282 295316.172 1071.52 72089.4125922233 1003
stats: users_count 226 1951
stats: finish_users_count 194 1197
stats: request 1691 3483.9180230632696 8682.958207713285 60001.806 0.732 8905.284659191106 10434
stats: connect 224 1.3928839285714285 0.5450042798903986 21.062 0.828 1.4851431897555298 1718
stats: page 807 9403.849693928147 20360.954074110086 225614.963 0.812 17637.199436299812 4843
stats: 504 20 1140
stats: 408 0 1
stats: 200 116 756
stats: size_rcv 678873 5152611
stats: 502 1386 8626
stats: newphase 1 5
stats: size_sent 369993 2975326
stats: connected 25 749
stats: error_connection_closed 0 1
stats: 201 1 23
stats: 500 168 1579
# stats: dump at 1669992877
stats: users 795 1028
stats: {freemem,"tsung_controller@ip-172-31-54-152"} 1 587.69921875 0.0 669.15234375 586.578125 640.3707157258065 31
stats: {load,"tsung_controller@ip-172-31-54-152"} 1 0.0390625 0.0 0.1015625 0.0 0.03528225806451613 31
stats: {cpu,"tsung_controller@ip-172-31-54-152"} 1 4.570293094883259 0.0 4.570293094883259 0.10005002501250625 0.9215443588348423 31
stats: session 252 48459.04971031747 57175.90633202756 305596.07 1071.52 71243.05242105262 1197
stats: users_count 293 2244
stats: finish_users_count 252 1449
stats: connect 296 1.4058310810810808 0.7969116010228341 21.062 0.816 1.474501544799176 1942
stats: page 1107 5584.3593206865535 17519.139158793816 225614.963 0.812 16461.214791681417 5650
stats: 504 1 1141
stats: 408 0 1
stats: 200 85 841
stats: size_rcv 1416884 6569495
stats: 502 2015 10641
stats: newphase 0 5
stats: size_sent 471516 3446842
stats: connected 47 796
stats: error_connection_closed 0 1
stats: 201 5 28
stats: 500 144 1723
stats: request 2250 2099.3425702222175 6252.769677154963 60001.806 0.732 8149.199629773195 12125
# stats: dump at 1669992887
stats: users 897 1028
stats: {freemem,"tsung_controller@ip-172-31-54-152"} 1 585.7578125 0.0 669.15234375 585.7578125 638.7247314453125 32
stats: {load,"tsung_controller@ip-172-31-54-152"} 1 0.0390625 0.0 0.1015625 0.0 0.035400390625 32
stats: {cpu,"tsung_controller@ip-172-31-54-152"} 1 5.022376926902039 0.0 5.022376926902039 0.10005002501250625 1.0355677568363553 32
stats: session 240 38155.592933333326 46483.823728342984 305596.07 1071.52 67280.61716701172 1449
stats: users_count 342 2586
stats: finish_users_count 240 1689
stats: request 2338 2007.6723887938397 6083.160352883842 60001.806 0.732 7202.265481321738 14375
stats: connect 337 1.2788338278931783 0.43422726035236614 21.062 0.816 1.4654191242180516 2238
stats: page 1141 4674.641577563542 12605.60696620204 225614.963 0.812 14679.258449163835 6757
stats: 504 0 1141
stats: 408 0 1
stats: 200 58 899
stats: size_rcv 798277 7367772
stats: 502 2163 12804
stats: newphase 0 5
stats: size_sent 443858 3890700
stats: connected 93 889
stats: error_connection_closed 0 1
stats: 201 1 29
stats: 500 116 1839
# stats: dump at 1669992897
stats: users 814 1028
stats: {freemem,"tsung_controller@ip-172-31-54-152"} 1 582.60546875 0.0 669.15234375 582.60546875 637.1196732954545 33
stats: {load,"tsung_controller@ip-172-31-54-152"} 1 0.1015625 0.0 0.1015625 0.0 0.03551136363636364 33
stats: {cpu,"tsung_controller@ip-172-31-54-152"} 1 5.538922155688622 0.0 5.538922155688622 0.10005002501250625 1.1563801559292548 33
stats: session 425 29912.917799999985 37821.96313900096 305596.07 680.911 63142.07020663112 1689
stats: users_count 342 2928
stats: finish_users_count 425 2114
stats: request 3388 1565.9124548406116 5584.82352804213 60001.806 0.732 6475.588125351522 16713
stats: 504 0 1141
stats: connect 343 1.4093032069970852 0.7239528206251928 21.062 0.816 1.4410000000000003 2575
stats: page 1730 3786.4246976878676 11413.150157307116 225614.963 0.812 13233.921927196763 7898
stats: 408 0 1
stats: 200 66 965
stats: size_rcv 4002496 11370268
stats: 502 3160 15964
stats: newphase 0 5
stats: size_sent 620424 4511124
stats: connected -79 810
stats: error_connection_closed 0 1
stats: 201 0 29
stats: 500 162 2001
# stats: dump at 1669992907
stats: users 698 1028
stats: {freemem,"tsung_controller@ip-172-31-54-152"} 1 578.5390625 0.0 669.15234375 578.5390625 635.5163143382352 34
stats: {load,"tsung_controller@ip-172-31-54-152"} 1 0.23828125 0.0 0.23828125 0.0 0.03745404411764706 34
stats: {cpu,"tsung_controller@ip-172-31-54-152"} 1 6.103051525762881 0.0 6.103051525762881 0.10005002501250625 1.2852784500398244 34
stats: session 422 24156.62422274883 27964.01361010885 305596.07 680.911 56461.6587719962 2114
stats: users_count 306 3234
stats: finish_users_count 422 2536
stats: connect 310 1.7277193548387095 1.7344804768183757 21.062 0.816 1.437274160383825 2918
stats: page 1472 1889.5375869565219 7267.721385453058 225614.963 0.812 11536.355432904036 9628
stats: 504 3 1144
stats: request 2773 986.334904435632 4554.038602967296 60001.806 0.732 5648.06804318193 20101
stats: 408 0 1
stats: 200 109 1074
stats: size_rcv 992984 12363252
stats: 502 2561 18525
stats: newphase 0 5
stats: size_sent 549202 5060326
stats: connected -108 702
stats: error_connection_closed 0 1
stats: 201 0 29
stats: 500 100 2101
# stats: dump at 1669992917
stats: users 818 1028
stats: {freemem,"tsung_controller@ip-172-31-54-152"} 1 584.19140625 0.0 669.15234375 578.5390625 633.8883928571429 35
stats: {load,"tsung_controller@ip-172-31-54-152"} 1 0.26953125 0.0 0.26953125 0.0 0.043191964285714285 35
stats: {cpu,"tsung_controller@ip-172-31-54-152"} 1 5.6958890539871225 0.0 6.103051525762881 0.10005002501250625 1.4229291093461975 35
stats: session 190 19671.35651578944 24914.035399062803 305596.07 680.911 51085.97873264983 2536
stats: users_count 310 3544
stats: finish_users_count 190 2726
stats: connect 302 1.3035397350993385 0.47596677155702805 21.062 0.816 1.4651669764560102 3228
stats: 504 14 1158
stats: request 1589 1267.2960421648816 6441.284637508831 60001.806 0.732 5082.929195855556 22874
stats: page 787 2491.1820775095252 10161.896546529284 225614.963 0.812 10257.065714954959 11100
stats: 408 0 1
stats: 200 35 1109
stats: size_rcv 523853 12887105
stats: 502 1496 20021
stats: newphase 0 5
stats: size_sent 340157 5400483
stats: connected 102 804
stats: error_connection_closed 0 1
stats: 201 0 29
stats: 500 44 2145
# stats: dump at 1669992927
stats: users 1072 1074
stats: {freemem,"tsung_controller@ip-172-31-54-152"} 1 584.3046875 0.0 669.15234375 578.5390625 632.5079210069445 36
stats: {load,"tsung_controller@ip-172-31-54-152"} 1 0.23046875 0.0 0.26953125 0.0 0.049479166666666664 36
stats: {cpu,"tsung_controller@ip-172-31-54-152"} 1 4.341317365269461 0.0 6.103051525762881 0.10005002501250625 1.5416224411417787 36
stats: session 227 29054.401995594704 27918.772943304924 305596.07 680.911 48896.40491709464 2726
stats: users_count 481 4025
stats: finish_users_count 227 2953
stats: connect 477 1.4386855345911955 0.7605772479953039 21.062 0.701 1.4513393767705385 3530
stats: page 958 5223.62927661795 11338.85585751733 225614.963 0.812 9742.911561453693 11887
stats: 504 12 1170
stats: request 2116 3062.4034588846903 7651.031461518271 60001.806 0.732 4835.083834239463 24463
stats: 408 0 1
stats: 200 214 1323
stats: size_rcv 902303 13789408
stats: 502 1716 21737
stats: newphase 1 6
stats: size_sent 488687 5889170
stats: connected 255 1059
stats: error_connection_closed 0 1
stats: 201 2 31
stats: 500 173 2318
# stats: dump at 1669992937
stats: users 1389 1404
stats: {freemem,"tsung_controller@ip-172-31-54-152"} 1 582.85546875 0.0 669.15234375 578.5390625 631.2051309121622 37
stats: {load,"tsung_controller@ip-172-31-54-152"} 1 0.19140625 0.0 0.26953125 0.0 0.05437077702702703 37
stats: {cpu,"tsung_controller@ip-172-31-54-152"} 1 7.343518974864466 0.0 7.343518974864466 0.10005002501250625 1.617289871523608 37
stats: session 343 27641.411055393593 34303.752785807745 305596.07 680.911 47371.130733829996 2953
stats: users_count 660 4685
stats: finish_users_count 343 3296
stats: request 4457 2622.3734478348592 10034.450861217583 60001.806 0.732 4693.957694269912 26579
stats: connect 656 1.3942865853658548 0.8091686452942708 21.062 0.701 1.449833042176192 4007
stats: page 2030 6178.433493103442 17616.740011583555 225614.963 0.812 9405.856487193465 12845
stats: 504 122 1292
stats: 408 0 1
stats: 200 38 1361
stats: size_rcv 1602717 15392125
stats: 502 4142 25879
stats: newphase 0 6
stats: size_sent 830471 6719641
stats: connected 322 1381
stats: error_connection_closed 0 1
stats: 201 2 33
stats: 500 152 2470
# stats: dump at 1669992947
stats: users 1269 1404
stats: {freemem,"tsung_controller@ip-172-31-54-152"} 1 571.22265625 0.0 669.15234375 571.22265625 629.932771381579 38
stats: {load,"tsung_controller@ip-172-31-54-152"} 1 0.16015625 0.0 0.26953125 0.0 0.05797697368421053 38
stats: {cpu,"tsung_controller@ip-172-31-54-152"} 1 10.174563591022444 0.0 10.174563591022444 0.10005002501250625 1.7679801110852094 38
stats: session 732 21508.62459972677 28531.927663153965 305596.07 438.386 45317.94692020631 3296
stats: users_count 612 5297
stats: finish_users_count 732 4028
stats: connect 622 1.3404131832797428 0.7350862832001633 21.062 0.701 1.4420186575166207 4663
stats: page 2947 1139.0594228028544 7463.015343510685 225614.963 0.812 8965.408172705886 14875
stats: request 5832 482.41878669410215 4632.3392688344675 60001.806 0.732 4396.46281779224 31036
stats: 504 33 1325
stats: 408 0 1
stats: 200 0 1361
stats: size_rcv 1822202 17214327
stats: 502 5780 31659
stats: newphase 0 6
stats: size_sent 1016489 7736130
stats: connected -114 1267
stats: error_connection_closed 0 1
stats: 201 0 33
stats: 500 19 2489
# stats: dump at 1669992957
stats: users 1290 1404
stats: {freemem,"tsung_controller@ip-172-31-54-152"} 1 569.26171875 0.0 669.15234375 569.26171875 628.4273838141025 39
stats: {load,"tsung_controller@ip-172-31-54-152"} 1 0.140625 0.0 0.26953125 0.0 0.06059695512820513 39
stats: {cpu,"tsung_controller@ip-172-31-54-152"} 1 12.82051282051282 0.0 12.82051282051282 0.10005002501250625 1.9835335336477027 39
stats: session 568 14901.475985915495 20071.23754341368 305596.07 438.386 40991.1286633565 4028
stats: users_count 589 5886
stats: finish_users_count 568 4596
stats: request 4516 448.4439260407441 3622.156265391791 60001.806 0.732 3777.316002414016 36868
stats: 504 7 1332
stats: connect 591 1.3131353637901846 0.6544766514249388 21.062 0.701 1.4300605487228009 5285
stats: page 2269 986.0195486998674 6339.909603337585 225614.963 0.812 7671.263308719563 17822
stats: 408 0 1
stats: 200 21 1382
stats: size_rcv 1439832 18654159
stats: 502 4483 36142
stats: newphase 0 6
stats: size_sent 798615 8534745
stats: connected 18 1285
stats: error_connection_closed 0 1
stats: 201 0 33
stats: 500 5 2494
# stats: dump at 1669992967
stats: users 1280 1404
stats: {freemem,"tsung_controller@ip-172-31-54-152"} 1 568.1953125 0.0 669.15234375 568.1953125 626.9482421875 40
stats: {load,"tsung_controller@ip-172-31-54-152"} 1 0.12109375 0.0 0.26953125 0.0 0.06259765625 40
stats: {cpu,"tsung_controller@ip-172-31-54-152"} 1 10.968379446640316 0.0 12.82051282051282 0.10005002501250625 2.2544580158193304 40
stats: session 627 16424.649172248817 18800.242139792637 305596.07 135.074 37766.819977371626 4596
stats: users_count 617 6503
stats: finish_users_count 627 5223
stats: request 4987 1164.5958728694604 6066.000259854572 60001.806 0.732 3414.0551697999217 41384
stats: connect 619 1.6398820678513724 1.477616054934845 21.062 0.701 1.418300374404357 5876
stats: page 2476 2137.22077907916 8553.099741019634 225614.963 0.812 6916.257679757108 20091
stats: 504 0 1332
stats: 408 0 1
stats: 200 72 1454
stats: size_rcv 1835425 20489584
stats: 502 4806 40948
stats: newphase 0 6
stats: size_sent 885814 9420559
stats: connected -4 1281
stats: error_connection_closed 0 1
stats: 201 0 33
stats: 500 109 2603
# stats: dump at 1669992977
stats: users 1413 1423
stats: {freemem,"tsung_controller@ip-172-31-54-152"} 1 567.94921875 0.0 669.15234375 567.94921875 625.515243902439 41
stats: {load,"tsung_controller@ip-172-31-54-152"} 1 0.25 0.0 0.26953125 0.0 0.06402439024390244 41
stats: {cpu,"tsung_controller@ip-172-31-54-152"} 1 10.413552566018934 0.0 12.82051282051282 0.10005002501250625 2.4669926848637447 41
stats: session 480 14652.373812500005 15365.805382893115 305596.07 135.074 35204.778795136895 5223
stats: users_count 613 7116
stats: finish_users_count 480 5703
stats: connect 613 1.3477944535073412 0.7136120880680019 21.062 0.701 1.439418013856813 6495
stats: page 1993 2453.663623181139 10571.295541933208 225614.963 0.81 6391.912602162452 22567
stats: request 4124 1470.2580252182331 7827.728476367651 60001.806 0.732 3172.135575359599 46371
stats: 504 27 1359
stats: 408 0 1
stats: 200 42 1496
stats: size_rcv 1542035 22031619
stats: 502 3964 44912
stats: newphase 0 6
stats: size_sent 795312 10215871
stats: connected 131 1412
stats: error_connection_closed 0 1
stats: 201 1 34
stats: 500 90 2693
# stats: dump at 1669992987
stats: users 1075 1523
stats: {freemem,"tsung_controller@ip-172-31-54-152"} 1 566.83203125 0.0 669.15234375 566.83203125 624.1446242559524 42
stats: {load,"tsung_controller@ip-172-31-54-152"} 1 0.359375 0.0 0.359375 0.0 0.06845238095238096 42
stats: {cpu,"tsung_controller@ip-172-31-54-152"} 1 9.213820731096645 0.0 12.82051282051282 0.10005002501250625 2.656196491557916 42
stats: session 661 27412.33638426626 29000.572525683332 305596.07 135.074 33474.96038523584 5703
stats: users_count 323 7439
stats: finish_users_count 661 6364
stats: connect 332 1.3397590361445781 0.725762591710803 21.062 0.701 1.4315163196398426 7108
stats: page 2725 8057.799538715584 18466.43821535138 225614.963 0.81 6072.330753013031 24560
stats: request 5338 3911.0021054702165 12491.545563577665 60001.806 0.732 3033.1407636597673 50495
stats: 504 160 1519
stats: 408 0 1
stats: 200 89 1585
stats: size_rcv 1740498 23772117
stats: 502 4959 49871
stats: newphase 0 6
stats: size_sent 880256 11096127
stats: connected -323 1089
stats: error_connection_closed 0 1
stats: 201 0 34
stats: 500 130 2823
# stats: dump at 1669992997
stats: users 625 1523
stats: {freemem,"tsung_controller@ip-172-31-54-152"} 1 560.453125 0.0 669.15234375 560.453125 622.8117732558139 43
stats: {load,"tsung_controller@ip-172-31-54-152"} 1 0.30859375 0.0 0.359375 0.0 0.07521802325581396 43
stats: {cpu,"tsung_controller@ip-172-31-54-152"} 1 8.789552988448015 0.0 12.82051282051282 0.10005002501250625 2.808699380849515 43
stats: session 450 38176.50706444446 30782.883420011025 305596.07 135.074 32845.26295207417 6364
stats: users_count 0 7439
stats: finish_users_count 450 6814
stats: request 1534 8632.422436766623 15375.18928134001 60001.806 0.732 3117.070049970447 55833
stats: connect 0 0 0 21.062 0.701 1.4274217741935484 7440
stats: page 1043 9921.907445829338 18686.591221986422 225614.963 0.81 6270.622944365037 27285
stats: 504 31 1550
stats: 408 0 1
stats: 200 471 2056
stats: size_rcv 986088 24758205
stats: 502 818 50689
stats: newphase 0 6
stats: size_sent 389610 11485737
stats: connected -459 630
stats: error_connection_closed 0 1
stats: 201 2 36
stats: 500 212 3035
# stats: dump at 1669993007
stats: users 382 1523
stats: {freemem,"tsung_controller@ip-172-31-54-152"} 1 564.140625 0.0 669.15234375 560.453125 621.39453125 44
stats: {load,"tsung_controller@ip-172-31-54-152"} 1 0.26171875 0.0 0.359375 0.0 0.08052201704545456 44
stats: {cpu,"tsung_controller@ip-172-31-54-152"} 1 3.0439121756487024 0.0 12.82051282051282 0.10005002501250625 2.944627871931299 44
stats: session 243 49271.77418518521 30232.53486435777 305596.07 135.074 33197.341004696216 6814
stats: users_count 0 7439
stats: finish_users_count 243 7057
stats: connect 0 0 0 21.062 0.701 1.4274217741935484 7440
stats: page 380 10868.908602631564 17356.234402606944 225614.963 0.81 6405.058475818979 28328
stats: 504 1 1551
stats: request 587 6772.653856899495 4332.485056409697 60001.806 0.732 3264.5511900221377 57367
stats: 408 0 1
stats: 200 335 2391
stats: size_rcv 758557 25516762
stats: 502 26 50715
stats: newphase 0 6
stats: size_sent 223085 11708822
stats: connected -248 382
stats: error_connection_closed 0 1
stats: 201 6 42
stats: 500 220 3255
# stats: dump at 1669993017
stats: users 353 1523
stats: {freemem,"tsung_controller@ip-172-31-54-152"} 1 602.56640625 0.0 669.15234375 560.453125 620.1222222222223 45
stats: {load,"tsung_controller@ip-172-31-54-152"} 1 0.21875 0.0 0.359375 0.0 0.08454861111111112 45
stats: {cpu,"tsung_controller@ip-172-31-54-152"} 1 1.7500000000000002 0.0 12.82051282051282 0.10005002501250625 2.9468341897916854 45
stats: session 29 63043.89996551722 23942.968484526373 305596.07 135.074 33750.846355816924 7057
stats: users_count 0 7439
stats: finish_users_count 29 7086
stats: connect 0 0 0 21.062 0.701 1.4274217741935484 7440
stats: page 100 20197.05207 26426.553019901152 225614.963 0.81 6464.145247735823 28708
stats: 504 2 1553
stats: request 241 7819.715634854776 7846.874084372138 60001.806 0.732 3300.083789419194 57954
stats: 408 0 1
stats: 200 78 2469
stats: size_rcv 401418 25918180
stats: 502 0 50715
stats: newphase 0 6
stats: size_sent 100859 11809681
stats: connected -29 353
stats: error_connection_closed 0 1
stats: 201 15 57
stats: 500 146 3401
# stats: dump at 1669993027
stats: users 317 1523
stats: {freemem,"tsung_controller@ip-172-31-54-152"} 1 607.60546875 0.0 669.15234375 560.453125 619.740574048913 46
stats: {load,"tsung_controller@ip-172-31-54-152"} 1 0.1796875 0.0 0.359375 0.0 0.08746603260869565 46
stats: {cpu,"tsung_controller@ip-172-31-54-152"} 1 0.8986520219670495 0.0 12.82051282051282 0.10005002501250625 2.920816055230997 46
stats: session 36 61854.423277777765 22710.77407597107 305596.07 135.074 33870.73043070845 7086
stats: users_count 0 7439
stats: finish_users_count 36 7122
stats: request 212 6035.414188679246 11498.609576536357 60001.806 0.732 3318.8007114013226 58195
stats: connect 0 0 0 21.062 0.701 1.4274217741935484 7440
stats: page 139 18447.37770503598 24460.551570635864 225614.963 0.81 6511.815710184671 28808
stats: 504 8 1561
stats: 408 0 1
stats: 200 115 2584
stats: size_rcv 301226 26219406
stats: 502 0 50715
stats: newphase 0 6
stats: size_sent 113198 11922879
stats: connected -36 317
stats: error_connection_closed 0 1
stats: 201 19 76
stats: 500 70 3471
# stats: dump at 1669993037
stats: users 301 1523
stats: {freemem,"tsung_controller@ip-172-31-54-152"} 1 608.203125 0.0 669.15234375 560.453125 619.4823803191489 47
stats: {load,"tsung_controller@ip-172-31-54-152"} 1 0.16015625 0.0 0.359375 0.0 0.08942819148936171 47
stats: {cpu,"tsung_controller@ip-172-31-54-152"} 1 0.6506506506506506 0.0 12.82051282051282 0.10005002501250625 2.8777912885658066 47
stats: session 16 85952.47418749997 26549.242805874856 305596.07 135.074 34012.18127913509 7122
stats: users_count 0 7439
stats: finish_users_count 16 7138
stats: request 67 33782.89443283582 12041.855323604508 60001.806 0.732 3328.661208553769 58407
stats: connect 0 0 0 21.062 0.701 1.4274217741935484 7440
stats: page 35 40080.04639999999 26777.693679662134 225614.963 0.81 6569.128838221577 28947
stats: 504 0 1561
stats: 408 0 1
stats: 200 16 2600
stats: size_rcv 33894 26253300
stats: 502 27 50742
stats: newphase 0 6
stats: size_sent 18681 11941560
stats: connected -16 301
stats: error_connection_closed 0 1
stats: 201 0 76
stats: 500 25 3496
# stats: dump at 1669993047
stats: users 163 1523
stats: {freemem,"tsung_controller@ip-172-31-54-152"} 1 610.93359375 0.0 669.15234375 560.453125 619.2473958333333 48
stats: {load,"tsung_controller@ip-172-31-54-152"} 1 0.12890625 0.0 0.359375 0.0 0.09090169270833333 48
stats: {cpu,"tsung_controller@ip-172-31-54-152"} 1 0.49975012493753124 0.0 12.82051282051282 0.10005002501250625 2.8313925252759073 48
stats: session 138 89010.28178260871 24581.192118097846 305596.07 135.074 34128.6067045391 7138
stats: users_count 0 7439
stats: finish_users_count 138 7276
stats: request 584 7915.58984417808 13790.021198708146 60001.806 0.732 3363.5559245989666 58474
stats: connect 0 0 0 21.062 0.701 1.4274217741935484 7440
stats: page 421 20002.063135391916 27558.77298133765 225614.963 0.81 6609.598167966324 28982
stats: 504 1 1562
stats: 408 0 1
stats: 200 411 3011
stats: size_rcv 1449133 27702433
stats: 502 54 50796
stats: newphase 0 6
stats: size_sent 263803 12205363
stats: connected -131 170
stats: error_connection_closed 0 1
stats: 201 77 153
stats: 500 40 3536
# stats: dump at 1669993057
stats: users 101 1523
stats: {freemem,"tsung_controller@ip-172-31-54-152"} 1 607.953125 0.0 669.15234375 560.453125 619.0777264030612 49
stats: {load,"tsung_controller@ip-172-31-54-152"} 1 0.109375 0.0 0.359375 0.0 0.09167729591836735 49
stats: {cpu,"tsung_controller@ip-172-31-54-152"} 1 1.945137157107232 0.0 12.82051282051282 0.10005002501250625 2.7838079864934913 49
stats: session 62 95749.72399999999 22729.794742427486 305596.07 135.074 35169.51807902696 7276
stats: users_count 0 7439
stats: finish_users_count 62 7338
stats: request 128 3280.4191015624992 13519.696187140977 60001.806 0.732 3408.569094855904 59058
stats: page 108 4599.01519444444 17753.23033448047 225614.963 0.81 6801.355055062408 29403
stats: connect 0 0 0 21.062 0.701 1.4274217741935484 7440
stats: 504 7 1569
stats: 408 0 1
stats: 200 114 3125
stats: size_rcv 238041 27940474
stats: 502 0 50796
stats: newphase 0 6
stats: size_sent 93963 12299326
stats: connected -66 104
stats: error_connection_closed 0 1
stats: 201 7 160
stats: 500 0 3536
# stats: dump at 1669993067
stats: users 68 1523
stats: {freemem,"tsung_controller@ip-172-31-54-152"} 1 627.62890625 0.0 669.15234375 560.453125 618.855234375 50
stats: {load,"tsung_controller@ip-172-31-54-152"} 1 0.08984375 0.0 0.359375 0.0 0.09203125 50
stats: {cpu,"tsung_controller@ip-172-31-54-152"} 1 0.3508771929824561 0.0 12.82051282051282 0.10005002501250625 2.7670345699057664 50
stats: session 33 116021.75721212123 28837.05207245718 305596.07 135.074 35681.3704593895 7338
stats: users_count 0 7439
stats: finish_users_count 33 7371
stats: connect 0 0 0 21.062 0.701 1.4274217741935484 7440
stats: page 96 34670.22982291665 40220.35042388134 225614.963 0.81 6793.2952568533765 29511
stats: 504 47 1616
stats: request 154 18204.739077922066 27337.357091851176 60001.806 0.732 3408.291948247896 59186
stats: 408 0 1
stats: 200 87 3212
stats: size_rcv 336778 28277252
stats: 502 0 50796
stats: newphase 0 6
stats: size_sent 66444 12365770
stats: connected -32 72
stats: error_connection_closed 0 1
stats: 201 20 180
stats: 500 0 3536
# stats: dump at 1669993077
stats: users 35 1523
stats: {freemem,"tsung_controller@ip-172-31-54-152"} 1 627.4453125 0.0 669.15234375 560.453125 619.0272671568628 51
stats: {load,"tsung_controller@ip-172-31-54-152"} 1 0.078125 0.0 0.359375 0.0 0.09198835784313726 51
stats: {cpu,"tsung_controller@ip-172-31-54-152"} 1 0.501002004008016 0.0 12.82051282051282 0.10005002501250625 2.719658935064133 51
stats: session 33 117526.72290909088 20625.189804866637 305596.07 135.074 36041.05473056575 7371
stats: users_count 0 7439
stats: finish_users_count 33 7404
stats: request 97 15398.934061855669 26064.471761728193 62805.258 0.732 3446.6918952982805 59340
stats: page 80 21975.406487500008 34176.59733520011 225614.963 0.81 6883.685560441787 29607
stats: 504 24 1640
stats: 408 0 1
stats: 200 66 3278
stats: size_rcv 172712 28449964
stats: 502 0 50796
stats: newphase 0 6
stats: size_sent 48278 12414048
stats: connected -36 36
stats: error_connection_closed 0 1
stats: 201 6 186
stats: 500 0 3536
stats: connect 0 0 0 21.062 0.701 1.4274217741935484 7440
# stats: dump at 1669993087
stats: users 13 1523
stats: {freemem,"tsung_controller@ip-172-31-54-152"} 1 629.640625 0.0 669.15234375 560.453125 619.1891526442307 52
stats: {load,"tsung_controller@ip-172-31-54-152"} 1 0.0703125 0.0 0.359375 0.0 0.0917217548076923 52
stats: {cpu,"tsung_controller@ip-172-31-54-152"} 1 0.35000000000000003 0.0 12.82051282051282 0.10005002501250625 2.6769924556207463 52
stats: session 22 120760.37668181818 25524.246510870915 305596.07 135.074 36404.240447730976 7404
stats: users_count 0 7439
stats: finish_users_count 22 7426
stats: request 46 15552.82423913043 26155.828360673037 62805.258 0.732 3466.19771642243 59437
stats: connect 0 0 0 21.062 0.701 1.4274217741935484 7440
stats: page 46 20722.76460869566 33563.98984565018 225614.963 0.81 6924.354461784618 29687
stats: 504 12 1652
stats: 408 0 1
stats: 200 34 3312
stats: size_rcv 67565 28517529
stats: 502 0 50796
stats: newphase 0 6
stats: size_sent 24154 12438202
stats: connected -22 14
stats: error_connection_closed 0 1
stats: 201 0 186
stats: 500 0 3536
# stats: dump at 1669993097
stats: users 6 1523
stats: {freemem,"tsung_controller@ip-172-31-54-152"} 1 661.02734375 0.0 669.15234375 560.453125 619.386350235849 53
stats: {load,"tsung_controller@ip-172-31-54-152"} 1 0.05859375 0.0 0.359375 0.0 0.09131780660377359 53
stats: {cpu,"tsung_controller@ip-172-31-54-152"} 1 0.24987506246876562 0.0 12.82051282051282 0.10005002501250625 2.633086937590166 53
stats: session 7 136832.85057142857 24908.228145526118 305596.07 135.074 36654.150897118256 7426
stats: users_count 0 7439
stats: finish_users_count 7 7433
stats: request 14 17002.779214285714 26776.190642265738 62805.258 0.732 3475.544669670325 59483
stats: connect 0 0 0 21.062 0.701 1.4274217741935484 7440
stats: 504 4 1656
stats: 408 0 1
stats: 200 9 3321
stats: size_rcv 29002 28546531
stats: 502 0 50796
stats: newphase 0 6
stats: size_sent 6806 12445008
stats: connected -8 6
stats: error_connection_closed 0 1
stats: 201 1 187
stats: 500 0 3536
stats: page 11 30134.969272727274 42333.91915572377 225614.963 0.81 6945.702017253556 29733
# stats: dump at 1669993107
stats: users 5 1523
stats: {freemem,"tsung_controller@ip-172-31-54-152"} 1 661.82421875 0.0 669.15234375 560.453125 620.1574797453703 54
stats: {load,"tsung_controller@ip-172-31-54-152"} 1 0.05078125 0.0 0.359375 0.0 0.09071180555555555 54
stats: {cpu,"tsung_controller@ip-172-31-54-152"} 1 0.050050050050050046 0.0 12.82051282051282 0.050050050050050046 2.5889533843471773 54
stats: session 1 139720.878 0.0 305596.07 135.074 36748.49381353426 7433
stats: users_count 0 7439
stats: finish_users_count 1 7434
stats: request 3 7.3566666666666665 0.9138250501174836 62805.258 0.732 3478.7277088760775 59497
stats: page 3 7.3566666666666665 0.9138250501174836 225614.963 0.81 6954.277929700106 29744
stats: connect 0 0 0 21.062 0.701 1.4274217741935484 7440
stats: 504 0 1656
stats: 408 0 1
stats: 200 3 3324
stats: size_rcv 5517 28552048
stats: 502 0 50796
stats: newphase 0 6
stats: size_sent 3160 12448168
stats: connected -1 5
stats: error_connection_closed 0 1
stats: 201 0 187
stats: 500 0 3536
# stats: dump at 1669993117
stats: users 5 1523
stats: {freemem,"tsung_controller@ip-172-31-54-152"} 1 661.703125 0.0 669.15234375 560.453125 620.9150568181818 55
stats: {load,"tsung_controller@ip-172-31-54-152"} 1 0.0390625 0.0 0.359375 0.0 0.08998579545454545 55
stats: {cpu,"tsung_controller@ip-172-31-54-152"} 1 0.15 0.0 12.82051282051282 0.050050050050050046 2.542791505541775 55
stats: session 0 0 0 305596.07 135.074 36762.34535835354 7434
stats: users_count 0 7439
stats: finish_users_count 0 7434
stats: request 0 0 0 62805.258 0.732 3478.5526817647055 59500
stats: page 0 0 0 225614.963 0.81 6953.57732917605 29747
stats: connect 0 0 0 21.062 0.701 1.4274217741935484 7440
stats: 504 0 1656
stats: 408 0 1
stats: 200 0 3324
stats: size_rcv 0 28552048
stats: 502 0 50796
stats: newphase 0 6
stats: size_sent 0 12448168
stats: connected 0 5
stats: error_connection_closed 0 1
stats: 201 0 187
stats: 500 0 3536
# stats: dump at 1669993127
stats: users 2 1523
stats: {freemem,"tsung_controller@ip-172-31-54-152"} 1 662.453125 0.0 669.15234375 560.453125 621.6434151785714 56
stats: {load,"tsung_controller@ip-172-31-54-152"} 1 0.03125 0.0 0.359375 0.0 0.08907645089285714 56
stats: {cpu,"tsung_controller@ip-172-31-54-152"} 1 0.05 0.0 12.82051282051282 0.05 2.5000630857999577 56
stats: session 3 150117.04266666668 4732.644619456673 305596.07 135.074 36762.34535835354 7434
stats: users_count 0 7439
stats: finish_users_count 3 7437
stats: request 8 32295.948000000004 28086.2182517683 62805.258 0.732 3478.5526817647055 59500
stats: connect 0 0 0 21.062 0.701 1.4274217741935484 7440
stats: page 5 77809.41459999999 42104.317275887566 225614.963 0.81 6953.57732917605 29747
stats: 504 4 1660
stats: 408 0 1
stats: 200 3 3327
stats: size_rcv 17090 28569138
stats: 502 0 50796
stats: newphase 0 6
stats: size_sent 1166 12449334
stats: connected -3 2
stats: error_connection_closed 0 1
stats: 201 1 188
stats: 500 0 3536
# stats: dump at 1669993137
stats: users 2 1523
stats: {freemem,"tsung_controller@ip-172-31-54-152"} 1 662.4375 0.0 669.15234375 560.453125 622.359375 57
stats: {load,"tsung_controller@ip-172-31-54-152"} 1 0.03125 0.0 0.359375 0.0 0.08806195175438597 57
stats: {cpu,"tsung_controller@ip-172-31-54-152"} 1 0.1 0.0 12.82051282051282 0.05 2.4570795228911866 57
stats: session 0 0 0 305596.07 135.074 36808.07133548476 7437
stats: users_count 0 7439
stats: finish_users_count 0 7437
stats: request 1 5.86 0.0 62805.258 0.732 3482.4267686529533 59508
stats: connect 0 0 0 21.062 0.701 1.4274217741935484 7440
stats: page 1 5.86 0.0 225614.963 0.81 6965.485072734606 29752
stats: 504 0 1660
stats: 408 0 1
stats: 200 1 3328
stats: size_rcv 893 28570031
stats: 502 0 50796
stats: newphase 0 6
stats: size_sent 2230 12451564
stats: connected 0 2
stats: error_connection_closed 0 1
stats: 201 0 188
stats: 500 0 3536
# stats: dump at 1669993147
stats: users 2 1523
stats: {freemem,"tsung_controller@ip-172-31-54-152"} 1 662.4296875 0.0 669.15234375 560.453125 623.0503771551724 58
stats: {load,"tsung_controller@ip-172-31-54-152"} 1 0.01953125 0.0 0.359375 0.0 0.08708243534482758 58
stats: {cpu,"tsung_controller@ip-172-31-54-152"} 1 0.09995002498750624 0.0 12.82051282051282 0.05 2.416440220772373 58
stats: session 0 0 0 305596.07 135.074 36808.07133548476 7437
stats: users_count 0 7439
stats: finish_users_count 0 7437
stats: request 0 0 0 62805.258 0.732 3482.3683477961313 59509
stats: connect 0 0 0 21.062 0.701 1.4274217741935484 7440
stats: page 0 0 0 225614.963 0.81 6965.2511593452755 29753
stats: 504 0 1660
stats: 408 0 1
stats: 200 0 3328
stats: size_rcv 0 28570031
stats: 502 0 50796
stats: newphase 0 6
stats: size_sent 0 12451564
stats: connected 0 2
stats: error_connection_closed 0 1
stats: 201 0 188
stats: 500 0 3536
# stats: dump at 1669993157
stats: users 2 1523
stats: {freemem,"tsung_controller@ip-172-31-54-152"} 1 662.6796875 0.0 669.15234375 560.453125 623.7178230932203 59
stats: {load,"tsung_controller@ip-172-31-54-152"} 1 0.01953125 0.0 0.359375 0.0 0.0859375 59
stats: {cpu,"tsung_controller@ip-172-31-54-152"} 1 0.1 0.0 12.82051282051282 0.05 2.377177675081104 59
stats: session 0 0 0 305596.07 135.074 36808.07133548476 7437
stats: users_count 0 7439
stats: finish_users_count 0 7437
stats: connect 0 0 0 21.062 0.701 1.4274217741935484 7440
stats: page 0 0 0 225614.963 0.81 6965.2511593452755 29753
stats: 504 0 1660
stats: request 0 0 0 62805.258 0.732 3482.3683477961313 59509
stats: 408 0 1
stats: 200 0 3328
stats: size_rcv 0 28570031
stats: 502 0 50796
stats: newphase 0 6
stats: size_sent 0 12451564
stats: connected 0 2
stats: error_connection_closed 0 1
stats: 201 0 188
stats: 500 0 3536
# stats: dump at 1669993167
stats: users 2 1523
stats: {freemem,"tsung_controller@ip-172-31-54-152"} 1 664.00390625 0.0 669.15234375 560.453125 624.3671875 60
stats: {load,"tsung_controller@ip-172-31-54-152"} 1 0.01953125 0.0 0.359375 0.0 0.08483072916666666 60
stats: {cpu,"tsung_controller@ip-172-31-54-152"} 1 0.0 0.0 12.82051282051282 0.0 2.339224713829752 60
stats: session 0 0 0 305596.07 135.074 36808.07133548476 7437
stats: users_count 0 7439
stats: finish_users_count 0 7437
stats: request 0 0 0 62805.258 0.732 3482.3683477961313 59509
stats: connect 0 0 0 21.062 0.701 1.4274217741935484 7440
stats: page 0 0 0 225614.963 0.81 6965.2511593452755 29753
stats: 504 0 1660
stats: 408 0 1
stats: 200 0 3328
stats: size_rcv 0 28570031
stats: 502 0 50796
stats: newphase 0 6
stats: size_sent 0 12451564
stats: connected 0 2
stats: error_connection_closed 0 1
stats: 201 0 188
stats: 500 0 3536
# stats: dump at 1669993177
stats: users 2 1523
stats: {freemem,"tsung_controller@ip-172-31-54-152"} 1 664.75 0.0 669.15234375 560.453125 625.0169697745902 61
stats: {load,"tsung_controller@ip-172-31-54-152"} 1 0.01171875 0.0 0.359375 0.0 0.08376024590163934 61
stats: {cpu,"tsung_controller@ip-172-31-54-152"} 1 0.1 0.0 12.82051282051282 0.0 2.3008767677013955 61
stats: session 0 0 0 305596.07 135.074 36808.07133548476 7437
stats: users_count 0 7439
stats: finish_users_count 0 7437
stats: request 0 0 0 62805.258 0.732 3482.3683477961313 59509
stats: connect 0 0 0 21.062 0.701 1.4274217741935484 7440
stats: page 0 0 0 225614.963 0.81 6965.2511593452755 29753
stats: 504 0 1660
stats: 408 0 1
stats: 200 0 3328
stats: size_rcv 0 28570031
stats: 502 0 50796
stats: newphase 0 6
stats: size_sent 0 12451564
stats: connected 0 2
stats: error_connection_closed 0 1
stats: 201 0 188
stats: 500 0 3536
# stats: dump at 1669993187
stats: users 2 1523
stats: {freemem,"tsung_controller@ip-172-31-54-152"} 1 665.609375 0.0 669.15234375 560.453125 625.6578251008065 62
stats: {load,"tsung_controller@ip-172-31-54-152"} 1 0.01171875 0.0 0.359375 0.0 0.08259828629032258 62
stats: {cpu,"tsung_controller@ip-172-31-54-152"} 1 0.1 0.0 12.82051282051282 0.0 2.265378755319115 62
stats: session 0 0 0 305596.07 135.074 36808.07133548476 7437
stats: users_count 0 7439
stats: finish_users_count 0 7437
stats: request 1 59024.259 0.0 62805.258 0.732 3482.3683477961313 59509
stats: page 1 59024.259 0.0 225614.963 0.81 6965.2511593452755 29753
stats: connect 0 0 0 21.062 0.701 1.4274217741935484 7440
stats: 504 1 1661
stats: 408 0 1
stats: 200 0 3328
stats: size_rcv 75 28570106
stats: 502 0 50796
stats: newphase 0 6
stats: size_sent 0 12451564
stats: connected 0 2
stats: error_connection_closed 0 1
stats: 201 0 188
stats: 500 0 3536
# stats: dump at 1669993197
stats: users 0 1523
stats: {freemem,"tsung_controller@ip-172-31-54-152"} 1 665.609375 0.0 669.15234375 560.453125 626.291976686508 63
stats: {load,"tsung_controller@ip-172-31-54-152"} 1 0.01171875 0.0 0.359375 0.0 0.08147321428571429 63
stats: {cpu,"tsung_controller@ip-172-31-54-152"} 1 0.04995004995004995 0.0 12.82051282051282 0.0 2.231007663964843 63
stats: session 2 256324.538 10918.396000000008 305596.07 135.074 36808.07133548476 7437
stats: users_count 0 7439
stats: finish_users_count 2 7439
stats: 504 1 1662
stats: request 2 29885.871499999997 29880.1205 62805.258 0.732 3483.3016680893966 59510
stats: 408 0 1
stats: 200 1 3329
stats: connect 0 0 0 21.062 0.701 1.4274217741935484 7440
stats: size_rcv 114 28570220
stats: 502 0 50796
stats: page 2 29885.871499999997 29880.1205 225614.963 0.81 6967.000806715063 29754
stats: newphase 0 6
stats: size_sent 712 12452276
stats: connected -2 0
stats: error_connection_closed 0 1
stats: 201 0 188
stats: 500 0 3536
# stats: dump at 1669993197
stats: users 0 1523
stats: {freemem,"tsung_controller@ip-172-31-54-152"} 0 0 0 669.15234375 560.453125 626.9063110351563 64
stats: {load,"tsung_controller@ip-172-31-54-152"} 0 0 0 0.359375 0.0 0.08038330078125 64
stats: {cpu,"tsung_controller@ip-172-31-54-152"} 0 0 0 12.82051282051282 0.0 2.1969286387458618 64
stats: session 0 0 0 305596.07 135.074 36867.08907084288 7439
stats: users_count 0 7439
stats: finish_users_count 0 7439
stats: request 0 0 0 62805.258 0.732 3484.188970476542 59512
stats: connect 0 0 0 21.062 0.701 1.4274217741935484 7440
stats: page 0 0 0 225614.963 0.81 6968.541260451673 29756
stats: 504 0 1662
stats: 408 0 1
stats: 200 0 3329
stats: size_rcv 0 28570220
stats: 502 0 50796
stats: newphase 0 6
stats: size_sent 0 12452276
stats: connected 0 0
stats: error_connection_closed 0 1
stats: 201 0 188
stats: 500 0 3536
EndMonitor:{1669,993197,882252}