# stats: dump at 1669991951
stats: users 7 7
stats: {freemem,"tsung_controller@ip-172-31-54-152"} 1 669.67578125 0 669.67578125 669.67578125 0 0
stats: {load,"tsung_controller@ip-172-31-54-152"} 1 0.0 0 0.0 0.0 0 0
stats: {cpu,"tsung_controller@ip-172-31-54-152"} 1 0.421147198677626 0 0.421147198677626 0.421147198677626 0 0
stats: users_count 7 7
stats: finish_users_count 0 0
stats: connect 7 2.1461428571428565 1.7665376489919828 6.427 1.18 0 0
stats: size_sent 805 805
stats: connected 7 7
# stats: dump at 1669991961
stats: users 14 14
stats: {freemem,"tsung_controller@ip-172-31-54-152"} 1 671.07421875 0.0 671.07421875 669.67578125 669.67578125 1
stats: {load,"tsung_controller@ip-172-31-54-152"} 1 0.0 0.0 0.0 0.0 0.0 1
stats: {cpu,"tsung_controller@ip-172-31-54-152"} 1 0.14992503748125938 0.0 0.421147198677626 0.14992503748125938 0.421147198677626 1
stats: users_count 7 14
stats: finish_users_count 0 0
stats: connect 7 2.012714285714286 1.6784720700076956 6.427 1.135 2.1461428571428565 7
stats: size_sent 805 1610
stats: connected 7 14
# stats: dump at 1669991971
stats: users 25 25
stats: {freemem,"tsung_controller@ip-172-31-54-152"} 1 671.2109375 0.0 671.2109375 669.67578125 670.375 2
stats: {load,"tsung_controller@ip-172-31-54-152"} 1 0.0 0.0 0.0 0.0 0.0 2
stats: {cpu,"tsung_controller@ip-172-31-54-152"} 1 0.14985014985014986 0.0 0.421147198677626 0.14985014985014986 0.2855361180794427 2
stats: users_count 11 25
stats: finish_users_count 0 0
stats: connect 11 1.3225454545454545 0.11349758798907952 6.427 1.122 2.079428571428571 14
stats: size_sent 1265 2875
stats: connected 11 25
# stats: dump at 1669991981
stats: users 34 34
stats: {freemem,"tsung_controller@ip-172-31-54-152"} 1 671.2109375 0.0 671.2109375 669.67578125 670.6536458333334 3
stats: {load,"tsung_controller@ip-172-31-54-152"} 1 0.0 0.0 0.0 0.0 0.0 3
stats: {cpu,"tsung_controller@ip-172-31-54-152"} 1 0.10005002501250625 0.0 0.421147198677626 0.10005002501250625 0.24030746200301176 3
stats: users_count 9 34
stats: finish_users_count 0 0
stats: connect 7 1.368285714285714 0.15567338912490036 6.427 1.122 1.7464 25
stats: size_sent 805 3680
stats: connected 7 32
# stats: dump at 1669991991
stats: users 42 42
stats: {freemem,"tsung_controller@ip-172-31-54-152"} 1 670.953125 0.0 671.2109375 669.67578125 670.79296875 4
stats: {load,"tsung_controller@ip-172-31-54-152"} 1 0.0 0.0 0.0 0.0 0.0 4
stats: {cpu,"tsung_controller@ip-172-31-54-152"} 1 0.05 0.0 0.421147198677626 0.05 0.20524310275538538 4
stats: users_count 8 42
stats: finish_users_count 0 0
stats: connect 10 1.6311 0.872275925381413 6.427 1.122 1.6636875 32
stats: size_sent 1150 4830
stats: connected 10 42
# stats: dump at 1669992001
stats: users 55 55
stats: {freemem,"tsung_controller@ip-172-31-54-152"} 1 670.96875 0.0 671.2109375 669.67578125 670.825 5
stats: {load,"tsung_controller@ip-172-31-54-152"} 1 0.0 0.0 0.0 0.0 0.0 5
stats: {cpu,"tsung_controller@ip-172-31-54-152"} 1 0.05 0.0 0.421147198677626 0.05 0.1741944822043083 5
stats: users_count 13 55
stats: finish_users_count 0 0
stats: request 8 30665.551624999996 13948.947833608541 48913.001 9287.734 0 0
stats: connect 12 1.3114999999999999 0.13008554877464293 6.427 1.086 1.6559285714285716 42
stats: page 8 30665.551624999996 13948.947833608541 48913.001 9287.734 0 0
stats: size_rcv 2452 2452
stats: 502 7 7
stats: size_sent 1852 6682
stats: connected 12 54
stats: 500 1 1
# stats: dump at 1669992011
stats: users 77 77
stats: {freemem,"tsung_controller@ip-172-31-54-152"} 1 670.328125 0.0 671.2109375 669.67578125 670.8489583333334 6
stats: {load,"tsung_controller@ip-172-31-54-152"} 1 0.0 0.0 0.0 0.0 0.0 6
stats: {cpu,"tsung_controller@ip-172-31-54-152"} 1 0.3 0.0 0.421147198677626 0.05 0.1534954018369236 6
stats: users_count 22 77
stats: finish_users_count 0 0
stats: request 32 23300.25996875 22286.305528507168 59771.22 30.025 30665.551624999996 8
stats: connect 23 1.5380434782608698 0.6845695872946529 6.427 0.99 1.579388888888889 54
stats: page 32 23300.25996875 22286.305528507168 59771.22 30.025 30665.551624999996 8
stats: 504 4 4
stats: 200 5 5
stats: size_rcv 2891456 2893908
stats: 502 18 25
stats: newphase 1 1
stats: size_sent 7599 14281
stats: connected 23 77
stats: 500 5 6
# stats: dump at 1669992021
stats: users 98 98
stats: {freemem,"tsung_controller@ip-172-31-54-152"} 1 668.4375 0.0 671.2109375 668.4375 670.7745535714286 7
stats: {load,"tsung_controller@ip-172-31-54-152"} 1 0.0 0.0 0.0 0.0 0.0 7
stats: {cpu,"tsung_controller@ip-172-31-54-152"} 1 0.20020020020020018 0.0 0.421147198677626 0.05 0.1744246301459345 7
stats: session 4 61996.228 6389.0677820800665 69862.856 54511.697 0 0
stats: users_count 25 102
stats: finish_users_count 4 4
stats: request 53 10874.491622641512 14847.581248497776 59852.489 30.025 24773.3183 40
stats: connect 24 1.3656249999999999 0.2069381575294094 6.427 0.99 1.567038961038961 77
stats: 504 3 7
stats: page 53 10874.491622641512 14847.581248497776 59852.489 30.025 24773.3183 40
stats: 200 6 11
stats: size_rcv 226148 3120056
stats: 502 6 31
stats: newphase 0 1
stats: size_sent 12485 26766
stats: connected 20 97
stats: 500 38 44
# stats: dump at 1669992031
stats: users 120 120
stats: {freemem,"tsung_controller@ip-172-31-54-152"} 1 665.46875 0.0 671.2109375 665.46875 670.482421875 8
stats: {load,"tsung_controller@ip-172-31-54-152"} 1 0.0 0.0 0.0 0.0 0.0 8
stats: {cpu,"tsung_controller@ip-172-31-54-152"} 1 0.3 0.0 0.421147198677626 0.05 0.17764657640271772 8
stats: session 2 25842.3085 8473.703500000001 69862.856 17368.605 61996.228 4
stats: users_count 24 126
stats: finish_users_count 2 6
stats: 504 6 13
stats: 200 9 20
stats: request 47 15046.037999999997 17671.733184443718 60001.244 30.025 16852.481591397853 93
stats: size_rcv 637999 3758055
stats: 502 18 49
stats: newphase 0 1
stats: connect 24 1.3251666666666666 0.21455936759373206 6.427 0.99 1.519178217821782 101
stats: size_sent 12964 39730
stats: connected 22 119
stats: 500 14 58
stats: page 47 15046.037999999997 17671.733184443718 60001.244 30.025 16852.481591397853 93
# stats: dump at 1669992041
stats: users 136 136
stats: {freemem,"tsung_controller@ip-172-31-54-152"} 1 662.28515625 0.0 671.2109375 662.28515625 669.9253472222222 9
stats: {load,"tsung_controller@ip-172-31-54-152"} 1 0.0 0.0 0.0 0.0 0.0 9
stats: {cpu,"tsung_controller@ip-172-31-54-152"} 1 0.2502502502502503 0.0 0.421147198677626 0.05 0.1912414012468602 9
stats: session 4 54426.019 30804.534541009685 86731.215 17368.605 49944.9215 6
stats: users_count 20 146
stats: finish_users_count 4 10
stats: 504 3 16
stats: request 33 9844.048060606061 15887.935610364722 60001.244 10.506 16246.032671428571 140
stats: 200 5 25
stats: size_rcv 14763 3772818
stats: connect 20 1.3798999999999997 0.2549303630405762 6.427 0.99 1.481928 125
stats: 502 0 49
stats: newphase 0 1
stats: page 33 9844.048060606061 15887.935610364722 60001.244 10.506 16246.032671428571 140
stats: size_sent 9968 49698
stats: connected 16 135
stats: 500 25 83
# stats: dump at 1669992051
stats: users 146 146
stats: {freemem,"tsung_controller@ip-172-31-54-152"} 1 661.27734375 0.0 671.2109375 661.27734375 669.161328125 10
stats: {load,"tsung_controller@ip-172-31-54-152"} 1 0.0 0.0 0.0 0.0 0.0 10
stats: {cpu,"tsung_controller@ip-172-31-54-152"} 1 0.10015022533800699 0.0 0.421147198677626 0.05 0.1971422861471992 10
stats: session 6 52082.04266666667 21648.7783454495 86731.215 17368.605 51737.360499999995 10
stats: users_count 16 162
stats: finish_users_count 6 16
stats: request 51 13354.283568627457 16356.176159344324 60001.244 10.506 15024.84485549133 173
stats: connect 17 1.3389411764705883 0.15911574425305672 6.427 0.99 1.467855172413793 145
stats: page 51 13354.283568627457 16356.176159344324 60001.244 10.506 15024.84485549133 173
stats: 504 5 21
stats: 200 0 25
stats: size_rcv 13181 3785999
stats: 502 21 70
stats: newphase 0 1
stats: size_sent 6674 56372
stats: connected 11 146
stats: 500 25 108
# stats: dump at 1669992061
stats: users 161 164
stats: {freemem,"tsung_controller@ip-172-31-54-152"} 1 660.83203125 0.0 671.2109375 660.83203125 668.4446022727273 11
stats: {load,"tsung_controller@ip-172-31-54-152"} 1 0.0 0.0 0.0 0.0 0.0 11
stats: {cpu,"tsung_controller@ip-172-31-54-152"} 1 0.15030060120240482 0.0 0.421147198677626 0.05 0.1883248260736363 11
stats: session 3 33371.26466666666 4066.496401914578 86731.215 17368.605 51866.6163125 16
stats: users_count 18 180
stats: finish_users_count 3 19
stats: request 7 59488.682142857135 199.85898654331703 60001.244 10.506 14644.493848214288 224
stats: connect 18 1.5863333333333336 0.8593723808040895 6.427 0.99 1.454327160493827 162
stats: page 7 59488.682142857135 199.85898654331703 60001.244 10.506 14644.493848214288 224
stats: 504 7 28
stats: 200 0 25
stats: size_rcv 525 3786524
stats: 502 0 70
stats: newphase 0 1
stats: size_sent 4052 60424
stats: connected 18 164
stats: 500 0 108
# stats: dump at 1669992071
stats: users 176 176
stats: {freemem,"tsung_controller@ip-172-31-54-152"} 1 660.56640625 0.0 671.2109375 660.56640625 667.8102213541666 12
stats: {load,"tsung_controller@ip-172-31-54-152"} 1 0.0 0.0 0.0 0.0 0.0 12
stats: {cpu,"tsung_controller@ip-172-31-54-152"} 1 0.10005002501250625 0.0 0.421147198677626 0.05 0.18515614066770034 12
stats: session 7 56658.805714285714 28505.869207492637 111216.265 17368.605 48946.29763157895 19
stats: users_count 22 202
stats: finish_users_count 7 26
stats: request 61 18351.538754098365 20036.436331844856 60001.244 10.506 16003.408645021647 231
stats: page 61 18351.538754098365 20036.436331844856 60001.244 10.506 16003.408645021647 231
stats: connect 20 1.5685999999999996 0.535559931286873 6.427 0.99 1.4675277777777775 180
stats: 504 11 39
stats: 200 5 30
stats: size_rcv 225227 4011751
stats: 502 28 98
stats: newphase 1 2
stats: size_sent 9993 70417
stats: connected 10 174
stats: 500 17 125
# stats: dump at 1669992081
stats: users 226 227
stats: {freemem,"tsung_controller@ip-172-31-54-152"} 1 659.91796875 0.0 671.2109375 659.91796875 667.2530048076923 13
stats: {load,"tsung_controller@ip-172-31-54-152"} 1 0.0 0.0 0.0 0.0 0.0 13
stats: {cpu,"tsung_controller@ip-172-31-54-152"} 1 0.3501750875437719 0.0 0.421147198677626 0.05 0.17860951638653155 13
stats: session 3 68983.257 23337.514621854327 111216.265 17368.605 51022.742115384615 26
stats: users_count 53 255
stats: finish_users_count 3 29
stats: connect 55 1.769527272727273 2.3825731915079884 18.798 0.99 1.477635 200
stats: page 52 28238.606711538483 22330.124666231055 60001.244 10.506 16493.942674657537 292
stats: 504 17 56
stats: request 52 28238.606711538483 22330.124666231055 60001.244 10.506 16493.942674657537 292
stats: 200 0 30
stats: size_rcv 12021 4023772
stats: 502 31 129
stats: newphase 0 2
stats: size_sent 10920 81337
stats: connected 52 226
stats: 500 4 129
# stats: dump at 1669992091
stats: users 253 254
stats: {freemem,"tsung_controller@ip-172-31-54-152"} 1 659.375 0.0 671.2109375 659.375 666.7290736607143 14
stats: {load,"tsung_controller@ip-172-31-54-152"} 1 0.0 0.0 0.0 0.0 0.0 14
stats: {cpu,"tsung_controller@ip-172-31-54-152"} 1 0.2004008016032064 0.0 0.421147198677626 0.05 0.19086420004062016 14
stats: session 9 104244.14222222223 27317.977287263817 141282.284 17368.605 52880.7264137931 29
stats: users_count 36 291
stats: finish_users_count 9 38
stats: 504 42 98
stats: request 66 41511.38003030304 23813.992216580256 60001.244 10.506 18269.298866279078 344
stats: 200 3 33
stats: size_rcv 13377 4037149
stats: 502 0 129
stats: connect 36 1.5333055555555555 0.7094641099467042 18.798 0.99 1.5405921568627452 255
stats: newphase 0 2
stats: size_sent 16152 97489
stats: page 66 41511.38003030304 23813.992216580256 60001.244 10.506 18269.298866279078 344
stats: connected 27 253
stats: 500 21 150
# stats: dump at 1669992101
stats: users 284 284
stats: {freemem,"tsung_controller@ip-172-31-54-152"} 1 658.91796875 0.0 671.2109375 658.91796875 666.2388020833333 15
stats: {load,"tsung_controller@ip-172-31-54-152"} 1 0.0 0.0 0.0 0.0 0.0 15
stats: {cpu,"tsung_controller@ip-172-31-54-152"} 1 0.20050125313283207 0.0 0.421147198677626 0.05 0.19149997347812592 15
stats: session 8 98703.836625 14531.302891510864 141282.284 17368.605 65045.74594736842 38
stats: users_count 39 330
stats: finish_users_count 8 46
stats: 504 27 125
stats: request 69 32821.14404347827 21936.77665888489 60001.244 10.506 22010.707053658545 410
stats: 200 0 33
stats: size_rcv 14253 4051402
stats: 502 26 155
stats: connect 37 1.5418648648648647 0.5601837614598982 18.798 0.99 1.5396907216494846 291
stats: newphase 0 2
stats: size_sent 13522 111011
stats: page 69 32821.14404347827 21936.77665888489 60001.244 10.506 22010.707053658545 410
stats: connected 29 282
stats: 500 16 166
# stats: dump at 1669992111
stats: users 317 317
stats: {freemem,"tsung_controller@ip-172-31-54-152"} 1 657.0 0.0 671.2109375 657.0 665.78125 16
stats: {load,"tsung_controller@ip-172-31-54-152"} 1 0.0 0.0 0.0 0.0 0.0 16
stats: {cpu,"tsung_controller@ip-172-31-54-152"} 1 0.30045067601402103 0.0 0.421147198677626 0.05 0.19206255345654505 16
stats: session 11 93946.57281818181 24095.122862187978 147010.509 17368.605 70899.3269347826 46
stats: users_count 44 374
stats: finish_users_count 11 57
stats: 504 10 135
stats: request 79 16003.632721518989 17689.715432640147 60001.244 10.506 23567.951630480176 479
stats: 200 2 35
stats: size_rcv 22526 4073928
stats: connect 44 1.4909999999999999 0.4644588248704076 18.798 0.99 1.5399359756097561 328
stats: 502 25 180
stats: newphase 0 2
stats: page 79 16003.632721518989 17689.715432640147 60001.244 10.506 23567.951630480176 479
stats: size_sent 14420 125431
stats: connected 33 315
stats: 500 42 208
# stats: dump at 1669992121
stats: users 340 340
stats: {freemem,"tsung_controller@ip-172-31-54-152"} 1 654.8984375 0.0 671.2109375 654.8984375 665.2647058823529 17
stats: {load,"tsung_controller@ip-172-31-54-152"} 1 0.0 0.0 0.0 0.0 0.0 17
stats: {cpu,"tsung_controller@ip-172-31-54-152"} 1 0.30060120240480964 0.0 0.421147198677626 0.05 0.19843832537169068 17
stats: session 17 85524.25852941176 41116.08012956588 165209.737 17368.605 75347.04105263158 57
stats: users_count 40 414
stats: finish_users_count 17 74
stats: request 143 21864.46897202798 19187.32325618379 60001.244 10.506 22497.017591397856 558
stats: connect 41 1.4899268292682932 0.6578188419256366 18.798 0.99 1.5341478494623655 372
stats: page 143 21864.46897202798 19187.32325618379 60001.244 10.506 22497.017591397856 558
stats: 504 16 151
stats: 200 10 45
stats: size_rcv 251662 4325590
stats: 502 46 226
stats: newphase 0 2
stats: size_sent 20538 145969
stats: connected 24 339
stats: 500 71 279
# stats: dump at 1669992131
stats: users 376 376
stats: {freemem,"tsung_controller@ip-172-31-54-152"} 1 651.3203125 0.0 671.2109375 651.3203125 664.6888020833334 18
stats: {load,"tsung_controller@ip-172-31-54-152"} 1 0.0 0.0 0.0 0.0 0.0 18
stats: {cpu,"tsung_controller@ip-172-31-54-152"} 1 0.5007511266900351 0.0 0.5007511266900351 0.05 0.2041140407624195 18
stats: session 18 81372.1395 41571.91404799918 165209.737 17368.605 77685.05047297296 74
stats: users_count 54 468
stats: finish_users_count 18 92
stats: request 146 17196.64463013699 19375.534673991035 60001.244 10.506 22367.981282453646 701
stats: connect 55 1.5206181818181812 1.0019959987383202 18.798 0.99 1.5297578692493945 413
stats: page 146 17196.64463013699 19375.534673991035 60001.244 10.506 22367.981282453646 701
stats: 504 20 171
stats: 200 2 47
stats: size_rcv 38014 4363604
stats: 502 31 257
stats: newphase 1 3
stats: size_sent 24081 170050
stats: connected 37 376
stats: 500 93 372
# stats: dump at 1669992141
stats: users 438 441
stats: {freemem,"tsung_controller@ip-172-31-54-152"} 1 649.93359375 0.0 671.2109375 649.93359375 663.985197368421 19
stats: {load,"tsung_controller@ip-172-31-54-152"} 1 0.0 0.0 0.0 0.0 0.0 19
stats: {cpu,"tsung_controller@ip-172-31-54-152"} 1 0.45158053186151526 0.0 0.5007511266900351 0.05 0.21972651896913611 19
stats: session 33 72248.69096969695 40982.177704051755 184043.95 17368.605 78406.43745652171 92
stats: users_count 95 563
stats: finish_users_count 33 125
stats: 504 30 201
stats: request 207 15411.486512077281 18732.2710950874 60001.52 10.506 21476.582048406148 847
stats: 200 6 53
stats: size_rcv 57784 4421388
stats: 502 87 344
stats: connect 95 1.5469473684210535 0.9259092528959507 18.798 0.99 1.5286837606837607 468
stats: newphase 0 3
stats: size_sent 35348 205398
stats: page 207 15411.486512077281 18732.2710950874 60001.52 10.506 21476.582048406148 847
stats: connected 62 438
stats: 500 84 456
# stats: dump at 1669992151
stats: users 420 441
stats: {freemem,"tsung_controller@ip-172-31-54-152"} 1 647.8984375 0.0 671.2109375 647.8984375 663.2826171875 20
stats: {load,"tsung_controller@ip-172-31-54-152"} 1 0.0 0.0 0.0 0.0 0.0 20
stats: {cpu,"tsung_controller@ip-172-31-54-152"} 1 0.7533902561526872 0.0 0.7533902561526872 0.05 0.2313192196137551 20
stats: session 90 85060.6469888889 46672.366462590755 199283.787 13274.582 76780.79238399997 125
stats: users_count 72 635
stats: finish_users_count 90 215
stats: request 458 12088.449641921403 16874.819506547316 60001.52 1.27 20285.429509487672 1054
stats: connect 72 1.4821249999999995 0.6430160041532578 18.798 0.99 1.531765541740675 563
stats: page 458 12088.449641921403 16874.819506547316 60001.52 1.27 20285.429509487672 1054
stats: 504 44 245
stats: 200 5 58
stats: size_rcv 133837 4555225
stats: 502 310 654
stats: newphase 0 3
stats: size_sent 47228 252626
stats: connected -18 420
stats: 500 99 555
# stats: dump at 1669992161
stats: users 362 441
stats: {freemem,"tsung_controller@ip-172-31-54-152"} 1 647.8359375 0.0 671.2109375 647.8359375 662.550037202381 21
stats: {load,"tsung_controller@ip-172-31-54-152"} 1 0.0 0.0 0.0 0.0 0.0 21
stats: {cpu,"tsung_controller@ip-172-31-54-152"} 1 1.053159478435306 0.0 1.053159478435306 0.05 0.25617974516322806 21
stats: session 124 51981.459322580646 45969.358390250636 199283.787 1273.973 80246.77803255811 215
stats: users_count 66 701
stats: finish_users_count 124 339
stats: request 449 6762.1726636971 16156.304905853778 60001.52 1.145 17802.481904100532 1512
stats: connect 66 1.32230303030303 0.28730603310317715 18.798 0.99 1.5261370078740157 635
stats: page 449 6762.1726636971 16156.304905853778 60001.52 1.145 17802.481904100532 1512
stats: 504 36 281
stats: 200 3 61
stats: size_rcv 134339 4689564
stats: 502 377 1031
stats: newphase 0 3
stats: size_sent 50228 302854
stats: connected -57 363
stats: 500 33 588
# stats: dump at 1669992171
stats: users 336 441
stats: {freemem,"tsung_controller@ip-172-31-54-152"} 1 646.796875 0.0 671.2109375 646.796875 661.8812144886364 22
stats: {load,"tsung_controller@ip-172-31-54-152"} 1 0.0 0.0 0.0 0.0 0.0 22
stats: {cpu,"tsung_controller@ip-172-31-54-152"} 1 1.103309929789368 0.0 1.103309929789368 0.05 0.29240609667559525 22
stats: session 108 55056.54380555557 41438.604495112995 199283.787 1273.973 69907.84139528022 339
stats: users_count 82 783
stats: finish_users_count 108 447
stats: 504 30 311
stats: 200 15 76
stats: request 416 10728.939822115384 15931.636048118522 60001.52 0.948 15274.639553799083 1961
stats: size_rcv 338135 5027699
stats: connect 82 1.461719512195122 0.6000996517731855 18.798 0.896 1.5069457917261055 701
stats: 502 257 1288
stats: newphase 0 3
stats: page 416 10728.939822115384 15931.636048118522 60001.52 0.948 15274.639553799083 1961
stats: size_sent 51288 354142
stats: connected -27 336
stats: 500 114 702
# stats: dump at 1669992181
stats: users 364 441
stats: {freemem,"tsung_controller@ip-172-31-54-152"} 1 646.07421875 0.0 671.2109375 646.07421875 661.2253736413044 23
stats: {load,"tsung_controller@ip-172-31-54-152"} 1 0.0 0.0 0.0 0.0 0.0 23
stats: {cpu,"tsung_controller@ip-172-31-54-152"} 1 1.0015022533800702 0.0 1.103309929789368 0.05 0.32766278507184626 23
stats: session 38 57700.20202631579 38370.372420007014 199283.787 1273.973 66319.60842058164 447
stats: users_count 66 849
stats: finish_users_count 38 485
stats: request 141 13023.30224822695 14152.861429774053 60001.52 0.948 14479.094291543965 2377
stats: connect 63 1.391365079365079 0.5709799791221466 18.798 0.896 1.5022094508301405 783
stats: page 141 13023.30224822695 14152.861429774053 60001.52 0.948 14479.094291543965 2377
stats: 504 6 317
stats: 200 8 84
stats: size_rcv 48108 5075807
stats: 502 64 1352
stats: newphase 0 3
stats: size_sent 26176 380318
stats: connected 25 361
stats: 500 63 765
# stats: dump at 1669992191
stats: users 454 454
stats: {freemem,"tsung_controller@ip-172-31-54-152"} 1 645.8828125 0.0 671.2109375 645.8828125 660.5940755208334 24
stats: {load,"tsung_controller@ip-172-31-54-152"} 1 0.0 0.0 0.0 0.0 0.0 24
stats: {cpu,"tsung_controller@ip-172-31-54-152"} 1 0.6516290726817042 0.0 1.103309929789368 0.05 0.35573942958468896 24
stats: session 26 91224.12496153846 41909.81677777094 200325.608 1273.973 65644.27348659793 485
stats: users_count 116 965
stats: finish_users_count 26 511
stats: request 90 22073.68950000001 10056.77072601599 60001.52 0.948 14397.574562351074 2518
stats: connect 113 1.4153185840707962 0.6515110858338227 18.798 0.896 1.4939550827423167 846
stats: page 90 22073.68950000001 10056.77072601599 60001.52 0.948 14397.574562351074 2518
stats: 504 0 317
stats: 200 9 93
stats: size_rcv 36893 5112700
stats: 502 27 1379
stats: newphase 1 4
stats: size_sent 26422 406740
stats: connected 87 448
stats: 500 54 819
# stats: dump at 1669992201
stats: users 598 598
stats: {freemem,"tsung_controller@ip-172-31-54-152"} 1 645.3046875 0.0 671.2109375 645.3046875 660.005625 25
stats: {load,"tsung_controller@ip-172-31-54-152"} 1 0.0 0.0 0.0 0.0 0.0 25
stats: {cpu,"tsung_controller@ip-172-31-54-152"} 1 0.20060180541624875 0.0 1.103309929789368 0.05 0.36757501530856956 25
stats: session 33 74539.79254545456 40901.052066029166 214327.139 1273.973 66945.79234833659 511
stats: users_count 177 1142
stats: finish_users_count 33 544
stats: connect 172 1.3493720930232553 0.3886119319318506 18.798 0.896 1.484689259645464 959
stats: page 151 19207.905092715224 15143.128255566113 60001.52 0.948 14662.47116679448 2608
stats: 504 30 347
stats: request 151 19207.905092715224 15143.128255566113 60001.52 0.948 14662.47116679448 2608
stats: 200 4 97
stats: size_rcv 246526 5359226
stats: 502 58 1437
stats: newphase 0 4
stats: size_sent 32926 439666
stats: connected 141 589
stats: 500 59 878
# stats: dump at 1669992211
stats: users 726 726
stats: {freemem,"tsung_controller@ip-172-31-54-152"} 1 638.7890625 0.0 671.2109375 638.7890625 659.4402043269231 26
stats: {load,"tsung_controller@ip-172-31-54-152"} 1 0.0 0.0 0.0 0.0 0.0 26
stats: {cpu,"tsung_controller@ip-172-31-54-152"} 1 0.5045408678102926 0.0 1.103309929789368 0.05 0.3611529687742495 26
stats: session 35 72267.88748571428 26614.14669740451 214327.139 1273.973 67406.45780147058 544
stats: users_count 163 1305
stats: finish_users_count 35 579
stats: 504 102 449
stats: request 214 12938.245495327097 14802.724869890806 60001.52 0.948 14911.242650235594 2759
stats: 200 3 100
stats: size_rcv 246378 5605604
stats: 502 27 1464
stats: connect 166 1.4450542168674698 0.6503539375205496 18.798 0.896 1.4641105216622456 1131
stats: newphase 0 4
stats: size_sent 42438 482104
stats: connected 135 724
stats: page 214 12938.245495327097 14802.724869890806 60001.52 0.948 14911.242650235594 2759
stats: 500 82 960
# stats: dump at 1669992221
stats: users 837 837
stats: {freemem,"tsung_controller@ip-172-31-54-152"} 1 633.04296875 0.0 671.2109375 633.04296875 658.6753472222222 27
stats: {load,"tsung_controller@ip-172-31-54-152"} 1 0.0 0.0 0.0 0.0 0.0 27
stats: {cpu,"tsung_controller@ip-172-31-54-152"} 1 0.8052340211373931 0.0 1.103309929789368 0.05 0.3664636317015104 27
stats: session 39 62165.52361538459 31282.360534057058 214327.139 1273.973 67700.32660794472 579
stats: users_count 150 1455
stats: finish_users_count 39 618
stats: request 258 10598.630872093016 13387.604386279663 60001.52 0.948 14769.224018836192 2973
stats: connect 150 1.5186133333333336 0.9177548894751559 18.798 0.896 1.4616715497301462 1297
stats: page 258 10598.630872093016 13387.604386279663 60001.52 0.948 14769.224018836192 2973
stats: 504 50 499
stats: 200 2 102
stats: size_rcv 66424 5672028
stats: 502 119 1583
stats: newphase 0 4
stats: size_sent 41982 524086
stats: connected 105 829
stats: 500 87 1047
# stats: dump at 1669992231
stats: users 906 917
stats: {freemem,"tsung_controller@ip-172-31-54-152"} 1 630.28515625 0.0 671.2109375 630.28515625 657.7599051339286 28
stats: {load,"tsung_controller@ip-172-31-54-152"} 1 0.0 0.0 0.0 0.0 0.0 28
stats: {cpu,"tsung_controller@ip-172-31-54-152"} 1 0.754906894816306 0.0 1.103309929789368 0.05 0.3821340027527919 28
stats: session 99 44375.09190909089 38396.70503575279 214327.139 150.111 67351.0429239482 618
stats: users_count 168 1623
stats: finish_users_count 99 717
stats: page 588 7250.333517006809 14078.958000983534 60001.52 0.948 14436.196153822346 3231
stats: 504 40 539
stats: 200 2 104
stats: connect 174 1.36882183908046 0.4878705634176869 18.798 0.876 1.4675742916378711 1447
stats: size_rcv 379246 6051274
stats: 502 496 2079
stats: newphase 0 4
stats: size_sent 68882 592968
stats: connected 78 907
stats: 500 50 1097
stats: request 588 7250.333517006809 14078.958000983534 60001.52 0.948 14436.196153822346 3231
# stats: dump at 1669992241
stats: users 910 917
stats: {freemem,"tsung_controller@ip-172-31-54-152"} 1 626.8125 0.0 671.2109375 626.8125 656.8125 29
stats: {load,"tsung_controller@ip-172-31-54-152"} 1 0.0 0.0 0.0 0.0 0.0 29
stats: {cpu,"tsung_controller@ip-172-31-54-152"} 1 1.057934508816121 0.0 1.103309929789368 0.05 0.39498824041015446 29
stats: session 151 50277.8983509934 39405.34728026289 214327.139 150.111 64178.63127754531 717
stats: users_count 155 1778
stats: finish_users_count 151 868
stats: connect 153 1.4077843137254913 0.4267826120214781 18.798 0.876 1.4569740900678592 1621
stats: page 770 14076.141680519479 20732.49620298299 60001.52 0.948 13329.81039041634 3819
stats: 504 74 613
stats: request 770 14076.141680519479 20732.49620298299 60001.52 0.948 13329.81039041634 3819
stats: 200 16 120
stats: size_rcv 237605 6288879
stats: 502 554 2633
stats: newphase 0 4
stats: size_sent 96389 689357
stats: connected 2 909
stats: 500 126 1223
# stats: dump at 1669992251
stats: users 1010 1011
stats: {freemem,"tsung_controller@ip-172-31-54-152"} 1 623.6953125 0.0 671.2109375 623.6953125 655.8125 30
stats: {load,"tsung_controller@ip-172-31-54-152"} 1 0.0 0.0 0.0 0.0 0.0 30
stats: {cpu,"tsung_controller@ip-172-31-54-152"} 1 1.2115093387178193 0.0 1.2115093387178193 0.05 0.41708644935702005 30
stats: session 153 46102.96724836604 39500.69391812323 222805.07 150.111 61760.41621774192 868
stats: users_count 253 2031
stats: finish_users_count 153 1021
stats: request 877 7944.089557582672 16419.77448385513 60001.52 0.87 13455.03921878405 4589
stats: page 877 7944.089557582672 16419.77448385513 60001.52 0.87 13455.03921878405 4589
stats: connect 246 1.4825528455284553 1.2707004930912362 18.798 0.864 1.4527316798196166 1774
stats: 504 49 662
stats: 200 7 127
stats: size_rcv 266972 6555851
stats: 502 746 3379
stats: newphase 1 5
stats: size_sent 107024 796381
stats: connected 94 1003
stats: 500 75 1298
# stats: dump at 1669992261
stats: users 1024 1034
stats: {freemem,"tsung_controller@ip-172-31-54-152"} 1 618.30078125 0.0 671.2109375 618.30078125 654.7764616935484 31
stats: {load,"tsung_controller@ip-172-31-54-152"} 1 0.0 0.0 0.0 0.0 0.0 31
stats: {cpu,"tsung_controller@ip-172-31-54-152"} 1 2.4242424242424243 0.0 2.4242424242424243 0.05 0.44271299417511034 31
stats: session 299 39224.859274247545 33803.39665770379 222805.07 150.111 59414.09918315376 1021
stats: users_count 313 2344
stats: finish_users_count 299 1320
stats: connect 313 1.3955942492012785 0.6856052233371966 18.798 0.864 1.4563633663366335 2020
stats: page 1362 6860.37212114536 16535.50185997026 60001.52 0.87 12570.827207647275 5466
stats: request 1362 6860.37212114536 16535.50185997026 60001.52 0.87 12570.827207647275 5466
stats: 504 61 723
stats: 200 4 131
stats: size_rcv 408781 6964632
stats: 502 1186 4565
stats: newphase 0 5
stats: size_sent 159773 956154
stats: connected 19 1022
stats: 500 111 1409
# stats: dump at 1669992271
stats: users 930 1039
stats: {freemem,"tsung_controller@ip-172-31-54-152"} 1 611.3671875 0.0 671.2109375 611.3671875 653.6365966796875 32
stats: {load,"tsung_controller@ip-172-31-54-152"} 1 0.0 0.0 0.0 0.0 0.0 32
stats: {cpu,"tsung_controller@ip-172-31-54-152"} 1 2.6436197254702596 0.0 2.6436197254702596 0.05 0.5046357888647139 32
stats: session 449 38929.924993318404 33127.30968572286 222805.07 150.111 54840.93044621213 1320
stats: users_count 355 2699
stats: finish_users_count 449 1769
stats: connect 352 1.5015340909090908 0.8740254956347832 18.798 0.848 1.4482104586369482 2333
stats: page 1780 6753.333854494382 14465.735146460795 60001.52 0.867 11431.746975102516 6828
stats: request 1780 6753.333854494382 14465.735146460795 60001.52 0.867 11431.746975102516 6828
stats: 504 17 740
stats: 200 8 139
stats: size_rcv 556781 7521413
stats: 502 1613 6178
stats: newphase 0 5
stats: size_sent 191490 1147644
stats: connected -86 936
stats: 500 142 1551
# stats: dump at 1669992281
stats: users 964 1039
stats: {freemem,"tsung_controller@ip-172-31-54-152"} 1 607.20703125 0.0 671.2109375 607.20703125 652.3557054924242 33
stats: {load,"tsung_controller@ip-172-31-54-152"} 1 0.1484375 0.0 0.1484375 0.0 0.0 33
stats: {cpu,"tsung_controller@ip-172-31-54-152"} 1 3.9126016260162597 0.0 3.9126016260162597 0.05 0.5694534839133668 33
stats: session 282 33675.683879432654 29451.071653427975 222805.07 150.111 50802.467219332946 1769
stats: users_count 316 3015
stats: finish_users_count 282 2051
stats: request 1123 3133.6937969723963 9788.296458987636 60001.52 0.867 10464.32418761617 8608
stats: connect 324 1.4810586419753093 0.8302351925546042 18.798 0.848 1.4552011173184358 2685
stats: page 1123 3133.6937969723963 9788.296458987636 60001.52 0.867 10464.32418761617 8608
stats: 504 8 748
stats: 200 11 150
stats: size_rcv 564035 8085448
stats: 502 1008 7186
stats: newphase 0 5
stats: size_sent 166537 1314181
stats: connected 34 970
stats: 500 96 1647
# stats: dump at 1669992291
stats: users 1055 1055
stats: {freemem,"tsung_controller@ip-172-31-54-152"} 1 605.9921875 0.0 671.2109375 605.9921875 651.0278033088235 34
stats: {load,"tsung_controller@ip-172-31-54-152"} 1 0.12890625 0.0 0.1484375 0.0 0.004365808823529412 34
stats: {cpu,"tsung_controller@ip-172-31-54-152"} 1 2.225594334850784 0.0 3.9126016260162597 0.05 0.6677813704458049 34
stats: session 206 26727.89154854368 29219.519418713084 222805.07 150.111 48447.638890784976 2051
stats: users_count 297 3312
stats: finish_users_count 206 2257
stats: request 878 2827.5408109339405 7871.369915426834 60001.52 0.867 9618.337348782243 9731
stats: connect 291 1.4264810996563575 0.6729218145840723 18.798 0.848 1.4579853772017284 3009
stats: page 878 2827.5408109339405 7871.369915426834 60001.52 0.867 9618.337348782243 9731
stats: 504 0 748
stats: 200 12 162
stats: size_rcv 489048 8574496
stats: 502 820 8006
stats: newphase 0 5
stats: size_sent 128909 1443090
stats: connected 74 1044
stats: 500 46 1693
# stats: dump at 1669992301
stats: users 1219 1219
stats: {freemem,"tsung_controller@ip-172-31-54-152"} 1 605.07421875 0.0 671.2109375 605.07421875 649.7410714285714 35
stats: {load,"tsung_controller@ip-172-31-54-152"} 1 0.1796875 0.0 0.1796875 0.0 0.007924107142857142 35
stats: {cpu,"tsung_controller@ip-172-31-54-152"} 1 2.169525731584258 0.0 3.9126016260162597 0.05 0.7122903122859471 35
stats: session 196 35485.36393877548 33857.419092869044 222805.07 150.111 46465.2428108108 2257
stats: users_count 360 3672
stats: finish_users_count 196 2453
stats: 504 12 760
stats: request 986 5279.686099391486 12249.382239363535 60001.52 0.867 9056.33156499199 10609
stats: 200 9 171
stats: size_rcv 312884 8887380
stats: connect 358 1.4790167597765358 0.744534236129803 18.798 0.848 1.4552072727272727 3300
stats: page 986 5279.686099391486 12249.382239363535 60001.52 0.867 9056.33156499199 10609
stats: 502 894 8900
stats: newphase 0 5
stats: size_sent 121594 1564684
stats: connected 169 1213
stats: 500 71 1764
# stats: dump at 1669992311
stats: users 1346 1346
stats: {freemem,"tsung_controller@ip-172-31-54-152"} 1 598.734375 0.0 671.2109375 598.734375 648.5003255208334 36
stats: {load,"tsung_controller@ip-172-31-54-152"} 1 0.1484375 0.0 0.1796875 0.0 0.0126953125 36
stats: {cpu,"tsung_controller@ip-172-31-54-152"} 1 3.107769423558897 0.0 3.9126016260162597 0.05 0.7527690739331224 36
stats: session 319 26574.794260188068 28428.176141760163 222805.07 150.111 45587.92676559313 2453
stats: users_count 446 4118
stats: finish_users_count 319 2772
stats: request 1521 4012.1479046679833 11221.230979582557 60001.52 0.867 8735.178272272533 11595
stats: 504 27 787
stats: connect 446 2.009795964125559 2.5953078946889567 26.643 0.848 1.4575374521596502 3658
stats: page 1521 4012.1479046679833 11221.230979582557 60001.52 0.867 8735.178272272533 11595
stats: 200 10 181
stats: size_rcv 682376 9569756
stats: 502 1399 10299
stats: newphase 1 6
stats: size_sent 178415 1743099
stats: connected 125 1338
stats: 500 85 1849
# stats: dump at 1669992321
stats: users 1412 1456
stats: {freemem,"tsung_controller@ip-172-31-54-152"} 1 593.75390625 0.0 671.2109375 593.75390625 647.155299831081 37
stats: {load,"tsung_controller@ip-172-31-54-152"} 1 0.12890625 0.0 0.1796875 0.0 0.01636402027027027 37
stats: {cpu,"tsung_controller@ip-172-31-54-152"} 1 3.7639877924720246 0.0 3.9126016260162597 0.05 0.8164177320311163 37
stats: session 553 29626.8594972875 30231.40270913183 222805.07 150.111 43399.90754870128 2772
stats: users_count 619 4737
stats: finish_users_count 553 3325
stats: connect 619 1.3507172859450756 0.7124808911362559 26.643 0.813 1.5175538499025338 4104
stats: page 2527 4809.19242184409 13374.713011635697 60001.52 0.867 8187.47095379689 13116
stats: 504 106 893
stats: 200 12 193
stats: request 2527 4809.19242184409 13374.713011635697 60001.52 0.867 8187.47095379689 13116
stats: size_rcv 777341 10347097
stats: 502 2323 12622
stats: newphase 0 6
stats: size_sent 290564 2033663
stats: connected 62 1400
stats: 500 86 1935
# stats: dump at 1669992331
stats: users 1283 1456
stats: {freemem,"tsung_controller@ip-172-31-54-152"} 1 588.28125 0.0 671.2109375 588.28125 645.75 38
stats: {load,"tsung_controller@ip-172-31-54-152"} 1 0.109375 0.0 0.1796875 0.0 0.019325657894736843 38
stats: {cpu,"tsung_controller@ip-172-31-54-152"} 1 4.231166150670795 0.0 4.231166150670795 0.05 0.8939853652006139 38
stats: session 745 23616.254618791947 26328.02265887706 222805.07 150.111 41109.23218857141 3325
stats: users_count 616 5353
stats: finish_users_count 745 4070
stats: request 2784 2919.7955334051667 10823.076397713976 60001.52 0.867 7641.737408425496 15643
stats: 504 73 966
stats: 200 13 206
stats: connect 615 1.4330097560975605 0.7887310751123655 26.643 0.813 1.4956881219563838 4723
stats: size_rcv 1073603 11420700
stats: 502 2618 15240
stats: page 2784 2919.7955334051667 10823.076397713976 60001.52 0.867 7641.737408425496 15643
stats: newphase 0 6
stats: size_sent 319765 2353428
stats: connected -112 1288
stats: 500 80 2015
# stats: dump at 1669992341
stats: users 1190 1456
stats: {freemem,"tsung_controller@ip-172-31-54-152"} 1 585.85546875 0.0 671.2109375 585.85546875 644.2764423076923 39
stats: {load,"tsung_controller@ip-172-31-54-152"} 1 0.08984375 0.0 0.1796875 0.0 0.021634615384615384 39
stats: {cpu,"tsung_controller@ip-172-31-54-152"} 1 5.678884873515746 0.0 5.678884873515746 0.05 0.9795541032895929 39
stats: session 706 28164.13085410766 32021.531155898596 222805.07 150.111 37907.20066781325 4070
stats: users_count 613 5966
stats: finish_users_count 706 4776
stats: request 2652 4582.828064856707 14611.355105671177 60001.52 0.867 6928.333914636132 18427
stats: 504 155 1121
stats: connect 619 1.3634135702746368 0.7422981453247204 26.643 0.813 1.4884668415136755 5338
stats: 200 9 215
stats: size_rcv 801899 12222599
stats: page 2652 4582.828064856707 14611.355105671177 60001.52 0.867 6928.333914636132 18427
stats: 502 2418 17658
stats: newphase 0 6
stats: size_sent 313129 2666557
stats: connected -102 1186
stats: 500 70 2085
# stats: dump at 1669992351
stats: users 1168 1456
stats: {freemem,"tsung_controller@ip-172-31-54-152"} 1 587.98828125 0.0 671.2109375 585.85546875 642.81591796875 40
stats: {load,"tsung_controller@ip-172-31-54-152"} 1 0.078125 0.0 0.1796875 0.0 0.02333984375 40
stats: {cpu,"tsung_controller@ip-172-31-54-152"} 1 4.771784232365145 0.0 5.678884873515746 0.05 1.097037372545247 40
stats: session 624 21204.909931089744 22965.441958231146 222805.07 150.111 36466.95626067838 4776
stats: users_count 602 6568
stats: finish_users_count 624 5400
stats: request 2584 4628.55365170279 13427.869753289631 60001.52 0.798 6633.240147682527 21079
stats: 504 25 1146
stats: page 2584 4628.55365170279 13427.869753289631 60001.52 0.798 6633.240147682527 21079
stats: 200 0 215
stats: size_rcv 801947 13024546
stats: 502 2503 20161
stats: newphase 0 6
stats: size_sent 280293 2946850
stats: connected -27 1159
stats: 500 57 2142
stats: connect 600 1.4221233333333336 0.8555202733554725 26.643 0.813 1.4754723854289071 5957
# stats: dump at 1669992361
stats: users 1198 1456
stats: {freemem,"tsung_controller@ip-172-31-54-152"} 1 588.34375 0.0 671.2109375 585.85546875 641.4786585365854 41
stats: {load,"tsung_controller@ip-172-31-54-152"} 1 0.0703125 0.0 0.1796875 0.0 0.024676067073170733 41
stats: {cpu,"tsung_controller@ip-172-31-54-152"} 1 4.62962962962963 0.0 5.678884873515746 0.05 1.186665344735976 41
stats: session 583 23880.645631217856 22698.95626903357 222805.07 150.111 34703.342018148134 5400
stats: users_count 613 7181
stats: finish_users_count 583 5983
stats: request 2234 2161.6355461056405 7752.272807886154 60001.52 0.797 6414.328348434264 23663
stats: 504 0 1146
stats: connect 620 1.4805580645161325 1.1897354957528656 26.643 0.813 1.4705906664633215 6557
stats: 200 17 232
stats: page 2234 2161.6355461056405 7752.272807886154 60001.52 0.797 6414.328348434264 23663
stats: size_rcv 1121997 14146543
stats: 502 2081 22242
stats: newphase 0 6
stats: size_sent 301646 3248496
stats: connected 41 1200
stats: 500 135 2277
# stats: dump at 1669992371
stats: users 935 1456
stats: {freemem,"tsung_controller@ip-172-31-54-152"} 1 588.1328125 0.0 671.2109375 585.85546875 640.2135416666666 42
stats: {load,"tsung_controller@ip-172-31-54-152"} 1 0.05859375 0.0 0.1796875 0.0 0.025762648809523808 42
stats: {cpu,"tsung_controller@ip-172-31-54-152"} 1 4.6248715313463515 0.0 5.678884873515746 0.05 1.2686406848524914 42
stats: session 500 22905.44806200001 21978.96794231423 222805.07 150.111 33648.74867140229 5983
stats: users_count 237 7418
stats: finish_users_count 500 6483
stats: request 1774 3791.473236189403 10706.82966826209 60001.52 0.797 6047.470576476039 25897
stats: page 1774 3791.473236189403 10706.82966826209 60001.52 0.797 6047.470576476039 25897
stats: connect 241 1.626485477178423 0.9528725607388456 26.643 0.813 1.471451720774697 7177
stats: 504 3 1149
stats: 200 11 243
stats: size_rcv 970102 15116645
stats: 502 1645 23887
stats: newphase 0 6
stats: size_sent 199117 3447613
stats: connected -264 936
stats: 500 115 2392
# stats: dump at 1669992381
stats: users 787 1456
stats: {freemem,"tsung_controller@ip-172-31-54-152"} 1 589.53125 0.0 671.2109375 585.85546875 639.0023619186046 43
stats: {load,"tsung_controller@ip-172-31-54-152"} 1 0.05078125 0.0 0.1796875 0.0 0.026526162790697673 43
stats: {cpu,"tsung_controller@ip-172-31-54-152"} 1 2.834008097165992 0.0 5.678884873515746 0.05 1.3466925650035113 43
stats: session 148 27361.85577027029 17520.80055515072 222805.07 150.111 32820.17389048279 6483
stats: users_count 0 7418
stats: finish_users_count 148 6631
stats: connect 0 0 0 26.643 0.813 1.4764885413858184 7418
stats: page 359 8914.55047632312 11478.072483216194 60001.52 0.797 5902.8375931480605 27671
stats: 504 6 1155
stats: 200 13 256
stats: request 359 8914.55047632312 11478.072483216194 60001.52 0.797 5902.8375931480605 27671
stats: size_rcv 323508 15440153
stats: 502 230 24117
stats: newphase 0 6
stats: size_sent 52699 3500312
stats: connected -149 787
stats: 500 110 2502
# stats: dump at 1669992391
stats: users 745 1456
stats: {freemem,"tsung_controller@ip-172-31-54-152"} 1 590.64453125 0.0 671.2109375 585.85546875 637.878018465909 44
stats: {load,"tsung_controller@ip-172-31-54-152"} 1 0.0390625 0.0 0.1796875 0.0 0.027077414772727272 44
stats: {cpu,"tsung_controller@ip-172-31-54-152"} 1 0.9013520280420632 0.0 5.678884873515746 0.05 1.3804951907344767 44
stats: session 42 33984.93180952383 11687.217970534948 222805.07 150.111 32698.347456793836 6631
stats: users_count 0 7418
stats: finish_users_count 42 6673
stats: request 110 14462.95333636364 11682.809788913015 60001.52 0.797 5941.410726400285 28030
stats: connect 0 0 0 26.643 0.813 1.4764885413858184 7418
stats: page 110 14462.95333636364 11682.809788913015 60001.52 0.797 5941.410726400285 28030
stats: 504 9 1164
stats: 200 1 257
stats: size_rcv 236095 15676248
stats: 502 64 24181
stats: newphase 0 6
stats: size_sent 12165 3512477
stats: connected -42 745
stats: 500 36 2538
# stats: dump at 1669992401
stats: users 682 1456
stats: {freemem,"tsung_controller@ip-172-31-54-152"} 1 590.828125 0.0 671.2109375 585.85546875 636.8283854166666 45
stats: {load,"tsung_controller@ip-172-31-54-152"} 1 0.03125 0.0 0.1796875 0.0 0.02734375 45
stats: {cpu,"tsung_controller@ip-172-31-54-152"} 1 0.400200100050025 0.0 5.678884873515746 0.05 1.3698475648968675 45
stats: session 63 51953.299793650796 24916.511076001687 222805.07 150.111 32706.445245316936 6673
stats: users_count 0 7418
stats: finish_users_count 63 6736
stats: request 149 29292.68790604028 18237.632819146005 60001.52 0.797 5974.721660554371 28140
stats: connect 0 0 0 26.643 0.813 1.4764885413858184 7418
stats: page 149 29292.68790604028 18237.632819146005 60001.52 0.797 5974.721660554371 28140
stats: 504 37 1201
stats: 200 16 273
stats: size_rcv 51507 15727755
stats: 502 42 24223
stats: newphase 0 6
stats: size_sent 13797 3526274
stats: connected -63 682
stats: 500 54 2592
# stats: dump at 1669992411
stats: users 596 1456
stats: {freemem,"tsung_controller@ip-172-31-54-152"} 1 599.69921875 0.0 671.2109375 585.85546875 635.8283797554348 46
stats: {load,"tsung_controller@ip-172-31-54-152"} 1 0.03125 0.0 0.1796875 0.0 0.027428668478260868 46
stats: {cpu,"tsung_controller@ip-172-31-54-152"} 1 0.30060120240480964 0.0 5.678884873515746 0.05 1.3487682721828056 46
stats: session 86 66051.6818255814 24020.364095036566 222805.07 150.111 32886.45590988716 6736
stats: users_count 0 7418
stats: finish_users_count 86 6822
stats: request 240 35251.715729166666 21875.555926370584 60001.52 0.797 6097.538902965817 28289
stats: connect 0 0 0 26.643 0.813 1.4764885413858184 7418
stats: page 240 35251.715729166666 21875.555926370584 60001.52 0.797 6097.538902965817 28289
stats: 504 47 1248
stats: 200 16 289
stats: size_rcv 78959 15806714
stats: 502 96 24319
stats: newphase 0 6
stats: size_sent 23053 3549327
stats: connected -86 596
stats: 500 81 2673
# stats: dump at 1669992421
stats: users 537 1456
stats: {freemem,"tsung_controller@ip-172-31-54-152"} 1 605.41796875 0.0 671.2109375 585.85546875 635.0596742021277 47
stats: {load,"tsung_controller@ip-172-31-54-152"} 1 0.01953125 0.0 0.1796875 0.0 0.02750997340425532 47
stats: {cpu,"tsung_controller@ip-172-31-54-152"} 1 0.6003001500750376 0.0 5.678884873515746 0.05 1.3264668451662525 47
stats: session 59 79588.37376271187 26300.505791152886 222805.07 150.111 33304.545829082366 6822
stats: users_count 0 7418
stats: finish_users_count 59 6881
stats: request 179 42497.655050279296 21974.58238785627 60001.52 0.797 6342.798198359564 28529
stats: connect 0 0 0 26.643 0.813 1.4764885413858184 7418
stats: page 179 42497.655050279296 21974.58238785627 60001.52 0.797 6342.798198359564 28529
stats: 504 82 1330
stats: 200 12 301
stats: size_rcv 44622 15851336
stats: 502 26 24345
stats: newphase 0 6
stats: size_sent 19540 3568867
stats: connected -54 542
stats: 500 59 2732
# stats: dump at 1669992431
stats: users 437 1456
stats: {freemem,"tsung_controller@ip-172-31-54-152"} 1 610.23828125 0.0 671.2109375 585.85546875 634.442138671875 48
stats: {load,"tsung_controller@ip-172-31-54-152"} 1 0.01953125 0.0 0.1796875 0.0 0.02734375 48
stats: {cpu,"tsung_controller@ip-172-31-54-152"} 1 0.25100401606425704 0.0 5.678884873515746 0.05 1.3113383723518521 48
stats: session 100 80377.71208999999 21632.679203206655 222805.07 150.111 33701.398880685934 6881
stats: users_count 0 7418
stats: finish_users_count 100 6981
stats: connect 0 0 0 26.643 0.813 1.4764885413858184 7418
stats: 504 93 1423
stats: request 242 46261.52256198352 17884.468407545977 60001.52 0.797 6568.230808659608 28708
stats: page 242 46261.52256198352 17884.468407545977 60001.52 0.797 6568.230808659608 28708
stats: 200 11 312
stats: size_rcv 61898 15913234
stats: 502 56 24401
stats: newphase 0 6
stats: size_sent 22517 3591384
stats: connected -97 445
stats: 500 82 2814
# stats: dump at 1669992441
stats: users 337 1456
stats: {freemem,"tsung_controller@ip-172-31-54-152"} 1 614.84375 0.0 671.2109375 585.85546875 633.9481823979592 49
stats: {load,"tsung_controller@ip-172-31-54-152"} 1 0.01953125 0.0 0.1796875 0.0 0.027184311224489797 49
stats: {cpu,"tsung_controller@ip-172-31-54-152"} 1 0.5007511266900351 0.0 5.678884873515746 0.05 1.2896988956929216 49
stats: session 100 86089.31662 15508.124616931287 222805.07 150.111 34370.018178914186 6981
stats: users_count 0 7418
stats: finish_users_count 100 7081
stats: 504 98 1521
stats: request 202 39531.550653465354 20795.967658875452 60001.52 0.797 6900.036563557859 28950
stats: 200 16 328
stats: connect 0 0 0 26.643 0.813 1.4764885413858184 7418
stats: size_rcv 56099 15969333
stats: 502 28 24429
stats: page 202 39531.550653465354 20795.967658875452 60001.52 0.797 6900.036563557859 28950
stats: newphase 0 6
stats: size_sent 16719 3608103
stats: connected -108 337
stats: 500 60 2874
# stats: dump at 1669992451
stats: users 241 1456
stats: {freemem,"tsung_controller@ip-172-31-54-152"} 1 617.33984375 0.0 671.2109375 585.85546875 633.56609375 50
stats: {load,"tsung_controller@ip-172-31-54-152"} 1 0.01171875 0.0 0.1796875 0.0 0.02703125 50
stats: {cpu,"tsung_controller@ip-172-31-54-152"} 1 0.30060120240480964 0.0 5.678884873515746 0.05 1.2739199403128638 50
stats: session 96 96175.57455208334 16619.96484893113 222805.07 150.111 35100.413581273824 7081
stats: users_count 0 7418
stats: finish_users_count 96 7177
stats: request 163 24845.226435582827 12628.906405304539 60001.52 0.797 7126.146808006312 29152
stats: page 163 24845.226435582827 12628.906405304539 60001.52 0.797 7126.146808006312 29152
stats: 504 2 1523
stats: 200 5 333
stats: size_rcv 253178 16222511
stats: 502 59 24488
stats: newphase 0 6
stats: size_sent 12398 3620501
stats: connected -90 247
stats: 500 97 2971
stats: connect 0 0 0 26.643 0.813 1.4764885413858184 7418
# stats: dump at 1669992461
stats: users 145 1456
stats: {freemem,"tsung_controller@ip-172-31-54-152"} 1 632.16796875 0.0 671.2109375 585.85546875 633.2479319852941 51
stats: {load,"tsung_controller@ip-172-31-54-152"} 1 0.01171875 0.0 0.1796875 0.0 0.026731004901960783 51
stats: {cpu,"tsung_controller@ip-172-31-54-152"} 1 0.45045045045045046 0.0 5.678884873515746 0.05 1.2548352591774117 51
stats: session 96 104723.87708333334 14423.98091488656 222805.07 150.111 35917.35874683015 7177
stats: users_count 0 7418
stats: finish_users_count 96 7273
stats: request 163 17772.120306748464 13526.18753455963 60001.52 0.797 7224.67008889647 29315
stats: page 163 17772.120306748464 13526.18753455963 60001.52 0.797 7224.67008889647 29315
stats: 504 0 1523
stats: 200 31 364
stats: size_rcv 289435 16511946
stats: 502 60 24548
stats: newphase 0 6
stats: size_sent 12043 3632544
stats: connected -102 145
stats: 500 72 3043
stats: connect 0 0 0 26.643 0.813 1.4764885413858184 7418
# stats: dump at 1669992471
stats: users 83 1456
stats: {freemem,"tsung_controller@ip-172-31-54-152"} 1 644.47265625 0.0 671.2109375 585.85546875 633.2271634615385 52
stats: {load,"tsung_controller@ip-172-31-54-152"} 1 0.01171875 0.0 0.1796875 0.0 0.026442307692307692 52
stats: {cpu,"tsung_controller@ip-172-31-54-152"} 1 0.25075225677031093 0.0 5.678884873515746 0.05 1.239366320548047 52
stats: session 62 110692.97877419356 13617.356197489276 222805.07 150.111 36825.57073092258 7273
stats: users_count 0 7418
stats: finish_users_count 62 7335
stats: 504 0 1523
stats: request 64 7448.435 8679.528712067277 60001.52 0.797 7282.9927154488105 29478
stats: connect 0 0 0 26.643 0.813 1.4764885413858184 7418
stats: page 64 7448.435 8679.528712067277 60001.52 0.797 7282.9927154488105 29478
stats: 200 31 395
stats: size_rcv 464280 16976226
stats: 502 6 24554
stats: newphase 0 6
stats: size_sent 3292 3635836
stats: connected -62 83
stats: 500 27 3070
# stats: dump at 1669992481
stats: users 27 1456
stats: {freemem,"tsung_controller@ip-172-31-54-152"} 1 646.90625 0.0 671.2109375 585.85546875 633.4393425707547 53
stats: {load,"tsung_controller@ip-172-31-54-152"} 1 0.01171875 0.0 0.1796875 0.0 0.026164504716981132 53
stats: {cpu,"tsung_controller@ip-172-31-54-152"} 1 0.399400898652022 0.0 5.678884873515746 0.05 1.2207132250050707 53
stats: session 56 124198.25430357145 18015.574453903464 222805.07 150.111 37449.94418677573 7335
stats: users_count 0 7418
stats: finish_users_count 56 7391
stats: page 97 34676.644041237116 16615.97509801257 60001.52 0.797 7283.351130796833 29542
stats: 504 0 1523
stats: 200 10 405
stats: size_rcv 39387 17015613
stats: request 97 34676.644041237116 16615.97509801257 60001.52 0.797 7283.351130796833 29542
stats: 502 87 24641
stats: newphase 0 6
stats: connect 0 0 0 26.643 0.813 1.4764885413858184 7418
stats: size_sent 4575 3640411
stats: connected -56 27
stats: 500 0 3070
# stats: dump at 1669992491
stats: users 12 1456
stats: {freemem,"tsung_controller@ip-172-31-54-152"} 1 657.78515625 0.0 671.2109375 585.85546875 633.6887297453703 54
stats: {load,"tsung_controller@ip-172-31-54-152"} 1 0.0 0.0 0.1796875 0.0 0.02589699074074074 54
stats: {cpu,"tsung_controller@ip-172-31-54-152"} 1 0.20030045067601399 0.0 5.678884873515746 0.05 1.2055037374800142 54
stats: session 15 125253.72966666665 5420.243549780482 222805.07 150.111 38107.21727114057 7391
stats: users_count 0 7418
stats: finish_users_count 15 7406
stats: request 15 1949.8618000000001 2781.98398428429 60001.52 0.797 7373.001571510511 29639
stats: connect 0 0 0 26.643 0.813 1.4764885413858184 7418
stats: page 15 1949.8618000000001 2781.98398428429 60001.52 0.797 7373.001571510511 29639
stats: 504 0 1523
stats: 200 15 420
stats: size_rcv 1045878 18061491
stats: 502 0 24641
stats: newphase 0 6
stats: size_sent 2859 3643270
stats: connected -15 12
stats: 500 0 3070
# stats: dump at 1669992501
stats: users 6 1456
stats: {freemem,"tsung_controller@ip-172-31-54-152"} 1 658.50390625 0.0 671.2109375 585.85546875 634.126846590909 55
stats: {load,"tsung_controller@ip-172-31-54-152"} 1 0.0 0.0 0.1796875 0.0 0.025426136363636363 55
stats: {cpu,"tsung_controller@ip-172-31-54-152"} 1 0.24987506246876562 0.0 5.678884873515746 0.05 1.1872273140835778 55
stats: session 6 139641.71183333333 8327.170887101604 222805.07 150.111 38283.72249473399 7406
stats: users_count 0 7418
stats: finish_users_count 6 7412
stats: request 7 18347.72414285714 7836.476345380335 60001.52 0.797 7370.258363289945 29654
stats: connect 0 0 0 26.643 0.813 1.4764885413858184 7418
stats: page 7 18347.72414285714 7836.476345380335 60001.52 0.797 7370.258363289945 29654
stats: 504 0 1523
stats: 200 7 427
stats: size_rcv 2887494 20948985
stats: 502 0 24641
stats: newphase 0 6
stats: size_sent 635 3643905
stats: connected -6 6
stats: 500 0 3070
# stats: dump at 1669992511
stats: users 3 1456
stats: {freemem,"tsung_controller@ip-172-31-54-152"} 1 659.27734375 0.0 671.2109375 585.85546875 634.5621512276786 56
stats: {load,"tsung_controller@ip-172-31-54-152"} 1 0.0 0.0 0.1796875 0.0 0.024972098214285716 56
stats: {cpu,"tsung_controller@ip-172-31-54-152"} 1 0.5991013479780329 0.0 5.678884873515746 0.05 1.1704888810190275 56
stats: session 3 144020.783 2111.632636116572 222805.07 150.111 38365.77159565569 7412
stats: users_count 0 7418
stats: finish_users_count 3 7415
stats: request 5 11099.343200000001 13586.954030028635 60001.52 0.797 7372.849046694313 29661
stats: connect 0 0 0 26.643 0.813 1.4764885413858184 7418
stats: page 5 11099.343200000001 13586.954030028635 60001.52 0.797 7372.849046694313 29661
stats: 504 0 1523
stats: 200 5 432
stats: size_rcv 5758579 26707564
stats: 502 0 24641
stats: newphase 0 6
stats: size_sent 1928 3645833
stats: connected -3 3
stats: 500 0 3070
# stats: dump at 1669992521
stats: users 1 1456
stats: {freemem,"tsung_controller@ip-172-31-54-152"} 1 661.13671875 0.0 671.2109375 585.85546875 634.9957510964912 57
stats: {load,"tsung_controller@ip-172-31-54-152"} 1 0.0 0.0 0.1796875 0.0 0.024533991228070175 57
stats: {cpu,"tsung_controller@ip-172-31-54-152"} 1 0.29985007496251875 0.0 5.678884873515746 0.05 1.160464538334098 57
stats: session 2 164347.40600000002 6822.618999999984 222805.07 150.111 38408.518060148344 7415
stats: users_count 0 7418
stats: finish_users_count 2 7417
stats: request 4 18320.65625 18315.331203543938 60001.52 0.797 7373.477121620711 29666
stats: connect 0 0 0 26.643 0.813 1.4764885413858184 7418
stats: page 4 18320.65625 18315.331203543938 60001.52 0.797 7373.477121620711 29666
stats: 504 0 1523
stats: 200 4 436
stats: size_rcv 5758190 32465754
stats: 502 0 24641
stats: newphase 0 6
stats: size_sent 1274 3647107
stats: connected -2 1
stats: 500 0 3070
# stats: dump at 1669992531
stats: users 1 1456
stats: {freemem,"tsung_controller@ip-172-31-54-152"} 1 661.5625 0.0 671.2109375 585.85546875 635.4464574353449 58
stats: {load,"tsung_controller@ip-172-31-54-152"} 1 0.0 0.0 0.1796875 0.0 0.024110991379310345 58
stats: {cpu,"tsung_controller@ip-172-31-54-152"} 1 1.2487512487512489 0.0 5.678884873515746 0.05 1.1456263579311396 58
stats: session 0 0 0 222805.07 150.111 38442.477582310894 7417
stats: users_count 0 7418
stats: finish_users_count 0 7417
stats: 504 0 1523
stats: request 0 0 0 60001.52 0.797 7374.952979946074 29670
stats: 200 0 436
stats: size_rcv 0 32465754
stats: connect 0 0 0 26.643 0.813 1.4764885413858184 7418
stats: page 0 0 0 60001.52 0.797 7374.952979946074 29670
stats: 502 0 24641
stats: newphase 0 6
stats: size_sent 0 3647107
stats: connected 0 1
stats: 500 0 3070
# stats: dump at 1669992541
stats: users 1 1456
stats: {freemem,"tsung_controller@ip-172-31-54-152"} 1 661.5625 0.0 671.2109375 585.85546875 635.8891022245763 59
stats: {load,"tsung_controller@ip-172-31-54-152"} 1 0.0 0.0 0.1796875 0.0 0.023702330508474576 59
stats: {cpu,"tsung_controller@ip-172-31-54-152"} 1 0.09995002498750624 0.0 5.678884873515746 0.05 1.1473742374365652 59
stats: session 0 0 0 222805.07 150.111 38442.477582310894 7417
stats: users_count 0 7418
stats: finish_users_count 0 7417
stats: connect 0 0 0 26.643 0.813 1.4764885413858184 7418
stats: 504 1 1524
stats: request 1 59273.556 0.0 60001.52 0.797 7374.952979946074 29670
stats: 200 0 436
stats: size_rcv 75 32465829
stats: 502 0 24641
stats: page 1 59273.556 0.0 60001.52 0.797 7374.952979946074 29670
stats: newphase 0 6
stats: size_sent 0 3647107
stats: connected 0 1
stats: 500 0 3070
# stats: dump at 1669992546
stats: users 0 1456
stats: {freemem,"tsung_controller@ip-172-31-54-152"} 1 662.65234375 0.0 671.2109375 585.85546875 636.3169921875 60
stats: {load,"tsung_controller@ip-172-31-54-152"} 1 0.0 0.0 0.1796875 0.0 0.023307291666666667 60
stats: {cpu,"tsung_controller@ip-172-31-54-152"} 1 0.09995002498750624 0.0 5.678884873515746 0.05 1.1299171672290809 60
stats: session 1 178925.917 0.0 222805.07 150.111 38442.477582310894 7417
stats: users_count 0 7418
stats: finish_users_count 1 7418
stats: request 1 9.105 0.0 60001.52 0.797 7376.702115567389 29671
stats: connect 0 0 0 26.643 0.813 1.4764885413858184 7418
stats: page 1 9.105 0.0 60001.52 0.797 7376.702115567389 29671
stats: 504 0 1524
stats: 200 1 437
stats: size_rcv 1644 32467473
stats: 502 0 24641
stats: newphase 0 6
stats: size_sent 118 3647225
stats: connected -1 0
stats: 500 0 3070
EndMonitor:{1669,992546,491555}