# stats: dump at 1670036885
stats: users 7 7
stats: {freemem,"tsung_controller@ip-172-31-51-228"} 1 688.84765625 0 688.84765625 688.84765625 0 0
stats: {load,"tsung_controller@ip-172-31-51-228"} 1 0.01171875 0 0.01171875 0.01171875 0 0
stats: {cpu,"tsung_controller@ip-172-31-51-228"} 1 5.07655233120247 0 5.07655233120247 5.07655233120247 0 0
stats: session 2 2904.8225 1466.0215 4370.844 1438.801 0 0
stats: users_count 9 9
stats: finish_users_count 2 2
stats: connect 7 2.934857142857143 3.563745999790166 11.651 1.286 0 0
stats: request 17 12.310176470588235 3.4754419479490677 21.054 8.27 0 0
stats: page 17 12.310176470588235 3.4754419479490677 21.054 8.27 0 0
stats: 200 17 17
stats: size_rcv 13512 13512
stats: size_sent 7098 7098
stats: connected 5 5
# stats: dump at 1670036895
stats: users 10 12
stats: {freemem,"tsung_controller@ip-172-31-51-228"} 1 678.9453125 0.0 688.84765625 678.9453125 688.84765625 1
stats: {load,"tsung_controller@ip-172-31-51-228"} 1 0.08984375 0.0 0.08984375 0.01171875 0.01171875 1
stats: {cpu,"tsung_controller@ip-172-31-51-228"} 1 19.872110181997048 0.0 19.872110181997048 5.07655233120247 5.07655233120247 1
stats: session 6 8929.055166666667 1621.592470560284 11185.593 1438.801 2904.8225 2
stats: users_count 9 18
stats: finish_users_count 6 8
stats: request 29 36.49262068965518 122.9662334815913 686.546 8.232 12.310176470588235 17
stats: connect 10 1.2931000000000001 0.050387399218455454 11.651 1.205 2.934857142857143 7
stats: page 29 36.49262068965518 122.9662334815913 686.546 8.232 12.310176470588235 17
stats: 200 29 46
stats: size_rcv 70427 83939
stats: size_sent 13005 20103
stats: connected 4 9
# stats: dump at 1670036905
stats: users 12 14
stats: {freemem,"tsung_controller@ip-172-31-51-228"} 1 666.21484375 0.0 688.84765625 666.21484375 683.896484375 2
stats: {load,"tsung_controller@ip-172-31-51-228"} 1 0.23046875 0.0 0.23046875 0.01171875 0.05078125 2
stats: {cpu,"tsung_controller@ip-172-31-51-228"} 1 48.771929824561404 0.0 48.771929824561404 5.07655233120247 12.47433125659976 2
stats: session 11 8440.286272727271 2997.9172264674653 13943.472 1438.801 7422.997000000001 8
stats: users_count 13 31
stats: finish_users_count 11 19
stats: 200 51 97
stats: request 51 55.076196078431366 152.5307946558783 686.546 7.447 27.555630434782614 46
stats: size_rcv 237362 321301
stats: size_sent 24805 44908
stats: connect 14 1.847857142857143 1.9999236005815986 11.651 1.061 1.9691176470588236 17
stats: connected 3 12
stats: page 51 55.076196078431366 152.5307946558783 686.546 7.447 27.555630434782614 46
# stats: dump at 1670036915
stats: users 11 14
stats: {freemem,"tsung_controller@ip-172-31-51-228"} 1 665.14453125 0.0 688.84765625 665.14453125 678.0026041666666 3
stats: {load,"tsung_controller@ip-172-31-51-228"} 1 0.19140625 0.0 0.23046875 0.01171875 0.11067708333333333 3
stats: {cpu,"tsung_controller@ip-172-31-51-228"} 1 0.4495504495504496 0.0 48.771929824561404 0.4495504495504496 24.57353077925364 3
stats: session 11 9415.874727272725 6883.541110239081 26437.306 1438.801 8011.953947368421 19
stats: users_count 10 41
stats: finish_users_count 11 30
stats: 200 46 143
stats: request 46 29.111695652173918 105.65343226731395 736.021 7.447 42.02520618556701 97
stats: size_rcv 80293 401594
stats: size_sent 24264 69172
stats: connect 9 1.6313333333333333 0.8903123047560335 11.651 1.061 1.9143548387096776 31
stats: connected -2 10
stats: page 46 29.111695652173918 105.65343226731395 736.021 7.447 42.02520618556701 97
# stats: dump at 1670036925
stats: users 11 14
stats: {freemem,"tsung_controller@ip-172-31-51-228"} 1 665.63671875 0.0 688.84765625 665.14453125 674.7880859375 4
stats: {load,"tsung_controller@ip-172-31-51-228"} 1 0.16015625 0.0 0.23046875 0.01171875 0.130859375 4
stats: {cpu,"tsung_controller@ip-172-31-51-228"} 1 0.3996003996003996 0.0 48.771929824561404 0.3996003996003996 18.54253569682784 4
stats: session 14 8671.984785714285 4922.839788705052 26437.306 1438.801 8526.7249 30
stats: users_count 14 55
stats: finish_users_count 14 44
stats: request 53 41.82733962264153 127.76806372426138 743.508 7.447 37.87120979020979 143
stats: connect 15 1.3286666666666667 0.12198724887826952 11.651 1.061 1.850675 40
stats: page 53 41.82733962264153 127.76806372426138 743.508 7.447 37.87120979020979 143
stats: 200 53 196
stats: size_rcv 187868 589462
stats: size_sent 25522 94694
stats: connected 1 11
# stats: dump at 1670036935
stats: users 5 14
stats: {freemem,"tsung_controller@ip-172-31-51-228"} 1 665.22265625 0.0 688.84765625 665.14453125 672.9578125 5
stats: {load,"tsung_controller@ip-172-31-51-228"} 1 0.140625 0.0 0.23046875 0.01171875 0.13671875 5
stats: {cpu,"tsung_controller@ip-172-31-51-228"} 1 0.5489021956087825 0.0 48.771929824561404 0.3996003996003996 14.913948637382353 5
stats: session 11 8250.257454545454 4150.080846174102 26437.306 1438.801 8572.943954545453 44
stats: users_count 5 60
stats: finish_users_count 11 55
stats: request 35 22.51417142857143 72.38272393069879 743.508 7.43 38.94097959183674 196
stats: connect 5 1.3097999999999999 0.044119836808401626 11.651 1.061 1.7083090909090908 55
stats: page 35 22.51417142857143 72.38272393069879 743.508 7.43 38.94097959183674 196
stats: 200 35 231
stats: size_rcv 73487 662949
stats: size_sent 19453 114147
stats: connected -6 5
# stats: dump at 1670036945
stats: users 9 14
stats: {freemem,"tsung_controller@ip-172-31-51-228"} 1 665.28125 0.0 688.84765625 665.14453125 671.6686197916666 6
stats: {load,"tsung_controller@ip-172-31-51-228"} 1 0.12109375 0.0 0.23046875 0.01171875 0.13736979166666666 6
stats: {cpu,"tsung_controller@ip-172-31-51-228"} 1 0.2 0.0 48.771929824561404 0.2 12.519774230420092 6
stats: session 7 7164.967428571427 3737.720394002619 26437.306 1438.801 8508.406654545453 55
stats: users_count 11 71
stats: finish_users_count 7 62
stats: 200 28 259
stats: request 28 12.971107142857148 4.288235845553721 743.508 7.43 36.452069264069266 231
stats: size_rcv 20316 683265
stats: newphase 1 1
stats: size_sent 11918 126065
stats: connect 11 1.5885454545454545 0.4869921342721823 11.651 1.061 1.6751 60
stats: connected 5 10
stats: page 28 12.971107142857148 4.288235845553721 743.508 7.43 36.452069264069266 231
# stats: dump at 1670036955
stats: users 21 22
stats: {freemem,"tsung_controller@ip-172-31-51-228"} 1 668.45703125 0.0 688.84765625 665.14453125 670.7561383928571 7
stats: {load,"tsung_controller@ip-172-31-51-228"} 1 0.1015625 0.0 0.23046875 0.01171875 0.13504464285714285 7
stats: {cpu,"tsung_controller@ip-172-31-51-228"} 1 0.5486284289276808 0.0 48.771929824561404 0.2 10.759806483217222 7
stats: session 11 9053.34218181818 7456.632493601225 26437.306 1438.801 8356.728032258063 62
stats: users_count 23 94
stats: finish_users_count 11 73
stats: 200 69 328
stats: request 69 22.001000000000005 70.24076871855767 743.508 7.43 33.913586872586876 259
stats: size_rcv 99563 782828
stats: newphase 0 1
stats: size_sent 32113 158178
stats: connect 23 1.3759565217391307 0.26206711358483015 11.651 1.061 1.6616901408450704 71
stats: connected 11 21
stats: page 69 22.001000000000005 70.24076871855767 743.508 7.43 33.913586872586876 259
# stats: dump at 1670036965
stats: users 29 30
stats: {freemem,"tsung_controller@ip-172-31-51-228"} 1 665.44921875 0.0 688.84765625 665.14453125 670.46875 8
stats: {load,"tsung_controller@ip-172-31-51-228"} 1 0.078125 0.0 0.23046875 0.01171875 0.130859375 8
stats: {cpu,"tsung_controller@ip-172-31-51-228"} 1 0.7976071784646062 0.0 48.771929824561404 0.2 9.48340922643103 8
stats: session 19 8148.625210526315 4506.117679317992 26437.306 1438.801 8461.697287671232 73
stats: users_count 27 121
stats: finish_users_count 19 92
stats: request 90 30.130033333333333 102.34397186215271 743.508 7.43 31.407585365853663 328
stats: connect 27 1.4560000000000002 0.42680483873823455 11.651 1.061 1.591776595744681 94
stats: page 90 30.130033333333333 102.34397186215271 743.508 7.43 31.407585365853663 328
stats: 200 90 418
stats: size_rcv 214555 997383
stats: newphase 0 1
stats: size_sent 41952 200130
stats: connected 9 30
# stats: dump at 1670036975
stats: users 21 31
stats: {freemem,"tsung_controller@ip-172-31-51-228"} 1 661.9921875 0.0 688.84765625 661.9921875 669.9110243055555 9
stats: {load,"tsung_controller@ip-172-31-51-228"} 1 0.0703125 0.0 0.23046875 0.01171875 0.125 9
stats: {cpu,"tsung_controller@ip-172-31-51-228"} 1 0.6989515726410384 0.0 48.771929824561404 0.2 8.518320109990317 9
stats: session 28 9047.573392857144 4977.805059450625 26437.306 1438.801 8397.041097826086 92
stats: users_count 20 141
stats: finish_users_count 28 120
stats: request 100 38.37601 113.76232251958425 743.508 7.155 31.132514354066988 418
stats: 200 100 518
stats: size_rcv 316431 1313814
stats: newphase 0 1
stats: size_sent 53028 253158
stats: connect 19 1.5121578947368421 0.6240005282688296 11.651 1.061 1.5614793388429753 121
stats: connected -10 20
stats: page 100 38.37601 113.76232251958425 743.508 7.155 31.132514354066988 418
# stats: dump at 1670036985
stats: users 14 31
stats: {freemem,"tsung_controller@ip-172-31-51-228"} 1 663.64453125 0.0 688.84765625 661.9921875 669.119140625 10
stats: {load,"tsung_controller@ip-172-31-51-228"} 1 0.05859375 0.0 0.23046875 0.01171875 0.11953125 10
stats: {cpu,"tsung_controller@ip-172-31-51-228"} 1 0.6490264603095357 0.0 48.771929824561404 0.2 7.7363832562553885 10
stats: session 26 11553.570884615387 7355.961142337716 27456.711 1438.801 8548.831966666667 120
stats: users_count 19 160
stats: finish_users_count 26 146
stats: request 93 33.08329032258062 105.16551569220866 743.508 7.155 32.53087258687259 518
stats: connect 20 1.5320500000000001 0.783393545735475 11.651 1.061 1.5547857142857144 140
stats: page 93 33.08329032258062 105.16551569220866 743.508 7.155 32.53087258687259 518
stats: 200 93 611
stats: size_rcv 263234 1577048
stats: newphase 0 1
stats: size_sent 48098 301256
stats: connected -5 15
# stats: dump at 1670036995
stats: users 14 31
stats: {freemem,"tsung_controller@ip-172-31-51-228"} 1 663.9765625 0.0 688.84765625 661.9921875 668.6214488636364 11
stats: {load,"tsung_controller@ip-172-31-51-228"} 1 0.05078125 0.0 0.23046875 0.01171875 0.11399147727272728 11
stats: {cpu,"tsung_controller@ip-172-31-51-228"} 1 0.6480558325024925 0.0 48.771929824561404 0.2 7.092078092987584 11
stats: session 19 8995.972263157895 5551.365358225373 27456.711 1438.801 9083.92245890411 146
stats: users_count 19 179
stats: finish_users_count 19 165
stats: request 75 29.883920000000003 92.43818923940616 743.508 7.155 32.6149558101473 611
stats: connect 18 1.4748888888888887 0.5722177022475207 11.651 1.061 1.55194375 160
stats: page 75 29.883920000000003 92.43818923940616 743.508 7.155 32.6149558101473 611
stats: 200 75 686
stats: size_rcv 200588 1777636
stats: newphase 0 1
stats: size_sent 37838 339094
stats: connected -2 13
# stats: dump at 1670037005
stats: users 29 31
stats: {freemem,"tsung_controller@ip-172-31-51-228"} 1 663.58984375 0.0 688.84765625 661.9921875 668.234375 12
stats: {load,"tsung_controller@ip-172-31-51-228"} 1 0.0390625 0.0 0.23046875 0.01171875 0.10872395833333333 12
stats: {cpu,"tsung_controller@ip-172-31-51-228"} 1 0.4987531172069825 0.0 48.771929824561404 0.2 6.555076237947159 12
stats: session 16 6324.709562499999 3284.2817493990974 27456.711 1004.791 9073.79486060606 165
stats: users_count 31 210
stats: finish_users_count 16 181
stats: request 84 49.22916666666666 174.30182983247303 1370.819 7.155 32.31637317784257 686
stats: connect 31 2.309451612903226 3.009950764131765 14.283 1.061 1.5441516853932584 178
stats: page 84 49.22916666666666 174.30182983247303 1370.819 7.155 32.31637317784257 686
stats: 200 84 770
stats: size_rcv 211528 1989164
stats: newphase 1 2
stats: size_sent 36773 375867
stats: connected 15 28
# stats: dump at 1670037015
stats: users 41 42
stats: {freemem,"tsung_controller@ip-172-31-51-228"} 1 663.42578125 0.0 688.84765625 661.9921875 667.8771033653846 13
stats: {load,"tsung_controller@ip-172-31-51-228"} 1 0.03125 0.0 0.23046875 0.01171875 0.10336538461538461 13
stats: {cpu,"tsung_controller@ip-172-31-51-228"} 1 0.9945300845350571 0.0 48.771929824561404 0.2 6.089205228659454 13
stats: session 32 9301.244874999999 5625.224825297867 27456.711 1004.791 8830.78179558011 181
stats: users_count 44 254
stats: finish_users_count 32 213
stats: request 161 30.377496894409962 99.85334289928922 1370.819 7.155 34.1614051948052 770
stats: page 161 30.377496894409962 99.85334289928922 1370.819 7.155 34.1614051948052 770
stats: connect 44 1.4207499999999995 0.3974634417150841 14.283 1.061 1.657665071770335 209
stats: 200 161 931
stats: size_rcv 366250 2355414
stats: newphase 0 2
stats: size_sent 79497 455364
stats: connected 13 41
# stats: dump at 1670037025
stats: users 40 48
stats: {freemem,"tsung_controller@ip-172-31-51-228"} 1 658.69140625 0.0 688.84765625 658.69140625 667.5591517857143 14
stats: {load,"tsung_controller@ip-172-31-51-228"} 1 0.03125 0.0 0.23046875 0.01171875 0.09821428571428571 14
stats: {cpu,"tsung_controller@ip-172-31-51-228"} 1 1.4413518886679921 0.0 48.771929824561404 0.2 5.725299861221997 14
stats: session 47 7832.789297872339 4066.916811622209 27456.711 1004.791 8901.46169483568 213
stats: users_count 46 300
stats: finish_users_count 47 260
stats: request 189 70.06338624338619 173.47497439576904 1370.819 7.155 33.50704511278197 931
stats: 200 189 1120
stats: connect 47 1.6940638297872341 1.267628283058904 14.283 1.061 1.6164624505928853 253
stats: page 189 70.06338624338619 173.47497439576904 1370.819 7.155 33.50704511278197 931
stats: size_rcv 834739 3190153
stats: newphase 0 2
stats: size_sent 95172 550536
stats: connected 1 42
# stats: dump at 1670037035
stats: users 49 50
stats: {freemem,"tsung_controller@ip-172-31-51-228"} 1 652.94140625 0.0 688.84765625 652.94140625 666.96796875 15
stats: {load,"tsung_controller@ip-172-31-51-228"} 1 0.01953125 0.0 0.23046875 0.01171875 0.09375 15
stats: {cpu,"tsung_controller@ip-172-31-51-228"} 1 1.294820717131474 0.0 48.771929824561404 0.2 5.439703329718397 15
stats: session 40 9217.0183 5655.282251481557 27456.711 1004.791 8708.278607692306 260
stats: users_count 49 349
stats: finish_users_count 40 300
stats: request 174 53.70464942528735 167.72806166577706 1370.819 7.155 39.67592767857143 1120
stats: connect 48 1.3382708333333335 0.32269921105570154 14.283 1.054 1.62862 300
stats: page 174 53.70464942528735 167.72806166577706 1370.819 7.155 39.67592767857143 1120
stats: 200 174 1294
stats: size_rcv 626585 3816738
stats: newphase 0 2
stats: size_sent 83098 633634
stats: connected 7 49
# stats: dump at 1670037045
stats: users 40 50
stats: {freemem,"tsung_controller@ip-172-31-51-228"} 1 653.68359375 0.0 688.84765625 652.94140625 666.09130859375 16
stats: {load,"tsung_controller@ip-172-31-51-228"} 1 0.01953125 0.0 0.23046875 0.01171875 0.089111328125 16
stats: {cpu,"tsung_controller@ip-172-31-51-228"} 1 0.798004987531172 0.0 48.771929824561404 0.2 5.180648166431714 16
stats: session 47 10440.81780851064 5644.893087398574 37234.757 1004.791 8776.110566666664 300
stats: users_count 38 387
stats: finish_users_count 47 347
stats: request 177 63.46348022598866 181.87172913546564 1370.819 7.049 41.56232457496136 1294
stats: connect 38 1.5403684210526318 0.9745412799728861 14.283 1.054 1.5885718390804597 348
stats: page 177 63.46348022598866 181.87172913546564 1370.819 7.049 41.56232457496136 1294
stats: 200 177 1471
stats: size_rcv 773216 4589954
stats: newphase 0 2
stats: size_sent 90958 724592
stats: connected -10 39
# stats: dump at 1670037055
stats: users 24 50
stats: {freemem,"tsung_controller@ip-172-31-51-228"} 1 653.9453125 0.0 688.84765625 652.94140625 665.3614430147059 17
stats: {load,"tsung_controller@ip-172-31-51-228"} 1 0.01953125 0.0 0.23046875 0.01171875 0.08501838235294118 17
stats: {cpu,"tsung_controller@ip-172-31-51-228"} 1 0.7992007992007992 0.0 48.771929824561404 0.2 4.922845626496389 17
stats: session 49 9760.189224489795 5355.701127290041 37234.757 1004.791 9001.589645533139 347
stats: users_count 33 420
stats: finish_users_count 49 396
stats: request 159 100.69796855345913 241.0485275764459 1370.819 7.049 44.197609789259005 1471
stats: connect 34 2.0588529411764704 3.484967702883114 21.729 1.01 1.5838264248704663 386
stats: page 159 100.69796855345913 241.0485275764459 1370.819 7.049 44.197609789259005 1471
stats: 200 159 1630
stats: size_rcv 962747 5552701
stats: newphase 0 2
stats: size_sent 82242 806834
stats: connected -15 24
# stats: dump at 1670037065
stats: users 65 67
stats: {freemem,"tsung_controller@ip-172-31-51-228"} 1 659.43359375 0.0 688.84765625 652.94140625 664.7272135416666 18
stats: {load,"tsung_controller@ip-172-31-51-228"} 1 0.01171875 0.0 0.23046875 0.01171875 0.08138020833333333 18
stats: {cpu,"tsung_controller@ip-172-31-51-228"} 1 0.6993006993006993 0.0 48.771929824561404 0.2 4.69375424720219 18
stats: session 28 10013.879392857143 5357.408834581898 37234.757 1004.791 9095.456765151512 396
stats: users_count 69 489
stats: finish_users_count 28 424
stats: request 188 39.787085106383 129.43707989821874 1370.819 7.049 49.7089944785276 1630
stats: connect 69 1.5334057971014496 0.8904558077039197 21.729 1.01 1.6222809523809523 420
stats: page 188 39.787085106383 129.43707989821874 1370.819 7.049 49.7089944785276 1630
stats: 200 188 1818
stats: size_rcv 341024 5893725
stats: newphase 1 3
stats: size_sent 83093 889927
stats: connected 41 65
# stats: dump at 1670037075
stats: users 74 83
stats: {freemem,"tsung_controller@ip-172-31-51-228"} 1 656.29296875 0.0 688.84765625 652.94140625 664.4486019736842 19
stats: {load,"tsung_controller@ip-172-31-51-228"} 1 0.01171875 0.0 0.23046875 0.01171875 0.07771381578947369 19
stats: {cpu,"tsung_controller@ip-172-31-51-228"} 1 0.8504252126063032 0.0 48.771929824561404 0.2 4.483519849944217 19
stats: session 71 9259.678915492956 4671.417877040781 37234.757 1004.791 9156.107316037733 424
stats: users_count 80 569
stats: finish_users_count 71 495
stats: request 299 115.42040802675592 323.6022712091286 1815.632 7.049 48.68296644664466 1818
stats: 200 299 2117
stats: connect 79 1.377772151898734 0.5727183448394354 21.729 0.987 1.6097402862985686 489
stats: page 299 115.42040802675592 323.6022712091286 1815.632 7.049 48.68296644664466 1818
stats: size_rcv 1315593 7209318
stats: newphase 0 3
stats: size_sent 148131 1038058
stats: connected 9 74
# stats: dump at 1670037085
stats: users 71 92
stats: {freemem,"tsung_controller@ip-172-31-51-228"} 1 649.0703125 0.0 688.84765625 649.0703125 664.0408203125 20
stats: {load,"tsung_controller@ip-172-31-51-228"} 1 0.01171875 0.0 0.23046875 0.01171875 0.0744140625 20
stats: {cpu,"tsung_controller@ip-172-31-51-228"} 1 1.2980529206190714 0.0 48.771929824561404 0.2 4.301865118077321 20
stats: session 84 9273.651702380947 4612.407118777974 37234.757 1004.791 9170.963040404036 495
stats: users_count 81 650
stats: finish_users_count 84 579
stats: request 341 67.20295307917898 190.5217831963588 1815.632 7.049 58.108802550779416 2117
stats: connect 82 1.3201585365853663 0.4806311772291595 21.729 0.987 1.5774771126760565 568
stats: page 341 67.20295307917898 190.5217831963588 1815.632 7.049 58.108802550779416 2117
stats: 200 341 2458
stats: size_rcv 1346027 8555345
stats: newphase 0 3
stats: size_sent 174259 1212317
stats: connected -3 71
# stats: dump at 1670037095
stats: users 72 92
stats: {freemem,"tsung_controller@ip-172-31-51-228"} 1 646.140625 0.0 688.84765625 646.140625 663.3279389880952 21
stats: {load,"tsung_controller@ip-172-31-51-228"} 1 0.01171875 0.0 0.23046875 0.01171875 0.07142857142857142 21
stats: {cpu,"tsung_controller@ip-172-31-51-228"} 1 1.5928322548531608 0.0 48.771929824561404 0.2 4.15882644200788 21
stats: session 73 10126.714465753425 5118.280147274369 37234.757 433.021 9185.86087737478 579
stats: users_count 74 724
stats: finish_users_count 73 652
stats: request 291 97.76208247422669 285.254128374919 1815.632 7.049 59.370440195280736 2458
stats: connect 71 1.3964647887323949 0.676901928340548 21.729 0.987 1.5450153846153847 650
stats: page 291 97.76208247422669 285.254128374919 1815.632 7.049 59.370440195280736 2458
stats: 200 291 2749
stats: size_rcv 1210495 9765840
stats: newphase 0 3
stats: size_sent 141787 1354104
stats: connected -1 70
# stats: dump at 1670037105
stats: users 72 92
stats: {freemem,"tsung_controller@ip-172-31-51-228"} 1 646.42578125 0.0 688.84765625 646.140625 662.5466974431818 22
stats: {load,"tsung_controller@ip-172-31-51-228"} 1 0.0 0.0 0.23046875 0.0 0.06871448863636363 22
stats: {cpu,"tsung_controller@ip-172-31-51-228"} 1 1.3979031452820767 0.0 48.771929824561404 0.2 4.042190342591757 22
stats: session 81 8757.773320987655 4741.707063692864 37234.757 433.021 9291.201846625765 652
stats: users_count 81 805
stats: finish_users_count 81 733
stats: request 323 95.48541486068106 279.41660901160304 1850.047 7.049 63.43445180065479 2749
stats: connect 84 1.2663333333333344 0.2110025013016565 21.729 0.987 1.5303869625520112 721
stats: page 323 95.48541486068106 279.41660901160304 1850.047 7.049 63.43445180065479 2749
stats: 200 323 3072
stats: size_rcv 1277065 11042905
stats: newphase 0 3
stats: size_sent 160826 1514930
stats: connected 2 72
# stats: dump at 1670037115
stats: users 66 92
stats: {freemem,"tsung_controller@ip-172-31-51-228"} 1 646.06640625 0.0 688.84765625 646.06640625 661.8457880434781 23
stats: {load,"tsung_controller@ip-172-31-51-228"} 1 0.0 0.0 0.23046875 0.0 0.06572690217391304 23
stats: {cpu,"tsung_controller@ip-172-31-51-228"} 1 1.691542288557214 0.0 48.771929824561404 0.2 3.9272213340130753 23
stats: session 74 9360.503743243245 4931.019724071932 37234.757 433.021 9232.255447476124 733
stats: users_count 68 873
stats: finish_users_count 74 807
stats: request 288 49.12225694444443 149.61666807395505 1850.047 6.873 66.80439355468751 3072
stats: connect 67 1.3947761194029853 0.6442896544510878 21.729 0.862 1.502833540372671 805
stats: 200 288 3360
stats: page 288 49.12225694444443 149.61666807395505 1850.047 6.873 66.80439355468751 3072
stats: size_rcv 952255 11995160
stats: newphase 0 3
stats: size_sent 145128 1660058
stats: connected -7 65
# stats: dump at 1670037125
stats: users 132 140
stats: {freemem,"tsung_controller@ip-172-31-51-228"} 1 645.734375 0.0 688.84765625 645.734375 661.1883138020831 24
stats: {load,"tsung_controller@ip-172-31-51-228"} 1 0.0 0.0 0.23046875 0.0 0.06298828125 24
stats: {cpu,"tsung_controller@ip-172-31-51-228"} 1 1.4427860696517412 0.0 48.771929824561404 0.2 3.8340680404524146 24
stats: session 97 8011.980793814431 4844.16937589515 37234.757 433.021 9244.015514250308 807
stats: users_count 163 1036
stats: finish_users_count 97 904
stats: connect 155 1.3530193548387108 0.5065528851283366 21.729 0.862 1.4945309633027526 872
stats: page 476 139.01992436974808 354.11426113700014 2961.675 6.873 65.28878184523809 3360
stats: 200 476 3836
stats: size_rcv 1400429 13395589
stats: newphase 1 4
stats: size_sent 225927 1885985
stats: connected 74 139
stats: request 476 139.01992436974808 354.11426113700014 2961.675 6.873 65.28878184523809 3360
# stats: dump at 1670037135
stats: users 174 174
stats: {freemem,"tsung_controller@ip-172-31-51-228"} 1 631.5625 0.0 688.84765625 631.5625 660.5701562499999 25
stats: {load,"tsung_controller@ip-172-31-51-228"} 1 0.0 0.0 0.23046875 0.0 0.06046875 25
stats: {cpu,"tsung_controller@ip-172-31-51-228"} 1 3.998025666337611 0.0 48.771929824561404 0.2 3.7384167616203876 25
stats: session 130 7809.202246153844 3733.20381629311 37234.757 433.021 9111.817098451325 904
stats: users_count 172 1208
stats: finish_users_count 130 1034
stats: request 593 176.77900337268133 375.1736143059048 3062.982 6.873 74.43790172054226 3836
stats: 200 593 4429
stats: connect 173 1.385034682080925 0.5243566704756389 21.729 0.862 1.473173320350536 1027
stats: size_rcv 1573412 14969001
stats: newphase 0 4
stats: page 593 176.77900337268133 375.1736143059048 3062.982 6.873 74.43790172054226 3836
stats: size_sent 301396 2187381
stats: connected 31 170
# stats: dump at 1670037145
stats: users 229 229
stats: {freemem,"tsung_controller@ip-172-31-51-228"} 1 626.109375 0.0 688.84765625 626.109375 659.4544771634614 26
stats: {load,"tsung_controller@ip-172-31-51-228"} 1 0.0 0.0 0.23046875 0.0 0.05814302884615385 26
stats: {cpu,"tsung_controller@ip-172-31-51-228"} 1 4.616895874263261 0.0 48.771929824561404 0.2 3.748401719494127 26
stats: session 84 12912.06742857143 3501.4175214465117 37234.757 433.021 8948.045405222434 1034
stats: users_count 139 1347
stats: finish_users_count 84 1118
stats: request 388 1994.326162371131 852.4030221289422 5688.03 6.873 88.14037931813053 4429
stats: page 388 1994.326162371131 852.4030221289422 5688.03 6.873 88.14037931813053 4429
stats: 200 388 4817
stats: connect 138 1.503565217391304 1.4958498527521324 21.729 0.862 1.4604666666666672 1200
stats: size_rcv 1731285 16700286
stats: newphase 0 4
stats: size_sent 230109 2417490
stats: connected 53 223
# stats: dump at 1670037155
stats: users 270 272
stats: {freemem,"tsung_controller@ip-172-31-51-228"} 1 617.84765625 0.0 688.84765625 617.84765625 658.2194733796294 27
stats: {load,"tsung_controller@ip-172-31-51-228"} 1 0.0 0.0 0.23046875 0.0 0.055989583333333336 27
stats: {cpu,"tsung_controller@ip-172-31-51-228"} 1 3.9254170755642788 0.0 48.771929824561404 0.2 3.7805681696707616 27
stats: session 116 15769.531370689652 4373.3510763807535 37234.757 433.021 9245.87890250447 1118
stats: users_count 157 1504
stats: finish_users_count 116 1234
stats: 200 552 5369
stats: request 552 1958.0722807971001 1042.3884298420537 6486.506 6.873 241.67994415611352 4817
stats: size_rcv 1748998 18449284
stats: newphase 0 4
stats: connect 158 1.30329746835443 0.34141143206248664 21.729 0.862 1.4649118086696566 1338
stats: size_sent 285885 2703375
stats: page 552 1958.0722807971001 1042.3884298420537 6486.506 6.873 241.67994415611352 4817
stats: connected 43 266
# stats: dump at 1670037165
stats: users 274 288
stats: {freemem,"tsung_controller@ip-172-31-51-228"} 1 605.05078125 0.0 688.84765625 605.05078125 656.777622767857 28
stats: {load,"tsung_controller@ip-172-31-51-228"} 1 0.078125 0.0 0.23046875 0.0 0.053989955357142856 28
stats: {cpu,"tsung_controller@ip-172-31-51-228"} 1 3.548546081813701 0.0 48.771929824561404 0.2 3.7857413448812447 28
stats: session 140 18320.044528571423 5331.791928969313 37234.757 433.021 9859.123380875202 1234
stats: users_count 144 1648
stats: finish_users_count 140 1374
stats: request 563 2943.2733978685587 826.3479472864998 6486.506 6.873 418.14643136524455 5369
stats: connect 149 1.3355570469798665 0.46336980437303255 21.729 0.862 1.447842914438503 1496
stats: page 563 2943.2733978685587 826.3479472864998 6486.506 6.873 418.14643136524455 5369
stats: 200 564 5933
stats: size_rcv 1798526 20247810
stats: newphase 0 4
stats: size_sent 258978 2962353
stats: connected 16 282
# stats: dump at 1670037175
stats: users 283 300
stats: {freemem,"tsung_controller@ip-172-31-51-228"} 1 594.3203125 0.0 688.84765625 594.3203125 654.993938577586 29
stats: {load,"tsung_controller@ip-172-31-51-228"} 1 0.0703125 0.0 0.23046875 0.0 0.05482219827586207 29
stats: {cpu,"tsung_controller@ip-172-31-51-228"} 1 3.3939990162321694 0.0 48.771929824561404 0.2 3.7775621978789156 29
stats: session 148 18453.96931756758 5902.204893903302 54756.3 433.021 10721.225972343522 1374
stats: users_count 157 1805
stats: finish_users_count 148 1522
stats: connect 154 1.3100454545454538 0.2942079470641513 21.729 0.862 1.4376723404255323 1645
stats: page 634 2223.936985804416 797.6683685031638 6486.506 6.873 657.803626601483 5932
stats: request 634 2223.936985804416 797.6683685031638 6486.506 6.873 657.803626601483 5932
stats: 200 633 6566
stats: size_rcv 1750539 21998349
stats: newphase 0 4
stats: size_sent 311332 3273685
stats: connected 3 285
# stats: dump at 1670037185
stats: users 420 420
stats: {freemem,"tsung_controller@ip-172-31-51-228"} 1 575.92578125 0.0 688.84765625 575.92578125 652.9714843749999 30
stats: {load,"tsung_controller@ip-172-31-51-228"} 1 0.05859375 0.0 0.23046875 0.0 0.055338541666666664 30
stats: {cpu,"tsung_controller@ip-172-31-51-228"} 1 5.922330097087379 0.0 48.771929824561404 0.2 3.7647767584906906 30
stats: session 165 18169.571242424245 6109.386803703164 54756.3 433.021 11473.161593298291 1522
stats: users_count 302 2107
stats: finish_users_count 165 1687
stats: connect 292 1.3779315068493152 0.4577210845035426 21.729 0.862 1.4267470817120624 1799
stats: page 800 1941.6665299999977 1339.8865671736958 6486.506 0.691 809.026372525129 6566
stats: 200 586 7152
stats: request 800 1941.6665299999977 1339.8865671736958 6486.506 0.691 809.026372525129 6566
stats: size_rcv 1746201 23744550
stats: newphase 1 5
stats: 502 215 215
stats: size_sent 371677 3645362
stats: connected 126 411
# stats: dump at 1670037195
stats: users 504 507
stats: {freemem,"tsung_controller@ip-172-31-51-228"} 1 566.83984375 0.0 688.84765625 566.83984375 650.4861391129031 31
stats: {load,"tsung_controller@ip-172-31-51-228"} 1 0.05078125 0.0 0.23046875 0.0 0.055443548387096774 31
stats: {cpu,"tsung_controller@ip-172-31-51-228"} 1 7.0908207867897035 0.0 48.771929824561404 0.2 3.8343752532841324 31
stats: session 253 14579.90082608695 6317.941223376377 54756.3 433.021 12128.115708358031 1687
stats: users_count 337 2444
stats: finish_users_count 253 1940
stats: request 1266 1350.835630331755 1633.650388279497 6797.432 0.674 932.0391509638873 7366
stats: 200 547 7699
stats: connect 337 1.4202759643916905 1.0453995379152068 21.729 0.862 1.4199301769488286 2091
stats: size_rcv 1917405 25661955
stats: newphase 0 5
stats: page 1266 1350.835630331755 1633.650388279497 6797.432 0.674 932.0391509638873 7366
stats: 502 718 933
stats: size_sent 492612 4137974
stats: connected 88 499
# stats: dump at 1670037205
stats: users 485 507
stats: {freemem,"tsung_controller@ip-172-31-51-228"} 1 556.203125 0.0 688.84765625 556.203125 647.8721923828124 32
stats: {load,"tsung_controller@ip-172-31-51-228"} 1 0.12109375 0.0 0.23046875 0.0 0.0552978515625 32
stats: {cpu,"tsung_controller@ip-172-31-51-228"} 1 8.268858800773694 0.0 48.771929824561404 0.2 3.9361391762061815 32
stats: session 325 14384.356273846144 6564.139473906405 54756.3 433.021 12447.858819072164 1940
stats: users_count 306 2750
stats: finish_users_count 325 2265
stats: request 1312 1602.9567324695108 2473.929892031312 9313.234 0.673 993.4613408248374 8632
stats: 200 400 8099
stats: size_rcv 2009366 27671321
stats: connect 310 1.2873612903225808 0.4755349094592994 21.729 0.862 1.4199781713344317 2428
stats: newphase 0 5
stats: 502 912 1845
stats: size_sent 409289 4547263
stats: page 1312 1602.9567324695108 2473.929892031312 9313.234 0.673 993.4613408248374 8632
stats: connected -13 486
# stats: dump at 1670037215
stats: users 427 507
stats: {freemem,"tsung_controller@ip-172-31-51-228"} 1 572.71484375 0.0 688.84765625 556.203125 645.0943418560605 33
stats: {load,"tsung_controller@ip-172-31-51-228"} 1 0.1015625 0.0 0.23046875 0.0 0.057291666666666664 33
stats: {cpu,"tsung_controller@ip-172-31-51-228"} 1 7.766990291262135 0.0 48.771929824561404 0.2 4.067433710283985 33
stats: session 334 15364.094416167654 6480.033505381182 54756.3 433.021 12725.722692273728 2265
stats: users_count 276 3026
stats: finish_users_count 334 2599
stats: request 1169 1570.2440316509837 2100.88750030801 9313.234 0.652 1073.8774665124693 9944
stats: connect 277 1.3263068592057754 0.4862930692069623 21.729 0.862 1.4049631117604091 2738
stats: page 1169 1570.2440316509837 2100.88750030801 9313.234 0.652 1073.8774665124693 9944
stats: 200 469 8568
stats: size_rcv 1846416 29517737
stats: newphase 0 5
stats: 502 700 2545
stats: size_sent 384492 4931755
stats: connected -56 430
# stats: dump at 1670037225
stats: users 494 507
stats: {freemem,"tsung_controller@ip-172-31-51-228"} 1 598.95703125 0.0 688.84765625 556.203125 642.9655330882351 34
stats: {load,"tsung_controller@ip-172-31-51-228"} 1 0.078125 0.0 0.23046875 0.0 0.05859375 34
stats: {cpu,"tsung_controller@ip-172-31-51-228"} 1 6.34455832113226 0.0 48.771929824561404 0.2 4.176244197959813 34
stats: session 281 15609.270341637013 6649.119944917531 54756.3 433.021 13064.782390534818 2599
stats: users_count 348 3374
stats: finish_users_count 281 2880
stats: request 1240 1719.4885588709697 2202.853567751427 9313.234 0.652 1126.0913164761987 11113
stats: connect 342 1.3939239766081861 0.7006855457239898 21.729 0.862 1.397736650082919 3015
stats: page 1240 1719.4885588709697 2202.853567751427 9313.234 0.652 1126.0913164761987 11113
stats: 200 530 9098
stats: size_rcv 1996401 31514138
stats: newphase 0 5
stats: 502 710 3255
stats: size_sent 385196 5316951
stats: connected 56 486
# stats: dump at 1670037235
stats: users 468 507
stats: {freemem,"tsung_controller@ip-172-31-51-228"} 1 589.3828125 0.0 688.84765625 556.203125 641.7081473214283 35
stats: {load,"tsung_controller@ip-172-31-51-228"} 1 0.0703125 0.0 0.23046875 0.0 0.05915178571428571 35
stats: {cpu,"tsung_controller@ip-172-31-51-228"} 1 7.194944093339815 0.0 48.771929824561404 0.2 4.238196030050455 35
stats: session 305 14708.956826229512 6801.33424800859 54756.3 433.021 13313.04666631944 2880
stats: users_count 279 3653
stats: finish_users_count 305 3185
stats: request 1258 1472.7937186009533 1861.5849774887347 9313.234 0.652 1185.6568131627944 12353
stats: connect 289 1.3570138408304504 0.7417397904679568 21.729 0.862 1.3973482275841527 3357
stats: page 1258 1472.7937186009533 1861.5849774887347 9313.234 0.652 1185.6568131627944 12353
stats: 200 567 9665
stats: size_rcv 1951016 33465154
stats: newphase 0 5
stats: 502 691 3946
stats: size_sent 468805 5785756
stats: connected -18 468
# stats: dump at 1670037245
stats: users 640 640
stats: {freemem,"tsung_controller@ip-172-31-51-228"} 1 584.8671875 0.0 688.84765625 556.203125 640.2546657986109 36
stats: {load,"tsung_controller@ip-172-31-51-228"} 1 0.05859375 0.0 0.23046875 0.0 0.05946180555555555 36
stats: {cpu,"tsung_controller@ip-172-31-51-228"} 1 6.374695863746958 0.0 48.771929824561404 0.2 4.320327920697381 36
stats: session 374 14604.823839572191 6672.920065477886 54756.3 433.021 13446.720951648349 3185
stats: users_count 546 4199
stats: finish_users_count 374 3559
stats: 200 546 10211
stats: request 1676 1113.4905781622926 1706.053771248848 9313.234 0.652 1212.1955117919329 13611
stats: size_rcv 2053575 35518729
stats: newphase 1 6
stats: 502 1130 5076
stats: connect 530 1.3382339622641515 0.4974683928305725 21.729 0.861 1.3941511245200222 3646
stats: size_sent 491256 6277012
stats: connected 162 630
stats: page 1676 1113.4905781622926 1706.053771248848 9313.234 0.652 1212.1955117919329 13611
# stats: dump at 1670037255
stats: users 781 782
stats: {freemem,"tsung_controller@ip-172-31-51-228"} 1 570.88671875 0.0 688.84765625 556.203125 638.7577069256755 37
stats: {load,"tsung_controller@ip-172-31-51-228"} 1 0.05078125 0.0 0.23046875 0.0 0.05943834459459459 37
stats: {cpu,"tsung_controller@ip-172-31-51-228"} 1 11.14848630466122 0.0 48.771929824561404 0.2 4.375851378617639 37
stats: session 507 11607.04953057199 6832.9793504841955 54756.3 433.021 13568.421002247818 3559
stats: users_count 648 4847
stats: finish_users_count 507 4066
stats: connect 652 1.3284233128834368 0.7506010834327208 21.729 0.861 1.387054358237548 4176
stats: page 2351 867.3235546575913 1979.728918094042 9539.164 0.644 1201.3739334074705 15287
stats: 200 397 10608
stats: request 2351 867.3235546575913 1979.728918094042 9539.164 0.644 1201.3739334074705 15287
stats: size_rcv 2283257 37801986
stats: newphase 0 6
stats: 502 1954 7030
stats: size_sent 566422 6843434
stats: connected 144 774
# stats: dump at 1670037265
stats: users 763 802
stats: {freemem,"tsung_controller@ip-172-31-51-228"} 1 567.17578125 0.0 688.84765625 556.203125 636.9716282894735 38
stats: {load,"tsung_controller@ip-172-31-51-228"} 1 0.0390625 0.0 0.23046875 0.0 0.05921052631578947 38
stats: {cpu,"tsung_controller@ip-172-31-51-228"} 1 11.838306063522618 0.0 48.771929824561404 0.2 4.554078613513523 38
stats: session 622 12163.417149517674 6368.410248551409 54756.3 433.021 13323.852547712735 4066
stats: users_count 604 5451
stats: finish_users_count 622 4688
stats: request 2516 614.4106371224159 1355.0750427106716 9539.164 0.626 1156.847771686132 17638
stats: connect 637 1.3302464678178954 0.6317867890269124 21.729 0.861 1.379136495443248 4828
stats: page 2516 614.4106371224159 1355.0750427106716 9539.164 0.626 1156.847771686132 17638
stats: 200 473 11081
stats: size_rcv 2220038 40022024
stats: newphase 0 6
stats: 502 2043 9073
stats: size_sent 635505 7478939
stats: connected -16 758
# stats: dump at 1670037275
stats: users 764 802
stats: {freemem,"tsung_controller@ip-172-31-51-228"} 1 572.99609375 0.0 688.84765625 556.203125 635.1819911858972 39
stats: {load,"tsung_controller@ip-172-31-51-228"} 1 0.0390625 0.0 0.23046875 0.0 0.058693910256410256 39
stats: {cpu,"tsung_controller@ip-172-31-51-228"} 1 11.396702230843841 0.0 48.771929824561404 0.2 4.74085367633427 39
stats: session 635 12268.428395275605 6185.186456586906 54756.3 433.021 13169.886929607503 4688
stats: users_count 636 6087
stats: finish_users_count 635 5323
stats: connect 644 1.2859068322981344 0.5695105837334153 21.729 0.805 1.3734378774016467 5465
stats: page 2527 797.1032884843676 1772.45553378093 10111.947 0.626 1089.1306023618138 20154
stats: 200 466 11547
stats: request 2527 797.1032884843676 1772.45553378093 10111.947 0.626 1089.1306023618138 20154
stats: size_rcv 2264968 42286992
stats: newphase 0 6
stats: 502 2061 11134
stats: size_sent 562786 8041725
stats: connected 5 763
# stats: dump at 1670037285
stats: users 736 802
stats: {freemem,"tsung_controller@ip-172-31-51-228"} 1 567.15234375 0.0 688.84765625 556.203125 633.6273437499998 40
stats: {load,"tsung_controller@ip-172-31-51-228"} 1 0.03125 0.0 0.23046875 0.0 0.058203125 40
stats: {cpu,"tsung_controller@ip-172-31-51-228"} 1 11.46187469645459 0.0 48.771929824561404 0.2 4.907249890197009 40
stats: session 634 12266.711957413272 6061.795822865608 54756.3 433.021 13062.34866748074 5323
stats: users_count 606 6693
stats: finish_users_count 634 5957
stats: 200 685 12232
stats: request 2518 885.6863891977755 1556.6354541066012 10111.947 0.626 1056.5944257307876 22681
stats: size_rcv 2386657 44673649
stats: newphase 0 6
stats: connect 636 1.268194968553458 0.6684486872766335 21.729 0.805 1.3642105090849563 6109
stats: 502 1833 12967
stats: size_sent 662056 8703781
stats: page 2518 885.6863891977755 1556.6354541066012 10111.947 0.626 1056.5944257307876 22681
stats: connected -31 732
# stats: dump at 1670037295
stats: users 776 802
stats: {freemem,"tsung_controller@ip-172-31-51-228"} 1 553.83984375 0.0 688.84765625 553.83984375 632.0060022865852 41
stats: {load,"tsung_controller@ip-172-31-51-228"} 1 0.01953125 0.0 0.23046875 0.0 0.057545731707317076 41
stats: {cpu,"tsung_controller@ip-172-31-51-228"} 1 11.127450980392156 0.0 48.771929824561404 0.2 5.0671187879106085 41
stats: session 618 12275.979433656954 6159.587491749516 54756.3 433.021 12977.669521235519 5957
stats: users_count 658 7351
stats: finish_users_count 618 6575
stats: request 2494 784.9784683239795 1315.2183741179058 10111.947 0.626 1039.5165085122424 25199
stats: 200 698 12930
stats: connect 657 1.2651841704718392 0.6447419866887455 21.729 0.805 1.3551570051890283 6745
stats: size_rcv 2264386 46938035
stats: newphase 0 6
stats: page 2494 784.9784683239795 1315.2183741179058 10111.947 0.626 1039.5165085122424 25199
stats: 502 1796 14763
stats: size_sent 684563 9388344
stats: connected 42 774
# stats: dump at 1670037305
stats: users 404 802
stats: {freemem,"tsung_controller@ip-172-31-51-228"} 1 552.10546875 0.0 688.84765625 552.10546875 630.1449032738094 42
stats: {load,"tsung_controller@ip-172-31-51-228"} 1 0.01953125 0.0 0.23046875 0.0 0.056640625 42
stats: {cpu,"tsung_controller@ip-172-31-51-228"} 1 12.530237058538946 0.0 48.771929824561404 0.2 5.211412411541121 42
stats: session 463 12855.580855291577 6106.977305237384 54756.3 433.021 12911.715989049426 6575
stats: users_count 91 7442
stats: finish_users_count 463 7038
stats: request 1470 1241.1080054421784 1679.6204687340332 10111.947 0.626 1016.5931028779836 27693
stats: connect 104 1.370836538461538 0.73293011932843 21.729 0.805 1.3471710348554438 7402
stats: page 1470 1241.1080054421784 1679.6204687340332 10111.947 0.626 1016.5931028779836 27693
stats: 200 541 13471
stats: size_rcv 1844287 48782322
stats: newphase 0 6
stats: 502 929 15692
stats: size_sent 533876 9922220
stats: connected -366 408
# stats: dump at 1670037315
stats: users 130 802
stats: {freemem,"tsung_controller@ip-172-31-51-228"} 1 555.53515625 0.0 688.84765625 552.10546875 628.3300327034883 43
stats: {load,"tsung_controller@ip-172-31-51-228"} 1 0.1796875 0.0 0.23046875 0.0 0.05577761627906977 43
stats: {cpu,"tsung_controller@ip-172-31-51-228"} 1 6.511175898931001 0.0 48.771929824561404 0.2 5.381617635889908 43
stats: session 274 18722.946459854 5242.054057292543 54756.3 433.021 12908.023098039213 7038
stats: users_count 0 7442
stats: finish_users_count 274 7312
stats: connect 0 0 0 21.729 0.805 1.3474989341859838 7506
stats: 200 403 13874
stats: request 448 3330.729928571431 1440.0923121693543 10111.947 0.626 1027.9100766724962 29163
stats: size_rcv 1630646 50412968
stats: newphase 0 6
stats: page 448 3330.729928571431 1440.0923121693543 10111.947 0.626 1027.9100766724962 29163
stats: 502 45 15737
stats: size_sent 183763 10105983
stats: connected -278 130
# stats: dump at 1670037325
stats: users 5 802
stats: {freemem,"tsung_controller@ip-172-31-51-228"} 1 633.99609375 0.0 688.84765625 552.10546875 626.6756036931818 44
stats: {load,"tsung_controller@ip-172-31-51-228"} 1 0.21875 0.0 0.23046875 0.0 0.05859375 44
stats: {cpu,"tsung_controller@ip-172-31-51-228"} 1 2.5806451612903225 0.0 48.771929824561404 0.2 5.407289414595388 44
stats: session 125 27267.215840000004 4910.3544842740985 54756.3 433.021 13125.923672592995 7312
stats: users_count 0 7442
stats: finish_users_count 125 7437
stats: 200 149 14023
stats: request 149 4003.507610738254 2020.1859318949826 10111.947 0.626 1062.750618824086 29611
stats: size_rcv 1422420 51835388
stats: connect 0 0 0 21.729 0.805 1.3474989341859838 7506
stats: newphase 0 6
stats: 502 0 15737
stats: page 149 4003.507610738254 2020.1859318949826 10111.947 0.626 1062.750618824086 29611
stats: size_sent 34966 10140949
stats: connected -125 5
# stats: dump at 1670037335
stats: users 1 802
stats: {freemem,"tsung_controller@ip-172-31-51-228"} 1 657.30859375 0.0 688.84765625 552.10546875 626.8382812499999 45
stats: {load,"tsung_controller@ip-172-31-51-228"} 1 0.19140625 0.0 0.23046875 0.0 0.06215277777777778 45
stats: {cpu,"tsung_controller@ip-172-31-51-228"} 1 0.65 0.0 48.771929824561404 0.2 5.344475097855275 45
stats: session 4 40855.64375 8456.995264293559 54756.3 433.021 13363.608427322843 7437
stats: users_count 0 7442
stats: finish_users_count 4 7441
stats: 200 6 14029
stats: request 6 13.990333333333334 7.510995066493447 10111.947 0.626 1077.4741669354842 29760
stats: size_rcv 2153 51837541
stats: newphase 0 6
stats: connect 0 0 0 21.729 0.805 1.3474989341859838 7506
stats: 502 0 15737
stats: size_sent 3754 10144703
stats: connected -4 1
stats: page 6 13.990333333333334 7.510995066493447 10111.947 0.626 1077.4741669354842 29760
# stats: dump at 1670037342
stats: users 0 802
stats: {freemem,"tsung_controller@ip-172-31-51-228"} 1 657.7421875 0.0 688.84765625 552.10546875 627.500679347826 46
stats: {load,"tsung_controller@ip-172-31-51-228"} 1 0.16015625 0.0 0.23046875 0.0 0.06496263586956522 46
stats: {cpu,"tsung_controller@ip-172-31-51-228"} 1 0.14992503748125938 0.0 48.771929824561404 0.14992503748125938 5.242421291380161 46
stats: session 1 44013.058 0.0 54756.3 433.021 13378.3871050934 7441
stats: users_count 0 7442
stats: finish_users_count 1 7442
stats: request 2 10.094999999999999 0.7700000000000009 10111.947 0.626 1077.2597980917828 29766
stats: connect 0 0 0 21.729 0.805 1.3474989341859838 7506
stats: page 2 10.094999999999999 0.7700000000000009 10111.947 0.626 1077.2597980917828 29766
stats: 200 2 14031
stats: size_rcv 1322 51838863
stats: newphase 0 6
stats: 502 0 15737
stats: size_sent 1258 10145961
stats: connected -1 0
EndMonitor:{1670,37342,149468}
