# stats: dump at 1669957196
stats: users 8 8
stats: {load,"tsung_controller@Maomao-no1-2"} 1 5.73828125 0 5.73828125 5.73828125 0 0
stats: {cpu,"tsung_controller@Maomao-no1-2"} 1 11.188470640499744 0 11.188470640499744 11.188470640499744 0 0
stats: {freemem,"tsung_controller@Maomao-no1-2"} 1 202.828125 0 202.828125 202.828125 0 0
stats: users_count 8 8
stats: finish_users_count 0 0
stats: connect 8 66.01775 13.698702627895097 88.006 41.992 0 0
stats: size_sent 808 808
stats: connected 8 8
# stats: dump at 1669957206
stats: users 18 18
stats: {load,"tsung_controller@Maomao-no1-2"} 1 5.6796875 0.0 5.73828125 5.6796875 5.73828125 1
stats: {cpu,"tsung_controller@Maomao-no1-2"} 1 27.307231322413106 0.0 27.307231322413106 11.188470640499744 11.188470640499744 1
stats: {freemem,"tsung_controller@Maomao-no1-2"} 1 256.40625 0.0 256.40625 202.828125 202.828125 1
stats: users_count 10 18
stats: finish_users_count 0 0
stats: request 2 12460.1965 264.27649999999994 12724.473 12195.92 0 0
stats: connect 10 62.5486 10.18526634114199 88.006 41.992 66.01775 8
stats: page 2 12460.1965 264.27649999999994 12724.473 12195.92 0 0
stats: 200 2 2
stats: size_rcv 3183355 3183355
stats: size_sent 1627 2435
stats: connected 10 18
# stats: dump at 1669957216
stats: users 33 33
stats: {load,"tsung_controller@Maomao-no1-2"} 1 6.23046875 0.0 6.23046875 5.6796875 5.708984375 2
stats: {cpu,"tsung_controller@Maomao-no1-2"} 1 27.862137862137864 0.0 27.862137862137864 11.188470640499744 19.247850981456423 2
stats: {freemem,"tsung_controller@Maomao-no1-2"} 1 243.4375 0.0 256.40625 202.828125 229.6171875 2
stats: users_count 15 33
stats: finish_users_count 0 0
stats: connect 14 58.31535714285714 10.775717056731523 88.006 41.992 64.09044444444446 18
stats: request 28 7207.886035714285 4281.6433376063305 19913.083 64.4 12460.1965 2
stats: page 28 7207.886035714285 4281.6433376063305 19913.083 64.4 12460.1965 2
stats: 200 6 8
stats: size_rcv 534567 3717922
stats: 502 10 10
stats: size_sent 5251 7686
stats: connected 14 32
stats: 500 13 13
# stats: dump at 1669957226
stats: users 41 41
stats: {load,"tsung_controller@Maomao-no1-2"} 1 6.10546875 0.0 6.23046875 5.6796875 5.8828125 3
stats: {cpu,"tsung_controller@Maomao-no1-2"} 1 28.666999500748876 0.0 28.666999500748876 11.188470640499744 22.119279941683573 3
stats: {freemem,"tsung_controller@Maomao-no1-2"} 1 173.265625 0.0 256.40625 173.265625 234.22395833333334 3
stats: users_count 8 41
stats: finish_users_count 0 0
stats: connect 9 59.21922222222223 13.915789774990438 88.006 41.992 61.563843750000004 32
stats: request 29 5913.987551724139 4480.027726417793 28483.656 64.4 7558.0400666666665 30
stats: page 29 5913.987551724139 4480.027726417793 28483.656 64.4 7558.0400666666665 30
stats: 200 2 10
stats: size_rcv 1075532 4793454
stats: 502 0 10
stats: size_sent 8865 16551
stats: connected 9 41
stats: 500 26 39
# stats: dump at 1669957236
stats: users 43 43
stats: {load,"tsung_controller@Maomao-no1-2"} 1 5.48046875 0.0 6.23046875 5.48046875 5.9384765625 4
stats: {cpu,"tsung_controller@Maomao-no1-2"} 1 27.69892043182727 0.0 28.666999500748876 11.188470640499744 23.756209831449898 4
stats: {freemem,"tsung_controller@Maomao-no1-2"} 1 137.375 0.0 256.40625 137.375 218.984375 4
stats: session 8 30299.372375000003 7484.54342991294 42295.047 19808.731 0 0
stats: users_count 10 51
stats: finish_users_count 8 8
stats: request 29 8061.89324137931 8708.498998502728 40108.833 64.4 6749.946457627119 59
stats: connect 10 62.5539 7.714943751577195 88.006 41.992 61.04917073170732 41
stats: page 29 8061.89324137931 8708.498998502728 40108.833 64.4 6749.946457627119 59
stats: 200 7 17
stats: size_rcv 4759447 9552901
stats: 502 0 10
stats: size_sent 6687 23238
stats: connected 2 43
stats: 500 22 61
# stats: dump at 1669957246
stats: users 52 52
stats: {load,"tsung_controller@Maomao-no1-2"} 1 8.109375 0.0 8.109375 5.48046875 5.846875 5
stats: {cpu,"tsung_controller@Maomao-no1-2"} 1 29.135037954454656 0.0 29.135037954454656 11.188470640499744 24.54475195152537 5
stats: {freemem,"tsung_controller@Maomao-no1-2"} 1 80.25 0.0 256.40625 80.25 202.6625 5
stats: session 0 0 0 42295.047 19808.731 30299.372375000003 8
stats: users_count 9 60
stats: finish_users_count 0 8
stats: request 1 11829.015 0.0 40108.833 64.4 7182.292556818182 88
stats: connect 9 63.423666666666676 14.429164563480452 94.046 41.992 61.34421568627452 51
stats: page 1 11829.015 0.0 40108.833 64.4 7182.292556818182 88
stats: 200 0 17
stats: size_rcv 253 9553154
stats: 502 0 10
stats: size_sent 3078 26316
stats: connected 9 52
stats: 500 1 62
# stats: dump at 1669957256
stats: users 66 66
stats: {load,"tsung_controller@Maomao-no1-2"} 1 7.26171875 0.0 8.109375 5.48046875 6.223958333333333 6
stats: {cpu,"tsung_controller@Maomao-no1-2"} 1 29.396482813749003 0.0 29.396482813749003 11.188470640499744 25.30979961868025 6
stats: {freemem,"tsung_controller@Maomao-no1-2"} 1 96.296875 0.0 256.40625 80.25 182.26041666666666 6
stats: session 0 0 0 42295.047 19808.731 30299.372375000003 8
stats: users_count 14 74
stats: finish_users_count 0 8
stats: connect 14 64.1244285714286 12.549838910259744 94.046 41.343 61.65613333333334 60
stats: page 0 0 0 40108.833 64.4 7234.502921348315 89
stats: 200 0 17
stats: request 0 0 0 40108.833 64.4 7234.502921348315 89
stats: size_rcv 0 9553154
stats: 502 0 10
stats: newphase 1 1
stats: size_sent 1414 27730
stats: connected 14 66
stats: 500 0 62
# stats: dump at 1669957266
stats: users 88 88
stats: {load,"tsung_controller@Maomao-no1-2"} 1 6.4609375 0.0 8.109375 5.48046875 6.372209821428571 7
stats: {cpu,"tsung_controller@Maomao-no1-2"} 1 27.973856209150327 0.0 29.396482813749003 11.188470640499744 25.89361150369007 7
stats: {freemem,"tsung_controller@Maomao-no1-2"} 1 71.78125 0.0 256.40625 71.78125 169.97991071428572 7
stats: session 0 0 0 42295.047 19808.731 30299.372375000003 8
stats: users_count 22 96
stats: finish_users_count 0 8
stats: request 2 60623.981 313.08400000000256 60937.065 64.4 7234.502921348315 89
stats: connect 22 60.57450000000001 17.63869677661229 123.176 40.965 62.12310810810811 74
stats: page 2 60623.981 313.08400000000256 60937.065 64.4 7234.502921348315 89
stats: 504 2 2
stats: 200 0 17
stats: size_rcv 658 9553812
stats: 502 0 10
stats: newphase 0 1
stats: size_sent 2430 30160
stats: connected 22 88
stats: 500 0 62
# stats: dump at 1669957276
stats: users 107 107
stats: {load,"tsung_controller@Maomao-no1-2"} 1 6.5078125 0.0 8.109375 5.48046875 6.38330078125 8
stats: {cpu,"tsung_controller@Maomao-no1-2"} 1 28.809666466946275 0.0 29.396482813749003 11.188470640499744 26.153642091872605 8
stats: {freemem,"tsung_controller@Maomao-no1-2"} 1 169.171875 0.0 256.40625 71.78125 157.705078125 8
stats: session 0 0 0 42295.047 19808.731 30299.372375000003 8
stats: users_count 19 115
stats: finish_users_count 0 8
stats: request 2 60477.820999999996 22.871000000001004 60937.065 64.4 8407.898043956046 91
stats: 504 2 4
stats: connect 19 58.377157894736854 9.385687212386392 123.176 40.965 61.76821875000001 96
stats: page 2 60477.820999999996 22.871000000001004 60937.065 64.4 8407.898043956046 91
stats: 200 0 17
stats: size_rcv 658 9554470
stats: 502 0 10
stats: newphase 0 1
stats: size_sent 1919 32079
stats: connected 19 107
stats: 500 0 62
# stats: dump at 1669957286
stats: users 128 128
stats: {load,"tsung_controller@Maomao-no1-2"} 1 7.19140625 0.0 8.109375 5.48046875 6.397135416666667 9
stats: {cpu,"tsung_controller@Maomao-no1-2"} 1 29.023246532974163 0.0 29.396482813749003 11.188470640499744 26.448755911325236 9
stats: {freemem,"tsung_controller@Maomao-no1-2"} 1 116.953125 0.0 256.40625 71.78125 158.97916666666666 9
stats: session 0 0 0 42295.047 19808.731 30299.372375000003 8
stats: users_count 21 136
stats: finish_users_count 0 8
stats: connect 20 69.0429 13.61321003621115 123.176 40.965 61.207956521739135 115
stats: request 5 60691.126000000004 519.4830093768248 61384.527 64.4 9527.681333333336 93
stats: page 5 60691.126000000004 519.4830093768248 61384.527 64.4 9527.681333333336 93
stats: 504 5 9
stats: 200 0 17
stats: size_rcv 1645 9556115
stats: 502 0 10
stats: newphase 0 1
stats: size_sent 3774 35853
stats: connected 20 127
stats: 500 0 62
# stats: dump at 1669957296
stats: users 145 145
stats: {load,"tsung_controller@Maomao-no1-2"} 1 6.2421875 0.0 8.109375 5.48046875 6.4765625 10
stats: {cpu,"tsung_controller@Maomao-no1-2"} 1 25.872730899660883 0.0 29.396482813749003 11.188470640499744 26.706204973490127 10
stats: {freemem,"tsung_controller@Maomao-no1-2"} 1 149.609375 0.0 256.40625 71.78125 154.7765625 10
stats: session 4 89807.7035 10296.684310745728 107025.92 19808.731 30299.372375000003 8
stats: users_count 21 157
stats: finish_users_count 4 12
stats: request 17 63178.59305882353 572.629772357166 64082.533 64.4 12138.061163265307 98
stats: connect 21 63.43866666666668 16.613779479792512 123.176 40.965 62.3686888888889 135
stats: page 17 63178.59305882353 572.629772357166 64082.533 64.4 12138.061163265307 98
stats: 504 17 26
stats: 200 0 17
stats: size_rcv 5593 9561708
stats: 502 0 10
stats: newphase 0 1
stats: size_sent 2842 38695
stats: connected 17 144
stats: 500 0 62
# stats: dump at 1669957306
stats: users 161 161
stats: {load,"tsung_controller@Maomao-no1-2"} 1 5.921875 0.0 8.109375 5.48046875 6.455255681818182 11
stats: {cpu,"tsung_controller@Maomao-no1-2"} 1 21.535543130990416 0.0 29.396482813749003 11.188470640499744 26.630434603142017 11
stats: {freemem,"tsung_controller@Maomao-no1-2"} 1 167.65625 0.0 256.40625 71.78125 154.3068181818182 11
stats: session 2 97524.49299999999 1144.5429999999942 107025.92 19808.731 50135.48275 12
stats: users_count 18 175
stats: finish_users_count 2 14
stats: request 8 70588.85725 2830.65156597645 72247.939 64.4 19683.18326956522 115
stats: connect 19 63.832 11.296931320635611 123.176 40.965 62.51272435897436 156
stats: page 8 70588.85725 2830.65156597645 72247.939 64.4 19683.18326956522 115
stats: 504 8 34
stats: 200 0 17
stats: size_rcv 2632 9564340
stats: 502 0 10
stats: newphase 0 1
stats: size_sent 3358 42053
stats: connected 17 161
stats: 500 0 62
# stats: dump at 1669957316
stats: users 202 202
stats: {load,"tsung_controller@Maomao-no1-2"} 1 5.89453125 0.0 8.109375 5.48046875 6.410807291666667 12
stats: {cpu,"tsung_controller@Maomao-no1-2"} 1 21.813285457809695 0.0 29.396482813749003 11.188470640499744 26.205860313796048 12
stats: {freemem,"tsung_controller@Maomao-no1-2"} 1 165.734375 0.0 256.40625 71.78125 155.41927083333334 12
stats: session 1 101275.034 0.0 107025.92 19808.731 56905.34135714286 14
stats: users_count 42 217
stats: finish_users_count 1 15
stats: request 5 70472.21119999999 3999.9701098348396 72983.981 64.4 22994.121414634148 123
stats: page 5 70472.21119999999 3999.9701098348396 72983.981 64.4 22994.121414634148 123
stats: connect 37 62.8838918918919 11.727643948505053 123.176 40.965 62.65596000000001 175
stats: 504 5 39
stats: 200 0 17
stats: size_rcv 1645 9565985
stats: 502 0 10
stats: newphase 1 2
stats: size_sent 4461 46514
stats: connected 36 197
stats: 500 0 62
# stats: dump at 1669957326
stats: users 231 235
stats: {load,"tsung_controller@Maomao-no1-2"} 1 5.35546875 0.0 8.109375 5.35546875 6.37109375 13
stats: {cpu,"tsung_controller@Maomao-no1-2"} 1 20.693445243804955 0.0 29.396482813749003 11.188470640499744 25.867969940258636 13
stats: {freemem,"tsung_controller@Maomao-no1-2"} 1 158.640625 0.0 256.40625 71.78125 156.2127403846154 13
stats: session 22 55200.1485 43159.192316929344 128693.449 2580.294 59863.32086666667 15
stats: users_count 51 268
stats: finish_users_count 22 37
stats: request 309 13173.535699029124 23974.429272206 80491.527 42.827 24848.734296875 128
stats: connect 55 63.13352727272724 13.678161985581308 123.176 40.965 62.69574056603774 212
stats: page 309 13173.535699029124 23974.429272206 80491.527 42.827 24848.734296875 128
stats: 504 48 87
stats: 200 0 17
stats: size_rcv 97746 9663731
stats: 502 261 271
stats: newphase 0 2
stats: size_sent 24014 70528
stats: connected 33 230
stats: 500 0 62
# stats: dump at 1669957336
stats: users 156 235
stats: {load,"tsung_controller@Maomao-no1-2"} 1 4.76953125 0.0 8.109375 4.76953125 6.298549107142857 14
stats: {cpu,"tsung_controller@Maomao-no1-2"} 1 20.89328537170264 0.0 29.396482813749003 11.188470640499744 25.498361033369086 14
stats: {freemem,"tsung_controller@Maomao-no1-2"} 1 143.328125 0.0 256.40625 71.78125 156.38616071428572 14
stats: session 109 37220.34110091745 33759.797796756815 134447.639 2580.294 57090.62378378378 37
stats: users_count 34 302
stats: finish_users_count 109 146
stats: request 356 4329.571997191011 14653.654669073876 96123.553 42.827 16593.273503432494 437
stats: connect 33 65.09824242424244 23.03694365911745 181.033 40.965 62.78592134831461 267
stats: page 356 4329.571997191011 14653.654669073876 96123.553 42.827 16593.273503432494 437
stats: 504 20 107
stats: 200 0 17
stats: size_rcv 111771 9775502
stats: 502 335 606
stats: newphase 0 2
stats: size_sent 33660 104188
stats: connected -70 160
stats: 500 1 63
# stats: dump at 1669957346
stats: users 114 235
stats: {load,"tsung_controller@Maomao-no1-2"} 1 4.4296875 0.0 8.109375 4.4296875 6.196614583333333 15
stats: {cpu,"tsung_controller@Maomao-no1-2"} 1 21.76300289507837 0.0 29.396482813749003 11.188470640499744 25.19135598925799 15
stats: {freemem,"tsung_controller@Maomao-no1-2"} 1 128.625 0.0 256.40625 71.78125 155.515625 15
stats: session 80 42161.202499999985 40194.34962580725 152085.236 2580.294 42255.960684931524 146
stats: users_count 38 340
stats: finish_users_count 80 226
stats: request 273 5681.5213040293 17401.32854726418 96123.553 40.94 11087.753029003781 793
stats: connect 39 64.88310256410256 17.284878511837096 181.033 40.436 63.04027666666668 300
stats: page 273 5681.5213040293 17401.32854726418 96123.553 40.94 11087.753029003781 793
stats: 504 25 132
stats: 200 0 17
stats: size_rcv 86097 9861599
stats: 502 248 854
stats: newphase 0 2
stats: size_sent 26084 130272
stats: connected -47 113
stats: 500 0 63
# stats: dump at 1669957356
stats: users 143 235
stats: {load,"tsung_controller@Maomao-no1-2"} 1 3.8984375 0.0 8.109375 3.8984375 6.086181640625 16
stats: {cpu,"tsung_controller@Maomao-no1-2"} 1 21.746506986027946 0.0 29.396482813749003 11.188470640499744 24.977083920871763 16
stats: {freemem,"tsung_controller@Maomao-no1-2"} 1 72.40625 0.0 256.40625 71.78125 153.8349609375 16
stats: session 13 62748.67792307693 46209.30024175928 152085.236 2580.294 42222.41796460177 226
stats: users_count 42 382
stats: finish_users_count 13 239
stats: connect 43 62.20290697674418 11.23224863240588 181.033 40.436 63.25228318584071 339
stats: request 63 21960.13322222222 29871.111729184824 96123.553 40.94 9703.230270168855 1066
stats: 504 22 154
stats: page 63 21960.13322222222 29871.111729184824 96123.553 40.94 9703.230270168855 1066
stats: 200 0 17
stats: size_rcv 20112 9881711
stats: 502 41 895
stats: newphase 0 2
stats: size_sent 12383 142655
stats: connected 30 143
stats: 500 0 63
# stats: dump at 1669957366
stats: users 180 235
stats: {load,"tsung_controller@Maomao-no1-2"} 1 3.671875 0.0 8.109375 3.671875 5.957490808823529 17
stats: {cpu,"tsung_controller@Maomao-no1-2"} 1 21.456359102244388 0.0 29.396482813749003 11.188470640499744 24.78704998352801 17
stats: {freemem,"tsung_controller@Maomao-no1-2"} 1 81.828125 0.0 256.40625 71.78125 149.04503676470588 17
stats: session 1 70310.577 0.0 152085.236 2580.294 43338.90909205022 239
stats: users_count 38 420
stats: finish_users_count 1 240
stats: request 47 14519.729468085103 27769.390513050257 96123.553 40.94 10387.184996457041 1129
stats: page 47 14519.729468085103 27769.390513050257 96123.553 40.94 10387.184996457041 1129
stats: connect 38 64.4318157894737 13.465971332947012 181.033 40.436 63.13415968586387 382
stats: 504 9 163
stats: 200 0 17
stats: size_rcv 14832 9896543
stats: 502 37 932
stats: newphase 0 2
stats: size_sent 9192 151847
stats: connected 37 180
stats: 500 1 64
# stats: dump at 1669957376
stats: users 229 235
stats: {load,"tsung_controller@Maomao-no1-2"} 1 3.10546875 0.0 8.109375 3.10546875 5.830512152777778 18
stats: {cpu,"tsung_controller@Maomao-no1-2"} 1 21.146166134185304 0.0 29.396482813749003 11.188470640499744 24.602011601234477 18
stats: {freemem,"tsung_controller@Maomao-no1-2"} 1 101.953125 0.0 256.40625 71.78125 145.31076388888889 18
stats: session 13 98465.40607692309 63320.98135446482 179330.002 2580.294 43451.29104166667 240
stats: users_count 62 482
stats: finish_users_count 13 253
stats: request 64 18972.824062499985 28594.85414686531 96123.553 40.94 10552.346212585035 1176
stats: connect 62 60.7204193548387 12.526353725759593 181.033 40.436 63.25156666666666 420
stats: page 64 18972.824062499985 28594.85414686531 96123.553 40.94 10552.346212585035 1176
stats: 504 16 179
stats: 200 0 17
stats: size_rcv 20336 9916879
stats: 502 48 980
stats: newphase 1 3
stats: size_sent 12231 164078
stats: connected 49 229
stats: 500 0 64
# stats: dump at 1669957386
stats: users 304 304
stats: {load,"tsung_controller@Maomao-no1-2"} 1 2.70703125 0.0 8.109375 2.70703125 5.6870888157894735 19
stats: {cpu,"tsung_controller@Maomao-no1-2"} 1 20.926980321646187 0.0 29.396482813749003 11.188470640499744 24.42012499770557 19
stats: {freemem,"tsung_controller@Maomao-no1-2"} 1 104.890625 0.0 256.40625 71.78125 143.02878289473685 19
stats: session 9 77498.16533333332 51705.966969928195 179330.002 2580.294 46278.103276679845 253
stats: users_count 84 566
stats: finish_users_count 9 262
stats: request 29 7534.83248275862 13765.923619077508 96123.553 40.94 10986.951520967741 1240
stats: connect 82 61.57417073170731 14.783072787618329 181.033 39.815 62.92598340248963 482
stats: page 29 7534.83248275862 13765.923619077508 96123.553 40.94 10986.951520967741 1240
stats: 504 1 180
stats: 200 0 17
stats: size_rcv 9121 9926000
stats: 502 28 1008
stats: newphase 0 3
stats: size_sent 11161 175239
stats: connected 74 303
stats: 500 0 64
# stats: dump at 1669957396
stats: users 367 367
stats: {load,"tsung_controller@Maomao-no1-2"} 1 2.4453125 0.0 8.109375 2.4453125 5.5380859375 20
stats: {cpu,"tsung_controller@Maomao-no1-2"} 1 21.72393128246105 0.0 29.396482813749003 11.188470640499744 24.245467763902603 20
stats: {freemem,"tsung_controller@Maomao-no1-2"} 1 105.0 0.0 256.40625 71.78125 141.121875 20
stats: session 7 53374.52314285715 33281.29294440506 179330.002 2580.294 47350.54815648855 262
stats: users_count 70 636
stats: finish_users_count 7 269
stats: request 20 9499.539799999999 4647.285623850009 96123.553 40.94 10908.061487785655 1269
stats: connect 9 1722.6923333333332 1996.3828956388434 5051.757 39.815 62.72944326241135 564
stats: page 20 9499.539799999999 4647.285623850009 96123.553 40.94 10908.061487785655 1269
stats: 504 0 180
stats: 200 0 17
stats: size_rcv 6280 9932280
stats: 502 20 1028
stats: newphase 0 3
stats: size_sent 2349 177588
stats: connected 1 304
stats: 500 0 64
# stats: dump at 1669957406
stats: users 442 442
stats: {load,"tsung_controller@Maomao-no1-2"} 1 3.3203125 0.0 8.109375 2.4453125 5.390811011904762 21
stats: {cpu,"tsung_controller@Maomao-no1-2"} 1 21.12408904861735 0.0 29.396482813749003 11.188470640499744 24.125394598119673 21
stats: {freemem,"tsung_controller@Maomao-no1-2"} 1 92.546875 0.0 256.40625 71.78125 139.40178571428572 21
stats: session 5 72003.36980000001 48988.722154177456 179330.002 2580.294 47507.30586988848 269
stats: users_count 80 716
stats: finish_users_count 5 274
stats: request 12 14611.88675 7496.426332691132 96123.553 40.94 10886.207000775794 1289
stats: page 12 14611.88675 7496.426332691132 96123.553 40.94 10886.207000775794 1289
stats: connect 4 3074.1922499999996 2354.7336879938644 7087.262 39.815 88.80215881326353 573
stats: 504 0 180
stats: 200 0 17
stats: size_rcv 3768 9936048
stats: 502 12 1040
stats: newphase 0 3
stats: size_sent 1436 179024
stats: connected 0 304
stats: 500 0 64
# stats: dump at 1669957416
stats: users 529 529
stats: {load,"tsung_controller@Maomao-no1-2"} 1 2.8828125 0.0 8.109375 2.4453125 5.296697443181818 22
stats: {cpu,"tsung_controller@Maomao-no1-2"} 1 20.55067837190742 0.0 29.396482813749003 11.188470640499744 23.98897161859684 22
stats: {freemem,"tsung_controller@Maomao-no1-2"} 1 92.265625 0.0 256.40625 71.78125 137.27201704545453 22
stats: session 2 78512.307 32723.172000000002 179330.002 2580.294 47954.31433576642 274
stats: users_count 89 805
stats: finish_users_count 2 276
stats: request 14 41956.755357142865 30620.136078412746 96123.553 40.94 10920.571456571868 1301
stats: connect 11 6157.227272727274 5053.52250227587 19051.614 39.815 109.49810398613519 577
stats: 504 5 185
stats: page 14 41956.755357142865 30620.136078412746 96123.553 40.94 10920.571456571868 1301
stats: 200 0 17
stats: size_rcv 4471 9940519
stats: 502 9 1049
stats: newphase 0 3
stats: size_sent 2135 181159
stats: connected 8 312
stats: 500 0 64
# stats: dump at 1669957426
stats: users 604 604
stats: {load,"tsung_controller@Maomao-no1-2"} 1 2.9140625 0.0 8.109375 2.4453125 5.191745923913044 23
stats: {cpu,"tsung_controller@Maomao-no1-2"} 1 21.548451548451546 0.0 29.396482813749003 11.188470640499744 23.839480607871213 23
stats: {freemem,"tsung_controller@Maomao-no1-2"} 1 89.640625 0.0 256.40625 71.78125 135.31521739130432 23
stats: session 7 71822.49114285714 23959.18659643506 179330.002 2580.294 48175.749065217395 276
stats: users_count 82 887
stats: finish_users_count 7 283
stats: request 15 42896.66293333333 30034.934155042225 96123.553 40.94 11250.994707224334 1315
stats: connect 0 0 0 19051.614 39.815 222.63589455782315 588
stats: page 15 42896.66293333333 30034.934155042225 96123.553 40.94 11250.994707224334 1315
stats: 504 6 191
stats: 200 0 17
stats: size_rcv 4800 9945319
stats: 502 9 1058
stats: newphase 0 3
stats: size_sent 412 181571
stats: connected -7 305
stats: 500 0 64
# stats: dump at 1669957436
stats: users 717 717
stats: {load,"tsung_controller@Maomao-no1-2"} 1 2.625 0.0 8.109375 2.4453125 5.096842447916667 24
stats: {cpu,"tsung_controller@Maomao-no1-2"} 1 20.701018573996404 0.0 29.396482813749003 11.188470640499744 23.744021063728727 24
stats: {freemem,"tsung_controller@Maomao-no1-2"} 1 86.171875 0.0 256.40625 71.78125 133.41210937499997 24
stats: session 9 106113.28266666665 29545.72454629826 179330.002 2580.294 48760.65081272084 283
stats: users_count 122 1009
stats: finish_users_count 9 292
stats: request 25 78107.93212 22048.39654319461 96123.553 40.94 11607.900739849623 1330
stats: connect 0 0 0 19051.614 39.815 222.63589455782315 588
stats: page 25 78107.93212 22048.39654319461 96123.553 40.94 11607.900739849623 1330
stats: 504 22 213
stats: 200 0 17
stats: size_rcv 8180 9953499
stats: 502 3 1061
stats: newphase 1 4
stats: size_sent 1651 183222
stats: connected -9 296
stats: 500 0 64
# stats: dump at 1669957446
stats: users 864 864
stats: {load,"tsung_controller@Maomao-no1-2"} 1 2.5234375 0.0 8.109375 2.4453125 4.99796875 25
stats: {cpu,"tsung_controller@Maomao-no1-2"} 1 21.283177010576733 0.0 29.396482813749003 11.188470640499744 23.622300964139434 25
stats: {freemem,"tsung_controller@Maomao-no1-2"} 1 81.578125 0.0 256.40625 71.78125 131.52249999999995 25
stats: session 5 141208.7892 24037.808174851485 179330.002 2580.294 50528.36891780821 292
stats: users_count 152 1161
stats: finish_users_count 5 297
stats: connect 8 12942.806625000003 10406.27541375931 35078.046 39.815 222.63589455782315 588
stats: request 13 86463.24930769231 17056.265304500517 97058.766 40.94 12834.838588191882 1355
stats: page 13 86463.24930769231 17056.265304500517 97058.766 40.94 12834.838588191882 1355
stats: 504 11 224
stats: 200 0 17
stats: size_rcv 4247 9957746
stats: 502 2 1063
stats: newphase 0 4
stats: size_sent 1838 185060
stats: connected 3 299
stats: 500 0 64
# stats: dump at 1669957456
stats: users 999 999
stats: {load,"tsung_controller@Maomao-no1-2"} 1 2.796875 0.0 8.109375 2.4453125 4.902794471153846 26
stats: {cpu,"tsung_controller@Maomao-no1-2"} 1 21.516087259687218 0.0 29.396482813749003 11.188470640499744 23.53233465823318 26
stats: {freemem,"tsung_controller@Maomao-no1-2"} 1 65.765625 0.0 256.40625 65.765625 129.60156249999994 26
stats: session 5 106042.4982 31407.614106594236 179330.002 2580.294 52054.97531986531 297
stats: users_count 140 1301
stats: finish_users_count 5 302
stats: request 14 71880.2722857143 32391.000687339063 102747.197 40.94 13534.523777777778 1368
stats: connect 6 2727.186 2215.917465786425 35078.046 39.815 393.37644127516785 596
stats: page 14 71880.2722857143 32391.000687339063 102747.197 40.94 13534.523777777778 1368
stats: 504 7 231
stats: 200 0 17
stats: size_rcv 4187 9961933
stats: 502 6 1069
stats: newphase 0 4
stats: size_sent 1747 186807
stats: connected 0 299
stats: error_inet_etimedout 1 1
stats: 500 0 64
# stats: dump at 1669957466
stats: users 1115 1140
stats: {load,"tsung_controller@Maomao-no1-2"} 1 2.98046875 0.0 8.109375 2.4453125 4.824797453703703 27
stats: {cpu,"tsung_controller@Maomao-no1-2"} 1 22.34297108673978 0.0 29.396482813749003 11.188470640499744 23.4576588286574 27
stats: {freemem,"tsung_controller@Maomao-no1-2"} 1 80.875 0.0 256.40625 65.765625 127.23726851851846 27
stats: session 40 150430.92687499998 48462.91372881839 251004.429 2580.294 52948.808480132444 302
stats: users_count 156 1457
stats: finish_users_count 40 342
stats: request 32 67990.07684374998 36358.60869123188 110761.669 40.94 14125.58056439942 1382
stats: connect 3 3405.161 1699.7083418069114 35078.046 39.815 416.6370016611296 602
stats: page 32 67990.07684374998 36358.60869123188 110761.669 40.94 14125.58056439942 1382
stats: 504 15 246
stats: 200 0 17
stats: size_rcv 10273 9972206
stats: 502 17 1086
stats: newphase 0 4
stats: size_sent 1941 188748
stats: connected -10 289
stats: error_inet_etimedout 3 4
stats: error_connect_etimedout 32 32
stats: 500 0 64
# stats: dump at 1669957476
stats: users 921 1140
stats: {load,"tsung_controller@Maomao-no1-2"} 1 3.27734375 0.0 8.109375 2.4453125 4.758928571428571 28
stats: {cpu,"tsung_controller@Maomao-no1-2"} 1 26.91424578217031 0.0 29.396482813749003 11.188470640499744 23.417848552160343 28
stats: {freemem,"tsung_controller@Maomao-no1-2"} 1 122.875 0.0 256.40625 65.765625 125.58147321428567 28
stats: session 350 62065.941305714296 48196.62973063567 251004.429 819.935 64350.225836257305 342
stats: users_count 156 1613
stats: finish_users_count 350 692
stats: request 2501 13480.065398640525 28709.935799351188 115889.281 39.517 15344.579065770862 1414
stats: connect 713 17541.664802244064 20718.34985685554 67106.789 36.93 431.4561289256199 605
stats: page 2501 13480.065398640525 28709.935799351188 115889.281 39.517 15344.579065770862 1414
stats: 504 83 329
stats: 200 0 17
stats: size_rcv 785931 10758137
stats: 502 2417 3503
stats: newphase 0 4
stats: size_sent 241467 430215
stats: connected 358 647
stats: error_inet_etimedout 4 8
stats: error_connect_etimedout 51 83
stats: 500 0 64
# stats: dump at 1669957486
stats: users 595 1140
stats: {load,"tsung_controller@Maomao-no1-2"} 1 3.75 0.0 8.109375 2.4453125 4.707839439655173 29
stats: {cpu,"tsung_controller@Maomao-no1-2"} 1 30.625499600319745 0.0 30.625499600319745 11.188470640499744 23.538413973884825 29
stats: {freemem,"tsung_controller@Maomao-no1-2"} 1 76.625 0.0 256.40625 65.765625 125.48814655172409 29
stats: session 489 43880.651924335405 34231.16189005881 251004.429 819.935 63194.87961416186 692
stats: users_count 163 1776
stats: finish_users_count 489 1181
stats: connect 337 25741.638353115755 27241.23160671656 67106.789 36.93 9687.585707132032 1318
stats: request 1671 5151.652831238779 15837.87049269592 115889.281 36.655 14153.481062835239 3915
stats: page 1671 5151.652831238779 15837.87049269592 115889.281 36.655 14153.481062835239 3915
stats: 504 0 329
stats: 200 0 17
stats: size_rcv 524511 11282648
stats: 502 1667 5170
stats: newphase 0 4
stats: size_sent 177214 607429
stats: connected -165 482
stats: error_inet_etimedout 0 8
stats: error_connect_etimedout 0 83
stats: 500 3 67
# stats: dump at 1669957496
stats: users 559 1140
stats: {load,"tsung_controller@Maomao-no1-2"} 1 4.421875 0.0 8.109375 2.4453125 4.675911458333333 30
stats: {cpu,"tsung_controller@Maomao-no1-2"} 1 30.416541804015583 0.0 30.625499600319745 11.188470640499744 23.774650161432653 30
stats: {freemem,"tsung_controller@Maomao-no1-2"} 1 77.125 0.0 256.40625 65.765625 123.85937499999996 30
stats: session 326 43954.94726380369 38685.547068476844 251004.429 626.634 55197.70997798477 1181
stats: users_count 290 2066
stats: finish_users_count 326 1507
stats: request 1372 5622.7356326530635 17289.891877080172 115889.281 36.655 11460.667784103107 5586
stats: connect 371 15411.918981132085 28162.19759396634 67108.013 36.93 12956.598239879171 1655
stats: page 1372 5622.7356326530635 17289.891877080172 115889.281 36.655 11460.667784103107 5586
stats: 504 0 329
stats: 200 0 17
stats: size_rcv 426111 11708759
stats: 502 1295 6465
stats: newphase 1 5
stats: size_sent 139947 747376
stats: connected 41 523
stats: error_inet_etimedout 0 8
stats: error_connect_etimedout 0 83
stats: 500 77 144
# stats: dump at 1669957506
stats: users 505 1140
stats: {load,"tsung_controller@Maomao-no1-2"} 1 4.0546875 0.0 8.109375 2.4453125 4.667716733870968 31
stats: {cpu,"tsung_controller@Maomao-no1-2"} 1 29.857299670691546 0.0 30.625499600319745 11.188470640499744 23.98890473054823 31
stats: {freemem,"tsung_controller@Maomao-no1-2"} 1 73.875 0.0 256.40625 65.765625 122.35181451612898 31
stats: session 366 34628.32414754099 37415.946225865926 251004.429 626.634 52765.63257597877 1507
stats: users_count 312 2378
stats: finish_users_count 366 1873
stats: request 1425 3158.5394680701706 12125.597701218701 115889.281 35.442 10309.526233112958 6958
stats: page 1425 3158.5394680701706 12125.597701218701 115889.281 35.442 10309.526233112958 6958
stats: connect 342 6345.581546783633 19509.90614881749 67111.122 36.93 13406.215216683133 2026
stats: 504 0 329
stats: 200 1 18
stats: size_rcv 444828 12153587
stats: 502 1378 7843
stats: newphase 0 5
stats: size_sent 143559 890935
stats: connected -20 503
stats: error_inet_etimedout 0 8
stats: error_connect_etimedout 0 83
stats: 500 46 190
# stats: dump at 1669957516
stats: users 463 1140
stats: {load,"tsung_controller@Maomao-no1-2"} 1 3.4296875 0.0 8.109375 2.4453125 4.6485595703125 32
stats: {cpu,"tsung_controller@Maomao-no1-2"} 1 27.140436559354132 0.0 30.625499600319745 11.188470640499744 24.17229207242771 32
stats: {freemem,"tsung_controller@Maomao-no1-2"} 1 99.875 0.0 256.40625 65.765625 120.83691406249996 32
stats: session 359 24829.905612813385 31346.500553873506 251004.429 626.634 49221.4495088094 1873
stats: users_count 317 2695
stats: finish_users_count 359 2232
stats: request 1331 1603.6298422238904 6089.664306817364 115889.281 35.442 9093.952316831677 8383
stats: connect 322 70.18007453416143 97.09323648035672 67111.122 36.93 12386.478428209473 2368
stats: page 1331 1603.6298422238904 6089.664306817364 115889.281 35.442 9093.952316831677 8383
stats: 504 0 329
stats: 200 14 32
stats: size_rcv 570290 12723877
stats: 502 1252 9095
stats: newphase 0 5
stats: size_sent 146551 1037486
stats: connected -44 459
stats: error_inet_etimedout 0 8
stats: error_connect_etimedout 0 83
stats: 500 65 255
# stats: dump at 1669957526
stats: users 476 1140
stats: {load,"tsung_controller@Maomao-no1-2"} 1 3.5390625 0.0 8.109375 2.4453125 4.611624053030303 33
stats: {cpu,"tsung_controller@Maomao-no1-2"} 1 27.401355121562375 0.0 30.625499600319745 11.188470640499744 24.262235844758813 33
stats: {freemem,"tsung_controller@Maomao-no1-2"} 1 141.09375 0.0 256.40625 65.765625 120.2017045454545 33
stats: session 295 17644.44189152543 20647.771156514387 251004.429 626.634 45298.257636648756 2232
stats: users_count 308 3003
stats: finish_users_count 295 2527
stats: request 1228 1573.0661490228024 6043.802306994165 115889.281 35.442 8067.637800288238 9714
stats: connect 314 78.85458280254782 87.47809197052511 67111.122 36.93 10912.185465427521 2690
stats: page 1228 1573.0661490228024 6043.802306994165 115889.281 35.442 8067.637800288238 9714
stats: 504 0 329
stats: 200 0 32
stats: size_rcv 383335 13107212
stats: 502 1191 10286
stats: newphase 0 5
stats: size_sent 124788 1162274
stats: connected 22 481
stats: error_inet_etimedout 0 8
stats: error_connect_etimedout 0 83
stats: 500 37 292
# stats: dump at 1669957536
stats: users 470 1140
stats: {load,"tsung_controller@Maomao-no1-2"} 1 4.5546875 0.0 8.109375 2.4453125 4.580078125 34
stats: {cpu,"tsung_controller@Maomao-no1-2"} 1 27.78776978417266 0.0 30.625499600319745 11.188470640499744 24.354562882311857 34
stats: {freemem,"tsung_controller@Maomao-no1-2"} 1 105.046875 0.0 256.40625 65.765625 120.81617647058818 34
stats: session 308 16361.100379870126 20865.863977749075 251004.429 626.634 42069.972854372776 2527
stats: users_count 302 3305
stats: finish_users_count 308 2835
stats: request 1204 1290.9702499999994 5464.980986311938 115889.281 35.442 7338.764286510688 10942
stats: connect 301 60.31201661129565 14.023143961128731 67111.122 36.93 9779.806671438093 3004
stats: page 1204 1290.9702499999994 5464.980986311938 115889.281 35.442 7338.764286510688 10942
stats: 504 0 329
stats: 200 6 38
stats: size_rcv 376939 13484151
stats: 502 1146 11432
stats: newphase 0 5
stats: size_sent 127077 1289351
stats: connected -14 467
stats: error_inet_etimedout 0 8
stats: error_connect_etimedout 0 83
stats: 500 53 345
# stats: dump at 1669957546
stats: users 458 1140
stats: {load,"tsung_controller@Maomao-no1-2"} 1 4.08984375 0.0 8.109375 2.4453125 4.5793526785714285 35
stats: {cpu,"tsung_controller@Maomao-no1-2"} 1 27.391651687637307 0.0 30.625499600319745 11.188470640499744 24.45265450807931 35
stats: {freemem,"tsung_controller@Maomao-no1-2"} 1 66.75 0.0 256.40625 65.765625 120.36562499999995 35
stats: session 292 17044.506246575333 17960.330742841677 251004.429 626.634 39276.91016578484 2835
stats: users_count 280 3585
stats: finish_users_count 292 3127
stats: request 1114 2226.3106427289063 8146.834135812816 123867.052 35.442 6739.262885229701 12146
stats: connect 266 60.26529323308268 13.807653354920722 67111.122 36.93 8894.612150680796 3305
stats: 504 0 329
stats: page 1114 2226.3106427289063 8146.834135812816 123867.052 35.442 6739.262885229701 12146
stats: 200 3 41
stats: size_rcv 5119589 18603740
stats: 502 1030 12462
stats: newphase 0 5
stats: size_sent 119647 1408998
stats: connected -13 454
stats: error_inet_etimedout 0 8
stats: error_connect_etimedout 0 83
stats: 500 80 425
# stats: dump at 1669957556
stats: users 728 1140
stats: {load,"tsung_controller@Maomao-no1-2"} 1 4.62109375 0.0 8.109375 2.4453125 4.565755208333333 36
stats: {cpu,"tsung_controller@Maomao-no1-2"} 1 29.015181781861767 0.0 30.625499600319745 11.188470640499744 24.534293318622588 36
stats: {freemem,"tsung_controller@Maomao-no1-2"} 1 69.109375 0.0 256.40625 65.765625 118.87630208333329 36
stats: session 319 16630.25119122254 17173.087719951545 251004.429 626.634 37200.843026543014 3127
stats: users_count 589 4174
stats: finish_users_count 319 3446
stats: request 1690 1496.0632644970403 5925.322550991008 127131.819 35.442 6360.120441930614 13260
stats: connect 581 129.84022203098095 172.2323329763881 67111.122 36.93 8236.551029403538 3571
stats: page 1690 1496.0632644970403 5925.322550991008 127131.819 35.442 6360.120441930614 13260
stats: 504 2 331
stats: 200 0 41
stats: size_rcv 527701 19131441
stats: 502 1639 14101
stats: newphase 1 6
stats: size_sent 172564 1581562
stats: connected 266 720
stats: error_inet_etimedout 0 8
stats: error_connect_etimedout 0 83
stats: 500 49 474
# stats: dump at 1669957566
stats: users 761 1140
stats: {load,"tsung_controller@Maomao-no1-2"} 1 4.859375 0.0 8.109375 2.4453125 4.567250844594595 37
stats: {cpu,"tsung_controller@Maomao-no1-2"} 1 27.4116237267825 0.0 30.625499600319745 11.188470640499744 24.655398412223647 37
stats: {freemem,"tsung_controller@Maomao-no1-2"} 1 71.484375 0.0 256.40625 65.765625 117.53124999999996 37
stats: session 556 12399.987041366905 11462.034045419168 251004.429 626.634 35296.60077597214 3446
stats: users_count 589 4763
stats: finish_users_count 556 4002
stats: request 2322 865.347155038759 4417.584196432406 127131.819 35.442 5810.270500133775 14950
stats: connect 592 132.67513344594622 202.50847981716453 67111.122 36.93 7102.15821170521 4152
stats: 504 0 331
stats: page 2322 865.347155038759 4417.584196432406 127131.819 35.442 5810.270500133775 14950
stats: 200 6 47
stats: size_rcv 5500669 24632110
stats: 502 2258 16359
stats: newphase 0 6
stats: size_sent 242579 1824141
stats: connected 44 764
stats: error_inet_etimedout 0 8
stats: error_connect_etimedout 0 83
stats: 500 58 532
# stats: dump at 1669957576
stats: users 726 1140
stats: {load,"tsung_controller@Maomao-no1-2"} 1 5.8359375 0.0 8.109375 2.4453125 4.574938322368421 38
stats: {cpu,"tsung_controller@Maomao-no1-2"} 1 29.515726410384424 0.0 30.625499600319745 11.188470640499744 24.727930657343617 38
stats: {freemem,"tsung_controller@Maomao-no1-2"} 1 69.421875 0.0 256.40625 65.765625 116.3194901315789 38
stats: session 615 12845.203408130074 11262.063850670995 251004.429 626.634 32115.56198625687 4002
stats: users_count 580 5343
stats: finish_users_count 615 4617
stats: request 2446 880.7231999182358 4579.392197834854 127131.819 35.442 5145.488656264471 17272
stats: connect 578 59.85795155709345 14.847923699327273 67111.122 36.93 6232.44194224284 4744
stats: page 2446 880.7231999182358 4579.392197834854 127131.819 35.442 5145.488656264471 17272
stats: 504 2 333
stats: 200 2 49
stats: size_rcv 766969 25399079
stats: 502 2405 18764
stats: newphase 0 6
stats: size_sent 250860 2075001
stats: connected -39 725
stats: error_inet_etimedout 0 8
stats: error_connect_etimedout 0 83
stats: 500 37 569
# stats: dump at 1669957586
stats: users 765 1140
stats: {load,"tsung_controller@Maomao-no1-2"} 1 6.91796875 0.0 8.109375 2.4453125 4.607271634615385 39
stats: {cpu,"tsung_controller@Maomao-no1-2"} 1 29.360087850653887 0.0 30.625499600319745 11.188470640499744 24.85069465101133 39
stats: {freemem,"tsung_controller@Maomao-no1-2"} 1 62.578125 0.0 256.40625 62.578125 115.11698717948714 39
stats: session 593 11826.433509274857 9639.680619838744 251004.429 626.634 29548.685112627245 4617
stats: users_count 632 5975
stats: finish_users_count 593 5210
stats: request 2399 565.0658553564001 3444.2911573242072 127131.819 35.442 4616.4483729587155 19718
stats: connect 629 60.03639745627982 14.413176056952393 67111.122 36.93 5562.063598271333 5322
stats: page 2399 565.0658553564001 3444.2911573242072 127131.819 35.442 4616.4483729587155 19718
stats: 504 0 333
stats: 200 6 55
stats: size_rcv 753893 26152972
stats: 502 2351 21115
stats: newphase 0 6
stats: size_sent 249704 2324705
stats: connected 30 755
stats: error_inet_etimedout 0 8
stats: error_connect_etimedout 0 83
stats: 500 42 611
# stats: dump at 1669957596
stats: users 773 1140
stats: {load,"tsung_controller@Maomao-no1-2"} 1 6.63671875 0.0 8.109375 2.4453125 4.665039062500001 40
stats: {cpu,"tsung_controller@Maomao-no1-2"} 1 29.16583516264219 0.0 30.625499600319745 11.188470640499744 24.963429481002397 40
stats: {freemem,"tsung_controller@Maomao-no1-2"} 1 66.859375 0.0 256.40625 62.578125 113.80351562499996 40
stats: session 605 11195.046120661149 8509.96055799252 251004.429 626.634 27531.545918618038 5210
stats: users_count 613 6588
stats: finish_users_count 605 5815
stats: request 2480 639.40226532258 3816.8610448345653 127131.819 35.442 4177.000588009221 22117
stats: page 2480 639.40226532258 3816.8610448345653 127131.819 35.442 4177.000588009221 22117
stats: 504 0 333
stats: connect 617 59.86156239870344 15.385086709634184 67111.122 36.93 4980.518461435058 5951
stats: 200 0 55
stats: size_rcv 775436 26928408
stats: 502 2426 23541
stats: newphase 0 6
stats: size_sent 252774 2577479
stats: connected 2 757
stats: error_inet_etimedout 0 8
stats: error_connect_etimedout 0 83
stats: 500 54 665
# stats: dump at 1669957606
stats: users 756 1140
stats: {load,"tsung_controller@Maomao-no1-2"} 1 6.8671875 0.0 8.109375 2.4453125 4.71312881097561 41
stats: {cpu,"tsung_controller@Maomao-no1-2"} 1 31.21566277095195 0.0 31.21566277095195 11.188470640499744 25.06592718055459 41
stats: {freemem,"tsung_controller@Maomao-no1-2"} 1 74.25 0.0 256.40625 62.578125 112.65853658536581 41
stats: session 638 12920.874733542318 12078.211191443477 251004.429 626.634 25831.875690283745 5815
stats: users_count 621 7209
stats: finish_users_count 638 6453
stats: request 2556 1230.4837949921732 6313.541288116965 127131.819 35.442 3820.3211620522807 24597
stats: connect 629 60.73377583465816 42.13346327543586 67111.122 36.93 4518.270394031673 6568
stats: page 2556 1230.4837949921732 6313.541288116965 127131.819 35.442 3820.3211620522807 24597
stats: 504 3 336
stats: 200 9 64
stats: size_rcv 6101053 33029461
stats: 502 2502 26043
stats: newphase 0 6
stats: size_sent 262274 2839753
stats: connected -7 750
stats: error_inet_etimedout 0 8
stats: error_connect_etimedout 0 83
stats: 500 44 709
# stats: dump at 1669957616
stats: users 347 1140
stats: {load,"tsung_controller@Maomao-no1-2"} 1 6.0390625 0.0 8.109375 2.4453125 4.764415922619048 42
stats: {cpu,"tsung_controller@Maomao-no1-2"} 1 30.883674488267598 0.0 31.21566277095195 11.188470640499744 25.212349456516428 42
stats: {freemem,"tsung_controller@Maomao-no1-2"} 1 105.296875 0.0 256.40625 62.578125 111.74404761904758 42
stats: session 506 14977.576800395262 12712.73849194798 251004.429 626.634 24555.38125197582 6453
stats: users_count 97 7306
stats: finish_users_count 506 6959
stats: request 1357 1650.193356669123 6881.500433011498 127131.819 35.442 3576.5313668102954 27153
stats: page 1357 1650.193356669123 6881.500433011498 127131.819 35.442 3576.5313668102954 27153
stats: 504 0 336
stats: connect 112 62.83819642857144 14.95972356853996 67111.122 36.93 4128.692718215928 7197
stats: 200 14 78
stats: size_rcv 4752817 37782278
stats: 502 1286 27329
stats: newphase 0 6
stats: size_sent 152686 2992439
stats: connected -394 356
stats: error_inet_etimedout 0 8
stats: error_connect_etimedout 0 83
stats: 500 55 764
# stats: dump at 1669957626
stats: users 206 1140
stats: {load,"tsung_controller@Maomao-no1-2"} 1 5.33203125 0.0 8.109375 2.4453125 4.79405886627907 43
stats: {cpu,"tsung_controller@Maomao-no1-2"} 1 28.585687194330774 0.0 31.21566277095195 11.188470640499744 25.344240736324593 43
stats: {freemem,"tsung_controller@Maomao-no1-2"} 1 88.484375 0.0 256.40625 62.578125 111.59411337209298 43
stats: session 141 23923.0335886525 11932.82587064797 251004.429 626.634 23858.963799396464 6959
stats: users_count 0 7306
stats: finish_users_count 141 7100
stats: request 320 6217.372471875003 10685.32013866237 127131.819 35.442 3484.842812627147 28510
stats: page 320 6217.372471875003 10685.32013866237 127131.819 35.442 3484.842812627147 28510
stats: 504 0 336
stats: connect 0 0 0 67111.122 36.93 4066.3892968942446 7309
stats: 200 7 85
stats: size_rcv 1691659 39473937
stats: 502 264 27593
stats: newphase 0 6
stats: size_sent 36717 3029156
stats: connected -150 206
stats: error_inet_etimedout 0 8
stats: error_connect_etimedout 0 83
stats: 500 49 813
# stats: dump at 1669957636
stats: users 181 1140
stats: {load,"tsung_controller@Maomao-no1-2"} 1 5.13671875 0.0 8.109375 2.4453125 4.806285511363637 44
stats: {cpu,"tsung_controller@Maomao-no1-2"} 1 25.716568461000698 0.0 31.21566277095195 11.188470640499744 25.417909974006555 44
stats: {freemem,"tsung_controller@Maomao-no1-2"} 1 129.0 0.0 256.40625 62.578125 111.0688920454545 44
stats: session 25 37663.393560000004 15058.364829092021 251004.429 626.634 23860.236171267603 7100
stats: users_count 0 7306
stats: finish_users_count 25 7125
stats: request 62 23433.643919354843 5130.421428331728 127131.819 35.442 3515.172659694761 28830
stats: connect 0 0 0 67111.122 36.93 4066.3892968942446 7309
stats: page 62 23433.643919354843 5130.421428331728 127131.819 35.442 3515.172659694761 28830
stats: 504 0 336
stats: 200 2 87
stats: size_rcv 2131557 41605494
stats: 502 0 27593
stats: newphase 0 6
stats: size_sent 6925 3036081
stats: connected -23 183
stats: error_inet_etimedout 0 8
stats: error_connect_etimedout 0 83
stats: 500 61 874
# stats: dump at 1669957646
stats: users 133 1140
stats: {load,"tsung_controller@Maomao-no1-2"} 1 4.421875 0.0 8.109375 2.4453125 4.813628472222222 45
stats: {cpu,"tsung_controller@Maomao-no1-2"} 1 26.532241964463964 0.0 31.21566277095195 11.188470640499744 25.42454682927309 45
stats: {freemem,"tsung_controller@Maomao-no1-2"} 1 110.515625 0.0 256.40625 62.578125 111.46736111111107 45
stats: session 48 43823.88666666669 12473.607052144862 251004.429 626.634 23908.668302456135 7125
stats: users_count 0 7306
stats: finish_users_count 48 7173
stats: request 83 25678.007337349412 7756.389846913363 127131.819 35.442 3557.916160251971 28892
stats: page 83 25678.007337349412 7756.389846913363 127131.819 35.442 3557.916160251971 28892
stats: connect 0 0 0 67111.122 36.93 4066.3892968942446 7309
stats: 504 2 338
stats: 200 4 91
stats: size_rcv 2681172 44286666
stats: 502 0 27593
stats: newphase 0 6
stats: size_sent 7584 3043665
stats: connected -50 133
stats: error_inet_etimedout 0 8
stats: error_connect_etimedout 0 83
stats: 500 76 950
# stats: dump at 1669957656
stats: users 133 1140
stats: {load,"tsung_controller@Maomao-no1-2"} 1 5.1015625 0.0 8.109375 2.4453125 4.805112092391304 46
stats: {cpu,"tsung_controller@Maomao-no1-2"} 1 25.74079616881173 0.0 31.21566277095195 11.188470640499744 25.44862715829898 46
stats: {freemem,"tsung_controller@Maomao-no1-2"} 1 77.3125 0.0 256.40625 62.578125 111.44667119565213 46
stats: session 0 0 0 251004.429 626.634 24041.93617942283 7173
stats: users_count 0 7306
stats: finish_users_count 0 7173
stats: connect 0 0 0 67111.122 36.93 4066.3892968942446 7309
stats: request 1 21211.381 0.0 127131.819 35.442 3621.2800107333887 28975
stats: 504 0 338
stats: page 1 21211.381 0.0 127131.819 35.442 3621.2800107333887 28975
stats: 200 0 91
stats: size_rcv 253 44286919
stats: 502 0 27593
stats: newphase 0 6
stats: size_sent 722 3044387
stats: connected 0 133
stats: error_inet_etimedout 0 8
stats: error_connect_etimedout 0 83
stats: 500 1 951
# stats: dump at 1669957666
stats: users 133 1140
stats: {load,"tsung_controller@Maomao-no1-2"} 1 4.86328125 0.0 8.109375 2.4453125 4.811419547872339 47
stats: {cpu,"tsung_controller@Maomao-no1-2"} 1 28.344806944028733 0.0 31.21566277095195 11.188470640499744 25.454843520224784 47
stats: {freemem,"tsung_controller@Maomao-no1-2"} 1 117.703125 0.0 256.40625 62.578125 110.72041223404251 47
stats: session 0 0 0 251004.429 626.634 24041.93617942283 7173
stats: users_count 0 7306
stats: finish_users_count 0 7173
stats: request 0 0 0 127131.819 35.442 3621.887068332411 28976
stats: page 0 0 0 127131.819 35.442 3621.887068332411 28976
stats: connect 0 0 0 67111.122 36.93 4066.3892968942446 7309
stats: 504 0 338
stats: 200 0 91
stats: size_rcv 0 44286919
stats: 502 0 27593
stats: newphase 0 6
stats: size_sent 0 3044387
stats: connected 0 133
stats: error_inet_etimedout 0 8
stats: error_connect_etimedout 0 83
stats: 500 0 951
# stats: dump at 1669957676
stats: users 132 1140
stats: {load,"tsung_controller@Maomao-no1-2"} 1 5.0234375 0.0 8.109375 2.4453125 4.812499999999999 48
stats: {cpu,"tsung_controller@Maomao-no1-2"} 1 26.9061876247505 0.0 31.21566277095195 11.188470640499744 25.51505109155403 48
stats: {freemem,"tsung_controller@Maomao-no1-2"} 1 96.28125 0.0 256.40625 62.578125 110.86588541666663 48
stats: session 1 76329.828 0.0 251004.429 626.634 24041.93617942283 7173
stats: users_count 0 7306
stats: finish_users_count 1 7174
stats: request 8 62058.492125000004 1169.2501947965886 127131.819 35.442 3621.887068332411 28976
stats: page 8 62058.492125000004 1169.2501947965886 127131.819 35.442 3621.887068332411 28976
stats: 504 8 346
stats: connect 0 0 0 67111.122 36.93 4066.3892968942446 7309
stats: 200 0 91
stats: size_rcv 2632 44289551
stats: 502 0 27593
stats: newphase 0 6
stats: size_sent 520 3044907
stats: connected -1 132
stats: error_inet_etimedout 0 8
stats: error_connect_etimedout 0 83
stats: 500 0 951
# stats: dump at 1669957686
stats: users 130 1140
stats: {load,"tsung_controller@Maomao-no1-2"} 1 4.5546875 0.0 8.109375 2.4453125 4.8168048469387745 49
stats: {cpu,"tsung_controller@Maomao-no1-2"} 1 26.341024872640094 0.0 31.21566277095195 11.188470640499744 25.54344163304784 49
stats: {freemem,"tsung_controller@Maomao-no1-2"} 1 93.09375 0.0 256.40625 62.578125 110.56823979591833 49
stats: session 2 78697.254 320.349000000002 251004.429 626.634 24049.224706300527 7174
stats: users_count 0 7306
stats: finish_users_count 2 7176
stats: request 2 61115.725999999995 332.89300000000185 127131.819 35.442 3638.016410053821 28984
stats: connect 0 0 0 67111.122 36.93 4066.3892968942446 7309
stats: page 2 61115.725999999995 332.89300000000185 127131.819 35.442 3638.016410053821 28984
stats: 504 2 348
stats: 200 0 91
stats: size_rcv 658 44290209
stats: 502 0 27593
stats: newphase 0 6
stats: size_sent 207 3045114
stats: connected -2 130
stats: error_inet_etimedout 0 8
stats: error_connect_etimedout 0 83
stats: 500 0 951
# stats: dump at 1669957696
stats: users 121 1140
stats: {load,"tsung_controller@Maomao-no1-2"} 1 4.3828125 0.0 8.109375 2.4453125 4.811562499999999 50
stats: {cpu,"tsung_controller@Maomao-no1-2"} 1 25.91335595927331 0.0 31.21566277095195 11.188470640499744 25.559393297839684 50
stats: {freemem,"tsung_controller@Maomao-no1-2"} 1 79.203125 0.0 256.40625 62.578125 110.21874999999996 50
stats: session 9 89341.34800000001 5763.065801684548 251004.429 626.634 24064.45548369565 7176
stats: users_count 0 7306
stats: finish_users_count 9 7185
stats: request 20 63597.998550000004 2381.0216503500214 127131.819 35.442 3641.9823045953203 28986
stats: page 20 63597.998550000004 2381.0216503500214 127131.819 35.442 3641.9823045953203 28986
stats: connect 0 0 0 67111.122 36.93 4066.3892968942446 7309
stats: 504 20 368
stats: 200 0 91
stats: size_rcv 6580 44296789
stats: 502 0 27593
stats: newphase 0 6
stats: size_sent 1348 3046462
stats: connected -9 121
stats: error_inet_etimedout 0 8
stats: error_connect_etimedout 0 83
stats: 500 0 951
# stats: dump at 1669957706
stats: users 109 1140
stats: {load,"tsung_controller@Maomao-no1-2"} 1 4.37109375 0.0 8.109375 2.4453125 4.803155637254901 51
stats: {cpu,"tsung_controller@Maomao-no1-2"} 1 25.861552292478272 0.0 31.21566277095195 11.188470640499744 25.56633374218152 51
stats: {freemem,"tsung_controller@Maomao-no1-2"} 1 74.34375 0.0 256.40625 62.578125 109.61060049019605 51
stats: session 12 110119.16641666666 16618.078747740692 251004.429 626.634 24146.221946137783 7185
stats: users_count 0 7306
stats: finish_users_count 12 7197
stats: request 23 73219.90726086957 5069.607795252531 127131.819 35.442 3683.322728125214 29006
stats: page 23 73219.90726086957 5069.607795252531 127131.819 35.442 3683.322728125214 29006
stats: connect 0 0 0 67111.122 36.93 4066.3892968942446 7309
stats: 504 23 391
stats: 200 0 91
stats: size_rcv 7567 44304356
stats: 502 0 27593
stats: newphase 0 6
stats: size_sent 1557 3048019
stats: connected -11 110
stats: error_inet_etimedout 0 8
stats: error_connect_etimedout 0 83
stats: 500 0 951
# stats: dump at 1669957716
stats: users 96 1140
stats: {load,"tsung_controller@Maomao-no1-2"} 1 4.44140625 0.0 8.109375 2.4453125 4.794846754807692 52
stats: {cpu,"tsung_controller@Maomao-no1-2"} 1 25.30204692960559 0.0 31.21566277095195 11.188470640499744 25.572011021994918 52
stats: {freemem,"tsung_controller@Maomao-no1-2"} 1 77.8125 0.0 256.40625 62.578125 108.93239182692304 52
stats: session 13 116452.90107692307 9436.378659953592 251004.429 626.634 24289.56991524246 7197
stats: users_count 0 7306
stats: finish_users_count 13 7210
stats: request 24 80689.87070833334 1880.4952820699623 127131.819 35.442 3738.4173384890955 29029
stats: page 24 80689.87070833334 1880.4952820699623 127131.819 35.442 3738.4173384890955 29029
stats: 504 24 415
stats: connect 0 0 0 67111.122 36.93 4066.3892968942446 7309
stats: 200 0 91
stats: size_rcv 7896 44312252
stats: 502 0 27593
stats: newphase 0 6
stats: size_sent 2483 3050502
stats: connected -13 97
stats: error_inet_etimedout 0 8
stats: error_connect_etimedout 0 83
stats: 500 0 951
# stats: dump at 1669957726
stats: users 95 1140
stats: {load,"tsung_controller@Maomao-no1-2"} 1 5.54296875 0.0 8.109375 2.4453125 4.7881780660377355 53
stats: {cpu,"tsung_controller@Maomao-no1-2"} 1 26.109504338286627 0.0 31.21566277095195 11.188470640499744 25.566917359874367 53
stats: {freemem,"tsung_controller@Maomao-no1-2"} 1 77.015625 0.0 256.40625 62.578125 108.34522405660374 53
stats: session 1 120031.982 0.0 251004.429 626.634 24455.74513092926 7210
stats: users_count 0 7306
stats: finish_users_count 1 7211
stats: request 5 84983.6444 291.6040636476835 127131.819 35.442 3801.985124290089 29053
stats: connect 0 0 0 67111.122 36.93 4066.3892968942446 7309
stats: page 5 84983.6444 291.6040636476835 127131.819 35.442 3801.985124290089 29053
stats: 504 5 420
stats: 200 0 91
stats: size_rcv 1645 44313897
stats: 502 0 27593
stats: newphase 0 6
stats: size_sent 514 3051016
stats: connected -2 95
stats: error_inet_etimedout 0 8
stats: error_connect_etimedout 0 83
stats: 500 0 951
# stats: dump at 1669957736
stats: users 94 1140
stats: {load,"tsung_controller@Maomao-no1-2"} 1 5.63671875 0.0 8.109375 2.4453125 4.802155671296297 54
stats: {cpu,"tsung_controller@Maomao-no1-2"} 1 26.447433981066272 0.0 31.21566277095195 11.188470640499744 25.576965266882002 54
stats: {freemem,"tsung_controller@Maomao-no1-2"} 1 74.96875 0.0 256.40625 62.578125 107.76504629629626 54
stats: session 1 129343.675 0.0 251004.429 626.634 24468.999358757446 7211
stats: users_count 0 7306
stats: finish_users_count 1 7212
stats: request 1 101690.989 0.0 127131.819 35.442 3815.9540242962335 29058
stats: connect 0 0 0 67111.122 36.93 4066.3892968942446 7309
stats: page 1 101690.989 0.0 127131.819 35.442 3815.9540242962335 29058
stats: 504 1 421
stats: 200 0 91
stats: size_rcv 329 44314226
stats: 502 0 27593
stats: newphase 0 6
stats: size_sent 0 3051016
stats: connected -1 94
stats: error_inet_etimedout 0 8
stats: error_connect_etimedout 0 83
stats: 500 0 951
# stats: dump at 1669957746
stats: users 88 1140
stats: {load,"tsung_controller@Maomao-no1-2"} 1 4.9921875 0.0 8.109375 2.4453125 4.8173295454545455 55
stats: {cpu,"tsung_controller@Maomao-no1-2"} 1 26.74581005586592 0.0 31.21566277095195 11.188470640499744 25.59279197077626 55
stats: {freemem,"tsung_controller@Maomao-no1-2"} 1 102.296875 0.0 256.40625 62.578125 107.16874999999996 55
stats: session 6 144913.62983333334 13590.122156692947 251004.429 626.634 24483.541049778145 7212
stats: users_count 0 7306
stats: finish_users_count 6 7218
stats: connect 0 0 0 67111.122 36.93 4066.3892968942446 7309
stats: 504 9 430
stats: request 9 105737.2961111111 2016.6362934463393 127131.819 35.442 3819.3221730617 29059
stats: page 9 105737.2961111111 2016.6362934463393 127131.819 35.442 3819.3221730617 29059
stats: 200 0 91
stats: size_rcv 2961 44317187
stats: 502 0 27593
stats: newphase 0 6
stats: size_sent 208 3051224
stats: connected -6 88
stats: error_inet_etimedout 0 8
stats: error_connect_etimedout 0 83
stats: 500 0 951
# stats: dump at 1669957756
stats: users 56 1140
stats: {load,"tsung_controller@Maomao-no1-2"} 1 4.9609375 0.0 8.109375 2.4453125 4.820452008928571 56
stats: {cpu,"tsung_controller@Maomao-no1-2"} 1 26.81636726546906 0.0 31.21566277095195 11.188470640499744 25.613381579438574 56
stats: {freemem,"tsung_controller@Maomao-no1-2"} 1 106.203125 0.0 256.40625 62.578125 107.08175223214282 56
stats: session 32 151797.34440625005 10018.322905292545 251004.429 626.634 24583.64918675533 7218
stats: users_count 0 7306
stats: finish_users_count 32 7250
stats: request 54 98227.2291111111 16151.039651769803 127131.819 35.442 3850.8778963808986 29068
stats: connect 0 0 0 67111.122 36.93 4066.3892968942446 7309
stats: page 54 98227.2291111111 16151.039651769803 127131.819 35.442 3850.8778963808986 29068
stats: 504 54 484
stats: 200 0 91
stats: size_rcv 17766 44334953
stats: 502 0 27593
stats: newphase 0 6
stats: size_sent 3222 3054446
stats: connected -32 56
stats: error_inet_etimedout 0 8
stats: error_connect_etimedout 0 83
stats: 500 0 951
# stats: dump at 1669957766
stats: users 35 1140
stats: {load,"tsung_controller@Maomao-no1-2"} 1 5.09375 0.0 8.109375 2.4453125 4.822916666666667 57
stats: {cpu,"tsung_controller@Maomao-no1-2"} 1 25.849320543565145 0.0 31.21566277095195 11.188470640499744 25.6344865914742 57
stats: {freemem,"tsung_controller@Maomao-no1-2"} 1 110.484375 0.0 256.40625 62.578125 107.06633771929822 57
stats: session 21 163951.12714285712 8419.463240881034 251004.429 626.634 25145.144117379306 7250
stats: users_count 0 7306
stats: finish_users_count 21 7271
stats: connect 0 0 0 67111.122 36.93 4066.3892968942446 7309
stats: request 28 34143.877392857125 18541.63751015844 127131.819 35.442 4025.8769680653786 29122
stats: 504 2 486
stats: page 28 34143.877392857125 18541.63751015844 127131.819 35.442 4025.8769680653786 29122
stats: 200 0 91
stats: size_rcv 7236 44342189
stats: 502 0 27593
stats: newphase 0 6
stats: size_sent 950 3055396
stats: connected -21 35
stats: error_inet_etimedout 0 8
stats: error_connect_etimedout 0 83
stats: 500 26 977
# stats: dump at 1669957776
stats: users 6 1140
stats: {load,"tsung_controller@Maomao-no1-2"} 1 4.30859375 0.0 8.109375 2.4453125 4.827586206896552 58
stats: {cpu,"tsung_controller@Maomao-no1-2"} 1 25.08985623003195 0.0 31.21566277095195 11.188470640499744 25.63819062513094 58
stats: {freemem,"tsung_controller@Maomao-no1-2"} 1 110.28125 0.0 256.40625 62.578125 107.12526939655169 58
stats: session 29 170264.6110689655 11267.18827430082 251004.429 626.634 25546.041606519044 7271
stats: users_count 0 7306
stats: finish_users_count 29 7300
stats: request 36 35482.1165 28005.548731251263 127131.819 35.442 4054.8067797941667 29150
stats: connect 0 0 0 67111.122 36.93 4066.3892968942446 7309
stats: page 36 35482.1165 28005.548731251263 127131.819 35.442 4054.8067797941667 29150
stats: 504 0 486
stats: 200 4 95
stats: size_rcv 12139 44354328
stats: 502 23 27616
stats: newphase 0 6
stats: size_sent 1564 3056960
stats: connected -29 6
stats: error_inet_etimedout 0 8
stats: error_connect_etimedout 0 83
stats: 500 9 986
# stats: dump at 1669957784
stats: users 0 1140
stats: {load,"tsung_controller@Maomao-no1-2"} 1 4.19921875 0.0 8.109375 2.4453125 4.818789724576271 59
stats: {cpu,"tsung_controller@Maomao-no1-2"} 1 26.294223465920446 0.0 31.21566277095195 11.188470640499744 25.628896821824178 59
stats: {freemem,"tsung_controller@Maomao-no1-2"} 1 99.890625 0.0 256.40625 62.578125 107.1787605932203 59
stats: session 6 177463.06149999998 7945.794701764683 251004.429 626.634 26120.95099205479 7300
stats: users_count 0 7306
stats: finish_users_count 6 7306
stats: request 6 5405.8705 3852.6020929120423 127131.819 35.442 4093.5713638388256 29186
stats: page 6 5405.8705 3852.6020929120423 127131.819 35.442 4093.5713638388256 29186
stats: connect 0 0 0 67111.122 36.93 4066.3892968942446 7309
stats: 504 0 486
stats: 200 2 97
stats: size_rcv 2693 44357021
stats: 502 0 27616
stats: newphase 0 6
stats: size_sent 208 3057168
stats: connected -6 0
stats: error_inet_etimedout 0 8
stats: error_connect_etimedout 0 83
stats: 500 4 990
EndMonitor:{1669,957784,62545}
