# stats: dump at 1669920632
stats: users 6 6
stats: {load,"tsung_controller@Maomao-no1-2"} 1 4.95703125 0 4.95703125 4.95703125 0 0
stats: {cpu,"tsung_controller@Maomao-no1-2"} 1 11.097091869175129 0 11.097091869175129 11.097091869175129 0 0
stats: {freemem,"tsung_controller@Maomao-no1-2"} 1 116.359375 0 116.359375 116.359375 0 0
stats: users_count 6 6
stats: finish_users_count 0 0
stats: connect 5 70.176 34.038061108118356 137.527 44.669 0 0
stats: request 38 94.10871052631579 141.83887646382948 937.431 48.07 0 0
stats: page 13 275.5687692307692 256.03024334761517 1103.514 50.598 0 0
stats: 200 23 23
stats: size_rcv 79278 79278
stats: size_sent 30871 30871
stats: connected 5 5
stats: 400 10 10
stats: 404 5 5
# stats: dump at 1669920642
stats: users 7 7
stats: {load,"tsung_controller@Maomao-no1-2"} 1 5.16015625 0.0 5.16015625 4.95703125 4.95703125 1
stats: {cpu,"tsung_controller@Maomao-no1-2"} 1 26.900409549495556 0.0 26.900409549495556 11.097091869175129 11.097091869175129 1
stats: {freemem,"tsung_controller@Maomao-no1-2"} 1 104.703125 0.0 116.359375 104.703125 116.359375 1
stats: session 4 8366.984 2757.7462489617315 12994.546 5803.353 0 0
stats: users_count 5 11
stats: finish_users_count 4 4
stats: request 37 91.80394594594597 85.7714393660034 937.431 44.949 94.10871052631579 38
stats: connect 6 66.75633333333334 13.642048815661408 137.527 44.669 70.176 5
stats: page 16 212.48743750000006 190.20873946863242 1103.514 44.949 275.5687692307692 13
stats: 200 26 49
stats: size_rcv 75234 154512
stats: size_sent 29953 60824
stats: connected 2 7
stats: 400 9 19
stats: 404 3 8
# stats: dump at 1669920652
stats: users 10 15
stats: {load,"tsung_controller@Maomao-no1-2"} 1 5.8671875 0.0 5.8671875 4.95703125 5.05859375 2
stats: {cpu,"tsung_controller@Maomao-no1-2"} 1 31.431990426804944 0.0 31.431990426804944 11.097091869175129 18.998750709335344 2
stats: {freemem,"tsung_controller@Maomao-no1-2"} 1 292.171875 0.0 292.171875 104.703125 110.53125 2
stats: session 12 9159.163416666668 5434.217079388721 20766.69 3553.689 8366.984 4
stats: users_count 15 26
stats: finish_users_count 12 16
stats: request 116 90.22082758620688 99.28248295952416 937.431 44.949 92.97169333333333 75
stats: connect 15 55.029666666666664 9.182283017976642 137.527 42.05 68.31072727272728 11
stats: page 50 205.8125599999999 219.29391122784597 1158.368 44.949 240.76527586206896 29
stats: 200 77 126
stats: size_rcv 231385 385897
stats: size_sent 94393 155217
stats: connected 3 10
stats: 400 27 46
stats: 404 11 19
# stats: dump at 1669920662
stats: users 12 15
stats: {load,"tsung_controller@Maomao-no1-2"} 1 6.1015625 0.0 6.1015625 4.95703125 5.328125 3
stats: {cpu,"tsung_controller@Maomao-no1-2"} 1 22.34318817419097 0.0 31.431990426804944 11.097091869175129 23.14316394849188 3
stats: {freemem,"tsung_controller@Maomao-no1-2"} 1 67.484375 0.0 292.171875 67.484375 171.078125 3
stats: session 12 9192.190750000002 3466.847371285453 20766.69 3553.689 8961.1185625 16
stats: users_count 14 40
stats: finish_users_count 12 28
stats: request 131 83.2275572519084 75.77207654701516 937.431 43.292 91.30101047120418 191
stats: connect 14 59.80871428571428 8.063971402200671 137.527 42.05 60.64857692307692 26
stats: page 56 195.8923035714286 173.767145767169 1158.368 44.232 218.64330379746832 79
stats: 200 86 212
stats: size_rcv 192874 578771
stats: size_sent 109643 264860
stats: connected 2 12
stats: 400 29 75
stats: 404 16 35
# stats: dump at 1669920672
stats: users 13 16
stats: {load,"tsung_controller@Maomao-no1-2"} 1 6.359375 0.0 6.359375 4.95703125 5.521484375 4
stats: {cpu,"tsung_controller@Maomao-no1-2"} 1 21.53339323150644 0.0 31.431990426804944 11.097091869175129 22.943170004916652 4
stats: {freemem,"tsung_controller@Maomao-no1-2"} 1 145.171875 0.0 292.171875 67.484375 145.1796875 4
stats: session 16 8095.734999999999 4305.512107642117 20766.69 2787.023 9060.149500000001 28
stats: users_count 17 57
stats: finish_users_count 16 44
stats: request 145 70.5656758620689 22.740595224334022 937.431 42.389 88.01646894409937 322
stats: connect 17 54.584764705882364 9.050876392595828 137.527 42.05 60.354624999999984 40
stats: page 62 167.6128225806451 104.66024618467256 1158.368 44.232 209.20585185185186 135
stats: 200 94 306
stats: size_rcv 96579 675350
stats: size_sent 117753 382613
stats: connected 1 13
stats: 400 34 109
stats: 404 17 52
# stats: dump at 1669920682
stats: users 5 16
stats: {load,"tsung_controller@Maomao-no1-2"} 1 5.828125 0.0 6.359375 4.95703125 5.6890625 5
stats: {cpu,"tsung_controller@Maomao-no1-2"} 1 22.488276962985136 0.0 31.431990426804944 11.097091869175129 22.66121465023461 5
stats: {freemem,"tsung_controller@Maomao-no1-2"} 1 87.8125 0.0 292.171875 67.484375 145.178125 5
stats: session 11 8591.228818181818 3565.257606111764 20766.69 2198.472 8709.453318181819 44
stats: users_count 3 60
stats: finish_users_count 11 55
stats: 200 47 353
stats: request 66 66.22115151515156 19.18846497187941 937.431 42.389 82.59812847965736 467
stats: connect 3 57.199333333333335 9.859325275539339 137.527 42.05 58.6337894736842 57
stats: page 36 121.5785 96.78869428683291 1158.368 44.232 196.11565989847713 197
stats: size_rcv 44096 719446
stats: size_sent 57733 440346
stats: connected -8 5
stats: 400 11 120
stats: 404 8 60
# stats: dump at 1669920692
stats: users 16 16
stats: {load,"tsung_controller@Maomao-no1-2"} 1 5.98046875 0.0 6.359375 4.95703125 5.712239583333333 6
stats: {cpu,"tsung_controller@Maomao-no1-2"} 1 22.25870646766169 0.0 31.431990426804944 11.097091869175129 22.632391702359698 6
stats: {freemem,"tsung_controller@Maomao-no1-2"} 1 165.6875 0.0 292.171875 67.484375 135.6171875 6
stats: session 7 12235.882714285715 6309.034994720864 20766.69 2198.472 8685.808418181818 55
stats: users_count 18 78
stats: finish_users_count 7 62
stats: request 121 80.33722314049587 54.31099001647865 937.431 42.389 80.57021013133206 533
stats: connect 18 57.62777777777779 8.82292109322553 137.527 42.05 58.56206666666666 60
stats: page 47 205.12095744680857 134.1615360418349 1158.368 44.093 184.5991888412017 233
stats: 200 78 431
stats: size_rcv 136177 855623
stats: newphase 1 1
stats: size_sent 98589 538935
stats: connected 11 16
stats: 400 30 150
stats: 404 13 73
# stats: dump at 1669920702
stats: users 14 19
stats: {load,"tsung_controller@Maomao-no1-2"} 1 5.73828125 0.0 6.359375 4.95703125 5.750558035714286 7
stats: {cpu,"tsung_controller@Maomao-no1-2"} 1 26.997904818916492 0.0 31.431990426804944 11.097091869175129 22.579008097402838 7
stats: {freemem,"tsung_controller@Maomao-no1-2"} 1 130.0625 0.0 292.171875 67.484375 139.91294642857142 7
stats: session 15 7718.8516 3665.3170432927404 20766.69 2119.848 9086.623258064516 62
stats: users_count 13 91
stats: finish_users_count 15 77
stats: request 113 91.17249557522126 113.23349631593734 937.431 42.389 80.52710397553516 654
stats: connect 13 61.65546153846154 12.292029403800877 137.527 42.05 58.34646153846153 78
stats: page 52 194.14761538461542 232.6496609304307 1359.022 44.093 188.0439142857143 280
stats: 200 78 509
stats: size_rcv 178206 1033829
stats: newphase 0 1
stats: size_sent 93064 631999
stats: connected -1 15
stats: 400 24 174
stats: 404 11 84
# stats: dump at 1669920712
stats: users 15 21
stats: {load,"tsung_controller@Maomao-no1-2"} 1 5.37109375 0.0 6.359375 4.95703125 5.7490234375 8
stats: {cpu,"tsung_controller@Maomao-no1-2"} 1 24.298131681486662 0.0 31.431990426804944 11.097091869175129 23.131370187592044 8
stats: {freemem,"tsung_controller@Maomao-no1-2"} 1 81.734375 0.0 292.171875 67.484375 138.681640625 8
stats: session 15 10816.472066666667 4909.791783041035 20766.69 2119.848 8820.174233766233 77
stats: users_count 16 107
stats: finish_users_count 15 92
stats: request 146 70.00432876712325 29.408463116795346 937.431 42.389 82.09546023468056 767
stats: connect 16 55.723187499999995 8.450725917182723 137.527 41.303 58.819175824175815 91
stats: page 64 165.19865625000003 99.98292457874662 1359.022 44.093 188.9999156626506 332
stats: 200 95 604
stats: size_rcv 97495 1131324
stats: newphase 0 1
stats: size_sent 119275 751274
stats: connected 0 15
stats: 400 34 208
stats: 404 17 101
# stats: dump at 1669920722
stats: users 11 21
stats: {load,"tsung_controller@Maomao-no1-2"} 1 4.625 0.0 6.359375 4.625 5.70703125 9
stats: {cpu,"tsung_controller@Maomao-no1-2"} 1 24.349905350204246 0.0 31.431990426804944 11.097091869175129 23.261010353580335 9
stats: {freemem,"tsung_controller@Maomao-no1-2"} 1 68.46875 0.0 292.171875 67.484375 132.35416666666666 9
stats: session 18 9383.009055555554 4641.610613695406 20766.69 2119.848 9145.657576086956 92
stats: users_count 14 121
stats: finish_users_count 18 110
stats: request 137 71.6154233576643 50.17394274414064 937.431 42.389 80.16193866374587 913
stats: connect 14 54.41071428571428 7.92303884187096 137.527 41.303 58.35622429906541 107
stats: page 64 153.77864062500004 127.0280398685866 1359.022 44.093 185.15324747474747 396
stats: 200 93 697
stats: size_rcv 143016 1274340
stats: newphase 0 1
stats: size_sent 114061 865335
stats: connected -3 12
stats: 400 29 237
stats: 404 15 116
# stats: dump at 1669920732
stats: users 17 21
stats: {load,"tsung_controller@Maomao-no1-2"} 1 4.61328125 0.0 6.359375 4.61328125 5.598828125 10
stats: {cpu,"tsung_controller@Maomao-no1-2"} 1 21.77862062082044 0.0 31.431990426804944 11.097091869175129 23.369899853242725 10
stats: {freemem,"tsung_controller@Maomao-no1-2"} 1 101.71875 0.0 292.171875 67.484375 125.965625 10
stats: session 13 9066.652923076925 5812.352107236761 23604.29 2119.848 9184.496909090909 110
stats: users_count 19 140
stats: finish_users_count 13 123
stats: request 140 78.6926785714286 71.56228484057665 937.431 42.389 79.04682190476188 1050
stats: connect 18 56.346111111111114 10.06564565952974 137.527 41.099 57.899719008264455 121
stats: page 58 190.4256724137931 159.96263238885513 1359.022 44.093 180.7880847826087 460
stats: 200 91 788
stats: size_rcv 199278 1473618
stats: newphase 0 1
stats: size_sent 115514 980849
stats: connected 7 19
stats: 400 33 270
stats: 404 16 132
# stats: dump at 1669920742
stats: users 21 25
stats: {load,"tsung_controller@Maomao-no1-2"} 1 4.5390625 0.0 6.359375 4.5390625 5.509232954545454 11
stats: {cpu,"tsung_controller@Maomao-no1-2"} 1 23.34432124662871 0.0 31.431990426804944 11.097091869175129 23.2252381048407 11
stats: {freemem,"tsung_controller@Maomao-no1-2"} 1 109.171875 0.0 292.171875 67.484375 123.76136363636364 11
stats: session 19 10607.206631578947 4921.558030998444 23604.29 2119.848 9172.041853658537 123
stats: users_count 23 163
stats: finish_users_count 19 142
stats: request 207 77.56663285024159 58.242765671151126 937.431 42.389 79.00515798319327 1190
stats: connect 24 58.50641666666666 8.653310950712576 137.527 41.099 57.698532374100715 139
stats: page 88 182.98938636363624 143.07242980102387 1359.022 43.841 181.8671969111969 518
stats: 200 136 924
stats: size_rcv 191494 1665112
stats: newphase 0 1
stats: size_sent 169713 1150562
stats: connected 3 22
stats: 400 48 318
stats: 404 23 155
# stats: dump at 1669920752
stats: users 38 40
stats: {load,"tsung_controller@Maomao-no1-2"} 1 4.875 0.0 6.359375 4.5390625 5.428385416666667 12
stats: {cpu,"tsung_controller@Maomao-no1-2"} 1 23.205908773330673 0.0 31.431990426804944 11.097091869175129 23.235161699989703 12
stats: {freemem,"tsung_controller@Maomao-no1-2"} 1 74.5 0.0 292.171875 67.484375 122.54557291666667 12
stats: session 21 9864.984809523807 4213.582017328132 23604.29 1327.326 9364.070943661973 142
stats: users_count 38 201
stats: finish_users_count 21 163
stats: request 266 76.33662030075187 63.91780989926234 937.431 42.389 78.7920050107373 1397
stats: connect 38 54.50747368421053 7.740812859318566 137.527 41.099 57.81748466257669 163
stats: page 106 188.4937169811321 143.52456875259378 1359.022 43.841 182.03015511551155 606
stats: 200 172 1096
stats: size_rcv 284335 1949447
stats: newphase 1 2
stats: size_sent 214540 1365102
stats: connected 17 39
stats: 400 66 384
stats: 404 28 183
# stats: dump at 1669920762
stats: users 45 48
stats: {load,"tsung_controller@Maomao-no1-2"} 1 5.32421875 0.0 6.359375 4.5390625 5.3858173076923075 13
stats: {cpu,"tsung_controller@Maomao-no1-2"} 1 23.005491762356463 0.0 31.431990426804944 11.097091869175129 23.232911474862085 13
stats: {freemem,"tsung_controller@Maomao-no1-2"} 1 94.65625 0.0 292.171875 67.484375 118.84975961538461 13
stats: session 33 8543.08845454545 4456.800996153761 23604.29 1101.342 9428.605858895704 163
stats: users_count 40 241
stats: finish_users_count 33 196
stats: request 376 78.20559308510643 69.02631817803076 937.431 42.389 78.39926157546603 1663
stats: connect 40 56.051575000000014 8.475263443951167 137.527 41.099 57.191711442786065 201
stats: page 163 182.7996503067485 155.23774027898884 1359.022 42.821 182.99242696629216 712
stats: 200 247 1343
stats: size_rcv 465941 2415388
stats: newphase 0 2
stats: size_sent 312225 1677327
stats: connected 7 46
stats: 400 84 468
stats: 404 45 228
# stats: dump at 1669920772
stats: users 35 48
stats: {load,"tsung_controller@Maomao-no1-2"} 1 5.62890625 0.0 6.359375 4.5390625 5.381417410714286 14
stats: {cpu,"tsung_controller@Maomao-no1-2"} 1 23.456666999102424 0.0 31.431990426804944 11.097091869175129 23.216667209683116 14
stats: {freemem,"tsung_controller@Maomao-no1-2"} 1 149.25 0.0 292.171875 67.484375 117.12165178571429 14
stats: session 45 10350.715866666666 5647.124349194606 25083.519 1101.342 9279.51364285714 196
stats: users_count 35 276
stats: finish_users_count 45 241
stats: request 321 79.50266666666663 79.83848239933984 937.431 42.161 78.36354830799412 2039
stats: connect 32 56.3835 8.646234183880287 137.527 41.099 57.002477178423234 241
stats: page 151 168.31691390728471 170.82934216686772 1359.022 42.821 182.95651542857146 875
stats: 200 220 1563
stats: size_rcv 467645 2883033
stats: newphase 0 2
stats: size_sent 269931 1947258
stats: connected -12 34
stats: 400 67 535
stats: 404 34 262
# stats: dump at 1669920782
stats: users 43 53
stats: {load,"tsung_controller@Maomao-no1-2"} 1 4.8359375 0.0 6.359375 4.5390625 5.397916666666666 15
stats: {cpu,"tsung_controller@Maomao-no1-2"} 1 22.948525737131433 0.0 31.431990426804944 11.097091869175129 23.232667195644403 15
stats: {freemem,"tsung_controller@Maomao-no1-2"} 1 66.53125 0.0 292.171875 66.53125 119.26354166666667 15
stats: session 36 11250.115722222225 6107.867000898967 27272.653 1101.342 9479.530655601657 241
stats: users_count 44 320
stats: finish_users_count 36 277
stats: request 397 84.10297732997476 91.70762979227996 977.432 41.913 78.51848771186441 2360
stats: connect 47 57.29131914893619 10.554769546263891 137.527 41.099 56.929923076923075 273
stats: page 169 198.76114792899412 191.74677245900534 1359.022 42.821 180.80195419103316 1026
stats: 200 259 1822
stats: size_rcv 626849 3509882
stats: newphase 0 2
stats: size_sent 326993 2274251
stats: connected 9 43
stats: 400 92 627
stats: 404 46 308
# stats: dump at 1669920792
stats: users 40 53
stats: {load,"tsung_controller@Maomao-no1-2"} 1 4.31640625 0.0 6.359375 4.31640625 5.36279296875 16
stats: {cpu,"tsung_controller@Maomao-no1-2"} 1 22.408627920910725 0.0 31.431990426804944 11.097091869175129 23.214908354487342 16
stats: {freemem,"tsung_controller@Maomao-no1-2"} 1 74.828125 0.0 292.171875 66.53125 115.9677734375 16
stats: session 45 9944.841377777782 4871.844713785735 27272.653 1101.342 9709.642794223824 277
stats: users_count 42 362
stats: finish_users_count 45 322
stats: request 382 89.65906020942403 105.07891552836274 1411.068 41.913 79.32263801233223 2757
stats: connect 40 59.588249999999995 10.583148895177652 137.527 41.099 56.983003125 320
stats: page 174 197.17430459770134 208.22308780564 1578.38 42.062 183.341789958159 1195
stats: 200 257 2079
stats: size_rcv 613411 4123293
stats: newphase 0 2
stats: size_sent 313401 2587652
stats: connected -5 38
stats: 400 83 710
stats: 404 42 350
# stats: dump at 1669920802
stats: users 39 53
stats: {load,"tsung_controller@Maomao-no1-2"} 1 5.3828125 0.0 6.359375 4.31640625 5.301240808823529 17
stats: {cpu,"tsung_controller@Maomao-no1-2"} 1 27.763906921002697 0.0 31.431990426804944 11.097091869175129 23.167480093688717 17
stats: {freemem,"tsung_controller@Maomao-no1-2"} 1 79.65625 0.0 292.171875 66.53125 113.54779411764706 17
stats: session 42 10092.425476190476 5267.909537071256 27272.653 1101.342 9742.512161490682 322
stats: users_count 41 403
stats: finish_users_count 42 364
stats: request 393 78.96919338422391 73.56665034162405 1411.068 41.913 80.58052691940107 3139
stats: connect 42 56.332380952380944 8.557359333324575 137.527 41.099 57.272475 360
stats: page 172 178.8035930232557 163.22306070263693 1578.38 42.062 185.09990357925497 1369
stats: 200 262 2341
stats: size_rcv 473792 4597085
stats: newphase 0 2
stats: size_sent 328241 2915893
stats: connected 1 39
stats: 400 87 797
stats: 404 44 394
# stats: dump at 1669920812
stats: users 56 58
stats: {load,"tsung_controller@Maomao-no1-2"} 1 5.109375 0.0 6.359375 4.31640625 5.305772569444445 18
stats: {cpu,"tsung_controller@Maomao-no1-2"} 1 22.02357171394327 0.0 31.431990426804944 11.097091869175129 23.422837139650603 18
stats: {freemem,"tsung_controller@Maomao-no1-2"} 1 404.421875 0.0 404.421875 66.53125 111.66493055555556 18
stats: session 45 9566.799577777776 5411.856146152912 30193.414 1101.342 9782.886774725273 364
stats: users_count 62 465
stats: finish_users_count 45 409
stats: request 451 78.02370731707316 73.53105513898362 1411.068 41.913 80.40123640996602 3532
stats: connect 63 54.41963492063494 9.763947635979292 137.527 40.416 57.17425621890547 402
stats: page 194 182.13374742268033 161.18230237360683 1578.38 42.062 184.39713562621677 1541
stats: 200 301 2642
stats: size_rcv 505230 5102315
stats: newphase 1 3
stats: size_sent 364806 3280699
stats: connected 18 57
stats: 400 106 903
stats: 404 45 439
# stats: dump at 1669920822
stats: users 68 75
stats: {load,"tsung_controller@Maomao-no1-2"} 1 5.484375 0.0 6.359375 4.31640625 5.2954358552631575 19
stats: {cpu,"tsung_controller@Maomao-no1-2"} 1 24.403156527819398 0.0 31.431990426804944 11.097091869175129 23.349191590929166 19
stats: {freemem,"tsung_controller@Maomao-no1-2"} 1 235.109375 0.0 404.421875 66.53125 127.07319078947368 19
stats: session 67 8027.012179104478 3495.415838055174 30193.414 1101.342 9759.111899755499 409
stats: users_count 79 544
stats: finish_users_count 67 476
stats: request 647 90.45602472952092 112.331790924513 1500.301 41.913 80.13202585990457 3983
stats: connect 74 56.494391891891894 9.05017589468841 137.527 38.586 56.8010494623656 465
stats: page 280 209.8624428571428 220.3910093529962 1742.149 42.062 184.1440536023055 1735
stats: 200 426 3068
stats: size_rcv 848732 5951047
stats: newphase 0 3
stats: size_sent 531845 3812544
stats: connected 9 66
stats: 400 148 1051
stats: 404 73 512
# stats: dump at 1669920832
stats: users 81 83
stats: {load,"tsung_controller@Maomao-no1-2"} 1 4.640625 0.0 6.359375 4.31640625 5.3048828125 20
stats: {cpu,"tsung_controller@Maomao-no1-2"} 1 20.862878258264256 0.0 31.431990426804944 11.097091869175129 23.401889837773677 20
stats: {freemem,"tsung_controller@Maomao-no1-2"} 1 159.953125 0.0 404.421875 66.53125 132.475 20
stats: session 69 8546.03128985507 3733.0950009719745 30193.414 1101.342 9515.307947478988 476
stats: users_count 82 626
stats: finish_users_count 69 545
stats: request 730 86.33028356164372 92.21513325026858 1500.301 41.913 81.57470993520518 4630
stats: connect 81 55.03349382716049 8.981370670123768 137.527 38.586 56.75894805194805 539
stats: page 312 200.94454807692296 195.2841030618159 1742.149 42.062 187.7178248138958 2015
stats: 200 478 3546
stats: size_rcv 1113667 7064714
stats: newphase 0 3
stats: size_sent 604870 4417414
stats: connected 11 77
stats: 400 166 1217
stats: 404 85 597
# stats: dump at 1669920842
stats: users 88 93
stats: {load,"tsung_controller@Maomao-no1-2"} 1 4.640625 0.0 6.359375 4.31640625 5.273251488095238 21
stats: {cpu,"tsung_controller@Maomao-no1-2"} 1 21.18457850579305 0.0 31.431990426804944 11.097091869175129 23.280984524463705 21
stats: {freemem,"tsung_controller@Maomao-no1-2"} 1 156.21875 0.0 404.421875 66.53125 133.78348214285714 21
stats: session 86 9245.015581395352 4621.545509639636 30193.414 1101.342 9392.59218715596 545
stats: users_count 93 719
stats: finish_users_count 86 631
stats: connect 94 57.86202127659574 9.003506279150153 137.527 38.586 56.533525806451614 620
stats: request 741 93.21927800269907 90.66633345466026 1500.301 41.913 82.22239067164176 5360
stats: page 329 191.98721580547115 170.47881968524896 1742.149 42.062 189.49124022346368 2327
stats: 200 506 4052
stats: size_rcv 750254 7814968
stats: newphase 0 3
stats: size_sent 622292 5039706
stats: connected 12 89
stats: 400 165 1382
stats: 404 72 669
# stats: dump at 1669920852
stats: users 76 93
stats: {load,"tsung_controller@Maomao-no1-2"} 1 4.0859375 0.0 6.359375 4.0859375 5.244495738636363 22
stats: {cpu,"tsung_controller@Maomao-no1-2"} 1 22.539714257168548 0.0 31.431990426804944 11.097091869175129 23.185693341796856 22
stats: {freemem,"tsung_controller@Maomao-no1-2"} 1 130.75 0.0 404.421875 66.53125 134.80326704545453 22
stats: session 83 10314.3709879518 5933.579493463344 30193.414 1101.342 9372.478735340726 631
stats: users_count 71 790
stats: finish_users_count 83 714
stats: connect 74 54.653999999999975 8.69071290578689 137.527 38.586 56.708425770308125 714
stats: 200 490 4542
stats: request 747 125.58474698795185 235.69073354956365 2259.76 41.913 83.5580231109654 6101
stats: page 339 295.8223067846609 435.2715589284061 2821.661 42.062 189.80041792168674 2656
stats: size_rcv 1371295 9186263
stats: newphase 0 3
stats: size_sent 601701 5641407
stats: connected -13 76
stats: 400 165 1547
stats: 404 90 759
# stats: dump at 1669920862
stats: users 71 93
stats: {load,"tsung_controller@Maomao-no1-2"} 1 3.69921875 0.0 6.359375 3.69921875 5.194123641304348 23
stats: {cpu,"tsung_controller@Maomao-no1-2"} 1 21.751722760411464 0.0 31.431990426804944 11.097091869175129 23.157607294639103 23
stats: {freemem,"tsung_controller@Maomao-no1-2"} 1 121.6875 0.0 404.421875 66.53125 134.62703804347825 23
stats: session 83 10138.950409638555 5598.749423285716 30193.414 1101.342 9481.970411764703 714
stats: users_count 78 868
stats: finish_users_count 83 797
stats: request 719 84.22045340751042 93.31860369451529 2259.76 41.913 88.142421875 6848
stats: page 326 185.42903374233126 189.1081412496664 2821.661 42.062 201.80089215358933 2995
stats: connect 74 55.96754054054054 9.393903684706675 137.527 38.586 56.51549746192893 788
stats: 200 482 5024
stats: size_rcv 895388 10081651
stats: newphase 0 3
stats: size_sent 601964 6243371
stats: connected -8 68
stats: 400 155 1702
stats: 404 82 841
# stats: dump at 1669920872
stats: users 106 110
stats: {load,"tsung_controller@Maomao-no1-2"} 1 4.1875 0.0 6.359375 3.69921875 5.1318359375 24
stats: {cpu,"tsung_controller@Maomao-no1-2"} 1 26.193806193806196 0.0 31.431990426804944 11.097091869175129 23.099028772379615 24
stats: {freemem,"tsung_controller@Maomao-no1-2"} 1 313.578125 0.0 404.421875 66.53125 134.087890625 24
stats: session 80 9969.656075000003 5308.540284680671 34131.698 1101.342 9550.388654956083 797
stats: users_count 115 983
stats: finish_users_count 80 877
stats: request 870 79.50649770114929 70.4186236667145 2259.76 41.154 87.76976490022466 7567
stats: connect 116 54.3227672413793 8.617489808080723 137.527 38.586 56.468457076566125 862
stats: page 356 192.59231460674147 160.03954321262097 2821.661 42.062 200.1937780788919 3321
stats: 200 570 5594
stats: size_rcv 1004841 11086492
stats: newphase 1 4
stats: size_sent 709419 6952790
stats: connected 41 109
stats: 400 209 1911
stats: 404 91 932
# stats: dump at 1669920882
stats: users 162 162
stats: {load,"tsung_controller@Maomao-no1-2"} 1 3.8359375 0.0 6.359375 3.69921875 5.0940625 25
stats: {cpu,"tsung_controller@Maomao-no1-2"} 1 19.984012789768187 0.0 31.431990426804944 11.097091869175129 23.222819869236677 25
stats: {freemem,"tsung_controller@Maomao-no1-2"} 1 170.46875 0.0 404.421875 66.53125 141.2675 25
stats: session 109 8751.218972477061 4000.638836906367 34131.698 1101.342 9588.634257696693 877
stats: users_count 165 1148
stats: finish_users_count 109 986
stats: request 1247 127.14064474739367 208.45154854277536 3278.715 41.154 86.91767974398482 8437
stats: connect 159 54.08685534591195 8.810545998426878 137.527 38.586 56.213958077709606 978
stats: page 522 274.0819157088125 330.85565377285616 3385.685 42.062 199.45781914604297 3677
stats: 200 829 6423
stats: size_rcv 1460371 12546863
stats: newphase 0 4
stats: size_sent 1042187 7994977
stats: connected 44 153
stats: 400 288 2199
stats: 404 132 1064
# stats: dump at 1669920892
stats: users 168 188
stats: {load,"tsung_controller@Maomao-no1-2"} 1 3.3984375 0.0 6.359375 3.3984375 5.045673076923077 26
stats: {cpu,"tsung_controller@Maomao-no1-2"} 1 20.969030969030968 0.0 31.431990426804944 11.097091869175129 23.098250366180196 26
stats: {freemem,"tsung_controller@Maomao-no1-2"} 1 89.625 0.0 404.421875 66.53125 142.39062500000003 26
stats: session 160 9609.802825000004 3964.1787915811483 34131.698 1101.342 9496.059951318457 986
stats: users_count 166 1314
stats: finish_users_count 160 1146
stats: request 1569 114.81464053537275 179.88739893850953 3278.715 41.154 92.0971548946716 9684
stats: connect 166 53.691626506024114 8.142515502958773 137.527 38.586 55.91650043975373 1137
stats: page 694 282.8399452449563 403.5509184659749 4166.892 42.062 208.73473708025722 4199
stats: 200 1025 7448
stats: size_rcv 1637889 14184752
stats: newphase 0 4
stats: size_sent 1275639 9270616
stats: connected 8 161
stats: 400 355 2554
stats: 404 187 1251
# stats: dump at 1669920902
stats: users 176 192
stats: {load,"tsung_controller@Maomao-no1-2"} 1 3.109375 0.0 6.359375 3.109375 4.984664351851852 27
stats: {cpu,"tsung_controller@Maomao-no1-2"} 1 22.070273507686164 0.0 31.431990426804944 11.097091869175129 23.019390388508004 27
stats: {freemem,"tsung_controller@Maomao-no1-2"} 1 91.921875 0.0 404.421875 66.53125 140.43634259259264 27
stats: session 157 10376.952452229301 4931.165483321142 34131.698 1101.342 9511.940282722513 1146
stats: users_count 165 1479
stats: finish_users_count 157 1303
stats: request 1417 137.02054693013386 201.003707317477 3278.715 41.154 95.26464222873896 11253
stats: connect 173 55.50689017341039 8.580181873152656 137.527 38.005 55.633055257099 1303
stats: page 627 304.71451355661856 389.9115458697485 4166.892 42.062 219.24546965052107 4893
stats: 200 955 8403
stats: size_rcv 1565046 15749798
stats: newphase 0 4
stats: size_sent 1192169 10462785
stats: connected 17 178
stats: 400 317 2871
stats: 404 146 1397
# stats: dump at 1669920912
stats: users 206 210
stats: {load,"tsung_controller@Maomao-no1-2"} 1 3.25390625 0.0 6.359375 3.109375 4.917689732142857 28
stats: {cpu,"tsung_controller@Maomao-no1-2"} 1 24.138619794267452 0.0 31.431990426804944 11.097091869175129 22.98549335705008 28
stats: {freemem,"tsung_controller@Maomao-no1-2"} 1 793.0625 0.0 793.0625 66.53125 138.70368303571433 28
stats: session 133 12276.395924812039 5259.546949748699 36433.921 1101.342 9616.166614735226 1303
stats: users_count 163 1642
stats: finish_users_count 133 1436
stats: request 1211 523.4375028901727 732.0962710096128 5680.621 41.154 99.93458042620358 12670
stats: connect 163 54.32445398773005 8.612217770992523 137.527 38.005 55.61826761517615 1476
stats: page 516 1065.2535581395348 1481.9973834754142 7833.572 42.062 228.9536382246376 5520
stats: 200 830 9233
stats: size_rcv 1643824 17393622
stats: newphase 0 4
stats: size_sent 1013203 11475988
stats: connected 28 206
stats: 400 269 3140
stats: 404 112 1509
# stats: dump at 1669920922
stats: users 182 215
stats: {load,"tsung_controller@Maomao-no1-2"} 1 3.07421875 0.0 6.359375 3.07421875 4.860317887931035 29
stats: {cpu,"tsung_controller@Maomao-no1-2"} 1 20.897013285386077 0.0 31.431990426804944 11.097091869175129 23.025256337643782 29
stats: {freemem,"tsung_controller@Maomao-no1-2"} 1 749.234375 0.0 793.0625 66.53125 161.26778017241386 29
stats: session 157 12005.292382165602 4910.020886677877 36433.921 1101.342 9862.552755571032 1436
stats: users_count 133 1775
stats: finish_users_count 157 1593
stats: request 1571 349.67388542329724 594.2967419310199 5793.619 41.154 136.8816331676391 13881
stats: connect 134 52.32885074626869 8.73329145308852 137.527 37.92 55.48959670530811 1639
stats: page 706 901.6802167138807 1312.9374636829582 7833.572 42.062 300.4464743207421 6036
stats: 200 1006 10239
stats: size_rcv 1801544 19195166
stats: newphase 0 4
stats: size_sent 1264827 12740815
stats: connected -22 184
stats: 400 352 3492
stats: 404 212 1721
# stats: dump at 1669920932
stats: users 265 267
stats: {load,"tsung_controller@Maomao-no1-2"} 1 2.671875 0.0 6.359375 2.671875 4.80078125 30
stats: {cpu,"tsung_controller@Maomao-no1-2"} 1 20.26581393024883 0.0 31.431990426804944 11.097091869175129 22.954314902568523 30
stats: {freemem,"tsung_controller@Maomao-no1-2"} 1 579.109375 0.0 793.0625 66.53125 180.86666666666673 30
stats: session 185 11923.508902702702 6355.453201366367 36433.921 1101.342 10073.73299497803 1593
stats: users_count 268 2043
stats: finish_users_count 185 1778
stats: request 1580 181.01557721518952 274.82875095960895 5793.619 41.154 158.51615480196728 15452
stats: 200 1093 11332
stats: connect 261 55.2358965517242 8.653113184199686 137.527 37.424 55.25071347997744 1773
stats: page 688 326.6867529069769 399.38372665402284 7833.572 42.062 363.40568851972694 6742
stats: size_rcv 1538125 20733291
stats: newphase 1 5
stats: size_sent 1337393 14078208
stats: connected 74 258
stats: 400 365 3857
stats: 404 122 1843
# stats: dump at 1669920942
stats: users 449 449
stats: {load,"tsung_controller@Maomao-no1-2"} 1 3.00390625 0.0 6.359375 2.671875 4.73210685483871 31
stats: {cpu,"tsung_controller@Maomao-no1-2"} 1 19.055228203335663 0.0 31.431990426804944 11.097091869175129 22.86758906475176 31
stats: {freemem,"tsung_controller@Maomao-no1-2"} 1 579.5625 0.0 793.0625 66.53125 193.71320564516134 31
stats: session 113 13026.325070796456 4356.85919662343 36433.921 1101.342 10266.20124184477 1778
stats: users_count 297 2340
stats: finish_users_count 113 1891
stats: connect 296 55.487537162162155 9.630507106079133 137.527 37.424 55.248812192723705 2034
stats: request 2037 866.153617083948 809.069309574233 5793.619 40.371 160.60334875528403 17032
stats: page 744 2140.892369623658 1846.1764008248779 7988.989 40.799 360.0056040376849 7430
stats: 200 948 12280
stats: size_rcv 2024050 22757341
stats: newphase 0 5
stats: 502 596 596
stats: size_sent 1571164 15649372
stats: connected 184 442
stats: 400 350 4207
stats: 404 143 1986
# stats: dump at 1669920952
stats: users 476 488
stats: {load,"tsung_controller@Maomao-no1-2"} 1 2.9296875 0.0 6.359375 2.671875 4.6781005859375 32
stats: {cpu,"tsung_controller@Maomao-no1-2"} 1 19.594324540367705 0.0 31.431990426804944 11.097091869175129 22.748452787832505 32
stats: {freemem,"tsung_controller@Maomao-no1-2"} 1 568.484375 0.0 793.0625 66.53125 205.77099609375006 32
stats: session 273 15050.393641025641 4749.915736054742 40911.028 1101.342 10431.137250661026 1891
stats: users_count 300 2640
stats: finish_users_count 273 2164
stats: connect 304 57.48744078947367 57.491128387198465 1046.285 37.424 55.27913948497855 2330
stats: 200 911 13191
stats: page 1196 1737.5878729096999 1954.1546625476037 10464.237 38.481 522.1024664790801 8174
stats: request 2758 770.6795123277739 953.5105324080866 6539.685 38.481 235.97205695107243 19069
stats: size_rcv 2158521 24915862
stats: newphase 0 5
stats: 502 1341 1937
stats: size_sent 1915483 17564855
stats: connected 34 476
stats: 400 331 4538
stats: 404 177 2163
# stats: dump at 1669920962
stats: users 459 488
stats: {load,"tsung_controller@Maomao-no1-2"} 1 2.78125 0.0 6.359375 2.671875 4.625118371212121 33
stats: {cpu,"tsung_controller@Maomao-no1-2"} 1 18.87112887112887 0.0 31.431990426804944 11.097091869175129 22.652873143969934 33
stats: {freemem,"tsung_controller@Maomao-no1-2"} 1 464.78125 0.0 793.0625 66.53125 216.76231060606065 33
stats: session 303 15331.329412541254 5608.690140758342 40911.028 1101.342 11013.880778650648 2164
stats: users_count 286 2926
stats: finish_users_count 303 2467
stats: request 2686 710.948135889799 876.6989291455639 6539.685 38.481 303.53622802034175 21827
stats: connect 288 53.39422222222217 8.596097173155941 1046.285 37.424 55.53400797266516 2634
stats: page 1202 1690.4541763727118 1934.739433112939 10464.237 38.481 677.2487360725722 9370
stats: 200 933 14124
stats: size_rcv 2000539 26916401
stats: newphase 0 5
stats: 502 1328 3265
stats: size_sent 1802140 19366995
stats: connected -17 459
stats: 400 280 4818
stats: 404 146 2309
# stats: dump at 1669920972
stats: users 485 501
stats: {load,"tsung_controller@Maomao-no1-2"} 1 2.4296875 0.0 6.359375 2.4296875 4.570886948529412 34
stats: {cpu,"tsung_controller@Maomao-no1-2"} 1 18.93296033569787 0.0 31.431990426804944 11.097091869175129 22.541645371239316 34
stats: {freemem,"tsung_controller@Maomao-no1-2"} 1 483.8125 0.0 793.0625 66.53125 224.0569852941177 34
stats: session 281 15974.227686832743 5532.09913533442 40911.028 1101.342 11544.155175111473 2467
stats: users_count 307 3233
stats: finish_users_count 281 2748
stats: request 2617 847.2895964845237 926.6231100968246 7686.972 38.481 348.17818879778076 24513
stats: page 1172 1857.4591732081888 2044.5108389842471 11755.602 38.481 792.4467061104807 10572
stats: connect 307 54.19872964169385 9.030281523086074 1046.285 37.424 55.32310506502396 2922
stats: 200 1118 15242
stats: size_rcv 2166834 29083235
stats: newphase 0 5
stats: 502 939 4204
stats: size_sent 1853358 21220353
stats: connected 27 486
stats: 400 375 5193
stats: 404 186 2495
# stats: dump at 1669920982
stats: users 510 517
stats: {load,"tsung_controller@Maomao-no1-2"} 1 2.44921875 0.0 6.359375 2.4296875 4.509709821428571 35
stats: {cpu,"tsung_controller@Maomao-no1-2"} 1 18.91108891108891 0.0 31.431990426804944 11.097091869175129 22.43854008450956 35
stats: {freemem,"tsung_controller@Maomao-no1-2"} 1 458.875 0.0 793.0625 66.53125 231.47857142857148 35
stats: session 311 15933.37985530549 6105.7313462585935 40911.028 1101.342 11997.157495269288 2748
stats: users_count 336 3569
stats: finish_users_count 311 3059
stats: request 2978 699.5557222968431 882.1482060749427 7686.972 38.481 396.32321474382593 27130
stats: connect 334 54.27859580838321 8.92406242520549 1046.285 37.245 55.21620408795293 3229
stats: page 1293 1552.2229133797382 1738.2195526971689 11755.602 38.481 898.7303072207085 11744
stats: 200 1000 16242
stats: size_rcv 2263429 31346664
stats: newphase 0 5
stats: 502 1468 5672
stats: size_sent 2019816 23240169
stats: connected 22 508
stats: 400 340 5533
stats: 404 171 2666
# stats: dump at 1669920992
stats: users 683 683
stats: {load,"tsung_controller@Maomao-no1-2"} 1 2.2265625 0.0 6.359375 2.2265625 4.452473958333333 36
stats: {cpu,"tsung_controller@Maomao-no1-2"} 1 18.384262033153583 0.0 31.431990426804944 11.097091869175129 22.34055532969232 36
stats: {freemem,"tsung_controller@Maomao-no1-2"} 1 446.578125 0.0 793.0625 66.53125 237.79513888888894 36
stats: session 364 14355.486706043963 5818.1894368967505 40911.028 1101.342 12397.342246485783 3059
stats: users_count 537 4106
stats: finish_users_count 364 3423
stats: request 4057 525.0224192753265 747.708507149706 7686.972 38.012 426.31612053274864 30108
stats: connect 530 53.13138867924529 8.871590738634987 1046.285 36.973 55.128311535223126 3563
stats: page 1707 1321.510142355008 1653.5513286136645 11755.602 38.012 963.5432196824424 13037
stats: 200 1077 17319
stats: size_rcv 2527005 33873669
stats: newphase 1 6
stats: 502 2472 8144
stats: size_sent 2460673 25700842
stats: connected 167 675
stats: 400 341 5874
stats: 404 168 2834
# stats: dump at 1669921002
stats: users 751 760
stats: {load,"tsung_controller@Maomao-no1-2"} 1 2.73046875 0.0 6.359375 2.2265625 4.3923141891891895 37
stats: {cpu,"tsung_controller@Maomao-no1-2"} 1 18.73190214677983 0.0 31.431990426804944 11.097091869175129 22.233628483839926 37
stats: {freemem,"tsung_controller@Maomao-no1-2"} 1 415.640625 0.0 793.0625 66.53125 243.43792229729735 37
stats: session 549 11963.448626593812 5750.473390244883 40911.028 1101.342 12605.570287174996 3423
stats: users_count 617 4723
stats: finish_users_count 549 3972
stats: request 5526 387.0251726384352 737.0980932841761 7686.972 38.012 438.0372226547635 34165
stats: connect 621 53.079594202898576 9.188830348060705 1046.285 36.973 54.869731248473 4093
stats: page 2378 907.1010790580327 1345.094564403911 11755.602 38.012 1004.9871654910473 14744
stats: 200 821 18140
stats: size_rcv 3007612 36881281
stats: newphase 0 6
stats: 502 4286 12430
stats: size_sent 2639834 28340676
stats: connected 70 745
stats: 400 284 6158
stats: 404 138 2972
# stats: dump at 1669921012
stats: users 816 823
stats: {load,"tsung_controller@Maomao-no1-2"} 1 3.6328125 0.0 6.359375 2.2265625 4.348581414473684 38
stats: {cpu,"tsung_controller@Maomao-no1-2"} 1 21.781287485005997 0.0 31.431990426804944 11.097091869175129 22.141477790759396 38
stats: {freemem,"tsung_controller@Maomao-no1-2"} 1 175.359375 0.0 793.0625 66.53125 247.9695723684211 38
stats: session 591 12583.66272758037 6544.682485789838 65524.395 1101.342 12516.817822004032 3972
stats: users_count 656 5379
stats: finish_users_count 591 4563
stats: request 5688 461.8915771800276 1516.6903958820837 61695.147 38.012 430.9350436119017 39691
stats: connect 682 53.227642228738915 9.100976834450684 1046.285 36.973 54.6339070852779 4714
stats: page 2489 1041.9422908798756 2049.786621525811 52731.358 38.012 991.3921933185377 17122
stats: error_unknown 2 2
stats: 200 1006 19146
stats: size_rcv 3092702 39973983
stats: newphase 0 6
stats: 502 4131 16561
stats: size_sent 2638658 30979334
stats: connected 33 778
stats: 400 338 6496
stats: 404 204 3176
# stats: dump at 1669921022
stats: users 843 844
stats: {load,"tsung_controller@Maomao-no1-2"} 1 4.34765625 0.0 6.359375 2.2265625 4.330228365384615 39
stats: {cpu,"tsung_controller@Maomao-no1-2"} 1 20.897461523086147 0.0 31.431990426804944 11.097091869175129 22.132242141893926 39
stats: {freemem,"tsung_controller@Maomao-no1-2"} 1 170.5625 0.0 793.0625 66.53125 246.1077724358975 39
stats: session 614 12295.44119055375 5363.147489185042 65524.395 1025.489 12525.475577690118 4563
stats: users_count 641 6020
stats: finish_users_count 614 5177
stats: request 5787 387.0401404872968 773.0226556367729 61695.147 10.203 434.8152693316289 45379
stats: page 2546 855.3457843676347 1295.4027578891958 52731.358 10.203 997.8079392177866 19611
stats: connect 742 54.85051347708896 9.592339705941662 1046.285 36.967 54.456169384729414 5396
stats: error_unknown 0 2
stats: 200 879 20025
stats: size_rcv 3035275 43009258
stats: newphase 0 6
stats: 502 4526 21087
stats: size_sent 2760692 33740026
stats: connected 30 808
stats: 400 246 6742
stats: 404 138 3314
# stats: dump at 1669921032
stats: users 817 871
stats: {load,"tsung_controller@Maomao-no1-2"} 1 4.140625 0.0 6.359375 2.2265625 4.3306640624999995 40
stats: {cpu,"tsung_controller@Maomao-no1-2"} 1 31.589979039824335 0.0 31.589979039824335 11.097091869175129 22.101372626423732 40
stats: {freemem,"tsung_controller@Maomao-no1-2"} 1 104.25 0.0 793.0625 66.53125 244.21914062500005 40
stats: session 700 12898.808281428564 5945.8381755207765 68480.481 1025.489 12498.193152791195 5177
stats: users_count 674 6694
stats: finish_users_count 700 5877
stats: request 5731 402.437772989007 1058.8610293179752 62437.544 3.117 429.4117851698388 51166
stats: connect 786 54.30789567430033 9.167543918105242 1046.285 35.858 54.503840175953066 6138
stats: page 2579 891.9335153160138 1211.2782862855217 52731.358 3.117 981.4380043778496 22157
stats: error_unknown 2 4
stats: 200 1095 21120
stats: size_rcv 3020224 46029482
stats: newphase 0 6
stats: 502 4091 25178
stats: size_sent 2903319 36643345
stats: connected -12 796
stats: 400 358 7100
stats: 404 185 3499
# stats: dump at 1669921042
stats: users 796 871
stats: {load,"tsung_controller@Maomao-no1-2"} 1 4.16796875 0.0 6.359375 2.2265625 4.326028963414633 41
stats: {cpu,"tsung_controller@Maomao-no1-2"} 1 26.851204157090038 0.0 31.589979039824335 11.097091869175129 22.33280205114082 41
stats: {freemem,"tsung_controller@Maomao-no1-2"} 1 84.671875 0.0 793.0625 66.53125 240.8052591463415 41
stats: session 638 12452.159946708485 5913.775615092414 68480.481 1025.489 12545.909775225457 5877
stats: users_count 617 7311
stats: finish_users_count 638 6515
stats: connect 681 58.44076798825254 67.01917953657203 1068.237 35.858 54.48159690930098 6924
stats: page 2602 886.7819435049962 1320.3465762199392 52731.358 3.117 972.1061771911388 24736
stats: request 5860 404.58922235494725 770.5491928461253 62437.544 3.117 426.69480424275395 56897
stats: error_unknown 1 5
stats: 200 980 22100
stats: size_rcv 3107223 49136705
stats: newphase 0 6
stats: 502 4404 29582
stats: size_sent 2873426 39516771
stats: connected -28 768
stats: 400 301 7401
stats: 404 172 3671
# stats: dump at 1669921052
stats: users 449 871
stats: {load,"tsung_controller@Maomao-no1-2"} 1 4.546875 0.0 6.359375 2.2265625 4.322265624999999 42
stats: {cpu,"tsung_controller@Maomao-no1-2"} 1 21.799100449775114 0.0 31.589979039824335 11.097091869175129 22.44038305366342 42
stats: {freemem,"tsung_controller@Maomao-no1-2"} 1 200.5 0.0 793.0625 66.53125 237.08779761904765 42
stats: session 572 12783.714972027956 5365.628622501924 68480.481 1025.489 12536.729055257103 6515
stats: users_count 225 7536
stats: finish_users_count 572 7087
stats: connect 275 61.219407272727246 86.00366057926912 1068.237 35.102 54.83612623274161 7605
stats: error_unknown 0 5
stats: request 3724 544.9187451664868 839.4456543496083 62437.544 3.117 424.6306725942917 62757
stats: page 1846 1041.3878331527624 1438.9950128841394 52731.358 3.117 963.9851128831666 27338
stats: 200 839 22939
stats: size_rcv 2384852 51521557
stats: newphase 0 6
stats: 502 2478 32060
stats: size_sent 2097759 41614530
stats: connected -303 465
stats: 400 256 7657
stats: 404 153 3824
# stats: dump at 1669921062
stats: users 89 871
stats: {load,"tsung_controller@Maomao-no1-2"} 1 4.08203125 0.0 6.359375 2.2265625 4.327489098837209 43
stats: {cpu,"tsung_controller@Maomao-no1-2"} 1 22.33096973933886 0.0 31.589979039824335 11.097091869175129 22.425469504735787 43
stats: {freemem,"tsung_controller@Maomao-no1-2"} 1 109.421875 0.0 793.0625 66.53125 236.2369186046512 43
stats: session 360 16657.632674999993 4807.094921796087 68480.481 1025.489 12556.663575419785 7087
stats: users_count 0 7536
stats: finish_users_count 360 7447
stats: connect 2 54.309 4.789999999999999 1068.237 35.102 55.058893020304566 7880
stats: request 1172 906.1459684300335 1163.9802711845537 62437.544 3.117 431.3687298175413 66481
stats: error_unknown 0 5
stats: page 810 1601.378879012346 2449.3989839805176 52731.358 3.117 968.8811319901318 29184
stats: 200 819 23758
stats: size_rcv 1410605 52932162
stats: newphase 0 6
stats: 502 46 32106
stats: size_sent 765633 42380163
stats: connected -371 94
stats: 400 145 7802
stats: 404 161 3985
# stats: dump at 1669921072
stats: users 10 871
stats: {load,"tsung_controller@Maomao-no1-2"} 1 3.83984375 0.0 6.359375 2.2265625 4.321910511363636 44
stats: {cpu,"tsung_controller@Maomao-no1-2"} 1 23.756740563211505 0.0 31.589979039824335 11.097091869175129 22.423321782794947 44
stats: {freemem,"tsung_controller@Maomao-no1-2"} 1 111.640625 0.0 793.0625 66.53125 233.3547585227273 44
stats: session 79 23287.328405063294 4439.436762020259 68480.481 1025.489 12754.91104095609 7447
stats: users_count 0 7536
stats: finish_users_count 79 7526
stats: request 128 64.74096093749999 11.469164018686653 62437.544 3.117 439.5936263284697 67653
stats: page 119 69.65326890756307 39.94623977333197 52731.358 3.117 985.9619873307997 29994
stats: connect 0 0 0 1068.237 35.102 55.05870274042121 7882
stats: error_unknown 0 5
stats: 200 122 23880
stats: size_rcv 42136 52974298
stats: newphase 0 6
stats: 502 0 32106
stats: size_sent 110575 42490738
stats: connected -83 11
stats: 400 3 7805
stats: 404 3 3988
# stats: dump at 1669921082
stats: users 2 871
stats: {load,"tsung_controller@Maomao-no1-2"} 1 3.54296875 0.0 6.359375 2.2265625 4.311197916666666 45
stats: {cpu,"tsung_controller@Maomao-no1-2"} 1 22.9539322474268 0.0 31.589979039824335 11.097091869175129 22.452953311248645 45
stats: {freemem,"tsung_controller@Maomao-no1-2"} 1 78.234375 0.0 793.0625 66.53125 230.65000000000003 45
stats: session 8 35936.413625 6052.7202575970105 68480.481 1025.489 12865.46923545044 7526
stats: users_count 0 7536
stats: finish_users_count 8 7534
stats: request 12 61.068333333333335 6.249069508512623 62437.544 3.117 438.8857415057311 67781
stats: connect 0 0 0 1068.237 35.102 55.05870274042121 7882
stats: page 12 61.068333333333335 6.249069508512623 52731.358 3.117 982.3409353767479 30113
stats: error_unknown 0 5
stats: 200 12 23892
stats: size_rcv 3030 52977328
stats: newphase 0 6
stats: 502 0 32106
stats: size_sent 9948 42500686
stats: connected -9 2
stats: 400 0 7805
stats: 404 0 3988
# stats: dump at 1669921092
stats: users 2 871
stats: {load,"tsung_controller@Maomao-no1-2"} 1 2.99609375 0.0 6.359375 2.2265625 4.294497282608695 46
stats: {cpu,"tsung_controller@Maomao-no1-2"} 1 19.99000999000999 0.0 31.589979039824335 11.097091869175129 22.4638441576873 46
stats: {freemem,"tsung_controller@Maomao-no1-2"} 1 81.625 0.0 793.0625 66.53125 227.33661684782612 46
stats: session 0 0 0 68480.481 1025.489 12889.96718542607 7534
stats: users_count 0 7536
stats: finish_users_count 0 7534
stats: request 0 0 0 62437.544 3.117 438.81886426327145 67793
stats: connect 0 0 0 1068.237 35.102 55.05870274042121 7882
stats: page 0 0 0 52731.358 3.117 981.9739554190875 30125
stats: error_unknown 0 5
stats: 200 0 23892
stats: size_rcv 0 52977328
stats: newphase 0 6
stats: 502 0 32106
stats: size_sent 0 42500686
stats: connected 0 2
stats: 400 0 7805
stats: 404 0 3988
# stats: dump at 1669921102
stats: users 2 871
stats: {load,"tsung_controller@Maomao-no1-2"} 1 3.01171875 0.0 6.359375 2.2265625 4.266871675531915 47
stats: {cpu,"tsung_controller@Maomao-no1-2"} 1 19.560219890054974 0.0 31.589979039824335 11.097091869175129 22.411209388162256 47
stats: {freemem,"tsung_controller@Maomao-no1-2"} 1 91.65625 0.0 793.0625 66.53125 224.2363696808511 47
stats: session 0 0 0 68480.481 1025.489 12889.96718542607 7534
stats: users_count 0 7536
stats: finish_users_count 0 7534
stats: connect 0 0 0 1068.237 35.102 55.05870274042121 7882
stats: request 0 0 0 62437.544 3.117 438.81886426327145 67793
stats: page 0 0 0 52731.358 3.117 981.9739554190875 30125
stats: error_unknown 0 5
stats: 200 0 23892
stats: size_rcv 0 52977328
stats: newphase 0 6
stats: 502 0 32106
stats: size_sent 0 42500686
stats: connected 0 2
stats: 400 0 7805
stats: 404 0 3988
# stats: dump at 1669921111
stats: users 0 871
stats: {load,"tsung_controller@Maomao-no1-2"} 1 2.93359375 0.0 6.359375 2.2265625 4.24072265625 48
stats: {cpu,"tsung_controller@Maomao-no1-2"} 1 19.434734844701886 0.0 31.589979039824335 11.097091869175129 22.35181377361835 48
stats: {freemem,"tsung_controller@Maomao-no1-2"} 1 81.4375 0.0 793.0625 66.53125 221.4742838541667 48
stats: session 2 69732.43350000001 4026.988500000003 73759.422 1025.489 12889.96718542607 7534
stats: users_count 0 7536
stats: finish_users_count 2 7536
stats: request 2 61624.101500000004 354.09050000000025 62437.544 3.117 438.81886426327145 67793
stats: connect 1 85.369 0.0 1068.237 35.102 55.05870274042121 7882
stats: page 1 61270.011 0.0 61270.011 3.117 981.9739554190875 30125
stats: error_unknown 1 6
stats: 200 0 23892
stats: size_rcv 0 52977328
stats: newphase 0 6
stats: 502 0 32106
stats: size_sent 642 42501328
stats: connected -2 0
stats: 400 0 7805
stats: 404 0 3988
EndMonitor:{1669,921111,692324}
