# stats: dump at 1669963873
stats: users 12 12
stats: {load,"tsung_controller@Maomao-no1-2"} 1 6.08203125 0 6.08203125 6.08203125 0 0
stats: {cpu,"tsung_controller@Maomao-no1-2"} 1 11.240234448859754 0 11.240234448859754 11.240234448859754 0 0
stats: {freemem,"tsung_controller@Maomao-no1-2"} 1 118.84375 0 118.84375 118.84375 0 0
stats: users_count 12 12
stats: finish_users_count 0 0
stats: request 7 707.7068571428571 242.68089598743722 1181.352 433.599 0 0
stats: connect 12 60.31950000000001 19.54992928162828 114.598 43.274 0 0
stats: 200 7 7
stats: size_rcv 1864 1864
stats: size_sent 7370 7370
stats: connected 12 12
# stats: dump at 1669963883
stats: users 20 20
stats: {load,"tsung_controller@Maomao-no1-2"} 1 7.453125 0.0 7.453125 6.08203125 6.08203125 1
stats: {cpu,"tsung_controller@Maomao-no1-2"} 1 30.75616821496354 0.0 30.75616821496354 11.240234448859754 11.240234448859754 1
stats: {freemem,"tsung_controller@Maomao-no1-2"} 1 71.953125 0.0 118.84375 71.953125 118.84375 1
stats: users_count 8 20
stats: finish_users_count 0 0
stats: request 9 4489.079777777778 1613.1897663046875 5998.135 433.599 707.7068571428571 7
stats: connect 8 58.906875 10.935276498990548 114.598 43.274 60.31950000000001 12
stats: page 2 8165.07 2166.9349999999995 10332.005 5998.135 0 0
stats: 200 4 11
stats: size_rcv 1050880 1052744
stats: size_sent 3369 10739
stats: connected 8 20
stats: 500 7 7
# stats: dump at 1669963893
stats: users 27 27
stats: {load,"tsung_controller@Maomao-no1-2"} 1 7.0625 0.0 7.453125 6.08203125 6.767578125 2
stats: {cpu,"tsung_controller@Maomao-no1-2"} 1 28.206407825132253 0.0 30.75616821496354 11.240234448859754 20.99820133191165 2
stats: {freemem,"tsung_controller@Maomao-no1-2"} 1 73.9375 0.0 118.84375 71.953125 95.3984375 2
stats: session 2 16141.972000000002 1704.2089999999994 17846.181 14437.763 0 0
stats: users_count 9 29
stats: finish_users_count 2 2
stats: request 23 6698.001826086955 6289.472899438931 23103.017 72.432 2834.729125 16
stats: connect 9 54.01555555555556 5.584608314348586 114.598 43.274 59.754450000000006 20
stats: page 11 9101.887727272728 7693.373612240496 23571.788 79.401 8165.07 2
stats: 200 9 20
stats: size_rcv 5458938 6511682
stats: size_sent 10085 20824
stats: connected 7 27
stats: 201 2 2
stats: 500 10 17
# stats: dump at 1669963903
stats: users 38 38
stats: {load,"tsung_controller@Maomao-no1-2"} 1 7.23046875 0.0 7.453125 6.08203125 6.865885416666667 3
stats: {cpu,"tsung_controller@Maomao-no1-2"} 1 28.7026865075402 0.0 30.75616821496354 11.240234448859754 23.40093682965185 3
stats: {freemem,"tsung_controller@Maomao-no1-2"} 1 63.140625 0.0 118.84375 63.140625 88.24479166666667 3
stats: session 0 0 0 17846.181 14437.763 16141.972000000002 2
stats: users_count 11 40
stats: finish_users_count 0 2
stats: request 12 7865.71875 7154.358871726373 31145.646 72.432 5113.069435897435 39
stats: connect 11 56.80145454545455 11.870128752948315 114.598 43.217 57.97341379310346 29
stats: page 6 9355.227999999997 5700.7016529174125 23571.788 79.401 8957.761923076923 13
stats: 200 1 21
stats: size_rcv 1615623 8127305
stats: size_sent 7933 28757
stats: connected 11 38
stats: 201 0 2
stats: 500 11 28
# stats: dump at 1669963913
stats: users 51 51
stats: {load,"tsung_controller@Maomao-no1-2"} 1 6.42578125 0.0 7.453125 6.08203125 6.95703125 4
stats: {cpu,"tsung_controller@Maomao-no1-2"} 1 29.776625448743516 0.0 30.75616821496354 11.240234448859754 24.726374249123936 4
stats: {freemem,"tsung_controller@Maomao-no1-2"} 1 73.28125 0.0 118.84375 63.140625 81.96875 4
stats: session 0 0 0 17846.181 14437.763 16141.972000000002 2
stats: users_count 13 53
stats: finish_users_count 0 2
stats: request 2 20958.247 150.94800000000032 31145.646 72.432 5760.75162745098 51
stats: connect 13 71.45800000000003 17.718645928469293 114.598 43.217 57.651125 40
stats: page 2 28913.0955 7803.9005 36716.996 79.401 9083.27752631579 19
stats: 200 0 21
stats: size_rcv 508 8127813
stats: size_sent 3075 31832
stats: connected 13 51
stats: 201 0 2
stats: 500 2 30
# stats: dump at 1669963923
stats: users 57 58
stats: {load,"tsung_controller@Maomao-no1-2"} 1 5.953125 0.0 7.453125 5.953125 6.85078125 5
stats: {cpu,"tsung_controller@Maomao-no1-2"} 1 31.271237257645414 0.0 31.271237257645414 11.240234448859754 25.736424489047852 5
stats: {freemem,"tsung_controller@Maomao-no1-2"} 1 163.546875 0.0 163.546875 63.140625 80.23125 5
stats: session 1 43884.156 0.0 43884.156 14437.763 16141.972000000002 2
stats: users_count 7 60
stats: finish_users_count 1 3
stats: request 4 23255.477 2023.8185619880808 31145.646 72.432 6334.242018867924 53
stats: page 4 25852.846999999998 3559.616589839067 36716.996 79.401 10971.831619047618 21
stats: 200 0 21
stats: connect 7 64.23542857142857 10.595363647196187 114.598 43.217 61.037716981132085 53
stats: size_rcv 1016 8128829
stats: size_sent 2077 33909
stats: connected 6 57
stats: 201 0 2
stats: 500 4 34
# stats: dump at 1669963933
stats: users 65 65
stats: {load,"tsung_controller@Maomao-no1-2"} 1 6.328125 0.0 7.453125 5.953125 6.701171875 6
stats: {cpu,"tsung_controller@Maomao-no1-2"} 1 27.12473784080695 0.0 31.271237257645414 11.240234448859754 26.658893283814113 6
stats: {freemem,"tsung_controller@Maomao-no1-2"} 1 297.75 0.0 297.75 63.140625 94.1171875 6
stats: session 0 0 0 43884.156 14437.763 25389.36666666667 3
stats: users_count 8 68
stats: finish_users_count 0 3
stats: request 3 61806.14166666666 402.27676503483144 62262.092 72.432 7521.697105263158 57
stats: connect 8 65.57574999999999 14.760148354183297 114.598 43.187 61.41078333333335 60
stats: page 2 62589.769499999995 455.3045000000038 63045.074 79.401 13352.794079999998 25
stats: 504 3 3
stats: 200 0 21
stats: size_rcv 987 8129816
stats: newphase 1 1
stats: size_sent 2772 36681
stats: connected 8 65
stats: 201 0 2
stats: 500 0 34
# stats: dump at 1669963943
stats: users 86 86
stats: {load,"tsung_controller@Maomao-no1-2"} 1 6.51171875 0.0 7.453125 5.953125 6.647879464285714 7
stats: {cpu,"tsung_controller@Maomao-no1-2"} 1 25.844155844155843 0.0 31.271237257645414 11.240234448859754 26.72544250624166 7
stats: {freemem,"tsung_controller@Maomao-no1-2"} 1 352.203125 0.0 352.203125 63.140625 123.20758928571429 7
stats: session 0 0 0 43884.156 14437.763 25389.36666666667 3
stats: users_count 21 89
stats: finish_users_count 0 3
stats: request 3 64196.653 1080.1963116918453 65029.006 72.432 10235.919333333331 60
stats: connect 20 64.13575000000002 18.244547856483038 127.445 42.74 61.90077941176472 68
stats: page 2 64664.817 1993.6770000000033 66658.494 79.401 16999.97744444444 27
stats: 504 3 6
stats: 200 0 21
stats: size_rcv 987 8130803
stats: newphase 0 1
stats: size_sent 7611 44292
stats: connected 20 85
stats: 201 0 2
stats: 500 0 34
# stats: dump at 1669963953
stats: users 105 105
stats: {load,"tsung_controller@Maomao-no1-2"} 1 6.1171875 0.0 7.453125 5.953125 6.630859375 8
stats: {cpu,"tsung_controller@Maomao-no1-2"} 1 25.354362148133358 0.0 31.271237257645414 11.240234448859754 26.615281673480933 8
stats: {freemem,"tsung_controller@Maomao-no1-2"} 1 330.9375 0.0 352.203125 63.140625 151.83203125 8
stats: session 0 0 0 43884.156 14437.763 25389.36666666667 3
stats: users_count 19 108
stats: finish_users_count 0 3
stats: request 3 63176.88966666666 859.8967355391511 65029.006 72.432 12805.478079365079 63
stats: connect 20 59.147299999999994 18.341375941024708 127.445 41.772 62.40872727272728 88
stats: page 3 66232.98733333334 3098.698035989776 69265.241 79.401 20287.207758620687 29
stats: 504 3 9
stats: 200 0 21
stats: size_rcv 987 8131790
stats: newphase 0 1
stats: size_sent 5422 49714
stats: connected 20 105
stats: 201 0 2
stats: 500 0 34
# stats: dump at 1669963963
stats: users 128 128
stats: {load,"tsung_controller@Maomao-no1-2"} 1 5.7734375 0.0 7.453125 5.7734375 6.573784722222222 9
stats: {cpu,"tsung_controller@Maomao-no1-2"} 1 25.0 0.0 31.271237257645414 11.240234448859754 26.475179503997868 9
stats: {freemem,"tsung_controller@Maomao-no1-2"} 1 297.1875 0.0 352.203125 63.140625 171.73263888888889 9
stats: session 0 0 0 43884.156 14437.763 25389.36666666667 3
stats: users_count 23 131
stats: finish_users_count 0 3
stats: request 9 66132.37444444443 2118.654514393466 67900.447 72.432 15095.087696969696 66
stats: connect 23 57.71978260869565 14.932147496786403 127.445 41.41 61.804759259259264 108
stats: page 3 77584.44499999999 12367.451280124318 94513.449 79.401 24594.62459375 32
stats: 504 9 18
stats: 200 0 21
stats: size_rcv 2961 8134751
stats: newphase 0 1
stats: size_sent 8717 58431
stats: connected 23 128
stats: 201 0 2
stats: 500 0 34
# stats: dump at 1669963973
stats: users 152 152
stats: {load,"tsung_controller@Maomao-no1-2"} 1 5.26953125 0.0 7.453125 5.26953125 6.49375 10
stats: {cpu,"tsung_controller@Maomao-no1-2"} 1 25.826755919672294 0.0 31.271237257645414 11.240234448859754 26.32766155359808 10
stats: {freemem,"tsung_controller@Maomao-no1-2"} 1 272.609375 0.0 352.203125 63.140625 184.278125 10
stats: session 1 80716.54 0.0 80716.54 14437.763 25389.36666666667 3
stats: users_count 25 156
stats: finish_users_count 1 4
stats: page 1 69469.539 0.0 94513.449 79.401 29136.6092 35
stats: request 6 67390.93433333332 2685.7176475155034 69469.539 72.432 21219.562106666664 75
stats: connect 24 100.8594583333333 202.17645055969035 1068.82 41.41 61.087549618320615 131
stats: 504 6 24
stats: 200 0 21
stats: size_rcv 1974 8136725
stats: newphase 0 1
stats: size_sent 7025 65456
stats: connected 23 151
stats: 201 0 2
stats: 500 0 34
# stats: dump at 1669963983
stats: users 163 163
stats: {load,"tsung_controller@Maomao-no1-2"} 1 5.6953125 0.0 7.453125 5.26953125 6.382457386363637 11
stats: {cpu,"tsung_controller@Maomao-no1-2"} 1 27.083125436583178 0.0 31.271237257645414 11.240234448859754 26.282124677786644 11
stats: {freemem,"tsung_controller@Maomao-no1-2"} 1 276.328125 0.0 352.203125 63.140625 192.30823863636363 11
stats: session 2 106151.265 6601.781000000003 112753.046 14437.763 39221.16 4
stats: users_count 13 169
stats: finish_users_count 2 6
stats: request 31 70716.60041935483 6245.728497933111 79907.064 72.432 24639.663753086417 81
stats: connect 14 55.95407142857142 8.441486831327135 1068.82 41.004 67.24578064516129 155
stats: page 10 75833.0152 12931.780100678874 109958.241 79.401 30256.96836111111 36
stats: 504 31 55
stats: 200 0 21
stats: size_rcv 10199 8146924
stats: newphase 0 1
stats: size_sent 6496 71952
stats: connected 12 163
stats: 201 0 2
stats: 500 0 34
# stats: dump at 1669963993
stats: users 188 188
stats: {load,"tsung_controller@Maomao-no1-2"} 1 5.828125 0.0 7.453125 5.26953125 6.3251953125 12
stats: {cpu,"tsung_controller@Maomao-no1-2"} 1 25.064935064935064 0.0 31.271237257645414 11.240234448859754 26.34887474101969 12
stats: {freemem,"tsung_controller@Maomao-no1-2"} 1 257.546875 0.0 352.203125 63.140625 199.30989583333334 12
stats: session 1 102908.373 0.0 112753.046 14437.763 61531.19500000001 6
stats: users_count 26 195
stats: finish_users_count 1 7
stats: request 2 66789.959 4632.567999999999 79907.064 72.432 37393.101580357135 112
stats: connect 22 62.36190909090911 11.683228950894023 1068.82 41.004 66.31037278106508 169
stats: page 2 66789.959 4632.567999999999 109958.241 79.401 40164.80463043478 46
stats: 504 2 57
stats: 200 0 21
stats: size_rcv 658 8147582
stats: newphase 1 2
stats: size_sent 5547 77499
stats: connected 21 184
stats: 201 0 2
stats: 500 0 34
# stats: dump at 1669964003
stats: users 225 226
stats: {load,"tsung_controller@Maomao-no1-2"} 1 5.51953125 0.0 7.453125 5.26953125 6.286959134615385 13
stats: {cpu,"tsung_controller@Maomao-no1-2"} 1 25.304330472959492 0.0 31.271237257645414 11.240234448859754 26.25011015055164 13
stats: {freemem,"tsung_controller@Maomao-no1-2"} 1 242.390625 0.0 352.203125 63.140625 203.78966346153845 13
stats: session 3 110881.82133333334 25283.024585026404 129069.333 14437.763 67442.22042857144 7
stats: users_count 40 235
stats: finish_users_count 3 10
stats: request 30 38358.404833333334 28673.448494829463 79907.064 72.432 37908.835921052625 114
stats: connect 44 62.917477272727275 13.25421720449868 1068.82 41.004 65.85557591623036 191
stats: page 12 61618.15908333333 31146.724757831646 128866.795 79.401 41274.1860625 48
stats: 504 15 72
stats: 200 0 21
stats: size_rcv 9645 8157227
stats: newphase 0 2
stats: 502 15 15
stats: size_sent 13825 91324
stats: connected 41 225
stats: 201 0 2
stats: 500 0 34
# stats: dump at 1669964013
stats: users 182 241
stats: {load,"tsung_controller@Maomao-no1-2"} 1 5.14453125 0.0 7.453125 5.14453125 6.232142857142857 14
stats: {cpu,"tsung_controller@Maomao-no1-2"} 1 27.43707550938873 0.0 31.271237257645414 11.240234448859754 26.18255445929506 14
stats: {freemem,"tsung_controller@Maomao-no1-2"} 1 90.625 0.0 352.203125 63.140625 206.546875 14
stats: session 72 31771.289819444428 28235.083571319417 138242.866 550.785 80474.10070000001 10
stats: users_count 29 264
stats: finish_users_count 72 82
stats: request 584 6418.801828767127 15352.224898161412 79907.064 40.908 38002.496111111104 144
stats: connect 29 63.91227586206896 12.33171204350394 1068.82 41.004 65.30546382978723 235
stats: page 258 14307.039170542668 21581.15291220398 132325.677 40.908 45342.98066666666 60
stats: 504 22 94
stats: 200 1 22
stats: size_rcv 183431 8340658
stats: newphase 0 2
stats: 502 561 576
stats: size_sent 81847 173171
stats: connected -42 183
stats: 201 0 2
stats: 500 0 34
# stats: dump at 1669964023
stats: users 201 241
stats: {load,"tsung_controller@Maomao-no1-2"} 1 5.87890625 0.0 7.453125 5.14453125 6.159635416666666 15
stats: {cpu,"tsung_controller@Maomao-no1-2"} 1 31.25 0.0 31.271237257645414 11.240234448859754 26.266189195967968 15
stats: {freemem,"tsung_controller@Maomao-no1-2"} 1 226.828125 0.0 352.203125 63.140625 198.81875 15
stats: session 17 85918.52694117647 56097.712931342794 151639.112 550.785 37710.656999999985 82
stats: users_count 36 300
stats: finish_users_count 17 99
stats: connect 35 64.31439999999998 24.37821168080805 1068.82 41.004 65.15242424242423 264
stats: page 70 44620.527471428584 50630.518485891946 134311.874 40.908 20162.87718867927 318
stats: request 141 25413.367872340423 29909.93995258065 79907.064 40.908 12666.125972527474 728
stats: 504 5 99
stats: 200 7 29
stats: size_rcv 39963 8380621
stats: newphase 0 2
stats: 502 80 656
stats: size_sent 32606 205777
stats: connected 17 200
stats: 201 1 3
stats: 500 48 82
# stats: dump at 1669964033
stats: users 192 241
stats: {load,"tsung_controller@Maomao-no1-2"} 1 5.0546875 0.0 7.453125 5.0546875 6.14208984375 16
stats: {cpu,"tsung_controller@Maomao-no1-2"} 1 29.26317891373802 0.0 31.271237257645414 11.240234448859754 26.57767737121997 16
stats: {freemem,"tsung_controller@Maomao-no1-2"} 1 189.09375 0.0 352.203125 63.140625 200.5693359375 16
stats: session 55 48687.81307272726 44198.195544513896 151639.112 537.519 45988.776080808064 99
stats: users_count 46 346
stats: finish_users_count 55 154
stats: request 291 7414.675003436417 15577.086642236087 79907.064 40.908 14734.435647871116 869
stats: connect 47 83.86585106382982 82.20921888020045 1068.82 41.004 65.05432775919732 299
stats: page 157 12469.335267515906 24760.003488427876 134311.874 40.908 24575.339868556723 388
stats: 504 2 101
stats: 200 15 44
stats: size_rcv 89599 8470220
stats: newphase 0 2
stats: 502 242 898
stats: size_sent 46723 252500
stats: connected -8 192
stats: 201 0 3
stats: 500 32 114
# stats: dump at 1669964043
stats: users 204 241
stats: {load,"tsung_controller@Maomao-no1-2"} 1 4.80859375 0.0 7.453125 4.80859375 6.078125 17
stats: {cpu,"tsung_controller@Maomao-no1-2"} 1 31.146395046934295 0.0 31.271237257645414 11.240234448859754 26.73564805019162 17
stats: {freemem,"tsung_controller@Maomao-no1-2"} 1 92.4375 0.0 352.203125 63.140625 199.89430147058823 17
stats: session 22 64609.5889090909 53605.03739509236 169180.611 416.584 46952.717863636346 154
stats: users_count 34 380
stats: finish_users_count 22 176
stats: request 123 9948.701804878045 11474.131947703358 79907.064 40.908 12898.18534827586 1160
stats: connect 33 61.548181818181824 11.112867637043882 1068.82 41.004 67.60965028901734 346
stats: page 60 15900.517933333334 25280.468242266645 134311.874 40.908 21087.922029357807 545
stats: 504 0 101
stats: 200 8 52
stats: size_rcv 35633 8505853
stats: newphase 0 2
stats: 502 69 967
stats: size_sent 30207 282707
stats: connected 11 203
stats: 201 0 3
stats: 500 46 160
# stats: dump at 1669964053
stats: users 229 241
stats: {load,"tsung_controller@Maomao-no1-2"} 1 4.37109375 0.0 7.453125 4.37109375 6.007595486111111 18
stats: {cpu,"tsung_controller@Maomao-no1-2"} 1 29.770459081836325 0.0 31.271237257645414 11.240234448859754 26.98068955001066 18
stats: {freemem,"tsung_controller@Maomao-no1-2"} 1 71.625 0.0 352.203125 63.140625 193.92447916666666 18
stats: session 46 63866.05243478259 50874.02252197414 177161.935 416.584 49159.82674431817 176
stats: users_count 71 451
stats: finish_users_count 46 222
stats: request 281 8602.228975088969 11586.589371178054 79907.064 40.908 12615.421142634446 1283
stats: connect 72 63.82177777777778 12.870931437224282 1068.82 39.955 67.08187071240106 379
stats: page 141 23073.86633333334 34590.745982724104 147374.868 40.908 20573.46873057852 605
stats: 504 0 101
stats: 200 27 79
stats: size_rcv 134969 8640822
stats: newphase 1 3
stats: 502 174 1141
stats: size_sent 57302 340009
stats: connected 26 229
stats: 201 2 5
stats: 500 76 236
stats: 404 2 2
# stats: dump at 1669964063
stats: users 233 242
stats: {load,"tsung_controller@Maomao-no1-2"} 1 4.51953125 0.0 7.453125 4.37109375 5.9214638157894735 19
stats: {cpu,"tsung_controller@Maomao-no1-2"} 1 28.332337118947997 0.0 31.271237257645414 11.240234448859754 27.1275195253699 19
stats: {freemem,"tsung_controller@Maomao-no1-2"} 1 71.40625 0.0 352.203125 63.140625 187.48766447368422 19
stats: session 85 39070.0446235294 45027.73267134175 183735.504 402.659 52207.06269819818 222
stats: users_count 89 540
stats: finish_users_count 85 307
stats: request 429 2880.1334988344956 7495.414587062065 79907.064 40.908 11894.38086189258 1564
stats: connect 84 73.38515476190472 58.49843398483781 1068.82 39.955 66.56141241685144 451
stats: page 228 8341.710482456161 21423.204788925443 157338.833 40.908 21046.063987935664 746
stats: 504 0 101
stats: 200 14 93
stats: size_rcv 136000 8776822
stats: newphase 0 3
stats: 502 403 1544
stats: size_sent 79771 419780
stats: connected 2 231
stats: 201 0 5
stats: 500 11 247
stats: 404 1 3
# stats: dump at 1669964073
stats: users 241 245
stats: {load,"tsung_controller@Maomao-no1-2"} 1 4.94140625 0.0 7.453125 4.37109375 5.8513671875 20
stats: {cpu,"tsung_controller@Maomao-no1-2"} 1 27.307193455053376 0.0 31.271237257645414 11.240234448859754 27.187760405048806 20
stats: {freemem,"tsung_controller@Maomao-no1-2"} 1 107.015625 0.0 352.203125 63.140625 181.68359375 20
stats: session 84 38564.149988095254 48596.73684479108 183735.504 402.659 48569.7775635179 307
stats: users_count 92 632
stats: finish_users_count 84 391
stats: request 447 4347.10947427293 9769.904270143837 79907.064 40.908 9954.033587054688 1993
stats: connect 92 65.73372826086958 18.735413722415384 1068.82 39.955 67.63280373831775 535
stats: page 226 10730.163827433635 26349.215528184923 157379.931 40.908 18072.149614989743 974
stats: 504 0 101
stats: 200 23 116
stats: size_rcv 4406889 13183711
stats: newphase 0 3
stats: 502 369 1913
stats: size_sent 80654 500434
stats: connected 9 240
stats: 201 0 5
stats: 500 56 303
stats: 404 0 3
# stats: dump at 1669964083
stats: users 252 252
stats: {load,"tsung_controller@Maomao-no1-2"} 1 6.19140625 0.0 7.453125 4.37109375 5.808035714285714 21
stats: {cpu,"tsung_controller@Maomao-no1-2"} 1 25.65868263473054 0.0 31.271237257645414 11.240234448859754 27.19344769314426 21
stats: {freemem,"tsung_controller@Maomao-no1-2"} 1 82.0 0.0 352.203125 63.140625 178.1279761904762 21
stats: session 66 42979.97187878787 41528.03142390269 183735.504 402.659 46420.23097442454 391
stats: users_count 77 709
stats: finish_users_count 66 457
stats: request 438 5702.749289954337 11040.014151344894 79907.064 40.908 8926.863472950816 2440
stats: connect 78 65.93964102564105 15.24991341881631 1068.82 39.955 67.35415151515151 627
stats: page 219 11812.20285844749 22753.404227344443 157379.931 40.908 16689.408958333344 1200
stats: 504 0 101
stats: 200 32 148
stats: size_rcv 3937147 17120858
stats: newphase 0 3
stats: 502 338 2251
stats: size_sent 97930 598364
stats: connected 9 249
stats: 201 3 8
stats: 500 63 366
stats: 404 1 4
# stats: dump at 1669964093
stats: users 230 252
stats: {load,"tsung_controller@Maomao-no1-2"} 1 6.48046875 0.0 7.453125 4.37109375 5.8254616477272725 22
stats: {cpu,"tsung_controller@Maomao-no1-2"} 1 24.985038898862957 0.0 31.271237257645414 11.240234448859754 27.12368564503455 22
stats: {freemem,"tsung_controller@Maomao-no1-2"} 1 72.15625 0.0 352.203125 63.140625 173.75852272727275 22
stats: session 105 38673.63745714285 47051.31595154155 209147.41 351.662 45923.38830415755 457
stats: users_count 83 792
stats: finish_users_count 105 562
stats: request 490 4073.745546938774 8498.312162860617 79907.064 40.908 8436.188694579565 2878
stats: connect 87 69.70736781609196 41.77010967355213 1068.82 39.955 67.1976524822695 705
stats: page 269 9233.164747211893 18783.29490065071 157379.931 40.908 15936.690046511638 1419
stats: 504 0 101
stats: 200 29 177
stats: size_rcv 4986373 22107231
stats: newphase 0 3
stats: 502 424 2675
stats: size_sent 100124 698488
stats: connected -15 234
stats: 201 1 9
stats: 500 36 402
stats: 404 0 4
# stats: dump at 1669964103
stats: users 235 252
stats: {load,"tsung_controller@Maomao-no1-2"} 1 6.078125 0.0 7.453125 4.37109375 5.853940217391305 23
stats: {cpu,"tsung_controller@Maomao-no1-2"} 1 25.024965048931495 0.0 31.271237257645414 11.240234448859754 27.030701003896652 23
stats: {freemem,"tsung_controller@Maomao-no1-2"} 1 70.953125 0.0 352.203125 63.140625 169.34103260869568 23
stats: session 56 37649.78148214287 42791.62675437133 209147.41 351.662 44568.89748754448 562
stats: users_count 61 853
stats: finish_users_count 56 618
stats: request 298 6473.983030201344 8510.434655650306 79907.064 40.908 7801.510208135389 3368
stats: connect 58 61.14963793103447 11.803415957486962 1068.82 39.955 67.47334090909091 792
stats: 504 0 101
stats: page 154 10635.098064935068 14873.131684169979 157379.931 40.908 14868.414984004747 1688
stats: 200 37 214
stats: size_rcv 1707927 23815158
stats: newphase 0 3
stats: 502 181 2856
stats: size_sent 68195 766683
stats: connected 0 234
stats: 201 1 10
stats: 500 79 481
stats: 404 0 4
# stats: dump at 1669964113
stats: users 247 252
stats: {load,"tsung_controller@Maomao-no1-2"} 1 5.22265625 0.0 7.453125 4.37109375 5.86328125 24
stats: {cpu,"tsung_controller@Maomao-no1-2"} 1 23.565860483709773 0.0 31.271237257645414 11.240234448859754 26.94712867243977 24
stats: {freemem,"tsung_controller@Maomao-no1-2"} 1 61.296875 0.0 352.203125 61.296875 165.24153645833337 24
stats: session 83 30350.243975903624 29534.12299313316 209147.41 351.662 43941.92257443365 618
stats: users_count 95 948
stats: finish_users_count 83 701
stats: request 506 3473.4072391304367 6856.342227415613 79907.064 40.908 7693.598833606107 3666
stats: connect 97 64.62950515463916 14.990193441888303 1068.82 39.955 67.04184117647058 850
stats: page 258 7932.29724418605 14819.024041692814 157379.931 40.908 14514.489465255165 1842
stats: 504 0 101
stats: 200 20 234
stats: size_rcv 1764997 25580155
stats: newphase 1 4
stats: 502 397 3253
stats: size_sent 94026 860709
stats: connected 12 246
stats: 201 0 10
stats: 500 89 570
stats: 404 0 4
# stats: dump at 1669964123
stats: users 261 283
stats: {load,"tsung_controller@Maomao-no1-2"} 1 4.56640625 0.0 7.453125 4.37109375 5.83765625 25
stats: {cpu,"tsung_controller@Maomao-no1-2"} 1 25.416625087316636 0.0 31.271237257645414 11.240234448859754 26.811877944890572 25
stats: {freemem,"tsung_controller@Maomao-no1-2"} 1 72.96875 0.0 352.203125 61.296875 161.08375000000004 25
stats: session 135 18259.567837037033 25765.473133868843 209147.41 320.517 42332.63680599144 701
stats: users_count 149 1097
stats: finish_users_count 135 836
stats: request 734 1539.595138964577 5664.300980414513 79907.064 40.908 7181.753927852346 4172
stats: connect 147 63.099020408163284 14.914055934404614 1068.82 38.738 66.79474868004223 947
stats: page 381 3979.664081364834 10963.730695604681 157379.931 40.908 13705.820135238102 2100
stats: 504 0 101
stats: 200 8 242
stats: size_rcv 230009 25810164
stats: newphase 0 4
stats: 502 714 3967
stats: size_sent 129467 990176
stats: connected 14 260
stats: 201 1 11
stats: 500 11 581
stats: 404 0 4
# stats: dump at 1669964133
stats: users 275 283
stats: {load,"tsung_controller@Maomao-no1-2"} 1 4.875 0.0 7.453125 4.37109375 5.788762019230769 26
stats: {cpu,"tsung_controller@Maomao-no1-2"} 1 25.024915288020726 0.0 31.271237257645414 11.240234448859754 26.75821437344542 26
stats: {freemem,"tsung_controller@Maomao-no1-2"} 1 65.4375 0.0 352.203125 61.296875 157.69471153846158 26
stats: session 124 22457.27415322581 33775.96960416328 254517.939 320.517 38445.23930502392 836
stats: users_count 138 1235
stats: finish_users_count 124 960
stats: request 683 2914.8434787701312 8767.489291612039 79907.064 40.908 6337.6152097431695 4906
stats: connect 138 75.09688405797105 86.62526315212533 1068.82 38.738 66.29815630712979 1094
stats: page 370 4649.080556756757 12956.849375714759 157379.931 40.908 12212.202458282956 2481
stats: 504 0 101
stats: 200 22 264
stats: size_rcv 6662747 32472911
stats: newphase 0 4
stats: 502 612 4579
stats: size_sent 127754 1117930
stats: connected 16 276
stats: 201 2 13
stats: 500 45 626
stats: 404 2 6
# stats: dump at 1669964143
stats: users 276 294
stats: {load,"tsung_controller@Maomao-no1-2"} 1 4.8203125 0.0 7.453125 4.37109375 5.754918981481482 27
stats: {cpu,"tsung_controller@Maomao-no1-2"} 1 24.847697992609607 0.0 31.271237257645414 11.240234448859754 26.69401811102228 27
stats: {freemem,"tsung_controller@Maomao-no1-2"} 1 59.8125 0.0 352.203125 59.8125 154.2777777777778 27
stats: session 153 21197.898339869276 25260.340672069866 254517.939 320.517 36380.12713958333 960
stats: users_count 154 1389
stats: finish_users_count 153 1113
stats: connect 155 66.06623870967739 17.00975511726931 1068.82 38.738 67.28372808441559 1232
stats: page 464 6258.1184719827625 13223.101391965987 157379.931 40.908 11230.66787267626 2851
stats: 504 0 101
stats: request 824 3832.4895922330115 8733.004687191873 79907.064 40.908 5919.337683843261 5589
stats: 200 26 290
stats: size_rcv 1863561 34336472
stats: newphase 0 4
stats: 502 714 5293
stats: size_sent 140525 1258455
stats: connected -1 275
stats: 201 0 13
stats: 500 84 710
stats: 404 0 6
# stats: dump at 1669964153
stats: users 287 296
stats: {load,"tsung_controller@Maomao-no1-2"} 1 4.8203125 0.0 7.453125 4.37109375 5.721540178571429 28
stats: {cpu,"tsung_controller@Maomao-no1-2"} 1 24.950079872204473 0.0 31.271237257645414 11.240234448859754 26.628078106793257 28
stats: {freemem,"tsung_controller@Maomao-no1-2"} 1 74.046875 0.0 352.203125 59.8125 150.9040178571429 28
stats: session 149 19692.303080536913 24520.854907179037 254517.939 320.517 34293.08221024259 1113
stats: users_count 160 1549
stats: finish_users_count 149 1262
stats: connect 161 64.34370807453413 15.041467598311439 1068.82 38.738 67.1476712328767 1387
stats: 504 0 101
stats: request 762 1174.4988871391092 4410.782343811184 79907.064 40.908 5651.200645407763 6413
stats: page 416 2850.4706850961543 9214.05567083708 157379.931 40.908 10534.660958069388 3315
stats: 200 18 308
stats: size_rcv 242070 34578542
stats: newphase 0 4
stats: 502 715 6008
stats: size_sent 136226 1394681
stats: connected 13 288
stats: 201 0 13
stats: 500 29 739
stats: 404 0 6
# stats: dump at 1669964163
stats: users 281 296
stats: {load,"tsung_controller@Maomao-no1-2"} 1 4.625 0.0 7.453125 4.37109375 5.690463362068965 29
stats: {cpu,"tsung_controller@Maomao-no1-2"} 1 25.102305619323285 0.0 31.271237257645414 11.240234448859754 26.570216098703987 29
stats: {freemem,"tsung_controller@Maomao-no1-2"} 1 76.3125 0.0 352.203125 59.8125 148.25377155172416 29
stats: session 157 14831.143458598726 19620.43387239434 254517.939 205.238 32569.218430269415 1262
stats: users_count 151 1700
stats: finish_users_count 157 1419
stats: request 763 2160.2050026212314 7458.310502776717 79907.064 40.908 5175.765559721252 7175
stats: connect 144 62.28779861111114 15.073813218247372 1068.82 38.738 66.8560445736434 1548
stats: page 422 3494.110623222748 11237.130008553493 157379.931 40.908 9677.88712972394 3731
stats: 504 2 103
stats: 200 13 321
stats: size_rcv 1335194 35913736
stats: newphase 0 4
stats: 502 702 6710
stats: size_sent 129517 1524198
stats: connected -8 280
stats: 201 0 13
stats: 500 47 786
stats: 404 0 6
# stats: dump at 1669964173
stats: users 321 342
stats: {load,"tsung_controller@Maomao-no1-2"} 1 4.4609375 0.0 7.453125 4.37109375 5.654947916666667 30
stats: {cpu,"tsung_controller@Maomao-no1-2"} 1 24.58558018773717 0.0 31.271237257645414 11.240234448859754 26.5212857493913 30
stats: {freemem,"tsung_controller@Maomao-no1-2"} 1 64.40625 0.0 352.203125 59.8125 145.8557291666667 30
stats: session 220 17768.768790909104 21846.426684605165 254517.939 205.238 30606.654814658214 1419
stats: users_count 260 1960
stats: finish_users_count 220 1639
stats: request 1287 2341.5331289821256 7713.00357442177 79907.064 40.908 4885.910091710757 7938
stats: connect 256 85.64649999999997 106.37848629047666 1068.82 38.29 66.46725768321512 1692
stats: page 657 4662.968933028925 11545.658526554394 157379.931 40.908 9049.533244401642 4153
stats: 504 2 105
stats: 200 31 352
stats: size_rcv 965309 36879045
stats: newphase 1 5
stats: 502 1211 7921
stats: size_sent 219604 1743802
stats: connected 40 320
stats: 201 4 17
stats: 500 37 823
stats: 404 3 9
# stats: dump at 1669964183
stats: users 331 346
stats: {load,"tsung_controller@Maomao-no1-2"} 1 6.65625 0.0 7.453125 4.37109375 5.616431451612903 31
stats: {cpu,"tsung_controller@Maomao-no1-2"} 1 25.62156764852721 0.0 31.271237257645414 11.240234448859754 26.458843634499228 31
stats: {freemem,"tsung_controller@Maomao-no1-2"} 1 81.15625 0.0 352.203125 59.8125 143.22832661290326 31
stats: session 254 14397.753779527562 18108.16735830684 254517.939 205.238 28883.448636973768 1639
stats: users_count 264 2224
stats: finish_users_count 254 1893
stats: page 678 3266.1592610619487 11185.940986555337 157379.931 40.902 8450.370509979213 4810
stats: request 1290 1260.640433333337 4956.775895826107 79907.064 40.287 4530.9384764227625 9225
stats: connect 271 61.72073062730623 15.492018475104315 1068.82 38.29 68.98773305954825 1948
stats: 504 0 105
stats: 200 27 379
stats: size_rcv 3691552 40570597
stats: newphase 0 5
stats: 502 1214 9135
stats: size_sent 238704 1982506
stats: connected 19 339
stats: 201 1 18
stats: 500 46 869
stats: 404 0 9
# stats: dump at 1669964193
stats: users 335 351
stats: {load,"tsung_controller@Maomao-no1-2"} 1 6.50390625 0.0 7.453125 4.37109375 5.64892578125 32
stats: {cpu,"tsung_controller@Maomao-no1-2"} 1 25.59880239520958 0.0 31.271237257645414 11.240234448859754 26.432678759937602 32
stats: {freemem,"tsung_controller@Maomao-no1-2"} 1 78.65625 0.0 352.203125 59.8125 141.28857421875003 32
stats: session 276 14520.638344202893 17911.82749222568 254517.939 205.238 26939.779068145803 1893
stats: users_count 280 2504
stats: finish_users_count 276 2169
stats: request 1422 1517.0059859353028 5032.149326963602 79907.064 39.121 4129.732154446028 10515
stats: connect 279 59.65444802867386 12.376418421443228 1068.82 38.29 68.1002352410996 2219
stats: page 746 3177.527691689004 8596.726900698932 157379.931 40.391 7809.901263119536 5488
stats: 504 0 105
stats: 200 23 402
stats: size_rcv 963482 41534079
stats: newphase 0 5
stats: 502 1309 10444
stats: size_sent 243138 2225644
stats: connected -2 337
stats: 201 0 18
stats: 500 91 960
stats: 404 0 9
# stats: dump at 1669964203
stats: users 362 380
stats: {load,"tsung_controller@Maomao-no1-2"} 1 6.5546875 0.0 7.453125 4.37109375 5.67483428030303 33
stats: {cpu,"tsung_controller@Maomao-no1-2"} 1 25.017456359102248 0.0 31.271237257645414 11.240234448859754 26.407409779188267 33
stats: {freemem,"tsung_controller@Maomao-no1-2"} 1 71.203125 0.0 352.203125 59.8125 139.39062500000003 33
stats: session 279 11928.999050179213 14291.979722838192 254517.939 205.238 25359.47347118488 2169
stats: users_count 306 2810
stats: finish_users_count 279 2448
stats: 504 1 106
stats: connect 300 70.15226 46.85382736901792 1068.82 38.29 67.15693074459568 2498
stats: request 1494 1284.8846465863444 5233.867118422484 79907.064 39.121 3818.4900826003172 11937
stats: page 806 2551.9734280397065 8026.137814976034 157379.931 40.391 7255.562045235806 6234
stats: 200 26 428
stats: size_rcv 4747127 46281206
stats: newphase 0 5
stats: 502 1443 11887
stats: size_sent 253835 2479479
stats: connected 20 357
stats: 201 0 18
stats: 500 24 984
stats: 404 1 10
# stats: dump at 1669964213
stats: users 391 401
stats: {load,"tsung_controller@Maomao-no1-2"} 1 5.8671875 0.0 7.453125 4.37109375 5.700712316176471 34
stats: {cpu,"tsung_controller@Maomao-no1-2"} 1 26.00319425034937 0.0 31.271237257645414 11.240234448859754 26.36652879624456 34
stats: {freemem,"tsung_controller@Maomao-no1-2"} 1 68.078125 0.0 352.203125 59.8125 137.38511029411768 34
stats: session 289 12137.649069204146 13936.281769329611 254517.939 205.238 23828.794401143794 2448
stats: users_count 318 3128
stats: finish_users_count 289 2737
stats: request 1559 1327.9972347658759 5101.722748209118 79907.064 39.121 3536.6639697714236 13431
stats: connect 321 61.36415576323991 13.719430064569371 1068.82 38.29 67.47808827734096 2798
stats: page 841 2369.992310344826 7139.995022155342 157379.931 40.391 6717.054598437503 7040
stats: 504 0 106
stats: 200 31 459
stats: size_rcv 2677443 48958649
stats: newphase 0 5
stats: 502 1465 13352
stats: size_sent 285333 2764812
stats: connected 34 391
stats: 201 3 21
stats: 500 58 1042
stats: 404 1 11
# stats: dump at 1669964223
stats: users 372 401
stats: {load,"tsung_controller@Maomao-no1-2"} 1 6.6171875 0.0 7.453125 4.37109375 5.70546875 35
stats: {cpu,"tsung_controller@Maomao-no1-2"} 1 25.197086119149787 0.0 31.271237257645414 11.240234448859754 26.35614780921898 35
stats: {freemem,"tsung_controller@Maomao-no1-2"} 1 65.203125 0.0 352.203125 59.8125 135.40491071428573 35
stats: session 310 13080.866025806437 16055.531206698039 254517.939 205.238 22594.325639386192 2737
stats: users_count 291 3419
stats: finish_users_count 310 3047
stats: page 838 2539.5019701670644 7129.187145795583 157379.931 40.391 6253.169382819441 7881
stats: request 1579 1463.7635991133645 5404.509193259492 79907.064 39.121 3306.9567356237485 14990
stats: connect 294 74.90808163265304 117.3438182844975 1081.877 38.29 66.84885700545047 3119
stats: 504 1 107
stats: 200 41 500
stats: size_rcv 4294512 53253161
stats: newphase 0 5
stats: 502 1467 14819
stats: size_sent 283174 3047986
stats: connected -25 366
stats: 201 2 23
stats: 500 67 1109
stats: 404 3 14
# stats: dump at 1669964233
stats: users 532 535
stats: {load,"tsung_controller@Maomao-no1-2"} 1 6.0 0.0 7.453125 4.37109375 5.730794270833333 36
stats: {cpu,"tsung_controller@Maomao-no1-2"} 1 27.710121780794573 0.0 31.271237257645414 11.240234448859754 26.3239516511615 36
stats: {freemem,"tsung_controller@Maomao-no1-2"} 1 60.09375 0.0 352.203125 59.8125 133.45486111111114 36
stats: session 404 10857.522665841576 12706.45765860135 254517.939 205.238 21626.431815884476 3047
stats: users_count 564 3983
stats: finish_users_count 404 3451
stats: request 2462 951.8510881397243 3966.8363679877903 79907.064 39.121 3131.3032886716155 16569
stats: connect 561 62.64602673796793 18.43823635656245 1081.877 38.29 67.54308848520364 3413
stats: page 1280 1967.9793531250027 6391.237544895925 157379.931 40.391 5896.241605344651 8719
stats: 504 0 107
stats: 200 30 530
stats: size_rcv 2940943 56194104
stats: newphase 1 6
stats: 502 2380 17199
stats: size_sent 432157 3480143
stats: connected 161 527
stats: 201 1 24
stats: 500 47 1156
stats: 404 1 15
# stats: dump at 1669964243
stats: users 569 574
stats: {load,"tsung_controller@Maomao-no1-2"} 1 6.34375 0.0 7.453125 4.37109375 5.738070101351352 37
stats: {cpu,"tsung_controller@Maomao-no1-2"} 1 28.2790976242763 0.0 31.271237257645414 11.240234448859754 26.361415708719154 37
stats: {freemem,"tsung_controller@Maomao-no1-2"} 1 130.734375 0.0 352.203125 59.8125 131.47212837837841 37
stats: session 631 7506.5124944532545 9488.441017097844 254517.939 205.238 20365.742364532016 3451
stats: users_count 668 4651
stats: finish_users_count 631 4082
stats: request 3357 474.1982749478705 2686.9828617771186 79907.064 39.121 2849.3521921601596 19031
stats: connect 643 63.23032348367035 57.22492785484121 1081.877 37.362 66.85178208354303 3974
stats: page 1783 876.811991587213 3895.8121116322977 157379.931 39.732 5393.37375027503 9999
stats: 504 0 107
stats: 200 16 546
stats: size_rcv 2096143 58290247
stats: newphase 0 6
stats: 502 3283 20482
stats: size_sent 557597 4037740
stats: connected 38 565
stats: 201 3 27
stats: 500 57 1213
stats: 404 0 15
# stats: dump at 1669964253
stats: users 576 597
stats: {load,"tsung_controller@Maomao-no1-2"} 1 5.3671875 0.0 7.453125 4.37109375 5.754009046052633 38
stats: {cpu,"tsung_controller@Maomao-no1-2"} 1 28.57142857142857 0.0 31.271237257645414 11.240234448859754 26.41188102228645 38
stats: {freemem,"tsung_controller@Maomao-no1-2"} 1 116.640625 0.0 352.203125 59.8125 131.4527138157895 38
stats: session 609 8839.629648604263 9494.517604879653 254517.939 205.238 18377.948624203822 4082
stats: users_count 616 5267
stats: finish_users_count 609 4691
stats: request 3245 561.384293066257 3326.4323617710297 79907.064 39.121 2493.2064131677685 22388
stats: 504 0 107
stats: connect 613 65.991326264274 17.953795266217416 1081.877 37.362 66.3474290664934 4617
stats: page 1778 1072.8813188976396 4875.462134408115 157379.931 39.732 4709.870982006452 11782
stats: 200 18 564
stats: size_rcv 4295551 62585798
stats: newphase 0 6
stats: 502 3170 23652
stats: size_sent 544638 4582378
stats: connected 5 570
stats: 201 0 27
stats: 500 56 1269
stats: 404 0 15
# stats: dump at 1669964263
stats: users 545 602
stats: {load,"tsung_controller@Maomao-no1-2"} 1 5.17578125 0.0 7.453125 4.37109375 5.7440905448717965 39
stats: {cpu,"tsung_controller@Maomao-no1-2"} 1 30.0269703326341 0.0 31.271237257645414 11.240234448859754 26.46725403636702 39
stats: {freemem,"tsung_controller@Maomao-no1-2"} 1 84.875 0.0 352.203125 59.8125 131.07291666666669 39
stats: session 625 8662.205520000003 9219.905179733014 254517.939 205.238 17139.654815604346 4691
stats: users_count 594 5861
stats: finish_users_count 625 5316
stats: request 2992 535.1163870320848 3229.098201042 79907.064 39.121 2248.648118011938 25633
stats: connect 576 63.295845486111176 44.22551718310684 1081.877 37.362 66.30569082217974 5230
stats: page 1627 1003.9956017209587 4634.596587205425 157379.931 39.732 4232.98546423304 13560
stats: 504 0 107
stats: 200 15 579
stats: size_rcv 3115843 65701641
stats: newphase 0 6
stats: 502 2933 26585
stats: size_sent 518541 5100919
stats: connected -9 561
stats: 201 0 27
stats: 500 43 1312
stats: 404 0 15
# stats: dump at 1669964273
stats: users 530 602
stats: {load,"tsung_controller@Maomao-no1-2"} 1 5.30859375 0.0 7.453125 4.37109375 5.729882812500001 40
stats: {cpu,"tsung_controller@Maomao-no1-2"} 1 28.11188811188811 0.0 31.271237257645414 11.240234448859754 26.556246943773697 40
stats: {freemem,"tsung_controller@Maomao-no1-2"} 1 100.078125 0.0 352.203125 59.8125 129.91796875000003 40
stats: session 602 9253.843255813965 10322.417968689548 254517.939 205.238 16142.964482693755 5316
stats: users_count 587 6448
stats: finish_users_count 602 5918
stats: request 3297 1110.5591886563473 5018.940639929203 79907.064 39.121 2069.5428974323145 28625
stats: 504 0 107
stats: page 1797 1960.1306488592102 6744.861913925054 157379.931 39.732 3887.0602317113335 15187
stats: connect 627 78.70934130781495 81.38640596613453 1081.877 37.362 66.00709094040648 5806
stats: 200 46 625
stats: size_rcv 5875022 71576663
stats: newphase 0 6
stats: 502 3192 29777
stats: size_sent 545362 5646281
stats: connected -18 543
stats: 201 1 28
stats: 500 58 1370
stats: 404 0 15
# stats: dump at 1669964283
stats: users 579 602
stats: {load,"tsung_controller@Maomao-no1-2"} 1 6.09375 0.0 7.453125 4.37109375 5.719607469512196 41
stats: {cpu,"tsung_controller@Maomao-no1-2"} 1 28.052311071179 0.0 31.271237257645414 11.240234448859754 26.594189411288685 41
stats: {freemem,"tsung_controller@Maomao-no1-2"} 1 75.859375 0.0 352.203125 59.8125 129.19016768292684 41
stats: session 587 9046.368400340705 10134.363687311576 254517.939 205.238 15442.178578911795 5918
stats: users_count 636 7084
stats: finish_users_count 587 6505
stats: request 3239 517.4917184316137 3029.8376552291506 79907.064 38.883 1970.4961808157377 31922
stats: connect 627 63.78696810207343 58.81429503291761 1081.877 37.362 67.24513088761076 6433
stats: 504 0 107
stats: page 1745 1006.7408876790797 4560.135415718756 157379.931 39.732 3683.1805531676887 16984
stats: 200 20 645
stats: size_rcv 2636657 74213320
stats: newphase 0 6
stats: 502 3164 32941
stats: size_sent 545710 6191991
stats: connected 22 565
stats: 201 2 30
stats: 500 53 1423
stats: 404 0 15
# stats: dump at 1669964293
stats: users 288 616
stats: {load,"tsung_controller@Maomao-no1-2"} 1 5.31640625 0.0 7.453125 4.37109375 5.728515625000001 42
stats: {cpu,"tsung_controller@Maomao-no1-2"} 1 27.644710578842314 0.0 31.271237257645414 11.240234448859754 26.62890659366703 42
stats: {freemem,"tsung_controller@Maomao-no1-2"} 1 67.171875 0.0 352.203125 59.8125 127.92038690476193 42
stats: session 489 10417.388507157477 11409.575225440994 254517.939 205.238 14865.03168039969 6505
stats: users_count 198 7282
stats: finish_users_count 489 6994
stats: 504 0 107
stats: connect 222 59.72764414414414 12.385328598041907 1081.877 37.362 66.93801076487253 7060
stats: request 1913 846.6709132253001 3941.250268846712 79907.064 38.883 1836.6467040186562 35161
stats: 200 17 662
stats: page 1117 1506.6226974037584 5785.980486393384 157379.931 39.732 3433.8139443643554 18729
stats: size_rcv 600118 74813438
stats: newphase 0 6
stats: 502 1871 34812
stats: size_sent 328182 6520173
stats: connected -270 295
stats: 201 2 32
stats: 500 21 1444
stats: 404 2 17
# stats: dump at 1669964303
stats: users 187 616
stats: {load,"tsung_controller@Maomao-no1-2"} 1 5.77734375 0.0 7.453125 4.37109375 5.7189316860465125 43
stats: {cpu,"tsung_controller@Maomao-no1-2"} 1 26.213301378070703 0.0 31.271237257645414 11.240234448859754 26.652529942159475 43
stats: {freemem,"tsung_controller@Maomao-no1-2"} 1 72.78125 0.0 352.203125 59.8125 126.50763081395351 43
stats: session 101 22404.26215841585 10686.066522550867 254517.939 205.238 14554.065493422933 6994
stats: users_count 0 7282
stats: finish_users_count 101 7095
stats: request 241 11285.266232365146 11720.14736568635 79907.064 38.883 1785.5644445433452 37074
stats: page 178 11497.419926966295 12069.538832863836 157379.931 39.732 3325.345103144211 19846
stats: 504 0 107
stats: connect 0 0 0 1081.877 37.362 66.71819458939854 7282
stats: 200 63 725
stats: size_rcv 4901647 79715085
stats: newphase 0 6
stats: 502 113 34925
stats: size_sent 42258 6562431
stats: connected -108 187
stats: 201 0 32
stats: 500 65 1509
stats: 404 0 17
# stats: dump at 1669964313
stats: users 158 616
stats: {load,"tsung_controller@Maomao-no1-2"} 1 5.33203125 0.0 7.453125 4.37109375 5.720259232954546 44
stats: {cpu,"tsung_controller@Maomao-no1-2"} 1 23.571713943268076 0.0 31.271237257645414 11.240234448859754 26.642547474793822 44
stats: {freemem,"tsung_controller@Maomao-no1-2"} 1 66.40625 0.0 352.203125 59.8125 125.28657670454548 44
stats: session 29 32458.161931034483 12953.779899831816 254517.939 205.238 14665.81600267794 7095
stats: users_count 0 7282
stats: finish_users_count 29 7124
stats: request 91 16803.78227472527 8157.853922817333 79907.064 38.883 1846.9185415784532 37315
stats: page 57 20792.20817543861 12188.041280393967 157379.931 39.732 3397.9893959248902 20024
stats: 504 0 107
stats: connect 0 0 0 1081.877 37.362 66.71819458939854 7282
stats: 200 19 744
stats: size_rcv 1643530 81358615
stats: newphase 0 6
stats: 502 32 34957
stats: size_sent 17200 6579631
stats: connected -29 158
stats: 201 0 32
stats: 500 40 1549
stats: 404 0 17
# stats: dump at 1669964323
stats: users 115 616
stats: {load,"tsung_controller@Maomao-no1-2"} 1 5.6484375 0.0 7.453125 4.37109375 5.711631944444444 45
stats: {cpu,"tsung_controller@Maomao-no1-2"} 1 24.785643070787636 0.0 31.271237257645414 11.240234448859754 26.574306729648807 45
stats: {freemem,"tsung_controller@Maomao-no1-2"} 1 66.015625 0.0 352.203125 59.8125 123.97812500000002 45
stats: session 43 40763.42086046512 9881.355172252857 254517.939 205.238 14738.244137422795 7124
stats: users_count 0 7282
stats: finish_users_count 43 7167
stats: request 76 17960.70689473685 6691.403801542553 79907.064 38.883 1883.3050731433457 37406
stats: page 60 24872.260500000015 12838.305832359545 157379.931 39.732 3447.3629565260694 20081
stats: 504 0 107
stats: connect 0 0 0 1081.877 37.362 66.71819458939854 7282
stats: 200 34 778
stats: size_rcv 17479 81376094
stats: newphase 0 6
stats: 502 0 34957
stats: size_sent 11161 6590792
stats: connected -43 115
stats: 201 2 34
stats: 500 41 1590
stats: 404 0 17
# stats: dump at 1669964333
stats: users 73 616
stats: {load,"tsung_controller@Maomao-no1-2"} 1 5.4765625 0.0 7.453125 4.37109375 5.710258152173913 46
stats: {cpu,"tsung_controller@Maomao-no1-2"} 1 23.90087929656275 0.0 31.271237257645414 11.240234448859754 26.53542273706487 46
stats: {freemem,"tsung_controller@Maomao-no1-2"} 1 63.546875 0.0 352.203125 59.8125 122.71807065217394 46
stats: session 42 63058.94873809524 16637.13698062269 254517.939 205.238 14894.387935258823 7167
stats: users_count 0 7282
stats: finish_users_count 42 7209
stats: connect 0 0 0 1081.877 37.362 66.71819458939854 7282
stats: request 86 19052.57509302327 11540.790975095402 79907.064 38.883 1915.9042551091188 37482
stats: page 65 27734.0394923077 16558.489213971505 157379.931 39.732 3511.1876848220045 20141
stats: 504 0 107
stats: 200 56 834
stats: size_rcv 6455798 87831892
stats: newphase 0 6
stats: 502 0 34957
stats: size_sent 16353 6607145
stats: connected -40 75
stats: 201 2 36
stats: 500 28 1618
stats: 404 1 18
# stats: dump at 1669964343
stats: users 40 616
stats: {load,"tsung_controller@Maomao-no1-2"} 1 5.67578125 0.0 7.453125 4.37109375 5.7052859042553195 47
stats: {cpu,"tsung_controller@Maomao-no1-2"} 1 25.344380115791576 0.0 31.271237257645414 11.240234448859754 26.479368621309508 47
stats: {freemem,"tsung_controller@Maomao-no1-2"} 1 69.703125 0.0 352.203125 59.8125 121.45910904255321 47
stats: session 33 63911.95587878787 12018.040664683333 254517.939 205.238 15174.997111804687 7209
stats: users_count 0 7282
stats: finish_users_count 33 7242
stats: connect 0 0 0 1081.877 37.362 66.71819458939854 7282
stats: 504 0 107
stats: request 116 11884.348801724132 13705.14442985643 79907.064 38.883 1955.1332183773422 37568
stats: page 73 22748.76134246575 23341.92355642078 157379.931 39.732 3589.1093599425913 20206
stats: 200 54 888
stats: size_rcv 6767301 94599193
stats: newphase 0 6
stats: 502 30 34987
stats: size_sent 45261 6652406
stats: connected -33 42
stats: 201 10 46
stats: 500 20 1638
stats: 404 0 18
# stats: dump at 1669964353
stats: users 12 616
stats: {load,"tsung_controller@Maomao-no1-2"} 1 4.8828125 0.0 7.453125 4.37109375 5.704671223958333 48
stats: {cpu,"tsung_controller@Maomao-no1-2"} 1 24.028374462983315 0.0 31.271237257645414 11.240234448859754 26.455723027444552 48
stats: {freemem,"tsung_controller@Maomao-no1-2"} 1 67.765625 0.0 352.203125 59.8125 120.38085937500001 48
stats: session 28 71096.23124999998 6224.424763301718 254517.939 205.238 15397.079359707262 7242
stats: users_count 0 7282
stats: finish_users_count 28 7270
stats: connect 0 0 0 1081.877 37.362 66.71819458939854 7282
stats: request 77 3364.038376623377 6214.649716877451 79907.064 38.883 1985.6976225719136 37684
stats: page 63 14415.836904761907 21672.27192715813 157379.931 39.732 3658.079949948222 20279
stats: 504 0 107
stats: 200 54 942
stats: size_rcv 2210389 96809582
stats: newphase 0 6
stats: 502 0 34987
stats: size_sent 35696 6688102
stats: connected -30 12
stats: 201 2 48
stats: 500 21 1659
stats: 404 1 19
# stats: dump at 1669964363
stats: users 1 616
stats: {load,"tsung_controller@Maomao-no1-2"} 1 4.6796875 0.0 7.453125 4.37109375 5.687898596938775 49
stats: {cpu,"tsung_controller@Maomao-no1-2"} 1 23.70414673046252 0.0 31.271237257645414 11.240234448859754 26.406185301639223 49
stats: {freemem,"tsung_controller@Maomao-no1-2"} 1 83.234375 0.0 352.203125 59.8125 119.30707908163266 49
stats: session 11 83411.60372727273 5683.102130772546 254517.939 205.238 15611.60154030261 7270
stats: users_count 0 7282
stats: finish_users_count 11 7281
stats: request 19 2755.825052631579 5504.984582548146 79907.064 38.883 1988.5082535949787 37761
stats: connect 0 0 0 1081.877 37.362 66.71819458939854 7282
stats: page 19 2755.825052631579 5504.984582548146 157379.931 39.732 3691.3971600629234 20342
stats: 504 0 107
stats: 200 18 960
stats: size_rcv 4379798 101189380
stats: newphase 0 6
stats: 502 0 34987
stats: size_sent 11068 6699170
stats: connected -11 1
stats: 201 0 48
stats: 500 0 1659
stats: 404 0 19
# stats: dump at 1669964367
stats: users 0 616
stats: {load,"tsung_controller@Maomao-no1-2"} 1 4.84765625 0.0 7.453125 4.37109375 5.667734375 50
stats: {cpu,"tsung_controller@Maomao-no1-2"} 1 23.580394500896592 0.0 31.271237257645414 11.240234448859754 26.352144530215686 50
stats: {freemem,"tsung_controller@Maomao-no1-2"} 1 85.5625 0.0 352.203125 59.8125 118.58562500000002 50
stats: session 1 81319.546 0.0 254517.939 205.238 15714.032528361487 7281
stats: users_count 0 7282
stats: finish_users_count 1 7282
stats: request 1 158.52 0.0 79907.064 38.883 1988.8941461090521 37780
stats: connect 0 0 0 1081.877 37.362 66.71819458939854 7282
stats: page 1 158.52 0.0 157379.931 39.732 3690.5241248465195 20361
stats: 504 0 107
stats: 200 1 961
stats: size_rcv 39 101189419
stats: newphase 0 6
stats: 502 0 34987
stats: size_sent 938 6700108
stats: connected -1 0
stats: 201 0 48
stats: 500 0 1659
stats: 404 0 19
EndMonitor:{1669,964367,470946}
