# stats: dump at 1669956426
stats: users 4 4
stats: {load,"tsung_controller@Maomao-no1-2"} 1 4.15625 0 4.15625 4.15625 0 0
stats: {cpu,"tsung_controller@Maomao-no1-2"} 1 11.182093199628348 0 11.182093199628348 11.182093199628348 0 0
stats: {freemem,"tsung_controller@Maomao-no1-2"} 1 72.875 0 72.875 72.875 0 0
stats: users_count 4 4
stats: finish_users_count 0 0
stats: request 4 532.45425 60.95857195823651 624.529 465.084 0 0
stats: 200 4 4
stats: connect 4 80.86874999999999 18.552091989516978 101.391 60.537 0 0
stats: size_rcv 1064 1064
stats: size_sent 3680 3680
stats: connected 4 4
# stats: dump at 1669956436
stats: users 18 18
stats: {load,"tsung_controller@Maomao-no1-2"} 1 4.7421875 0.0 4.7421875 4.15625 4.15625 1
stats: {cpu,"tsung_controller@Maomao-no1-2"} 1 28.532934131736525 0.0 28.532934131736525 11.182093199628348 11.182093199628348 1
stats: {freemem,"tsung_controller@Maomao-no1-2"} 1 60.390625 0.0 72.875 60.390625 72.875 1
stats: session 1 13944.135 0 13944.135 13944.135 0 0
stats: users_count 15 19
stats: finish_users_count 1 1
stats: request 12 4060.551833333333 4449.925547345012 14191.718 101.111 532.45425 4
stats: 200 12 16
stats: connect 14 66.93321428571429 18.096596649956712 117.184 43.418 80.86874999999999 4
stats: page 3 9051.823333333334 6399.217050401106 14684.128 101.111 0 0
stats: size_rcv 3185777 3186841
stats: size_sent 10233 13913
stats: connected 13 17
# stats: dump at 1669956446
stats: users 17 22
stats: {load,"tsung_controller@Maomao-no1-2"} 1 5.0859375 0.0 5.0859375 4.15625 4.44921875 2
stats: {cpu,"tsung_controller@Maomao-no1-2"} 1 32.11686110280188 0.0 32.11686110280188 11.182093199628348 19.857513665682436 2
stats: {freemem,"tsung_controller@Maomao-no1-2"} 1 93.296875 0.0 93.296875 60.390625 66.6328125 2
stats: session 12 12387.863083333335 5734.1100472147145 23063.123 3764.262 13944.135 1
stats: users_count 11 30
stats: finish_users_count 12 13
stats: request 38 3943.2022631578943 4926.413817927861 20343.532 57.494 3178.5274375 16
stats: connect 12 65.78849999999998 13.707748620761906 117.184 43.418 70.03 18
stats: page 24 5347.483750000002 6651.720933706887 20891.53 57.494 9051.823333333334 3
stats: 200 23 39
stats: size_rcv 3190215 6377056
stats: 502 4 4
stats: size_sent 17731 31644
stats: connected 0 17
stats: 500 11 11
# stats: dump at 1669956456
stats: users 19 22
stats: {load,"tsung_controller@Maomao-no1-2"} 1 5.7890625 0.0 5.7890625 4.15625 4.661458333333333 3
stats: {cpu,"tsung_controller@Maomao-no1-2"} 1 35.160227613057806 0.0 35.160227613057806 11.182093199628348 23.943962811388918 3
stats: {freemem,"tsung_controller@Maomao-no1-2"} 1 80.609375 0.0 93.296875 60.390625 75.52083333333333 3
stats: session 7 14090.269857142857 3833.5869464319258 23063.123 3764.262 12507.57630769231 13
stats: users_count 9 39
stats: finish_users_count 7 20
stats: request 19 4018.115842105264 2525.264256329044 20343.532 57.494 3716.6319444444443 54
stats: connect 9 61.03344444444445 7.613870429261341 117.184 43.418 68.33339999999998 30
stats: page 12 5581.1331666666665 5406.213655956494 20891.53 57.494 5759.077037037038 27
stats: 200 6 45
stats: size_rcv 3523 6380579
stats: 502 0 4
stats: size_sent 5300 36944
stats: connected 3 20
stats: 500 13 24
# stats: dump at 1669956466
stats: users 23 26
stats: {load,"tsung_controller@Maomao-no1-2"} 1 6.12109375 0.0 6.12109375 4.15625 4.943359375 4
stats: {cpu,"tsung_controller@Maomao-no1-2"} 1 31.544293695131685 0.0 35.160227613057806 11.182093199628348 26.74802901180614 4
stats: {freemem,"tsung_controller@Maomao-no1-2"} 1 109.796875 0.0 109.796875 60.390625 76.79296875 4
stats: session 5 23384.2916 10060.235653725467 37247.73 3764.262 13061.51905 20
stats: users_count 9 48
stats: finish_users_count 5 25
stats: request 26 9476.540038461539 10464.099589674015 32813.018 57.494 3795.1003561643834 73
stats: connect 9 59.23177777777778 12.280231863335644 117.184 41.765 66.64879487179486 39
stats: page 18 14533.893444444448 11889.635079185093 33420.891 57.494 5704.325076923078 39
stats: 200 10 55
stats: size_rcv 3189039 9569618
stats: 502 11 15
stats: size_sent 7255 44199
stats: connected 4 24
stats: 500 6 30
# stats: dump at 1669956476
stats: users 22 26
stats: {load,"tsung_controller@Maomao-no1-2"} 1 5.71875 0.0 6.12109375 4.15625 5.17890625 5
stats: {cpu,"tsung_controller@Maomao-no1-2"} 1 33.67570801755086 0.0 35.160227613057806 11.182093199628348 27.707281948471245 5
stats: {freemem,"tsung_controller@Maomao-no1-2"} 1 627.125 0.0 627.125 60.390625 83.39375 5
stats: session 12 24742.712916666667 10124.760400484156 40120.606 3764.262 15126.07356 25
stats: users_count 11 59
stats: finish_users_count 12 37
stats: request 32 5463.9404062500025 7700.976589623118 32813.018 53.748 5287.195626262626 99
stats: connect 11 71.37254545454546 20.425854317789753 126.412 41.765 65.25810416666666 48
stats: page 19 7517.080157894739 11341.917708221476 36988.811 53.748 8492.609824561405 57
stats: 200 21 76
stats: size_rcv 4779854 14349472
stats: 502 0 15
stats: size_sent 11774 55973
stats: connected -2 22
stats: 500 10 40
# stats: dump at 1669956486
stats: users 25 26
stats: {load,"tsung_controller@Maomao-no1-2"} 1 6.0625 0.0 6.12109375 4.15625 5.268880208333333 6
stats: {cpu,"tsung_controller@Maomao-no1-2"} 1 26.86507540197743 0.0 35.160227613057806 11.182093199628348 28.70201962665118 6
stats: {freemem,"tsung_controller@Maomao-no1-2"} 1 571.875 0.0 627.125 60.390625 174.015625 6
stats: session 11 18667.06118181818 11183.046847512865 42067.806 3764.262 18244.983621621624 37
stats: users_count 14 73
stats: finish_users_count 11 48
stats: connect 13 60.088 11.28012007573842 126.412 41.765 66.3980847457627 59
stats: page 20 7481.493649999999 9825.45535409372 41752.373 50.973 8248.727407894738 76
stats: request 28 4951.388714285713 6961.620431946023 36317.657 50.973 5330.369923664122 131
stats: 200 13 89
stats: size_rcv 3179613 17529085
stats: 502 0 15
stats: newphase 1 1
stats: size_sent 8195 64168
stats: connected 3 25
stats: 500 15 55
# stats: dump at 1669956496
stats: users 27 32
stats: {load,"tsung_controller@Maomao-no1-2"} 1 6.91796875 0.0 6.91796875 4.15625 5.382254464285714 7
stats: {cpu,"tsung_controller@Maomao-no1-2"} 1 26.586072534718753 0.0 35.160227613057806 11.182093199628348 28.43959902312636 7
stats: {freemem,"tsung_controller@Maomao-no1-2"} 1 504.0 0.0 627.125 60.390625 230.85267857142858 7
stats: session 10 20857.8075 9889.359934088548 42067.806 3764.262 18341.70972916667 48
stats: users_count 12 85
stats: finish_users_count 10 58
stats: request 43 5909.595790697677 8330.168932074645 43104.492 50.973 5263.631094339623 159
stats: connect 13 58.40715384615384 12.86902545378544 126.412 39.452 65.25876388888888 72
stats: page 27 9968.341555555551 11644.771675773047 48910.234 50.973 8088.887041666668 96
stats: 200 14 103
stats: size_rcv 1601103 19130188
stats: 502 19 34
stats: newphase 0 1
stats: size_sent 10382 74550
stats: connected 2 27
stats: 500 10 65
# stats: dump at 1669956506
stats: users 38 40
stats: {load,"tsung_controller@Maomao-no1-2"} 1 6.640625 0.0 6.91796875 4.15625 5.57421875 8
stats: {cpu,"tsung_controller@Maomao-no1-2"} 1 26.427715654952078 0.0 35.160227613057806 11.182093199628348 28.20790821207541 8
stats: {freemem,"tsung_controller@Maomao-no1-2"} 1 467.53125 0.0 627.125 60.390625 264.99609375 8
stats: session 12 22714.140416666673 14618.650293758503 58247.637 3764.262 18775.51968965517 58
stats: users_count 23 108
stats: finish_users_count 12 70
stats: request 41 7099.596951219513 8416.293619253549 43104.492 50.973 5401.13843069307 202
stats: connect 23 70.21500000000002 34.45241284918132 215.962 39.452 64.21087058823528 85
stats: page 24 9976.212333333333 11277.753984095005 48910.234 50.973 8501.450227642277 123
stats: 200 27 130
stats: size_rcv 4782281 23912469
stats: 502 0 34
stats: newphase 0 1
stats: size_sent 16953 91503
stats: connected 11 38
stats: 500 14 79
# stats: dump at 1669956516
stats: users 39 46
stats: {load,"tsung_controller@Maomao-no1-2"} 1 6.4375 0.0 6.91796875 4.15625 5.692708333333333 9
stats: {cpu,"tsung_controller@Maomao-no1-2"} 1 29.02164156776703 0.0 35.160227613057806 11.182093199628348 28.010109039061703 9
stats: {freemem,"tsung_controller@Maomao-no1-2"} 1 96.765625 0.0 627.125 60.390625 287.5 9
stats: session 24 19792.442291666663 11413.65528853371 58247.637 3764.262 19450.711814285714 70
stats: users_count 25 133
stats: finish_users_count 24 94
stats: request 81 4812.051283950616 6950.542952846459 43104.492 48.562 5687.709621399178 243
stats: connect 24 61.27420833333335 21.99184175055825 215.962 38.615 65.48952777777778 108
stats: page 49 8467.142306122445 10356.513198677541 48910.234 48.562 8742.227714285715 147
stats: 200 29 159
stats: size_rcv 3706505 27618974
stats: 502 31 65
stats: newphase 0 1
stats: size_sent 21447 112950
stats: connected 2 40
stats: 500 23 102
# stats: dump at 1669956526
stats: users 35 46
stats: {load,"tsung_controller@Maomao-no1-2"} 1 6.2578125 0.0 6.91796875 4.15625 5.7671875 10
stats: {cpu,"tsung_controller@Maomao-no1-2"} 1 30.092638709034762 0.0 35.160227613057806 11.182093199628348 28.111262291932235 10
stats: {freemem,"tsung_controller@Maomao-no1-2"} 1 110.96875 0.0 627.125 60.390625 268.4265625 10
stats: session 27 14386.988888888889 6771.57159087851 58247.637 3764.262 19537.962148936167 94
stats: users_count 23 156
stats: finish_users_count 27 121
stats: request 64 3213.1885000000007 4053.438170708865 43104.492 47.489 5468.795037037037 324
stats: connect 23 58.94760869565218 12.940491435258993 215.962 38.615 64.72310606060607 132
stats: page 50 4186.156260000001 5469.052648824306 48910.234 47.489 8673.456362244897 196
stats: 200 32 191
stats: size_rcv 1095686 28714660
stats: 502 0 65
stats: newphase 0 1
stats: size_sent 18339 131289
stats: connected -6 34
stats: 500 30 132
# stats: dump at 1669956536
stats: users 41 46
stats: {load,"tsung_controller@Maomao-no1-2"} 1 5.828125 0.0 6.91796875 4.15625 5.8117897727272725 11
stats: {cpu,"tsung_controller@Maomao-no1-2"} 1 26.543456543456546 0.0 35.160227613057806 11.182093199628348 28.291387420759737 11
stats: {freemem,"tsung_controller@Maomao-no1-2"} 1 113.796875 0.0 627.125 60.390625 254.1122159090909 11
stats: session 13 15848.995846153844 5668.08760015997 58247.637 3764.262 18388.571421487602 121
stats: users_count 19 175
stats: finish_users_count 13 134
stats: request 47 4887.574680851064 4533.335670025517 43104.492 47.489 5096.736226804123 388
stats: connect 19 62.43342105263155 17.38676400180015 215.962 38.615 63.86609677419355 155
stats: page 29 7466.257413793105 6992.844739440001 48910.234 47.489 7761.403495934958 246
stats: 200 13 204
stats: size_rcv 1600730 30315390
stats: 502 0 65
stats: newphase 0 1
stats: size_sent 10074 141363
stats: connected 7 41
stats: 500 34 166
# stats: dump at 1669956546
stats: users 70 70
stats: {load,"tsung_controller@Maomao-no1-2"} 1 5.0859375 0.0 6.91796875 4.15625 5.813151041666667 12
stats: {cpu,"tsung_controller@Maomao-no1-2"} 1 25.832834629962097 0.0 35.160227613057806 11.182093199628348 28.145726514317804 12
stats: {freemem,"tsung_controller@Maomao-no1-2"} 1 153.328125 0.0 627.125 60.390625 242.41927083333334 12
stats: session 7 15174.740142857145 2684.0265713998983 58247.637 3764.262 18142.194686567163 134
stats: users_count 36 211
stats: finish_users_count 7 141
stats: request 65 7887.582384615386 8256.40637058987 44045.205 47.489 5074.137163218391 435
stats: page 33 14198.169818181816 11977.601889219968 50604.846 47.489 7730.278999999999 275
stats: connect 36 63.0028888888889 14.044619647509503 215.962 38.615 63.70965517241379 174
stats: 200 11 215
stats: size_rcv 3199537 33514927
stats: 502 32 97
stats: newphase 1 2
stats: size_sent 16333 157696
stats: connected 28 69
stats: 500 22 188
# stats: dump at 1669956556
stats: users 96 96
stats: {load,"tsung_controller@Maomao-no1-2"} 1 4.6796875 0.0 6.91796875 4.15625 5.757211538461538 13
stats: {cpu,"tsung_controller@Maomao-no1-2"} 1 26.365179195367876 0.0 35.160227613057806 11.182093199628348 27.96781175398275 13
stats: {freemem,"tsung_controller@Maomao-no1-2"} 1 88.328125 0.0 627.125 60.390625 235.56610576923077 13
stats: session 21 24527.99719047619 11465.597088785016 58247.637 3764.262 17994.874248226948 141
stats: users_count 47 258
stats: finish_users_count 21 162
stats: request 41 6625.3446341463405 3640.0455612760875 44045.205 47.489 5439.885042000001 500
stats: connect 48 63.56497916666666 14.749742516805709 215.962 38.615 63.588495238095234 210
stats: page 37 8924.679675675674 6222.503839698081 50604.846 47.489 8423.26730194805 308
stats: 200 22 237
stats: size_rcv 530170 34045097
stats: 502 0 97
stats: newphase 0 2
stats: size_sent 17331 175027
stats: connected 27 96
stats: 500 20 208
# stats: dump at 1669956566
stats: users 121 121
stats: {load,"tsung_controller@Maomao-no1-2"} 1 5.0703125 0.0 6.91796875 4.15625 5.680245535714286 14
stats: {cpu,"tsung_controller@Maomao-no1-2"} 1 25.926666000599464 0.0 35.160227613057806 11.182093199628348 27.853337999795976 14
stats: {freemem,"tsung_controller@Maomao-no1-2"} 1 94.46875 0.0 627.125 60.390625 225.04910714285714 14
stats: session 21 25939.25647619048 8617.86796652364 58247.637 3764.262 18841.760555555556 162
stats: users_count 46 304
stats: finish_users_count 21 183
stats: request 73 10586.350739726022 9335.10792124693 44045.205 47.489 5529.725787430684 541
stats: connect 46 61.77095652173915 16.291222021525314 215.962 38.615 63.584120155038754 258
stats: page 31 14596.103451612906 14773.652266977384 50604.846 47.489 8477.041962318839 345
stats: 200 54 291
stats: size_rcv 7447711 41492808
stats: 502 0 97
stats: newphase 0 2
stats: size_sent 36315 211342
stats: connected 25 121
stats: 500 18 226
# stats: dump at 1669956576
stats: users 154 154
stats: {load,"tsung_controller@Maomao-no1-2"} 1 6.328125 0.0 6.91796875 4.15625 5.639583333333333 15
stats: {cpu,"tsung_controller@Maomao-no1-2"} 1 24.2339554845793 0.0 35.160227613057806 11.182093199628348 27.724893199849543 15
stats: {freemem,"tsung_controller@Maomao-no1-2"} 1 68.6875 0.0 627.125 60.390625 216.34375 15
stats: session 1 52262.43 0.0 58247.637 3764.262 19656.22730054645 183
stats: users_count 34 338
stats: finish_users_count 1 184
stats: request 21 9411.724761904761 4066.34085842062 44045.205 47.489 6130.9206107491855 614
stats: connect 33 64.36412121212123 21.81284029239822 215.962 38.615 63.30975986842105 304
stats: 200 2 293
stats: page 10 18243.269 5628.95840652844 50604.846 47.489 8981.539053191487 376
stats: size_rcv 1596520 43089328
stats: 502 0 97
stats: newphase 0 2
stats: size_sent 17018 228360
stats: connected 32 153
stats: 500 19 245
# stats: dump at 1669956586
stats: users 201 201
stats: {load,"tsung_controller@Maomao-no1-2"} 1 5.43359375 0.0 6.91796875 4.15625 5.6826171875 16
stats: {cpu,"tsung_controller@Maomao-no1-2"} 1 26.171485543369887 0.0 35.160227613057806 11.182093199628348 27.506709592645155 16
stats: {freemem,"tsung_controller@Maomao-no1-2"} 1 72.515625 0.0 627.125 60.390625 207.115234375 16
stats: session 0 0 0 58247.637 3764.262 19833.434923913042 184
stats: users_count 47 385
stats: finish_users_count 0 184
stats: request 0 0 0 44045.205 47.489 6239.419645669291 635
stats: connect 46 60.40097826086956 13.899104982897795 215.962 38.615 63.41300593471809 337
stats: 200 0 293
stats: page 0 0 0 50604.846 47.489 9221.480243523314 386
stats: size_rcv 0 43089328
stats: 502 0 97
stats: newphase 0 2
stats: size_sent 11758 240118
stats: connected 46 199
stats: 500 0 245
# stats: dump at 1669956596
stats: users 190 203
stats: {load,"tsung_controller@Maomao-no1-2"} 1 4.671875 0.0 6.91796875 4.15625 5.66796875 17
stats: {cpu,"tsung_controller@Maomao-no1-2"} 1 26.56609051853332 0.0 35.160227613057806 11.182093199628348 27.428167001511316 17
stats: {freemem,"tsung_controller@Maomao-no1-2"} 1 76.09375 0.0 627.125 60.390625 199.19761029411765 17
stats: session 39 31532.583666666662 22042.421489927023 77498.052 876.835 19833.434923913042 184
stats: users_count 28 413
stats: finish_users_count 39 223
stats: request 141 9254.848794326233 13835.106607120373 46732.109 44.051 6239.419645669291 635
stats: connect 30 61.85773333333332 12.094506378058135 215.962 38.615 63.05124804177545 383
stats: page 97 13705.540587628871 16715.63610259635 50604.846 44.925 9221.480243523314 386
stats: 200 7 300
stats: size_rcv 42337 43131665
stats: 502 130 227
stats: newphase 0 2
stats: size_sent 26390 266508
stats: connected -9 190
stats: 500 4 249
# stats: dump at 1669956606
stats: users 208 215
stats: {load,"tsung_controller@Maomao-no1-2"} 1 4.2578125 0.0 6.91796875 4.15625 5.612630208333333 18
stats: {cpu,"tsung_controller@Maomao-no1-2"} 1 26.496153461884305 0.0 35.160227613057806 11.182093199628348 27.380273863568092 18
stats: {freemem,"tsung_controller@Maomao-no1-2"} 1 97.78125 0.0 627.125 60.390625 192.35850694444446 18
stats: session 45 25670.539577777778 24581.523754094116 77498.052 324.652 21879.474390134525 223
stats: users_count 63 476
stats: finish_users_count 45 268
stats: request 160 12070.608943749998 18083.30033429319 60130.315 42.276 6787.326230670101 776
stats: connect 62 66.69658064516129 19.70753189695003 215.962 38.615 62.96455205811137 413
stats: page 103 14389.18617475727 20869.5441709802 67658.291 42.276 10122.005819875776 483
stats: 504 7 7
stats: 200 10 310
stats: size_rcv 45402 43177067
stats: 502 107 334
stats: newphase 1 3
stats: size_sent 34819 301327
stats: connected 19 209
stats: 500 36 285
# stats: dump at 1669956616
stats: users 213 219
stats: {load,"tsung_controller@Maomao-no1-2"} 1 4.8359375 0.0 6.91796875 4.15625 5.541324013157895 19
stats: {cpu,"tsung_controller@Maomao-no1-2"} 1 27.29816147082334 0.0 35.160227613057806 11.182093199628348 27.333741210847894 19
stats: {freemem,"tsung_controller@Maomao-no1-2"} 1 67.0 0.0 627.125 60.390625 187.38075657894737 19
stats: session 75 20736.854240000004 25819.746766540797 77498.052 213.394 22516.033843283578 268
stats: users_count 80 556
stats: finish_users_count 75 343
stats: request 275 7435.2288290909055 17982.422664361497 60202.946 42.276 7690.4514807692285 936
stats: connect 79 61.50999999999996 16.17936892574747 215.962 38.615 63.45167999999999 475
stats: page 171 10613.606011695912 20798.667203946843 67658.291 42.276 10872.039226962455 586
stats: 504 18 25
stats: 200 4 314
stats: size_rcv 1657884 44834951
stats: 502 234 568
stats: newphase 0 3
stats: size_sent 43572 344899
stats: connected 5 214
stats: 500 22 307
# stats: dump at 1669956626
stats: users 187 219
stats: {load,"tsung_controller@Maomao-no1-2"} 1 5.23828125 0.0 6.91796875 4.15625 5.5060546875 20
stats: {cpu,"tsung_controller@Maomao-no1-2"} 1 28.57285528812544 0.0 35.160227613057806 11.182093199628348 27.331962223846666 20
stats: {freemem,"tsung_controller@Maomao-no1-2"} 1 85.609375 0.0 627.125 60.390625 181.36171875 20
stats: session 92 34318.11517391305 26216.27070735499 79709.41 213.394 22127.000402332356 343
stats: users_count 66 622
stats: finish_users_count 92 435
stats: request 263 13033.503140684417 17652.070670091427 60202.946 42.276 7632.49423121387 1211
stats: connect 67 64.46582089552236 18.20757262086413 215.962 38.615 63.174797833934996 554
stats: page 160 14093.9146125 19528.958195407704 79329.607 42.276 10813.661314398943 757
stats: 504 3 28
stats: 200 81 395
stats: size_rcv 6455124 51290075
stats: 502 164 732
stats: newphase 0 3
stats: size_sent 80510 425409
stats: connected -25 189
stats: 500 12 319
# stats: dump at 1669956636
stats: users 184 219
stats: {load,"tsung_controller@Maomao-no1-2"} 1 9.84765625 0.0 9.84765625 4.15625 5.493303571428571 21
stats: {cpu,"tsung_controller@Maomao-no1-2"} 1 36.290242200737566 0.0 36.290242200737566 11.182093199628348 27.3910523697647 21
stats: {freemem,"tsung_controller@Maomao-no1-2"} 1 78.15625 0.0 627.125 60.390625 176.80208333333334 21
stats: session 87 23308.059287356322 24041.636279320282 87420.905 213.394 24705.351112643675 435
stats: users_count 84 706
stats: finish_users_count 87 522
stats: request 274 6381.083514598544 13040.274370719362 60202.946 42.276 8596.174925373132 1474
stats: connect 83 74.57953012048192 85.50618941429157 695.198 38.615 63.31408695652172 621
stats: page 186 11534.84796774194 21154.415279805344 85171.188 42.276 11386.006491821156 917
stats: 504 4 32
stats: 200 11 406
stats: size_rcv 82688 51372763
stats: 502 249 981
stats: newphase 0 3
stats: size_sent 50807 476216
stats: connected -5 184
stats: 500 10 329
# stats: dump at 1669956646
stats: users 193 219
stats: {load,"tsung_controller@Maomao-no1-2"} 1 11.16796875 0.0 11.16796875 4.15625 5.691228693181818 22
stats: {cpu,"tsung_controller@Maomao-no1-2"} 1 38.04629814408302 0.0 38.04629814408302 11.182093199628348 27.795560998445286 22
stats: {freemem,"tsung_controller@Maomao-no1-2"} 1 117.734375 0.0 627.125 60.390625 172.3181818181818 22
stats: session 62 26609.605225806445 27340.18354591042 87420.905 213.394 24472.46914176245 522
stats: users_count 71 777
stats: finish_users_count 62 584
stats: request 208 6936.9148509615425 11971.523815026889 60591.171 42.276 8248.958079519449 1748
stats: connect 71 62.87091549295775 17.00843994613584 695.198 38.615 64.64225710227271 704
stats: page 137 13208.301102189786 22893.411023001074 85171.188 42.276 11411.10577969175 1103
stats: 504 3 35
stats: 200 17 423
stats: size_rcv 1649978 53022741
stats: 502 150 1131
stats: newphase 0 3
stats: size_sent 40699 516915
stats: connected 8 192
stats: 500 38 367
# stats: dump at 1669956656
stats: users 188 219
stats: {load,"tsung_controller@Maomao-no1-2"} 1 9.609375 0.0 11.16796875 4.15625 5.929347826086956 23
stats: {cpu,"tsung_controller@Maomao-no1-2"} 1 27.798302546180732 0.0 38.04629814408302 11.182093199628348 28.241245222168665 23
stats: {freemem,"tsung_controller@Maomao-no1-2"} 1 181.34375 0.0 627.125 60.390625 169.94497282608697 23
stats: session 79 24270.296177215187 30326.420253753895 91496.613 213.394 24699.35687671233 584
stats: users_count 74 851
stats: finish_users_count 79 663
stats: request 226 3928.325557522125 9705.905486856613 60591.171 42.276 8109.436100204498 1956
stats: connect 76 63.22368421052633 11.940013344357494 695.198 38.615 64.47997935483869 775
stats: page 158 8998.801215189878 20563.039946757952 91210.648 42.276 11609.666875806452 1240
stats: 504 0 35
stats: 200 10 433
stats: size_rcv 1658567 54681308
stats: 502 195 1326
stats: newphase 0 3
stats: size_sent 48365 565280
stats: connected -3 189
stats: 500 21 388
# stats: dump at 1669956666
stats: users 215 219
stats: {load,"tsung_controller@Maomao-no1-2"} 1 8.734375 0.0 11.16796875 4.15625 6.082682291666667 24
stats: {cpu,"tsung_controller@Maomao-no1-2"} 1 35.1078705553336 0.0 38.04629814408302 11.182093199628348 28.222789277335835 24
stats: {freemem,"tsung_controller@Maomao-no1-2"} 1 109.328125 0.0 627.125 60.390625 170.41992187500003 24
stats: session 107 24419.92357943924 31213.865686231107 111412.041 213.394 24648.231996983406 663
stats: users_count 134 985
stats: finish_users_count 107 770
stats: request 333 6440.3214144144185 12091.027072915122 60591.171 42.276 7676.378821264893 2182
stats: connect 126 62.47994444444439 14.348208678806008 695.198 38.615 64.36778378378376 851
stats: page 212 9317.641617924537 19440.716157733415 108664.547 42.276 11314.590499284692 1398
stats: 504 0 35
stats: 200 36 469
stats: size_rcv 4867362 59548670
stats: 502 258 1584
stats: newphase 1 4
stats: size_sent 64119 629399
stats: connected 25 214
stats: 500 39 427
# stats: dump at 1669956676
stats: users 227 227
stats: {load,"tsung_controller@Maomao-no1-2"} 1 8.01171875 0.0 11.16796875 4.15625 6.18875 25
stats: {cpu,"tsung_controller@Maomao-no1-2"} 1 37.58362456315527 0.0 38.04629814408302 11.182093199628348 28.498192528455746 25
stats: {freemem,"tsung_controller@Maomao-no1-2"} 1 102.234375 0.0 627.125 60.390625 167.97625000000005 25
stats: session 129 17914.597503875964 27002.585094198876 125881.236 213.394 24616.506022077916 770
stats: users_count 141 1126
stats: finish_users_count 129 899
stats: request 397 4517.089193954658 10725.809926655671 60591.171 42.072 7512.717939960238 2515
stats: connect 135 58.38079259259258 14.324893647641552 695.198 38.615 64.12431627430908 977
stats: page 263 6486.933064638787 15142.235566654346 108664.547 42.276 11051.638224223603 1610
stats: 504 1 36
stats: 200 31 500
stats: size_rcv 3822957 63371627
stats: 502 335 1919
stats: newphase 0 4
stats: size_sent 75547 704946
stats: connected 2 216
stats: 500 31 458
# stats: dump at 1669956686
stats: users 203 241
stats: {load,"tsung_controller@Maomao-no1-2"} 1 7.734375 0.0 11.16796875 4.15625 6.2588641826923075 26
stats: {cpu,"tsung_controller@Maomao-no1-2"} 1 37.87212787212787 0.0 38.04629814408302 11.182093199628348 28.847632222098035 26
stats: {freemem,"tsung_controller@Maomao-no1-2"} 1 70.171875 0.0 627.125 60.390625 165.44771634615387 26
stats: session 185 10707.478162162162 17272.420979960396 125881.236 202.128 23654.830606229134 899
stats: users_count 161 1287
stats: finish_users_count 185 1084
stats: connect 165 75.29186666666666 73.7638776563667 695.198 38.615 63.427035971223 1112
stats: page 377 4548.786129973471 13114.06245675709 108664.547 41.937 10410.678556860652 1873
stats: 504 3 39
stats: request 564 2839.81470921986 9523.563716647488 60591.171 41.852 7104.316630837911 2912
stats: 200 3 503
stats: size_rcv 1242812 64614439
stats: 502 548 2467
stats: newphase 0 4
stats: size_sent 91643 796589
stats: connected -10 206
stats: 500 9 467
# stats: dump at 1669956696
stats: users 230 241
stats: {load,"tsung_controller@Maomao-no1-2"} 1 7.40625 0.0 11.16796875 4.15625 6.313512731481482 27
stats: {cpu,"tsung_controller@Maomao-no1-2"} 1 38.75798722044728 0.0 38.75798722044728 11.182093199628348 29.18187280172877 27
stats: {freemem,"tsung_controller@Maomao-no1-2"} 1 107.359375 0.0 627.125 60.390625 161.91898148148152 27
stats: session 134 16061.855902985079 22700.559974419808 125881.236 202.128 21445.180973247225 1084
stats: users_count 161 1448
stats: finish_users_count 134 1218
stats: request 439 3987.081742596811 10613.991491717135 60591.171 41.852 6412.37788406214 3476
stats: connect 165 57.315878787878795 11.730317883929445 695.198 38.615 64.96007987470632 1277
stats: page 288 6060.154156249999 15253.73950001135 108664.547 41.937 9428.485914666668 2250
stats: 504 4 43
stats: 200 26 529
stats: size_rcv 129337 64743776
stats: 502 382 2849
stats: newphase 0 4
stats: size_sent 83878 880467
stats: connected 23 229
stats: 500 27 494
# stats: dump at 1669956706
stats: users 213 241
stats: {load,"tsung_controller@Maomao-no1-2"} 1 6.94140625 0.0 11.16796875 4.15625 6.3525390625 28
stats: {cpu,"tsung_controller@Maomao-no1-2"} 1 38.677174780526734 0.0 38.75798722044728 11.182093199628348 29.523876888111573 28
stats: {freemem,"tsung_controller@Maomao-no1-2"} 1 127.71875 0.0 627.125 60.390625 159.9704241071429 28
stats: session 152 15861.043552631576 20043.39590014608 125881.236 202.128 20852.92681937602 1218
stats: users_count 135 1583
stats: finish_users_count 152 1370
stats: request 422 4370.686758293841 10792.797315327321 60591.171 41.852 6140.422582375479 3915
stats: connect 136 58.45684558823526 14.034069026982094 695.198 37.768 64.08539667128986 1442
stats: page 288 7155.1119375 15831.141726335098 108664.547 41.937 9046.263871158393 2538
stats: 504 2 45
stats: 200 22 551
stats: size_rcv 2764923 67508699
stats: 502 361 3210
stats: newphase 0 4
stats: size_sent 74824 955291
stats: connected -16 213
stats: 500 38 532
# stats: dump at 1669956716
stats: users 230 241
stats: {load,"tsung_controller@Maomao-no1-2"} 1 6.77734375 0.0 11.16796875 4.15625 6.372844827586207 29
stats: {cpu,"tsung_controller@Maomao-no1-2"} 1 38.8772350414544 0.0 38.8772350414544 11.182093199628348 29.83950784991899 29
stats: {freemem,"tsung_controller@Maomao-no1-2"} 1 75.171875 0.0 627.125 60.390625 158.85829741379314 29
stats: session 152 17933.955381578937 24157.762275644156 125881.236 202.128 20299.082836496345 1370
stats: users_count 169 1752
stats: finish_users_count 152 1522
stats: connect 168 58.77857738095242 12.023585609075782 695.198 37.768 63.60029974651456 1578
stats: request 477 3402.3383354297657 9608.208967572016 60591.171 41.342 5968.223246944894 4337
stats: page 309 5504.994611650488 13633.727327273975 108664.547 41.342 8853.535011677284 2826
stats: 504 0 45
stats: 200 27 578
stats: size_rcv 684088 68192787
stats: 502 421 3631
stats: newphase 0 4
stats: size_sent 89350 1044641
stats: connected 20 233
stats: 500 29 561
# stats: dump at 1669956726
stats: users 290 290
stats: {load,"tsung_controller@Maomao-no1-2"} 1 6.5703125 0.0 11.16796875 4.15625 6.386328125 30
stats: {cpu,"tsung_controller@Maomao-no1-2"} 1 39.17906721262359 0.0 39.17906721262359 11.182093199628348 30.14076542297017 30
stats: {freemem,"tsung_controller@Maomao-no1-2"} 1 77.28125 0.0 627.125 60.390625 156.06875000000002 30
stats: session 191 13342.597109947641 20150.683177547933 125881.236 202.128 20062.880883048616 1522
stats: users_count 251 2003
stats: finish_users_count 191 1713
stats: connect 240 59.293674999999986 14.7043668503399 695.198 37.768 63.13635395189002 1746
stats: request 661 2526.8845567322214 8152.817064761195 60798.419 41.342 5713.979976734525 4814
stats: page 429 4476.925480186471 13369.342883908705 108664.547 41.342 8523.487488995217 3135
stats: 504 0 45
stats: 200 30 608
stats: size_rcv 4973345 73166132
stats: 502 601 4232
stats: newphase 1 5
stats: size_sent 123189 1167830
stats: connected 40 273
stats: 500 29 590
# stats: dump at 1669956736
stats: users 282 290
stats: {load,"tsung_controller@Maomao-no1-2"} 1 7.47265625 0.0 11.16796875 4.15625 6.39226310483871 31
stats: {cpu,"tsung_controller@Maomao-no1-2"} 1 31.034826863586467 0.0 39.17906721262359 11.182093199628348 30.432323545217056 31
stats: {freemem,"tsung_controller@Maomao-no1-2"} 1 119.0 0.0 627.125 60.390625 153.52721774193552 31
stats: session 290 12432.289434482756 18339.74153619006 125881.236 202.128 19313.567280793926 1713
stats: users_count 282 2285
stats: finish_users_count 290 2003
stats: request 824 3370.9216116504845 8864.440052736736 60798.419 39.732 5329.200054794521 5475
stats: connect 289 77.58084083044992 75.12552560652293 695.198 37.768 62.671981873111775 1986
stats: page 560 5280.895937500005 12276.44100462028 108664.547 39.732 8036.4013212682385 3564
stats: 504 0 45
stats: 200 56 664
stats: size_rcv 243582 73409714
stats: 502 746 4978
stats: newphase 0 5
stats: size_sent 150466 1318296
stats: connected 0 273
stats: 500 22 612
# stats: dump at 1669956746
stats: users 290 337
stats: {load,"tsung_controller@Maomao-no1-2"} 1 6.4765625 0.0 11.16796875 4.15625 6.426025390625 32
stats: {cpu,"tsung_controller@Maomao-no1-2"} 1 32.12502496504893 0.0 39.17906721262359 11.182093199628348 30.4511517739161 32
stats: {freemem,"tsung_controller@Maomao-no1-2"} 1 89.578125 0.0 627.125 60.390625 152.44824218750003 32
stats: session 319 9770.051369905948 13704.961253139969 125881.236 202.128 18317.276429355963 2003
stats: users_count 327 2612
stats: finish_users_count 319 2322
stats: connect 333 79.81168468468469 87.0446769803777 695.198 37.768 64.56589846153845 2275
stats: page 670 3091.626973134331 9212.59513947758 108664.547 39.732 7662.2298821532495 4124
stats: request 1021 1935.3002399608208 6267.855529120321 60798.419 39.732 5073.029005873948 6299
stats: 504 0 45
stats: 200 25 689
stats: size_rcv 311137 73720851
stats: 502 950 5928
stats: newphase 0 5
stats: size_sent 176389 1494685
stats: connected 21 294
stats: 500 46 658
# stats: dump at 1669956756
stats: users 267 337
stats: {load,"tsung_controller@Maomao-no1-2"} 1 5.70703125 0.0 11.16796875 4.15625 6.427556818181818 33
stats: {cpu,"tsung_controller@Maomao-no1-2"} 1 27.435923007878728 0.0 39.17906721262359 11.182093199628348 30.501875203950426 33
stats: {freemem,"tsung_controller@Maomao-no1-2"} 1 148.796875 0.0 627.125 60.390625 150.54308712121215 33
stats: session 307 8992.350785016293 11007.126386400136 125881.236 195.922 17143.04525193798 2322
stats: users_count 284 2896
stats: finish_users_count 307 2629
stats: request 868 2024.0458963133688 5732.375990209963 60798.419 39.732 4635.375854234972 7320
stats: connect 282 59.84628723404257 14.881707627857859 695.198 37.768 66.5125421779141 2608
stats: page 580 2580.641048275863 6692.045158801578 108664.547 39.732 7023.451419691282 4794
stats: 504 0 45
stats: 200 46 735
stats: size_rcv 259209 73980060
stats: 502 773 6701
stats: newphase 0 5
stats: size_sent 165234 1659919
stats: connected -29 265
stats: 500 49 707
# stats: dump at 1669956766
stats: users 306 337
stats: {load,"tsung_controller@Maomao-no1-2"} 1 5.0546875 0.0 11.16796875 4.15625 6.406364889705882 34
stats: {cpu,"tsung_controller@Maomao-no1-2"} 1 30.358390735749225 0.0 39.17906721262359 11.182093199628348 30.411700139360082 34
stats: {freemem,"tsung_controller@Maomao-no1-2"} 1 107.4375 0.0 627.125 60.390625 150.4917279411765 34
stats: session 305 6789.917786885241 9752.69447149774 125881.236 195.922 16191.252478508934 2629
stats: users_count 344 3240
stats: finish_users_count 305 2934
stats: request 985 1215.0574873096439 4753.934038190317 60798.419 39.732 4358.551916340987 8188
stats: connect 343 60.00519241982509 18.545282846535912 695.198 37.768 65.8620633217993 2890
stats: page 640 1853.3247999999985 6265.671323012795 108664.547 39.732 6543.951975065129 5374
stats: 504 0 45
stats: 200 21 756
stats: size_rcv 825895 74805955
stats: 502 929 7630
stats: newphase 0 5
stats: size_sent 173400 1833319
stats: connected 37 302
stats: 500 36 743
# stats: dump at 1669956776
stats: users 289 337
stats: {load,"tsung_controller@Maomao-no1-2"} 1 5.1953125 0.0 11.16796875 4.15625 6.367745535714286 35
stats: {cpu,"tsung_controller@Maomao-no1-2"} 1 26.574822801237897 0.0 39.17906721262359 11.182093199628348 30.410177013542633 35
stats: {freemem,"tsung_controller@Maomao-no1-2"} 1 102.9375 0.0 627.125 60.390625 149.26160714285717 35
stats: session 340 9555.253435294113 12234.185007660419 125881.236 195.922 15213.949451601904 2934
stats: users_count 323 3563
stats: finish_users_count 340 3274
stats: connect 325 72.01802153846154 59.61450017392773 695.198 37.768 65.2406879059697 3233
stats: page 698 4917.553540114612 11128.96689093662 108664.547 39.732 6044.7831370136355 6014
stats: 504 2 47
stats: request 1045 3251.6998162679392 8715.465691188036 60798.419 39.732 4021.0023673825362 9173
stats: 200 49 805
stats: size_rcv 5612527 80418482
stats: 502 942 8572
stats: newphase 0 5
stats: size_sent 180229 2013548
stats: connected -16 286
stats: 500 55 798
# stats: dump at 1669956786
stats: users 385 385
stats: {load,"tsung_controller@Maomao-no1-2"} 1 4.39453125 0.0 11.16796875 4.15625 6.335177951388889 36
stats: {cpu,"tsung_controller@Maomao-no1-2"} 1 26.86507540197743 0.0 39.17906721262359 11.182093199628348 30.303639396534166 36
stats: {freemem,"tsung_controller@Maomao-no1-2"} 1 73.90625 0.0 627.125 60.390625 147.9748263888889 36
stats: session 421 9012.655593824229 13094.839192839758 125881.236 195.922 14626.302339340251 3274
stats: users_count 517 4080
stats: finish_users_count 421 3695
stats: request 1371 1514.3278606856309 5203.416700111397 60798.419 39.732 3942.3254084948135 10218
stats: 504 0 47
stats: connect 510 58.49236862745097 12.827571752444571 695.198 37.768 65.85975295109613 3558
stats: page 892 2217.0504988789253 7371.254575867704 108664.547 39.732 5927.559320172825 6712
stats: 200 60 865
stats: size_rcv 5729008 86147490
stats: 502 1252 9824
stats: newphase 1 6
stats: size_sent 258459 2272007
stats: connected 88 374
stats: 500 56 854
# stats: dump at 1669956796
stats: users 371 409
stats: {load,"tsung_controller@Maomao-no1-2"} 1 5.51171875 0.0 11.16796875 4.15625 6.28272804054054 37
stats: {cpu,"tsung_controller@Maomao-no1-2"} 1 30.48123003194888 0.0 39.17906721262359 11.182093199628348 30.210705234519118 37
stats: {freemem,"tsung_controller@Maomao-no1-2"} 1 67.0625 0.0 627.125 60.390625 145.972972972973 37
stats: session 598 6562.983227424744 9477.76683276338 125881.236 195.922 13986.696038971579 3695
stats: users_count 584 4664
stats: finish_users_count 598 4293
stats: request 1790 997.2682067039117 3683.601911145248 60798.419 39.732 3655.0888360514286 11589
stats: connect 589 75.06217317487268 81.8951074964674 1077.725 37.085 64.93611332350049 4068
stats: 504 0 47
stats: page 1200 1645.2004816666656 5703.125293633412 108664.547 39.732 5492.291846659654 7604
stats: 200 37 902
stats: size_rcv 548656 86696146
stats: 502 1700 11524
stats: newphase 0 6
stats: size_sent 313983 2585990
stats: connected -9 365
stats: 500 53 907
# stats: dump at 1669956806
stats: users 377 418
stats: {load,"tsung_controller@Maomao-no1-2"} 1 5.33984375 0.0 11.16796875 4.15625 6.262438322368421 38
stats: {cpu,"tsung_controller@Maomao-no1-2"} 1 27.833816039149106 0.0 39.17906721262359 11.182093199628348 30.21782430813569 38
stats: {freemem,"tsung_controller@Maomao-no1-2"} 1 106.421875 0.0 627.125 60.390625 143.8963815789474 38
stats: session 614 5691.784889250824 8092.136200559893 125881.236 195.922 12952.598610295827 4293
stats: users_count 620 5284
stats: finish_users_count 614 4907
stats: request 1889 896.8761281101116 3660.980272052783 60798.419 39.732 3299.4943277524485 13379
stats: connect 624 58.999544871794875 14.013194013025885 1077.725 37.085 66.2168196263689 4657
stats: page 1254 1438.93534449761 5170.625409501648 108664.547 39.732 4967.926826442527 8804
stats: 504 0 47
stats: 200 27 929
stats: size_rcv 582055 87278201
stats: 502 1798 13322
stats: newphase 0 6
stats: size_sent 327878 2913868
stats: connected 10 375
stats: 500 64 971
# stats: dump at 1669956816
stats: users 388 418
stats: {load,"tsung_controller@Maomao-no1-2"} 1 5.12109375 0.0 11.16796875 4.15625 6.238782051282051 39
stats: {cpu,"tsung_controller@Maomao-no1-2"} 1 27.333466294375746 0.0 39.17906721262359 11.182093199628348 30.156695890982185 39
stats: {freemem,"tsung_controller@Maomao-no1-2"} 1 102.46875 0.0 627.125 60.390625 142.93549679487182 39
stats: session 588 6822.814806122444 9173.851363553296 125881.236 195.922 12044.072092113305 4907
stats: users_count 599 5883
stats: finish_users_count 588 5495
stats: request 1660 1190.470854216864 4769.143028185096 60798.419 38.767 3002.2356311894164 15268
stats: connect 569 60.95150790861154 43.464356031674754 1077.725 37.085 65.36403048665025 5281
stats: page 1110 1916.246517117116 6222.169587160967 108664.547 39.732 4527.943199642077 10058
stats: 504 0 47
stats: 200 65 994
stats: size_rcv 5278063 92556264
stats: 502 1564 14886
stats: newphase 0 6
stats: size_sent 298696 3212564
stats: connected 5 380
stats: 500 31 1002
# stats: dump at 1669956826
stats: users 388 428
stats: {load,"tsung_controller@Maomao-no1-2"} 1 4.4921875 0.0 11.16796875 4.15625 6.21083984375 40
stats: {cpu,"tsung_controller@Maomao-no1-2"} 1 26.316314319904265 0.0 39.17906721262359 11.182093199628348 30.086115151067027 40
stats: {freemem,"tsung_controller@Maomao-no1-2"} 1 76.34375 0.0 627.125 60.390625 141.92382812500003 40
stats: session 612 7205.285936274507 9442.159575503749 125881.236 195.922 11485.36430609645 5495
stats: users_count 612 6495
stats: finish_users_count 612 6107
stats: request 1856 1456.079273706899 5103.537833767706 60798.419 38.767 2824.56966180293 16928
stats: connect 621 70.31378743961358 58.794655223252775 1077.725 37.085 64.93484666666664 5850
stats: page 1236 2146.7978624595407 6473.472062168063 108664.547 39.732 4268.363747851004 11168
stats: 504 0 47
stats: 200 63 1057
stats: size_rcv 6388470 98944734
stats: 502 1749 16635
stats: newphase 0 6
stats: size_sent 335984 3548548
stats: connected 4 384
stats: 500 46 1048
# stats: dump at 1669956836
stats: users 394 428
stats: {load,"tsung_controller@Maomao-no1-2"} 1 4.50390625 0.0 11.16796875 4.15625 6.168921493902439 41
stats: {cpu,"tsung_controller@Maomao-no1-2"} 1 26.318417898521773 0.0 39.17906721262359 11.182093199628348 29.994168789331347 41
stats: {freemem,"tsung_controller@Maomao-no1-2"} 1 64.578125 0.0 627.125 60.390625 140.32431402439028 41
stats: session 594 6174.765787878786 8276.17502493909 125881.236 195.922 11056.445366792204 6107
stats: users_count 600 7095
stats: finish_users_count 594 6701
stats: connect 603 65.75180431177452 35.95022270485775 1077.725 37.085 65.4510454334724 6471
stats: 504 0 47
stats: request 1822 1013.8593194291988 4218.335310038311 80914.879 38.767 2689.3525536094553 18784
stats: page 1212 1591.4029777227736 5851.7333565993085 108664.547 39.732 4056.959730248307 12404
stats: 200 37 1094
stats: size_rcv 2692111 101636845
stats: 502 1712 18347
stats: newphase 0 6
stats: size_sent 320927 3869475
stats: connected -1 383
stats: 500 71 1119
# stats: dump at 1669956846
stats: users 215 428
stats: {load,"tsung_controller@Maomao-no1-2"} 1 5.23828125 0.0 11.16796875 4.15625 6.129278273809524 42
stats: {cpu,"tsung_controller@Maomao-no1-2"} 1 26.99411001297794 0.0 39.17906721262359 11.182093199628348 29.90665091097874 42
stats: {freemem,"tsung_controller@Maomao-no1-2"} 1 70.578125 0.0 627.125 60.390625 138.52083333333334 42
stats: session 375 7959.910450666673 9462.165328574547 125881.236 195.922 10623.716271153557 6701
stats: users_count 196 7291
stats: finish_users_count 375 7076
stats: connect 217 78.15355299539179 97.76248612482756 1077.725 37.085 65.47668264065592 7074
stats: request 895 1733.400221229054 5039.2450354760795 80914.879 38.767 2541.204020528002 20606
stats: page 648 2317.17092592593 5791.667055427949 108664.547 39.732 3837.49330956228 13616
stats: 504 0 47
stats: 200 30 1124
stats: size_rcv 271281 101908126
stats: 502 833 19180
stats: newphase 0 6
stats: size_sent 153982 4023457
stats: connected -165 218
stats: 500 33 1152
# stats: dump at 1669956856
stats: users 173 428
stats: {load,"tsung_controller@Maomao-no1-2"} 1 4.98046875 0.0 11.16796875 4.15625 6.108557412790698 43
stats: {cpu,"tsung_controller@Maomao-no1-2"} 1 25.20933014354067 0.0 39.17906721262359 11.182093199628348 29.838917401722906 43
stats: {freemem,"tsung_controller@Maomao-no1-2"} 1 69.0 0.0 627.125 60.390625 136.94077034883722 43
stats: session 42 18578.65690476191 7295.514746852332 125881.236 195.922 10482.545103448274 7076
stats: users_count 0 7291
stats: finish_users_count 42 7118
stats: request 97 15473.254340206184 5266.246995981905 80914.879 38.767 2507.578403097531 21501
stats: connect 0 0 0 1077.725 37.085 65.85398079824441 7291
stats: page 65 14071.058153846152 6239.030034265991 108664.547 39.732 3768.4265046971404 14264
stats: 504 0 47
stats: 200 38 1162
stats: size_rcv 16570 101924696
stats: 502 6 19186
stats: newphase 0 6
stats: size_sent 10927 4034384
stats: connected -45 173
stats: 500 52 1204
# stats: dump at 1669956866
stats: users 81 428
stats: {load,"tsung_controller@Maomao-no1-2"} 1 4.29296875 0.0 11.16796875 4.15625 6.082919034090909 44
stats: {cpu,"tsung_controller@Maomao-no1-2"} 1 24.98002397123452 0.0 39.17906721262359 11.182093199628348 29.73369950949149 44
stats: {freemem,"tsung_controller@Maomao-no1-2"} 1 65.875 0.0 627.125 60.390625 135.3966619318182 44
stats: session 92 28613.064260869574 7481.189160717357 125881.236 195.922 10530.316485248663 7118
stats: users_count 0 7291
stats: finish_users_count 92 7210
stats: request 133 18388.518360902242 8540.484774897588 80914.879 38.767 2565.809284007779 21598
stats: connect 0 0 0 1077.725 37.085 65.85398079824441 7291
stats: page 111 17846.789639639646 9945.552524103636 108664.547 39.732 3815.161870542258 14329
stats: 504 0 47
stats: 200 97 1259
stats: size_rcv 6379670 108304366
stats: 502 0 19186
stats: newphase 0 6
stats: size_sent 7408 4041792
stats: connected -92 81
stats: 500 36 1240
# stats: dump at 1669956876
stats: users 32 428
stats: {load,"tsung_controller@Maomao-no1-2"} 1 4.11328125 0.0 11.16796875 4.11328125 6.043142361111111 45
stats: {cpu,"tsung_controller@Maomao-no1-2"} 1 24.6305910543131 0.0 39.17906721262359 11.182093199628348 29.628062275308004 45
stats: {freemem,"tsung_controller@Maomao-no1-2"} 1 63.71875 0.0 627.125 60.390625 133.8517361111111 45
stats: session 49 44611.050510204084 6848.525855096542 125881.236 195.922 10761.053350069345 7210
stats: users_count 0 7291
stats: finish_users_count 49 7259
stats: request 87 12138.014 9879.3032708964 80914.879 38.767 2662.648836132714 21731
stats: connect 0 0 0 1077.725 37.085 65.85398079824441 7291
stats: page 87 20537.665183908037 18153.731410543496 108664.547 39.732 3923.0227211218844 14440
stats: 504 0 47
stats: 200 49 1308
stats: size_rcv 13699 108318065
stats: 502 32 19218
stats: newphase 0 6
stats: size_sent 7071 4048863
stats: connected -49 32
stats: 500 7 1247
# stats: dump at 1669956886
stats: users 12 428
stats: {load,"tsung_controller@Maomao-no1-2"} 1 4.671875 0.0 11.16796875 4.11328125 6.001188858695652 46
stats: {cpu,"tsung_controller@Maomao-no1-2"} 1 24.07592407592408 0.0 39.17906721262359 11.182093199628348 29.51942159659072 46
stats: {freemem,"tsung_controller@Maomao-no1-2"} 1 85.796875 0.0 627.125 60.390625 132.32710597826087 46
stats: session 20 51872.62485000001 7808.479844621955 125881.236 195.922 10989.548991458876 7259
stats: users_count 0 7291
stats: finish_users_count 20 7279
stats: connect 0 0 0 1077.725 37.085 65.85398079824441 7291
stats: request 33 14325.19006060606 19471.30329299157 80914.879 38.767 2700.432169584747 21818
stats: page 33 21459.862878787877 24441.078762288584 108664.547 39.732 4022.5252952433407 14527
stats: 504 0 47
stats: 200 22 1330
stats: size_rcv 6369703 114687768
stats: 502 0 19218
stats: newphase 0 6
stats: size_sent 5721 4054584
stats: connected -20 12
stats: 500 9 1256
# stats: dump at 1669956896
stats: users 11 428
stats: {load,"tsung_controller@Maomao-no1-2"} 1 5.3046875 0.0 11.16796875 4.11328125 5.972905585106383 47
stats: {cpu,"tsung_controller@Maomao-no1-2"} 1 24.5136186770428 0.0 39.17906721262359 11.182093199628348 29.403602500406326 47
stats: {freemem,"tsung_controller@Maomao-no1-2"} 1 68.8125 0.0 627.125 60.390625 131.33710106382978 47
stats: session 1 50533.195 0.0 125881.236 195.922 11101.88056408847 7279
stats: users_count 0 7291
stats: finish_users_count 1 7280
stats: connect 0 0 0 1077.725 37.085 65.85398079824441 7291
stats: request 6 33383.09216666666 17111.274149707013 80914.879 38.767 2717.988208686102 21851
stats: page 6 50723.99516666667 22642.182940325954 108664.547 39.732 4062.046733447803 14560
stats: 504 0 47
stats: 200 2 1332
stats: size_rcv 1592961 116280729
stats: 502 4 19222
stats: newphase 0 6
stats: size_sent 1545 4056129
stats: connected -1 11
stats: 500 0 1256
# stats: dump at 1669956906
stats: users 5 428
stats: {load,"tsung_controller@Maomao-no1-2"} 1 5.2109375 0.0 11.16796875 4.11328125 5.958984375 48
stats: {cpu,"tsung_controller@Maomao-no1-2"} 1 25.219736316420295 0.0 39.17906721262359 11.182093199628348 29.301727837419588 48
stats: {freemem,"tsung_controller@Maomao-no1-2"} 1 67.578125 0.0 627.125 60.390625 130.03450520833334 48
stats: session 6 64461.94083333335 2398.2056270840962 125881.236 195.922 11107.296953434061 7280
stats: users_count 0 7291
stats: finish_users_count 6 7286
stats: page 7 11869.997714285713 23551.029354292106 108664.547 39.732 4081.267637649321 14566
stats: request 7 7831.7078571428565 13675.208540740276 80914.879 38.767 2726.4061353799707 21857
stats: connect 0 0 0 1077.725 37.085 65.85398079824441 7291
stats: 504 0 47
stats: 200 8 1340
stats: size_rcv 2640491 118921220
stats: 502 0 19222
stats: newphase 0 6
stats: size_sent 171 4056300
stats: connected -6 5
stats: 500 0 1256
# stats: dump at 1669956916
stats: users 0 428
stats: {load,"tsung_controller@Maomao-no1-2"} 1 5.12890625 0.0 11.16796875 4.11328125 5.943718112244898 49
stats: {cpu,"tsung_controller@Maomao-no1-2"} 1 27.49151188336329 0.0 39.17906721262359 11.182093199628348 29.218421888011438 49
stats: {freemem,"tsung_controller@Maomao-no1-2"} 1 72.984375 0.0 627.125 60.390625 128.75988520408163 49
stats: session 5 76128.0604 3653.6150963931877 125881.236 195.922 11151.234348888274 7286
stats: users_count 0 7291
stats: finish_users_count 5 7291
stats: request 9 20307.58522222222 22689.168846143937 80914.879 38.767 2728.040653860228 21864
stats: page 9 33163.520888888896 37084.92980607241 108664.547 39.732 4085.008879022851 14573
stats: 504 0 47
stats: connect 0 0 0 1077.725 37.085 65.85398079824441 7291
stats: 200 8 1348
stats: size_rcv 5318267 124239487
stats: 502 0 19222
stats: newphase 0 6
stats: size_sent 3466 4059766
stats: connected -5 0
stats: 500 0 1256
# stats: dump at 1669956920
stats: users 0 428
stats: {load,"tsung_controller@Maomao-no1-2"} 1 5.5 0.0 11.16796875 4.11328125 5.927421875 50
stats: {cpu,"tsung_controller@Maomao-no1-2"} 1 26.46823811426288 0.0 39.17906721262359 11.182093199628348 29.183883687918474 50
stats: {freemem,"tsung_controller@Maomao-no1-2"} 1 127.140625 0.0 627.125 60.390625 127.644375 50
stats: session 0 0 0 125881.236 195.922 11195.793960773552 7291
stats: users_count 0 7291
stats: finish_users_count 0 7291
stats: request 0 0 0 80914.879 38.767 2735.274042106708 21873
stats: page 0 0 0 108664.547 39.732 4102.9561158963115 14582
stats: connect 0 0 0 1077.725 37.085 65.85398079824441 7291
stats: 504 0 47
stats: 200 0 1348
stats: size_rcv 0 124239487
stats: 502 0 19222
stats: newphase 0 6
stats: size_sent 0 4059766
stats: connected 0 0
stats: 500 0 1256
EndMonitor:{1669,956920,119085}
