# stats: dump at 1669964276
stats: users 8 8
stats: {load,"tsung_controller@ip-172-31-61-57"} 1 0.0 0 0.0 0.0 0 0
stats: {freemem,"tsung_controller@ip-172-31-61-57"} 1 690.32421875 0 690.32421875 690.32421875 0 0
stats: {cpu,"tsung_controller@ip-172-31-61-57"} 1 2.8761227265254883 0 2.8761227265254883 2.8761227265254883 0 0
stats: users_count 8 8
stats: finish_users_count 0 0
stats: connect 8 2.1195 2.3384916078532334 8.304 1.13 0 0
stats: size_sent 872 872
stats: connected 8 8
# stats: dump at 1669964286
stats: users 13 13
stats: {load,"tsung_controller@ip-172-31-61-57"} 1 0.0 0.0 0.0 0.0 0.0 1
stats: {freemem,"tsung_controller@ip-172-31-61-57"} 1 690.63671875 0.0 690.63671875 690.32421875 690.32421875 1
stats: {cpu,"tsung_controller@ip-172-31-61-57"} 1 0.24987506246876562 0.0 2.8761227265254883 0.24987506246876562 2.8761227265254883 1
stats: users_count 5 13
stats: finish_users_count 0 0
stats: request 5 5968.5162 3600.2432361813226 10985.404 206.963 0 0
stats: connect 5 1.7886 0.699534302232564 8.304 1.13 2.1195 8
stats: page 5 5968.5162 3600.2432361813226 10985.404 206.963 0 0
stats: 200 3 3
stats: size_rcv 1421719 1421719
stats: size_sent 2451 3323
stats: connected 5 13
stats: 500 2 2
# stats: dump at 1669964296
stats: users 24 24
stats: {load,"tsung_controller@ip-172-31-61-57"} 1 0.0 0.0 0.0 0.0 0.0 2
stats: {freemem,"tsung_controller@ip-172-31-61-57"} 1 689.1953125 0.0 690.63671875 689.1953125 690.48046875 2
stats: {cpu,"tsung_controller@ip-172-31-61-57"} 1 0.19960079840319359 0.0 2.8761227265254883 0.19960079840319359 1.562998894497127 2
stats: session 1 24858.322 0 24858.322 24858.322 0 0
stats: users_count 12 25
stats: finish_users_count 1 1
stats: request 10 9934.648599999999 7021.465786054891 22925.769 206.963 5968.5162 5
stats: connect 12 1.2516666666666667 0.0886522544677925 8.304 1.13 1.9922307692307692 13
stats: page 10 9934.648599999999 7021.465786054891 22925.769 206.963 5968.5162 5
stats: 200 6 9
stats: size_rcv 2843790 4265509
stats: size_sent 5548 8871
stats: connected 11 24
stats: 500 4 6
# stats: dump at 1669964306
stats: users 38 38
stats: {load,"tsung_controller@ip-172-31-61-57"} 1 0.0 0.0 0.0 0.0 0.0 3
stats: {freemem,"tsung_controller@ip-172-31-61-57"} 1 687.71875 0.0 690.63671875 687.71875 690.0520833333334 3
stats: {cpu,"tsung_controller@ip-172-31-61-57"} 1 0.15 0.0 2.8761227265254883 0.15 1.1085328624658157 3
stats: session 0 0 0 24858.322 24858.322 24858.322 1
stats: users_count 14 39
stats: finish_users_count 0 1
stats: request 27 6875.805 5575.3783241169285 27585.588 206.963 8612.604466666666 15
stats: connect 14 1.2572857142857143 0.15441059760606213 8.304 1.083 1.6367599999999998 25
stats: page 27 6875.805 5575.3783241169285 27585.588 206.963 8612.604466666666 15
stats: 200 2 11
stats: size_rcv 1427275 5692784
stats: size_sent 7387 16258
stats: connected 14 38
stats: 500 25 31
# stats: dump at 1669964316
stats: users 51 51
stats: {load,"tsung_controller@ip-172-31-61-57"} 1 0.0 0.0 0.0 0.0 0.0 4
stats: {freemem,"tsung_controller@ip-172-31-61-57"} 1 684.61328125 0.0 690.63671875 684.61328125 689.46875 4
stats: {cpu,"tsung_controller@ip-172-31-61-57"} 1 0.1500750375187594 0.0 2.8761227265254883 0.15 0.8688996468493618 4
stats: session 2 33441.5275 10709.4625 44150.99 22732.065 24858.322 1
stats: users_count 15 54
stats: finish_users_count 2 3
stats: request 42 7926.079380952379 8225.717825333873 35751.332 206.963 7496.090523809525 42
stats: connect 13 1.3235384615384613 0.26338144768044797 8.304 1.083 1.5005384615384616 39
stats: page 42 7926.079380952379 8225.717825333873 35751.332 206.963 7496.090523809525 42
stats: 200 5 16
stats: size_rcv 2852085 8544869
stats: size_sent 10775 27033
stats: connected 11 49
stats: 500 37 68
# stats: dump at 1669964326
stats: users 47 55
stats: {load,"tsung_controller@ip-172-31-61-57"} 1 0.0 0.0 0.0 0.0 0.0 5
stats: {freemem,"tsung_controller@ip-172-31-61-57"} 1 683.96875 0.0 690.63671875 683.96875 688.49765625 5
stats: {cpu,"tsung_controller@ip-172-31-61-57"} 1 0.35000000000000003 0.0 2.8761227265254883 0.15 0.7251347249832414 5
stats: session 10 32476.7069 10378.360572641323 48812.891 21473.699 30580.459 3
stats: users_count 6 60
stats: finish_users_count 10 13
stats: request 46 8206.297695652174 8649.147450999219 38999.497 206.963 7711.084952380952 84
stats: connect 8 1.78725 0.9106373798060347 8.304 1.052 1.4562884615384617 52
stats: page 46 8206.297695652174 8649.147450999219 38999.497 206.963 7711.084952380952 84
stats: 200 5 21
stats: size_rcv 2853015 11397884
stats: size_sent 8449 35482
stats: connected 0 49
stats: 500 41 109
# stats: dump at 1669964336
stats: users 53 55
stats: {load,"tsung_controller@ip-172-31-61-57"} 1 0.0 0.0 0.0 0.0 0.0 6
stats: {freemem,"tsung_controller@ip-172-31-61-57"} 1 682.4765625 0.0 690.63671875 682.4765625 687.7428385416666 6
stats: {cpu,"tsung_controller@ip-172-31-61-57"} 1 0.25 0.0 2.8761227265254883 0.15 0.6626122708193678 6
stats: session 12 40271.05608333332 12916.349691422318 62783.447 21473.699 32039.11123076923 13
stats: users_count 18 78
stats: finish_users_count 12 25
stats: request 50 5872.901039999998 4242.497254640954 38999.497 206.963 7886.314076923077 130
stats: connect 17 1.4395882352941176 0.396786808785647 8.304 1.052 1.5004166666666667 60
stats: page 50 5872.901039999998 4242.497254640954 38999.497 206.963 7886.314076923077 130
stats: 200 2 23
stats: size_rcv 722877 12120761
stats: newphase 1 1
stats: size_sent 11813 47295
stats: connected 3 52
stats: 500 48 157
# stats: dump at 1669964346
stats: users 59 62
stats: {load,"tsung_controller@ip-172-31-61-57"} 1 0.0 0.0 0.0 0.0 0.0 7
stats: {freemem,"tsung_controller@ip-172-31-61-57"} 1 683.07421875 0.0 690.63671875 682.4765625 686.9905133928571 7
stats: {cpu,"tsung_controller@ip-172-31-61-57"} 1 0.15022533800701052 0.0 2.8761227265254883 0.15 0.6036676607023151 7
stats: session 16 36593.8985 12226.108610167492 67631.544 21473.699 35990.44475999999 25
stats: users_count 22 100
stats: finish_users_count 16 41
stats: request 57 7167.264561403509 7193.685903999293 40455.521 206.963 7327.032677777776 180
stats: connect 23 1.5342608695652176 1.126013368419804 8.304 1.02 1.486987012987013 77
stats: page 57 7167.264561403509 7193.685903999293 40455.521 206.963 7327.032677777776 180
stats: 200 3 26
stats: size_rcv 2145908 14266669
stats: newphase 0 1
stats: size_sent 10715 58010
stats: connected 8 60
stats: 500 54 211
# stats: dump at 1669964356
stats: users 65 65
stats: {load,"tsung_controller@ip-172-31-61-57"} 1 0.0 0.0 0.0 0.0 0.0 8
stats: {freemem,"tsung_controller@ip-172-31-61-57"} 1 685.22265625 0.0 690.63671875 682.4765625 686.5009765625 8
stats: {cpu,"tsung_controller@ip-172-31-61-57"} 1 0.4497751124437781 0.0 2.8761227265254883 0.15 0.5469873703654021 8
stats: session 11 45391.971181818175 17357.49075183084 75109.127 21473.699 36225.93890243902 41
stats: users_count 17 117
stats: finish_users_count 11 52
stats: request 61 7175.399065573772 6856.619709451124 40455.521 206.963 7288.607434599156 237
stats: connect 16 1.286 0.14649018738468456 8.304 1.02 1.49786 100
stats: page 61 7175.399065573772 6856.619709451124 40455.521 206.963 7288.607434599156 237
stats: 200 3 29
stats: size_rcv 2146336 16413005
stats: newphase 0 1
stats: size_sent 9448 67458
stats: connected 4 64
stats: 500 58 269
# stats: dump at 1669964366
stats: users 64 66
stats: {load,"tsung_controller@ip-172-31-61-57"} 1 0.0 0.0 0.0 0.0 0.0 9
stats: {freemem,"tsung_controller@ip-172-31-61-57"} 1 685.453125 0.0 690.63671875 682.4765625 686.3589409722222 9
stats: {cpu,"tsung_controller@ip-172-31-61-57"} 1 0.1002004008016032 0.0 2.8761227265254883 0.1002004008016032 0.5361860083741106 9
stats: session 18 35080.21483333334 14084.016567866514 75109.127 21473.699 38164.90726923076 52
stats: users_count 17 134
stats: finish_users_count 18 70
stats: request 76 6722.969039473685 6503.108080780574 40455.521 206.963 7265.4339093959725 298
stats: connect 18 1.3292777777777778 0.42326926097219797 8.304 1.02 1.4686379310344828 116
stats: page 76 6722.969039473685 6503.108080780574 40455.521 206.963 7265.4339093959725 298
stats: 200 5 34
stats: size_rcv 2150075 18563080
stats: newphase 0 1
stats: size_sent 12337 79795
stats: connected 2 66
stats: 500 71 340
# stats: dump at 1669964376
stats: users 66 67
stats: {load,"tsung_controller@ip-172-31-61-57"} 1 0.0 0.0 0.0 0.0 0.0 10
stats: {freemem,"tsung_controller@ip-172-31-61-57"} 1 684.4453125 0.0 690.63671875 682.4765625 686.268359375 10
stats: {cpu,"tsung_controller@ip-172-31-61-57"} 1 0.3 0.0 2.8761227265254883 0.1002004008016032 0.4925874476168599 10
stats: session 14 33069.82628571429 7450.528466907167 75109.127 21473.699 37371.70064285714 70
stats: users_count 16 150
stats: finish_users_count 14 84
stats: request 65 6765.380369230768 6891.35047218973 40455.521 206.963 7155.2004064171115 374
stats: connect 16 1.3994375000000001 0.6266585961221229 8.304 1.02 1.449917910447761 134
stats: page 65 6765.380369230768 6891.35047218973 40455.521 206.963 7155.2004064171115 374
stats: 200 8 42
stats: size_rcv 2147244 20710324
stats: newphase 0 1
stats: size_sent 11037 90832
stats: connected 0 66
stats: 500 57 397
# stats: dump at 1669964386
stats: users 67 72
stats: {load,"tsung_controller@ip-172-31-61-57"} 1 0.0 0.0 0.0 0.0 0.0 11
stats: {freemem,"tsung_controller@ip-172-31-61-57"} 1 684.1796875 0.0 690.63671875 682.4765625 686.1026278409091 11
stats: {cpu,"tsung_controller@ip-172-31-61-57"} 1 0.15030060120240482 0.0 2.8761227265254883 0.1002004008016032 0.475079497833509 11
stats: session 21 35439.46442857143 14853.253682452907 77051.573 21473.699 36654.72158333333 84
stats: users_count 22 172
stats: finish_users_count 21 105
stats: request 74 7694.5666756756755 7379.279869716309 41732.445 206.963 7097.482177676537 439
stats: connect 22 1.2599545454545453 0.11833676031975529 8.304 0.991 1.4445333333333332 150
stats: page 74 7694.5666756756755 7379.279869716309 41732.445 206.963 7097.482177676537 439
stats: 200 4 46
stats: size_rcv 2860146 23570470
stats: newphase 0 1
stats: size_sent 14074 104906
stats: connected 2 68
stats: 500 70 467
# stats: dump at 1669964396
stats: users 80 81
stats: {load,"tsung_controller@ip-172-31-61-57"} 1 0.0 0.0 0.0 0.0 0.0 12
stats: {freemem,"tsung_controller@ip-172-31-61-57"} 1 682.41796875 0.0 690.63671875 682.41796875 685.9423828125 12
stats: {cpu,"tsung_controller@ip-172-31-61-57"} 1 0.3 0.0 2.8761227265254883 0.1002004008016032 0.44801458978091696 12
stats: session 14 40860.909071428585 13580.397884830822 77051.573 21473.699 36411.67015238095 105
stats: users_count 27 199
stats: finish_users_count 14 119
stats: request 78 6708.03596153846 6197.146932993622 41732.445 206.963 7183.6113255360615 513
stats: connect 26 1.442 0.5113537086837401 8.304 0.991 1.420924418604651 172
stats: page 78 6708.03596153846 6197.146932993622 41732.445 206.963 7183.6113255360615 513
stats: 200 5 51
stats: size_rcv 2201262 25771732
stats: newphase 1 2
stats: size_sent 12292 117198
stats: connected 13 81
stats: 500 73 540
# stats: dump at 1669964406
stats: users 89 91
stats: {load,"tsung_controller@ip-172-31-61-57"} 1 0.0 0.0 0.0 0.0 0.0 13
stats: {freemem,"tsung_controller@ip-172-31-61-57"} 1 681.953125 0.0 690.63671875 681.953125 685.6712740384615 13
stats: {cpu,"tsung_controller@ip-172-31-61-57"} 1 0.25012506253126565 0.0 2.8761227265254883 0.1002004008016032 0.4366288521054618 13
stats: session 22 40025.29972727273 14432.38314671386 77051.573 21473.699 36935.11002521009 119
stats: users_count 31 230
stats: finish_users_count 22 141
stats: request 86 6013.908662790699 3544.7957777860984 41732.445 206.963 7120.845033840946 591
stats: connect 31 1.5596451612903224 1.1255962878056005 8.304 0.991 1.423691919191919 198
stats: page 86 6013.908662790699 3544.7957777860984 41732.445 206.963 7120.845033840946 591
stats: 200 4 55
stats: size_rcv 732109 26503841
stats: newphase 0 2
stats: size_sent 14880 132078
stats: connected 8 89
stats: 500 82 622
# stats: dump at 1669964416
stats: users 111 111
stats: {load,"tsung_controller@ip-172-31-61-57"} 1 0.0 0.0 0.0 0.0 0.0 14
stats: {freemem,"tsung_controller@ip-172-31-61-57"} 1 681.4609375 0.0 690.63671875 681.4609375 685.4056919642857 14
stats: {cpu,"tsung_controller@ip-172-31-61-57"} 1 0.3494757863205192 0.0 2.8761227265254883 0.1002004008016032 0.42330715285016207 14
stats: session 15 36205.70333333334 12353.773569336501 77051.573 21473.699 37417.26728368795 141
stats: users_count 37 267
stats: finish_users_count 15 156
stats: request 94 7798.621617021273 5831.792161802793 42982.467 206.963 6980.229778434268 677
stats: connect 38 1.3604736842105263 0.33971921353423823 8.304 0.991 1.4420960698689955 229
stats: page 94 7798.621617021273 5831.792161802793 42982.467 206.963 6980.229778434268 677
stats: 200 5 60
stats: size_rcv 2155315 28659156
stats: newphase 0 2
stats: size_sent 16685 148763
stats: connected 22 111
stats: 500 89 711
# stats: dump at 1669964426
stats: users 136 137
stats: {load,"tsung_controller@ip-172-31-61-57"} 1 0.0 0.0 0.0 0.0 0.0 15
stats: {freemem,"tsung_controller@ip-172-31-61-57"} 1 680.79296875 0.0 690.63671875 680.79296875 685.1427083333333 15
stats: {cpu,"tsung_controller@ip-172-31-61-57"} 1 0.2502502502502503 0.0 2.8761227265254883 0.1002004008016032 0.41838506174818585 15
stats: session 16 35798.563187499996 10438.281624777544 77051.573 21473.699 37300.77075 156
stats: users_count 41 308
stats: finish_users_count 16 172
stats: request 94 9636.460351063824 6006.1322207213425 42982.467 206.963 7080.0077717250315 771
stats: connect 41 1.2630731707317078 0.16828668776879047 8.304 0.973 1.4304794007490633 267
stats: page 94 9636.460351063824 6006.1322207213425 42982.467 206.963 7080.0077717250315 771
stats: 200 7 67
stats: size_rcv 2865055 31524211
stats: newphase 0 2
stats: size_sent 14608 163371
stats: connected 25 136
stats: 500 87 798
# stats: dump at 1669964436
stats: users 160 160
stats: {load,"tsung_controller@ip-172-31-61-57"} 1 0.0 0.0 0.0 0.0 0.0 16
stats: {freemem,"tsung_controller@ip-172-31-61-57"} 1 678.140625 0.0 690.63671875 678.140625 684.870849609375 16
stats: {cpu,"tsung_controller@ip-172-31-61-57"} 1 0.40040040040040037 0.0 2.8761227265254883 0.1002004008016032 0.40787663602956487 16
stats: session 18 42393.00600000001 11910.940844293757 77051.573 21473.699 37161.03051162791 172
stats: users_count 42 350
stats: finish_users_count 18 190
stats: connect 42 1.6671904761904766 1.1865912008794501 8.304 0.973 1.408194805194805 308
stats: request 92 9429.132543478272 4321.755387636414 42982.467 206.963 7357.818803468207 865
stats: page 92 9429.132543478272 4321.755387636414 42982.467 206.963 7357.818803468207 865
stats: 200 3 70
stats: size_rcv 1443684 32967895
stats: newphase 0 2
stats: size_sent 18597 181968
stats: connected 24 160
stats: 500 89 887
# stats: dump at 1669964446
stats: users 194 194
stats: {load,"tsung_controller@ip-172-31-61-57"} 1 0.0 0.0 0.0 0.0 0.0 17
stats: {freemem,"tsung_controller@ip-172-31-61-57"} 1 677.49609375 0.0 690.63671875 677.49609375 684.4749540441177 17
stats: {cpu,"tsung_controller@ip-172-31-61-57"} 1 0.15037593984962408 0.0 2.8761227265254883 0.1002004008016032 0.4074368574631434 17
stats: session 14 42220.94414285715 8669.530114408233 77051.573 21473.699 37656.691347368425 190
stats: users_count 48 398
stats: finish_users_count 14 204
stats: request 89 13646.274157303378 5708.867004196569 45349.442 206.963 7556.941963427377 957
stats: connect 48 1.4647916666666667 0.9430827764644464 8.304 0.973 1.4392742857142857 350
stats: page 89 13646.274157303378 5708.867004196569 45349.442 206.963 7556.941963427377 957
stats: 200 5 75
stats: size_rcv 2864490 35832385
stats: newphase 0 2
stats: size_sent 18551 200519
stats: connected 34 194
stats: 500 84 971
# stats: dump at 1669964456
stats: users 241 245
stats: {load,"tsung_controller@ip-172-31-61-57"} 1 0.0 0.0 0.0 0.0 0.0 18
stats: {freemem,"tsung_controller@ip-172-31-61-57"} 1 675.88671875 0.0 690.63671875 675.88671875 684.0872395833334 18
stats: {cpu,"tsung_controller@ip-172-31-61-57"} 1 0.2502502502502503 0.0 2.8761227265254883 0.1002004008016032 0.3931556953735035 18
stats: session 25 45937.943159999995 15630.770912684062 82998.06 1148.05 37969.92438235295 204
stats: users_count 72 470
stats: finish_users_count 25 229
stats: request 171 9704.876070175438 8635.920129096161 45349.442 0.749 8075.059138623328 1046
stats: connect 70 1.5832142857142855 1.7501751821938702 15.479 0.973 1.44235175879397 398
stats: page 171 9704.876070175438 8635.920129096161 45349.442 0.749 8075.059138623328 1046
stats: 200 5 80
stats: size_rcv 2888074 38720459
stats: newphase 1 3
stats: 502 66 66
stats: size_sent 24889 225408
stats: connected 46 240
stats: 500 100 1071
# stats: dump at 1669964466
stats: users 272 272
stats: {load,"tsung_controller@ip-172-31-61-57"} 1 0.0 0.0 0.0 0.0 0.0 19
stats: {freemem,"tsung_controller@ip-172-31-61-57"} 1 670.96484375 0.0 690.63671875 670.96484375 683.6556332236842 19
stats: {cpu,"tsung_controller@ip-172-31-61-57"} 1 0.40040040040040037 0.0 2.8761227265254883 0.1002004008016032 0.3856343561564901 19
stats: session 42 41246.46609523809 21629.2076398256 92540.574 956.019 38839.7954279476 229
stats: users_count 73 543
stats: finish_users_count 42 271
stats: page 263 5916.763832699618 8353.24539664765 45349.442 0.715 8304.063818405917 1217
stats: 200 4 84
stats: request 263 5916.763832699618 8353.24539664765 45349.442 0.715 8304.063818405917 1217
stats: connect 73 1.3599863013698628 0.44979881326553905 15.479 0.973 1.4634209401709404 468
stats: size_rcv 1497494 40217953
stats: newphase 0 3
stats: 502 170 236
stats: size_sent 33817 259225
stats: connected 30 270
stats: 500 89 1160
# stats: dump at 1669964476
stats: users 293 298
stats: {load,"tsung_controller@ip-172-31-61-57"} 1 0.0 0.0 0.0 0.0 0.0 20
stats: {freemem,"tsung_controller@ip-172-31-61-57"} 1 666.53515625 0.0 690.63671875 666.53515625 683.02109375 20
stats: {cpu,"tsung_controller@ip-172-31-61-57"} 1 0.7007007007007007 0.0 2.8761227265254883 0.1002004008016032 0.3863726583686856 20
stats: session 71 37044.03669014087 20388.400445577012 92540.574 956.019 39212.78497785978 271
stats: users_count 92 635
stats: finish_users_count 71 342
stats: request 378 4731.169968253966 8654.465326743906 46639.728 0.68 7879.834158783785 1480
stats: connect 94 1.437946808510638 0.8080952962423202 15.479 0.973 1.449463955637708 541
stats: page 378 4731.169968253966 8654.465326743906 46639.728 0.68 7879.834158783785 1480
stats: 200 6 90
stats: size_rcv 2244477 42462430
stats: newphase 0 3
stats: 502 285 521
stats: size_sent 47015 306240
stats: connected 23 293
stats: 500 87 1247
# stats: dump at 1669964486
stats: users 272 299
stats: {load,"tsung_controller@ip-172-31-61-57"} 1 0.0 0.0 0.0 0.0 0.0 21
stats: {freemem,"tsung_controller@ip-172-31-61-57"} 1 664.0703125 0.0 690.63671875 664.0703125 682.2360491071429 21
stats: {cpu,"tsung_controller@ip-172-31-61-57"} 1 0.6506506506506506 0.0 2.8761227265254883 0.1002004008016032 0.40134066038449584 21
stats: session 103 27444.982553398066 19826.086936924632 100041.132 956.019 38762.54776023392 342
stats: users_count 82 717
stats: finish_users_count 103 445
stats: request 394 4767.789553299493 9073.136347409461 51107.334 0.68 7239.255545209904 1858
stats: connect 82 1.4190487804878043 0.5795895289001587 15.479 0.973 1.4477590551181103 635
stats: page 394 4767.789553299493 9073.136347409461 51107.334 0.68 7239.255545209904 1858
stats: 200 6 96
stats: size_rcv 2248951 44711381
stats: newphase 0 3
stats: 502 304 825
stats: size_sent 53440 359680
stats: connected -21 272
stats: 500 84 1331
# stats: dump at 1669964496
stats: users 252 299
stats: {load,"tsung_controller@ip-172-31-61-57"} 1 0.0703125 0.0 0.0703125 0.0 0.0 22
stats: {freemem,"tsung_controller@ip-172-31-61-57"} 1 662.75390625 0.0 690.63671875 662.75390625 681.4103338068181 22
stats: {cpu,"tsung_controller@ip-172-31-61-57"} 1 0.5502751375687844 0.0 2.8761227265254883 0.1002004008016032 0.41267293266932104 22
stats: session 86 36059.16259302325 19388.603257828083 100041.132 626.807 36142.97648764046 445
stats: users_count 66 783
stats: finish_users_count 86 531
stats: request 291 7087.409065292097 9696.122212167289 51107.334 0.665 6806.858742007105 2252
stats: connect 66 1.2612121212121217 0.21905323243667282 15.479 0.973 1.444475592747559 717
stats: page 291 7087.409065292097 9696.122212167289 51107.334 0.665 6806.858742007105 2252
stats: 200 5 101
stats: size_rcv 1505697 46217078
stats: newphase 0 3
stats: 502 185 1010
stats: size_sent 35992 395672
stats: connected -20 252
stats: 500 101 1432
# stats: dump at 1669964506
stats: users 255 299
stats: {load,"tsung_controller@ip-172-31-61-57"} 1 0.05859375 0.0 0.0703125 0.0 0.0030570652173913045 23
stats: {freemem,"tsung_controller@ip-172-31-61-57"} 1 663.890625 0.0 690.63671875 662.75390625 680.5991847826086 23
stats: {cpu,"tsung_controller@ip-172-31-61-57"} 1 0.4511278195488722 0.0 2.8761227265254883 0.1002004008016032 0.41865563723016724 23
stats: session 69 36361.840594202884 20931.837580962358 100041.132 626.807 36129.40210922788 531
stats: users_count 72 855
stats: finish_users_count 69 600
stats: request 280 5908.124128571434 9084.807121649572 51107.334 0.665 6838.962613055447 2543
stats: connect 72 1.3088472222222223 0.4004564638468561 15.479 0.973 1.4290280970625797 783
stats: page 280 5908.124128571434 9084.807121649572 51107.334 0.665 6838.962613055447 2543
stats: 200 3 104
stats: size_rcv 1503259 47720337
stats: newphase 0 3
stats: 502 191 1201
stats: size_sent 32713 428385
stats: connected 3 255
stats: 500 86 1518
# stats: dump at 1669964516
stats: users 315 316
stats: {load,"tsung_controller@ip-172-31-61-57"} 1 0.05078125 0.0 0.0703125 0.0 0.00537109375 24
stats: {freemem,"tsung_controller@ip-172-31-61-57"} 1 663.58203125 0.0 690.63671875 662.75390625 679.9029947916666 24
stats: {cpu,"tsung_controller@ip-172-31-61-57"} 1 0.5497251374312844 0.0 2.8761227265254883 0.1002004008016032 0.42000864482677996 24
stats: session 97 32230.831371134012 21197.17020831669 100041.132 626.807 36156.132535000004 600
stats: users_count 157 1012
stats: finish_users_count 97 697
stats: request 437 4403.368892448507 9220.72488355891 53298.331 0.615 6746.637152320227 2823
stats: connect 151 1.339317880794702 0.6359891640842597 15.479 0.955 1.4189076023391811 855
stats: page 437 4403.368892448507 9220.72488355891 53298.331 0.615 6746.637152320227 2823
stats: 200 16 120
stats: size_rcv 3683138 51403475
stats: newphase 1 4
stats: 502 346 1547
stats: size_sent 53999 482384
stats: connected 60 315
stats: 500 75 1593
# stats: dump at 1669964526
stats: users 343 344
stats: {load,"tsung_controller@ip-172-31-61-57"} 1 0.0390625 0.0 0.0703125 0.0 0.0071875 25
stats: {freemem,"tsung_controller@ip-172-31-61-57"} 1 661.55078125 0.0 690.63671875 661.55078125 679.25015625 25
stats: {cpu,"tsung_controller@ip-172-31-61-57"} 1 0.9027081243731194 0.0 2.8761227265254883 0.1002004008016032 0.42519730453096016 25
stats: session 144 25993.000076388882 20159.299464359734 100041.132 626.807 35609.856763271164 697
stats: users_count 172 1184
stats: finish_users_count 144 841
stats: request 627 3331.520875598089 7828.51125073919 53299.059 0.615 6432.524198466257 3260
stats: connect 170 1.3916176470588235 0.7197226023923825 15.479 0.941 1.4069612326043737 1006
stats: page 627 3331.520875598089 7828.51125073919 53299.059 0.615 6432.524198466257 3260
stats: 200 7 127
stats: size_rcv 2422643 53826118
stats: newphase 0 4
stats: 502 523 2070
stats: size_sent 77071 559455
stats: connected 22 337
stats: 500 97 1690
# stats: dump at 1669964536
stats: users 336 351
stats: {load,"tsung_controller@ip-172-31-61-57"} 1 0.0390625 0.0 0.0703125 0.0 0.008413461538461538 26
stats: {freemem,"tsung_controller@ip-172-31-61-57"} 1 660.41015625 0.0 690.63671875 660.41015625 678.5694110576923 26
stats: {cpu,"tsung_controller@ip-172-31-61-57"} 1 0.8529854490717512 0.0 2.8761227265254883 0.1002004008016032 0.4435631052941202 26
stats: session 155 20156.870800000004 16527.807719865974 100041.132 626.807 33963.21304994055 841
stats: users_count 148 1332
stats: finish_users_count 155 996
stats: 200 5 132
stats: request 618 3213.100585760519 7270.762006779395 53299.059 0.615 5932.310901980962 3887
stats: connect 148 1.3515810810810813 0.609884548373524 15.479 0.941 1.4047431972789117 1176
stats: page 618 3213.100585760519 7270.762006779395 53299.059 0.615 5932.310901980962 3887
stats: size_rcv 1608361 55434479
stats: newphase 0 4
stats: 502 511 2581
stats: size_sent 71898 631353
stats: connected -2 335
stats: 500 102 1792
# stats: dump at 1669964546
stats: users 342 359
stats: {load,"tsung_controller@ip-172-31-61-57"} 1 0.03125 0.0 0.0703125 0.0 0.009548611111111112 27
stats: {freemem,"tsung_controller@ip-172-31-61-57"} 1 660.10546875 0.0 690.63671875 660.10546875 677.8968460648148 27
stats: {cpu,"tsung_controller@ip-172-31-61-57"} 1 0.8986520219670495 0.0 2.8761227265254883 0.1002004008016032 0.4587268958044028 27
stats: session 162 19570.48801851853 14537.483562834195 100041.132 626.807 31814.635691767067 996
stats: users_count 168 1500
stats: finish_users_count 162 1158
stats: request 688 2568.3328299418627 7168.671124198049 53299.059 0.613 5559.287156048835 4505
stats: connect 167 1.374185628742515 0.5931489964663479 15.479 0.941 1.3988006042296075 1324
stats: page 688 2568.3328299418627 7168.671124198049 53299.059 0.613 5559.287156048835 4505
stats: 200 5 137
stats: size_rcv 3052049 58486528
stats: newphase 0 4
stats: 502 602 3183
stats: size_sent 83750 715103
stats: connected 1 336
stats: 500 81 1873
# stats: dump at 1669964556
stats: users 334 359
stats: {load,"tsung_controller@ip-172-31-61-57"} 1 0.01953125 0.0 0.0703125 0.0 0.010323660714285714 28
stats: {freemem,"tsung_controller@ip-172-31-61-57"} 1 659.5 0.0 690.63671875 659.5 677.2614397321429 28
stats: {cpu,"tsung_controller@ip-172-31-61-57"} 1 1.35 0.0 2.8761227265254883 0.1002004008016032 0.4744385074530687 28
stats: session 153 21488.2275751634 16412.69505910278 100041.132 626.807 30101.72384110536 1158
stats: users_count 145 1645
stats: finish_users_count 153 1311
stats: request 615 3273.219673170729 7524.05174029182 55234.339 0.613 5163.027464856537 5193
stats: connect 148 1.3549662162162164 0.5166979672876568 15.479 0.941 1.3960435949027499 1491
stats: page 615 3273.219673170729 7524.05174029182 55234.339 0.613 5163.027464856537 5193
stats: 200 2 139
stats: size_rcv 897508 59384036
stats: newphase 0 4
stats: 502 514 3697
stats: size_sent 69157 784260
stats: connected -3 333
stats: 500 100 1973
# stats: dump at 1669964566
stats: users 321 359
stats: {load,"tsung_controller@ip-172-31-61-57"} 1 0.01953125 0.0 0.0703125 0.0 0.010641163793103448 29
stats: {freemem,"tsung_controller@ip-172-31-61-57"} 1 659.65625 0.0 690.63671875 659.5 676.6489762931035 29
stats: {cpu,"tsung_controller@ip-172-31-61-57"} 1 0.8517034068136272 0.0 2.8761227265254883 0.1002004008016032 0.5046302830581353 29
stats: session 167 22564.41108982036 17273.64395414025 100041.132 626.807 29096.48743478261 1311
stats: users_count 154 1799
stats: finish_users_count 167 1478
stats: connect 149 1.2855436241610732 0.3596857219389326 15.479 0.909 1.3923343502135448 1639
stats: page 615 2813.507066666667 7369.428137965009 55234.339 0.613 4962.918685261708 5808
stats: request 615 2813.507066666667 7369.428137965009 55234.339 0.613 4962.918685261708 5808
stats: 200 2 141
stats: size_rcv 2318515 61702551
stats: newphase 0 4
stats: 502 529 4226
stats: size_sent 71833 856093
stats: connected -11 322
stats: 500 83 2056
# stats: dump at 1669964576
stats: users 429 432
stats: {load,"tsung_controller@ip-172-31-61-57"} 1 0.01953125 0.0 0.0703125 0.0 0.0109375 30
stats: {freemem,"tsung_controller@ip-172-31-61-57"} 1 657.87890625 0.0 690.63671875 657.87890625 676.0825520833333 30
stats: {cpu,"tsung_controller@ip-172-31-61-57"} 1 1.356102461074837 0.0 2.8761227265254883 0.1002004008016032 0.5161993871833184 30
stats: session 164 18999.577707317087 16484.984926106317 100041.132 559.893 28358.42468132612 1478
stats: users_count 272 2071
stats: finish_users_count 164 1642
stats: request 799 2468.1603191489307 7085.060537571574 55234.339 0.613 4757.113275727853 6423
stats: connect 271 1.408981549815498 0.6865912455056341 15.479 0.909 1.3834351230425055 1788
stats: page 799 2468.1603191489307 7085.060537571574 55234.339 0.613 4757.113275727853 6423
stats: 200 7 148
stats: size_rcv 3086577 64789128
stats: newphase 1 5
stats: 502 703 4929
stats: size_sent 92955 949048
stats: connected 106 428
stats: 500 89 2145
# stats: dump at 1669964586
stats: users 487 500
stats: {load,"tsung_controller@ip-172-31-61-57"} 1 0.01171875 0.0 0.0703125 0.0 0.011214717741935484 31
stats: {freemem,"tsung_controller@ip-172-31-61-57"} 1 655.2734375 0.0 690.63671875 655.2734375 675.4953377016129 31
stats: {cpu,"tsung_controller@ip-172-31-61-57"} 1 1.9047619047619049 0.0 2.8761227265254883 0.1002004008016032 0.543293034728206 31
stats: session 276 15926.648717391312 15344.244691366357 100041.132 559.893 27423.67991656517 1642
stats: users_count 334 2405
stats: finish_users_count 276 1918
stats: request 1251 1710.5588521183022 5864.191643130314 55234.339 0.613 4503.876857518692 7222
stats: connect 335 1.419919402985075 0.9154217017372837 15.479 0.909 1.3867974745021854 2059
stats: page 1251 1710.5588521183022 5864.191643130314 55234.339 0.613 4503.876857518692 7222
stats: 200 5 153
stats: size_rcv 2516985 67306113
stats: newphase 0 5
stats: 502 1145 6074
stats: size_sent 142279 1091327
stats: connected 59 487
stats: 500 101 2246
# stats: dump at 1669964596
stats: users 475 500
stats: {load,"tsung_controller@ip-172-31-61-57"} 1 0.01171875 0.0 0.0703125 0.0 0.01123046875 32
stats: {freemem,"tsung_controller@ip-172-31-61-57"} 1 649.5078125 0.0 690.63671875 649.5078125 674.8634033203125 32
stats: {cpu,"tsung_controller@ip-172-31-61-57"} 1 2.3535302954431647 0.0 2.8761227265254883 0.1002004008016032 0.5858389369167591 32
stats: session 326 14798.864932515344 13104.980851166858 100041.132 559.893 25769.25832586028 1918
stats: users_count 314 2719
stats: finish_users_count 326 2244
stats: request 1314 1293.3512412480982 5188.236613596469 55234.339 0.613 4091.456129942168 8473
stats: connect 317 1.335198738170347 0.6665847332184575 15.479 0.909 1.3914323308270677 2394
stats: page 1314 1293.3512412480982 5188.236613596469 55234.339 0.613 4091.456129942168 8473
stats: 200 6 159
stats: size_rcv 2537969 69844082
stats: newphase 0 5
stats: 502 1230 7304
stats: size_sent 150794 1242121
stats: connected -5 482
stats: 500 78 2324
# stats: dump at 1669964606
stats: users 462 500
stats: {load,"tsung_controller@ip-172-31-61-57"} 1 0.01171875 0.0 0.0703125 0.0 0.011245265151515152 33
stats: {freemem,"tsung_controller@ip-172-31-61-57"} 1 639.421875 0.0 690.63671875 639.421875 674.0950520833334 33
stats: {cpu,"tsung_controller@ip-172-31-61-57"} 1 2.9265873015873014 0.0 2.9265873015873014 0.1002004008016032 0.6394053417205896 33
stats: session 317 15448.8869022082 13585.841808095769 100041.132 461.017 24175.520248217475 2244
stats: users_count 304 3023
stats: finish_users_count 317 2561
stats: request 1273 1596.483890809114 5858.589538610914 55234.339 0.613 3715.7833166445275 9787
stats: connect 300 1.3766266666666664 0.6269064528478091 15.479 0.909 1.3848568793803024 2711
stats: 200 8 167
stats: size_rcv 3234630 73078712
stats: newphase 0 5
stats: 502 1177 8481
stats: size_sent 144556 1386677
stats: connected -26 456
stats: 500 88 2412
stats: page 1273 1596.483890809114 5858.589538610914 55234.339 0.613 3715.7833166445275 9787
# stats: dump at 1669964616
stats: users 452 500
stats: {load,"tsung_controller@ip-172-31-61-57"} 1 0.01171875 0.0 0.0703125 0.0 0.011259191176470588 34
stats: {freemem,"tsung_controller@ip-172-31-61-57"} 1 636.61328125 0.0 690.63671875 636.61328125 673.0752527573529 34
stats: {cpu,"tsung_controller@ip-172-31-61-57"} 1 2.741774675972084 0.0 2.9265873015873014 0.1002004008016032 0.7066753993637281 34
stats: session 311 16368.935897106114 12351.723304955196 100041.132 461.017 23095.3395490043 2561
stats: users_count 301 3324
stats: finish_users_count 311 2872
stats: request 1222 1608.5999525368275 5744.002612695534 55580.903 0.613 3471.853102441229 11060
stats: connect 303 1.3494488448844868 0.6018176345081092 15.479 0.909 1.3840368648289605 3011
stats: page 1222 1608.5999525368275 5744.002612695534 55580.903 0.613 3471.853102441229 11060
stats: 200 3 170
stats: size_rcv 1849368 74928080
stats: newphase 0 5
stats: 502 1128 9609
stats: size_sent 140394 1527071
stats: connected -5 451
stats: 500 91 2503
# stats: dump at 1669964626
stats: users 496 503
stats: {load,"tsung_controller@ip-172-31-61-57"} 1 0.01171875 0.0 0.0703125 0.0 0.011272321428571428 35
stats: {freemem,"tsung_controller@ip-172-31-61-57"} 1 635.3359375 0.0 690.63671875 635.3359375 672.0334821428571 35
stats: {cpu,"tsung_controller@ip-172-31-61-57"} 1 2.5525525525525525 0.0 2.9265873015873014 0.1002004008016032 0.7648210929811098 35
stats: session 292 14654.923006849316 11097.399618732801 100041.132 461.017 22366.958095055717 2872
stats: users_count 336 3660
stats: finish_users_count 292 3164
stats: connect 336 1.3663482142857157 0.5222986746417471 15.479 0.909 1.380874471937236 3314
stats: page 1235 1527.412688259109 5544.411666816248 55580.903 0.613 3286.4683646800195 12282
stats: 200 6 176
stats: request 1235 1527.412688259109 5544.411666816248 55580.903 0.613 3286.4683646800195 12282
stats: size_rcv 2512750 77440830
stats: newphase 0 5
stats: 502 1140 10749
stats: size_sent 138644 1665715
stats: connected 39 490
stats: 500 89 2592
# stats: dump at 1669964636
stats: users 679 679
stats: {load,"tsung_controller@ip-172-31-61-57"} 1 0.0 0.0 0.0703125 0.0 0.011284722222222222 36
stats: {freemem,"tsung_controller@ip-172-31-61-57"} 1 632.1015625 0.0 690.63671875 632.1015625 671.0141059027778 36
stats: {cpu,"tsung_controller@ip-172-31-61-57"} 1 3.6999999999999997 0.0 3.6999999999999997 0.1002004008016032 0.8144803001914276 36
stats: session 360 14083.56600833333 11517.109330604402 100041.132 461.017 21655.227928887492 3164
stats: users_count 543 4203
stats: finish_users_count 360 3524
stats: request 1729 1057.8374499710826 4374.116783464056 55580.903 0.613 3125.749731819191 13517
stats: 200 2 178
stats: connect 533 1.4013808630394005 0.7062948133648739 15.479 0.799 1.3795372602739728 3650
stats: page 1729 1057.8374499710826 4374.116783464056 55580.903 0.613 3125.749731819191 13517
stats: size_rcv 1297836 78738666
stats: newphase 1 6
stats: 502 1630 12379
stats: size_sent 194802 1860517
stats: connected 178 668
stats: 500 97 2689
# stats: dump at 1669964646
stats: users 804 810
stats: {load,"tsung_controller@ip-172-31-61-57"} 1 0.0 0.0 0.0703125 0.0 0.01097972972972973 37
stats: {freemem,"tsung_controller@ip-172-31-61-57"} 1 622.29296875 0.0 690.63671875 622.29296875 669.9624155405405 37
stats: {cpu,"tsung_controller@ip-172-31-61-57"} 1 5.544455544455545 0.0 5.544455544455545 0.1002004008016032 0.8924673191051727 37
stats: session 540 11822.441851851858 10457.109644386204 100041.132 461.017 20881.73238649263 3524
stats: users_count 665 4868
stats: finish_users_count 540 4064
stats: connect 706 1.3730283286118978 0.7687032709337407 15.479 0.799 1.3823205833134118 4183
stats: page 2501 837.4132774890046 4267.77972064606 55580.903 0.613 2891.2344271284273 15246
stats: 200 5 183
stats: request 2501 837.4132774890046 4267.77972064606 55580.903 0.613 2891.2344271284273 15246
stats: size_rcv 3620217 82358883
stats: newphase 0 6
stats: 502 2398 14777
stats: size_sent 280566 2141083
stats: connected 105 773
stats: 500 98 2787
# stats: dump at 1669964656
stats: users 704 810
stats: {load,"tsung_controller@ip-172-31-61-57"} 1 0.078125 0.0 0.078125 0.0 0.01069078947368421 38
stats: {freemem,"tsung_controller@ip-172-31-61-57"} 1 620.48828125 0.0 690.63671875 620.48828125 668.7079564144736 38
stats: {cpu,"tsung_controller@ip-172-31-61-57"} 1 7.611417125688533 0.0 7.611417125688533 0.1002004008016032 1.014888061877551 38
stats: session 677 12171.648506646983 9689.876325733323 100041.132 461.017 19677.98807332678 4064
stats: users_count 577 5445
stats: finish_users_count 677 4741
stats: connect 608 1.425248355263156 0.8629747735022401 15.479 0.799 1.3809787277561876 4889
stats: 200 8 191
stats: request 2486 841.2780683829441 4161.1331620479705 56497.193 0.613 2601.7992158111233 17747
stats: size_rcv 2955844 85314727
stats: page 2486 841.2780683829441 4161.1331620479705 56497.193 0.613 2601.7992158111233 17747
stats: newphase 0 6
stats: 502 2379 17156
stats: size_sent 279803 2420886
stats: connected -67 706
stats: 500 99 2886
# stats: dump at 1669964666
stats: users 728 810
stats: {load,"tsung_controller@ip-172-31-61-57"} 1 0.140625 0.0 0.140625 0.0 0.012419871794871794 39
stats: {freemem,"tsung_controller@ip-172-31-61-57"} 1 628.25390625 0.0 690.63671875 620.48828125 667.4715544871794 39
stats: {cpu,"tsung_controller@ip-172-31-61-57"} 1 7.455268389662027 0.0 7.611417125688533 0.1002004008016032 1.1840298327444994 39
stats: session 587 12201.565776831345 10237.495125718764 100041.132 461.017 18606.10621577727 4741
stats: users_count 611 6056
stats: finish_users_count 587 5328
stats: page 2382 789.2373765743048 3958.036572175971 56497.193 0.592 2385.4864805515745 20233
stats: 200 6 197
stats: request 2382 789.2373765743048 3958.036572175971 56497.193 0.592 2385.4864805515745 20233
stats: connect 613 1.3497765089722686 0.6117300879142623 15.479 0.799 1.3858752046570857 5497
stats: size_rcv 2872813 88187540
stats: newphase 0 6
stats: 502 2282 19438
stats: size_sent 267851 2688737
stats: connected 19 725
stats: 500 94 2980
# stats: dump at 1669964676
stats: users 790 810
stats: {load,"tsung_controller@ip-172-31-61-57"} 1 0.12109375 0.0 0.140625 0.0 0.015625 40
stats: {freemem,"tsung_controller@ip-172-31-61-57"} 1 628.8828125 0.0 690.63671875 620.48828125 666.49111328125 40
stats: {cpu,"tsung_controller@ip-172-31-61-57"} 1 7.578740157480316 0.0 7.611417125688533 0.1002004008016032 1.3408107966674376 40
stats: session 566 12036.822740282683 9055.506037502144 100041.132 461.017 17900.500878378385 5328
stats: users_count 628 6684
stats: finish_users_count 566 5894
stats: connect 630 1.3537523809523806 0.682727907608635 15.479 0.799 1.382253518821604 6110
stats: page 2432 697.405736430923 3907.047196835308 56497.193 0.592 2217.35624107893 22615
stats: 200 10 207
stats: size_rcv 3650526 91838066
stats: newphase 0 6
stats: 502 2346 21784
stats: size_sent 273860 2962597
stats: connected 30 755
stats: 500 76 3056
stats: request 2432 697.405736430923 3907.047196835308 56497.193 0.592 2217.35624107893 22615
# stats: dump at 1669964686
stats: users 790 831
stats: {load,"tsung_controller@ip-172-31-61-57"} 1 0.171875 0.0 0.171875 0.0 0.018197408536585365 41
stats: {freemem,"tsung_controller@ip-172-31-61-57"} 1 621.10546875 0.0 690.63671875 620.48828125 665.573837652439 41
stats: {cpu,"tsung_controller@ip-172-31-61-57"} 1 8.14299900695134 0.0 8.14299900695134 0.1002004008016032 1.4929554152238493 41
stats: session 660 12267.03098636363 9552.31179916748 100041.132 461.017 17337.41268255854 5894
stats: users_count 660 7344
stats: finish_users_count 660 6554
stats: connect 768 1.3853138020833333 0.8394783081853092 15.479 0.799 1.3795894658753711 6740
stats: page 2638 746.522397270659 3790.4715094962503 56497.193 0.592 2069.772912644229 25047
stats: 200 7 214
stats: size_rcv 2242514 94080580
stats: newphase 0 6
stats: 502 2533 24317
stats: size_sent 295661 3258258
stats: connected 18 773
stats: 500 98 3154
stats: request 2638 746.522397270659 3790.4715094962503 56497.193 0.592 2069.772912644229 25047
# stats: dump at 1669964696
stats: users 392 831
stats: {load,"tsung_controller@ip-172-31-61-57"} 1 0.1484375 0.0 0.171875 0.0 0.021856398809523808 42
stats: {freemem,"tsung_controller@ip-172-31-61-57"} 1 618.24609375 0.0 690.63671875 618.24609375 664.5150669642857 42
stats: {cpu,"tsung_controller@ip-172-31-61-57"} 1 8.762376237623762 0.0 8.762376237623762 0.1002004008016032 1.651289786455456 42
stats: session 545 13042.832779816514 8763.418030469917 100041.132 461.017 16826.81580744584 6554
stats: users_count 147 7491
stats: finish_users_count 545 7099
stats: page 1543 1287.1131769280635 4868.484937439395 56497.193 0.592 1943.685325158028 27685
stats: 200 5 219
stats: size_rcv 1898576 95979156
stats: newphase 0 6
stats: connect 173 1.4607861271676297 0.8082654699202165 15.479 0.799 1.3801750133191264 7508
stats: 502 1436 25753
stats: size_sent 173426 3431684
stats: connected -377 396
stats: 500 102 3256
stats: request 1543 1287.1131769280635 4868.484937439395 56497.193 0.592 1943.685325158028 27685
# stats: dump at 1669964706
stats: users 240 831
stats: {load,"tsung_controller@ip-172-31-61-57"} 1 0.12109375 0.0 0.171875 0.0 0.024800145348837208 43
stats: {freemem,"tsung_controller@ip-172-31-61-57"} 1 648.1171875 0.0 690.63671875 618.24609375 663.4390443313953 43
stats: {cpu,"tsung_controller@ip-172-31-61-57"} 1 2.838645418326693 0.0 8.762376237623762 0.1002004008016032 1.8166638899709981 43
stats: session 152 20159.265776315788 9430.130492209559 100041.132 461.017 16536.314222707428 7099
stats: users_count 0 7491
stats: finish_users_count 152 7251
stats: connect 2 1.3685 0.15649999999999992 15.479 0.799 1.3819906262205444 7681
stats: 200 9 228
stats: request 320 5786.531965624995 9390.93844143335 56497.193 0.592 1909.023671103052 29228
stats: page 320 5786.531965624995 9390.93844143335 56497.193 0.592 1909.023671103052 29228
stats: size_rcv 2225736 98204892
stats: newphase 0 6
stats: 502 225 25978
stats: size_sent 38291 3469975
stats: connected -156 240
stats: 500 86 3342
# stats: dump at 1669964716
stats: users 189 831
stats: {load,"tsung_controller@ip-172-31-61-57"} 1 0.1015625 0.0 0.171875 0.0 0.026988636363636364 44
stats: {freemem,"tsung_controller@ip-172-31-61-57"} 1 652.79296875 0.0 690.63671875 618.24609375 663.0908203124999 44
stats: {cpu,"tsung_controller@ip-172-31-61-57"} 1 0.6015037593984963 0.0 8.762376237623762 0.1002004008016032 1.839890742888173 44
stats: session 51 31565.907745098044 8201.206732128865 100041.132 461.017 16612.260800579235 7251
stats: users_count 0 7491
stats: finish_users_count 51 7302
stats: request 116 17149.927370689657 8690.356325420742 56497.193 0.592 1951.0164507919317 29548
stats: connect 0 0 0 15.479 0.799 1.3819871144084344 7683
stats: page 116 17149.927370689657 8690.356325420742 56497.193 0.592 1951.0164507919317 29548
stats: 200 8 236
stats: size_rcv 2161139 100366031
stats: newphase 0 6
stats: 502 16 25994
stats: size_sent 15966 3485941
stats: connected -51 189
stats: 500 92 3434
# stats: dump at 1669964726
stats: users 131 831
stats: {load,"tsung_controller@ip-172-31-61-57"} 1 0.08984375 0.0 0.171875 0.0 0.028645833333333332 45
stats: {freemem,"tsung_controller@ip-172-31-61-57"} 1 654.81640625 0.0 690.63671875 618.24609375 662.8619791666666 45
stats: {cpu,"tsung_controller@ip-172-31-61-57"} 1 0.35035035035035034 0.0 8.762376237623762 0.1002004008016032 1.8123710321439581 45
stats: session 58 42089.355310344836 10283.43418506887 100041.132 461.017 16716.702870446457 7302
stats: users_count 0 7491
stats: finish_users_count 58 7360
stats: connect 0 0 0 15.479 0.799 1.3819871144084344 7683
stats: page 101 19498.985396039614 6765.550222845041 56497.193 0.592 2010.4512426847357 29664
stats: 200 8 244
stats: size_rcv 2866713 103232744
stats: newphase 0 6
stats: 502 0 25994
stats: size_sent 7172 3493113
stats: connected -58 131
stats: 500 93 3527
stats: request 101 19498.985396039614 6765.550222845041 56497.193 0.592 2010.4512426847357 29664
# stats: dump at 1669964736
stats: users 68 831
stats: {load,"tsung_controller@ip-172-31-61-57"} 1 0.0703125 0.0 0.171875 0.0 0.029976222826086956 46
stats: {freemem,"tsung_controller@ip-172-31-61-57"} 1 665.6796875 0.0 690.63671875 618.24609375 662.6870754076087 46
stats: {cpu,"tsung_controller@ip-172-31-61-57"} 1 0.5499999999999999 0.0 8.762376237623762 0.1002004008016032 1.780587973844097 46
stats: session 63 51442.03293650794 10132.404284543416 100041.132 461.017 16916.650403260872 7360
stats: users_count 0 7491
stats: finish_users_count 63 7423
stats: connect 0 0 0 15.479 0.799 1.3819871144084344 7683
stats: 200 8 252
stats: request 102 16235.60812745098 5140.942207639727 56497.193 0.592 2069.7941605241053 29765
stats: size_rcv 1446397 104679141
stats: newphase 0 6
stats: page 102 16235.60812745098 5140.942207639727 56497.193 0.592 2069.7941605241053 29765
stats: 502 0 25994
stats: size_sent 10754 3503867
stats: connected -63 68
stats: 500 94 3621
# stats: dump at 1669964746
stats: users 19 831
stats: {load,"tsung_controller@ip-172-31-61-57"} 1 0.05859375 0.0 0.171875 0.0 0.0308344414893617 47
stats: {freemem,"tsung_controller@ip-172-31-61-57"} 1 670.9375 0.0 690.63671875 618.24609375 662.7507480053192 47
stats: {cpu,"tsung_controller@ip-172-31-61-57"} 1 0.30060120240480964 0.0 8.762376237623762 0.1002004008016032 1.7544052509963504 47
stats: session 49 58833.996224489805 9236.290586031739 100041.132 461.017 17209.671971305404 7423
stats: users_count 0 7491
stats: finish_users_count 49 7472
stats: connect 0 0 0 15.479 0.799 1.3819871144084344 7683
stats: request 68 10130.806779411761 10367.14568079901 56497.193 0.592 2118.1724048950346 29867
stats: page 68 10130.806779411761 10367.14568079901 56497.193 0.592 2118.1724048950346 29867
stats: 200 9 261
stats: size_rcv 2909004 107588145
stats: newphase 0 6
stats: 502 0 25994
stats: size_sent 8074 3511941
stats: connected -49 19
stats: 500 59 3680
# stats: dump at 1669964756
stats: users 10 831
stats: {load,"tsung_controller@ip-172-31-61-57"} 1 0.05078125 0.0 0.171875 0.0 0.031412760416666664 48
stats: {freemem,"tsung_controller@ip-172-31-61-57"} 1 676.37109375 0.0 690.63671875 618.24609375 662.9213053385417 48
stats: {cpu,"tsung_controller@ip-172-31-61-57"} 1 0.3 0.0 8.762376237623762 0.1002004008016032 1.7241176666506932 48
stats: session 9 76380.68333333333 14107.96680297066 108692.831 461.017 17482.63662446467 7472
stats: users_count 0 7491
stats: finish_users_count 9 7481
stats: request 11 13437.31290909091 17991.78062559763 56497.193 0.592 2136.373812527142 29935
stats: connect 0 0 0 15.479 0.799 1.3819871144084344 7683
stats: page 11 13437.31290909091 17991.78062559763 56497.193 0.592 2136.373812527142 29935
stats: 200 3 264
stats: size_rcv 1423394 109011539
stats: newphase 0 6
stats: 502 0 25994
stats: size_sent 1914 3513855
stats: connected -9 10
stats: 500 8 3688
# stats: dump at 1669964766
stats: users 6 831
stats: {load,"tsung_controller@ip-172-31-61-57"} 1 0.0390625 0.0 0.171875 0.0 0.03180803571428571 49
stats: {freemem,"tsung_controller@ip-172-31-61-57"} 1 676.51171875 0.0 690.63671875 618.24609375 663.1957908163266 49
stats: {cpu,"tsung_controller@ip-172-31-61-57"} 1 0.1500750375187594 0.0 8.762376237623762 0.1002004008016032 1.695054040800679 49
stats: session 4 78138.43975 5964.21443451555 108692.831 461.017 17553.493785322822 7481
stats: users_count 0 7491
stats: finish_users_count 4 7485
stats: connect 0 0 0 15.479 0.799 1.3819871144084344 7683
stats: 200 8 272
stats: request 8 25240.563499999997 24075.19050941458 56497.193 0.592 2140.524962265411 29946
stats: size_rcv 2893838 111905377
stats: newphase 0 6
stats: 502 0 25994
stats: page 8 25240.563499999997 24075.19050941458 56497.193 0.592 2140.524962265411 29946
stats: size_sent 2523 3516378
stats: connected -4 6
stats: 500 0 3688
# stats: dump at 1669964776
stats: users 1 831
stats: {load,"tsung_controller@ip-172-31-61-57"} 1 0.0390625 0.0 0.171875 0.0 0.031953125 50
stats: {freemem,"tsung_controller@ip-172-31-61-57"} 1 676.50390625 0.0 690.63671875 618.24609375 663.462109375 50
stats: {cpu,"tsung_controller@ip-172-31-61-57"} 1 0.2 0.0 8.762376237623762 0.1002004008016032 1.6641544607350405 50
stats: session 5 87096.5408 2767.067282267884 108692.831 461.017 17585.870509953245 7485
stats: users_count 0 7491
stats: finish_users_count 5 7490
stats: connect 0 0 0 15.479 0.799 1.3819871144084344 7683
stats: 200 9 281
stats: request 9 16739.73688888889 16562.84719802734 56497.193 0.592 2146.6944323963407 29954
stats: size_rcv 2944618 114849995
stats: newphase 0 6
stats: 502 0 25994
stats: page 9 16739.73688888889 16562.84719802734 56497.193 0.592 2146.6944323963407 29954
stats: size_sent 2519 3518897
stats: connected -5 1
stats: 500 0 3688
# stats: dump at 1669964779
stats: users 0 831
stats: {load,"tsung_controller@ip-172-31-61-57"} 1 0.03125 0.0 0.171875 0.0 0.03209252450980392 51
stats: {freemem,"tsung_controller@ip-172-31-61-57"} 1 676.359375 0.0 690.63671875 618.24609375 663.7178308823529 51
stats: {cpu,"tsung_controller@ip-172-31-61-57"} 1 0.34965034965034963 0.0 8.762376237623762 0.1002004008016032 1.6354455497402358 51
stats: session 1 96081.216 0.0 108692.831 461.017 17632.272826568762 7490
stats: users_count 0 7491
stats: finish_users_count 1 7491
stats: request 1 10.05 0.0 56497.193 0.592 2151.077751226512 29963
stats: connect 0 0 0 15.479 0.799 1.3819871144084344 7683
stats: 200 1 282
stats: page 1 10.05 0.0 56497.193 0.592 2151.077751226512 29963
stats: size_rcv 207 114850202
stats: newphase 0 6
stats: 502 0 25994
stats: size_sent 637 3519534
stats: connected -1 0
stats: 500 0 3688
EndMonitor:{1669,964779,204449}