# stats: dump at 1669962409
stats: users 4 4
stats: {load,"tsung_controller@Maomao-no1-2"} 1 2.921875 0 2.921875 2.921875 0 0
stats: {cpu,"tsung_controller@Maomao-no1-2"} 1 11.228335440282356 0 11.228335440282356 11.228335440282356 0 0
stats: {freemem,"tsung_controller@Maomao-no1-2"} 1 266.40625 0 266.40625 266.40625 0 0
stats: users_count 4 4
stats: finish_users_count 0 0
stats: request 3 519.292 61.17957314877794 575.196 434.152 0 0
stats: connect 4 71.54825 22.777179768081467 109.41 49.622 0 0
stats: 200 4 4
stats: size_rcv 798 798
stats: size_sent 2986 2986
stats: connected 4 4
# stats: dump at 1669962419
stats: users 20 20
stats: {load,"tsung_controller@Maomao-no1-2"} 1 2.8515625 0.0 2.921875 2.8515625 2.921875 1
stats: {cpu,"tsung_controller@Maomao-no1-2"} 1 28.023128302262982 0.0 28.023128302262982 11.228335440282356 11.228335440282356 1
stats: {freemem,"tsung_controller@Maomao-no1-2"} 1 82.671875 0.0 266.40625 82.671875 266.40625 1
stats: users_count 16 20
stats: finish_users_count 0 0
stats: request 15 3394.3163333333337 4153.474349386525 15468.224 434.152 519.292 3
stats: connect 16 60.5235 14.841515391798776 109.41 42.125 71.54825 4
stats: page 1 16769.254 0.0 16769.254 16769.254 0 0
stats: 200 11 15
stats: size_rcv 3208852 3209650
stats: size_sent 13110 16096
stats: connected 16 20
stats: 500 3 3
# stats: dump at 1669962429
stats: users 28 28
stats: {load,"tsung_controller@Maomao-no1-2"} 1 2.8671875 0.0 2.921875 2.8515625 2.88671875 2
stats: {cpu,"tsung_controller@Maomao-no1-2"} 1 29.3143028246332 0.0 29.3143028246332 11.228335440282356 19.62573187127267 2
stats: {freemem,"tsung_controller@Maomao-no1-2"} 1 74.046875 0.0 266.40625 74.046875 174.5390625 2
stats: session 1 24109.77 0 24109.77 24109.77 0 0
stats: users_count 9 29
stats: finish_users_count 1 1
stats: request 27 5055.025629629632 3293.149607993822 18706.326 434.152 2915.145611111111 18
stats: connect 8 54.68025 9.550381559785977 109.41 40.302 62.728449999999995 20
stats: page 3 12104.778333333334 3421.627828626732 16769.254 7300.595 16769.254 1
stats: 200 8 23
stats: size_rcv 2135063 5344713
stats: size_sent 10227 26323
stats: connected 7 27
stats: 201 2 2
stats: 500 18 21
# stats: dump at 1669962439
stats: users 41 41
stats: {load,"tsung_controller@Maomao-no1-2"} 1 3.7890625 0.0 3.7890625 2.8515625 2.8802083333333335 3
stats: {cpu,"tsung_controller@Maomao-no1-2"} 1 27.92810783824264 0.0 29.3143028246332 11.228335440282356 22.85525552239285 3
stats: {freemem,"tsung_controller@Maomao-no1-2"} 1 166.75 0.0 266.40625 74.046875 141.04166666666666 3
stats: session 0 0 0 24109.77 24109.77 24109.77 1
stats: users_count 13 42
stats: finish_users_count 0 1
stats: request 20 6067.27855 4121.789148244018 21654.485 434.152 4199.073622222224 45
stats: connect 14 65.28707142857142 15.518642974841978 109.41 40.302 60.42896428571429 28
stats: page 7 22276.799999999996 3616.4115951511935 27336.074 7300.595 13270.89725 4
stats: 200 4 27
stats: size_rcv 1135272 6479985
stats: size_sent 13316 39639
stats: connected 14 41
stats: 201 0 2
stats: 500 15 36
# stats: dump at 1669962449
stats: users 48 48
stats: {load,"tsung_controller@Maomao-no1-2"} 1 4.19140625 0.0 4.19140625 2.8515625 3.107421875 4
stats: {cpu,"tsung_controller@Maomao-no1-2"} 1 34.30482084040323 0.0 34.30482084040323 11.228335440282356 24.123468601355295 4
stats: {freemem,"tsung_controller@Maomao-no1-2"} 1 64.15625 0.0 266.40625 64.15625 147.46875 4
stats: session 0 0 0 24109.77 24109.77 24109.77 1
stats: users_count 7 49
stats: finish_users_count 0 1
stats: request 1 7913.572 0.0 21654.485 434.152 4773.905907692309 65
stats: connect 7 56.19828571428571 8.313144148434638 109.41 40.302 62.048333333333325 42
stats: page 0 0 0 27336.074 7300.595 19001.926272727273 11
stats: 200 0 27
stats: size_rcv 253 6480238
stats: size_sent 2909 42548
stats: connected 7 48
stats: 201 0 2
stats: 500 1 37
# stats: dump at 1669962459
stats: users 59 59
stats: {load,"tsung_controller@Maomao-no1-2"} 1 5.9453125 0.0 5.9453125 2.8515625 3.32421875 5
stats: {cpu,"tsung_controller@Maomao-no1-2"} 1 29.680638722554892 0.0 34.30482084040323 11.228335440282356 26.15973904916488 5
stats: {freemem,"tsung_controller@Maomao-no1-2"} 1 215.234375 0.0 266.40625 64.15625 130.80625 5
stats: session 0 0 0 24109.77 24109.77 24109.77 1
stats: users_count 11 60
stats: finish_users_count 0 1
stats: request 1 23685.551 0.0 23685.551 434.152 4821.476606060607 66
stats: connect 11 65.2990909090909 9.919369879680733 109.41 40.302 61.212612244897954 49
stats: page 0 0 0 27336.074 7300.595 19001.926272727273 11
stats: 200 0 27
stats: size_rcv 254 6480492
stats: size_sent 2871 45419
stats: connected 11 59
stats: 201 0 2
stats: 500 1 38
# stats: dump at 1669962469
stats: users 73 73
stats: {load,"tsung_controller@Maomao-no1-2"} 1 5.890625 0.0 5.9453125 2.8515625 3.7610677083333335 6
stats: {cpu,"tsung_controller@Maomao-no1-2"} 1 29.701388195346052 0.0 34.30482084040323 11.228335440282356 26.746555661396552 6
stats: {freemem,"tsung_controller@Maomao-no1-2"} 1 235.671875 0.0 266.40625 64.15625 144.87760416666666 6
stats: session 0 0 0 24109.77 24109.77 24109.77 1
stats: users_count 14 74
stats: finish_users_count 0 1
stats: request 0 0 0 23685.551 434.152 5103.029955223881 67
stats: connect 14 66.52685714285714 14.607621107085278 109.41 40.302 61.9618 60
stats: page 0 0 0 27336.074 7300.595 19001.926272727273 11
stats: 200 0 27
stats: size_rcv 0 6480492
stats: newphase 1 1
stats: size_sent 3529 48948
stats: connected 14 73
stats: 201 0 2
stats: 500 0 38
# stats: dump at 1669962479
stats: users 103 103
stats: {load,"tsung_controller@Maomao-no1-2"} 1 6.34765625 0.0 6.34765625 2.8515625 4.065290178571429 7
stats: {cpu,"tsung_controller@Maomao-no1-2"} 1 28.885118275276973 0.0 34.30482084040323 11.228335440282356 27.168674594817908 7
stats: {freemem,"tsung_controller@Maomao-no1-2"} 1 98.78125 0.0 266.40625 64.15625 157.84821428571428 7
stats: session 0 0 0 24109.77 24109.77 24109.77 1
stats: users_count 30 104
stats: finish_users_count 0 1
stats: request 9 59042.91766666666 3863.0747941571676 61005.742 434.152 5103.029955223881 67
stats: connect 29 62.11410344827587 18.791510886650162 127.017 40.302 62.82545945945946 74
stats: page 0 0 0 27336.074 7300.595 19001.926272727273 11
stats: 504 8 8
stats: 200 0 27
stats: size_rcv 2886 6483378
stats: newphase 0 1
stats: size_sent 12732 61680
stats: connected 29 102
stats: 201 0 2
stats: 500 1 39
# stats: dump at 1669962489
stats: users 127 127
stats: {load,"tsung_controller@Maomao-no1-2"} 1 5.59375 0.0 6.34765625 2.8515625 4.3505859375 8
stats: {cpu,"tsung_controller@Maomao-no1-2"} 1 28.816603472360807 0.0 34.30482084040323 11.228335440282356 27.38323005487529 8
stats: {freemem,"tsung_controller@Maomao-no1-2"} 1 93.75 0.0 266.40625 64.15625 150.46484375 8
stats: session 0 0 0 24109.77 24109.77 24109.77 1
stats: users_count 24 128
stats: finish_users_count 0 1
stats: request 2 60155.2805 4.774499999999534 61005.742 434.152 11490.648236842106 76
stats: connect 24 71.3950416666667 22.803300730521386 129.304 40.302 62.625174757281556 103
stats: page 0 0 0 27336.074 7300.595 19001.926272727273 11
stats: 504 2 10
stats: 200 0 27
stats: size_rcv 658 6484036
stats: newphase 0 1
stats: size_sent 7370 69050
stats: connected 24 126
stats: 201 0 2
stats: 500 0 39
# stats: dump at 1669962499
stats: users 136 136
stats: {load,"tsung_controller@Maomao-no1-2"} 1 5.95703125 0.0 6.34765625 2.8515625 4.488715277777778 9
stats: {cpu,"tsung_controller@Maomao-no1-2"} 1 28.964966563529295 0.0 34.30482084040323 11.228335440282356 27.542493767929237 9
stats: {freemem,"tsung_controller@Maomao-no1-2"} 1 75.296875 0.0 266.40625 64.15625 144.16319444444446 9
stats: session 1 81820.643 0.0 81820.643 24109.77 24109.77 1
stats: users_count 10 138
stats: finish_users_count 1 2
stats: page 2 72909.087 5702.710999999996 78611.798 7300.595 19001.926272727273 11
stats: connect 11 73.12781818181818 35.08499207720947 175.717 40.302 64.28247244094489 127
stats: 504 24 34
stats: request 24 60901.78783333333 718.2954728544117 62710.849 434.152 12738.45932051282 78
stats: 200 0 27
stats: size_rcv 7896 6491932
stats: newphase 0 1
stats: size_sent 9043 78093
stats: connected 10 136
stats: 201 0 2
stats: 500 0 39
# stats: dump at 1669962509
stats: users 155 155
stats: {load,"tsung_controller@Maomao-no1-2"} 1 5.265625 0.0 6.34765625 2.8515625 4.635546875 10
stats: {cpu,"tsung_controller@Maomao-no1-2"} 1 28.253936615507275 0.0 34.30482084040323 11.228335440282356 27.684741047489247 10
stats: {freemem,"tsung_controller@Maomao-no1-2"} 1 82.984375 0.0 266.40625 64.15625 137.2765625 10
stats: session 0 0 0 81820.643 24109.77 52965.2065 2
stats: users_count 19 157
stats: finish_users_count 0 2
stats: page 0 0 0 78611.798 7300.595 27295.335615384618 13
stats: request 13 46398.782 27813.783735272802 67052.938 434.152 24071.007205882353 102
stats: connect 19 116.03878947368423 221.20117223434966 1051.044 40.302 64.98753623188406 138
stats: 504 9 43
stats: 200 0 27
stats: size_rcv 4217 6496149
stats: newphase 0 1
stats: 502 4 4
stats: size_sent 7414 85507
stats: connected 19 155
stats: 201 0 2
stats: 500 0 39
# stats: dump at 1669962519
stats: users 169 169
stats: {load,"tsung_controller@Maomao-no1-2"} 1 4.77734375 0.0 6.34765625 2.8515625 4.692826704545454 11
stats: {cpu,"tsung_controller@Maomao-no1-2"} 1 26.083916083916087 0.0 34.30482084040323 11.228335440282356 27.736486099127248 11
stats: {freemem,"tsung_controller@Maomao-no1-2"} 1 86.859375 0.0 266.40625 64.15625 132.3409090909091 11
stats: session 2 100761.3635 1402.762500000008 102164.126 24109.77 52965.2065 2
stats: users_count 16 173
stats: finish_users_count 2 4
stats: request 31 15027.921387096772 22268.55881778724 67366.266 434.152 26595.01653043478 115
stats: connect 15 66.26933333333332 8.4767591107818 1051.044 40.302 71.16571337579619 157
stats: 504 5 48
stats: page 4 40736.4055 28062.284260184755 78611.798 7300.595 27295.335615384618 13
stats: 200 0 27
stats: size_rcv 9809 6505958
stats: newphase 0 1
stats: 502 26 30
stats: size_sent 7219 92726
stats: connected 13 168
stats: 201 0 2
stats: 500 0 39
# stats: dump at 1669962529
stats: users 203 203
stats: {load,"tsung_controller@Maomao-no1-2"} 1 4.34765625 0.0 6.34765625 2.8515625 4.699869791666666 12
stats: {cpu,"tsung_controller@Maomao-no1-2"} 1 26.16551861834881 0.0 34.30482084040323 11.228335440282356 27.598771931192985 12
stats: {freemem,"tsung_controller@Maomao-no1-2"} 1 136.640625 0.0 266.40625 64.15625 128.55078125 12
stats: session 0 0 0 102164.126 24109.77 76863.285 4
stats: users_count 34 207
stats: finish_users_count 0 4
stats: connect 34 60.089558823529416 11.446400693439625 1051.044 40.302 70.7387034883721 172
stats: page 5 59426.7562 30736.431890988682 87802.489 7300.595 30457.940294117645 17
stats: 504 10 58
stats: request 33 28090.82166666667 29848.275006921314 75315.696 434.152 24138.98947945205 146
stats: 200 0 27
stats: size_rcv 10512 6516470
stats: newphase 1 2
stats: 502 23 53
stats: size_sent 13232 105958
stats: connected 34 202
stats: 201 0 2
stats: 500 0 39
# stats: dump at 1669962539
stats: users 236 238
stats: {load,"tsung_controller@Maomao-no1-2"} 1 4.28125 0.0 6.34765625 2.8515625 4.672776442307692 13
stats: {cpu,"tsung_controller@Maomao-no1-2"} 1 27.32174955062912 0.0 34.30482084040323 11.228335440282356 27.48852167635882 13
stats: {freemem,"tsung_controller@Maomao-no1-2"} 1 78.65625 0.0 266.40625 64.15625 129.17307692307693 13
stats: session 4 50909.372749999995 27968.638090237237 102164.126 24109.77 76863.285 4
stats: users_count 37 244
stats: finish_users_count 4 8
stats: request 37 28526.79518918919 28721.210418230246 75315.696 434.152 24867.539547486034 179
stats: connect 36 57.75225000000003 9.506312415603409 1051.044 40.302 68.98107766990292 206
stats: page 7 59135.82014285715 31748.60071652939 88449.534 7300.595 37041.76209090909 22
stats: 504 11 69
stats: 200 0 27
stats: size_rcv 11783 6528253
stats: newphase 0 2
stats: 502 26 79
stats: size_sent 14555 120513
stats: connected 35 237
stats: 201 0 2
stats: 500 0 39
# stats: dump at 1669962549
stats: users 135 239
stats: {load,"tsung_controller@Maomao-no1-2"} 1 4.2578125 0.0 6.34765625 2.8515625 4.644810267857143 14
stats: {cpu,"tsung_controller@Maomao-no1-2"} 1 28.67558929284858 0.0 34.30482084040323 11.228335440282356 27.47660938166384 14
stats: {freemem,"tsung_controller@Maomao-no1-2"} 1 71.984375 0.0 266.40625 64.15625 125.56473214285715 14
stats: session 134 44562.85233582088 37122.092544452826 133598.169 476.161 63886.328875 8
stats: users_count 33 277
stats: finish_users_count 134 142
stats: request 999 5795.363144144145 16206.045995557426 75315.696 41.359 25494.35648611111 216
stats: connect 35 69.41974285714285 65.40685500786283 1051.044 40.139 67.31067355371901 242
stats: page 326 22596.06975153372 32520.415164987277 130883.948 85.328 42374.810586206906 29
stats: 504 67 136
stats: 200 0 27
stats: size_rcv 314691 6842944
stats: newphase 0 2
stats: 502 932 1011
stats: size_sent 162272 282785
stats: connected -102 135
stats: 201 0 2
stats: 500 0 39
# stats: dump at 1669962559
stats: users 165 239
stats: {load,"tsung_controller@Maomao-no1-2"} 1 6.390625 0.0 6.390625 2.8515625 4.619010416666667 15
stats: {cpu,"tsung_controller@Maomao-no1-2"} 1 28.953674121405747 0.0 34.30482084040323 11.228335440282356 27.556541375742825 15
stats: {freemem,"tsung_controller@Maomao-no1-2"} 1 210.984375 0.0 266.40625 64.15625 121.99270833333335 15
stats: session 13 94821.32015384617 50086.516036821355 147982.675 476.161 45651.498901408435 142
stats: users_count 43 320
stats: finish_users_count 13 155
stats: connect 43 57.43644186046513 13.88822695717713 1051.044 40.139 67.57716245487364 277
stats: 504 26 162
stats: request 56 47019.826875000006 22110.035252844114 75315.696 41.359 9297.406404938272 1215
stats: page 16 73090.31774999999 56321.59985676521 143990.291 85.328 24211.797876056316 355
stats: 200 12 39
stats: size_rcv 13943 6856887
stats: newphase 0 2
stats: 502 6 1017
stats: size_sent 22411 305196
stats: connected 30 165
stats: 201 0 2
stats: 500 12 51
# stats: dump at 1669962569
stats: users 188 239
stats: {load,"tsung_controller@Maomao-no1-2"} 1 6.14453125 0.0 6.390625 2.8515625 4.729736328125 16
stats: {cpu,"tsung_controller@Maomao-no1-2"} 1 27.325349301397207 0.0 34.30482084040323 11.228335440282356 27.643862172346758 16
stats: {freemem,"tsung_controller@Maomao-no1-2"} 1 235.421875 0.0 266.40625 64.15625 127.55468750000001 16
stats: session 19 57436.74615789475 36494.79335953118 147982.675 476.161 49775.41939354838 155
stats: users_count 42 362
stats: finish_users_count 19 174
stats: request 130 9267.237846153845 8881.85461617177 75315.696 41.359 10959.448534225021 1271
stats: connect 41 64.34336585365855 19.882266673738766 1051.044 40.139 66.214503125 320
stats: page 33 27656.926848484844 34933.076125101674 143990.291 85.328 26319.76638814014 371
stats: 504 0 162
stats: 200 1 40
stats: size_rcv 36881 6893768
stats: newphase 0 2
stats: 502 62 1079
stats: size_sent 28378 333574
stats: connected 23 188
stats: 201 0 2
stats: 500 65 116
stats: 404 2 2
# stats: dump at 1669962579
stats: users 170 239
stats: {load,"tsung_controller@Maomao-no1-2"} 1 6.46484375 0.0 6.46484375 2.8515625 4.812959558823529 17
stats: {cpu,"tsung_controller@Maomao-no1-2"} 1 28.251748251748253 0.0 34.30482084040323 11.228335440282356 27.62512612111443 17
stats: {freemem,"tsung_controller@Maomao-no1-2"} 1 214.28125 0.0 266.40625 64.15625 133.89981617647058 17
stats: session 52 55783.8685576923 46568.93861733282 163060.652 476.161 50612.00105172413 174
stats: users_count 34 396
stats: finish_users_count 52 226
stats: request 295 5071.760406779664 8902.742899292414 75315.696 41.359 10802.42684296931 1401
stats: connect 34 64.19849999999998 15.49647597178525 1051.044 40.11 66.00199168975068 361
stats: page 101 26352.349366336643 41009.1229244888 155047.209 85.328 26428.989891089084 404
stats: 504 0 162
stats: 200 17 57
stats: size_rcv 88698 6982466
stats: newphase 0 2
stats: 502 249 1328
stats: size_sent 51660 385234
stats: connected -19 169
stats: 201 2 4
stats: 500 25 141
stats: 404 2 4
# stats: dump at 1669962589
stats: users 204 239
stats: {load,"tsung_controller@Maomao-no1-2"} 1 8.046875 0.0 8.046875 2.8515625 4.904730902777778 18
stats: {cpu,"tsung_controller@Maomao-no1-2"} 1 27.949690556997403 0.0 34.30482084040323 11.228335440282356 27.6599384617052 18
stats: {freemem,"tsung_controller@Maomao-no1-2"} 1 151.984375 0.0 266.40625 64.15625 138.36545138888889 18
stats: session 23 80669.92721739129 35488.242172628416 166259.412 476.161 51801.98826548672 226
stats: users_count 57 453
stats: finish_users_count 23 249
stats: request 150 15904.82872666666 10813.746088974918 75315.696 41.359 9805.642291863209 1696
stats: connect 56 64.39691071428571 19.72512433536477 1051.044 40.11 65.84675443037973 395
stats: page 42 45749.10635714286 39165.63416699937 158830.904 85.328 26413.661786138593 505
stats: 504 0 162
stats: 200 31 88
stats: size_rcv 35904 7018370
stats: newphase 1 3
stats: 502 42 1370
stats: size_sent 43008 428242
stats: connected 33 202
stats: 201 0 4
stats: 500 75 216
stats: 404 2 6
# stats: dump at 1669962599
stats: users 220 239
stats: {load,"tsung_controller@Maomao-no1-2"} 1 7.10546875 0.0 8.046875 2.8515625 5.070106907894737 19
stats: {cpu,"tsung_controller@Maomao-no1-2"} 1 28.86690647482014 0.0 34.30482084040323 11.228335440282356 27.67518857198374 19
stats: {freemem,"tsung_controller@Maomao-no1-2"} 1 102.765625 0.0 266.40625 64.15625 139.08223684210526 19
stats: session 74 41576.23477027026 51222.15075076173 185817.08 476.161 54468.504714859424 249
stats: users_count 90 543
stats: finish_users_count 74 323
stats: request 514 2919.8905194552517 6244.100743944822 75315.696 41.359 10301.242489707476 1846
stats: connect 90 76.35181111111113 30.74325388904926 1051.044 40.11 65.66672949002215 451
stats: page 152 19251.409598684222 38099.052311076346 165804.189 85.328 27898.284586837275 547
stats: 504 0 162
stats: 200 6 94
stats: size_rcv 154561 7172931
stats: newphase 0 3
stats: 502 423 1793
stats: size_sent 96210 524452
stats: connected 21 223
stats: 201 0 4
stats: 500 85 301
stats: 404 0 6
# stats: dump at 1669962609
stats: users 284 284
stats: {load,"tsung_controller@Maomao-no1-2"} 1 7.26171875 0.0 8.046875 2.8515625 5.171875 20
stats: {cpu,"tsung_controller@Maomao-no1-2"} 1 26.99570386652013 0.0 34.30482084040323 11.228335440282356 27.734774467125554 20
stats: {freemem,"tsung_controller@Maomao-no1-2"} 1 161.875 0.0 266.40625 64.15625 137.26640625 20
stats: session 9 52853.15266666666 70861.60965807836 185817.08 476.161 51514.85773065015 323
stats: users_count 73 616
stats: finish_users_count 9 332
stats: request 84 3132.945928571428 5130.813293252038 75315.696 41.359 8693.609052118643 2360
stats: connect 71 66.5612957746479 20.629570440862047 1051.044 40.11 67.44428465804066 541
stats: 504 0 162
stats: page 23 8425.763652173913 13562.078617037989 165804.189 85.328 26017.99131330471 699
stats: 200 1 95
stats: size_rcv 25552 7198483
stats: newphase 0 3
stats: 502 74 1867
stats: size_sent 37870 562322
stats: connected 57 280
stats: 201 0 4
stats: 500 9 310
stats: 404 0 6
# stats: dump at 1669962619
stats: users 349 349
stats: {load,"tsung_controller@Maomao-no1-2"} 1 7.5859375 0.0 8.046875 2.8515625 5.271391369047619 21
stats: {cpu,"tsung_controller@Maomao-no1-2"} 1 29.145025968837395 0.0 34.30482084040323 11.228335440282356 27.699580629001485 21
stats: {freemem,"tsung_controller@Maomao-no1-2"} 1 65.96875 0.0 266.40625 64.15625 138.43824404761904 21
stats: session 5 37116.914000000004 37370.90765077828 185817.08 476.161 51551.136810240954 332
stats: users_count 70 686
stats: finish_users_count 5 337
stats: connect 73 68.1836712328767 15.790660675755264 1051.044 40.11 67.34184640522875 612
stats: request 25 8249.55116 3452.939774705544 75315.696 41.359 8502.489697626841 2444
stats: 504 0 162
stats: page 8 13865.5 6886.950646291017 165804.189 85.328 25457.574088642647 722
stats: 200 0 95
stats: size_rcv 7850 7206333
stats: newphase 0 3
stats: 502 25 1892
stats: size_sent 21889 584211
stats: connected 68 348
stats: 201 0 4
stats: 500 0 310
stats: 404 0 6
# stats: dump at 1669962629
stats: users 426 426
stats: {load,"tsung_controller@Maomao-no1-2"} 1 8.59765625 0.0 8.59765625 2.8515625 5.376598011363636 22
stats: {cpu,"tsung_controller@Maomao-no1-2"} 1 30.77920782200938 0.0 34.30482084040323 11.228335440282356 27.76528268990312 22
stats: {freemem,"tsung_controller@Maomao-no1-2"} 1 66.734375 0.0 266.40625 64.15625 135.14417613636363 22
stats: session 10 59557.99739999999 31784.913653340955 185817.08 476.161 51336.97920178041 337
stats: users_count 87 773
stats: finish_users_count 10 347
stats: request 19 13042.339368421053 4923.935656009649 75315.696 41.359 8499.928554070473 2469
stats: connect 3 2731.199666666667 940.0622251270864 4060.634 40.11 67.43155912408757 685
stats: page 12 20728.46925 4457.929014379886 165804.189 85.328 25330.53766027396 730
stats: 504 0 162
stats: 200 0 95
stats: size_rcv 5966 7212299
stats: newphase 0 3
stats: 502 19 1911
stats: size_sent 2331 586542
stats: connected -7 341
stats: 201 0 4
stats: 500 0 310
stats: 404 0 6
# stats: dump at 1669962639
stats: users 491 491
stats: {load,"tsung_controller@Maomao-no1-2"} 1 8.12890625 0.0 8.59765625 2.8515625 5.51664402173913 23
stats: {cpu,"tsung_controller@Maomao-no1-2"} 1 27.90836653386454 0.0 34.30482084040323 11.228335440282356 27.896322913038176 23
stats: {freemem,"tsung_controller@Maomao-no1-2"} 1 75.328125 0.0 266.40625 64.15625 132.16983695652175 23
stats: session 8 61914.091625 53140.2800451792 198008.762 476.161 51573.89615273774 347
stats: users_count 73 846
stats: finish_users_count 8 355
stats: request 25 26122.466239999998 24162.787503624968 75315.696 41.359 8534.617382636654 2488
stats: connect 11 3246.849 3459.968142872128 11071.713 40.11 79.0468270348837 688
stats: page 9 27144.755444444443 5541.675178092914 165804.189 85.328 25256.110677897563 742
stats: 504 5 167
stats: 200 0 95
stats: size_rcv 7925 7220224
stats: newphase 0 3
stats: 502 20 1931
stats: size_sent 5479 592021
stats: connected 3 344
stats: 201 0 4
stats: 500 0 310
stats: 404 0 6
# stats: dump at 1669962649
stats: users 365 541
stats: {load,"tsung_controller@Maomao-no1-2"} 1 8.39453125 0.0 8.59765625 2.8515625 5.62548828125 24
stats: {cpu,"tsung_controller@Maomao-no1-2"} 1 29.519336464474865 0.0 34.30482084040323 11.228335440282356 27.896824730572607 24
stats: {freemem,"tsung_controller@Maomao-no1-2"} 1 72.265625 0.0 266.40625 64.15625 129.80143229166666 24
stats: session 247 37715.74344129557 38486.28997644422 224950.633 476.161 51806.914642253505 355
stats: users_count 121 967
stats: finish_users_count 247 602
stats: 504 84 251
stats: request 2178 5448.418065656567 13862.78408069177 82111.882 41.208 8709.586034222044 2513
stats: connect 226 6676.438429203535 7605.973005483674 19172.473 40.11 128.89779113018596 699
stats: page 680 19975.442267647035 27458.63164962422 165804.189 85.328 25278.744237017298 751
stats: 200 0 95
stats: size_rcv 685152 7905376
stats: newphase 1 4
stats: 502 2094 4025
stats: size_sent 348877 940898
stats: connected -21 323
stats: 201 0 4
stats: 500 0 310
stats: 404 0 6
# stats: dump at 1669962659
stats: users 181 541
stats: {load,"tsung_controller@Maomao-no1-2"} 1 7.73046875 0.0 8.59765625 2.8515625 5.73625 25
stats: {cpu,"tsung_controller@Maomao-no1-2"} 1 29.39415111288552 0.0 34.30482084040323 11.228335440282356 27.9617251999287 25
stats: {freemem,"tsung_controller@Maomao-no1-2"} 1 70.28125 0.0 266.40625 64.15625 127.5 25
stats: session 363 32081.89765013774 32991.002473529 224950.633 444.727 46025.321142857145 602
stats: users_count 179 1146
stats: finish_users_count 363 965
stats: request 1633 4138.544060012252 14162.473001785009 82111.882 41.208 7195.447506075464 4691
stats: connect 210 6225.027652380953 12821.535770816967 35123.967 40.11 1728.6212335135124 925
stats: page 609 11498.707218390808 23673.376666869226 165804.189 85.328 22758.656648497537 1431
stats: 504 86 337
stats: 200 0 95
stats: size_rcv 514052 8419428
stats: newphase 0 4
stats: 502 1547 5572
stats: size_sent 293407 1234305
stats: connected -140 183
stats: 201 0 4
stats: 500 0 310
stats: 404 0 6
# stats: dump at 1669962669
stats: users 182 541
stats: {load,"tsung_controller@Maomao-no1-2"} 1 6.7734375 0.0 8.59765625 2.8515625 5.812950721153846 26
stats: {cpu,"tsung_controller@Maomao-no1-2"} 1 30.400079816422227 0.0 34.30482084040323 11.228335440282356 28.016818504273196 26
stats: {freemem,"tsung_controller@Maomao-no1-2"} 1 190.078125 0.0 266.40625 64.15625 125.29927884615384 26
stats: session 176 21247.996892045456 33688.651837650345 224950.633 435.584 40780.28204663212 965
stats: users_count 177 1323
stats: finish_users_count 176 1141
stats: connect 181 75.03968508287294 24.60709303224402 35123.967 40.11 2560.5554607929507 1135
stats: page 345 4297.722426086963 17855.94420220032 165804.189 85.328 19397.23056862744 2040
stats: 504 18 355
stats: request 1032 1136.7270406976718 7863.338831703654 82111.882 41.052 6406.0858160974085 6324
stats: 200 0 95
stats: size_rcv 324318 8743746
stats: newphase 0 4
stats: 502 1014 6586
stats: size_sent 198936 1433241
stats: connected -5 178
stats: 201 0 4
stats: 500 0 310
stats: 404 0 6
# stats: dump at 1669962679
stats: users 217 541
stats: {load,"tsung_controller@Maomao-no1-2"} 1 6.3203125 0.0 8.59765625 2.8515625 5.848524305555555 27
stats: {cpu,"tsung_controller@Maomao-no1-2"} 1 29.778531524341577 0.0 34.30482084040323 11.228335440282356 28.105087441760197 27
stats: {freemem,"tsung_controller@Maomao-no1-2"} 1 115.546875 0.0 266.40625 64.15625 127.69849537037037 27
stats: session 135 9796.799370370374 25879.171371398326 244702.69 421.15 37767.41422261174 1141
stats: users_count 170 1493
stats: finish_users_count 135 1276
stats: request 872 651.7593314220175 3439.4780995281008 82111.882 41.052 5666.82830437738 7356
stats: connect 172 75.25960465116289 27.04743992217562 35123.967 40.11 2218.7026071428563 1316
stats: page 275 2366.174185454545 10951.197129338361 165804.189 85.328 17213.02498825995 2385
stats: 504 0 355
stats: 200 4 99
stats: size_rcv 271537 9015283
stats: newphase 0 4
stats: 502 849 7435
stats: size_sent 163370 1596611
stats: connected 39 217
stats: 201 0 4
stats: 500 18 328
stats: 404 1 7
# stats: dump at 1669962689
stats: users 224 541
stats: {load,"tsung_controller@Maomao-no1-2"} 1 5.49609375 0.0 8.59765625 2.8515625 5.865373883928571 28
stats: {cpu,"tsung_controller@Maomao-no1-2"} 1 29.563828725421697 0.0 34.30482084040323 11.228335440282356 28.16485330185239 28
stats: {freemem,"tsung_controller@Maomao-no1-2"} 1 151.484375 0.0 266.40625 64.15625 127.26450892857143 28
stats: session 167 14130.706431137723 21900.655381649358 244702.69 421.15 34808.14070768025 1276
stats: users_count 174 1667
stats: finish_users_count 167 1443
stats: request 998 1845.281744488977 6422.722952196622 82111.882 41.052 5135.333391346622 8228
stats: connect 171 72.98118713450295 21.21910604601148 35123.967 40.11 1970.939034274193 1488
stats: 504 0 355
stats: page 333 5172.3797117117065 14168.56824282293 165804.189 85.328 15678.106202255633 2660
stats: 200 14 113
stats: size_rcv 308617 9323900
stats: newphase 0 4
stats: 502 955 8390
stats: size_sent 192709 1789320
stats: connected 2 219
stats: 201 0 4
stats: 500 25 353
stats: 404 4 11
# stats: dump at 1669962699
stats: users 231 541
stats: {load,"tsung_controller@Maomao-no1-2"} 1 5.05078125 0.0 8.59765625 2.8515625 5.852640086206897 29
stats: {cpu,"tsung_controller@Maomao-no1-2"} 1 28.361784965558552 0.0 34.30482084040323 11.228335440282356 28.213093833699606 29
stats: {freemem,"tsung_controller@Maomao-no1-2"} 1 74.703125 0.0 266.40625 64.15625 128.09967672413794 29
stats: session 134 16691.27273880598 22429.176423987617 244702.69 421.15 32415.118168399167 1443
stats: users_count 141 1808
stats: finish_users_count 134 1577
stats: request 799 2880.785521902376 7266.816285560779 82111.882 41.052 4779.440095924562 9226
stats: connect 143 71.17373426573431 21.579763442889345 35123.967 39.984 1775.3086594333931 1659
stats: page 257 6471.365431906616 13028.01788911414 165804.189 85.328 14509.243214834607 2993
stats: 504 0 355
stats: 200 50 163
stats: size_rcv 242952 9566852
stats: newphase 0 4
stats: 502 689 9079
stats: size_sent 182375 1971695
stats: connected 13 232
stats: 201 6 10
stats: 500 40 393
stats: 404 14 25
# stats: dump at 1669962709
stats: users 272 541
stats: {load,"tsung_controller@Maomao-no1-2"} 1 4.34765625 0.0 8.59765625 2.8515625 5.825911458333334 30
stats: {cpu,"tsung_controller@Maomao-no1-2"} 1 27.581386059516678 0.0 34.30482084040323 11.228335440282356 28.21805020476157 30
stats: {freemem,"tsung_controller@Maomao-no1-2"} 1 68.5625 0.0 266.40625 64.15625 126.31979166666666 30
stats: session 187 12242.37787165776 19184.0624066028 244702.69 421.15 31079.03998985415 1577
stats: users_count 228 2036
stats: finish_users_count 187 1764
stats: connect 224 72.91453571428575 27.23862143414483 35123.967 39.984 1640.07486681465 1802
stats: 504 0 355
stats: page 401 4008.450733167078 9778.21911763236 165804.189 85.328 13873.632571692302 3250
stats: request 1245 1070.046921285138 3996.4686382413615 82111.882 41.052 4628.115905935163 10025
stats: 200 28 191
stats: size_rcv 3588576 13155428
stats: newphase 1 5
stats: 502 1170 10249
stats: size_sent 233938 2205633
stats: connected 36 268
stats: 201 0 10
stats: 500 44 437
stats: 404 3 28
# stats: dump at 1669962719
stats: users 297 541
stats: {load,"tsung_controller@Maomao-no1-2"} 1 4.0703125 0.0 8.59765625 2.8515625 5.778225806451613 31
stats: {cpu,"tsung_controller@Maomao-no1-2"} 1 30.616322045749676 0.0 34.30482084040323 11.228335440282356 28.197512651689156 31
stats: {freemem,"tsung_controller@Maomao-no1-2"} 1 397.484375 0.0 397.484375 64.15625 124.45665322580645 31
stats: session 291 5925.445398625435 10458.4768422232 244702.69 386.67 29082.182951247163 1764
stats: users_count 316 2352
stats: finish_users_count 291 2055
stats: request 1893 471.0582076069728 3444.787372846156 82111.882 41.017 4235.05504649512 11270
stats: connect 323 66.33130650154799 16.678765398238035 35123.967 39.984 1466.8054126357351 2026
stats: page 620 1915.6265129032256 8233.884328108721 165804.189 85.328 12790.1108195015 3651
stats: 504 3 358
stats: 200 1 192
stats: size_rcv 592590 13748018
stats: newphase 0 5
stats: 502 1863 12112
stats: size_sent 346162 2551795
stats: connected 29 297
stats: 201 0 10
stats: 500 26 463
stats: 404 0 28
# stats: dump at 1669962729
stats: users 277 541
stats: {load,"tsung_controller@Maomao-no1-2"} 1 4.71875 0.0 8.59765625 2.8515625 5.724853515625 32
stats: {cpu,"tsung_controller@Maomao-no1-2"} 1 31.11088931031041 0.0 34.30482084040323 11.228335440282356 28.273100445253547 32
stats: {freemem,"tsung_controller@Maomao-no1-2"} 1 263.28125 0.0 397.484375 64.15625 132.98876953125 32
stats: session 347 10253.364896253604 17569.32277553008 244702.69 386.67 25803.053691970803 2055
stats: users_count 327 2679
stats: finish_users_count 347 2402
stats: request 2020 1161.882525742573 5982.612134691576 82111.882 41.017 3693.746377041708 13163
stats: connect 325 65.16788615384617 21.052616812079926 35123.967 38.438 1274.2327705406553 2349
stats: page 673 3385.9791010401223 11346.116315967987 165804.189 85.328 11211.515579489576 4271
stats: 504 6 364
stats: 200 21 213
stats: size_rcv 6486244 20234262
stats: newphase 0 5
stats: 502 1949 14061
stats: size_sent 386319 2938114
stats: connected -23 274
stats: 201 0 10
stats: 500 44 507
stats: 404 1 29
# stats: dump at 1669962739
stats: users 266 541
stats: {load,"tsung_controller@Maomao-no1-2"} 1 5.1015625 0.0 8.59765625 2.8515625 5.69436553030303 33
stats: {cpu,"tsung_controller@Maomao-no1-2"} 1 33.55597647293391 0.0 34.30482084040323 11.228335440282356 28.359094047224968 33
stats: {freemem,"tsung_controller@Maomao-no1-2"} 1 219.6875 0.0 397.484375 64.15625 136.9370265151515 33
stats: session 298 10896.648989932892 16662.620930322155 244702.69 386.67 23556.69981515404 2402
stats: users_count 287 2966
stats: finish_users_count 298 2700
stats: request 1822 1431.269754665206 6327.468660542372 82111.882 41.017 3356.898258776263 15183
stats: connect 291 82.39482817869424 100.00113307989348 35123.967 38.438 1127.2821020942406 2674
stats: page 611 4268.37468576105 11559.481580513479 165804.189 85.328 10146.267592030741 4944
stats: 504 1 365
stats: 200 15 228
stats: size_rcv 2723851 22958113
stats: newphase 0 5
stats: 502 1776 15837
stats: size_sent 345360 3283474
stats: connected -8 266
stats: 201 0 10
stats: 500 21 528
stats: 404 8 37
# stats: dump at 1669962749
stats: users 291 541
stats: {load,"tsung_controller@Maomao-no1-2"} 1 4.46875 0.0 8.59765625 2.8515625 5.676930147058823 34
stats: {cpu,"tsung_controller@Maomao-no1-2"} 1 32.800479568388454 0.0 34.30482084040323 11.228335440282356 28.511943530334054 34
stats: {freemem,"tsung_controller@Maomao-no1-2"} 1 245.109375 0.0 397.484375 64.15625 139.37086397058823 34
stats: session 291 8271.674432989688 12730.218698979434 244702.69 386.67 22159.405316666667 2700
stats: users_count 316 3282
stats: finish_users_count 291 2991
stats: request 1715 895.7175008746368 5317.3116262618505 82111.882 41.017 3150.57687480153 17005
stats: connect 300 68.80906000000002 61.25604293517824 35123.967 38.206 1024.7316141652611 2965
stats: page 563 2387.4420870337476 9668.856792093819 165804.189 85.328 9499.752278667864 5555
stats: 504 6 371
stats: 200 9 237
stats: size_rcv 534271 23492384
stats: newphase 0 5
stats: 502 1670 17507
stats: size_sent 317678 3601152
stats: connected 25 291
stats: 201 0 10
stats: 500 28 556
stats: 404 2 39
# stats: dump at 1669962759
stats: users 291 541
stats: {load,"tsung_controller@Maomao-no1-2"} 1 5.69140625 0.0 8.59765625 2.8515625 5.642410714285714 35
stats: {cpu,"tsung_controller@Maomao-no1-2"} 1 32.010766623467255 0.0 34.30482084040323 11.228335440282356 28.634473131421323 35
stats: {freemem,"tsung_controller@Maomao-no1-2"} 1 233.796875 0.0 397.484375 64.15625 142.3919642857143 35
stats: session 289 9596.20037716262 15664.486186465077 244702.69 386.67 20808.241930792377 2991
stats: users_count 289 3571
stats: finish_users_count 289 3280
stats: request 1698 1395.4565936395798 6332.276429092849 82111.882 41.017 2944.001884081197 18720
stats: page 573 3869.5442321116916 11857.3970708057 165804.189 85.328 8845.252337855507 6118
stats: 504 4 375
stats: connect 292 77.53089383561642 86.67070885497394 35123.967 38.206 936.8979950995403 3265
stats: 200 23 260
stats: size_rcv 526264 24018648
stats: newphase 0 5
stats: 502 1620 19127
stats: size_sent 322842 3923994
stats: connected -1 290
stats: 201 4 14
stats: 500 46 602
stats: 404 1 40
# stats: dump at 1669962769
stats: users 395 541
stats: {load,"tsung_controller@Maomao-no1-2"} 1 7.6875 0.0 8.59765625 2.8515625 5.643771701388889 36
stats: {cpu,"tsung_controller@Maomao-no1-2"} 1 32.840443600759315 0.0 34.30482084040323 11.228335440282356 28.728259061755935 36
stats: {freemem,"tsung_controller@Maomao-no1-2"} 1 161.453125 0.0 397.484375 64.15625 144.93098958333334 36
stats: session 383 10186.772686684075 14562.104435106477 244702.69 386.67 19820.35168414634 3280
stats: users_count 487 4058
stats: finish_users_count 383 3663
stats: request 2614 1048.0478814077987 4709.234824045441 82111.882 41.017 2815.2218907826436 20418
stats: connect 476 96.6944831932774 113.73076059598525 35123.967 38.206 866.3511315715489 3557
stats: page 823 3374.291586877274 9562.87355081541 165804.189 85.328 8419.145516066355 6691
stats: 504 1 376
stats: 200 33 293
stats: size_rcv 2411546 26430194
stats: newphase 1 6
stats: 502 2502 21629
stats: size_sent 485147 4409141
stats: connected 103 393
stats: 201 2 16
stats: 500 67 669
stats: 404 9 49
# stats: dump at 1669962779
stats: users 400 541
stats: {load,"tsung_controller@Maomao-no1-2"} 1 7.02734375 0.0 8.59765625 2.8515625 5.699007601351352 37
stats: {cpu,"tsung_controller@Maomao-no1-2"} 1 34.367517956903434 0.0 34.367517956903434 11.228335440282356 28.8393991844317 37
stats: {freemem,"tsung_controller@Maomao-no1-2"} 1 872.625 0.0 872.625 64.15625 145.37753378378378 37
stats: session 570 8111.937724561408 12667.351023551706 244702.69 374.935 18813.073290472286 3663
stats: users_count 575 4633
stats: finish_users_count 570 4233
stats: request 3493 640.9801534497564 2898.6148008950718 82111.882 41.017 2614.657768669677 23032
stats: connect 569 62.98863971880488 44.50866922481164 35123.967 38.206 775.5114180510784 4033
stats: page 1171 2654.96754312553 8327.839564725617 165804.189 85.328 7866.588318339098 7514
stats: 504 0 376
stats: 200 35 328
stats: size_rcv 1088004 27518198
stats: newphase 0 6
stats: 502 3360 24989
stats: size_sent 674968 5084109
stats: connected -4 389
stats: 201 9 25
stats: 500 81 750
stats: 404 8 57
# stats: dump at 1669962789
stats: users 418 541
stats: {load,"tsung_controller@Maomao-no1-2"} 1 7.05859375 0.0 8.59765625 2.8515625 5.733963815789474 38
stats: {cpu,"tsung_controller@Maomao-no1-2"} 1 33.543165467625904 0.0 34.367517956903434 11.228335440282356 28.984875994233587 38
stats: {freemem,"tsung_controller@Maomao-no1-2"} 1 797.015625 0.0 872.625 64.15625 164.515625 38
stats: session 564 5741.2443457446825 7996.037180953622 244702.69 374.935 17372.09826742263 4233
stats: users_count 582 5215
stats: finish_users_count 564 4797
stats: connect 596 63.54676174496646 44.190682695650494 35123.967 37.812 687.413751629726 4602
stats: 504 1 377
stats: request 3514 325.1017899829255 2035.0709870427058 82111.882 38.291 2354.749911555137 26525
stats: page 1171 1008.8633911187003 3687.36812857992 165804.189 85.328 7163.904619113411 8685
stats: 200 5 333
stats: size_rcv 1099475 28617673
stats: newphase 0 6
stats: 502 3466 28455
stats: size_sent 639070 5723179
stats: connected 17 406
stats: 201 0 25
stats: 500 42 792
stats: 404 0 57
# stats: dump at 1669962799
stats: users 382 557
stats: {load,"tsung_controller@Maomao-no1-2"} 1 7.109375 0.0 8.59765625 2.8515625 5.767928685897437 39
stats: {cpu,"tsung_controller@Maomao-no1-2"} 1 30.844479936114993 0.0 34.367517956903434 11.228335440282356 29.101755211500056 39
stats: {freemem,"tsung_controller@Maomao-no1-2"} 1 706.875 0.0 872.625 64.15625 180.73357371794873 39
stats: session 610 7916.299567213116 11781.19465382776 244702.69 374.935 16004.61825661872 4797
stats: users_count 574 5789
stats: finish_users_count 610 5407
stats: request 3490 912.481271346705 4363.175033093955 82111.882 38.291 2117.3191216085756 30039
stats: connect 574 80.92418989547048 88.34338487057636 35123.967 37.812 615.8814842247017 5198
stats: page 1176 2701.276390306126 8151.802520834681 165804.189 85.328 6432.618775162335 9856
stats: 504 3 380
stats: 200 24 357
stats: size_rcv 1090236 29707909
stats: newphase 0 6
stats: 502 3429 31884
stats: size_sent 635387 6358566
stats: connected -30 376
stats: 201 2 27
stats: 500 26 818
stats: 404 6 63
# stats: dump at 1669962809
stats: users 410 557
stats: {load,"tsung_controller@Maomao-no1-2"} 1 6.09765625 0.0 8.59765625 2.8515625 5.801464843750002 40
stats: {cpu,"tsung_controller@Maomao-no1-2"} 1 29.858198522069102 0.0 34.367517956903434 11.228335440282356 29.14532332961543 40
stats: {freemem,"tsung_controller@Maomao-no1-2"} 1 674.34375 0.0 872.625 64.15625 193.887109375 40
stats: session 568 7626.323496478882 11119.668508614244 244702.69 374.935 15092.120679304604 5407
stats: users_count 596 6385
stats: finish_users_count 568 5975
stats: request 3525 721.592862978726 3921.308869556129 82111.882 38.291 1991.9087575233382 33529
stats: connect 591 95.06200507614209 121.88219548651962 35123.967 37.106 562.6823354123353 5772
stats: page 1152 2132.021087673608 6616.747045325203 165804.189 84.928 6034.8614651015205 11032
stats: 504 2 382
stats: 200 19 376
stats: size_rcv 1101772 30809681
stats: newphase 0 6
stats: 502 3431 35315
stats: size_sent 654720 7013286
stats: connected 23 399
stats: 201 2 29
stats: 500 66 884
stats: 404 5 68
# stats: dump at 1669962819
stats: users 426 557
stats: {load,"tsung_controller@Maomao-no1-2"} 1 5.61328125 0.0 8.59765625 2.8515625 5.808689024390246 41
stats: {cpu,"tsung_controller@Maomao-no1-2"} 1 29.618534052326744 0.0 34.367517956903434 11.228335440282356 29.162710529431372 41
stats: {freemem,"tsung_controller@Maomao-no1-2"} 1 174.203125 0.0 872.625 64.15625 205.60556402439025 41
stats: session 559 6138.4966583184205 7692.607571809628 244702.69 333.319 14382.401382259415 5975
stats: users_count 575 6960
stats: finish_users_count 559 6534
stats: request 3438 400.7778984874928 2256.5071040955345 82111.882 38.291 1871.061790171102 37054
stats: connect 582 72.10607216494851 27.047228331013525 35123.967 37.106 519.2494240138299 6363
stats: page 1137 1224.7588100263818 4043.947267113658 165804.189 84.928 5665.8470105055785 12184
stats: 504 0 382
stats: 200 10 386
stats: size_rcv 1073782 31883463
stats: newphase 0 6
stats: 502 3379 38694
stats: size_sent 617444 7630730
stats: connected 21 420
stats: 201 1 30
stats: 500 48 932
stats: 404 1 69
# stats: dump at 1669962829
stats: users 206 557
stats: {load,"tsung_controller@Maomao-no1-2"} 1 5.33984375 0.0 8.59765625 2.8515625 5.804036458333335 42
stats: {cpu,"tsung_controller@Maomao-no1-2"} 1 31.762356465302048 0.0 34.367517956903434 11.228335440282356 29.173563470452695 42
stats: {freemem,"tsung_controller@Maomao-no1-2"} 1 139.140625 0.0 872.625 64.15625 204.8578869047619 42
stats: session 392 6687.214923469389 8868.215420161127 244702.69 333.319 13677.114767523723 6534
stats: users_count 172 7132
stats: finish_users_count 392 6926
stats: request 1655 734.8736217522658 3941.763572384163 82111.882 38.291 1746.2263654055128 40492
stats: connect 187 107.85871657754018 120.63275179562964 35123.967 37.106 481.7782316774658 6945
stats: page 632 1981.993545886078 6649.922246199586 165804.189 84.928 5286.782579611137 13321
stats: 504 0 382
stats: 200 6 392
stats: size_rcv 517667 32401130
stats: newphase 0 6
stats: 502 1642 40336
stats: size_sent 304395 7935125
stats: connected -214 206
stats: 201 0 30
stats: 500 6 938
stats: 404 0 69
# stats: dump at 1669962839
stats: users 179 557
stats: {load,"tsung_controller@Maomao-no1-2"} 1 4.67578125 0.0 8.59765625 2.8515625 5.793241279069769 43
stats: {cpu,"tsung_controller@Maomao-no1-2"} 1 30.992518703241895 0.0 34.367517956903434 11.228335440282356 29.233767958705002 43
stats: {freemem,"tsung_controller@Maomao-no1-2"} 1 151.65625 0.0 872.625 64.15625 203.3295784883721 43
stats: session 27 25036.768074074076 9769.338177924452 244702.69 333.319 13281.498143372799 6926
stats: users_count 0 7132
stats: finish_users_count 27 6953
stats: request 127 24539.017488188965 13724.31804107853 82111.882 38.291 1706.5132472536602 42147
stats: page 42 23106.678785714288 15698.126579088608 165804.189 84.928 5137.092429155017 13953
stats: connect 0 0 0 35123.967 37.106 471.974116517106 7132
stats: 504 4 386
stats: 200 32 424
stats: size_rcv 1639401 34040531
stats: newphase 0 6
stats: 502 22 40358
stats: size_sent 28652 7963777
stats: connected -27 179
stats: 201 9 39
stats: 500 55 993
stats: 404 5 74
# stats: dump at 1669962849
stats: users 163 557
stats: {load,"tsung_controller@Maomao-no1-2"} 1 4.8046875 0.0 8.59765625 2.8515625 5.767844460227274 44
stats: {cpu,"tsung_controller@Maomao-no1-2"} 1 31.29557486764559 0.0 34.367517956903434 11.228335440282356 29.273739566535383 44
stats: {freemem,"tsung_controller@Maomao-no1-2"} 1 145.890625 0.0 872.625 64.15625 202.1551846590909 44
stats: session 16 45483.079750000004 8931.9631364272 244702.69 333.319 13327.146394218324 6953
stats: users_count 0 7132
stats: finish_users_count 16 6969
stats: connect 0 0 0 35123.967 37.106 471.974116517106 7132
stats: request 92 20683.588467391295 7519.087232306847 82111.882 38.291 1775.1068991105649 42274
stats: page 21 40056.681809523805 7829.636563216205 165804.189 84.928 5191.020448231508 13995
stats: 504 0 386
stats: 200 18 442
stats: size_rcv 1625611 35666142
stats: newphase 0 6
stats: 502 0 40358
stats: size_sent 17679 7981456
stats: connected -16 163
stats: 201 0 39
stats: 500 74 1067
stats: 404 1 75
# stats: dump at 1669962859
stats: users 104 557
stats: {load,"tsung_controller@Maomao-no1-2"} 1 4.6015625 0.0 8.59765625 2.8515625 5.746440972222223 45
stats: {cpu,"tsung_controller@Maomao-no1-2"} 1 30.156358928393583 0.0 34.367517956903434 11.228335440282356 29.31866923989339 45
stats: {freemem,"tsung_controller@Maomao-no1-2"} 1 155.453125 0.0 872.625 64.15625 200.9048611111111 45
stats: session 59 46350.55998305085 10593.894680999503 244702.69 333.319 13400.97261515282 6969
stats: users_count 0 7132
stats: finish_users_count 59 7028
stats: connect 0 0 0 35123.967 37.106 471.974116517106 7132
stats: request 66 22121.12766666668 8298.251125585653 82111.882 38.291 1816.1676625596 42366
stats: page 24 49673.57008333332 4186.404171084684 165804.189 84.928 5243.259238798513 14016
stats: 504 0 386
stats: 200 8 450
stats: size_rcv 1622716 37288858
stats: newphase 0 6
stats: 502 31 40389
stats: size_sent 15543 7996999
stats: connected -11 152
stats: 201 0 39
stats: 500 25 1092
stats: 404 1 76
# stats: dump at 1669962869
stats: users 11 557
stats: {load,"tsung_controller@Maomao-no1-2"} 1 4.375 0.0 8.59765625 2.8515625 5.72155230978261 46
stats: {cpu,"tsung_controller@Maomao-no1-2"} 1 29.5436428856118 0.0 34.367517956903434 11.228335440282356 29.336879885295566 46
stats: {freemem,"tsung_controller@Maomao-no1-2"} 1 171.84375 0.0 872.625 64.15625 199.91677989130434 46
stats: session 93 59460.75095698926 11439.661701518125 244702.69 333.319 13677.58411980649 7028
stats: users_count 0 7132
stats: finish_users_count 93 7121
stats: request 332 7308.566560240967 12126.978550930162 82111.882 38.291 1847.750603742459 42432
stats: connect 0 0 0 35123.967 37.106 471.974116517106 7132
stats: 504 1 387
stats: page 210 29024.90806190473 24783.628735627866 165804.189 84.928 5319.208488105411 14040
stats: 200 172 622
stats: size_rcv 312522 37601380
stats: newphase 0 6
stats: 502 0 40389
stats: size_sent 125647 8122646
stats: connected -140 12
stats: 201 69 108
stats: 500 5 1097
stats: 404 86 162
# stats: dump at 1669962879
stats: users 3 557
stats: {load,"tsung_controller@Maomao-no1-2"} 1 4.53515625 0.0 8.59765625 2.8515625 5.6929022606382995 47
stats: {cpu,"tsung_controller@Maomao-no1-2"} 1 32.24229118850414 0.0 34.367517956903434 11.228335440282356 29.34127909806825 47
stats: {freemem,"tsung_controller@Maomao-no1-2"} 1 161.53125 0.0 872.625 64.15625 199.31948138297872 47
stats: session 8 63641.1395 2011.6617122319549 244702.69 333.319 14275.510607077658 7121
stats: users_count 0 7132
stats: finish_users_count 8 7129
stats: connect 0 0 0 35123.967 37.106 471.974116517106 7132
stats: page 11 12146.414545454549 24719.72305339785 165804.189 84.928 5668.555639719295 14250
stats: request 23 3303.7023913043477 9912.65612920785 82111.882 38.291 1890.1458637171456 42764
stats: 504 0 387
stats: 200 13 635
stats: size_rcv 3273756 40875136
stats: newphase 0 6
stats: 502 0 40389
stats: size_sent 14458 8137104
stats: connected -9 3
stats: 201 2 110
stats: 500 0 1097
stats: 404 8 170
# stats: dump at 1669962889
stats: users 1 557
stats: {load,"tsung_controller@Maomao-no1-2"} 1 4.734375 0.0 8.59765625 2.8515625 5.668782552083335 48
stats: {cpu,"tsung_controller@Maomao-no1-2"} 1 29.996007187063285 0.0 34.367517956903434 11.228335440282356 29.401716849952333 48
stats: {freemem,"tsung_controller@Maomao-no1-2"} 1 115.609375 0.0 872.625 64.15625 198.5322265625 48
stats: session 2 78105.40849999999 6740.875500000006 244702.69 333.319 14330.907581568243 7129
stats: users_count 0 7132
stats: finish_users_count 2 7131
stats: request 4 74.979 7.995710693865804 82111.882 38.291 1890.9057160118732 42787
stats: page 2 150.063 6.917000000000002 165804.189 84.928 5673.55223518687 14261
stats: connect 0 0 0 35123.967 37.106 471.974116517106 7132
stats: 504 0 387
stats: 200 2 637
stats: size_rcv 560 40875696
stats: newphase 0 6
stats: 502 0 40389
stats: size_sent 2905 8140009
stats: connected -2 1
stats: 201 0 110
stats: 500 0 1097
stats: 404 2 172
# stats: dump at 1669962899
stats: users 1 557
stats: {load,"tsung_controller@Maomao-no1-2"} 1 4.16796875 0.0 8.59765625 2.8515625 5.649713010204083 49
stats: {cpu,"tsung_controller@Maomao-no1-2"} 1 31.618895435933286 0.0 34.367517956903434 11.228335440282356 29.413845224179084 49
stats: {freemem,"tsung_controller@Maomao-no1-2"} 1 173.765625 0.0 872.625 64.15625 196.83992346938774 49
stats: session 0 0 0 244702.69 333.319 14348.794133501613 7131
stats: users_count 0 7132
stats: finish_users_count 0 7131
stats: request 0 0 0 82111.882 38.291 1890.7359675399036 42791
stats: connect 0 0 0 35123.967 37.106 471.974116517106 7132
stats: page 0 0 0 165804.189 84.928 5672.777715207177 14263
stats: 504 0 387
stats: 200 0 637
stats: size_rcv 0 40875696
stats: newphase 0 6
stats: 502 0 40389
stats: size_sent 0 8140009
stats: connected 0 1
stats: 201 0 110
stats: 500 0 1097
stats: 404 0 172
# stats: dump at 1669962909
stats: users 1 557
stats: {load,"tsung_controller@Maomao-no1-2"} 1 6.359375 0.0 8.59765625 2.8515625 5.620078125000001 50
stats: {cpu,"tsung_controller@Maomao-no1-2"} 1 30.405742199182534 0.0 34.367517956903434 11.228335440282356 29.457946228414173 50
stats: {freemem,"tsung_controller@Maomao-no1-2"} 1 166.5625 0.0 872.625 64.15625 196.3784375 50
stats: session 0 0 0 244702.69 333.319 14348.794133501613 7131
stats: users_count 0 7132
stats: finish_users_count 0 7131
stats: request 0 0 0 82111.882 38.291 1890.7359675399036 42791
stats: page 0 0 0 165804.189 84.928 5672.777715207177 14263
stats: 504 0 387
stats: connect 0 0 0 35123.967 37.106 471.974116517106 7132
stats: 200 0 637
stats: size_rcv 0 40875696
stats: newphase 0 6
stats: 502 0 40389
stats: size_sent 0 8140009
stats: connected 0 1
stats: 201 0 110
stats: 500 0 1097
stats: 404 0 172
# stats: dump at 1669962919
stats: users 1 557
stats: {load,"tsung_controller@Maomao-no1-2"} 1 6.17578125 0.0 8.59765625 2.8515625 5.634574142156864 51
stats: {cpu,"tsung_controller@Maomao-no1-2"} 1 31.05894105894106 0.0 34.367517956903434 11.228335440282356 29.476530463135116 51
stats: {freemem,"tsung_controller@Maomao-no1-2"} 1 107.34375 0.0 872.625 64.15625 195.7938112745098 51
stats: session 0 0 0 244702.69 333.319 14348.794133501613 7131
stats: users_count 0 7132
stats: finish_users_count 0 7131
stats: request 0 0 0 82111.882 38.291 1890.7359675399036 42791
stats: connect 0 0 0 35123.967 37.106 471.974116517106 7132
stats: page 0 0 0 165804.189 84.928 5672.777715207177 14263
stats: 504 0 387
stats: 200 0 637
stats: size_rcv 0 40875696
stats: newphase 0 6
stats: 502 0 40389
stats: size_sent 0 8140009
stats: connected 0 1
stats: 201 0 110
stats: 500 0 1097
stats: 404 0 172
# stats: dump at 1669962927
stats: users 0 557
stats: {load,"tsung_controller@Maomao-no1-2"} 1 5.62109375 0.0 8.59765625 2.8515625 5.644981971153848 52
stats: {cpu,"tsung_controller@Maomao-no1-2"} 1 32.04949111953702 0.0 34.367517956903434 11.228335440282356 29.506961436131387 52
stats: {freemem,"tsung_controller@Maomao-no1-2"} 1 146.0 0.0 872.625 64.15625 194.09284855769232 52
stats: session 1 120437.652 0.0 244702.69 333.319 14348.794133501613 7131
stats: users_count 0 7132
stats: finish_users_count 1 7132
stats: page 1 60188.061 0.0 165804.189 84.928 5672.777715207177 14263
stats: request 1 60126.661 0.0 82111.882 38.291 1890.7359675399036 42791
stats: connect 0 0 0 35123.967 37.106 471.974116517106 7132
stats: 504 0 387
stats: 200 0 637
stats: size_rcv 0 40875696
stats: newphase 0 6
stats: 502 0 40389
stats: size_sent 0 8140009
stats: connected -1 0
stats: 201 0 110
stats: 500 0 1097
stats: 404 0 172
EndMonitor:{1669,962927,740093}
